[ 2015-08-17T17:33:39+08:00 ] 127.0.0.1 /jonza/index.php/Wap/Guide/apply
INFO: [ app_begin ] --START--
INFO: Run Behavior\ReadHtmlCacheBehavior [ RunTime:0.038002s ]
INFO: [ app_begin ] --END-- [ RunTime:0.072004s ]
NOTIC: [8192] mysql_connect(): The mysql extension is deprecated and will be removed in the future: use mysqli or PDO instead E:\cucisvn\01-code\jonza\Library\Think\Library\Think\Session\Driver\Db.class.php 第 95 行.
SQL: SHOW COLUMNS FROM `wx_site_config` [ RunTime:0.0260s ]
SQL: SELECT * FROM `wx_site_config` WHERE `id` = 1 LIMIT 1   [ RunTime:0.0020s ]
NOTIC: [8] Undefined index: HTTP_REFERER E:\cucisvn\01-code\jonza\Library\Util\Baidu.class.php 第 72 行.
SQL: SHOW COLUMNS FROM `wx_wechat_member` [ RunTime:0.0100s ]
SQL: SELECT * FROM `wx_wechat_member` WHERE `openid` = 'oAeaZjkJR9yIIawfwsyES-u4G0rM' AND `status` = 2 LIMIT 1   [ RunTime:0.0010s ]
SQL: SHOW COLUMNS FROM `wx_wechat_config` [ RunTime:0.0360s ]
SQL: SELECT * FROM `wx_wechat_config` WHERE `id` = '1' AND `status` = 2 LIMIT 1   [ RunTime:0.0010s ]
NOTIC: [8] Undefined property: Library\Util\Api\Wechat::$access_token E:\cucisvn\01-code\jonza\Library\Util\Api\Wechat.class.php 第 1899 行.
SQL: SELECT `data`,`datacrc` FROM `think_cache` WHERE `cachekey`='wechat_access_token_wx4fc10458037c13c9' AND (`expire` =0 OR `expire`>1439804018) LIMIT 0,1 [ RunTime:0.0010s ]
SQL: SHOW COLUMNS FROM `wx_wechat_member` [ RunTime:0.0080s ]
SQL: SELECT COUNT(*) AS tp_count FROM `wx_wechat_member` WHERE `openid` = 'oAeaZjkJR9yIIawfwsyES-u4G0rM' LIMIT 1   [ RunTime:0.0010s ]
SQL: UPDATE `wx_wechat_member` SET `openid`='oAeaZjkJR9yIIawfwsyES-u4G0rM',`nickname`='小男哥',`sex`='男',`language`='zh_CN',`city`='广州',`province`='广东',`country`='中国',`headimgurl`='http://wx.qlogo.cn/mmopen/bxicQ8HMEhxFYHBuDhtIJtEseUa0U27oTMP0e1aMzEH3DQeG3odn3swrDsL0kuJypOiaLPUzLBia3uI8VIYrAibhtxn6VMoJNd3P/0',`remark`='',`group_id`='0',`update_date`='2015-08-17 17:33:38',`create_date`='2015-08-14 10:34:32',`status`='2' WHERE `openid` = 'oAeaZjkJR9yIIawfwsyES-u4G0rM' [ RunTime:0.1120s ]
SQL: SELECT COUNT(*) AS tp_count FROM `wx_wechat_member` WHERE `openid` = 'oAeaZjkJR9yIIawfwsyES-u4G0rM' LIMIT 1   [ RunTime:0.0010s ]
SQL: UPDATE `wx_wechat_member` SET `openid`='oAeaZjkJR9yIIawfwsyES-u4G0rM',`nickname`='小男哥',`sex`='男',`language`='zh_CN',`city`='广州',`province`='广东',`country`='中国',`headimgurl`='http://wx.qlogo.cn/mmopen/bxicQ8HMEhxFYHBuDhtIJtEseUa0U27oTMP0e1aMzEH3DQeG3odn3swrDsL0kuJypOiaLPUzLBia3uI8VIYrAibhtxn6VMoJNd3P/0',`remark`='',`group_id`='0',`update_date`='2015-08-17 17:33:39',`create_date`='2015-08-14 10:34:32',`status`='2' WHERE `openid` = 'oAeaZjkJR9yIIawfwsyES-u4G0rM' [ RunTime:0.0860s ]
SQL: SHOW COLUMNS FROM `wx_member` [ RunTime:0.0070s ]
SQL: SELECT * FROM `wx_member` WHERE `openid` = 'oAeaZjkJR9yIIawfwsyES-u4G0rM' AND `status` = 2 LIMIT 1   [ RunTime:0.0010s ]
INFO: [ view_parse ] --START--
INFO: [ template_filter ] --START--
INFO: Run Behavior\ContentReplaceBehavior [ RunTime:0.001000s ]
INFO: [ template_filter ] --END-- [ RunTime:0.001000s ]
NOTIC: [8] Undefined variable: name E:\cucisvn\01-code\jonza\Static\Runtime\Cache\Wap\93965fa6e3e037b00a6ad253b8693a80.php 第 22 行.
NOTIC: [8] Undefined variable: phone E:\cucisvn\01-code\jonza\Static\Runtime\Cache\Wap\93965fa6e3e037b00a6ad253b8693a80.php 第 25 行.
NOTIC: [8] Undefined variable: address E:\cucisvn\01-code\jonza\Static\Runtime\Cache\Wap\93965fa6e3e037b00a6ad253b8693a80.php 第 36 行.
NOTIC: [8] Undefined variable: store_name E:\cucisvn\01-code\jonza\Static\Runtime\Cache\Wap\93965fa6e3e037b00a6ad253b8693a80.php 第 40 行.
NOTIC: [8] Undefined variable: store_num E:\cucisvn\01-code\jonza\Static\Runtime\Cache\Wap\93965fa6e3e037b00a6ad253b8693a80.php 第 44 行.
NOTIC: [8] Undefined variable: vo E:\cucisvn\01-code\jonza\Static\Runtime\Cache\Wap\93965fa6e3e037b00a6ad253b8693a80.php 第 60 行.
NOTIC: [8] Undefined variable: vo E:\cucisvn\01-code\jonza\Static\Runtime\Cache\Wap\93965fa6e3e037b00a6ad253b8693a80.php 第 60 行.
NOTIC: [8] Undefined variable: vo E:\cucisvn\01-code\jonza\Static\Runtime\Cache\Wap\93965fa6e3e037b00a6ad253b8693a80.php 第 60 行.
INFO: Run Behavior\ParseTemplateBehavior [ RunTime:0.096006s ]
INFO: [ view_parse ] --END-- [ RunTime:0.097006s ]
INFO: [ view_filter ] --START--
INFO: Run Behavior\WriteHtmlCacheBehavior [ RunTime:0.030002s ]
INFO: Run Library\Behavior\EmptyImageBehavior [ RunTime:0.034002s ]
INFO: [ view_filter ] --END-- [ RunTime:0.065004s ]
INFO: [ app_end ] --START--
INFO: Run Behavior\ShowPageTraceBehavior [ RunTime:0.011000s ]
INFO: [ app_end ] --END-- [ RunTime:0.011000s ]

[ 2015-08-17T17:33:49+08:00 ] 127.0.0.1 /jonza/index.php/Wap/Guide/apply
INFO: [ app_begin ] --START--
INFO: Run Behavior\ReadHtmlCacheBehavior [ RunTime:0.000000s ]
INFO: [ app_begin ] --END-- [ RunTime:0.000000s ]
NOTIC: [8192] mysql_connect(): The mysql extension is deprecated and will be removed in the future: use mysqli or PDO instead E:\cucisvn\01-code\jonza\Library\Think\Library\Think\Session\Driver\Db.class.php 第 95 行.
SQL: SHOW COLUMNS FROM `wx_site_config` [ RunTime:0.0070s ]
SQL: SELECT * FROM `wx_site_config` WHERE `id` = 1 LIMIT 1   [ RunTime:0.0010s ]
NOTIC: [8] Undefined index: HTTP_REFERER E:\cucisvn\01-code\jonza\Library\Util\Baidu.class.php 第 72 行.
SQL: SHOW COLUMNS FROM `wx_wechat_member` [ RunTime:0.0070s ]
SQL: SELECT * FROM `wx_wechat_member` WHERE `openid` = 'oAeaZjkJR9yIIawfwsyES-u4G0rM' AND `status` = 2 LIMIT 1   [ RunTime:0.0010s ]
SQL: SHOW COLUMNS FROM `wx_wechat_config` [ RunTime:0.0070s ]
SQL: SELECT * FROM `wx_wechat_config` WHERE `id` = '1' AND `status` = 2 LIMIT 1   [ RunTime:0.0010s ]
NOTIC: [8] Undefined property: Library\Util\Api\Wechat::$access_token E:\cucisvn\01-code\jonza\Library\Util\Api\Wechat.class.php 第 1899 行.
SQL: SELECT `data`,`datacrc` FROM `think_cache` WHERE `cachekey`='wechat_access_token_wx4fc10458037c13c9' AND (`expire` =0 OR `expire`>1439804028) LIMIT 0,1 [ RunTime:0.0010s ]
SQL: SHOW COLUMNS FROM `wx_wechat_member` [ RunTime:0.0080s ]
SQL: SELECT COUNT(*) AS tp_count FROM `wx_wechat_member` WHERE `openid` = 'oAeaZjkJR9yIIawfwsyES-u4G0rM' LIMIT 1   [ RunTime:0.0010s ]
SQL: UPDATE `wx_wechat_member` SET `openid`='oAeaZjkJR9yIIawfwsyES-u4G0rM',`nickname`='小男哥',`sex`='男',`language`='zh_CN',`city`='广州',`province`='广东',`country`='中国',`headimgurl`='http://wx.qlogo.cn/mmopen/bxicQ8HMEhxFYHBuDhtIJtEseUa0U27oTMP0e1aMzEH3DQeG3odn3swrDsL0kuJypOiaLPUzLBia3uI8VIYrAibhtxn6VMoJNd3P/0',`remark`='',`group_id`='0',`update_date`='2015-08-17 17:33:48',`create_date`='2015-08-14 10:34:32',`status`='2' WHERE `openid` = 'oAeaZjkJR9yIIawfwsyES-u4G0rM' [ RunTime:0.0650s ]
SQL: SELECT COUNT(*) AS tp_count FROM `wx_wechat_member` WHERE `openid` = 'oAeaZjkJR9yIIawfwsyES-u4G0rM' LIMIT 1   [ RunTime:0.0010s ]
SQL: UPDATE `wx_wechat_member` SET `openid`='oAeaZjkJR9yIIawfwsyES-u4G0rM',`nickname`='小男哥',`sex`='男',`language`='zh_CN',`city`='广州',`province`='广东',`country`='中国',`headimgurl`='http://wx.qlogo.cn/mmopen/bxicQ8HMEhxFYHBuDhtIJtEseUa0U27oTMP0e1aMzEH3DQeG3odn3swrDsL0kuJypOiaLPUzLBia3uI8VIYrAibhtxn6VMoJNd3P/0',`remark`='',`group_id`='0',`update_date`='2015-08-17 17:33:49',`create_date`='2015-08-14 10:34:32',`status`='2' WHERE `openid` = 'oAeaZjkJR9yIIawfwsyES-u4G0rM' [ RunTime:0.0510s ]
SQL: SHOW COLUMNS FROM `wx_member` [ RunTime:0.0070s ]
SQL: SELECT * FROM `wx_member` WHERE `openid` = 'oAeaZjkJR9yIIawfwsyES-u4G0rM' AND `status` = 2 LIMIT 1   [ RunTime:0.0010s ]
INFO: [ view_parse ] --START--
INFO: [ template_filter ] --START--
INFO: Run Behavior\ContentReplaceBehavior [ RunTime:0.000000s ]
INFO: [ template_filter ] --END-- [ RunTime:0.001000s ]
NOTIC: [8] Undefined variable: name E:\cucisvn\01-code\jonza\Static\Runtime\Cache\Wap\93965fa6e3e037b00a6ad253b8693a80.php 第 22 行.
NOTIC: [8] Undefined variable: phone E:\cucisvn\01-code\jonza\Static\Runtime\Cache\Wap\93965fa6e3e037b00a6ad253b8693a80.php 第 25 行.
NOTIC: [8] Undefined variable: address E:\cucisvn\01-code\jonza\Static\Runtime\Cache\Wap\93965fa6e3e037b00a6ad253b8693a80.php 第 36 行.
NOTIC: [8] Undefined variable: store_name E:\cucisvn\01-code\jonza\Static\Runtime\Cache\Wap\93965fa6e3e037b00a6ad253b8693a80.php 第 40 行.
NOTIC: [8] Undefined variable: store_num E:\cucisvn\01-code\jonza\Static\Runtime\Cache\Wap\93965fa6e3e037b00a6ad253b8693a80.php 第 44 行.
NOTIC: [8] Undefined variable: vo E:\cucisvn\01-code\jonza\Static\Runtime\Cache\Wap\93965fa6e3e037b00a6ad253b8693a80.php 第 60 行.
NOTIC: [8] Undefined variable: vo E:\cucisvn\01-code\jonza\Static\Runtime\Cache\Wap\93965fa6e3e037b00a6ad253b8693a80.php 第 60 行.
NOTIC: [8] Undefined variable: vo E:\cucisvn\01-code\jonza\Static\Runtime\Cache\Wap\93965fa6e3e037b00a6ad253b8693a80.php 第 60 行.
INFO: Run Behavior\ParseTemplateBehavior [ RunTime:0.024002s ]
INFO: [ view_parse ] --END-- [ RunTime:0.026002s ]
INFO: [ view_filter ] --START--
INFO: Run Behavior\WriteHtmlCacheBehavior [ RunTime:0.002000s ]
INFO: Run Library\Behavior\EmptyImageBehavior [ RunTime:0.002000s ]
INFO: [ view_filter ] --END-- [ RunTime:0.005000s ]
INFO: [ app_end ] --START--
INFO: Run Behavior\ShowPageTraceBehavior [ RunTime:0.001000s ]
INFO: [ app_end ] --END-- [ RunTime:0.001000s ]

[ 2015-08-17T18:05:22+08:00 ] 127.0.0.1 /jonza/index.php/Wap/Promotion/share
INFO: [ app_begin ] --START--
INFO: Run Behavior\ReadHtmlCacheBehavior [ RunTime:0.002000s ]
INFO: [ app_begin ] --END-- [ RunTime:0.004000s ]
NOTIC: [8192] mysql_connect(): The mysql extension is deprecated and will be removed in the future: use mysqli or PDO instead E:\cucisvn\01-code\jonza\Library\Think\Library\Think\Session\Driver\Db.class.php 第 95 行.
SQL: SHOW COLUMNS FROM `wx_wechat_config` [ RunTime:0.0090s ]
SQL: SELECT * FROM `wx_wechat_config` WHERE `id` = '1' AND `status` = 2 LIMIT 1   [ RunTime:0.0010s ]

[ 2015-08-17T18:05:52+08:00 ] 127.0.0.1 /jonza/index.php/Wap/Promotion/share
INFO: [ app_begin ] --START--
INFO: Run Behavior\ReadHtmlCacheBehavior [ RunTime:0.002000s ]
INFO: [ app_begin ] --END-- [ RunTime:0.002000s ]
NOTIC: [8192] mysql_connect(): The mysql extension is deprecated and will be removed in the future: use mysqli or PDO instead E:\cucisvn\01-code\jonza\Library\Think\Library\Think\Session\Driver\Db.class.php 第 95 行.
SQL: SHOW COLUMNS FROM `wx_jifen_set` [ RunTime:0.0070s ]
SQL: SELECT * FROM `wx_jifen_set` WHERE `type` = '分享积分' LIMIT 1   [ RunTime:0.0010s ]

