[ 2015-05-20T10:30:14+08:00 ] 127.0.0.1 /jonza/index.php/Wap/Member/extension.shtml
INFO: [ app_begin ] --START--
INFO: Run Behavior\ReadHtmlCacheBehavior [ RunTime:0.001000s ]
INFO: [ app_begin ] --END-- [ RunTime:0.002000s ]
NOTIC: [8192] mysql_connect(): The mysql extension is deprecated and will be removed in the future: use mysqli or PDO instead E:\cucisvn\01-code\jonza\Library\Think\Library\Think\Session\Driver\Db.class.php 第 95 行.

[ 2015-05-20T10:32:31+08:00 ] 127.0.0.1 /jonza/index.php/Wap/Member/exchange/code/5555c17c2ac86/store_id/1001.shtml
INFO: [ app_begin ] --START--
INFO: Run Behavior\ReadHtmlCacheBehavior [ RunTime:0.001000s ]
INFO: [ app_begin ] --END-- [ RunTime:0.003000s ]
NOTIC: [8192] mysql_connect(): The mysql extension is deprecated and will be removed in the future: use mysqli or PDO instead E:\cucisvn\01-code\jonza\Library\Think\Library\Think\Session\Driver\Db.class.php 第 95 行.

[ 2015-05-20T10:33:02+08:00 ] 127.0.0.1 /jonza/index.php/Wap/Member/exchange/code/5555c17c2ac86/store_id/1001.shtml
INFO: [ app_begin ] --START--
INFO: Run Behavior\ReadHtmlCacheBehavior [ RunTime:0.001000s ]
INFO: [ app_begin ] --END-- [ RunTime:0.002000s ]
NOTIC: [8192] mysql_connect(): The mysql extension is deprecated and will be removed in the future: use mysqli or PDO instead E:\cucisvn\01-code\jonza\Library\Think\Library\Think\Session\Driver\Db.class.php 第 95 行.

[ 2015-05-20T10:37:03+08:00 ] 127.0.0.1 /jonza/index.php/Wap/Member/exchange/code/5555c17c2ac86/store_id/1001.shtml
INFO: [ app_begin ] --START--
INFO: Run Behavior\ReadHtmlCacheBehavior [ RunTime:0.002000s ]
INFO: [ app_begin ] --END-- [ RunTime:0.003000s ]
NOTIC: [8192] mysql_connect(): The mysql extension is deprecated and will be removed in the future: use mysqli or PDO instead E:\cucisvn\01-code\jonza\Library\Think\Library\Think\Session\Driver\Db.class.php 第 95 行.

[ 2015-05-20T10:37:56+08:00 ] 127.0.0.1 /jonza/index.php/Wap/Member/exchange/code/5555c17c2ac86/store_id/1001.shtml
INFO: [ app_begin ] --START--
INFO: Run Behavior\ReadHtmlCacheBehavior [ RunTime:0.001000s ]
INFO: [ app_begin ] --END-- [ RunTime:0.002000s ]
NOTIC: [8192] mysql_connect(): The mysql extension is deprecated and will be removed in the future: use mysqli or PDO instead E:\cucisvn\01-code\jonza\Library\Think\Library\Think\Session\Driver\Db.class.php 第 95 行.
NOTIC: [2048] Declaration of Wap\Controller\MemberController::index() should be compatible with Library\Controller\Controller::index($model = NULL, $map = Array, $tpl = NULL) E:\cucisvn\01-code\jonza\Module\Wap\Controller\MemberController.class.php 第 5 行.
SQL: SHOW COLUMNS FROM `wx_site_config` [ RunTime:0.0070s ]
SQL: SELECT * FROM `wx_site_config` WHERE `id` = 1 LIMIT 1   [ RunTime:0.0010s ]
SQL: SHOW COLUMNS FROM `wx_wechat_config` [ RunTime:0.0070s ]
SQL: SELECT * FROM `wx_wechat_config` WHERE `id` = '1' AND `status` = 2 LIMIT 1   [ RunTime:0.0010s ]
SQL: SHOW COLUMNS FROM `wx_wechat_member` [ RunTime:0.0080s ]
SQL: SELECT * FROM `wx_wechat_member` WHERE `openid` = null AND `status` = 2 LIMIT 1   [ RunTime:0.0110s ]
NOTIC: [8] Undefined property: Library\Util\Api\Wechat::$access_token E:\cucisvn\01-code\jonza\Library\Util\Api\Wechat.class.php 第 1899 行.
SQL: SELECT `data`,`datacrc` FROM `think_cache` WHERE `cachekey`='wechat_access_token_wx4fc10458037c13c9' AND (`expire` =0 OR `expire`>1432089474) LIMIT 0,1 [ RunTime:0.0010s ]
NOTIC: [8] Undefined offset: 0 E:\cucisvn\01-code\jonza\Library\Think\Library\Think\Cache\Driver\Db.class.php 第 55 行.
SQL: select `cachekey` from `think_cache` where `cachekey`='wechat_access_token_wx4fc10458037c13c9' limit 0,1 [ RunTime:0.0010s ]
SQL: UPDATE think_cache SET data='s:107:"D-aDGj9UF5gtLK7uh5a4Ar_bGtSH6uZ15q8u71IFA14jsH7w6K5sezGfp5LKx6AJ0YSSUf7RQV8VLJoK9Nn8Jsyq79BhGVQMLUNdNvQRPAI";' ,datacrc='',expire=1432095475 WHERE `cachekey`='wechat_access_token_wx4fc10458037c13c9' [ RunTime:0.0330s ]
NOTIC: [8] Undefined index: sex E:\cucisvn\01-code\jonza\Module\Wap\Controller\WapController.class.php 第 240 行.
NOTIC: [8] Undefined index: subscribe_time E:\cucisvn\01-code\jonza\Module\Wap\Controller\WapController.class.php 第 242 行.
SQL: SHOW COLUMNS FROM `wx_wechat_member` [ RunTime:0.0070s ]
SQL: SELECT COUNT(*) AS tp_count FROM `wx_wechat_member` WHERE `openid` = null LIMIT 1   [ RunTime:0.0010s ]
SQL: INSERT INTO `wx_wechat_member` (`group_id`,`sex`,`update_date`,`create_date`,`status`) VALUES ('0','保密','2015-05-20 10:37:55','','2') [ RunTime:0.0880s ]
NOTIC: [8] Undefined index: sex E:\cucisvn\01-code\jonza\Module\Wap\Controller\WapController.class.php 第 240 行.
NOTIC: [8] Undefined index: subscribe_time E:\cucisvn\01-code\jonza\Module\Wap\Controller\WapController.class.php 第 242 行.
SQL: SELECT COUNT(*) AS tp_count FROM `wx_wechat_member` WHERE `openid` = null LIMIT 1   [ RunTime:0.0010s ]
SQL: INSERT INTO `wx_wechat_member` (`group_id`,`sex`,`update_date`,`create_date`,`status`) VALUES ('0','保密','2015-05-20 10:37:56','','2') [ RunTime:0.0610s ]
SQL: SHOW COLUMNS FROM `wx_member` [ RunTime:0.0070s ]
SQL: SELECT * FROM `wx_member` WHERE `openid` = null AND `status` = 2 LIMIT 1   [ RunTime:0.0020s ]
INFO: [ view_parse ] --START--
INFO: [ template_filter ] --START--
INFO: Run Behavior\ContentReplaceBehavior [ RunTime:0.000000s ]
INFO: [ template_filter ] --END-- [ RunTime:0.001000s ]
INFO: Run Behavior\ParseTemplateBehavior [ RunTime:0.031002s ]
INFO: [ view_parse ] --END-- [ RunTime:0.032002s ]
INFO: [ view_filter ] --START--
INFO: Run Behavior\WriteHtmlCacheBehavior [ RunTime:0.001000s ]
INFO: Run Library\Behavior\EmptyImageBehavior [ RunTime:0.002000s ]
INFO: [ view_filter ] --END-- [ RunTime:0.004000s ]
NOTIC: [2] array_merge(): Argument #2 is not an array E:\cucisvn\01-code\jonza\Module\Wap\Controller\WapController.class.php 第 203 行.
SQL: SELECT * FROM `wx_member` WHERE `openid` = null LIMIT 1   [ RunTime:0.0020s ]
INFO: [ view_parse ] --START--
INFO: [ template_filter ] --START--
INFO: Run Behavior\ContentReplaceBehavior [ RunTime:0.000000s ]
INFO: [ template_filter ] --END-- [ RunTime:-0.023001s ]
INFO: Run Behavior\ParseTemplateBehavior [ RunTime:0.012000s ]
INFO: [ view_parse ] --END-- [ RunTime:-0.011001s ]
INFO: [ view_filter ] --START--
INFO: Run Behavior\WriteHtmlCacheBehavior [ RunTime:0.001000s ]
INFO: Run Library\Behavior\EmptyImageBehavior [ RunTime:0.000000s ]
INFO: [ view_filter ] --END-- [ RunTime:-0.020001s ]
INFO: [ app_end ] --START--
INFO: Run Behavior\ShowPageTraceBehavior [ RunTime:0.002001s ]
INFO: [ app_end ] --END-- [ RunTime:0.003001s ]

[ 2015-05-20T10:38:36+08:00 ] 127.0.0.1 /jonza/index.php/Wap/Member/exchange/code/5555c17c2ac86/store_id/1002.shtml
INFO: [ app_begin ] --START--
INFO: Run Behavior\ReadHtmlCacheBehavior [ RunTime:0.001000s ]
INFO: [ app_begin ] --END-- [ RunTime:0.003001s ]
NOTIC: [8192] mysql_connect(): The mysql extension is deprecated and will be removed in the future: use mysqli or PDO instead E:\cucisvn\01-code\jonza\Library\Think\Library\Think\Session\Driver\Db.class.php 第 95 行.
NOTIC: [2048] Declaration of Wap\Controller\MemberController::index() should be compatible with Library\Controller\Controller::index($model = NULL, $map = Array, $tpl = NULL) E:\cucisvn\01-code\jonza\Module\Wap\Controller\MemberController.class.php 第 5 行.
SQL: SHOW COLUMNS FROM `wx_site_config` [ RunTime:0.0070s ]
SQL: SELECT * FROM `wx_site_config` WHERE `id` = 1 LIMIT 1   [ RunTime:0.0010s ]
SQL: SHOW COLUMNS FROM `wx_wechat_config` [ RunTime:0.0080s ]
SQL: SELECT * FROM `wx_wechat_config` WHERE `id` = '1' AND `status` = 2 LIMIT 1   [ RunTime:0.0010s ]
SQL: SHOW COLUMNS FROM `wx_wechat_member` [ RunTime:0.0060s ]
SQL: SELECT * FROM `wx_wechat_member` WHERE `openid` = null AND `status` = 2 LIMIT 1   [ RunTime:0.0010s ]
NOTIC: [8] Undefined property: Library\Util\Api\Wechat::$access_token E:\cucisvn\01-code\jonza\Library\Util\Api\Wechat.class.php 第 1899 行.
SQL: SELECT `data`,`datacrc` FROM `think_cache` WHERE `cachekey`='wechat_access_token_wx4fc10458037c13c9' AND (`expire` =0 OR `expire`>1432089514) LIMIT 0,1 [ RunTime:0.0010s ]
NOTIC: [8] Undefined index: sex E:\cucisvn\01-code\jonza\Module\Wap\Controller\WapController.class.php 第 240 行.
NOTIC: [8] Undefined index: subscribe_time E:\cucisvn\01-code\jonza\Module\Wap\Controller\WapController.class.php 第 242 行.
SQL: SHOW COLUMNS FROM `wx_wechat_member` [ RunTime:0.0090s ]
SQL: SELECT COUNT(*) AS tp_count FROM `wx_wechat_member` WHERE `openid` = null LIMIT 1   [ RunTime:0.0010s ]
SQL: INSERT INTO `wx_wechat_member` (`group_id`,`sex`,`update_date`,`create_date`,`status`) VALUES ('0','保密','2015-05-20 10:38:35','','2') [ RunTime:0.2030s ]
NOTIC: [8] Undefined index: sex E:\cucisvn\01-code\jonza\Module\Wap\Controller\WapController.class.php 第 240 行.
NOTIC: [8] Undefined index: subscribe_time E:\cucisvn\01-code\jonza\Module\Wap\Controller\WapController.class.php 第 242 行.
SQL: SELECT COUNT(*) AS tp_count FROM `wx_wechat_member` WHERE `openid` = null LIMIT 1   [ RunTime:0.0000s ]
SQL: INSERT INTO `wx_wechat_member` (`group_id`,`sex`,`update_date`,`create_date`,`status`) VALUES ('0','保密','2015-05-20 10:38:36','','2') [ RunTime:0.0480s ]
SQL: SHOW COLUMNS FROM `wx_member` [ RunTime:0.0070s ]
SQL: SELECT * FROM `wx_member` WHERE `openid` = null AND `status` = 2 LIMIT 1   [ RunTime:0.0010s ]
INFO: [ view_parse ] --START--
INFO: [ template_filter ] --START--
INFO: Run Behavior\ContentReplaceBehavior [ RunTime:0.000000s ]
INFO: [ template_filter ] --END-- [ RunTime:0.001000s ]
INFO: Run Behavior\ParseTemplateBehavior [ RunTime:0.018001s ]
INFO: [ view_parse ] --END-- [ RunTime:0.018001s ]
INFO: [ view_filter ] --START--
INFO: Run Behavior\WriteHtmlCacheBehavior [ RunTime:0.001000s ]
INFO: Run Library\Behavior\EmptyImageBehavior [ RunTime:0.002000s ]
INFO: [ view_filter ] --END-- [ RunTime:0.004000s ]
NOTIC: [2] array_merge(): Argument #2 is not an array E:\cucisvn\01-code\jonza\Module\Wap\Controller\WapController.class.php 第 203 行.
SQL: SELECT * FROM `wx_member` WHERE `openid` = null LIMIT 1   [ RunTime:0.0010s ]
INFO: [ view_parse ] --START--
INFO: [ template_filter ] --START--
INFO: Run Behavior\ContentReplaceBehavior [ RunTime:0.000000s ]
INFO: [ template_filter ] --END-- [ RunTime:-0.020001s ]
INFO: Run Behavior\ParseTemplateBehavior [ RunTime:0.011001s ]
INFO: [ view_parse ] --END-- [ RunTime:-0.010000s ]
INFO: [ view_filter ] --START--
INFO: Run Behavior\WriteHtmlCacheBehavior [ RunTime:0.000000s ]
INFO: Run Library\Behavior\EmptyImageBehavior [ RunTime:0.000000s ]
INFO: [ view_filter ] --END-- [ RunTime:-0.018001s ]
INFO: [ app_end ] --START--
INFO: Run Behavior\ShowPageTraceBehavior [ RunTime:0.002000s ]
INFO: [ app_end ] --END-- [ RunTime:0.003000s ]

[ 2015-05-20T10:39:25+08:00 ] 127.0.0.1 /jonza/index.php/Wap/Member/exchange/code/5555c17c2ac86/store_id/1001.shtml
INFO: [ app_begin ] --START--
INFO: Run Behavior\ReadHtmlCacheBehavior [ RunTime:0.001000s ]
INFO: [ app_begin ] --END-- [ RunTime:0.003001s ]
NOTIC: [8192] mysql_connect(): The mysql extension is deprecated and will be removed in the future: use mysqli or PDO instead E:\cucisvn\01-code\jonza\Library\Think\Library\Think\Session\Driver\Db.class.php 第 95 行.
NOTIC: [2048] Declaration of Wap\Controller\MemberController::index() should be compatible with Library\Controller\Controller::index($model = NULL, $map = Array, $tpl = NULL) E:\cucisvn\01-code\jonza\Module\Wap\Controller\MemberController.class.php 第 5 行.
SQL: SHOW COLUMNS FROM `wx_site_config` [ RunTime:0.0070s ]
SQL: SELECT * FROM `wx_site_config` WHERE `id` = 1 LIMIT 1   [ RunTime:0.0010s ]
SQL: SHOW COLUMNS FROM `wx_wechat_config` [ RunTime:0.0090s ]
SQL: SELECT * FROM `wx_wechat_config` WHERE `id` = '1' AND `status` = 2 LIMIT 1   [ RunTime:0.0010s ]
SQL: SHOW COLUMNS FROM `wx_wechat_member` [ RunTime:0.0070s ]
SQL: SELECT * FROM `wx_wechat_member` WHERE `openid` = null AND `status` = 2 LIMIT 1   [ RunTime:0.0020s ]
NOTIC: [8] Undefined property: Library\Util\Api\Wechat::$access_token E:\cucisvn\01-code\jonza\Library\Util\Api\Wechat.class.php 第 1899 行.
SQL: SELECT `data`,`datacrc` FROM `think_cache` WHERE `cachekey`='wechat_access_token_wx4fc10458037c13c9' AND (`expire` =0 OR `expire`>1432089564) LIMIT 0,1 [ RunTime:0.0010s ]
NOTIC: [8] Undefined index: sex E:\cucisvn\01-code\jonza\Module\Wap\Controller\WapController.class.php 第 240 行.
NOTIC: [8] Undefined index: subscribe_time E:\cucisvn\01-code\jonza\Module\Wap\Controller\WapController.class.php 第 242 行.
SQL: SHOW COLUMNS FROM `wx_wechat_member` [ RunTime:0.0070s ]
SQL: SELECT COUNT(*) AS tp_count FROM `wx_wechat_member` WHERE `openid` = null LIMIT 1   [ RunTime:0.0010s ]
SQL: INSERT INTO `wx_wechat_member` (`group_id`,`sex`,`update_date`,`create_date`,`status`) VALUES ('0','保密','2015-05-20 10:39:24','','2') [ RunTime:0.0380s ]
NOTIC: [8] Undefined index: sex E:\cucisvn\01-code\jonza\Module\Wap\Controller\WapController.class.php 第 240 行.
NOTIC: [8] Undefined index: subscribe_time E:\cucisvn\01-code\jonza\Module\Wap\Controller\WapController.class.php 第 242 行.
SQL: SELECT COUNT(*) AS tp_count FROM `wx_wechat_member` WHERE `openid` = null LIMIT 1   [ RunTime:0.0000s ]
SQL: INSERT INTO `wx_wechat_member` (`group_id`,`sex`,`update_date`,`create_date`,`status`) VALUES ('0','保密','2015-05-20 10:39:25','','2') [ RunTime:0.1190s ]
SQL: SHOW COLUMNS FROM `wx_member` [ RunTime:0.0070s ]
SQL: SELECT * FROM `wx_member` WHERE `openid` = null AND `status` = 2 LIMIT 1   [ RunTime:0.0020s ]
INFO: [ view_parse ] --START--
INFO: [ template_filter ] --START--
INFO: Run Behavior\ContentReplaceBehavior [ RunTime:0.000000s ]
INFO: [ template_filter ] --END-- [ RunTime:0.000000s ]
INFO: Run Behavior\ParseTemplateBehavior [ RunTime:0.019001s ]
INFO: [ view_parse ] --END-- [ RunTime:0.019001s ]
INFO: [ view_filter ] --START--
INFO: Run Behavior\WriteHtmlCacheBehavior [ RunTime:0.001000s ]
INFO: Run Library\Behavior\EmptyImageBehavior [ RunTime:0.003000s ]
INFO: [ view_filter ] --END-- [ RunTime:0.004000s ]
NOTIC: [2] array_merge(): Argument #2 is not an array E:\cucisvn\01-code\jonza\Module\Wap\Controller\WapController.class.php 第 203 行.
SQL: SELECT * FROM `wx_member` WHERE `openid` = null LIMIT 1   [ RunTime:0.0010s ]
INFO: [ view_parse ] --START--
INFO: [ template_filter ] --START--
INFO: Run Behavior\ContentReplaceBehavior [ RunTime:0.000000s ]
INFO: [ template_filter ] --END-- [ RunTime:-0.023002s ]
INFO: Run Behavior\ParseTemplateBehavior [ RunTime:0.011001s ]
INFO: [ view_parse ] --END-- [ RunTime:-0.011000s ]
INFO: [ view_filter ] --START--
INFO: Run Behavior\WriteHtmlCacheBehavior [ RunTime:0.000000s ]
INFO: Run Library\Behavior\EmptyImageBehavior [ RunTime:0.001000s ]
INFO: [ view_filter ] --END-- [ RunTime:-0.019001s ]
INFO: [ app_end ] --START--
INFO: Run Behavior\ShowPageTraceBehavior [ RunTime:0.001000s ]
INFO: [ app_end ] --END-- [ RunTime:0.002000s ]

[ 2015-05-20T10:40:17+08:00 ] 127.0.0.1 /jonza/index.php/Wap/Member/exchange/code/5555c17c2ac86/store_id/1001.shtml
INFO: [ app_begin ] --START--
INFO: Run Behavior\ReadHtmlCacheBehavior [ RunTime:0.001000s ]
INFO: [ app_begin ] --END-- [ RunTime:0.002000s ]
NOTIC: [8192] mysql_connect(): The mysql extension is deprecated and will be removed in the future: use mysqli or PDO instead E:\cucisvn\01-code\jonza\Library\Think\Library\Think\Session\Driver\Db.class.php 第 95 行.
NOTIC: [2048] Declaration of Wap\Controller\MemberController::index() should be compatible with Library\Controller\Controller::index($model = NULL, $map = Array, $tpl = NULL) E:\cucisvn\01-code\jonza\Module\Wap\Controller\MemberController.class.php 第 5 行.
SQL: SHOW COLUMNS FROM `wx_site_config` [ RunTime:0.0080s ]
SQL: SELECT * FROM `wx_site_config` WHERE `id` = 1 LIMIT 1   [ RunTime:0.0010s ]
SQL: SHOW COLUMNS FROM `wx_wechat_config` [ RunTime:0.0090s ]
SQL: SELECT * FROM `wx_wechat_config` WHERE `id` = '1' AND `status` = 2 LIMIT 1   [ RunTime:0.0010s ]
SQL: SHOW COLUMNS FROM `wx_wechat_member` [ RunTime:0.0070s ]
SQL: SELECT * FROM `wx_wechat_member` WHERE `openid` = null AND `status` = 2 LIMIT 1   [ RunTime:0.0000s ]
NOTIC: [8] Undefined property: Library\Util\Api\Wechat::$access_token E:\cucisvn\01-code\jonza\Library\Util\Api\Wechat.class.php 第 1899 行.
SQL: SELECT `data`,`datacrc` FROM `think_cache` WHERE `cachekey`='wechat_access_token_wx4fc10458037c13c9' AND (`expire` =0 OR `expire`>1432089616) LIMIT 0,1 [ RunTime:0.0010s ]
NOTIC: [8] Undefined index: sex E:\cucisvn\01-code\jonza\Module\Wap\Controller\WapController.class.php 第 240 行.
NOTIC: [8] Undefined index: subscribe_time E:\cucisvn\01-code\jonza\Module\Wap\Controller\WapController.class.php 第 242 行.
SQL: SHOW COLUMNS FROM `wx_wechat_member` [ RunTime:0.0090s ]
SQL: SELECT COUNT(*) AS tp_count FROM `wx_wechat_member` WHERE `openid` = null LIMIT 1   [ RunTime:0.0010s ]
SQL: INSERT INTO `wx_wechat_member` (`group_id`,`sex`,`update_date`,`create_date`,`status`) VALUES ('0','保密','2015-05-20 10:40:16','','2') [ RunTime:0.0490s ]
NOTIC: [8] Undefined index: sex E:\cucisvn\01-code\jonza\Module\Wap\Controller\WapController.class.php 第 240 行.
NOTIC: [8] Undefined index: subscribe_time E:\cucisvn\01-code\jonza\Module\Wap\Controller\WapController.class.php 第 242 行.
SQL: SELECT COUNT(*) AS tp_count FROM `wx_wechat_member` WHERE `openid` = null LIMIT 1   [ RunTime:0.0010s ]
SQL: INSERT INTO `wx_wechat_member` (`group_id`,`sex`,`update_date`,`create_date`,`status`) VALUES ('0','保密','2015-05-20 10:40:17','','2') [ RunTime:0.1430s ]
SQL: SHOW COLUMNS FROM `wx_member` [ RunTime:0.0080s ]
SQL: SELECT * FROM `wx_member` WHERE `openid` = null AND `status` = 2 LIMIT 1   [ RunTime:0.0010s ]
INFO: [ view_parse ] --START--
INFO: [ template_filter ] --START--
INFO: Run Behavior\ContentReplaceBehavior [ RunTime:0.000000s ]
INFO: [ template_filter ] --END-- [ RunTime:0.002000s ]
INFO: Run Behavior\ParseTemplateBehavior [ RunTime:0.019001s ]
INFO: [ view_parse ] --END-- [ RunTime:0.019001s ]
INFO: [ view_filter ] --START--
INFO: Run Behavior\WriteHtmlCacheBehavior [ RunTime:0.001000s ]
INFO: Run Library\Behavior\EmptyImageBehavior [ RunTime:0.002000s ]
INFO: [ view_filter ] --END-- [ RunTime:0.004000s ]
NOTIC: [2] array_merge(): Argument #2 is not an array E:\cucisvn\01-code\jonza\Module\Wap\Controller\WapController.class.php 第 203 行.
SQL: SELECT * FROM `wx_member` WHERE `openid` = null LIMIT 1   [ RunTime:0.0020s ]
INFO: [ view_parse ] --START--
INFO: [ template_filter ] --START--
INFO: Run Behavior\ContentReplaceBehavior [ RunTime:0.000000s ]
INFO: [ template_filter ] --END-- [ RunTime:-0.020001s ]
INFO: Run Behavior\ParseTemplateBehavior [ RunTime:0.012000s ]
INFO: [ view_parse ] --END-- [ RunTime:-0.010001s ]
INFO: [ view_filter ] --START--
INFO: Run Behavior\WriteHtmlCacheBehavior [ RunTime:0.000000s ]
INFO: Run Library\Behavior\EmptyImageBehavior [ RunTime:0.000000s ]
INFO: [ view_filter ] --END-- [ RunTime:-0.018001s ]
INFO: [ app_end ] --START--
INFO: Run Behavior\ShowPageTraceBehavior [ RunTime:0.002000s ]
INFO: [ app_end ] --END-- [ RunTime:0.002000s ]

[ 2015-05-20T10:40:44+08:00 ] 127.0.0.1 /jonza/index.php/Wap/Member/exchange/code/5555c17c2ac86/store_id/1001.shtml
INFO: [ app_begin ] --START--
INFO: Run Behavior\ReadHtmlCacheBehavior [ RunTime:0.001000s ]
INFO: [ app_begin ] --END-- [ RunTime:0.003000s ]
NOTIC: [8192] mysql_connect(): The mysql extension is deprecated and will be removed in the future: use mysqli or PDO instead E:\cucisvn\01-code\jonza\Library\Think\Library\Think\Session\Driver\Db.class.php 第 95 行.
NOTIC: [2048] Declaration of Wap\Controller\MemberController::index() should be compatible with Library\Controller\Controller::index($model = NULL, $map = Array, $tpl = NULL) E:\cucisvn\01-code\jonza\Module\Wap\Controller\MemberController.class.php 第 5 行.
SQL: SHOW COLUMNS FROM `wx_site_config` [ RunTime:0.0070s ]
SQL: SELECT * FROM `wx_site_config` WHERE `id` = 1 LIMIT 1   [ RunTime:0.0010s ]
SQL: SHOW COLUMNS FROM `wx_wechat_config` [ RunTime:0.0080s ]
SQL: SELECT * FROM `wx_wechat_config` WHERE `id` = '1' AND `status` = 2 LIMIT 1   [ RunTime:0.0010s ]
SQL: SHOW COLUMNS FROM `wx_wechat_member` [ RunTime:0.0090s ]
SQL: SELECT * FROM `wx_wechat_member` WHERE `openid` = null AND `status` = 2 LIMIT 1   [ RunTime:0.0010s ]
NOTIC: [8] Undefined property: Library\Util\Api\Wechat::$access_token E:\cucisvn\01-code\jonza\Library\Util\Api\Wechat.class.php 第 1899 行.
SQL: SELECT `data`,`datacrc` FROM `think_cache` WHERE `cachekey`='wechat_access_token_wx4fc10458037c13c9' AND (`expire` =0 OR `expire`>1432089642) LIMIT 0,1 [ RunTime:0.0010s ]
NOTIC: [8] Undefined index: sex E:\cucisvn\01-code\jonza\Module\Wap\Controller\WapController.class.php 第 240 行.
NOTIC: [8] Undefined index: subscribe_time E:\cucisvn\01-code\jonza\Module\Wap\Controller\WapController.class.php 第 242 行.
SQL: SHOW COLUMNS FROM `wx_wechat_member` [ RunTime:0.0090s ]
SQL: SELECT COUNT(*) AS tp_count FROM `wx_wechat_member` WHERE `openid` = null LIMIT 1   [ RunTime:0.0000s ]
SQL: INSERT INTO `wx_wechat_member` (`group_id`,`sex`,`update_date`,`create_date`,`status`) VALUES ('0','保密','2015-05-20 10:40:43','','2') [ RunTime:0.0590s ]
NOTIC: [8] Undefined index: sex E:\cucisvn\01-code\jonza\Module\Wap\Controller\WapController.class.php 第 240 行.
NOTIC: [8] Undefined index: subscribe_time E:\cucisvn\01-code\jonza\Module\Wap\Controller\WapController.class.php 第 242 行.
SQL: SELECT COUNT(*) AS tp_count FROM `wx_wechat_member` WHERE `openid` = null LIMIT 1   [ RunTime:0.0000s ]
SQL: INSERT INTO `wx_wechat_member` (`group_id`,`sex`,`update_date`,`create_date`,`status`) VALUES ('0','保密','2015-05-20 10:40:44','','2') [ RunTime:0.0360s ]
SQL: SHOW COLUMNS FROM `wx_member` [ RunTime:0.0070s ]
SQL: SELECT * FROM `wx_member` WHERE `openid` = null AND `status` = 2 LIMIT 1   [ RunTime:0.0010s ]
INFO: [ view_parse ] --START--
INFO: [ template_filter ] --START--
INFO: Run Behavior\ContentReplaceBehavior [ RunTime:0.000000s ]
INFO: [ template_filter ] --END-- [ RunTime:0.000000s ]
INFO: Run Behavior\ParseTemplateBehavior [ RunTime:0.018001s ]
INFO: [ view_parse ] --END-- [ RunTime:0.019001s ]
INFO: [ view_filter ] --START--
INFO: Run Behavior\WriteHtmlCacheBehavior [ RunTime:0.001000s ]
INFO: Run Library\Behavior\EmptyImageBehavior [ RunTime:0.002000s ]
INFO: [ view_filter ] --END-- [ RunTime:0.004000s ]
NOTIC: [2] array_merge(): Argument #2 is not an array E:\cucisvn\01-code\jonza\Module\Wap\Controller\WapController.class.php 第 203 行.
SQL: SELECT * FROM `wx_member` WHERE `openid` = null LIMIT 1   [ RunTime:0.0010s ]
INFO: [ view_parse ] --START--
INFO: [ template_filter ] --START--
INFO: Run Behavior\ContentReplaceBehavior [ RunTime:0.001000s ]
INFO: [ template_filter ] --END-- [ RunTime:-0.020002s ]
INFO: Run Behavior\ParseTemplateBehavior [ RunTime:0.011001s ]
INFO: [ view_parse ] --END-- [ RunTime:-0.009000s ]
INFO: [ view_filter ] --START--
INFO: Run Behavior\WriteHtmlCacheBehavior [ RunTime:0.000000s ]
INFO: Run Library\Behavior\EmptyImageBehavior [ RunTime:0.000000s ]
INFO: [ view_filter ] --END-- [ RunTime:-0.018001s ]
INFO: [ app_end ] --START--
INFO: Run Behavior\ShowPageTraceBehavior [ RunTime:0.001000s ]
INFO: [ app_end ] --END-- [ RunTime:0.002000s ]

[ 2015-05-20T18:11:24+08:00 ] 127.0.0.1 /jonza/index.php/Wap/Member/extension
INFO: [ app_begin ] --START--
INFO: Run Behavior\ReadHtmlCacheBehavior [ RunTime:0.001000s ]
INFO: [ app_begin ] --END-- [ RunTime:0.003000s ]
NOTIC: [8192] mysql_connect(): The mysql extension is deprecated and will be removed in the future: use mysqli or PDO instead E:\cucisvn\01-code\jonza\Library\Think\Library\Think\Session\Driver\Db.class.php 第 95 行.
NOTIC: [2048] Declaration of Wap\Controller\MemberController::index() should be compatible with Library\Controller\Controller::index($model = NULL, $map = Array, $tpl = NULL) E:\cucisvn\01-code\jonza\Module\Wap\Controller\MemberController.class.php 第 5 行.
SQL: SHOW COLUMNS FROM `wx_site_config` [ RunTime:0.0680s ]
SQL: SELECT * FROM `wx_site_config` WHERE `id` = 1 LIMIT 1   [ RunTime:0.1380s ]
NOTIC: [8] Undefined index: HTTP_REFERER E:\cucisvn\01-code\jonza\Library\Util\Baidu.class.php 第 72 行.
SQL: SHOW COLUMNS FROM `wx_wechat_config` [ RunTime:0.0790s ]
SQL: SELECT * FROM `wx_wechat_config` WHERE `id` = '1' AND `status` = 2 LIMIT 1   [ RunTime:0.0270s ]

