[ 2018-11-06T10:32:06+08:00 ] ::1 /jonza/index.php/Channel/Index/add.shtml
INFO: [ app_begin ] --START--
INFO: Run Behavior\ReadHtmlCacheBehavior [ RunTime:0.000521s ]
INFO: [ app_begin ] --END-- [ RunTime:0.000946s ]
NOTIC: [8192] mysql_connect(): The mysql extension is deprecated and will be removed in the future: use mysqli or PDO instead E:\kejin\jonza\Library\Think\Library\Think\Session\Driver\Db.class.php 第 95 行.
SQL: SHOW COLUMNS FROM `wx_channel` [ RunTime:0.0096s ]
INFO: [ view_parse ] --START--
INFO: [ template_filter ] --START--
INFO: Run Behavior\ContentReplaceBehavior [ RunTime:0.000091s ]
INFO: [ template_filter ] --END-- [ RunTime:0.000155s ]
NOTIC: [8] Undefined index: name E:\kejin\jonza\Static\Runtime\Cache\Channel\c9f36cb6d9939da5747ebb8940ac4f0f.php 第 16 行.
NOTIC: [8] Undefined index: email E:\kejin\jonza\Static\Runtime\Cache\Channel\c9f36cb6d9939da5747ebb8940ac4f0f.php 第 23 行.
NOTIC: [8] Undefined index: portrait E:\kejin\jonza\Static\Runtime\Cache\Channel\c9f36cb6d9939da5747ebb8940ac4f0f.php 第 30 行.
NOTIC: [8] Undefined index: portrait E:\kejin\jonza\Static\Runtime\Cache\Channel\c9f36cb6d9939da5747ebb8940ac4f0f.php 第 32 行.
NOTIC: [8] Undefined index: identity E:\kejin\jonza\Static\Runtime\Cache\Channel\c9f36cb6d9939da5747ebb8940ac4f0f.php 第 40 行.
NOTIC: [8] Undefined index: identity E:\kejin\jonza\Static\Runtime\Cache\Channel\c9f36cb6d9939da5747ebb8940ac4f0f.php 第 41 行.
NOTIC: [8] Undefined index: type E:\kejin\jonza\Static\Runtime\Cache\Channel\c9f36cb6d9939da5747ebb8940ac4f0f.php 第 51 行.
NOTIC: [8] Undefined index: type E:\kejin\jonza\Static\Runtime\Cache\Channel\c9f36cb6d9939da5747ebb8940ac4f0f.php 第 52 行.
NOTIC: [8] Undefined index: type E:\kejin\jonza\Static\Runtime\Cache\Channel\c9f36cb6d9939da5747ebb8940ac4f0f.php 第 53 行.
NOTIC: [8] Undefined index: type E:\kejin\jonza\Static\Runtime\Cache\Channel\c9f36cb6d9939da5747ebb8940ac4f0f.php 第 54 行.
NOTIC: [8] Undefined index: type E:\kejin\jonza\Static\Runtime\Cache\Channel\c9f36cb6d9939da5747ebb8940ac4f0f.php 第 55 行.
NOTIC: [8] Undefined index: network E:\kejin\jonza\Static\Runtime\Cache\Channel\c9f36cb6d9939da5747ebb8940ac4f0f.php 第 63 行.
NOTIC: [8] Undefined index: logo E:\kejin\jonza\Static\Runtime\Cache\Channel\c9f36cb6d9939da5747ebb8940ac4f0f.php 第 70 行.
NOTIC: [8] Undefined index: logo E:\kejin\jonza\Static\Runtime\Cache\Channel\c9f36cb6d9939da5747ebb8940ac4f0f.php 第 72 行.
NOTIC: [8] Undefined index: contacts_name E:\kejin\jonza\Static\Runtime\Cache\Channel\c9f36cb6d9939da5747ebb8940ac4f0f.php 第 79 行.
NOTIC: [8] Undefined index: contacts_emali E:\kejin\jonza\Static\Runtime\Cache\Channel\c9f36cb6d9939da5747ebb8940ac4f0f.php 第 86 行.
NOTIC: [8] Undefined index: contacts_mobile E:\kejin\jonza\Static\Runtime\Cache\Channel\c9f36cb6d9939da5747ebb8940ac4f0f.php 第 94 行.
NOTIC: [8] Undefined index: contacts_qq E:\kejin\jonza\Static\Runtime\Cache\Channel\c9f36cb6d9939da5747ebb8940ac4f0f.php 第 101 行.
NOTIC: [8] Undefined index: contacts_wechat E:\kejin\jonza\Static\Runtime\Cache\Channel\c9f36cb6d9939da5747ebb8940ac4f0f.php 第 108 行.
NOTIC: [8] Undefined index: status E:\kejin\jonza\Static\Runtime\Cache\Channel\c9f36cb6d9939da5747ebb8940ac4f0f.php 第 116 行.
NOTIC: [8] Undefined index: status E:\kejin\jonza\Static\Runtime\Cache\Channel\c9f36cb6d9939da5747ebb8940ac4f0f.php 第 117 行.
INFO: Run Behavior\ParseTemplateBehavior [ RunTime:0.018428s ]
INFO: [ view_parse ] --END-- [ RunTime:0.018488s ]
INFO: [ view_filter ] --START--
INFO: Run Behavior\WriteHtmlCacheBehavior [ RunTime:0.000873s ]
INFO: Run Library\Behavior\EmptyImageBehavior [ RunTime:0.001931s ]
INFO: [ view_filter ] --END-- [ RunTime:0.002888s ]
INFO: [ app_end ] --START--
INFO: Run Behavior\ShowPageTraceBehavior [ RunTime:0.001835s ]
INFO: [ app_end ] --END-- [ RunTime:0.001928s ]

[ 2018-11-06T10:33:59+08:00 ] ::1 /jonza/index.php/Channel/Index/add.shtml
INFO: [ app_begin ] --START--
INFO: Run Behavior\ReadHtmlCacheBehavior [ RunTime:0.000605s ]
INFO: [ app_begin ] --END-- [ RunTime:0.001072s ]
NOTIC: [8192] mysql_connect(): The mysql extension is deprecated and will be removed in the future: use mysqli or PDO instead E:\kejin\jonza\Library\Think\Library\Think\Session\Driver\Db.class.php 第 95 行.
SQL: SHOW COLUMNS FROM `wx_channel` [ RunTime:0.0086s ]
SQL: SELECT * FROM `wx_channel` WHERE `name` = '应用汇' LIMIT 1   [ RunTime:0.0084s ]
SQL: SELECT * FROM `wx_channel` WHERE `name` = '应用汇' LIMIT 1   [ RunTime:0.0082s ]
SQL: INSERT INTO `wx_channel` (`name`,`email`,`portrait`,`identity`,`type`,`network`,`logo`,`contacts_name`,`contacts_emali`,`contacts_mobile`,`contacts_qq`,`contacts_wechat`,`ad_num`,`add_time`) VALUES ('应用汇','447324105@qq.com','http://ueditor.cdn.cuci.cc/image/2018/11/2/10/3330/4@3x的副本 2.png','1','2','www.baidu.com','http://ueditor.cdn.cuci.cc/image/2018/11/2/10/3343/4@3x的副本 2.png','荣彬','447324105@qq.com','13268317045','447324105','447324105@qq.com','0','2018-11-06 10:33:59') [ RunTime:0.0125s ]

[ 2018-11-06T14:08:41+08:00 ] ::1 /jonza/index.php?s=Channel/Index/del
INFO: [ app_begin ] --START--
INFO: Run Behavior\ReadHtmlCacheBehavior [ RunTime:0.000955s ]
INFO: [ app_begin ] --END-- [ RunTime:0.001780s ]
NOTIC: [8192] mysql_connect(): The mysql extension is deprecated and will be removed in the future: use mysqli or PDO instead E:\kejin\jonza\Library\Think\Library\Think\Session\Driver\Db.class.php 第 95 行.
SQL: SHOW COLUMNS FROM `wx_channel` [ RunTime:0.0081s ]
SQL: DELETE FROM `wx_channel` WHERE `channel_id` IN ('1') [ RunTime:0.0307s ]

[ 2018-11-06T14:12:17+08:00 ] ::1 /jonza/index.php/Channel/Index/add.shtml
INFO: [ app_begin ] --START--
INFO: Run Behavior\ReadHtmlCacheBehavior [ RunTime:0.000906s ]
INFO: [ app_begin ] --END-- [ RunTime:0.001569s ]
NOTIC: [8192] mysql_connect(): The mysql extension is deprecated and will be removed in the future: use mysqli or PDO instead E:\kejin\jonza\Library\Think\Library\Think\Session\Driver\Db.class.php 第 95 行.
SQL: SHOW COLUMNS FROM `wx_channel` [ RunTime:0.0075s ]
INFO: [ view_parse ] --START--
INFO: [ template_filter ] --START--
INFO: Run Behavior\ContentReplaceBehavior [ RunTime:0.000061s ]
INFO: [ template_filter ] --END-- [ RunTime:0.000102s ]
NOTIC: [8] Undefined index: name E:\kejin\jonza\Static\Runtime\Cache\Channel\c9f36cb6d9939da5747ebb8940ac4f0f.php 第 16 行.
NOTIC: [8] Undefined index: email E:\kejin\jonza\Static\Runtime\Cache\Channel\c9f36cb6d9939da5747ebb8940ac4f0f.php 第 23 行.
NOTIC: [8] Undefined index: portrait E:\kejin\jonza\Static\Runtime\Cache\Channel\c9f36cb6d9939da5747ebb8940ac4f0f.php 第 30 行.
NOTIC: [8] Undefined index: portrait E:\kejin\jonza\Static\Runtime\Cache\Channel\c9f36cb6d9939da5747ebb8940ac4f0f.php 第 32 行.
NOTIC: [8] Undefined index: identity E:\kejin\jonza\Static\Runtime\Cache\Channel\c9f36cb6d9939da5747ebb8940ac4f0f.php 第 40 行.
NOTIC: [8] Undefined index: identity E:\kejin\jonza\Static\Runtime\Cache\Channel\c9f36cb6d9939da5747ebb8940ac4f0f.php 第 41 行.
NOTIC: [8] Undefined index: type E:\kejin\jonza\Static\Runtime\Cache\Channel\c9f36cb6d9939da5747ebb8940ac4f0f.php 第 51 行.
NOTIC: [8] Undefined index: type E:\kejin\jonza\Static\Runtime\Cache\Channel\c9f36cb6d9939da5747ebb8940ac4f0f.php 第 52 行.
NOTIC: [8] Undefined index: type E:\kejin\jonza\Static\Runtime\Cache\Channel\c9f36cb6d9939da5747ebb8940ac4f0f.php 第 53 行.
NOTIC: [8] Undefined index: type E:\kejin\jonza\Static\Runtime\Cache\Channel\c9f36cb6d9939da5747ebb8940ac4f0f.php 第 54 行.
NOTIC: [8] Undefined index: type E:\kejin\jonza\Static\Runtime\Cache\Channel\c9f36cb6d9939da5747ebb8940ac4f0f.php 第 55 行.
NOTIC: [8] Undefined index: network E:\kejin\jonza\Static\Runtime\Cache\Channel\c9f36cb6d9939da5747ebb8940ac4f0f.php 第 63 行.
NOTIC: [8] Undefined index: logo E:\kejin\jonza\Static\Runtime\Cache\Channel\c9f36cb6d9939da5747ebb8940ac4f0f.php 第 70 行.
NOTIC: [8] Undefined index: logo E:\kejin\jonza\Static\Runtime\Cache\Channel\c9f36cb6d9939da5747ebb8940ac4f0f.php 第 72 行.
NOTIC: [8] Undefined index: contacts_name E:\kejin\jonza\Static\Runtime\Cache\Channel\c9f36cb6d9939da5747ebb8940ac4f0f.php 第 79 行.
NOTIC: [8] Undefined index: contacts_emali E:\kejin\jonza\Static\Runtime\Cache\Channel\c9f36cb6d9939da5747ebb8940ac4f0f.php 第 86 行.
NOTIC: [8] Undefined index: contacts_mobile E:\kejin\jonza\Static\Runtime\Cache\Channel\c9f36cb6d9939da5747ebb8940ac4f0f.php 第 94 行.
NOTIC: [8] Undefined index: contacts_qq E:\kejin\jonza\Static\Runtime\Cache\Channel\c9f36cb6d9939da5747ebb8940ac4f0f.php 第 101 行.
NOTIC: [8] Undefined index: contacts_wechat E:\kejin\jonza\Static\Runtime\Cache\Channel\c9f36cb6d9939da5747ebb8940ac4f0f.php 第 108 行.
NOTIC: [8] Undefined index: status E:\kejin\jonza\Static\Runtime\Cache\Channel\c9f36cb6d9939da5747ebb8940ac4f0f.php 第 116 行.
NOTIC: [8] Undefined index: status E:\kejin\jonza\Static\Runtime\Cache\Channel\c9f36cb6d9939da5747ebb8940ac4f0f.php 第 117 行.
INFO: Run Behavior\ParseTemplateBehavior [ RunTime:0.009685s ]
INFO: [ view_parse ] --END-- [ RunTime:0.009714s ]
INFO: [ view_filter ] --START--
INFO: Run Behavior\WriteHtmlCacheBehavior [ RunTime:0.000374s ]
INFO: Run Library\Behavior\EmptyImageBehavior [ RunTime:0.000837s ]
INFO: [ view_filter ] --END-- [ RunTime:0.001251s ]
INFO: [ app_end ] --START--
INFO: Run Behavior\ShowPageTraceBehavior [ RunTime:0.000743s ]
INFO: [ app_end ] --END-- [ RunTime:0.000796s ]

[ 2018-11-06T14:15:36+08:00 ] ::1 /jonza/index.php/Channel/Index/add.shtml
INFO: [ app_begin ] --START--
INFO: Run Behavior\ReadHtmlCacheBehavior [ RunTime:0.000561s ]
INFO: [ app_begin ] --END-- [ RunTime:0.001093s ]
NOTIC: [8192] mysql_connect(): The mysql extension is deprecated and will be removed in the future: use mysqli or PDO instead E:\kejin\jonza\Library\Think\Library\Think\Session\Driver\Db.class.php 第 95 行.
SQL: SHOW COLUMNS FROM `wx_channel` [ RunTime:0.0086s ]
INFO: [ view_parse ] --START--
INFO: [ template_filter ] --START--
INFO: Run Behavior\ContentReplaceBehavior [ RunTime:0.000072s ]
INFO: [ template_filter ] --END-- [ RunTime:0.000119s ]
NOTIC: [8] Undefined index: name E:\kejin\jonza\Static\Runtime\Cache\Channel\c9f36cb6d9939da5747ebb8940ac4f0f.php 第 16 行.
NOTIC: [8] Undefined index: email E:\kejin\jonza\Static\Runtime\Cache\Channel\c9f36cb6d9939da5747ebb8940ac4f0f.php 第 23 行.
NOTIC: [8] Undefined index: portrait E:\kejin\jonza\Static\Runtime\Cache\Channel\c9f36cb6d9939da5747ebb8940ac4f0f.php 第 30 行.
NOTIC: [8] Undefined index: portrait E:\kejin\jonza\Static\Runtime\Cache\Channel\c9f36cb6d9939da5747ebb8940ac4f0f.php 第 32 行.
NOTIC: [8] Undefined index: identity E:\kejin\jonza\Static\Runtime\Cache\Channel\c9f36cb6d9939da5747ebb8940ac4f0f.php 第 40 行.
NOTIC: [8] Undefined index: identity E:\kejin\jonza\Static\Runtime\Cache\Channel\c9f36cb6d9939da5747ebb8940ac4f0f.php 第 41 行.
NOTIC: [8] Undefined index: type E:\kejin\jonza\Static\Runtime\Cache\Channel\c9f36cb6d9939da5747ebb8940ac4f0f.php 第 51 行.
NOTIC: [8] Undefined index: type E:\kejin\jonza\Static\Runtime\Cache\Channel\c9f36cb6d9939da5747ebb8940ac4f0f.php 第 52 行.
NOTIC: [8] Undefined index: type E:\kejin\jonza\Static\Runtime\Cache\Channel\c9f36cb6d9939da5747ebb8940ac4f0f.php 第 53 行.
NOTIC: [8] Undefined index: type E:\kejin\jonza\Static\Runtime\Cache\Channel\c9f36cb6d9939da5747ebb8940ac4f0f.php 第 54 行.
NOTIC: [8] Undefined index: type E:\kejin\jonza\Static\Runtime\Cache\Channel\c9f36cb6d9939da5747ebb8940ac4f0f.php 第 55 行.
NOTIC: [8] Undefined index: network E:\kejin\jonza\Static\Runtime\Cache\Channel\c9f36cb6d9939da5747ebb8940ac4f0f.php 第 63 行.
NOTIC: [8] Undefined index: logo E:\kejin\jonza\Static\Runtime\Cache\Channel\c9f36cb6d9939da5747ebb8940ac4f0f.php 第 70 行.
NOTIC: [8] Undefined index: logo E:\kejin\jonza\Static\Runtime\Cache\Channel\c9f36cb6d9939da5747ebb8940ac4f0f.php 第 72 行.
NOTIC: [8] Undefined index: contacts_name E:\kejin\jonza\Static\Runtime\Cache\Channel\c9f36cb6d9939da5747ebb8940ac4f0f.php 第 79 行.
NOTIC: [8] Undefined index: contacts_emali E:\kejin\jonza\Static\Runtime\Cache\Channel\c9f36cb6d9939da5747ebb8940ac4f0f.php 第 86 行.
NOTIC: [8] Undefined index: contacts_mobile E:\kejin\jonza\Static\Runtime\Cache\Channel\c9f36cb6d9939da5747ebb8940ac4f0f.php 第 94 行.
NOTIC: [8] Undefined index: contacts_qq E:\kejin\jonza\Static\Runtime\Cache\Channel\c9f36cb6d9939da5747ebb8940ac4f0f.php 第 101 行.
NOTIC: [8] Undefined index: contacts_wechat E:\kejin\jonza\Static\Runtime\Cache\Channel\c9f36cb6d9939da5747ebb8940ac4f0f.php 第 108 行.
NOTIC: [8] Undefined index: status E:\kejin\jonza\Static\Runtime\Cache\Channel\c9f36cb6d9939da5747ebb8940ac4f0f.php 第 116 行.
NOTIC: [8] Undefined index: status E:\kejin\jonza\Static\Runtime\Cache\Channel\c9f36cb6d9939da5747ebb8940ac4f0f.php 第 117 行.
INFO: Run Behavior\ParseTemplateBehavior [ RunTime:0.011942s ]
INFO: [ view_parse ] --END-- [ RunTime:0.011973s ]
INFO: [ view_filter ] --START--
INFO: Run Behavior\WriteHtmlCacheBehavior [ RunTime:0.000440s ]
INFO: Run Library\Behavior\EmptyImageBehavior [ RunTime:0.000917s ]
INFO: [ view_filter ] --END-- [ RunTime:0.001396s ]
INFO: [ app_end ] --START--
INFO: Run Behavior\ShowPageTraceBehavior [ RunTime:0.000542s ]
INFO: [ app_end ] --END-- [ RunTime:0.000565s ]

[ 2018-11-06T14:16:18+08:00 ] ::1 /jonza/index.php/Channel/Index/add.shtml
INFO: [ app_begin ] --START--
INFO: Run Behavior\ReadHtmlCacheBehavior [ RunTime:0.000569s ]
INFO: [ app_begin ] --END-- [ RunTime:0.001031s ]
NOTIC: [8192] mysql_connect(): The mysql extension is deprecated and will be removed in the future: use mysqli or PDO instead E:\kejin\jonza\Library\Think\Library\Think\Session\Driver\Db.class.php 第 95 行.
SQL: SHOW COLUMNS FROM `wx_channel` [ RunTime:0.0085s ]
INFO: [ view_parse ] --START--
INFO: [ template_filter ] --START--
INFO: Run Behavior\ContentReplaceBehavior [ RunTime:0.000041s ]
INFO: [ template_filter ] --END-- [ RunTime:0.000069s ]
NOTIC: [8] Undefined index: name E:\kejin\jonza\Static\Runtime\Cache\Channel\c9f36cb6d9939da5747ebb8940ac4f0f.php 第 16 行.
NOTIC: [8] Undefined index: email E:\kejin\jonza\Static\Runtime\Cache\Channel\c9f36cb6d9939da5747ebb8940ac4f0f.php 第 23 行.
NOTIC: [8] Undefined index: portrait E:\kejin\jonza\Static\Runtime\Cache\Channel\c9f36cb6d9939da5747ebb8940ac4f0f.php 第 30 行.
NOTIC: [8] Undefined index: portrait E:\kejin\jonza\Static\Runtime\Cache\Channel\c9f36cb6d9939da5747ebb8940ac4f0f.php 第 32 行.
NOTIC: [8] Undefined index: identity E:\kejin\jonza\Static\Runtime\Cache\Channel\c9f36cb6d9939da5747ebb8940ac4f0f.php 第 40 行.
NOTIC: [8] Undefined index: identity E:\kejin\jonza\Static\Runtime\Cache\Channel\c9f36cb6d9939da5747ebb8940ac4f0f.php 第 41 行.
NOTIC: [8] Undefined index: type E:\kejin\jonza\Static\Runtime\Cache\Channel\c9f36cb6d9939da5747ebb8940ac4f0f.php 第 51 行.
NOTIC: [8] Undefined index: type E:\kejin\jonza\Static\Runtime\Cache\Channel\c9f36cb6d9939da5747ebb8940ac4f0f.php 第 52 行.
NOTIC: [8] Undefined index: type E:\kejin\jonza\Static\Runtime\Cache\Channel\c9f36cb6d9939da5747ebb8940ac4f0f.php 第 53 行.
NOTIC: [8] Undefined index: type E:\kejin\jonza\Static\Runtime\Cache\Channel\c9f36cb6d9939da5747ebb8940ac4f0f.php 第 54 行.
NOTIC: [8] Undefined index: type E:\kejin\jonza\Static\Runtime\Cache\Channel\c9f36cb6d9939da5747ebb8940ac4f0f.php 第 55 行.
NOTIC: [8] Undefined index: network E:\kejin\jonza\Static\Runtime\Cache\Channel\c9f36cb6d9939da5747ebb8940ac4f0f.php 第 63 行.
NOTIC: [8] Undefined index: logo E:\kejin\jonza\Static\Runtime\Cache\Channel\c9f36cb6d9939da5747ebb8940ac4f0f.php 第 70 行.
NOTIC: [8] Undefined index: logo E:\kejin\jonza\Static\Runtime\Cache\Channel\c9f36cb6d9939da5747ebb8940ac4f0f.php 第 72 行.
NOTIC: [8] Undefined index: contacts_name E:\kejin\jonza\Static\Runtime\Cache\Channel\c9f36cb6d9939da5747ebb8940ac4f0f.php 第 79 行.
NOTIC: [8] Undefined index: contacts_emali E:\kejin\jonza\Static\Runtime\Cache\Channel\c9f36cb6d9939da5747ebb8940ac4f0f.php 第 86 行.
NOTIC: [8] Undefined index: contacts_mobile E:\kejin\jonza\Static\Runtime\Cache\Channel\c9f36cb6d9939da5747ebb8940ac4f0f.php 第 94 行.
NOTIC: [8] Undefined index: contacts_qq E:\kejin\jonza\Static\Runtime\Cache\Channel\c9f36cb6d9939da5747ebb8940ac4f0f.php 第 101 行.
NOTIC: [8] Undefined index: contacts_wechat E:\kejin\jonza\Static\Runtime\Cache\Channel\c9f36cb6d9939da5747ebb8940ac4f0f.php 第 108 行.
NOTIC: [8] Undefined index: status E:\kejin\jonza\Static\Runtime\Cache\Channel\c9f36cb6d9939da5747ebb8940ac4f0f.php 第 116 行.
NOTIC: [8] Undefined index: status E:\kejin\jonza\Static\Runtime\Cache\Channel\c9f36cb6d9939da5747ebb8940ac4f0f.php 第 117 行.
INFO: Run Behavior\ParseTemplateBehavior [ RunTime:0.008300s ]
INFO: [ view_parse ] --END-- [ RunTime:0.008329s ]
INFO: [ view_filter ] --START--
INFO: Run Behavior\WriteHtmlCacheBehavior [ RunTime:0.000430s ]
INFO: Run Library\Behavior\EmptyImageBehavior [ RunTime:0.000919s ]
INFO: [ view_filter ] --END-- [ RunTime:0.001387s ]
INFO: [ app_end ] --START--
INFO: Run Behavior\ShowPageTraceBehavior [ RunTime:0.000553s ]
INFO: [ app_end ] --END-- [ RunTime:0.000585s ]

[ 2018-11-06T14:18:04+08:00 ] ::1 /jonza/index.php/Channel/Index/add.shtml
INFO: [ app_begin ] --START--
INFO: Run Behavior\ReadHtmlCacheBehavior [ RunTime:0.000580s ]
INFO: [ app_begin ] --END-- [ RunTime:0.000965s ]
NOTIC: [8192] mysql_connect(): The mysql extension is deprecated and will be removed in the future: use mysqli or PDO instead E:\kejin\jonza\Library\Think\Library\Think\Session\Driver\Db.class.php 第 95 行.
SQL: SHOW COLUMNS FROM `wx_channel` [ RunTime:0.0095s ]
SQL: SELECT * FROM `wx_channel` WHERE `name` = '应用汇' LIMIT 1   [ RunTime:0.0081s ]
SQL: SELECT * FROM `wx_channel` WHERE `name` = '应用汇' LIMIT 1   [ RunTime:0.0087s ]
SQL: INSERT INTO `wx_channel` (`name`,`email`,`portrait`,`identity`,`type`,`network`,`logo`,`contacts_name`,`contacts_emali`,`contacts_mobile`,`contacts_qq`,`contacts_wechat`,`ad_num`,`add_time`) VALUES ('应用汇','1301904135@qq.com','http://ueditor.cdn.cuci.cc/image/2018/11/2/14/1737/4@3x的副本 2.png','1','2','www.baidu.com','http://ueditor.cdn.cuci.cc/image/2018/11/2/14/1749/4@3x的副本 2.png','荣彬','447324105@qq.com','13268317045','1301904135','c-r-bin','0','2018-11-06 14:18:04') [ RunTime:0.0156s ]

[ 2018-11-06T14:19:06+08:00 ] ::1 /jonza/index.php/Channel/Index/edit/id/2.shtml
INFO: [ app_begin ] --START--
INFO: Run Behavior\ReadHtmlCacheBehavior [ RunTime:0.000640s ]
INFO: [ app_begin ] --END-- [ RunTime:0.001157s ]
NOTIC: [8192] mysql_connect(): The mysql extension is deprecated and will be removed in the future: use mysqli or PDO instead E:\kejin\jonza\Library\Think\Library\Think\Session\Driver\Db.class.php 第 95 行.
SQL: SHOW COLUMNS FROM `wx_channel` [ RunTime:0.0096s ]
SQL: SELECT * FROM `wx_channel` WHERE `channel_id` = 2 LIMIT 1   [ RunTime:0.0096s ]
INFO: [ view_parse ] --START--
INFO: [ template_filter ] --START--
INFO: Run Behavior\ContentReplaceBehavior [ RunTime:0.000075s ]
INFO: [ template_filter ] --END-- [ RunTime:0.000124s ]
INFO: Run Behavior\ParseTemplateBehavior [ RunTime:0.009438s ]
INFO: [ view_parse ] --END-- [ RunTime:0.009478s ]
INFO: [ view_filter ] --START--
INFO: Run Behavior\WriteHtmlCacheBehavior [ RunTime:0.000402s ]
INFO: Run Library\Behavior\EmptyImageBehavior [ RunTime:0.000912s ]
INFO: [ view_filter ] --END-- [ RunTime:0.001353s ]
INFO: [ app_end ] --START--
INFO: Run Behavior\ShowPageTraceBehavior [ RunTime:0.000620s ]
INFO: [ app_end ] --END-- [ RunTime:0.000647s ]

[ 2018-11-06T14:19:10+08:00 ] ::1 /jonza/index.php/Channel/Index/edit/id/2.shtml
INFO: [ app_begin ] --START--
INFO: Run Behavior\ReadHtmlCacheBehavior [ RunTime:0.001022s ]
INFO: [ app_begin ] --END-- [ RunTime:0.001619s ]
NOTIC: [8192] mysql_connect(): The mysql extension is deprecated and will be removed in the future: use mysqli or PDO instead E:\kejin\jonza\Library\Think\Library\Think\Session\Driver\Db.class.php 第 95 行.
SQL: SHOW COLUMNS FROM `wx_channel` [ RunTime:0.0094s ]
SQL: SELECT COUNT(*) AS tp_count FROM `wx_channel` WHERE `channel_id` = 2 LIMIT 1   [ RunTime:0.0081s ]
SQL: UPDATE `wx_channel` SET `name`='应用汇1',`email`='1301904135@qq.com',`portrait`='http://ueditor.cdn.cuci.cc/image/2018/11/2/14/1737/4@3x的副本 2.png',`identity`='2',`type`='2',`network`='www.baidu.com',`logo`='http://ueditor.cdn.cuci.cc/image/2018/11/2/14/1749/4@3x的副本 2.png',`contacts_name`='荣彬',`contacts_emali`='447324105@qq.com',`contacts_mobile`='13268317045',`contacts_qq`='1301904135',`contacts_wechat`='c-r-bin',`channel_id`='2',`add_time`='2018-11-06 14:19:10' WHERE `channel_id` = 2 [ RunTime:0.0132s ]

[ 2018-11-06T14:20:07+08:00 ] ::1 /jonza/index.php/Channel/Index/add.shtml
INFO: [ app_begin ] --START--
INFO: Run Behavior\ReadHtmlCacheBehavior [ RunTime:0.000605s ]
INFO: [ app_begin ] --END-- [ RunTime:0.001106s ]
NOTIC: [8192] mysql_connect(): The mysql extension is deprecated and will be removed in the future: use mysqli or PDO instead E:\kejin\jonza\Library\Think\Library\Think\Session\Driver\Db.class.php 第 95 行.
SQL: SHOW COLUMNS FROM `wx_channel` [ RunTime:0.0084s ]
INFO: [ view_parse ] --START--
INFO: [ template_filter ] --START--
INFO: Run Behavior\ContentReplaceBehavior [ RunTime:0.000041s ]
INFO: [ template_filter ] --END-- [ RunTime:0.000069s ]
NOTIC: [8] Undefined index: name E:\kejin\jonza\Static\Runtime\Cache\Channel\c9f36cb6d9939da5747ebb8940ac4f0f.php 第 16 行.
NOTIC: [8] Undefined index: email E:\kejin\jonza\Static\Runtime\Cache\Channel\c9f36cb6d9939da5747ebb8940ac4f0f.php 第 23 行.
NOTIC: [8] Undefined index: portrait E:\kejin\jonza\Static\Runtime\Cache\Channel\c9f36cb6d9939da5747ebb8940ac4f0f.php 第 30 行.
NOTIC: [8] Undefined index: portrait E:\kejin\jonza\Static\Runtime\Cache\Channel\c9f36cb6d9939da5747ebb8940ac4f0f.php 第 32 行.
NOTIC: [8] Undefined index: identity E:\kejin\jonza\Static\Runtime\Cache\Channel\c9f36cb6d9939da5747ebb8940ac4f0f.php 第 40 行.
NOTIC: [8] Undefined index: identity E:\kejin\jonza\Static\Runtime\Cache\Channel\c9f36cb6d9939da5747ebb8940ac4f0f.php 第 41 行.
NOTIC: [8] Undefined index: type E:\kejin\jonza\Static\Runtime\Cache\Channel\c9f36cb6d9939da5747ebb8940ac4f0f.php 第 51 行.
NOTIC: [8] Undefined index: type E:\kejin\jonza\Static\Runtime\Cache\Channel\c9f36cb6d9939da5747ebb8940ac4f0f.php 第 52 行.
NOTIC: [8] Undefined index: type E:\kejin\jonza\Static\Runtime\Cache\Channel\c9f36cb6d9939da5747ebb8940ac4f0f.php 第 53 行.
NOTIC: [8] Undefined index: type E:\kejin\jonza\Static\Runtime\Cache\Channel\c9f36cb6d9939da5747ebb8940ac4f0f.php 第 54 行.
NOTIC: [8] Undefined index: type E:\kejin\jonza\Static\Runtime\Cache\Channel\c9f36cb6d9939da5747ebb8940ac4f0f.php 第 55 行.
NOTIC: [8] Undefined index: network E:\kejin\jonza\Static\Runtime\Cache\Channel\c9f36cb6d9939da5747ebb8940ac4f0f.php 第 63 行.
NOTIC: [8] Undefined index: logo E:\kejin\jonza\Static\Runtime\Cache\Channel\c9f36cb6d9939da5747ebb8940ac4f0f.php 第 70 行.
NOTIC: [8] Undefined index: logo E:\kejin\jonza\Static\Runtime\Cache\Channel\c9f36cb6d9939da5747ebb8940ac4f0f.php 第 72 行.
NOTIC: [8] Undefined index: contacts_name E:\kejin\jonza\Static\Runtime\Cache\Channel\c9f36cb6d9939da5747ebb8940ac4f0f.php 第 79 行.
NOTIC: [8] Undefined index: contacts_emali E:\kejin\jonza\Static\Runtime\Cache\Channel\c9f36cb6d9939da5747ebb8940ac4f0f.php 第 86 行.
NOTIC: [8] Undefined index: contacts_mobile E:\kejin\jonza\Static\Runtime\Cache\Channel\c9f36cb6d9939da5747ebb8940ac4f0f.php 第 94 行.
NOTIC: [8] Undefined index: contacts_qq E:\kejin\jonza\Static\Runtime\Cache\Channel\c9f36cb6d9939da5747ebb8940ac4f0f.php 第 101 行.
NOTIC: [8] Undefined index: contacts_wechat E:\kejin\jonza\Static\Runtime\Cache\Channel\c9f36cb6d9939da5747ebb8940ac4f0f.php 第 108 行.
NOTIC: [8] Undefined index: status E:\kejin\jonza\Static\Runtime\Cache\Channel\c9f36cb6d9939da5747ebb8940ac4f0f.php 第 116 行.
NOTIC: [8] Undefined index: status E:\kejin\jonza\Static\Runtime\Cache\Channel\c9f36cb6d9939da5747ebb8940ac4f0f.php 第 117 行.
INFO: Run Behavior\ParseTemplateBehavior [ RunTime:0.008373s ]
INFO: [ view_parse ] --END-- [ RunTime:0.008402s ]
INFO: [ view_filter ] --START--
INFO: Run Behavior\WriteHtmlCacheBehavior [ RunTime:0.000469s ]
INFO: Run Library\Behavior\EmptyImageBehavior [ RunTime:0.001088s ]
INFO: [ view_filter ] --END-- [ RunTime:0.001599s ]
INFO: [ app_end ] --START--
INFO: Run Behavior\ShowPageTraceBehavior [ RunTime:0.000661s ]
INFO: [ app_end ] --END-- [ RunTime:0.000756s ]

[ 2018-11-06T14:20:32+08:00 ] ::1 /jonza/index.php/Channel/Index/add.shtml
INFO: [ app_begin ] --START--
INFO: Run Behavior\ReadHtmlCacheBehavior [ RunTime:0.000507s ]
INFO: [ app_begin ] --END-- [ RunTime:0.000940s ]
NOTIC: [8192] mysql_connect(): The mysql extension is deprecated and will be removed in the future: use mysqli or PDO instead E:\kejin\jonza\Library\Think\Library\Think\Session\Driver\Db.class.php 第 95 行.
SQL: SHOW COLUMNS FROM `wx_channel` [ RunTime:0.0510s ]
SQL: SELECT * FROM `wx_channel` WHERE `name` = 'da' LIMIT 1   [ RunTime:0.0882s ]
SQL: SELECT COUNT(*) AS tp_count FROM `wx_channel` WHERE `channel_id` = 0 LIMIT 1   [ RunTime:0.0077s ]
SQL: SELECT * FROM `wx_channel` WHERE `name` = 'da' LIMIT 1   [ RunTime:0.0078s ]
SQL: INSERT INTO `wx_channel` (`name`,`email`,`portrait`,`identity`,`type`,`network`,`logo`,`contacts_name`,`contacts_emali`,`contacts_mobile`,`contacts_qq`,`contacts_wechat`,`channel_id`,`ad_num`,`add_time`) VALUES ('da','1301904135@qq.com','http://ueditor.cdn.cuci.cc/image/2018/11/2/14/2014/4@3x的副本 2.png','1','2','dada','http://ueditor.cdn.cuci.cc/image/2018/11/2/14/2024/4@3x的副本 2.png','荣彬','447324105@qq.com','13268317045','1301904135','c-r-bin','0','0','2018-11-06 14:20:32') [ RunTime:0.0102s ]

[ 2018-11-06T14:21:05+08:00 ] ::1 /jonza/index.php?s=Channel/Index/del
INFO: [ app_begin ] --START--
INFO: Run Behavior\ReadHtmlCacheBehavior [ RunTime:0.000707s ]
INFO: [ app_begin ] --END-- [ RunTime:0.001355s ]
NOTIC: [8192] mysql_connect(): The mysql extension is deprecated and will be removed in the future: use mysqli or PDO instead E:\kejin\jonza\Library\Think\Library\Think\Session\Driver\Db.class.php 第 95 行.
SQL: SHOW COLUMNS FROM `wx_channel` [ RunTime:0.0092s ]
SQL: DELETE FROM `wx_channel` WHERE `channel_id` IN ('2') [ RunTime:0.0105s ]

[ 2018-11-06T14:27:10+08:00 ] ::1 /jonza/index.php/Channel/Index/add.shtml
INFO: [ app_begin ] --START--
INFO: Run Behavior\ReadHtmlCacheBehavior [ RunTime:0.000561s ]
INFO: [ app_begin ] --END-- [ RunTime:0.001017s ]
NOTIC: [8192] mysql_connect(): The mysql extension is deprecated and will be removed in the future: use mysqli or PDO instead E:\kejin\jonza\Library\Think\Library\Think\Session\Driver\Db.class.php 第 95 行.
SQL: SHOW COLUMNS FROM `wx_channel` [ RunTime:0.0075s ]
INFO: [ view_parse ] --START--
INFO: [ template_filter ] --START--
INFO: Run Behavior\ContentReplaceBehavior [ RunTime:0.000042s ]
INFO: [ template_filter ] --END-- [ RunTime:0.000071s ]
NOTIC: [8] Undefined index: name E:\kejin\jonza\Static\Runtime\Cache\Channel\c9f36cb6d9939da5747ebb8940ac4f0f.php 第 16 行.
NOTIC: [8] Undefined index: email E:\kejin\jonza\Static\Runtime\Cache\Channel\c9f36cb6d9939da5747ebb8940ac4f0f.php 第 23 行.
NOTIC: [8] Undefined index: portrait E:\kejin\jonza\Static\Runtime\Cache\Channel\c9f36cb6d9939da5747ebb8940ac4f0f.php 第 30 行.
NOTIC: [8] Undefined index: portrait E:\kejin\jonza\Static\Runtime\Cache\Channel\c9f36cb6d9939da5747ebb8940ac4f0f.php 第 32 行.
NOTIC: [8] Undefined index: identity E:\kejin\jonza\Static\Runtime\Cache\Channel\c9f36cb6d9939da5747ebb8940ac4f0f.php 第 40 行.
NOTIC: [8] Undefined index: identity E:\kejin\jonza\Static\Runtime\Cache\Channel\c9f36cb6d9939da5747ebb8940ac4f0f.php 第 41 行.
NOTIC: [8] Undefined index: type E:\kejin\jonza\Static\Runtime\Cache\Channel\c9f36cb6d9939da5747ebb8940ac4f0f.php 第 51 行.
NOTIC: [8] Undefined index: type E:\kejin\jonza\Static\Runtime\Cache\Channel\c9f36cb6d9939da5747ebb8940ac4f0f.php 第 52 行.
NOTIC: [8] Undefined index: type E:\kejin\jonza\Static\Runtime\Cache\Channel\c9f36cb6d9939da5747ebb8940ac4f0f.php 第 53 行.
NOTIC: [8] Undefined index: type E:\kejin\jonza\Static\Runtime\Cache\Channel\c9f36cb6d9939da5747ebb8940ac4f0f.php 第 54 行.
NOTIC: [8] Undefined index: type E:\kejin\jonza\Static\Runtime\Cache\Channel\c9f36cb6d9939da5747ebb8940ac4f0f.php 第 55 行.
NOTIC: [8] Undefined index: network E:\kejin\jonza\Static\Runtime\Cache\Channel\c9f36cb6d9939da5747ebb8940ac4f0f.php 第 63 行.
NOTIC: [8] Undefined index: logo E:\kejin\jonza\Static\Runtime\Cache\Channel\c9f36cb6d9939da5747ebb8940ac4f0f.php 第 70 行.
NOTIC: [8] Undefined index: logo E:\kejin\jonza\Static\Runtime\Cache\Channel\c9f36cb6d9939da5747ebb8940ac4f0f.php 第 72 行.
NOTIC: [8] Undefined index: contacts_name E:\kejin\jonza\Static\Runtime\Cache\Channel\c9f36cb6d9939da5747ebb8940ac4f0f.php 第 79 行.
NOTIC: [8] Undefined index: contacts_emali E:\kejin\jonza\Static\Runtime\Cache\Channel\c9f36cb6d9939da5747ebb8940ac4f0f.php 第 86 行.
NOTIC: [8] Undefined index: contacts_mobile E:\kejin\jonza\Static\Runtime\Cache\Channel\c9f36cb6d9939da5747ebb8940ac4f0f.php 第 94 行.
NOTIC: [8] Undefined index: contacts_qq E:\kejin\jonza\Static\Runtime\Cache\Channel\c9f36cb6d9939da5747ebb8940ac4f0f.php 第 101 行.
NOTIC: [8] Undefined index: contacts_wechat E:\kejin\jonza\Static\Runtime\Cache\Channel\c9f36cb6d9939da5747ebb8940ac4f0f.php 第 108 行.
NOTIC: [8] Undefined index: status E:\kejin\jonza\Static\Runtime\Cache\Channel\c9f36cb6d9939da5747ebb8940ac4f0f.php 第 116 行.
NOTIC: [8] Undefined index: status E:\kejin\jonza\Static\Runtime\Cache\Channel\c9f36cb6d9939da5747ebb8940ac4f0f.php 第 117 行.
INFO: Run Behavior\ParseTemplateBehavior [ RunTime:0.009247s ]
INFO: [ view_parse ] --END-- [ RunTime:0.009274s ]
INFO: [ view_filter ] --START--
INFO: Run Behavior\WriteHtmlCacheBehavior [ RunTime:0.000426s ]
INFO: Run Library\Behavior\EmptyImageBehavior [ RunTime:0.000929s ]
INFO: [ view_filter ] --END-- [ RunTime:0.001392s ]
INFO: [ app_end ] --START--
INFO: Run Behavior\ShowPageTraceBehavior [ RunTime:0.000543s ]
INFO: [ app_end ] --END-- [ RunTime:0.000566s ]

[ 2018-11-06T14:27:43+08:00 ] ::1 /jonza/index.php/Channel/Index/add.shtml
INFO: [ app_begin ] --START--
INFO: Run Behavior\ReadHtmlCacheBehavior [ RunTime:0.000548s ]
INFO: [ app_begin ] --END-- [ RunTime:0.001042s ]
NOTIC: [8192] mysql_connect(): The mysql extension is deprecated and will be removed in the future: use mysqli or PDO instead E:\kejin\jonza\Library\Think\Library\Think\Session\Driver\Db.class.php 第 95 行.
SQL: SHOW COLUMNS FROM `wx_channel` [ RunTime:0.0075s ]
SQL: SELECT * FROM `wx_channel` WHERE `name` = '应用汇' LIMIT 1   [ RunTime:0.0077s ]
SQL: SELECT COUNT(*) AS tp_count FROM `wx_channel` WHERE `channel_id` = 0 LIMIT 1   [ RunTime:0.0070s ]
SQL: SELECT * FROM `wx_channel` WHERE `name` = '应用汇' LIMIT 1   [ RunTime:0.0069s ]
SQL: INSERT INTO `wx_channel` (`name`,`email`,`portrait`,`identity`,`type`,`network`,`logo`,`contacts_name`,`contacts_emali`,`contacts_mobile`,`contacts_qq`,`contacts_wechat`,`channel_id`,`ad_num`,`add_time`) VALUES ('应用汇','1301904135@qq.com','http://ueditor.cdn.cuci.cc/image/2018/11/2/14/2725/4@3x的副本 2.png','1','2','www.baidu.com','http://ueditor.cdn.cuci.cc/image/2018/11/2/14/2734/4@3x的副本 2.png','荣彬','447324105@qq.com','13268317045','1301904135','c-r-bin','0','0','2018-11-06 14:27:43') [ RunTime:0.0113s ]

[ 2018-11-06T15:43:00+08:00 ] ::1 /jonza/index.php?s=Channel/Index/del
INFO: [ app_begin ] --START--
INFO: Run Behavior\ReadHtmlCacheBehavior [ RunTime:0.000532s ]
INFO: [ app_begin ] --END-- [ RunTime:0.001001s ]
NOTIC: [8192] mysql_connect(): The mysql extension is deprecated and will be removed in the future: use mysqli or PDO instead E:\kejin\jonza\Library\Think\Library\Think\Session\Driver\Db.class.php 第 95 行.
SQL: SHOW COLUMNS FROM `wx_channel` [ RunTime:0.0085s ]
SQL: DELETE FROM `wx_channel` WHERE `channel_id` IN ('3') [ RunTime:0.0106s ]

[ 2018-11-06T15:43:04+08:00 ] ::1 /jonza/index.php?s=Channel/Index/del
INFO: [ app_begin ] --START--
INFO: Run Behavior\ReadHtmlCacheBehavior [ RunTime:0.000576s ]
INFO: [ app_begin ] --END-- [ RunTime:0.001048s ]
NOTIC: [8192] mysql_connect(): The mysql extension is deprecated and will be removed in the future: use mysqli or PDO instead E:\kejin\jonza\Library\Think\Library\Think\Session\Driver\Db.class.php 第 95 行.
SQL: SHOW COLUMNS FROM `wx_channel` [ RunTime:0.0086s ]
SQL: DELETE FROM `wx_channel` WHERE `channel_id` IN ('4') [ RunTime:0.0100s ]

[ 2018-11-06T15:43:15+08:00 ] ::1 /jonza/index.php/Channel/Index/add.shtml
INFO: [ app_begin ] --START--
INFO: Run Behavior\ReadHtmlCacheBehavior [ RunTime:0.000819s ]
INFO: [ app_begin ] --END-- [ RunTime:0.001221s ]
NOTIC: [8192] mysql_connect(): The mysql extension is deprecated and will be removed in the future: use mysqli or PDO instead E:\kejin\jonza\Library\Think\Library\Think\Session\Driver\Db.class.php 第 95 行.
SQL: SHOW COLUMNS FROM `wx_channel` [ RunTime:0.0075s ]
INFO: [ view_parse ] --START--
INFO: [ template_filter ] --START--
INFO: Run Behavior\ContentReplaceBehavior [ RunTime:0.000071s ]
INFO: [ template_filter ] --END-- [ RunTime:0.000121s ]
NOTIC: [8] Undefined index: name E:\kejin\jonza\Static\Runtime\Cache\Channel\c9f36cb6d9939da5747ebb8940ac4f0f.php 第 16 行.
NOTIC: [8] Undefined index: email E:\kejin\jonza\Static\Runtime\Cache\Channel\c9f36cb6d9939da5747ebb8940ac4f0f.php 第 23 行.
NOTIC: [8] Undefined index: portrait E:\kejin\jonza\Static\Runtime\Cache\Channel\c9f36cb6d9939da5747ebb8940ac4f0f.php 第 30 行.
NOTIC: [8] Undefined index: portrait E:\kejin\jonza\Static\Runtime\Cache\Channel\c9f36cb6d9939da5747ebb8940ac4f0f.php 第 32 行.
NOTIC: [8] Undefined index: identity E:\kejin\jonza\Static\Runtime\Cache\Channel\c9f36cb6d9939da5747ebb8940ac4f0f.php 第 40 行.
NOTIC: [8] Undefined index: identity E:\kejin\jonza\Static\Runtime\Cache\Channel\c9f36cb6d9939da5747ebb8940ac4f0f.php 第 41 行.
NOTIC: [8] Undefined index: type E:\kejin\jonza\Static\Runtime\Cache\Channel\c9f36cb6d9939da5747ebb8940ac4f0f.php 第 51 行.
NOTIC: [8] Undefined index: type E:\kejin\jonza\Static\Runtime\Cache\Channel\c9f36cb6d9939da5747ebb8940ac4f0f.php 第 52 行.
NOTIC: [8] Undefined index: type E:\kejin\jonza\Static\Runtime\Cache\Channel\c9f36cb6d9939da5747ebb8940ac4f0f.php 第 53 行.
NOTIC: [8] Undefined index: type E:\kejin\jonza\Static\Runtime\Cache\Channel\c9f36cb6d9939da5747ebb8940ac4f0f.php 第 54 行.
NOTIC: [8] Undefined index: type E:\kejin\jonza\Static\Runtime\Cache\Channel\c9f36cb6d9939da5747ebb8940ac4f0f.php 第 55 行.
NOTIC: [8] Undefined index: network E:\kejin\jonza\Static\Runtime\Cache\Channel\c9f36cb6d9939da5747ebb8940ac4f0f.php 第 63 行.
NOTIC: [8] Undefined index: logo E:\kejin\jonza\Static\Runtime\Cache\Channel\c9f36cb6d9939da5747ebb8940ac4f0f.php 第 70 行.
NOTIC: [8] Undefined index: logo E:\kejin\jonza\Static\Runtime\Cache\Channel\c9f36cb6d9939da5747ebb8940ac4f0f.php 第 72 行.
NOTIC: [8] Undefined index: contacts_name E:\kejin\jonza\Static\Runtime\Cache\Channel\c9f36cb6d9939da5747ebb8940ac4f0f.php 第 79 行.
NOTIC: [8] Undefined index: contacts_emali E:\kejin\jonza\Static\Runtime\Cache\Channel\c9f36cb6d9939da5747ebb8940ac4f0f.php 第 86 行.
NOTIC: [8] Undefined index: contacts_mobile E:\kejin\jonza\Static\Runtime\Cache\Channel\c9f36cb6d9939da5747ebb8940ac4f0f.php 第 94 行.
NOTIC: [8] Undefined index: contacts_qq E:\kejin\jonza\Static\Runtime\Cache\Channel\c9f36cb6d9939da5747ebb8940ac4f0f.php 第 101 行.
NOTIC: [8] Undefined index: contacts_wechat E:\kejin\jonza\Static\Runtime\Cache\Channel\c9f36cb6d9939da5747ebb8940ac4f0f.php 第 108 行.
NOTIC: [8] Undefined index: status E:\kejin\jonza\Static\Runtime\Cache\Channel\c9f36cb6d9939da5747ebb8940ac4f0f.php 第 116 行.
NOTIC: [8] Undefined index: status E:\kejin\jonza\Static\Runtime\Cache\Channel\c9f36cb6d9939da5747ebb8940ac4f0f.php 第 117 行.
INFO: Run Behavior\ParseTemplateBehavior [ RunTime:0.013219s ]
INFO: [ view_parse ] --END-- [ RunTime:0.013277s ]
INFO: [ view_filter ] --START--
INFO: Run Behavior\WriteHtmlCacheBehavior [ RunTime:0.000716s ]
INFO: Run Library\Behavior\EmptyImageBehavior [ RunTime:0.001244s ]
INFO: [ view_filter ] --END-- [ RunTime:0.002060s ]
INFO: [ app_end ] --START--
INFO: Run Behavior\ShowPageTraceBehavior [ RunTime:0.000828s ]
INFO: [ app_end ] --END-- [ RunTime:0.000888s ]

[ 2018-11-06T15:43:49+08:00 ] ::1 /jonza/index.php/Channel/Index/add.shtml
INFO: [ app_begin ] --START--
INFO: Run Behavior\ReadHtmlCacheBehavior [ RunTime:0.000661s ]
INFO: [ app_begin ] --END-- [ RunTime:0.001163s ]
NOTIC: [8192] mysql_connect(): The mysql extension is deprecated and will be removed in the future: use mysqli or PDO instead E:\kejin\jonza\Library\Think\Library\Think\Session\Driver\Db.class.php 第 95 行.
SQL: SHOW COLUMNS FROM `wx_channel` [ RunTime:0.0095s ]
SQL: SELECT * FROM `wx_channel` WHERE `name` = '应用汇' LIMIT 1   [ RunTime:0.0080s ]
SQL: SELECT COUNT(*) AS tp_count FROM `wx_channel` WHERE `channel_id` = 0 LIMIT 1   [ RunTime:0.0165s ]
SQL: SELECT * FROM `wx_channel` WHERE `name` = '应用汇' LIMIT 1   [ RunTime:0.0090s ]
SQL: INSERT INTO `wx_channel` (`name`,`email`,`portrait`,`identity`,`type`,`network`,`logo`,`contacts_name`,`contacts_emali`,`contacts_mobile`,`contacts_qq`,`contacts_wechat`,`channel_id`,`ad_num`,`add_time`) VALUES ('应用汇','447324105@qq.com','http://ueditor.cdn.cuci.cc/image/2018/11/2/15/4329/4@3x的副本 2.png','1','2','www.baidu.com','http://ueditor.cdn.cuci.cc/image/2018/11/2/15/4339/4@3x的副本 2.png','荣彬','447324105@qq.com','13268317045','1301904135','c-r-bin','0','0','2018-11-06 15:43:49') [ RunTime:0.0104s ]
SQL: SELECT COUNT(*) AS tp_count FROM `wx_channel` WHERE `channel_id` = 5 LIMIT 1   [ RunTime:0.0090s ]
SQL: UPDATE `wx_channel` SET `ad_num`='0',`add_time`='2018-11-06 15:43:49' WHERE `channel_id` = 5 [ RunTime:0.0106s ]

[ 2018-11-06T15:44:13+08:00 ] ::1 /jonza/index.php/Channel/Index/edit/id/5.shtml
INFO: [ app_begin ] --START--
INFO: Run Behavior\ReadHtmlCacheBehavior [ RunTime:0.000597s ]
INFO: [ app_begin ] --END-- [ RunTime:0.001174s ]
NOTIC: [8192] mysql_connect(): The mysql extension is deprecated and will be removed in the future: use mysqli or PDO instead E:\kejin\jonza\Library\Think\Library\Think\Session\Driver\Db.class.php 第 95 行.
SQL: SHOW COLUMNS FROM `wx_channel` [ RunTime:0.0096s ]
SQL: SELECT * FROM `wx_channel` WHERE `channel_id` = 5 LIMIT 1   [ RunTime:0.0094s ]
INFO: [ view_parse ] --START--
INFO: [ template_filter ] --START--
INFO: Run Behavior\ContentReplaceBehavior [ RunTime:0.000043s ]
INFO: [ template_filter ] --END-- [ RunTime:0.000073s ]
INFO: Run Behavior\ParseTemplateBehavior [ RunTime:0.008912s ]
INFO: [ view_parse ] --END-- [ RunTime:0.008950s ]
INFO: [ view_filter ] --START--
INFO: Run Behavior\WriteHtmlCacheBehavior [ RunTime:0.000398s ]
INFO: Run Library\Behavior\EmptyImageBehavior [ RunTime:0.000931s ]
INFO: [ view_filter ] --END-- [ RunTime:0.001366s ]
INFO: [ app_end ] --START--
INFO: Run Behavior\ShowPageTraceBehavior [ RunTime:0.000546s ]
INFO: [ app_end ] --END-- [ RunTime:0.000572s ]

[ 2018-11-06T15:44:16+08:00 ] ::1 /jonza/index.php/Channel/Index/edit/id/5.shtml
INFO: [ app_begin ] --START--
INFO: Run Behavior\ReadHtmlCacheBehavior [ RunTime:0.000553s ]
INFO: [ app_begin ] --END-- [ RunTime:0.001006s ]
NOTIC: [8192] mysql_connect(): The mysql extension is deprecated and will be removed in the future: use mysqli or PDO instead E:\kejin\jonza\Library\Think\Library\Think\Session\Driver\Db.class.php 第 95 行.
SQL: SHOW COLUMNS FROM `wx_channel` [ RunTime:0.0085s ]
SQL: SELECT COUNT(*) AS tp_count FROM `wx_channel` WHERE `channel_id` = 5 LIMIT 1   [ RunTime:0.0082s ]
SQL: UPDATE `wx_channel` SET `name`='应用汇1',`email`='447324105@qq.com',`portrait`='http://ueditor.cdn.cuci.cc/image/2018/11/2/15/4329/4@3x的副本 2.png',`identity`='2',`type`='2',`network`='www.baidu.com',`logo`='http://ueditor.cdn.cuci.cc/image/2018/11/2/15/4339/4@3x的副本 2.png',`contacts_name`='荣彬',`contacts_emali`='447324105@qq.com',`contacts_mobile`='13268317045',`contacts_qq`='1301904135',`contacts_wechat`='c-r-bin',`channel_id`='5',`add_time`='2018-11-06 15:44:16' WHERE `channel_id` = 5 [ RunTime:0.0109s ]
NOTIC: [8] Undefined index: id E:\kejin\jonza\Module\Channel\Controller\IndexController.class.php 第 86 行.

[ 2018-11-06T15:44:20+08:00 ] ::1 /jonza/index.php/Channel/Index/add.shtml
INFO: [ app_begin ] --START--
INFO: Run Behavior\ReadHtmlCacheBehavior [ RunTime:0.000553s ]
INFO: [ app_begin ] --END-- [ RunTime:0.001034s ]
NOTIC: [8192] mysql_connect(): The mysql extension is deprecated and will be removed in the future: use mysqli or PDO instead E:\kejin\jonza\Library\Think\Library\Think\Session\Driver\Db.class.php 第 95 行.
SQL: SHOW COLUMNS FROM `wx_channel` [ RunTime:0.0086s ]
INFO: [ view_parse ] --START--
INFO: [ template_filter ] --START--
INFO: Run Behavior\ContentReplaceBehavior [ RunTime:0.000094s ]
INFO: [ template_filter ] --END-- [ RunTime:0.000165s ]
NOTIC: [8] Undefined index: name E:\kejin\jonza\Static\Runtime\Cache\Channel\c9f36cb6d9939da5747ebb8940ac4f0f.php 第 16 行.
NOTIC: [8] Undefined index: email E:\kejin\jonza\Static\Runtime\Cache\Channel\c9f36cb6d9939da5747ebb8940ac4f0f.php 第 23 行.
NOTIC: [8] Undefined index: portrait E:\kejin\jonza\Static\Runtime\Cache\Channel\c9f36cb6d9939da5747ebb8940ac4f0f.php 第 30 行.
NOTIC: [8] Undefined index: portrait E:\kejin\jonza\Static\Runtime\Cache\Channel\c9f36cb6d9939da5747ebb8940ac4f0f.php 第 32 行.
NOTIC: [8] Undefined index: identity E:\kejin\jonza\Static\Runtime\Cache\Channel\c9f36cb6d9939da5747ebb8940ac4f0f.php 第 40 行.
NOTIC: [8] Undefined index: identity E:\kejin\jonza\Static\Runtime\Cache\Channel\c9f36cb6d9939da5747ebb8940ac4f0f.php 第 41 行.
NOTIC: [8] Undefined index: type E:\kejin\jonza\Static\Runtime\Cache\Channel\c9f36cb6d9939da5747ebb8940ac4f0f.php 第 51 行.
NOTIC: [8] Undefined index: type E:\kejin\jonza\Static\Runtime\Cache\Channel\c9f36cb6d9939da5747ebb8940ac4f0f.php 第 52 行.
NOTIC: [8] Undefined index: type E:\kejin\jonza\Static\Runtime\Cache\Channel\c9f36cb6d9939da5747ebb8940ac4f0f.php 第 53 行.
NOTIC: [8] Undefined index: type E:\kejin\jonza\Static\Runtime\Cache\Channel\c9f36cb6d9939da5747ebb8940ac4f0f.php 第 54 行.
NOTIC: [8] Undefined index: type E:\kejin\jonza\Static\Runtime\Cache\Channel\c9f36cb6d9939da5747ebb8940ac4f0f.php 第 55 行.
NOTIC: [8] Undefined index: network E:\kejin\jonza\Static\Runtime\Cache\Channel\c9f36cb6d9939da5747ebb8940ac4f0f.php 第 63 行.
NOTIC: [8] Undefined index: logo E:\kejin\jonza\Static\Runtime\Cache\Channel\c9f36cb6d9939da5747ebb8940ac4f0f.php 第 70 行.
NOTIC: [8] Undefined index: logo E:\kejin\jonza\Static\Runtime\Cache\Channel\c9f36cb6d9939da5747ebb8940ac4f0f.php 第 72 行.
NOTIC: [8] Undefined index: contacts_name E:\kejin\jonza\Static\Runtime\Cache\Channel\c9f36cb6d9939da5747ebb8940ac4f0f.php 第 79 行.
NOTIC: [8] Undefined index: contacts_emali E:\kejin\jonza\Static\Runtime\Cache\Channel\c9f36cb6d9939da5747ebb8940ac4f0f.php 第 86 行.
NOTIC: [8] Undefined index: contacts_mobile E:\kejin\jonza\Static\Runtime\Cache\Channel\c9f36cb6d9939da5747ebb8940ac4f0f.php 第 94 行.
NOTIC: [8] Undefined index: contacts_qq E:\kejin\jonza\Static\Runtime\Cache\Channel\c9f36cb6d9939da5747ebb8940ac4f0f.php 第 101 行.
NOTIC: [8] Undefined index: contacts_wechat E:\kejin\jonza\Static\Runtime\Cache\Channel\c9f36cb6d9939da5747ebb8940ac4f0f.php 第 108 行.
NOTIC: [8] Undefined index: status E:\kejin\jonza\Static\Runtime\Cache\Channel\c9f36cb6d9939da5747ebb8940ac4f0f.php 第 116 行.
NOTIC: [8] Undefined index: status E:\kejin\jonza\Static\Runtime\Cache\Channel\c9f36cb6d9939da5747ebb8940ac4f0f.php 第 117 行.
INFO: Run Behavior\ParseTemplateBehavior [ RunTime:0.018126s ]
INFO: [ view_parse ] --END-- [ RunTime:0.018186s ]
INFO: [ view_filter ] --START--
INFO: Run Behavior\WriteHtmlCacheBehavior [ RunTime:0.000872s ]
INFO: Run Library\Behavior\EmptyImageBehavior [ RunTime:0.001960s ]
INFO: [ view_filter ] --END-- [ RunTime:0.002920s ]
INFO: [ app_end ] --START--
INFO: Run Behavior\ShowPageTraceBehavior [ RunTime:0.001102s ]
INFO: [ app_end ] --END-- [ RunTime:0.001158s ]

[ 2018-11-06T15:44:43+08:00 ] ::1 /jonza/index.php/Channel/Index/add.shtml
INFO: [ app_begin ] --START--
INFO: Run Behavior\ReadHtmlCacheBehavior [ RunTime:0.000740s ]
INFO: [ app_begin ] --END-- [ RunTime:0.001344s ]
NOTIC: [8192] mysql_connect(): The mysql extension is deprecated and will be removed in the future: use mysqli or PDO instead E:\kejin\jonza\Library\Think\Library\Think\Session\Driver\Db.class.php 第 95 行.
SQL: SHOW COLUMNS FROM `wx_channel` [ RunTime:0.0085s ]
SQL: SELECT * FROM `wx_channel` WHERE `name` = 'dada' LIMIT 1   [ RunTime:0.0080s ]
SQL: SELECT COUNT(*) AS tp_count FROM `wx_channel` WHERE `channel_id` = 0 LIMIT 1   [ RunTime:0.0082s ]
SQL: SELECT * FROM `wx_channel` WHERE `name` = 'dada' LIMIT 1   [ RunTime:0.0080s ]
SQL: INSERT INTO `wx_channel` (`name`,`email`,`portrait`,`identity`,`type`,`network`,`logo`,`contacts_name`,`contacts_emali`,`contacts_mobile`,`contacts_qq`,`contacts_wechat`,`channel_id`,`ad_num`,`add_time`) VALUES ('dada','dada','http://ueditor.cdn.cuci.cc/image/2018/11/2/15/4427/4@3x的副本 2.png','1','2','ddad','http://ueditor.cdn.cuci.cc/image/2018/11/2/15/4435/4@3x的副本 2.png','荣彬','447324105@qq.com','13268317045','1301904135','c-r-bin','0','0','2018-11-06 15:44:43') [ RunTime:0.0108s ]
SQL: SELECT COUNT(*) AS tp_count FROM `wx_channel` WHERE `channel_id` = 6 LIMIT 1   [ RunTime:0.0079s ]
SQL: UPDATE `wx_channel` SET `ad_num`='0',`add_time`='2018-11-06 15:44:43' WHERE `channel_id` = 6 [ RunTime:0.0098s ]

[ 2018-11-06T15:45:26+08:00 ] ::1 /jonza/index.php/Channel/Index/add.shtml
INFO: [ app_begin ] --START--
INFO: Run Behavior\ReadHtmlCacheBehavior [ RunTime:0.000839s ]
INFO: [ app_begin ] --END-- [ RunTime:0.001593s ]
NOTIC: [8192] mysql_connect(): The mysql extension is deprecated and will be removed in the future: use mysqli or PDO instead E:\kejin\jonza\Library\Think\Library\Think\Session\Driver\Db.class.php 第 95 行.
SQL: SHOW COLUMNS FROM `wx_channel` [ RunTime:0.0087s ]
INFO: [ view_parse ] --START--
INFO: [ template_filter ] --START--
INFO: Run Behavior\ContentReplaceBehavior [ RunTime:0.000173s ]
INFO: [ template_filter ] --END-- [ RunTime:0.000285s ]
NOTIC: [8] Undefined index: name E:\kejin\jonza\Static\Runtime\Cache\Channel\c9f36cb6d9939da5747ebb8940ac4f0f.php 第 16 行.
NOTIC: [8] Undefined index: email E:\kejin\jonza\Static\Runtime\Cache\Channel\c9f36cb6d9939da5747ebb8940ac4f0f.php 第 23 行.
NOTIC: [8] Undefined index: portrait E:\kejin\jonza\Static\Runtime\Cache\Channel\c9f36cb6d9939da5747ebb8940ac4f0f.php 第 30 行.
NOTIC: [8] Undefined index: portrait E:\kejin\jonza\Static\Runtime\Cache\Channel\c9f36cb6d9939da5747ebb8940ac4f0f.php 第 32 行.
NOTIC: [8] Undefined index: identity E:\kejin\jonza\Static\Runtime\Cache\Channel\c9f36cb6d9939da5747ebb8940ac4f0f.php 第 40 行.
NOTIC: [8] Undefined index: identity E:\kejin\jonza\Static\Runtime\Cache\Channel\c9f36cb6d9939da5747ebb8940ac4f0f.php 第 41 行.
NOTIC: [8] Undefined index: type E:\kejin\jonza\Static\Runtime\Cache\Channel\c9f36cb6d9939da5747ebb8940ac4f0f.php 第 51 行.
NOTIC: [8] Undefined index: type E:\kejin\jonza\Static\Runtime\Cache\Channel\c9f36cb6d9939da5747ebb8940ac4f0f.php 第 52 行.
NOTIC: [8] Undefined index: type E:\kejin\jonza\Static\Runtime\Cache\Channel\c9f36cb6d9939da5747ebb8940ac4f0f.php 第 53 行.
NOTIC: [8] Undefined index: type E:\kejin\jonza\Static\Runtime\Cache\Channel\c9f36cb6d9939da5747ebb8940ac4f0f.php 第 54 行.
NOTIC: [8] Undefined index: type E:\kejin\jonza\Static\Runtime\Cache\Channel\c9f36cb6d9939da5747ebb8940ac4f0f.php 第 55 行.
NOTIC: [8] Undefined index: network E:\kejin\jonza\Static\Runtime\Cache\Channel\c9f36cb6d9939da5747ebb8940ac4f0f.php 第 63 行.
NOTIC: [8] Undefined index: logo E:\kejin\jonza\Static\Runtime\Cache\Channel\c9f36cb6d9939da5747ebb8940ac4f0f.php 第 70 行.
NOTIC: [8] Undefined index: logo E:\kejin\jonza\Static\Runtime\Cache\Channel\c9f36cb6d9939da5747ebb8940ac4f0f.php 第 72 行.
NOTIC: [8] Undefined index: contacts_name E:\kejin\jonza\Static\Runtime\Cache\Channel\c9f36cb6d9939da5747ebb8940ac4f0f.php 第 79 行.
NOTIC: [8] Undefined index: contacts_emali E:\kejin\jonza\Static\Runtime\Cache\Channel\c9f36cb6d9939da5747ebb8940ac4f0f.php 第 86 行.
NOTIC: [8] Undefined index: contacts_mobile E:\kejin\jonza\Static\Runtime\Cache\Channel\c9f36cb6d9939da5747ebb8940ac4f0f.php 第 94 行.
NOTIC: [8] Undefined index: contacts_qq E:\kejin\jonza\Static\Runtime\Cache\Channel\c9f36cb6d9939da5747ebb8940ac4f0f.php 第 101 行.
NOTIC: [8] Undefined index: contacts_wechat E:\kejin\jonza\Static\Runtime\Cache\Channel\c9f36cb6d9939da5747ebb8940ac4f0f.php 第 108 行.
NOTIC: [8] Undefined index: status E:\kejin\jonza\Static\Runtime\Cache\Channel\c9f36cb6d9939da5747ebb8940ac4f0f.php 第 116 行.
NOTIC: [8] Undefined index: status E:\kejin\jonza\Static\Runtime\Cache\Channel\c9f36cb6d9939da5747ebb8940ac4f0f.php 第 117 行.
INFO: Run Behavior\ParseTemplateBehavior [ RunTime:0.036202s ]
INFO: [ view_parse ] --END-- [ RunTime:0.036284s ]
INFO: [ view_filter ] --START--
INFO: Run Behavior\WriteHtmlCacheBehavior [ RunTime:0.001051s ]
INFO: Run Library\Behavior\EmptyImageBehavior [ RunTime:0.002222s ]
INFO: [ view_filter ] --END-- [ RunTime:0.003360s ]
INFO: [ app_end ] --START--
INFO: Run Behavior\ShowPageTraceBehavior [ RunTime:0.001276s ]
INFO: [ app_end ] --END-- [ RunTime:0.001330s ]

[ 2018-11-06T15:45:47+08:00 ] ::1 /jonza/index.php/Channel/Index/add.shtml
INFO: [ app_begin ] --START--
INFO: Run Behavior\ReadHtmlCacheBehavior [ RunTime:0.000834s ]
INFO: [ app_begin ] --END-- [ RunTime:0.001578s ]
NOTIC: [8192] mysql_connect(): The mysql extension is deprecated and will be removed in the future: use mysqli or PDO instead E:\kejin\jonza\Library\Think\Library\Think\Session\Driver\Db.class.php 第 95 行.
SQL: SHOW COLUMNS FROM `wx_channel` [ RunTime:0.0086s ]
SQL: SELECT * FROM `wx_channel` WHERE `name` = 'adad' LIMIT 1   [ RunTime:0.0083s ]
SQL: SELECT COUNT(*) AS tp_count FROM `wx_channel` WHERE `channel_id` = 0 LIMIT 1   [ RunTime:0.0084s ]
SQL: SELECT * FROM `wx_channel` WHERE `name` = 'adad' LIMIT 1   [ RunTime:0.0089s ]
SQL: INSERT INTO `wx_channel` (`name`,`email`,`portrait`,`identity`,`type`,`network`,`logo`,`contacts_name`,`contacts_emali`,`contacts_mobile`,`contacts_qq`,`contacts_wechat`,`channel_id`,`ad_num`,`add_time`) VALUES ('adad','dadad','http://ueditor.cdn.cuci.cc/image/2018/11/2/15/4532/4@3x的副本 2.png','1','2','www.baidu.com','http://ueditor.cdn.cuci.cc/image/2018/11/2/15/4540/4@3x的副本 2.png','荣彬','447324105@qq.com','13268317045','1301904135','c-r-bin','0','0','2018-11-06 15:45:47') [ RunTime:0.0108s ]
SQL: SELECT COUNT(*) AS tp_count FROM `wx_channel` WHERE `channel_id` = 7 LIMIT 1   [ RunTime:0.0086s ]
SQL: UPDATE `wx_channel` SET `ad_num`='0',`add_time`='2018-11-06 15:45:47' WHERE `channel_id` = 7 [ RunTime:0.0107s ]

[ 2018-11-06T15:47:01+08:00 ] ::1 /jonza/index.php?s=Channel/Index/del
INFO: [ app_begin ] --START--
INFO: Run Behavior\ReadHtmlCacheBehavior [ RunTime:0.000600s ]
INFO: [ app_begin ] --END-- [ RunTime:0.001129s ]
NOTIC: [8192] mysql_connect(): The mysql extension is deprecated and will be removed in the future: use mysqli or PDO instead E:\kejin\jonza\Library\Think\Library\Think\Session\Driver\Db.class.php 第 95 行.
SQL: SHOW COLUMNS FROM `wx_channel` [ RunTime:0.0086s ]
SQL: DELETE FROM `wx_channel` WHERE `channel_id` IN ('','','') [ RunTime:0.0080s ]

[ 2018-11-06T15:52:25+08:00 ] ::1 /jonza/index.php?s=Channel/Index/del
INFO: [ app_begin ] --START--
INFO: Run Behavior\ReadHtmlCacheBehavior [ RunTime:0.000543s ]
INFO: [ app_begin ] --END-- [ RunTime:0.001048s ]
NOTIC: [8192] mysql_connect(): The mysql extension is deprecated and will be removed in the future: use mysqli or PDO instead E:\kejin\jonza\Library\Think\Library\Think\Session\Driver\Db.class.php 第 95 行.
SQL: SHOW COLUMNS FROM `wx_channel` [ RunTime:0.0086s ]
SQL: DELETE FROM `wx_channel` WHERE `channel_id` IN ('','','') [ RunTime:0.0076s ]

[ 2018-11-06T15:58:01+08:00 ] ::1 /jonza/index.php/Channel/Index/add.shtml
INFO: [ app_begin ] --START--
INFO: Run Behavior\ReadHtmlCacheBehavior [ RunTime:0.000827s ]
INFO: [ app_begin ] --END-- [ RunTime:0.001579s ]
NOTIC: [8192] mysql_connect(): The mysql extension is deprecated and will be removed in the future: use mysqli or PDO instead E:\kejin\jonza\Library\Think\Library\Think\Session\Driver\Db.class.php 第 95 行.
SQL: SHOW COLUMNS FROM `wx_channel` [ RunTime:0.0096s ]
INFO: [ view_parse ] --START--
INFO: [ template_filter ] --START--
INFO: Run Behavior\ContentReplaceBehavior [ RunTime:0.000042s ]
INFO: [ template_filter ] --END-- [ RunTime:0.000074s ]
NOTIC: [8] Undefined index: name E:\kejin\jonza\Static\Runtime\Cache\Channel\c9f36cb6d9939da5747ebb8940ac4f0f.php 第 16 行.
NOTIC: [8] Undefined index: email E:\kejin\jonza\Static\Runtime\Cache\Channel\c9f36cb6d9939da5747ebb8940ac4f0f.php 第 23 行.
NOTIC: [8] Undefined index: portrait E:\kejin\jonza\Static\Runtime\Cache\Channel\c9f36cb6d9939da5747ebb8940ac4f0f.php 第 30 行.
NOTIC: [8] Undefined index: portrait E:\kejin\jonza\Static\Runtime\Cache\Channel\c9f36cb6d9939da5747ebb8940ac4f0f.php 第 32 行.
NOTIC: [8] Undefined index: identity E:\kejin\jonza\Static\Runtime\Cache\Channel\c9f36cb6d9939da5747ebb8940ac4f0f.php 第 40 行.
NOTIC: [8] Undefined index: identity E:\kejin\jonza\Static\Runtime\Cache\Channel\c9f36cb6d9939da5747ebb8940ac4f0f.php 第 41 行.
NOTIC: [8] Undefined index: type E:\kejin\jonza\Static\Runtime\Cache\Channel\c9f36cb6d9939da5747ebb8940ac4f0f.php 第 51 行.
NOTIC: [8] Undefined index: type E:\kejin\jonza\Static\Runtime\Cache\Channel\c9f36cb6d9939da5747ebb8940ac4f0f.php 第 52 行.
NOTIC: [8] Undefined index: type E:\kejin\jonza\Static\Runtime\Cache\Channel\c9f36cb6d9939da5747ebb8940ac4f0f.php 第 53 行.
NOTIC: [8] Undefined index: type E:\kejin\jonza\Static\Runtime\Cache\Channel\c9f36cb6d9939da5747ebb8940ac4f0f.php 第 54 行.
NOTIC: [8] Undefined index: type E:\kejin\jonza\Static\Runtime\Cache\Channel\c9f36cb6d9939da5747ebb8940ac4f0f.php 第 55 行.
NOTIC: [8] Undefined index: network E:\kejin\jonza\Static\Runtime\Cache\Channel\c9f36cb6d9939da5747ebb8940ac4f0f.php 第 63 行.
NOTIC: [8] Undefined index: logo E:\kejin\jonza\Static\Runtime\Cache\Channel\c9f36cb6d9939da5747ebb8940ac4f0f.php 第 70 行.
NOTIC: [8] Undefined index: logo E:\kejin\jonza\Static\Runtime\Cache\Channel\c9f36cb6d9939da5747ebb8940ac4f0f.php 第 72 行.
NOTIC: [8] Undefined index: contacts_name E:\kejin\jonza\Static\Runtime\Cache\Channel\c9f36cb6d9939da5747ebb8940ac4f0f.php 第 79 行.
NOTIC: [8] Undefined index: contacts_emali E:\kejin\jonza\Static\Runtime\Cache\Channel\c9f36cb6d9939da5747ebb8940ac4f0f.php 第 86 行.
NOTIC: [8] Undefined index: contacts_mobile E:\kejin\jonza\Static\Runtime\Cache\Channel\c9f36cb6d9939da5747ebb8940ac4f0f.php 第 94 行.
NOTIC: [8] Undefined index: contacts_qq E:\kejin\jonza\Static\Runtime\Cache\Channel\c9f36cb6d9939da5747ebb8940ac4f0f.php 第 101 行.
NOTIC: [8] Undefined index: contacts_wechat E:\kejin\jonza\Static\Runtime\Cache\Channel\c9f36cb6d9939da5747ebb8940ac4f0f.php 第 108 行.
NOTIC: [8] Undefined index: status E:\kejin\jonza\Static\Runtime\Cache\Channel\c9f36cb6d9939da5747ebb8940ac4f0f.php 第 116 行.
NOTIC: [8] Undefined index: status E:\kejin\jonza\Static\Runtime\Cache\Channel\c9f36cb6d9939da5747ebb8940ac4f0f.php 第 117 行.
INFO: Run Behavior\ParseTemplateBehavior [ RunTime:0.008568s ]
INFO: [ view_parse ] --END-- [ RunTime:0.008610s ]
INFO: [ view_filter ] --START--
INFO: Run Behavior\WriteHtmlCacheBehavior [ RunTime:0.000420s ]
INFO: Run Library\Behavior\EmptyImageBehavior [ RunTime:0.000908s ]
INFO: [ view_filter ] --END-- [ RunTime:0.001365s ]
INFO: [ app_end ] --START--
INFO: Run Behavior\ShowPageTraceBehavior [ RunTime:0.000553s ]
INFO: [ app_end ] --END-- [ RunTime:0.000577s ]

[ 2018-11-06T15:58:09+08:00 ] ::1 /jonza/index.php?s=Channel/Index/del
INFO: [ app_begin ] --START--
INFO: Run Behavior\ReadHtmlCacheBehavior [ RunTime:0.001053s ]
INFO: [ app_begin ] --END-- [ RunTime:0.001896s ]
NOTIC: [8192] mysql_connect(): The mysql extension is deprecated and will be removed in the future: use mysqli or PDO instead E:\kejin\jonza\Library\Think\Library\Think\Session\Driver\Db.class.php 第 95 行.
SQL: SHOW COLUMNS FROM `wx_channel` [ RunTime:0.0085s ]
SQL: DELETE FROM `wx_channel` WHERE `channel_id` IN ('5') [ RunTime:0.0167s ]

[ 2018-11-06T15:58:14+08:00 ] ::1 /jonza/index.php?s=Channel/Index/del
INFO: [ app_begin ] --START--
INFO: Run Behavior\ReadHtmlCacheBehavior [ RunTime:0.000599s ]
INFO: [ app_begin ] --END-- [ RunTime:0.001285s ]
NOTIC: [8192] mysql_connect(): The mysql extension is deprecated and will be removed in the future: use mysqli or PDO instead E:\kejin\jonza\Library\Think\Library\Think\Session\Driver\Db.class.php 第 95 行.
SQL: SHOW COLUMNS FROM `wx_channel` [ RunTime:0.0095s ]
SQL: DELETE FROM `wx_channel` WHERE `channel_id` IN ('6') [ RunTime:0.0126s ]

[ 2018-11-06T15:58:18+08:00 ] ::1 /jonza/index.php?s=Channel/Index/del
INFO: [ app_begin ] --START--
INFO: Run Behavior\ReadHtmlCacheBehavior [ RunTime:0.000676s ]
INFO: [ app_begin ] --END-- [ RunTime:0.001158s ]
NOTIC: [8192] mysql_connect(): The mysql extension is deprecated and will be removed in the future: use mysqli or PDO instead E:\kejin\jonza\Library\Think\Library\Think\Session\Driver\Db.class.php 第 95 行.
SQL: SHOW COLUMNS FROM `wx_channel` [ RunTime:0.0087s ]
SQL: DELETE FROM `wx_channel` WHERE `channel_id` IN ('7') [ RunTime:0.0112s ]

[ 2018-11-06T15:58:21+08:00 ] ::1 /jonza/index.php/Channel/Index/add.shtml
INFO: [ app_begin ] --START--
INFO: Run Behavior\ReadHtmlCacheBehavior [ RunTime:0.000647s ]
INFO: [ app_begin ] --END-- [ RunTime:0.001224s ]
NOTIC: [8192] mysql_connect(): The mysql extension is deprecated and will be removed in the future: use mysqli or PDO instead E:\kejin\jonza\Library\Think\Library\Think\Session\Driver\Db.class.php 第 95 行.
SQL: SHOW COLUMNS FROM `wx_channel` [ RunTime:0.0095s ]
INFO: [ view_parse ] --START--
INFO: [ template_filter ] --START--
INFO: Run Behavior\ContentReplaceBehavior [ RunTime:0.000044s ]
INFO: [ template_filter ] --END-- [ RunTime:0.000074s ]
NOTIC: [8] Undefined index: name E:\kejin\jonza\Static\Runtime\Cache\Channel\c9f36cb6d9939da5747ebb8940ac4f0f.php 第 16 行.
NOTIC: [8] Undefined index: email E:\kejin\jonza\Static\Runtime\Cache\Channel\c9f36cb6d9939da5747ebb8940ac4f0f.php 第 23 行.
NOTIC: [8] Undefined index: portrait E:\kejin\jonza\Static\Runtime\Cache\Channel\c9f36cb6d9939da5747ebb8940ac4f0f.php 第 30 行.
NOTIC: [8] Undefined index: portrait E:\kejin\jonza\Static\Runtime\Cache\Channel\c9f36cb6d9939da5747ebb8940ac4f0f.php 第 32 行.
NOTIC: [8] Undefined index: identity E:\kejin\jonza\Static\Runtime\Cache\Channel\c9f36cb6d9939da5747ebb8940ac4f0f.php 第 40 行.
NOTIC: [8] Undefined index: identity E:\kejin\jonza\Static\Runtime\Cache\Channel\c9f36cb6d9939da5747ebb8940ac4f0f.php 第 41 行.
NOTIC: [8] Undefined index: type E:\kejin\jonza\Static\Runtime\Cache\Channel\c9f36cb6d9939da5747ebb8940ac4f0f.php 第 51 行.
NOTIC: [8] Undefined index: type E:\kejin\jonza\Static\Runtime\Cache\Channel\c9f36cb6d9939da5747ebb8940ac4f0f.php 第 52 行.
NOTIC: [8] Undefined index: type E:\kejin\jonza\Static\Runtime\Cache\Channel\c9f36cb6d9939da5747ebb8940ac4f0f.php 第 53 行.
NOTIC: [8] Undefined index: type E:\kejin\jonza\Static\Runtime\Cache\Channel\c9f36cb6d9939da5747ebb8940ac4f0f.php 第 54 行.
NOTIC: [8] Undefined index: type E:\kejin\jonza\Static\Runtime\Cache\Channel\c9f36cb6d9939da5747ebb8940ac4f0f.php 第 55 行.
NOTIC: [8] Undefined index: network E:\kejin\jonza\Static\Runtime\Cache\Channel\c9f36cb6d9939da5747ebb8940ac4f0f.php 第 63 行.
NOTIC: [8] Undefined index: logo E:\kejin\jonza\Static\Runtime\Cache\Channel\c9f36cb6d9939da5747ebb8940ac4f0f.php 第 70 行.
NOTIC: [8] Undefined index: logo E:\kejin\jonza\Static\Runtime\Cache\Channel\c9f36cb6d9939da5747ebb8940ac4f0f.php 第 72 行.
NOTIC: [8] Undefined index: contacts_name E:\kejin\jonza\Static\Runtime\Cache\Channel\c9f36cb6d9939da5747ebb8940ac4f0f.php 第 79 行.
NOTIC: [8] Undefined index: contacts_emali E:\kejin\jonza\Static\Runtime\Cache\Channel\c9f36cb6d9939da5747ebb8940ac4f0f.php 第 86 行.
NOTIC: [8] Undefined index: contacts_mobile E:\kejin\jonza\Static\Runtime\Cache\Channel\c9f36cb6d9939da5747ebb8940ac4f0f.php 第 94 行.
NOTIC: [8] Undefined index: contacts_qq E:\kejin\jonza\Static\Runtime\Cache\Channel\c9f36cb6d9939da5747ebb8940ac4f0f.php 第 101 行.
NOTIC: [8] Undefined index: contacts_wechat E:\kejin\jonza\Static\Runtime\Cache\Channel\c9f36cb6d9939da5747ebb8940ac4f0f.php 第 108 行.
NOTIC: [8] Undefined index: status E:\kejin\jonza\Static\Runtime\Cache\Channel\c9f36cb6d9939da5747ebb8940ac4f0f.php 第 116 行.
NOTIC: [8] Undefined index: status E:\kejin\jonza\Static\Runtime\Cache\Channel\c9f36cb6d9939da5747ebb8940ac4f0f.php 第 117 行.
INFO: Run Behavior\ParseTemplateBehavior [ RunTime:0.008961s ]
INFO: [ view_parse ] --END-- [ RunTime:0.009003s ]
INFO: [ view_filter ] --START--
INFO: Run Behavior\WriteHtmlCacheBehavior [ RunTime:0.000416s ]
INFO: Run Library\Behavior\EmptyImageBehavior [ RunTime:0.000903s ]
INFO: [ view_filter ] --END-- [ RunTime:0.001355s ]
INFO: [ app_end ] --START--
INFO: Run Behavior\ShowPageTraceBehavior [ RunTime:0.000536s ]
INFO: [ app_end ] --END-- [ RunTime:0.000560s ]

[ 2018-11-06T15:58:48+08:00 ] ::1 /jonza/index.php/Channel/Index/add.shtml
INFO: [ app_begin ] --START--
INFO: Run Behavior\ReadHtmlCacheBehavior [ RunTime:0.000981s ]
INFO: [ app_begin ] --END-- [ RunTime:0.001782s ]
NOTIC: [8192] mysql_connect(): The mysql extension is deprecated and will be removed in the future: use mysqli or PDO instead E:\kejin\jonza\Library\Think\Library\Think\Session\Driver\Db.class.php 第 95 行.
SQL: SHOW COLUMNS FROM `wx_channel` [ RunTime:0.0075s ]
SQL: SELECT * FROM `wx_channel` WHERE `name` = '应用汇' LIMIT 1   [ RunTime:0.0073s ]
SQL: SELECT COUNT(*) AS tp_count FROM `wx_channel` WHERE `channel_id` = 0 LIMIT 1   [ RunTime:0.0073s ]
SQL: SELECT * FROM `wx_channel` WHERE `name` = '应用汇' LIMIT 1   [ RunTime:0.0070s ]
SQL: INSERT INTO `wx_channel` (`name`,`email`,`portrait`,`identity`,`type`,`network`,`logo`,`contacts_name`,`contacts_emali`,`contacts_mobile`,`contacts_qq`,`contacts_wechat`,`channel_id`,`ad_num`,`add_time`) VALUES ('应用汇','447324105@qq.com','http://ueditor.cdn.cuci.cc/image/2018/11/2/15/5833/4@3x的副本 2.png','1','2','www.baidu.com','http://ueditor.cdn.cuci.cc/image/2018/11/2/15/5842/4@3x的副本 2.png','荣彬','447324105@qq.com','13268317045','1301904135','c-r-bin','0','0','2018-11-06 15:58:48') [ RunTime:0.0096s ]
SQL: SELECT COUNT(*) AS tp_count FROM `wx_channel` WHERE `channel_id` = 8 LIMIT 1   [ RunTime:0.0075s ]
SQL: UPDATE `wx_channel` SET `channel_sn`='30818110615',`ad_num`='0',`add_time`='2018-11-06 15:58:48' WHERE `channel_id` = 8 [ RunTime:0.0095s ]

