[ 2015-07-28T13:51:49+08:00 ] 127.0.0.1 /jonza/index.php/Wechat/News/index/action/getMemberList.shtml
INFO: [ app_begin ] --START--
INFO: Run Behavior\ReadHtmlCacheBehavior [ RunTime:0.001000s ]
INFO: [ app_begin ] --END-- [ RunTime:0.003000s ]
NOTIC: [8192] mysql_connect(): The mysql extension is deprecated and will be removed in the future: use mysqli or PDO instead E:\cucisvn\01-code\jonza\Library\Think\Library\Think\Session\Driver\Db.class.php 第 95 行.
SQL: SHOW COLUMNS FROM `wx_wechat_config` [ RunTime:0.0740s ]
SQL: SELECT * FROM `wx_wechat_config` WHERE `id` = '1' AND `status` = 2 LIMIT 1   [ RunTime:0.0020s ]
SQL: SHOW COLUMNS FROM `wx_wechat_member` [ RunTime:1.6091s ]
SQL: SELECT `id`,`nickname`,`headimgurl`,`openid`,`group_id` FROM `wx_wechat_member` WHERE `status` = 2 LIMIT 0,500   [ RunTime:0.2910s ]

[ 2015-07-28T13:51:50+08:00 ] 127.0.0.1 /jonza/index.php/Wechat/News/index/action/getMemberGroupList.shtml
INFO: [ app_begin ] --START--
INFO: Run Behavior\ReadHtmlCacheBehavior [ RunTime:0.002001s ]
INFO: [ app_begin ] --END-- [ RunTime:0.003001s ]
NOTIC: [8192] mysql_connect(): The mysql extension is deprecated and will be removed in the future: use mysqli or PDO instead E:\cucisvn\01-code\jonza\Library\Think\Library\Think\Session\Driver\Db.class.php 第 95 行.
SQL: SHOW COLUMNS FROM `wx_wechat_config` [ RunTime:0.0080s ]
SQL: SELECT * FROM `wx_wechat_config` WHERE `id` = '1' AND `status` = 2 LIMIT 1   [ RunTime:0.0010s ]
SQL: SHOW COLUMNS FROM `wx_wechat_member_group` [ RunTime:0.1750s ]
SQL: SELECT * FROM `wx_wechat_member_group` WHERE `status` = 2  [ RunTime:0.2110s ]

[ 2015-07-28T13:52:48+08:00 ] 127.0.0.1 /jonza/index.php/Wechat/News/index/action/getMemberList.shtml
INFO: [ app_begin ] --START--
INFO: Run Behavior\ReadHtmlCacheBehavior [ RunTime:0.002000s ]
INFO: [ app_begin ] --END-- [ RunTime:0.003000s ]
NOTIC: [8192] mysql_connect(): The mysql extension is deprecated and will be removed in the future: use mysqli or PDO instead E:\cucisvn\01-code\jonza\Library\Think\Library\Think\Session\Driver\Db.class.php 第 95 行.
SQL: SHOW COLUMNS FROM `wx_wechat_config` [ RunTime:0.0090s ]
SQL: SELECT * FROM `wx_wechat_config` WHERE `id` = '1' AND `status` = 2 LIMIT 1   [ RunTime:0.0010s ]
SQL: SHOW COLUMNS FROM `wx_wechat_member` [ RunTime:0.0080s ]
SQL: SELECT `id`,`nickname`,`headimgurl`,`openid`,`group_id` FROM `wx_wechat_member` WHERE `status` = 2 LIMIT 0,500   [ RunTime:0.0070s ]

[ 2015-07-28T13:52:48+08:00 ] 127.0.0.1 /jonza/index.php/Wechat/News/index/action/getMemberGroupList.shtml
INFO: [ app_begin ] --START--
INFO: Run Behavior\ReadHtmlCacheBehavior [ RunTime:0.003000s ]
INFO: [ app_begin ] --END-- [ RunTime:0.005000s ]
NOTIC: [8192] mysql_connect(): The mysql extension is deprecated and will be removed in the future: use mysqli or PDO instead E:\cucisvn\01-code\jonza\Library\Think\Library\Think\Session\Driver\Db.class.php 第 95 行.
SQL: SHOW COLUMNS FROM `wx_wechat_config` [ RunTime:0.0110s ]
SQL: SELECT * FROM `wx_wechat_config` WHERE `id` = '1' AND `status` = 2 LIMIT 1   [ RunTime:0.0010s ]
SQL: SHOW COLUMNS FROM `wx_wechat_member_group` [ RunTime:0.0100s ]
SQL: SELECT * FROM `wx_wechat_member_group` WHERE `status` = 2  [ RunTime:0.0010s ]

