[ 2015-05-26T09:11:39+08:00 ] 127.0.0.1 /jonza/index.php/Shop/Index/index
INFO: [ app_begin ] --START--
INFO: Run Behavior\ReadHtmlCacheBehavior [ RunTime:0.006000s ]
INFO: [ app_begin ] --END-- [ RunTime:0.021001s ]
NOTIC: [8192] mysql_connect(): The mysql extension is deprecated and will be removed in the future: use mysqli or PDO instead E:\cucisvn\01-code\jonza\Library\Think\Library\Think\Session\Driver\Db.class.php 第 95 行.
SQL: SHOW COLUMNS FROM `wx_site_config` [ RunTime:0.1230s ]
SQL: SELECT * FROM `wx_site_config` WHERE `id` = 1 LIMIT 1   [ RunTime:0.0230s ]
NOTIC: [8] Undefined index: HTTP_REFERER E:\cucisvn\01-code\jonza\Library\Util\Baidu.class.php 第 72 行.
NOTIC: [8] Undefined index: Hm_lpvt_df31b90409cbd7237728ca1a770d72e6 E:\cucisvn\01-code\jonza\Library\Util\Baidu.class.php 第 76 行.
SQL: SHOW COLUMNS FROM `wx_wechat_member` [ RunTime:0.3130s ]
SQL: SELECT * FROM `wx_wechat_member` WHERE `openid` = 'oAeaZjht65CnSwZ3L4QXa82nvMZA' AND `status` = 2 LIMIT 1   [ RunTime:0.0550s ]
SQL: SHOW COLUMNS FROM `wx_wechat_config` [ RunTime:0.0360s ]
SQL: SELECT * FROM `wx_wechat_config` WHERE `id` = '1' AND `status` = 2 LIMIT 1   [ RunTime:0.0260s ]
NOTIC: [8] Undefined property: Library\Util\Api\Wechat::$access_token E:\cucisvn\01-code\jonza\Library\Util\Api\Wechat.class.php 第 1899 行.
SQL: SELECT `data`,`datacrc` FROM `think_cache` WHERE `cachekey`='wechat_access_token_wx4fc10458037c13c9' AND (`expire` =0 OR `expire`>1432602693) LIMIT 0,1 [ RunTime:0.0450s ]
NOTIC: [8] Undefined offset: 0 E:\cucisvn\01-code\jonza\Library\Think\Library\Think\Cache\Driver\Db.class.php 第 55 行.
SQL: select `cachekey` from `think_cache` where `cachekey`='wechat_access_token_wx4fc10458037c13c9' limit 0,1 [ RunTime:0.0010s ]
SQL: UPDATE think_cache SET data='s:107:"5KK1I7xP0E3J_9dMZu6X0llNXWsUJ2DS7V4znTkIfUqHqDPCZDzAKF6yLus3CKbbYZVVdQYlGosvMfJ03tPGGXYw3pWhIvIO2QcRgpacMTs";' ,datacrc='',expire=1432608696 WHERE `cachekey`='wechat_access_token_wx4fc10458037c13c9' [ RunTime:0.2580s ]
SQL: SHOW COLUMNS FROM `wx_wechat_member` [ RunTime:0.0080s ]
SQL: SELECT COUNT(*) AS tp_count FROM `wx_wechat_member` WHERE `openid` = 'oAeaZjht65CnSwZ3L4QXa82nvMZA' LIMIT 1   [ RunTime:0.0260s ]
SQL: UPDATE `wx_wechat_member` SET `openid`='oAeaZjht65CnSwZ3L4QXa82nvMZA',`nickname`='灬Ben_陈灬',`sex`='男',`language`='zh_CN',`city`='云浮',`province`='广东',`country`='中国',`headimgurl`='http://wx.qlogo.cn/mmopen/fXia5YqmPeD8Twn5ONFOWUFbfjsJOJF2EQjibKvUKPwd1icXIL7ibVkAYqzWmhb6f1hOKgtmp7JWRIcu4sjHYez8bEGuEJagjo4S/0',`remark`='',`group_id`='0',`update_date`='2015-05-26 09:11:37',`create_date`='2015-05-21 14:33:33',`status`='2' WHERE `openid` = 'oAeaZjht65CnSwZ3L4QXa82nvMZA' [ RunTime:0.0520s ]
SQL: SELECT COUNT(*) AS tp_count FROM `wx_wechat_member` WHERE `openid` = 'oAeaZjht65CnSwZ3L4QXa82nvMZA' LIMIT 1   [ RunTime:0.0010s ]
SQL: UPDATE `wx_wechat_member` SET `openid`='oAeaZjht65CnSwZ3L4QXa82nvMZA',`nickname`='灬Ben_陈灬',`sex`='男',`language`='zh_CN',`city`='云浮',`province`='广东',`country`='中国',`headimgurl`='http://wx.qlogo.cn/mmopen/fXia5YqmPeD8Twn5ONFOWUFbfjsJOJF2EQjibKvUKPwd1icXIL7ibVkAYqzWmhb6f1hOKgtmp7JWRIcu4sjHYez8bEGuEJagjo4S/0',`remark`='',`group_id`='0',`update_date`='2015-05-26 09:11:38',`create_date`='2015-05-21 14:33:33',`status`='2' WHERE `openid` = 'oAeaZjht65CnSwZ3L4QXa82nvMZA' [ RunTime:0.0620s ]
SQL: SHOW COLUMNS FROM `wx_member` [ RunTime:0.0720s ]
SQL: SELECT m.*,w.headimgurl,w.sex FROM wx_member m LEFT JOIN wx_wechat_member w ON m.openid=w.openid  WHERE m.openid = 'oAeaZjht65CnSwZ3L4QXa82nvMZA' AND m.status = 2 LIMIT 1   [ RunTime:0.0210s ]
SQL: SHOW COLUMNS FROM `wx_store` [ RunTime:0.0550s ]
SQL: SELECT * FROM `wx_store` LIMIT 1   [ RunTime:0.0010s ]
SQL: SHOW COLUMNS FROM `wx_store_product` [ RunTime:0.1480s ]
SQL: SELECT * FROM `wx_store` WHERE `id` = 1 LIMIT 1   [ RunTime:0.0010s ]
SQL: SELECT COUNT(1) AS tp_count FROM `wx_store_product` WHERE `name` LIKE '%%' AND `status` = 2 LIMIT 1   [ RunTime:0.0750s ]
SQL: SELECT * FROM `wx_store_product` WHERE `name` LIKE '%%' AND `status` = 2 ORDER BY `sort` asc LIMIT 0,10   [ RunTime:0.0010s ]
INFO: [ view_parse ] --START--
INFO: [ template_filter ] --START--
INFO: Run Behavior\ContentReplaceBehavior [ RunTime:0.001000s ]
INFO: [ template_filter ] --END-- [ RunTime:0.001000s ]
NOTIC: [8] Undefined variable: token E:\cucisvn\01-code\jonza\Static\Runtime\Cache\Shop\f3a64cb619a239d09312ee007be311f0.php 第 69 行.
NOTIC: [8] Undefined variable: token E:\cucisvn\01-code\jonza\Static\Runtime\Cache\Shop\f3a64cb619a239d09312ee007be311f0.php 第 69 行.
NOTIC: [8] Undefined variable: token E:\cucisvn\01-code\jonza\Static\Runtime\Cache\Shop\f3a64cb619a239d09312ee007be311f0.php 第 69 行.
NOTIC: [8] Undefined variable: token E:\cucisvn\01-code\jonza\Static\Runtime\Cache\Shop\f3a64cb619a239d09312ee007be311f0.php 第 69 行.
NOTIC: [8] Undefined variable: token E:\cucisvn\01-code\jonza\Static\Runtime\Cache\Shop\f3a64cb619a239d09312ee007be311f0.php 第 69 行.
NOTIC: [8] Undefined variable: token E:\cucisvn\01-code\jonza\Static\Runtime\Cache\Shop\f3a64cb619a239d09312ee007be311f0.php 第 69 行.
NOTIC: [8] Undefined variable: token E:\cucisvn\01-code\jonza\Static\Runtime\Cache\Shop\f3a64cb619a239d09312ee007be311f0.php 第 69 行.
NOTIC: [8] Undefined variable: token E:\cucisvn\01-code\jonza\Static\Runtime\Cache\Shop\f3a64cb619a239d09312ee007be311f0.php 第 69 行.
NOTIC: [8] Undefined variable: token E:\cucisvn\01-code\jonza\Static\Runtime\Cache\Shop\f3a64cb619a239d09312ee007be311f0.php 第 69 行.
NOTIC: [8] Undefined variable: token E:\cucisvn\01-code\jonza\Static\Runtime\Cache\Shop\f3a64cb619a239d09312ee007be311f0.php 第 69 行.
INFO: Run Behavior\ParseTemplateBehavior [ RunTime:0.442025s ]
INFO: [ view_parse ] --END-- [ RunTime:0.444025s ]
INFO: [ view_filter ] --START--
INFO: Run Behavior\WriteHtmlCacheBehavior [ RunTime:0.016001s ]
INFO: Run Library\Behavior\EmptyImageBehavior [ RunTime:0.012001s ]
INFO: [ view_filter ] --END-- [ RunTime:0.028002s ]
INFO: [ app_end ] --START--
INFO: Run Behavior\ShowPageTraceBehavior [ RunTime:0.010000s ]
INFO: [ app_end ] --END-- [ RunTime:0.011000s ]

[ 2015-05-26T09:11:39+08:00 ] 127.0.0.1 /jonza/index.php/Shop/Car/index
INFO: [ app_begin ] --START--
INFO: Run Behavior\ReadHtmlCacheBehavior [ RunTime:0.002000s ]
INFO: [ app_begin ] --END-- [ RunTime:0.003000s ]
NOTIC: [8192] mysql_connect(): The mysql extension is deprecated and will be removed in the future: use mysqli or PDO instead E:\cucisvn\01-code\jonza\Library\Think\Library\Think\Session\Driver\Db.class.php 第 95 行.
SQL: SHOW COLUMNS FROM `wx_site_config` [ RunTime:0.0080s ]
SQL: SELECT * FROM `wx_site_config` WHERE `id` = 1 LIMIT 1   [ RunTime:0.0010s ]
NOTIC: [8] Undefined index: HTTP_REFERER E:\cucisvn\01-code\jonza\Library\Util\Baidu.class.php 第 72 行.
NOTIC: [8] Undefined index: Hm_lpvt_df31b90409cbd7237728ca1a770d72e6 E:\cucisvn\01-code\jonza\Library\Util\Baidu.class.php 第 76 行.
SQL: SHOW COLUMNS FROM `wx_wechat_member` [ RunTime:0.0190s ]
SQL: SELECT * FROM `wx_wechat_member` WHERE `openid` = 'oAeaZjht65CnSwZ3L4QXa82nvMZA' AND `status` = 2 LIMIT 1   [ RunTime:0.0010s ]
SQL: SHOW COLUMNS FROM `wx_wechat_config` [ RunTime:0.0080s ]
SQL: SELECT * FROM `wx_wechat_config` WHERE `id` = '1' AND `status` = 2 LIMIT 1   [ RunTime:0.0010s ]
NOTIC: [8] Undefined property: Library\Util\Api\Wechat::$access_token E:\cucisvn\01-code\jonza\Library\Util\Api\Wechat.class.php 第 1899 行.
SQL: SELECT `data`,`datacrc` FROM `think_cache` WHERE `cachekey`='wechat_access_token_wx4fc10458037c13c9' AND (`expire` =0 OR `expire`>1432602696) LIMIT 0,1 [ RunTime:0.0010s ]
NOTIC: [8] Undefined offset: 0 E:\cucisvn\01-code\jonza\Library\Think\Library\Think\Cache\Driver\Db.class.php 第 55 行.
SQL: select `cachekey` from `think_cache` where `cachekey`='wechat_access_token_wx4fc10458037c13c9' limit 0,1 [ RunTime:0.0010s ]
SQL: UPDATE think_cache SET data='s:107:"5KK1I7xP0E3J_9dMZu6X0llNXWsUJ2DS7V4znTkIfUp1abwLVWkQ-FOLF3fP3Y1eGn6Z1IcJm5GlzUZB5aLRsjbs6kojVTixixc5osrAcn8";' ,datacrc='',expire=1432608696 WHERE `cachekey`='wechat_access_token_wx4fc10458037c13c9' [ RunTime:0.2990s ]
SQL: SHOW COLUMNS FROM `wx_wechat_member` [ RunTime:0.0090s ]
SQL: SELECT COUNT(*) AS tp_count FROM `wx_wechat_member` WHERE `openid` = 'oAeaZjht65CnSwZ3L4QXa82nvMZA' LIMIT 1   [ RunTime:0.0130s ]
SQL: UPDATE `wx_wechat_member` SET `openid`='oAeaZjht65CnSwZ3L4QXa82nvMZA',`nickname`='灬Ben_陈灬',`sex`='男',`language`='zh_CN',`city`='云浮',`province`='广东',`country`='中国',`headimgurl`='http://wx.qlogo.cn/mmopen/fXia5YqmPeD8Twn5ONFOWUFbfjsJOJF2EQjibKvUKPwd1icXIL7ibVkAYqzWmhb6f1hOKgtmp7JWRIcu4sjHYez8bEGuEJagjo4S/0',`remark`='',`group_id`='0',`update_date`='2015-05-26 09:11:37',`create_date`='2015-05-21 14:33:33',`status`='2' WHERE `openid` = 'oAeaZjht65CnSwZ3L4QXa82nvMZA' [ RunTime:0.0900s ]
SQL: SELECT COUNT(*) AS tp_count FROM `wx_wechat_member` WHERE `openid` = 'oAeaZjht65CnSwZ3L4QXa82nvMZA' LIMIT 1   [ RunTime:0.0010s ]
SQL: UPDATE `wx_wechat_member` SET `openid`='oAeaZjht65CnSwZ3L4QXa82nvMZA',`nickname`='灬Ben_陈灬',`sex`='男',`language`='zh_CN',`city`='云浮',`province`='广东',`country`='中国',`headimgurl`='http://wx.qlogo.cn/mmopen/fXia5YqmPeD8Twn5ONFOWUFbfjsJOJF2EQjibKvUKPwd1icXIL7ibVkAYqzWmhb6f1hOKgtmp7JWRIcu4sjHYez8bEGuEJagjo4S/0',`remark`='',`group_id`='0',`update_date`='2015-05-26 09:11:38',`create_date`='2015-05-21 14:33:33',`status`='2' WHERE `openid` = 'oAeaZjht65CnSwZ3L4QXa82nvMZA' [ RunTime:0.1000s ]
SQL: SHOW COLUMNS FROM `wx_member` [ RunTime:0.0270s ]
SQL: SELECT m.*,w.headimgurl,w.sex FROM wx_member m LEFT JOIN wx_wechat_member w ON m.openid=w.openid  WHERE m.openid = 'oAeaZjht65CnSwZ3L4QXa82nvMZA' AND m.status = 2 LIMIT 1   [ RunTime:0.0220s ]
SQL: SHOW COLUMNS FROM `wx_store` [ RunTime:0.0550s ]
SQL: SELECT * FROM `wx_store` LIMIT 1   [ RunTime:0.0010s ]
SQL: SHOW COLUMNS FROM `wx_store_order_car` [ RunTime:0.1340s ]
SQL: SELECT COUNT(1) AS tp_count FROM `wx_store_order_car` WHERE `status` = 1 AND `openid` = 'oAeaZjht65CnSwZ3L4QXa82nvMZA' LIMIT 1   [ RunTime:0.0120s ]
SQL: SELECT * FROM `wx_store_order_car` WHERE `status` = 1 AND `openid` = 'oAeaZjht65CnSwZ3L4QXa82nvMZA' ORDER BY `id` asc LIMIT 0,10   [ RunTime:0.0010s ]
SQL: SHOW COLUMNS FROM `wx_store_product` [ RunTime:0.0090s ]
SQL: SELECT * FROM `wx_store_product` WHERE `id` = '127' LIMIT 1   [ RunTime:0.1550s ]
SQL: SHOW COLUMNS FROM `wx_store_product_model` [ RunTime:0.0860s ]
SQL: SELECT * FROM `wx_store_product` WHERE `id` = '127' LIMIT 1   [ RunTime:0.0010s ]
SQL: SELECT * FROM `wx_store_product` WHERE `id` = '127' LIMIT 1   [ RunTime:0.0010s ]
INFO: [ view_parse ] --START--
INFO: [ template_filter ] --START--
INFO: Run Behavior\ContentReplaceBehavior [ RunTime:0.001000s ]
INFO: [ template_filter ] --END-- [ RunTime:0.001000s ]
SQL: SELECT * FROM `wx_site_config` WHERE `id` = 1 LIMIT 1   [ RunTime:0.0000s ]
NOTIC: [8] Undefined index: HTTP_REFERER E:\cucisvn\01-code\jonza\Library\Util\Baidu.class.php 第 72 行.
NOTIC: [8] Undefined index: Hm_lpvt_df31b90409cbd7237728ca1a770d72e6 E:\cucisvn\01-code\jonza\Library\Util\Baidu.class.php 第 76 行.
SQL: SELECT * FROM `wx_wechat_config` WHERE `id` = '1' AND `status` = 2 LIMIT 1   [ RunTime:0.0010s ]
NOTIC: [8] Undefined property: Library\Util\Api\Wechat::$access_token E:\cucisvn\01-code\jonza\Library\Util\Api\Wechat.class.php 第 1066 行.
SQL: SELECT `data`,`datacrc` FROM `think_cache` WHERE `cachekey`='wechat_access_token_wx4fc10458037c13c9' AND (`expire` =0 OR `expire`>1432602699) LIMIT 0,1 [ RunTime:0.0010s ]
SQL: SELECT `data`,`datacrc` FROM `think_cache` WHERE `cachekey`='wechat_jsapi_ticket_wx4fc10458037c13c9' AND (`expire` =0 OR `expire`>1432602699) LIMIT 0,1 [ RunTime:0.0010s ]
NOTIC: [8] Undefined offset: 0 E:\cucisvn\01-code\jonza\Library\Think\Library\Think\Cache\Driver\Db.class.php 第 55 行.
SQL: select `cachekey` from `think_cache` where `cachekey`='wechat_jsapi_ticket_wx4fc10458037c13c9' limit 0,1 [ RunTime:0.0010s ]
SQL: UPDATE think_cache SET data='s:86:"bxLdikRXVbTPdHSM05e5u25xwzYZRklV4lNkl5y_kkrJfy3W-gXfam9LGXaROlSkUJ3mPGhEMqY-IaHmv_qIcA";' ,datacrc='',expire=1432608699 WHERE `cachekey`='wechat_jsapi_ticket_wx4fc10458037c13c9' [ RunTime:0.0360s ]
INFO: Run Behavior\ParseTemplateBehavior [ RunTime:0.428025s ]
INFO: [ view_parse ] --END-- [ RunTime:0.428025s ]
INFO: [ view_filter ] --START--
INFO: Run Behavior\WriteHtmlCacheBehavior [ RunTime:0.002000s ]
INFO: Run Library\Behavior\EmptyImageBehavior [ RunTime:0.002000s ]
INFO: [ view_filter ] --END-- [ RunTime:0.005000s ]
INFO: [ app_end ] --START--
INFO: Run Behavior\ShowPageTraceBehavior [ RunTime:0.002000s ]
INFO: [ app_end ] --END-- [ RunTime:0.002000s ]

[ 2015-05-26T09:14:19+08:00 ] 127.0.0.1 /jonza/index.php/Shop/Car/undefined?s=Shop/Car/del
INFO: [ app_begin ] --START--
INFO: Run Behavior\ReadHtmlCacheBehavior [ RunTime:0.002000s ]
INFO: [ app_begin ] --END-- [ RunTime:0.003000s ]
NOTIC: [8192] mysql_connect(): The mysql extension is deprecated and will be removed in the future: use mysqli or PDO instead E:\cucisvn\01-code\jonza\Library\Think\Library\Think\Session\Driver\Db.class.php 第 95 行.
SQL: SHOW COLUMNS FROM `wx_site_config` [ RunTime:0.0090s ]
SQL: SELECT * FROM `wx_site_config` WHERE `id` = 1 LIMIT 1   [ RunTime:0.0010s ]
SQL: SHOW COLUMNS FROM `wx_wechat_member` [ RunTime:0.0080s ]
SQL: SELECT * FROM `wx_wechat_member` WHERE `openid` = 'oAeaZjht65CnSwZ3L4QXa82nvMZA' AND `status` = 2 LIMIT 1   [ RunTime:0.0010s ]
SQL: SHOW COLUMNS FROM `wx_wechat_config` [ RunTime:0.0080s ]
SQL: SELECT * FROM `wx_wechat_config` WHERE `id` = '1' AND `status` = 2 LIMIT 1   [ RunTime:0.0000s ]
NOTIC: [8] Undefined property: Library\Util\Api\Wechat::$access_token E:\cucisvn\01-code\jonza\Library\Util\Api\Wechat.class.php 第 1899 行.
SQL: SELECT `data`,`datacrc` FROM `think_cache` WHERE `cachekey`='wechat_access_token_wx4fc10458037c13c9' AND (`expire` =0 OR `expire`>1432602857) LIMIT 0,1 [ RunTime:0.0010s ]
SQL: SHOW COLUMNS FROM `wx_wechat_member` [ RunTime:0.0080s ]
SQL: SELECT COUNT(*) AS tp_count FROM `wx_wechat_member` WHERE `openid` = 'oAeaZjht65CnSwZ3L4QXa82nvMZA' LIMIT 1   [ RunTime:0.0000s ]
SQL: UPDATE `wx_wechat_member` SET `openid`='oAeaZjht65CnSwZ3L4QXa82nvMZA',`nickname`='灬Ben_陈灬',`sex`='男',`language`='zh_CN',`city`='云浮',`province`='广东',`country`='中国',`headimgurl`='http://wx.qlogo.cn/mmopen/fXia5YqmPeD8Twn5ONFOWUFbfjsJOJF2EQjibKvUKPwd1icXIL7ibVkAYqzWmhb6f1hOKgtmp7JWRIcu4sjHYez8bEGuEJagjo4S/0',`remark`='',`group_id`='0',`update_date`='2015-05-26 09:14:18',`create_date`='2015-05-21 14:33:33',`status`='2' WHERE `openid` = 'oAeaZjht65CnSwZ3L4QXa82nvMZA' [ RunTime:0.1550s ]
SQL: SELECT COUNT(*) AS tp_count FROM `wx_wechat_member` WHERE `openid` = 'oAeaZjht65CnSwZ3L4QXa82nvMZA' LIMIT 1   [ RunTime:0.0000s ]
SQL: UPDATE `wx_wechat_member` SET `openid`='oAeaZjht65CnSwZ3L4QXa82nvMZA',`nickname`='灬Ben_陈灬',`sex`='男',`language`='zh_CN',`city`='云浮',`province`='广东',`country`='中国',`headimgurl`='http://wx.qlogo.cn/mmopen/fXia5YqmPeD8Twn5ONFOWUFbfjsJOJF2EQjibKvUKPwd1icXIL7ibVkAYqzWmhb6f1hOKgtmp7JWRIcu4sjHYez8bEGuEJagjo4S/0',`remark`='',`group_id`='0',`update_date`='2015-05-26 09:14:19',`create_date`='2015-05-21 14:33:33',`status`='2' WHERE `openid` = 'oAeaZjht65CnSwZ3L4QXa82nvMZA' [ RunTime:0.0430s ]
SQL: SHOW COLUMNS FROM `wx_member` [ RunTime:0.0060s ]
SQL: SELECT m.*,w.headimgurl,w.sex FROM wx_member m LEFT JOIN wx_wechat_member w ON m.openid=w.openid  WHERE m.openid = 'oAeaZjht65CnSwZ3L4QXa82nvMZA' AND m.status = 2 LIMIT 1   [ RunTime:0.0010s ]
SQL: SHOW COLUMNS FROM `wx_store` [ RunTime:0.0060s ]
SQL: SELECT * FROM `wx_store` LIMIT 1   [ RunTime:0.0010s ]
SQL: SHOW COLUMNS FROM `wx_store_order_car` [ RunTime:0.0060s ]
SQL: DELETE FROM `wx_store_order_car` WHERE `id` IN ('48') [ RunTime:0.0020s ]

[ 2015-05-26T09:14:23+08:00 ] 127.0.0.1 /jonza/index.php/Shop/Car/index
INFO: [ app_begin ] --START--
INFO: Run Behavior\ReadHtmlCacheBehavior [ RunTime:0.001000s ]
INFO: [ app_begin ] --END-- [ RunTime:0.002000s ]
NOTIC: [8192] mysql_connect(): The mysql extension is deprecated and will be removed in the future: use mysqli or PDO instead E:\cucisvn\01-code\jonza\Library\Think\Library\Think\Session\Driver\Db.class.php 第 95 行.
SQL: SHOW COLUMNS FROM `wx_site_config` [ RunTime:0.0060s ]
SQL: SELECT * FROM `wx_site_config` WHERE `id` = 1 LIMIT 1   [ RunTime:0.0010s ]
SQL: SHOW COLUMNS FROM `wx_wechat_member` [ RunTime:0.0090s ]
SQL: SELECT * FROM `wx_wechat_member` WHERE `openid` = 'oAeaZjht65CnSwZ3L4QXa82nvMZA' AND `status` = 2 LIMIT 1   [ RunTime:0.0010s ]
SQL: SHOW COLUMNS FROM `wx_wechat_config` [ RunTime:0.0080s ]
SQL: SELECT * FROM `wx_wechat_config` WHERE `id` = '1' AND `status` = 2 LIMIT 1   [ RunTime:0.0000s ]
NOTIC: [8] Undefined property: Library\Util\Api\Wechat::$access_token E:\cucisvn\01-code\jonza\Library\Util\Api\Wechat.class.php 第 1899 行.
SQL: SELECT `data`,`datacrc` FROM `think_cache` WHERE `cachekey`='wechat_access_token_wx4fc10458037c13c9' AND (`expire` =0 OR `expire`>1432602861) LIMIT 0,1 [ RunTime:0.0000s ]
SQL: SHOW COLUMNS FROM `wx_wechat_member` [ RunTime:0.0080s ]
SQL: SELECT COUNT(*) AS tp_count FROM `wx_wechat_member` WHERE `openid` = 'oAeaZjht65CnSwZ3L4QXa82nvMZA' LIMIT 1   [ RunTime:0.0010s ]
SQL: UPDATE `wx_wechat_member` SET `openid`='oAeaZjht65CnSwZ3L4QXa82nvMZA',`nickname`='灬Ben_陈灬',`sex`='男',`language`='zh_CN',`city`='云浮',`province`='广东',`country`='中国',`headimgurl`='http://wx.qlogo.cn/mmopen/fXia5YqmPeD8Twn5ONFOWUFbfjsJOJF2EQjibKvUKPwd1icXIL7ibVkAYqzWmhb6f1hOKgtmp7JWRIcu4sjHYez8bEGuEJagjo4S/0',`remark`='',`group_id`='0',`update_date`='2015-05-26 09:14:22',`create_date`='2015-05-21 14:33:33',`status`='2' WHERE `openid` = 'oAeaZjht65CnSwZ3L4QXa82nvMZA' [ RunTime:0.0570s ]
SQL: SELECT COUNT(*) AS tp_count FROM `wx_wechat_member` WHERE `openid` = 'oAeaZjht65CnSwZ3L4QXa82nvMZA' LIMIT 1   [ RunTime:0.0010s ]
SQL: UPDATE `wx_wechat_member` SET `openid`='oAeaZjht65CnSwZ3L4QXa82nvMZA',`nickname`='灬Ben_陈灬',`sex`='男',`language`='zh_CN',`city`='云浮',`province`='广东',`country`='中国',`headimgurl`='http://wx.qlogo.cn/mmopen/fXia5YqmPeD8Twn5ONFOWUFbfjsJOJF2EQjibKvUKPwd1icXIL7ibVkAYqzWmhb6f1hOKgtmp7JWRIcu4sjHYez8bEGuEJagjo4S/0',`remark`='',`group_id`='0',`update_date`='2015-05-26 09:14:23',`create_date`='2015-05-21 14:33:33',`status`='2' WHERE `openid` = 'oAeaZjht65CnSwZ3L4QXa82nvMZA' [ RunTime:0.0490s ]
SQL: SHOW COLUMNS FROM `wx_member` [ RunTime:0.0080s ]
SQL: SELECT m.*,w.headimgurl,w.sex FROM wx_member m LEFT JOIN wx_wechat_member w ON m.openid=w.openid  WHERE m.openid = 'oAeaZjht65CnSwZ3L4QXa82nvMZA' AND m.status = 2 LIMIT 1   [ RunTime:0.0010s ]
SQL: SHOW COLUMNS FROM `wx_store` [ RunTime:0.0070s ]
SQL: SELECT * FROM `wx_store` LIMIT 1   [ RunTime:0.0000s ]
SQL: SHOW COLUMNS FROM `wx_store_order_car` [ RunTime:0.0070s ]
SQL: SELECT COUNT(1) AS tp_count FROM `wx_store_order_car` WHERE `status` = 1 AND `openid` = 'oAeaZjht65CnSwZ3L4QXa82nvMZA' LIMIT 1   [ RunTime:0.0010s ]
SQL: SELECT * FROM `wx_store_order_car` WHERE `status` = 1 AND `openid` = 'oAeaZjht65CnSwZ3L4QXa82nvMZA' ORDER BY `id` asc LIMIT 0,10   [ RunTime:0.0010s ]
SQL: SHOW COLUMNS FROM `wx_store_product` [ RunTime:0.0090s ]
SQL: SELECT * FROM `wx_store_product` WHERE `id` = '127' LIMIT 1   [ RunTime:0.0010s ]
SQL: SHOW COLUMNS FROM `wx_store_product_model` [ RunTime:0.0080s ]
SQL: SELECT * FROM `wx_store_product` WHERE `id` = '127' LIMIT 1   [ RunTime:0.0020s ]
INFO: [ view_parse ] --START--
INFO: [ template_filter ] --START--
INFO: Run Behavior\ContentReplaceBehavior [ RunTime:0.001000s ]
INFO: [ template_filter ] --END-- [ RunTime:0.001000s ]
SQL: SELECT * FROM `wx_site_config` WHERE `id` = 1 LIMIT 1   [ RunTime:0.0010s ]
SQL: SELECT * FROM `wx_wechat_config` WHERE `id` = '1' AND `status` = 2 LIMIT 1   [ RunTime:0.0010s ]
NOTIC: [8] Undefined property: Library\Util\Api\Wechat::$access_token E:\cucisvn\01-code\jonza\Library\Util\Api\Wechat.class.php 第 1066 行.
SQL: SELECT `data`,`datacrc` FROM `think_cache` WHERE `cachekey`='wechat_access_token_wx4fc10458037c13c9' AND (`expire` =0 OR `expire`>1432602863) LIMIT 0,1 [ RunTime:0.0010s ]
SQL: SELECT `data`,`datacrc` FROM `think_cache` WHERE `cachekey`='wechat_jsapi_ticket_wx4fc10458037c13c9' AND (`expire` =0 OR `expire`>1432602863) LIMIT 0,1 [ RunTime:0.0010s ]
INFO: Run Behavior\ParseTemplateBehavior [ RunTime:0.068004s ]
INFO: [ view_parse ] --END-- [ RunTime:0.068004s ]
INFO: [ view_filter ] --START--
INFO: Run Behavior\WriteHtmlCacheBehavior [ RunTime:0.001000s ]
INFO: Run Library\Behavior\EmptyImageBehavior [ RunTime:0.003000s ]
INFO: [ view_filter ] --END-- [ RunTime:0.004000s ]
INFO: [ app_end ] --START--
INFO: Run Behavior\ShowPageTraceBehavior [ RunTime:0.002000s ]
INFO: [ app_end ] --END-- [ RunTime:0.002000s ]

