[ 2015-05-29T09:47:59+08:00 ] 127.0.0.1 /jonza/index.php/Shop/Index/index
INFO: [ app_begin ] --START--
INFO: Run Behavior\ReadHtmlCacheBehavior [ RunTime:0.005000s ]
INFO: [ app_begin ] --END-- [ RunTime:0.025001s ]
NOTIC: [8192] mysql_connect(): The mysql extension is deprecated and will be removed in the future: use mysqli or PDO instead E:\cucisvn\01-code\jonza\Library\Think\Library\Think\Session\Driver\Db.class.php 第 95 行.
SQL: SHOW COLUMNS FROM `wx_site_config` [ RunTime:0.2540s ]
SQL: SELECT * FROM `wx_site_config` WHERE `id` = 1 LIMIT 1   [ RunTime:0.0200s ]
NOTIC: [8] Undefined index: HTTP_REFERER E:\cucisvn\01-code\jonza\Library\Util\Baidu.class.php 第 72 行.
NOTIC: [8] Undefined index: Hm_lpvt_df31b90409cbd7237728ca1a770d72e6 E:\cucisvn\01-code\jonza\Library\Util\Baidu.class.php 第 76 行.
SQL: SHOW COLUMNS FROM `wx_wechat_member` [ RunTime:0.3230s ]
SQL: SELECT * FROM `wx_wechat_member` WHERE `openid` = 'oAeaZjht65CnSwZ3L4QXa82nvMZA' AND `status` = 2 LIMIT 1   [ RunTime:0.0130s ]
SQL: SHOW COLUMNS FROM `wx_wechat_config` [ RunTime:0.0660s ]
SQL: SELECT * FROM `wx_wechat_config` WHERE `id` = '1' AND `status` = 2 LIMIT 1   [ RunTime:0.0260s ]
NOTIC: [8] Undefined property: Library\Util\Api\Wechat::$access_token E:\cucisvn\01-code\jonza\Library\Util\Api\Wechat.class.php 第 1899 行.
SQL: SELECT `data`,`datacrc` FROM `think_cache` WHERE `cachekey`='wechat_access_token_wx4fc10458037c13c9' AND (`expire` =0 OR `expire`>1432864070) LIMIT 0,1 [ RunTime:0.0340s ]
NOTIC: [8] Undefined offset: 0 E:\cucisvn\01-code\jonza\Library\Think\Library\Think\Cache\Driver\Db.class.php 第 55 行.
SQL: select `cachekey` from `think_cache` where `cachekey`='wechat_access_token_wx4fc10458037c13c9' limit 0,1 [ RunTime:0.0010s ]
SQL: UPDATE think_cache SET data='s:107:"3gR5EGfMNtfHCL7ZuAoZtGYzYIj10O3KBTzZyedJURygV6R8dIUmUwjrX6rBl5gkOfU8wV3bS7WI1a4lGEPn1ssj3jHZiLlpZvDik7fJgOw";' ,datacrc='',expire=1432870072 WHERE `cachekey`='wechat_access_token_wx4fc10458037c13c9' [ RunTime:0.1630s ]
SQL: SHOW COLUMNS FROM `wx_wechat_member` [ RunTime:0.0090s ]
SQL: SELECT COUNT(*) AS tp_count FROM `wx_wechat_member` WHERE `openid` = 'oAeaZjht65CnSwZ3L4QXa82nvMZA' LIMIT 1   [ RunTime:0.0270s ]
SQL: UPDATE `wx_wechat_member` SET `openid`='oAeaZjht65CnSwZ3L4QXa82nvMZA',`nickname`='灬Ben_陈灬',`sex`='男',`language`='zh_CN',`city`='云浮',`province`='广东',`country`='中国',`headimgurl`='http://wx.qlogo.cn/mmopen/fXia5YqmPeD8Twn5ONFOWUFbfjsJOJF2EQjibKvUKPwd1icXIL7ibVkAYqzWmhb6f1hOKgtmp7JWRIcu4sjHYez8bEGuEJagjo4S/0',`remark`='',`group_id`='0',`update_date`='2015-05-29 09:47:56',`create_date`='2015-05-27 11:25:40',`status`='2' WHERE `openid` = 'oAeaZjht65CnSwZ3L4QXa82nvMZA' [ RunTime:0.0300s ]
SQL: SELECT COUNT(*) AS tp_count FROM `wx_wechat_member` WHERE `openid` = 'oAeaZjht65CnSwZ3L4QXa82nvMZA' LIMIT 1   [ RunTime:0.0010s ]
SQL: UPDATE `wx_wechat_member` SET `openid`='oAeaZjht65CnSwZ3L4QXa82nvMZA',`nickname`='灬Ben_陈灬',`sex`='男',`language`='zh_CN',`city`='云浮',`province`='广东',`country`='中国',`headimgurl`='http://wx.qlogo.cn/mmopen/fXia5YqmPeD8Twn5ONFOWUFbfjsJOJF2EQjibKvUKPwd1icXIL7ibVkAYqzWmhb6f1hOKgtmp7JWRIcu4sjHYez8bEGuEJagjo4S/0',`remark`='',`group_id`='0',`update_date`='2015-05-29 09:47:58',`create_date`='2015-05-27 11:25:40',`status`='2' WHERE `openid` = 'oAeaZjht65CnSwZ3L4QXa82nvMZA' [ RunTime:0.1620s ]
SQL: SHOW COLUMNS FROM `wx_member` [ RunTime:0.1550s ]
SQL: SELECT m.*,w.headimgurl,w.sex FROM wx_member m LEFT JOIN wx_wechat_member w ON m.openid=w.openid  WHERE m.openid = 'oAeaZjht65CnSwZ3L4QXa82nvMZA' AND m.status = 2 LIMIT 1   [ RunTime:0.0560s ]
SQL: SHOW COLUMNS FROM `wx_store` [ RunTime:0.0920s ]
SQL: SELECT * FROM `wx_store` LIMIT 1   [ RunTime:0.0010s ]
SQL: SHOW COLUMNS FROM `wx_store_product` [ RunTime:0.1250s ]
SQL: SELECT * FROM `wx_store` WHERE `id` = 1 LIMIT 1   [ RunTime:0.0010s ]
SQL: SELECT COUNT(1) AS tp_count FROM `wx_store_product` WHERE `name` LIKE '%%' AND `status` = 2 LIMIT 1   [ RunTime:0.0460s ]
SQL: SELECT * FROM `wx_store_product` WHERE `name` LIKE '%%' AND `status` = 2 ORDER BY `sort` asc LIMIT 0,10   [ RunTime:0.0020s ]
INFO: [ view_parse ] --START--
INFO: [ template_filter ] --START--
INFO: Run Behavior\ContentReplaceBehavior [ RunTime:0.000000s ]
INFO: [ template_filter ] --END-- [ RunTime:0.016001s ]
NOTIC: [8] Undefined variable: token E:\cucisvn\01-code\jonza\Static\Runtime\Cache\Shop\f3a64cb619a239d09312ee007be311f0.php 第 69 行.
NOTIC: [8] Undefined variable: token E:\cucisvn\01-code\jonza\Static\Runtime\Cache\Shop\f3a64cb619a239d09312ee007be311f0.php 第 69 行.
NOTIC: [8] Undefined variable: token E:\cucisvn\01-code\jonza\Static\Runtime\Cache\Shop\f3a64cb619a239d09312ee007be311f0.php 第 69 行.
NOTIC: [8] Undefined variable: token E:\cucisvn\01-code\jonza\Static\Runtime\Cache\Shop\f3a64cb619a239d09312ee007be311f0.php 第 69 行.
NOTIC: [8] Undefined variable: token E:\cucisvn\01-code\jonza\Static\Runtime\Cache\Shop\f3a64cb619a239d09312ee007be311f0.php 第 69 行.
NOTIC: [8] Undefined variable: token E:\cucisvn\01-code\jonza\Static\Runtime\Cache\Shop\f3a64cb619a239d09312ee007be311f0.php 第 69 行.
NOTIC: [8] Undefined variable: token E:\cucisvn\01-code\jonza\Static\Runtime\Cache\Shop\f3a64cb619a239d09312ee007be311f0.php 第 69 行.
NOTIC: [8] Undefined variable: token E:\cucisvn\01-code\jonza\Static\Runtime\Cache\Shop\f3a64cb619a239d09312ee007be311f0.php 第 69 行.
NOTIC: [8] Undefined variable: token E:\cucisvn\01-code\jonza\Static\Runtime\Cache\Shop\f3a64cb619a239d09312ee007be311f0.php 第 69 行.
NOTIC: [8] Undefined variable: token E:\cucisvn\01-code\jonza\Static\Runtime\Cache\Shop\f3a64cb619a239d09312ee007be311f0.php 第 69 行.
INFO: Run Behavior\ParseTemplateBehavior [ RunTime:0.690040s ]
INFO: [ view_parse ] --END-- [ RunTime:0.690040s ]
INFO: [ view_filter ] --START--
INFO: Run Behavior\WriteHtmlCacheBehavior [ RunTime:0.030002s ]
INFO: Run Library\Behavior\EmptyImageBehavior [ RunTime:0.043002s ]
INFO: [ view_filter ] --END-- [ RunTime:0.073004s ]
INFO: [ app_end ] --START--
INFO: Run Behavior\ShowPageTraceBehavior [ RunTime:0.043003s ]
INFO: [ app_end ] --END-- [ RunTime:0.043003s ]

[ 2015-05-29T09:48:18+08:00 ] 127.0.0.1 /jonza/index.php/Shop/Index/edit/id/127.shtml
INFO: [ app_begin ] --START--
INFO: Run Behavior\ReadHtmlCacheBehavior [ RunTime:0.001000s ]
INFO: [ app_begin ] --END-- [ RunTime:0.003000s ]
NOTIC: [8192] mysql_connect(): The mysql extension is deprecated and will be removed in the future: use mysqli or PDO instead E:\cucisvn\01-code\jonza\Library\Think\Library\Think\Session\Driver\Db.class.php 第 95 行.
SQL: SHOW COLUMNS FROM `wx_site_config` [ RunTime:0.0090s ]
SQL: SELECT * FROM `wx_site_config` WHERE `id` = 1 LIMIT 1   [ RunTime:0.0010s ]
SQL: SHOW COLUMNS FROM `wx_wechat_member` [ RunTime:0.0100s ]
SQL: SELECT * FROM `wx_wechat_member` WHERE `openid` = 'oAeaZjht65CnSwZ3L4QXa82nvMZA' AND `status` = 2 LIMIT 1   [ RunTime:0.0010s ]
SQL: SHOW COLUMNS FROM `wx_wechat_config` [ RunTime:0.0100s ]
SQL: SELECT * FROM `wx_wechat_config` WHERE `id` = '1' AND `status` = 2 LIMIT 1   [ RunTime:0.0020s ]
NOTIC: [8] Undefined property: Library\Util\Api\Wechat::$access_token E:\cucisvn\01-code\jonza\Library\Util\Api\Wechat.class.php 第 1899 行.
SQL: SELECT `data`,`datacrc` FROM `think_cache` WHERE `cachekey`='wechat_access_token_wx4fc10458037c13c9' AND (`expire` =0 OR `expire`>1432864094) LIMIT 0,1 [ RunTime:0.0000s ]
SQL: SHOW COLUMNS FROM `wx_wechat_member` [ RunTime:0.0080s ]
SQL: SELECT COUNT(*) AS tp_count FROM `wx_wechat_member` WHERE `openid` = 'oAeaZjht65CnSwZ3L4QXa82nvMZA' LIMIT 1   [ RunTime:0.0010s ]
SQL: UPDATE `wx_wechat_member` SET `openid`='oAeaZjht65CnSwZ3L4QXa82nvMZA',`nickname`='灬Ben_陈灬',`sex`='男',`language`='zh_CN',`city`='云浮',`province`='广东',`country`='中国',`headimgurl`='http://wx.qlogo.cn/mmopen/fXia5YqmPeD8Twn5ONFOWUFbfjsJOJF2EQjibKvUKPwd1icXIL7ibVkAYqzWmhb6f1hOKgtmp7JWRIcu4sjHYez8bEGuEJagjo4S/0',`remark`='',`group_id`='0',`update_date`='2015-05-29 09:48:14',`create_date`='2015-05-27 11:25:40',`status`='2' WHERE `openid` = 'oAeaZjht65CnSwZ3L4QXa82nvMZA' [ RunTime:0.2430s ]
SQL: SELECT COUNT(*) AS tp_count FROM `wx_wechat_member` WHERE `openid` = 'oAeaZjht65CnSwZ3L4QXa82nvMZA' LIMIT 1   [ RunTime:0.0010s ]
SQL: UPDATE `wx_wechat_member` SET `openid`='oAeaZjht65CnSwZ3L4QXa82nvMZA',`nickname`='灬Ben_陈灬',`sex`='男',`language`='zh_CN',`city`='云浮',`province`='广东',`country`='中国',`headimgurl`='http://wx.qlogo.cn/mmopen/fXia5YqmPeD8Twn5ONFOWUFbfjsJOJF2EQjibKvUKPwd1icXIL7ibVkAYqzWmhb6f1hOKgtmp7JWRIcu4sjHYez8bEGuEJagjo4S/0',`remark`='',`group_id`='0',`update_date`='2015-05-29 09:48:16',`create_date`='2015-05-27 11:25:40',`status`='2' WHERE `openid` = 'oAeaZjht65CnSwZ3L4QXa82nvMZA' [ RunTime:0.2360s ]
SQL: SHOW COLUMNS FROM `wx_member` [ RunTime:0.0090s ]
SQL: SELECT m.*,w.headimgurl,w.sex FROM wx_member m LEFT JOIN wx_wechat_member w ON m.openid=w.openid  WHERE m.openid = 'oAeaZjht65CnSwZ3L4QXa82nvMZA' AND m.status = 2 LIMIT 1   [ RunTime:0.0010s ]
SQL: SHOW COLUMNS FROM `wx_store` [ RunTime:0.0100s ]
SQL: SELECT * FROM `wx_store` LIMIT 1   [ RunTime:0.0010s ]
SQL: SHOW COLUMNS FROM `wx_store_product` [ RunTime:0.0090s ]
SQL: SELECT * FROM `wx_store_product` WHERE `id` = '127' LIMIT 1   [ RunTime:0.2370s ]
SQL: SHOW COLUMNS FROM `wx_store_product_model` [ RunTime:0.3320s ]
INFO: [ view_parse ] --START--
INFO: [ template_filter ] --START--
INFO: Run Behavior\ContentReplaceBehavior [ RunTime:0.001000s ]
INFO: [ template_filter ] --END-- [ RunTime:0.001000s ]
SQL: SHOW COLUMNS FROM `wx_store_product` [ RunTime:0.0110s ]
SQL: SELECT `free_express` FROM `wx_store_product` WHERE `id` = '127' LIMIT 1   [ RunTime:0.0010s ]
SQL: SHOW COLUMNS FROM `wx_store_delivery` [ RunTime:0.2710s ]
SQL: SELECT MAX(firstprice) as max_price FROM `wx_store_delivery` WHERE `status` = 2 LIMIT 1   [ RunTime:0.0020s ]
SQL: SELECT MIN(firstprice) as min_price FROM `wx_store_delivery` WHERE `status` = 2 LIMIT 1   [ RunTime:0.0010s ]
NOTIC: [8] Use of undefined constant _param_ - assumed '_param_' E:\cucisvn\01-code\jonza\Static\Runtime\Cache\Shop\729ceeaaea06cb1f38b4788ec5ca9651.php 第 210 行.
NOTIC: [8] Use of undefined constant _price_ - assumed '_price_' E:\cucisvn\01-code\jonza\Static\Runtime\Cache\Shop\729ceeaaea06cb1f38b4788ec5ca9651.php 第 210 行.
NOTIC: [8] Use of undefined constant _num_ - assumed '_num_' E:\cucisvn\01-code\jonza\Static\Runtime\Cache\Shop\729ceeaaea06cb1f38b4788ec5ca9651.php 第 210 行.
NOTIC: [8] Use of undefined constant _cid_ - assumed '_cid_' E:\cucisvn\01-code\jonza\Static\Runtime\Cache\Shop\729ceeaaea06cb1f38b4788ec5ca9651.php 第 210 行.
INFO: Run Behavior\ParseTemplateBehavior [ RunTime:0.435025s ]
INFO: [ view_parse ] --END-- [ RunTime:0.436025s ]
INFO: [ view_filter ] --START--
INFO: Run Behavior\WriteHtmlCacheBehavior [ RunTime:0.001000s ]
INFO: Run Library\Behavior\EmptyImageBehavior [ RunTime:0.003000s ]
INFO: [ view_filter ] --END-- [ RunTime:0.004000s ]
INFO: [ app_end ] --START--
INFO: Run Behavior\ShowPageTraceBehavior [ RunTime:0.002000s ]
INFO: [ app_end ] --END-- [ RunTime:0.002000s ]

[ 2015-05-29T09:48:33+08:00 ] 127.0.0.1 /jonza/index.php/Shop/Order/check/param/Pre%E6%AE%B5800g-%E7%BD%90/price/0.01/num/1/cid/127.shtml
INFO: [ app_begin ] --START--
INFO: Run Behavior\ReadHtmlCacheBehavior [ RunTime:0.001000s ]
INFO: [ app_begin ] --END-- [ RunTime:0.002000s ]
NOTIC: [8192] mysql_connect(): The mysql extension is deprecated and will be removed in the future: use mysqli or PDO instead E:\cucisvn\01-code\jonza\Library\Think\Library\Think\Session\Driver\Db.class.php 第 95 行.
NOTIC: [2048] Declaration of Shop\Controller\OrderController::show() should be compatible with Think\Controller::show($content, $charset = '', $contentType = '', $prefix = '') E:\cucisvn\01-code\jonza\Module\Shop\Controller\OrderController.class.php 第 11 行.
SQL: SHOW COLUMNS FROM `wx_site_config` [ RunTime:0.0080s ]
SQL: SELECT * FROM `wx_site_config` WHERE `id` = 1 LIMIT 1   [ RunTime:0.0010s ]
SQL: SHOW COLUMNS FROM `wx_wechat_member` [ RunTime:0.0080s ]
SQL: SELECT * FROM `wx_wechat_member` WHERE `openid` = 'oAeaZjht65CnSwZ3L4QXa82nvMZA' AND `status` = 2 LIMIT 1   [ RunTime:0.0010s ]
SQL: SHOW COLUMNS FROM `wx_wechat_config` [ RunTime:0.0090s ]
SQL: SELECT * FROM `wx_wechat_config` WHERE `id` = '1' AND `status` = 2 LIMIT 1   [ RunTime:0.0020s ]
NOTIC: [8] Undefined property: Library\Util\Api\Wechat::$access_token E:\cucisvn\01-code\jonza\Library\Util\Api\Wechat.class.php 第 1899 行.
SQL: SELECT `data`,`datacrc` FROM `think_cache` WHERE `cachekey`='wechat_access_token_wx4fc10458037c13c9' AND (`expire` =0 OR `expire`>1432864108) LIMIT 0,1 [ RunTime:0.0000s ]
SQL: SHOW COLUMNS FROM `wx_wechat_member` [ RunTime:0.0100s ]
SQL: SELECT COUNT(*) AS tp_count FROM `wx_wechat_member` WHERE `openid` = 'oAeaZjht65CnSwZ3L4QXa82nvMZA' LIMIT 1   [ RunTime:0.0010s ]
SQL: UPDATE `wx_wechat_member` SET `openid`='oAeaZjht65CnSwZ3L4QXa82nvMZA',`nickname`='灬Ben_陈灬',`sex`='男',`language`='zh_CN',`city`='云浮',`province`='广东',`country`='中国',`headimgurl`='http://wx.qlogo.cn/mmopen/fXia5YqmPeD8Twn5ONFOWUFbfjsJOJF2EQjibKvUKPwd1icXIL7ibVkAYqzWmhb6f1hOKgtmp7JWRIcu4sjHYez8bEGuEJagjo4S/0',`remark`='',`group_id`='0',`update_date`='2015-05-29 09:48:29',`create_date`='2015-05-27 11:25:40',`status`='2' WHERE `openid` = 'oAeaZjht65CnSwZ3L4QXa82nvMZA' [ RunTime:0.6670s ]
SQL: SELECT COUNT(*) AS tp_count FROM `wx_wechat_member` WHERE `openid` = 'oAeaZjht65CnSwZ3L4QXa82nvMZA' LIMIT 1   [ RunTime:0.0010s ]
SQL: UPDATE `wx_wechat_member` SET `openid`='oAeaZjht65CnSwZ3L4QXa82nvMZA',`nickname`='灬Ben_陈灬',`sex`='男',`language`='zh_CN',`city`='云浮',`province`='广东',`country`='中国',`headimgurl`='http://wx.qlogo.cn/mmopen/fXia5YqmPeD8Twn5ONFOWUFbfjsJOJF2EQjibKvUKPwd1icXIL7ibVkAYqzWmhb6f1hOKgtmp7JWRIcu4sjHYez8bEGuEJagjo4S/0',`remark`='',`group_id`='0',`update_date`='2015-05-29 09:48:30',`create_date`='2015-05-27 11:25:40',`status`='2' WHERE `openid` = 'oAeaZjht65CnSwZ3L4QXa82nvMZA' [ RunTime:0.3760s ]
SQL: SHOW COLUMNS FROM `wx_member` [ RunTime:0.0100s ]
SQL: SELECT m.*,w.headimgurl,w.sex FROM wx_member m LEFT JOIN wx_wechat_member w ON m.openid=w.openid  WHERE m.openid = 'oAeaZjht65CnSwZ3L4QXa82nvMZA' AND m.status = 2 LIMIT 1   [ RunTime:0.0010s ]
SQL: SHOW COLUMNS FROM `wx_store` [ RunTime:0.0080s ]
SQL: SELECT * FROM `wx_store` LIMIT 1   [ RunTime:0.0000s ]
SQL: SHOW COLUMNS FROM `wx_member_address` [ RunTime:0.5260s ]
SQL: SELECT * FROM `wx_member_address` WHERE `openid` = 'oAeaZjht65CnSwZ3L4QXa82nvMZA' AND `is_default` = 2 LIMIT 1   [ RunTime:0.0410s ]
SQL: SHOW COLUMNS FROM `wx_store_product` [ RunTime:0.0090s ]
SQL: SELECT * FROM `wx_store_product` WHERE `id` = '127' LIMIT 1   [ RunTime:0.0010s ]
NOTIC: [8] Undefined offset: 1 E:\cucisvn\01-code\jonza\Module\Shop\Controller\OrderController.class.php 第 90 行.
SQL: SELECT `id`,`name`,`params` FROM `wx_store_product` WHERE `id` = '127' LIMIT 1   [ RunTime:0.0010s ]
SQL: SELECT `times_limit`,`free_express` FROM `wx_store_product` WHERE `id` = '127' LIMIT 1   [ RunTime:0.0010s ]
SQL: SHOW COLUMNS FROM `wx_store_delivery` [ RunTime:0.1430s ]
SQL: SELECT * FROM `wx_store_delivery` WHERE `status` = 2  [ RunTime:0.0010s ]
INFO: [ view_parse ] --START--
INFO: [ template_filter ] --START--
INFO: Run Behavior\ContentReplaceBehavior [ RunTime:0.000000s ]
INFO: [ template_filter ] --END-- [ RunTime:0.001000s ]
SQL: SELECT * FROM `wx_site_config` WHERE `id` = 1 LIMIT 1   [ RunTime:0.0020s ]
SQL: SELECT * FROM `wx_wechat_config` WHERE `id` = '1' AND `status` = 2 LIMIT 1   [ RunTime:0.0010s ]
NOTIC: [8] Undefined property: Library\Util\Api\Wechat::$access_token E:\cucisvn\01-code\jonza\Library\Util\Api\Wechat.class.php 第 1066 行.
SQL: SELECT `data`,`datacrc` FROM `think_cache` WHERE `cachekey`='wechat_access_token_wx4fc10458037c13c9' AND (`expire` =0 OR `expire`>1432864112) LIMIT 0,1 [ RunTime:0.0000s ]
SQL: SELECT `data`,`datacrc` FROM `think_cache` WHERE `cachekey`='wechat_jsapi_ticket_wx4fc10458037c13c9' AND (`expire` =0 OR `expire`>1432864112) LIMIT 0,1 [ RunTime:0.0010s ]
NOTIC: [8] Undefined offset: 0 E:\cucisvn\01-code\jonza\Library\Think\Library\Think\Cache\Driver\Db.class.php 第 55 行.
SQL: select `cachekey` from `think_cache` where `cachekey`='wechat_jsapi_ticket_wx4fc10458037c13c9' limit 0,1 [ RunTime:0.0010s ]
SQL: UPDATE think_cache SET data='s:86:"bxLdikRXVbTPdHSM05e5u25xwzYZRklV4lNkl5y_kkosry6JdDl_D5lCR7uC_8v_86cieqyg3dADjbLhCf9ilQ";' ,datacrc='',expire=1432870113 WHERE `cachekey`='wechat_jsapi_ticket_wx4fc10458037c13c9' [ RunTime:0.4530s ]
INFO: Run Behavior\ParseTemplateBehavior [ RunTime:1.685096s ]
INFO: [ view_parse ] --END-- [ RunTime:1.687096s ]
INFO: [ view_filter ] --START--
INFO: Run Behavior\WriteHtmlCacheBehavior [ RunTime:0.001000s ]
INFO: Run Library\Behavior\EmptyImageBehavior [ RunTime:0.002000s ]
INFO: [ view_filter ] --END-- [ RunTime:0.004000s ]
INFO: [ app_end ] --START--
INFO: Run Behavior\ShowPageTraceBehavior [ RunTime:0.003000s ]
INFO: [ app_end ] --END-- [ RunTime:0.003000s ]

[ 2015-05-29T09:48:42+08:00 ] 127.0.0.1 /jonza/index.php/Shop/Order/show.shtml
INFO: [ app_begin ] --START--
INFO: Run Behavior\ReadHtmlCacheBehavior [ RunTime:0.001000s ]
INFO: [ app_begin ] --END-- [ RunTime:0.002000s ]
NOTIC: [8192] mysql_connect(): The mysql extension is deprecated and will be removed in the future: use mysqli or PDO instead E:\cucisvn\01-code\jonza\Library\Think\Library\Think\Session\Driver\Db.class.php 第 95 行.
NOTIC: [2048] Declaration of Shop\Controller\OrderController::show() should be compatible with Think\Controller::show($content, $charset = '', $contentType = '', $prefix = '') E:\cucisvn\01-code\jonza\Module\Shop\Controller\OrderController.class.php 第 11 行.
SQL: SHOW COLUMNS FROM `wx_site_config` [ RunTime:0.0100s ]
SQL: SELECT * FROM `wx_site_config` WHERE `id` = 1 LIMIT 1   [ RunTime:0.0020s ]
SQL: SHOW COLUMNS FROM `wx_wechat_member` [ RunTime:0.0090s ]
SQL: SELECT * FROM `wx_wechat_member` WHERE `openid` = 'oAeaZjht65CnSwZ3L4QXa82nvMZA' AND `status` = 2 LIMIT 1   [ RunTime:0.0010s ]
SQL: SHOW COLUMNS FROM `wx_wechat_config` [ RunTime:0.0320s ]
SQL: SELECT * FROM `wx_wechat_config` WHERE `id` = '1' AND `status` = 2 LIMIT 1   [ RunTime:0.0010s ]
NOTIC: [8] Undefined property: Library\Util\Api\Wechat::$access_token E:\cucisvn\01-code\jonza\Library\Util\Api\Wechat.class.php 第 1899 行.
SQL: SELECT `data`,`datacrc` FROM `think_cache` WHERE `cachekey`='wechat_access_token_wx4fc10458037c13c9' AND (`expire` =0 OR `expire`>1432864118) LIMIT 0,1 [ RunTime:0.0010s ]
SQL: SHOW COLUMNS FROM `wx_wechat_member` [ RunTime:0.0080s ]
SQL: SELECT COUNT(*) AS tp_count FROM `wx_wechat_member` WHERE `openid` = 'oAeaZjht65CnSwZ3L4QXa82nvMZA' LIMIT 1   [ RunTime:0.0010s ]
SQL: UPDATE `wx_wechat_member` SET `openid`='oAeaZjht65CnSwZ3L4QXa82nvMZA',`nickname`='灬Ben_陈灬',`sex`='男',`language`='zh_CN',`city`='云浮',`province`='广东',`country`='中国',`headimgurl`='http://wx.qlogo.cn/mmopen/fXia5YqmPeD8Twn5ONFOWUFbfjsJOJF2EQjibKvUKPwd1icXIL7ibVkAYqzWmhb6f1hOKgtmp7JWRIcu4sjHYez8bEGuEJagjo4S/0',`remark`='',`group_id`='0',`update_date`='2015-05-29 09:48:40',`create_date`='2015-05-27 11:25:40',`status`='2' WHERE `openid` = 'oAeaZjht65CnSwZ3L4QXa82nvMZA' [ RunTime:0.1710s ]
SQL: SELECT COUNT(*) AS tp_count FROM `wx_wechat_member` WHERE `openid` = 'oAeaZjht65CnSwZ3L4QXa82nvMZA' LIMIT 1   [ RunTime:0.0010s ]
SQL: UPDATE `wx_wechat_member` SET `openid`='oAeaZjht65CnSwZ3L4QXa82nvMZA',`nickname`='灬Ben_陈灬',`sex`='男',`language`='zh_CN',`city`='云浮',`province`='广东',`country`='中国',`headimgurl`='http://wx.qlogo.cn/mmopen/fXia5YqmPeD8Twn5ONFOWUFbfjsJOJF2EQjibKvUKPwd1icXIL7ibVkAYqzWmhb6f1hOKgtmp7JWRIcu4sjHYez8bEGuEJagjo4S/0',`remark`='',`group_id`='0',`update_date`='2015-05-29 09:48:42',`create_date`='2015-05-27 11:25:40',`status`='2' WHERE `openid` = 'oAeaZjht65CnSwZ3L4QXa82nvMZA' [ RunTime:0.1780s ]
SQL: SHOW COLUMNS FROM `wx_member` [ RunTime:0.0090s ]
SQL: SELECT m.*,w.headimgurl,w.sex FROM wx_member m LEFT JOIN wx_wechat_member w ON m.openid=w.openid  WHERE m.openid = 'oAeaZjht65CnSwZ3L4QXa82nvMZA' AND m.status = 2 LIMIT 1   [ RunTime:0.0010s ]
SQL: SHOW COLUMNS FROM `wx_store` [ RunTime:0.0080s ]
SQL: SELECT * FROM `wx_store` LIMIT 1   [ RunTime:0.0010s ]
SQL: SHOW COLUMNS FROM `wx_store_delivery` [ RunTime:0.0080s ]
SQL: SELECT * FROM `wx_store_delivery` WHERE `id` = 3 LIMIT 1   [ RunTime:0.0010s ]
SQL: SHOW COLUMNS FROM `wx_store_product` [ RunTime:0.0100s ]
SQL: SELECT `discount` FROM `wx_store_product` WHERE `id` = '127' LIMIT 1   [ RunTime:0.0000s ]
SQL: SELECT `sid` FROM `wx_member` WHERE `openid` = 'oAeaZjht65CnSwZ3L4QXa82nvMZA' LIMIT 1   [ RunTime:0.0010s ]
SQL: SHOW COLUMNS FROM `wx_store_order` [ RunTime:0.1020s ]
SQL: INSERT INTO `wx_store_order` (`openid`,`pay_type`,`freight`,`pay_freight`,`order_amount`,`accept_name`,`country`,`province`,`city`,`area`,`address`,`phone`,`postcode`,`post_script`,`order_discount`,`store_id`) VALUES ('oAeaZjht65CnSwZ3L4QXa82nvMZA','1','圆通快递','0.01','0.01','C_R_BIN','','广东省','广州市','海珠区','住晒','13268317045','521100','','0.0002','1') [ RunTime:0.0110s ]
SQL: SELECT COUNT(*) AS tp_count FROM `wx_store_order` WHERE `id` = '106' LIMIT 1   [ RunTime:0.0000s ]
SQL: UPDATE `wx_store_order` SET `order_no`='1150529090106',`id`='106' WHERE `id` = '106' [ RunTime:0.0010s ]
SQL: SELECT * FROM `wx_store_product` WHERE `id` = '127' LIMIT 1   [ RunTime:0.0010s ]
SQL: SHOW COLUMNS FROM `wx_store_order_product` [ RunTime:0.1140s ]
SQL: INSERT INTO `wx_store_order_product` (`order_id`,`product_id`,`openid`,`product_name`,`img`,`weight`,`params`,`product_params`,`product_price`,`product_nums`) VALUES ('106','127','oAeaZjht65CnSwZ3L4QXa82nvMZA','德国进口Aptamil爱宝美婴儿配方奶粉','http://7xj4ba.com1.z0.glb.clouddn.com/image/2015/5/6/11/5748/a14c807554b9d3cb0580a91a84f8c8df.jpg','0.00','Pre段800g-罐','{\"Pre\\u6bb5800g\\/\\u7f50_split_price\":\"0.01\",\"Pre\\u6bb5800g\\/\\u7f50_split_credit\":\"20\",\"Pre\\u6bb5800g\\/\\u7f50_split_store\":16,\"1\\u6bb5800g\\/\\u7f50_split_price\":\"195.00\",\"1\\u6bb5800g\\/\\u7f50_split_credit\":\"20\",\"1\\u6bb5800g\\/\\u7f50_split_store\":\"3\",\"2\\u6bb5800g\\/\\u7f50_split_price\":\"195.00\",\"2\\u6bb5800g\\/\\u7f50_split_credit\":\"20\",\"2\\u6bb5800g\\/\\u7f50_split_store\":\"0\",\"3\\u6bb5800g\\/\\u7f50_split_price\":\"195.00\",\"3\\u6bb5800g\\/\\u7f50_split_credit\":\"20\",\"3\\u6bb5800g\\/\\u7f50_split_store\":\"0\",\"1+\\u6bb5600g\\/\\u7f50_split_price\":\"140.00\",\"1+\\u6bb5600g\\/\\u7f50_split_credit\":\"14\",\"1+\\u6bb5600g\\/\\u7f50_split_store\":\"0\",\"2+\\u6bb5600g\\/\\u7f50_split_price\":\"140.00\",\"2+\\u6bb5600g\\/\\u7f50_split_credit\":\"14\",\"2+\\u6bb5600g\\/\\u7f50_split_store\":\"0\",\"Pre\\u6bb5800g_split_store\":-4,\"Pre\\u6bb5800g-\\u7f50_split_store\":-1}','0.01','1') [ RunTime:0.0460s ]
SQL: UPDATE `wx_store_product` SET `sale`=sale+1 WHERE `id` = '127' [ RunTime:0.0010s ]
SQL: UPDATE `wx_store_product` SET `params`='{\"Pre\\u6bb5800g\\/\\u7f50_split_price\":\"0.01\",\"Pre\\u6bb5800g\\/\\u7f50_split_credit\":\"20\",\"Pre\\u6bb5800g\\/\\u7f50_split_store\":16,\"1\\u6bb5800g\\/\\u7f50_split_price\":\"195.00\",\"1\\u6bb5800g\\/\\u7f50_split_credit\":\"20\",\"1\\u6bb5800g\\/\\u7f50_split_store\":\"3\",\"2\\u6bb5800g\\/\\u7f50_split_price\":\"195.00\",\"2\\u6bb5800g\\/\\u7f50_split_credit\":\"20\",\"2\\u6bb5800g\\/\\u7f50_split_store\":\"0\",\"3\\u6bb5800g\\/\\u7f50_split_price\":\"195.00\",\"3\\u6bb5800g\\/\\u7f50_split_credit\":\"20\",\"3\\u6bb5800g\\/\\u7f50_split_store\":\"0\",\"1+\\u6bb5600g\\/\\u7f50_split_price\":\"140.00\",\"1+\\u6bb5600g\\/\\u7f50_split_credit\":\"14\",\"1+\\u6bb5600g\\/\\u7f50_split_store\":\"0\",\"2+\\u6bb5600g\\/\\u7f50_split_price\":\"140.00\",\"2+\\u6bb5600g\\/\\u7f50_split_credit\":\"14\",\"2+\\u6bb5600g\\/\\u7f50_split_store\":\"0\",\"Pre\\u6bb5800g_split_store\":-4,\"Pre\\u6bb5800g-\\u7f50_split_store\":-2}' WHERE `id` = '127' [ RunTime:0.0010s ]

[ 2015-05-29T09:48:48+08:00 ] 127.0.0.1 /jonza/index.php/shop/pay/order_106.shtml
INFO: [ app_begin ] --START--
INFO: Run Behavior\ReadHtmlCacheBehavior [ RunTime:0.001000s ]
INFO: [ app_begin ] --END-- [ RunTime:0.003000s ]
NOTIC: [8192] mysql_connect(): The mysql extension is deprecated and will be removed in the future: use mysqli or PDO instead E:\cucisvn\01-code\jonza\Library\Think\Library\Think\Session\Driver\Db.class.php 第 95 行.
NOTIC: [2048] Declaration of Shop\Controller\OrderController::show() should be compatible with Think\Controller::show($content, $charset = '', $contentType = '', $prefix = '') E:\cucisvn\01-code\jonza\Module\Shop\Controller\OrderController.class.php 第 11 行.
SQL: SHOW COLUMNS FROM `wx_site_config` [ RunTime:0.0290s ]
SQL: SELECT * FROM `wx_site_config` WHERE `id` = 1 LIMIT 1   [ RunTime:0.0010s ]
SQL: SHOW COLUMNS FROM `wx_wechat_member` [ RunTime:0.0090s ]
SQL: SELECT * FROM `wx_wechat_member` WHERE `openid` = 'oAeaZjht65CnSwZ3L4QXa82nvMZA' AND `status` = 2 LIMIT 1   [ RunTime:0.0010s ]
SQL: SHOW COLUMNS FROM `wx_wechat_config` [ RunTime:0.0090s ]
SQL: SELECT * FROM `wx_wechat_config` WHERE `id` = '1' AND `status` = 2 LIMIT 1   [ RunTime:0.0010s ]
NOTIC: [8] Undefined property: Library\Util\Api\Wechat::$access_token E:\cucisvn\01-code\jonza\Library\Util\Api\Wechat.class.php 第 1899 行.
SQL: SELECT `data`,`datacrc` FROM `think_cache` WHERE `cachekey`='wechat_access_token_wx4fc10458037c13c9' AND (`expire` =0 OR `expire`>1432864125) LIMIT 0,1 [ RunTime:0.0000s ]
SQL: SHOW COLUMNS FROM `wx_wechat_member` [ RunTime:0.0090s ]
SQL: SELECT COUNT(*) AS tp_count FROM `wx_wechat_member` WHERE `openid` = 'oAeaZjht65CnSwZ3L4QXa82nvMZA' LIMIT 1   [ RunTime:0.0010s ]
SQL: UPDATE `wx_wechat_member` SET `openid`='oAeaZjht65CnSwZ3L4QXa82nvMZA',`nickname`='灬Ben_陈灬',`sex`='男',`language`='zh_CN',`city`='云浮',`province`='广东',`country`='中国',`headimgurl`='http://wx.qlogo.cn/mmopen/fXia5YqmPeD8Twn5ONFOWUFbfjsJOJF2EQjibKvUKPwd1icXIL7ibVkAYqzWmhb6f1hOKgtmp7JWRIcu4sjHYez8bEGuEJagjo4S/0',`remark`='',`group_id`='0',`update_date`='2015-05-29 09:48:46',`create_date`='2015-05-27 11:25:40',`status`='2' WHERE `openid` = 'oAeaZjht65CnSwZ3L4QXa82nvMZA' [ RunTime:0.1430s ]
SQL: SELECT COUNT(*) AS tp_count FROM `wx_wechat_member` WHERE `openid` = 'oAeaZjht65CnSwZ3L4QXa82nvMZA' LIMIT 1   [ RunTime:0.0020s ]
SQL: UPDATE `wx_wechat_member` SET `openid`='oAeaZjht65CnSwZ3L4QXa82nvMZA',`nickname`='灬Ben_陈灬',`sex`='男',`language`='zh_CN',`city`='云浮',`province`='广东',`country`='中国',`headimgurl`='http://wx.qlogo.cn/mmopen/fXia5YqmPeD8Twn5ONFOWUFbfjsJOJF2EQjibKvUKPwd1icXIL7ibVkAYqzWmhb6f1hOKgtmp7JWRIcu4sjHYez8bEGuEJagjo4S/0',`remark`='',`group_id`='0',`update_date`='2015-05-29 09:48:48',`create_date`='2015-05-27 11:25:40',`status`='2' WHERE `openid` = 'oAeaZjht65CnSwZ3L4QXa82nvMZA' [ RunTime:0.0470s ]
SQL: SHOW COLUMNS FROM `wx_member` [ RunTime:0.0070s ]
SQL: SELECT m.*,w.headimgurl,w.sex FROM wx_member m LEFT JOIN wx_wechat_member w ON m.openid=w.openid  WHERE m.openid = 'oAeaZjht65CnSwZ3L4QXa82nvMZA' AND m.status = 2 LIMIT 1   [ RunTime:0.0010s ]
SQL: SHOW COLUMNS FROM `wx_store` [ RunTime:0.0090s ]
SQL: SELECT * FROM `wx_store` LIMIT 1   [ RunTime:0.0010s ]
SQL: SHOW COLUMNS FROM `wx_store_order` [ RunTime:0.0090s ]
SQL: SELECT * FROM `wx_store_order` WHERE `id` = 106 LIMIT 1   [ RunTime:0.0010s ]
SQL: SHOW COLUMNS FROM `wx_store_order_product` [ RunTime:0.0090s ]
SQL: SELECT * FROM `wx_store_order_product` WHERE `order_id` = 106  [ RunTime:0.0250s ]
NOTIC: [8] Undefined variable: data E:\cucisvn\01-code\jonza\Module\Shop\Controller\OrderController.class.php 第 299 行.
INFO: [ view_parse ] --START--
INFO: [ template_filter ] --START--
INFO: Run Behavior\ContentReplaceBehavior [ RunTime:0.000000s ]
INFO: [ template_filter ] --END-- [ RunTime:0.001000s ]
NOTIC: [8] Undefined variable: data E:\cucisvn\01-code\jonza\Static\Runtime\Cache\Shop\48addfbfebf392e64ecf77e8d0bd3013.php 第 84 行.
SQL: SELECT * FROM `wx_site_config` WHERE `id` = 1 LIMIT 1   [ RunTime:0.0010s ]
SQL: SELECT * FROM `wx_wechat_config` WHERE `id` = '1' AND `status` = 2 LIMIT 1   [ RunTime:0.0010s ]
NOTIC: [8] Undefined property: Library\Util\Api\Wechat::$access_token E:\cucisvn\01-code\jonza\Library\Util\Api\Wechat.class.php 第 1066 行.
SQL: SELECT `data`,`datacrc` FROM `think_cache` WHERE `cachekey`='wechat_access_token_wx4fc10458037c13c9' AND (`expire` =0 OR `expire`>1432864128) LIMIT 0,1 [ RunTime:0.0010s ]
SQL: SELECT `data`,`datacrc` FROM `think_cache` WHERE `cachekey`='wechat_jsapi_ticket_wx4fc10458037c13c9' AND (`expire` =0 OR `expire`>1432864128) LIMIT 0,1 [ RunTime:0.0010s ]
INFO: Run Behavior\ParseTemplateBehavior [ RunTime:0.083004s ]
INFO: [ view_parse ] --END-- [ RunTime:0.084004s ]
INFO: [ view_filter ] --START--
INFO: Run Behavior\WriteHtmlCacheBehavior [ RunTime:0.001001s ]
INFO: Run Library\Behavior\EmptyImageBehavior [ RunTime:0.002000s ]
INFO: [ view_filter ] --END-- [ RunTime:0.004001s ]
INFO: [ app_end ] --START--
INFO: Run Behavior\ShowPageTraceBehavior [ RunTime:0.002000s ]
INFO: [ app_end ] --END-- [ RunTime:0.002000s ]

[ 2015-05-29T09:49:16+08:00 ] 127.0.0.1 /jonza/index.php/Shop/Index/index
INFO: [ app_begin ] --START--
INFO: Run Behavior\ReadHtmlCacheBehavior [ RunTime:0.002000s ]
INFO: [ app_begin ] --END-- [ RunTime:0.002000s ]
NOTIC: [8192] mysql_connect(): The mysql extension is deprecated and will be removed in the future: use mysqli or PDO instead E:\cucisvn\01-code\jonza\Library\Think\Library\Think\Session\Driver\Db.class.php 第 95 行.
SQL: SHOW COLUMNS FROM `wx_site_config` [ RunTime:0.0070s ]
SQL: SELECT * FROM `wx_site_config` WHERE `id` = 1 LIMIT 1   [ RunTime:0.0010s ]
NOTIC: [8] Undefined index: HTTP_REFERER E:\cucisvn\01-code\jonza\Library\Util\Baidu.class.php 第 72 行.
SQL: SHOW COLUMNS FROM `wx_wechat_member` [ RunTime:0.0070s ]
SQL: SELECT * FROM `wx_wechat_member` WHERE `openid` = 'oAeaZjht65CnSwZ3L4QXa82nvMZA' AND `status` = 2 LIMIT 1   [ RunTime:0.0010s ]
SQL: SHOW COLUMNS FROM `wx_wechat_config` [ RunTime:0.0080s ]
SQL: SELECT * FROM `wx_wechat_config` WHERE `id` = '1' AND `status` = 2 LIMIT 1   [ RunTime:0.0010s ]
NOTIC: [8] Undefined property: Library\Util\Api\Wechat::$access_token E:\cucisvn\01-code\jonza\Library\Util\Api\Wechat.class.php 第 1899 行.
SQL: SELECT `data`,`datacrc` FROM `think_cache` WHERE `cachekey`='wechat_access_token_wx4fc10458037c13c9' AND (`expire` =0 OR `expire`>1432864154) LIMIT 0,1 [ RunTime:0.0010s ]
SQL: SHOW COLUMNS FROM `wx_wechat_member` [ RunTime:0.0070s ]
SQL: SELECT COUNT(*) AS tp_count FROM `wx_wechat_member` WHERE `openid` = 'oAeaZjht65CnSwZ3L4QXa82nvMZA' LIMIT 1   [ RunTime:0.0000s ]
SQL: UPDATE `wx_wechat_member` SET `openid`='oAeaZjht65CnSwZ3L4QXa82nvMZA',`nickname`='灬Ben_陈灬',`sex`='男',`language`='zh_CN',`city`='云浮',`province`='广东',`country`='中国',`headimgurl`='http://wx.qlogo.cn/mmopen/fXia5YqmPeD8Twn5ONFOWUFbfjsJOJF2EQjibKvUKPwd1icXIL7ibVkAYqzWmhb6f1hOKgtmp7JWRIcu4sjHYez8bEGuEJagjo4S/0',`remark`='',`group_id`='0',`update_date`='2015-05-29 09:49:15',`create_date`='2015-05-27 11:25:40',`status`='2' WHERE `openid` = 'oAeaZjht65CnSwZ3L4QXa82nvMZA' [ RunTime:0.0680s ]
SQL: SELECT COUNT(*) AS tp_count FROM `wx_wechat_member` WHERE `openid` = 'oAeaZjht65CnSwZ3L4QXa82nvMZA' LIMIT 1   [ RunTime:0.0010s ]
SQL: UPDATE `wx_wechat_member` SET `openid`='oAeaZjht65CnSwZ3L4QXa82nvMZA',`nickname`='灬Ben_陈灬',`sex`='男',`language`='zh_CN',`city`='云浮',`province`='广东',`country`='中国',`headimgurl`='http://wx.qlogo.cn/mmopen/fXia5YqmPeD8Twn5ONFOWUFbfjsJOJF2EQjibKvUKPwd1icXIL7ibVkAYqzWmhb6f1hOKgtmp7JWRIcu4sjHYez8bEGuEJagjo4S/0',`remark`='',`group_id`='0',`update_date`='2015-05-29 09:49:16',`create_date`='2015-05-27 11:25:40',`status`='2' WHERE `openid` = 'oAeaZjht65CnSwZ3L4QXa82nvMZA' [ RunTime:0.0550s ]
SQL: SHOW COLUMNS FROM `wx_member` [ RunTime:0.0070s ]
SQL: SELECT m.*,w.headimgurl,w.sex FROM wx_member m LEFT JOIN wx_wechat_member w ON m.openid=w.openid  WHERE m.openid = 'oAeaZjht65CnSwZ3L4QXa82nvMZA' AND m.status = 2 LIMIT 1   [ RunTime:0.0010s ]
SQL: SHOW COLUMNS FROM `wx_store` [ RunTime:0.0070s ]
SQL: SELECT * FROM `wx_store` LIMIT 1   [ RunTime:0.0010s ]
SQL: SHOW COLUMNS FROM `wx_store_product` [ RunTime:0.0090s ]
SQL: SELECT * FROM `wx_store` WHERE `id` = 1 LIMIT 1   [ RunTime:0.0000s ]
SQL: SELECT COUNT(1) AS tp_count FROM `wx_store_product` WHERE `name` LIKE '%%' AND `status` = 2 LIMIT 1   [ RunTime:0.0000s ]
SQL: SELECT * FROM `wx_store_product` WHERE `name` LIKE '%%' AND `status` = 2 ORDER BY `sort` asc LIMIT 0,10   [ RunTime:0.0020s ]
INFO: [ view_parse ] --START--
INFO: [ template_filter ] --START--
INFO: Run Behavior\ContentReplaceBehavior [ RunTime:0.001000s ]
INFO: [ template_filter ] --END-- [ RunTime:0.001000s ]
NOTIC: [8] Undefined variable: token E:\cucisvn\01-code\jonza\Static\Runtime\Cache\Shop\f3a64cb619a239d09312ee007be311f0.php 第 69 行.
NOTIC: [8] Undefined variable: token E:\cucisvn\01-code\jonza\Static\Runtime\Cache\Shop\f3a64cb619a239d09312ee007be311f0.php 第 69 行.
NOTIC: [8] Undefined variable: token E:\cucisvn\01-code\jonza\Static\Runtime\Cache\Shop\f3a64cb619a239d09312ee007be311f0.php 第 69 行.
NOTIC: [8] Undefined variable: token E:\cucisvn\01-code\jonza\Static\Runtime\Cache\Shop\f3a64cb619a239d09312ee007be311f0.php 第 69 行.
NOTIC: [8] Undefined variable: token E:\cucisvn\01-code\jonza\Static\Runtime\Cache\Shop\f3a64cb619a239d09312ee007be311f0.php 第 69 行.
NOTIC: [8] Undefined variable: token E:\cucisvn\01-code\jonza\Static\Runtime\Cache\Shop\f3a64cb619a239d09312ee007be311f0.php 第 69 行.
NOTIC: [8] Undefined variable: token E:\cucisvn\01-code\jonza\Static\Runtime\Cache\Shop\f3a64cb619a239d09312ee007be311f0.php 第 69 行.
NOTIC: [8] Undefined variable: token E:\cucisvn\01-code\jonza\Static\Runtime\Cache\Shop\f3a64cb619a239d09312ee007be311f0.php 第 69 行.
NOTIC: [8] Undefined variable: token E:\cucisvn\01-code\jonza\Static\Runtime\Cache\Shop\f3a64cb619a239d09312ee007be311f0.php 第 69 行.
NOTIC: [8] Undefined variable: token E:\cucisvn\01-code\jonza\Static\Runtime\Cache\Shop\f3a64cb619a239d09312ee007be311f0.php 第 69 行.
INFO: Run Behavior\ParseTemplateBehavior [ RunTime:0.071004s ]
INFO: [ view_parse ] --END-- [ RunTime:0.071004s ]
INFO: [ view_filter ] --START--
INFO: Run Behavior\WriteHtmlCacheBehavior [ RunTime:0.001000s ]
INFO: Run Library\Behavior\EmptyImageBehavior [ RunTime:0.002001s ]
INFO: [ view_filter ] --END-- [ RunTime:0.004001s ]
INFO: [ app_end ] --START--
INFO: Run Behavior\ShowPageTraceBehavior [ RunTime:0.002000s ]
INFO: [ app_end ] --END-- [ RunTime:0.003000s ]

[ 2015-05-29T09:49:27+08:00 ] 127.0.0.1 /jonza/index.php/Shop/Index/edit/id/127.shtml
INFO: [ app_begin ] --START--
INFO: Run Behavior\ReadHtmlCacheBehavior [ RunTime:0.001000s ]
INFO: [ app_begin ] --END-- [ RunTime:0.002000s ]
NOTIC: [8192] mysql_connect(): The mysql extension is deprecated and will be removed in the future: use mysqli or PDO instead E:\cucisvn\01-code\jonza\Library\Think\Library\Think\Session\Driver\Db.class.php 第 95 行.
SQL: SHOW COLUMNS FROM `wx_site_config` [ RunTime:0.0070s ]
SQL: SELECT * FROM `wx_site_config` WHERE `id` = 1 LIMIT 1   [ RunTime:0.0010s ]
SQL: SHOW COLUMNS FROM `wx_wechat_member` [ RunTime:0.0080s ]
SQL: SELECT * FROM `wx_wechat_member` WHERE `openid` = 'oAeaZjht65CnSwZ3L4QXa82nvMZA' AND `status` = 2 LIMIT 1   [ RunTime:0.0010s ]
SQL: SHOW COLUMNS FROM `wx_wechat_config` [ RunTime:0.0080s ]
SQL: SELECT * FROM `wx_wechat_config` WHERE `id` = '1' AND `status` = 2 LIMIT 1   [ RunTime:0.0000s ]
NOTIC: [8] Undefined property: Library\Util\Api\Wechat::$access_token E:\cucisvn\01-code\jonza\Library\Util\Api\Wechat.class.php 第 1899 行.
SQL: SELECT `data`,`datacrc` FROM `think_cache` WHERE `cachekey`='wechat_access_token_wx4fc10458037c13c9' AND (`expire` =0 OR `expire`>1432864161) LIMIT 0,1 [ RunTime:0.0010s ]
SQL: SHOW COLUMNS FROM `wx_wechat_member` [ RunTime:0.0070s ]
SQL: SELECT COUNT(*) AS tp_count FROM `wx_wechat_member` WHERE `openid` = 'oAeaZjht65CnSwZ3L4QXa82nvMZA' LIMIT 1   [ RunTime:0.0010s ]
SQL: UPDATE `wx_wechat_member` SET `openid`='oAeaZjht65CnSwZ3L4QXa82nvMZA',`nickname`='灬Ben_陈灬',`sex`='男',`language`='zh_CN',`city`='云浮',`province`='广东',`country`='中国',`headimgurl`='http://wx.qlogo.cn/mmopen/fXia5YqmPeD8Twn5ONFOWUFbfjsJOJF2EQjibKvUKPwd1icXIL7ibVkAYqzWmhb6f1hOKgtmp7JWRIcu4sjHYez8bEGuEJagjo4S/0',`remark`='',`group_id`='0',`update_date`='2015-05-29 09:49:25',`create_date`='2015-05-27 11:25:40',`status`='2' WHERE `openid` = 'oAeaZjht65CnSwZ3L4QXa82nvMZA' [ RunTime:0.0940s ]
SQL: SELECT COUNT(*) AS tp_count FROM `wx_wechat_member` WHERE `openid` = 'oAeaZjht65CnSwZ3L4QXa82nvMZA' LIMIT 1   [ RunTime:0.0010s ]
SQL: UPDATE `wx_wechat_member` SET `openid`='oAeaZjht65CnSwZ3L4QXa82nvMZA',`nickname`='灬Ben_陈灬',`sex`='男',`language`='zh_CN',`city`='云浮',`province`='广东',`country`='中国',`headimgurl`='http://wx.qlogo.cn/mmopen/fXia5YqmPeD8Twn5ONFOWUFbfjsJOJF2EQjibKvUKPwd1icXIL7ibVkAYqzWmhb6f1hOKgtmp7JWRIcu4sjHYez8bEGuEJagjo4S/0',`remark`='',`group_id`='0',`update_date`='2015-05-29 09:49:27',`create_date`='2015-05-27 11:25:40',`status`='2' WHERE `openid` = 'oAeaZjht65CnSwZ3L4QXa82nvMZA' [ RunTime:0.0700s ]
SQL: SHOW COLUMNS FROM `wx_member` [ RunTime:0.0080s ]
SQL: SELECT m.*,w.headimgurl,w.sex FROM wx_member m LEFT JOIN wx_wechat_member w ON m.openid=w.openid  WHERE m.openid = 'oAeaZjht65CnSwZ3L4QXa82nvMZA' AND m.status = 2 LIMIT 1   [ RunTime:0.0010s ]
SQL: SHOW COLUMNS FROM `wx_store` [ RunTime:0.0070s ]
SQL: SELECT * FROM `wx_store` LIMIT 1   [ RunTime:0.0010s ]
SQL: SHOW COLUMNS FROM `wx_store_product` [ RunTime:0.0080s ]
SQL: SELECT * FROM `wx_store_product` WHERE `id` = '127' LIMIT 1   [ RunTime:0.0010s ]
SQL: SHOW COLUMNS FROM `wx_store_product_model` [ RunTime:0.0070s ]
INFO: [ view_parse ] --START--
INFO: [ template_filter ] --START--
INFO: Run Behavior\ContentReplaceBehavior [ RunTime:0.001000s ]
INFO: [ template_filter ] --END-- [ RunTime:0.001000s ]
SQL: SHOW COLUMNS FROM `wx_store_product` [ RunTime:0.0080s ]
SQL: SELECT `free_express` FROM `wx_store_product` WHERE `id` = '127' LIMIT 1   [ RunTime:0.0010s ]
SQL: SHOW COLUMNS FROM `wx_store_delivery` [ RunTime:0.0070s ]
SQL: SELECT MAX(firstprice) as max_price FROM `wx_store_delivery` WHERE `status` = 2 LIMIT 1   [ RunTime:0.0010s ]
SQL: SELECT MIN(firstprice) as min_price FROM `wx_store_delivery` WHERE `status` = 2 LIMIT 1   [ RunTime:0.0000s ]
NOTIC: [8] Use of undefined constant _param_ - assumed '_param_' E:\cucisvn\01-code\jonza\Static\Runtime\Cache\Shop\729ceeaaea06cb1f38b4788ec5ca9651.php 第 210 行.
NOTIC: [8] Use of undefined constant _price_ - assumed '_price_' E:\cucisvn\01-code\jonza\Static\Runtime\Cache\Shop\729ceeaaea06cb1f38b4788ec5ca9651.php 第 210 行.
NOTIC: [8] Use of undefined constant _num_ - assumed '_num_' E:\cucisvn\01-code\jonza\Static\Runtime\Cache\Shop\729ceeaaea06cb1f38b4788ec5ca9651.php 第 210 行.
NOTIC: [8] Use of undefined constant _cid_ - assumed '_cid_' E:\cucisvn\01-code\jonza\Static\Runtime\Cache\Shop\729ceeaaea06cb1f38b4788ec5ca9651.php 第 210 行.
INFO: Run Behavior\ParseTemplateBehavior [ RunTime:0.086004s ]
INFO: [ view_parse ] --END-- [ RunTime:0.087005s ]
INFO: [ view_filter ] --START--
INFO: Run Behavior\WriteHtmlCacheBehavior [ RunTime:0.002001s ]
INFO: Run Library\Behavior\EmptyImageBehavior [ RunTime:0.002000s ]
INFO: [ view_filter ] --END-- [ RunTime:0.004001s ]
INFO: [ app_end ] --START--
INFO: Run Behavior\ShowPageTraceBehavior [ RunTime:0.003000s ]
INFO: [ app_end ] --END-- [ RunTime:0.004000s ]

