[ 2015-08-20T16:08:04+08:00 ] 127.0.0.1 /jonza/index.php/Shop/Credit/index.shtml
INFO: [ app_begin ] --START--
INFO: Run Behavior\ReadHtmlCacheBehavior [ RunTime:0.002000s ]
INFO: [ app_begin ] --END-- [ RunTime:0.003000s ]
NOTIC: [8192] mysql_connect(): The mysql extension is deprecated and will be removed in the future: use mysqli or PDO instead E:\cucisvn\01-code\jonza\Library\Think\Library\Think\Session\Driver\Db.class.php 第 95 行.
NOTIC: [2048] Declaration of Shop\Controller\CreditController::show() should be compatible with Think\Controller::show($content, $charset = '', $contentType = '', $prefix = '') E:\cucisvn\01-code\jonza\Module\Shop\Controller\CreditController.class.php 第 8 行.
SQL: SHOW COLUMNS FROM `wx_site_config` [ RunTime:0.0090s ]
SQL: SELECT * FROM `wx_site_config` WHERE `id` = 1 LIMIT 1   [ RunTime:0.0010s ]
NOTIC: [8] Undefined index: HTTP_REFERER E:\cucisvn\01-code\jonza\Library\Util\Baidu.class.php 第 72 行.
SQL: SHOW COLUMNS FROM `wx_wechat_member` [ RunTime:0.0080s ]
SQL: SELECT * FROM `wx_wechat_member` WHERE `openid` = 'oAeaZjht65CnSwZ3L4QXa82nvMZA' AND `status` = 2 LIMIT 1   [ RunTime:0.0020s ]
SQL: SHOW COLUMNS FROM `wx_wechat_config` [ RunTime:0.0090s ]
SQL: SELECT * FROM `wx_wechat_config` WHERE `id` = '1' AND `status` = 2 LIMIT 1   [ RunTime:0.0010s ]
NOTIC: [8] Undefined property: Library\Util\Api\Wechat::$access_token E:\cucisvn\01-code\jonza\Library\Util\Api\Wechat.class.php 第 1899 行.
SQL: SELECT `data`,`datacrc` FROM `think_cache` WHERE `cachekey`='wechat_access_token_wx4fc10458037c13c9' AND (`expire` =0 OR `expire`>1440058051) LIMIT 0,1 [ RunTime:0.0000s ]
SQL: SHOW COLUMNS FROM `wx_wechat_member` [ RunTime:0.0090s ]
SQL: SELECT COUNT(*) AS tp_count FROM `wx_wechat_member` WHERE `openid` = 'oAeaZjht65CnSwZ3L4QXa82nvMZA' LIMIT 1   [ RunTime:0.0010s ]
SQL: UPDATE `wx_wechat_member` SET `openid`='oAeaZjht65CnSwZ3L4QXa82nvMZA',`nickname`='大Ben',`sex`='男',`language`='zh_CN',`city`='云浮',`province`='广东',`country`='中国',`headimgurl`='http://wx.qlogo.cn/mmopen/fXia5YqmPeD8Twn5ONFOWUFbfjsJOJF2EQjibKvUKPwd1icXIL7ibVkAYqzWmhb6f1hOKgtmp7JWRIcu4sjHYez8bEGuEJagjo4S/0',`remark`='',`group_id`='0',`update_date`='2015-08-20 16:07:41',`create_date`='2015-06-18 11:04:06',`status`='2' WHERE `openid` = 'oAeaZjht65CnSwZ3L4QXa82nvMZA' [ RunTime:0.0390s ]
SQL: SELECT COUNT(*) AS tp_count FROM `wx_wechat_member` WHERE `openid` = 'oAeaZjht65CnSwZ3L4QXa82nvMZA' LIMIT 1   [ RunTime:0.0010s ]
SQL: UPDATE `wx_wechat_member` SET `openid`='oAeaZjht65CnSwZ3L4QXa82nvMZA',`nickname`='大Ben',`sex`='男',`language`='zh_CN',`city`='云浮',`province`='广东',`country`='中国',`headimgurl`='http://wx.qlogo.cn/mmopen/fXia5YqmPeD8Twn5ONFOWUFbfjsJOJF2EQjibKvUKPwd1icXIL7ibVkAYqzWmhb6f1hOKgtmp7JWRIcu4sjHYez8bEGuEJagjo4S/0',`remark`='',`group_id`='0',`update_date`='2015-08-20 16:08:03',`create_date`='2015-06-18 11:04:06',`status`='2' WHERE `openid` = 'oAeaZjht65CnSwZ3L4QXa82nvMZA' [ RunTime:0.1250s ]
SQL: SHOW COLUMNS FROM `wx_member` [ RunTime:0.0080s ]
SQL: SELECT * FROM `wx_member` WHERE `openid` = 'oAeaZjht65CnSwZ3L4QXa82nvMZA' AND `status` = 2 LIMIT 1   [ RunTime:0.0010s ]
SQL: SHOW COLUMNS FROM `wx_store` [ RunTime:0.2610s ]
SQL: SELECT * FROM `wx_store` LIMIT 1   [ RunTime:0.0220s ]
SQL: SHOW COLUMNS FROM `wx_store_credit_product` [ RunTime:0.0760s ]
SQL: SELECT COUNT(1) AS tp_count FROM `wx_store_credit_product` WHERE `status` = 2 LIMIT 1   [ RunTime:0.0010s ]
INFO: [ view_parse ] --START--
INFO: [ template_filter ] --START--
INFO: Run Behavior\ContentReplaceBehavior [ RunTime:0.000000s ]
INFO: [ template_filter ] --END-- [ RunTime:0.001000s ]
INFO: Run Behavior\ParseTemplateBehavior [ RunTime:0.116006s ]
INFO: [ view_parse ] --END-- [ RunTime:0.116006s ]
INFO: [ view_filter ] --START--
INFO: Run Behavior\WriteHtmlCacheBehavior [ RunTime:0.001000s ]
INFO: Run Library\Behavior\EmptyImageBehavior [ RunTime:0.002001s ]
INFO: [ view_filter ] --END-- [ RunTime:0.005001s ]
INFO: [ app_end ] --START--
INFO: Run Behavior\ShowPageTraceBehavior [ RunTime:0.001000s ]
INFO: [ app_end ] --END-- [ RunTime:0.002000s ]

[ 2015-08-20T16:08:33+08:00 ] 127.0.0.1 /jonza/index.php/Shop/CreditGuide/index.shtml
INFO: [ app_begin ] --START--
INFO: Run Behavior\ReadHtmlCacheBehavior [ RunTime:0.001000s ]
INFO: [ app_begin ] --END-- [ RunTime:0.004001s ]
NOTIC: [8192] mysql_connect(): The mysql extension is deprecated and will be removed in the future: use mysqli or PDO instead E:\cucisvn\01-code\jonza\Library\Think\Library\Think\Session\Driver\Db.class.php 第 95 行.
SQL: SHOW COLUMNS FROM `wx_site_config` [ RunTime:0.0110s ]
SQL: SELECT * FROM `wx_site_config` WHERE `id` = 1 LIMIT 1   [ RunTime:0.0010s ]
NOTIC: [8] Undefined index: HTTP_REFERER E:\cucisvn\01-code\jonza\Library\Util\Baidu.class.php 第 72 行.
SQL: SHOW COLUMNS FROM `wx_wechat_member` [ RunTime:0.0090s ]
SQL: SELECT * FROM `wx_wechat_member` WHERE `openid` = 'oAeaZjht65CnSwZ3L4QXa82nvMZA' AND `status` = 2 LIMIT 1   [ RunTime:0.0020s ]
SQL: SHOW COLUMNS FROM `wx_wechat_config` [ RunTime:0.0100s ]
SQL: SELECT * FROM `wx_wechat_config` WHERE `id` = '1' AND `status` = 2 LIMIT 1   [ RunTime:0.0010s ]
NOTIC: [8] Undefined property: Library\Util\Api\Wechat::$access_token E:\cucisvn\01-code\jonza\Library\Util\Api\Wechat.class.php 第 1899 行.
SQL: SELECT `data`,`datacrc` FROM `think_cache` WHERE `cachekey`='wechat_access_token_wx4fc10458037c13c9' AND (`expire` =0 OR `expire`>1440058111) LIMIT 0,1 [ RunTime:0.0000s ]
SQL: SHOW COLUMNS FROM `wx_wechat_member` [ RunTime:0.0090s ]
SQL: SELECT COUNT(*) AS tp_count FROM `wx_wechat_member` WHERE `openid` = 'oAeaZjht65CnSwZ3L4QXa82nvMZA' LIMIT 1   [ RunTime:0.0000s ]
SQL: UPDATE `wx_wechat_member` SET `openid`='oAeaZjht65CnSwZ3L4QXa82nvMZA',`nickname`='大Ben',`sex`='男',`language`='zh_CN',`city`='云浮',`province`='广东',`country`='中国',`headimgurl`='http://wx.qlogo.cn/mmopen/fXia5YqmPeD8Twn5ONFOWUFbfjsJOJF2EQjibKvUKPwd1icXIL7ibVkAYqzWmhb6f1hOKgtmp7JWRIcu4sjHYez8bEGuEJagjo4S/0',`remark`='',`group_id`='0',`update_date`='2015-08-20 16:08:31',`create_date`='2015-06-18 11:04:06',`status`='2' WHERE `openid` = 'oAeaZjht65CnSwZ3L4QXa82nvMZA' [ RunTime:0.1840s ]
SQL: SELECT COUNT(*) AS tp_count FROM `wx_wechat_member` WHERE `openid` = 'oAeaZjht65CnSwZ3L4QXa82nvMZA' LIMIT 1   [ RunTime:0.0020s ]
SQL: UPDATE `wx_wechat_member` SET `openid`='oAeaZjht65CnSwZ3L4QXa82nvMZA',`nickname`='大Ben',`sex`='男',`language`='zh_CN',`city`='云浮',`province`='广东',`country`='中国',`headimgurl`='http://wx.qlogo.cn/mmopen/fXia5YqmPeD8Twn5ONFOWUFbfjsJOJF2EQjibKvUKPwd1icXIL7ibVkAYqzWmhb6f1hOKgtmp7JWRIcu4sjHYez8bEGuEJagjo4S/0',`remark`='',`group_id`='0',`update_date`='2015-08-20 16:08:32',`create_date`='2015-06-18 11:04:06',`status`='2' WHERE `openid` = 'oAeaZjht65CnSwZ3L4QXa82nvMZA' [ RunTime:0.0320s ]
SQL: SHOW COLUMNS FROM `wx_member` [ RunTime:0.0080s ]
SQL: SELECT * FROM `wx_member` WHERE `openid` = 'oAeaZjht65CnSwZ3L4QXa82nvMZA' AND `status` = 2 LIMIT 1   [ RunTime:0.0010s ]
SQL: SHOW COLUMNS FROM `wx_store` [ RunTime:0.0130s ]
SQL: SELECT * FROM `wx_store` LIMIT 1   [ RunTime:0.0010s ]
SQL: SHOW COLUMNS FROM `wx_store_credit` [ RunTime:0.1650s ]
SQL: SHOW COLUMNS FROM `wx_guide` [ RunTime:0.0170s ]
SQL: SELECT * FROM `wx_guide` WHERE `openid` = 'oAeaZjht65CnSwZ3L4QXa82nvMZA' LIMIT 1   [ RunTime:0.0010s ]
SQL: SELECT * FROM `wx_guide` WHERE `openid` = 'oAeaZjht65CnSwZ3L4QXa82nvMZA' LIMIT 1   [ RunTime:0.0010s ]
SQL: SELECT COUNT(1) AS tp_count FROM `wx_store_credit` LIMIT 1   [ RunTime:0.0010s ]
INFO: [ view_parse ] --START--
INFO: [ template_filter ] --START--
INFO: Run Behavior\ContentReplaceBehavior [ RunTime:0.000000s ]
INFO: [ template_filter ] --END-- [ RunTime:0.002000s ]
SQL: SELECT * FROM `wx_site_config` WHERE `id` = 1 LIMIT 1   [ RunTime:0.0010s ]
NOTIC: [8] Undefined index: HTTP_REFERER E:\cucisvn\01-code\jonza\Library\Util\Baidu.class.php 第 72 行.
SQL: SELECT * FROM `wx_wechat_config` WHERE `id` = '1' AND `status` = 2 LIMIT 1   [ RunTime:0.0010s ]
NOTIC: [8] Undefined property: Library\Util\Api\Wechat::$access_token E:\cucisvn\01-code\jonza\Library\Util\Api\Wechat.class.php 第 1066 行.
SQL: SELECT `data`,`datacrc` FROM `think_cache` WHERE `cachekey`='wechat_access_token_wx4fc10458037c13c9' AND (`expire` =0 OR `expire`>1440058112) LIMIT 0,1 [ RunTime:0.0010s ]
SQL: SELECT `data`,`datacrc` FROM `think_cache` WHERE `cachekey`='wechat_jsapi_ticket_wx4fc10458037c13c9' AND (`expire` =0 OR `expire`>1440058112) LIMIT 0,1 [ RunTime:0.0150s ]
NOTIC: [8] Undefined offset: 0 E:\cucisvn\01-code\jonza\Library\Think\Library\Think\Cache\Driver\Db.class.php 第 55 行.
SQL: select `cachekey` from `think_cache` where `cachekey`='wechat_jsapi_ticket_wx4fc10458037c13c9' limit 0,1 [ RunTime:0.0010s ]
SQL: UPDATE think_cache SET data='s:86:"bxLdikRXVbTPdHSM05e5u25xwzYZRklV4lNkl5y_kkpd7npwD6M3RDW5oTPSxjP2pP9p1u8UruSVVUX_cn5guw";' ,datacrc='',expire=1440064113 WHERE `cachekey`='wechat_jsapi_ticket_wx4fc10458037c13c9' [ RunTime:0.0430s ]
INFO: Run Behavior\ParseTemplateBehavior [ RunTime:0.513030s ]
INFO: [ view_parse ] --END-- [ RunTime:0.513030s ]
INFO: [ view_filter ] --START--
INFO: Run Behavior\WriteHtmlCacheBehavior [ RunTime:0.002000s ]
INFO: Run Library\Behavior\EmptyImageBehavior [ RunTime:0.003000s ]
INFO: [ view_filter ] --END-- [ RunTime:0.005000s ]
INFO: [ app_end ] --START--
INFO: Run Behavior\ShowPageTraceBehavior [ RunTime:0.002000s ]
INFO: [ app_end ] --END-- [ RunTime:0.002000s ]

[ 2015-08-20T16:08:44+08:00 ] 127.0.0.1 /jonza/index.php/Shop/Credit/index.shtml
INFO: [ app_begin ] --START--
INFO: Run Behavior\ReadHtmlCacheBehavior [ RunTime:0.002000s ]
INFO: [ app_begin ] --END-- [ RunTime:0.004000s ]
NOTIC: [8192] mysql_connect(): The mysql extension is deprecated and will be removed in the future: use mysqli or PDO instead E:\cucisvn\01-code\jonza\Library\Think\Library\Think\Session\Driver\Db.class.php 第 95 行.
NOTIC: [2048] Declaration of Shop\Controller\CreditController::show() should be compatible with Think\Controller::show($content, $charset = '', $contentType = '', $prefix = '') E:\cucisvn\01-code\jonza\Module\Shop\Controller\CreditController.class.php 第 8 行.
SQL: SHOW COLUMNS FROM `wx_site_config` [ RunTime:0.0090s ]
SQL: SELECT * FROM `wx_site_config` WHERE `id` = 1 LIMIT 1   [ RunTime:0.0010s ]
SQL: SHOW COLUMNS FROM `wx_wechat_member` [ RunTime:0.0090s ]
SQL: SELECT * FROM `wx_wechat_member` WHERE `openid` = 'oAeaZjht65CnSwZ3L4QXa82nvMZA' AND `status` = 2 LIMIT 1   [ RunTime:0.0010s ]
SQL: SHOW COLUMNS FROM `wx_wechat_config` [ RunTime:0.0100s ]
SQL: SELECT * FROM `wx_wechat_config` WHERE `id` = '1' AND `status` = 2 LIMIT 1   [ RunTime:0.0010s ]
NOTIC: [8] Undefined property: Library\Util\Api\Wechat::$access_token E:\cucisvn\01-code\jonza\Library\Util\Api\Wechat.class.php 第 1899 行.
SQL: SELECT `data`,`datacrc` FROM `think_cache` WHERE `cachekey`='wechat_access_token_wx4fc10458037c13c9' AND (`expire` =0 OR `expire`>1440058115) LIMIT 0,1 [ RunTime:0.0010s ]
SQL: SHOW COLUMNS FROM `wx_wechat_member` [ RunTime:0.0090s ]
SQL: SELECT COUNT(*) AS tp_count FROM `wx_wechat_member` WHERE `openid` = 'oAeaZjht65CnSwZ3L4QXa82nvMZA' LIMIT 1   [ RunTime:0.0010s ]
SQL: UPDATE `wx_wechat_member` SET `openid`='oAeaZjht65CnSwZ3L4QXa82nvMZA',`nickname`='大Ben',`sex`='男',`language`='zh_CN',`city`='云浮',`province`='广东',`country`='中国',`headimgurl`='http://wx.qlogo.cn/mmopen/fXia5YqmPeD8Twn5ONFOWUFbfjsJOJF2EQjibKvUKPwd1icXIL7ibVkAYqzWmhb6f1hOKgtmp7JWRIcu4sjHYez8bEGuEJagjo4S/0',`remark`='',`group_id`='0',`update_date`='2015-08-20 16:08:41',`create_date`='2015-06-18 11:04:06',`status`='2' WHERE `openid` = 'oAeaZjht65CnSwZ3L4QXa82nvMZA' [ RunTime:0.0790s ]
SQL: SELECT COUNT(*) AS tp_count FROM `wx_wechat_member` WHERE `openid` = 'oAeaZjht65CnSwZ3L4QXa82nvMZA' LIMIT 1   [ RunTime:0.0020s ]
SQL: UPDATE `wx_wechat_member` SET `openid`='oAeaZjht65CnSwZ3L4QXa82nvMZA',`nickname`='大Ben',`sex`='男',`language`='zh_CN',`city`='云浮',`province`='广东',`country`='中国',`headimgurl`='http://wx.qlogo.cn/mmopen/fXia5YqmPeD8Twn5ONFOWUFbfjsJOJF2EQjibKvUKPwd1icXIL7ibVkAYqzWmhb6f1hOKgtmp7JWRIcu4sjHYez8bEGuEJagjo4S/0',`remark`='',`group_id`='0',`update_date`='2015-08-20 16:08:44',`create_date`='2015-06-18 11:04:06',`status`='2' WHERE `openid` = 'oAeaZjht65CnSwZ3L4QXa82nvMZA' [ RunTime:0.0420s ]
SQL: SHOW COLUMNS FROM `wx_member` [ RunTime:0.0080s ]
SQL: SELECT * FROM `wx_member` WHERE `openid` = 'oAeaZjht65CnSwZ3L4QXa82nvMZA' AND `status` = 2 LIMIT 1   [ RunTime:0.0010s ]
SQL: SHOW COLUMNS FROM `wx_store` [ RunTime:0.0100s ]
SQL: SELECT * FROM `wx_store` LIMIT 1   [ RunTime:0.0010s ]
SQL: SHOW COLUMNS FROM `wx_store_credit_product` [ RunTime:0.0100s ]
SQL: SELECT COUNT(1) AS tp_count FROM `wx_store_credit_product` WHERE `status` = 2 LIMIT 1   [ RunTime:0.0040s ]
INFO: [ view_parse ] --START--
INFO: [ template_filter ] --START--
INFO: Run Behavior\ContentReplaceBehavior [ RunTime:0.000000s ]
INFO: [ template_filter ] --END-- [ RunTime:0.001000s ]
INFO: Run Behavior\ParseTemplateBehavior [ RunTime:0.068004s ]
INFO: [ view_parse ] --END-- [ RunTime:0.068004s ]
INFO: [ view_filter ] --START--
INFO: Run Behavior\WriteHtmlCacheBehavior [ RunTime:0.001000s ]
INFO: Run Library\Behavior\EmptyImageBehavior [ RunTime:0.002000s ]
INFO: [ view_filter ] --END-- [ RunTime:0.005001s ]
INFO: [ app_end ] --START--
INFO: Run Behavior\ShowPageTraceBehavior [ RunTime:0.002000s ]
INFO: [ app_end ] --END-- [ RunTime:0.003000s ]

[ 2015-08-20T16:09:20+08:00 ] 127.0.0.1 /jonza/index.php/Shop/Credit/index.shtml
INFO: [ app_begin ] --START--
INFO: Run Behavior\ReadHtmlCacheBehavior [ RunTime:0.001000s ]
INFO: [ app_begin ] --END-- [ RunTime:0.003000s ]
NOTIC: [8192] mysql_connect(): The mysql extension is deprecated and will be removed in the future: use mysqli or PDO instead E:\cucisvn\01-code\jonza\Library\Think\Library\Think\Session\Driver\Db.class.php 第 95 行.
NOTIC: [2048] Declaration of Shop\Controller\CreditController::show() should be compatible with Think\Controller::show($content, $charset = '', $contentType = '', $prefix = '') E:\cucisvn\01-code\jonza\Module\Shop\Controller\CreditController.class.php 第 8 行.
SQL: SHOW COLUMNS FROM `wx_site_config` [ RunTime:0.0090s ]
SQL: SELECT * FROM `wx_site_config` WHERE `id` = 1 LIMIT 1   [ RunTime:0.0010s ]
SQL: SHOW COLUMNS FROM `wx_wechat_member` [ RunTime:0.0080s ]
SQL: SELECT * FROM `wx_wechat_member` WHERE `openid` = 'oAeaZjht65CnSwZ3L4QXa82nvMZA' AND `status` = 2 LIMIT 1   [ RunTime:0.0010s ]
SQL: SHOW COLUMNS FROM `wx_wechat_config` [ RunTime:0.0090s ]
SQL: SELECT * FROM `wx_wechat_config` WHERE `id` = '1' AND `status` = 2 LIMIT 1   [ RunTime:0.0010s ]
NOTIC: [8] Undefined property: Library\Util\Api\Wechat::$access_token E:\cucisvn\01-code\jonza\Library\Util\Api\Wechat.class.php 第 1899 行.
SQL: SELECT `data`,`datacrc` FROM `think_cache` WHERE `cachekey`='wechat_access_token_wx4fc10458037c13c9' AND (`expire` =0 OR `expire`>1440058128) LIMIT 0,1 [ RunTime:0.0010s ]
SQL: SHOW COLUMNS FROM `wx_wechat_member` [ RunTime:0.0290s ]
SQL: SELECT COUNT(*) AS tp_count FROM `wx_wechat_member` WHERE `openid` = 'oAeaZjht65CnSwZ3L4QXa82nvMZA' LIMIT 1   [ RunTime:0.0010s ]
SQL: UPDATE `wx_wechat_member` SET `openid`='oAeaZjht65CnSwZ3L4QXa82nvMZA',`nickname`='大Ben',`sex`='男',`language`='zh_CN',`city`='云浮',`province`='广东',`country`='中国',`headimgurl`='http://wx.qlogo.cn/mmopen/fXia5YqmPeD8Twn5ONFOWUFbfjsJOJF2EQjibKvUKPwd1icXIL7ibVkAYqzWmhb6f1hOKgtmp7JWRIcu4sjHYez8bEGuEJagjo4S/0',`remark`='',`group_id`='0',`update_date`='2015-08-20 16:09:19',`create_date`='2015-06-18 11:04:06',`status`='2' WHERE `openid` = 'oAeaZjht65CnSwZ3L4QXa82nvMZA' [ RunTime:0.0480s ]
SQL: SELECT COUNT(*) AS tp_count FROM `wx_wechat_member` WHERE `openid` = 'oAeaZjht65CnSwZ3L4QXa82nvMZA' LIMIT 1   [ RunTime:0.0020s ]
SQL: UPDATE `wx_wechat_member` SET `openid`='oAeaZjht65CnSwZ3L4QXa82nvMZA',`nickname`='大Ben',`sex`='男',`language`='zh_CN',`city`='云浮',`province`='广东',`country`='中国',`headimgurl`='http://wx.qlogo.cn/mmopen/fXia5YqmPeD8Twn5ONFOWUFbfjsJOJF2EQjibKvUKPwd1icXIL7ibVkAYqzWmhb6f1hOKgtmp7JWRIcu4sjHYez8bEGuEJagjo4S/0',`remark`='',`group_id`='0',`update_date`='2015-08-20 16:09:20',`create_date`='2015-06-18 11:04:06',`status`='2' WHERE `openid` = 'oAeaZjht65CnSwZ3L4QXa82nvMZA' [ RunTime:0.0240s ]
SQL: SHOW COLUMNS FROM `wx_member` [ RunTime:0.0110s ]
SQL: SELECT * FROM `wx_member` WHERE `openid` = 'oAeaZjht65CnSwZ3L4QXa82nvMZA' AND `status` = 2 LIMIT 1   [ RunTime:0.0010s ]
SQL: SHOW COLUMNS FROM `wx_store` [ RunTime:0.0110s ]
SQL: SELECT * FROM `wx_store` LIMIT 1   [ RunTime:0.0010s ]
SQL: SHOW COLUMNS FROM `wx_store_credit_product` [ RunTime:0.0090s ]
SQL: SELECT COUNT(1) AS tp_count FROM `wx_store_credit_product` WHERE `status` = 2 LIMIT 1   [ RunTime:0.0010s ]
INFO: [ view_parse ] --START--
INFO: [ template_filter ] --START--
INFO: Run Behavior\ContentReplaceBehavior [ RunTime:0.002000s ]
INFO: [ template_filter ] --END-- [ RunTime:0.002000s ]
INFO: Run Behavior\ParseTemplateBehavior [ RunTime:0.068004s ]
INFO: [ view_parse ] --END-- [ RunTime:0.068004s ]
INFO: [ view_filter ] --START--
INFO: Run Behavior\WriteHtmlCacheBehavior [ RunTime:0.002000s ]
INFO: Run Library\Behavior\EmptyImageBehavior [ RunTime:0.003000s ]
INFO: [ view_filter ] --END-- [ RunTime:0.006000s ]
INFO: [ app_end ] --START--
INFO: Run Behavior\ShowPageTraceBehavior [ RunTime:0.001000s ]
INFO: [ app_end ] --END-- [ RunTime:0.002000s ]

[ 2015-08-20T16:15:37+08:00 ] 127.0.0.1 /jonza/index.php/Shop/Credit/index.shtml
INFO: [ app_begin ] --START--
INFO: Run Behavior\ReadHtmlCacheBehavior [ RunTime:0.003000s ]
INFO: [ app_begin ] --END-- [ RunTime:0.005000s ]
NOTIC: [8192] mysql_connect(): The mysql extension is deprecated and will be removed in the future: use mysqli or PDO instead E:\cucisvn\01-code\jonza\Library\Think\Library\Think\Session\Driver\Db.class.php 第 95 行.
NOTIC: [2048] Declaration of Shop\Controller\CreditController::show() should be compatible with Think\Controller::show($content, $charset = '', $contentType = '', $prefix = '') E:\cucisvn\01-code\jonza\Module\Shop\Controller\CreditController.class.php 第 8 行.
SQL: SHOW COLUMNS FROM `wx_site_config` [ RunTime:0.0080s ]
SQL: SELECT * FROM `wx_site_config` WHERE `id` = 1 LIMIT 1   [ RunTime:0.0010s ]
SQL: SHOW COLUMNS FROM `wx_wechat_member` [ RunTime:0.0110s ]
SQL: SELECT * FROM `wx_wechat_member` WHERE `openid` = 'oAeaZjht65CnSwZ3L4QXa82nvMZA' AND `status` = 2 LIMIT 1   [ RunTime:0.0010s ]
SQL: SHOW COLUMNS FROM `wx_wechat_config` [ RunTime:0.0100s ]
SQL: SELECT * FROM `wx_wechat_config` WHERE `id` = '1' AND `status` = 2 LIMIT 1   [ RunTime:0.0010s ]
NOTIC: [8] Undefined property: Library\Util\Api\Wechat::$access_token E:\cucisvn\01-code\jonza\Library\Util\Api\Wechat.class.php 第 1899 行.
SQL: SELECT `data`,`datacrc` FROM `think_cache` WHERE `cachekey`='wechat_access_token_wx4fc10458037c13c9' AND (`expire` =0 OR `expire`>1440058533) LIMIT 0,1 [ RunTime:0.0010s ]
SQL: SHOW COLUMNS FROM `wx_wechat_member` [ RunTime:0.0090s ]
SQL: SELECT COUNT(*) AS tp_count FROM `wx_wechat_member` WHERE `openid` = 'oAeaZjht65CnSwZ3L4QXa82nvMZA' LIMIT 1   [ RunTime:0.0010s ]
SQL: UPDATE `wx_wechat_member` SET `openid`='oAeaZjht65CnSwZ3L4QXa82nvMZA',`nickname`='大Ben',`sex`='男',`language`='zh_CN',`city`='云浮',`province`='广东',`country`='中国',`headimgurl`='http://wx.qlogo.cn/mmopen/fXia5YqmPeD8Twn5ONFOWUFbfjsJOJF2EQjibKvUKPwd1icXIL7ibVkAYqzWmhb6f1hOKgtmp7JWRIcu4sjHYez8bEGuEJagjo4S/0',`remark`='',`group_id`='0',`update_date`='2015-08-20 16:15:36',`create_date`='2015-06-18 11:04:06',`status`='2' WHERE `openid` = 'oAeaZjht65CnSwZ3L4QXa82nvMZA' [ RunTime:0.0350s ]
SQL: SELECT COUNT(*) AS tp_count FROM `wx_wechat_member` WHERE `openid` = 'oAeaZjht65CnSwZ3L4QXa82nvMZA' LIMIT 1   [ RunTime:0.0010s ]
SQL: UPDATE `wx_wechat_member` SET `openid`='oAeaZjht65CnSwZ3L4QXa82nvMZA',`nickname`='大Ben',`sex`='男',`language`='zh_CN',`city`='云浮',`province`='广东',`country`='中国',`headimgurl`='http://wx.qlogo.cn/mmopen/fXia5YqmPeD8Twn5ONFOWUFbfjsJOJF2EQjibKvUKPwd1icXIL7ibVkAYqzWmhb6f1hOKgtmp7JWRIcu4sjHYez8bEGuEJagjo4S/0',`remark`='',`group_id`='0',`update_date`='2015-08-20 16:15:37',`create_date`='2015-06-18 11:04:06',`status`='2' WHERE `openid` = 'oAeaZjht65CnSwZ3L4QXa82nvMZA' [ RunTime:0.0680s ]
SQL: SHOW COLUMNS FROM `wx_member` [ RunTime:0.0090s ]
SQL: SELECT * FROM `wx_member` WHERE `openid` = 'oAeaZjht65CnSwZ3L4QXa82nvMZA' AND `status` = 2 LIMIT 1   [ RunTime:0.0020s ]
SQL: SHOW COLUMNS FROM `wx_store` [ RunTime:0.0080s ]
SQL: SELECT * FROM `wx_store` LIMIT 1   [ RunTime:0.0010s ]
SQL: SHOW COLUMNS FROM `wx_store_credit_product` [ RunTime:0.0090s ]
SQL: SELECT COUNT(1) AS tp_count FROM `wx_store_credit_product` WHERE `status` = 2 LIMIT 1   [ RunTime:0.0010s ]
INFO: [ view_parse ] --START--
INFO: [ template_filter ] --START--
INFO: Run Behavior\ContentReplaceBehavior [ RunTime:0.001000s ]
INFO: [ template_filter ] --END-- [ RunTime:0.001000s ]
INFO: Run Behavior\ParseTemplateBehavior [ RunTime:0.074004s ]
INFO: [ view_parse ] --END-- [ RunTime:0.074004s ]
INFO: [ view_filter ] --START--
INFO: Run Behavior\WriteHtmlCacheBehavior [ RunTime:0.002001s ]
INFO: Run Library\Behavior\EmptyImageBehavior [ RunTime:0.004000s ]
INFO: [ view_filter ] --END-- [ RunTime:0.006001s ]
INFO: [ app_end ] --START--
INFO: Run Behavior\ShowPageTraceBehavior [ RunTime:0.004000s ]
INFO: [ app_end ] --END-- [ RunTime:0.005000s ]

[ 2015-08-20T16:15:42+08:00 ] 127.0.0.1 /jonza/index.php/Shop/Credit/index.shtml
INFO: [ app_begin ] --START--
INFO: Run Behavior\ReadHtmlCacheBehavior [ RunTime:0.002000s ]
INFO: [ app_begin ] --END-- [ RunTime:0.004000s ]
NOTIC: [8192] mysql_connect(): The mysql extension is deprecated and will be removed in the future: use mysqli or PDO instead E:\cucisvn\01-code\jonza\Library\Think\Library\Think\Session\Driver\Db.class.php 第 95 行.
NOTIC: [2048] Declaration of Shop\Controller\CreditController::show() should be compatible with Think\Controller::show($content, $charset = '', $contentType = '', $prefix = '') E:\cucisvn\01-code\jonza\Module\Shop\Controller\CreditController.class.php 第 8 行.
SQL: SHOW COLUMNS FROM `wx_site_config` [ RunTime:0.0100s ]
SQL: SELECT * FROM `wx_site_config` WHERE `id` = 1 LIMIT 1   [ RunTime:0.0020s ]
NOTIC: [8] Undefined index: HTTP_REFERER E:\cucisvn\01-code\jonza\Library\Util\Baidu.class.php 第 72 行.
SQL: SHOW COLUMNS FROM `wx_wechat_member` [ RunTime:0.0080s ]
SQL: SELECT * FROM `wx_wechat_member` WHERE `openid` = 'oAeaZjht65CnSwZ3L4QXa82nvMZA' AND `status` = 2 LIMIT 1   [ RunTime:0.0010s ]
SQL: SHOW COLUMNS FROM `wx_wechat_config` [ RunTime:0.0090s ]
SQL: SELECT * FROM `wx_wechat_config` WHERE `id` = '1' AND `status` = 2 LIMIT 1   [ RunTime:0.0010s ]
NOTIC: [8] Undefined property: Library\Util\Api\Wechat::$access_token E:\cucisvn\01-code\jonza\Library\Util\Api\Wechat.class.php 第 1899 行.
SQL: SELECT `data`,`datacrc` FROM `think_cache` WHERE `cachekey`='wechat_access_token_wx4fc10458037c13c9' AND (`expire` =0 OR `expire`>1440058534) LIMIT 0,1 [ RunTime:0.0000s ]
SQL: SHOW COLUMNS FROM `wx_wechat_member` [ RunTime:0.0120s ]
SQL: SELECT COUNT(*) AS tp_count FROM `wx_wechat_member` WHERE `openid` = 'oAeaZjht65CnSwZ3L4QXa82nvMZA' LIMIT 1   [ RunTime:0.0020s ]
SQL: UPDATE `wx_wechat_member` SET `openid`='oAeaZjht65CnSwZ3L4QXa82nvMZA',`nickname`='大Ben',`sex`='男',`language`='zh_CN',`city`='云浮',`province`='广东',`country`='中国',`headimgurl`='http://wx.qlogo.cn/mmopen/fXia5YqmPeD8Twn5ONFOWUFbfjsJOJF2EQjibKvUKPwd1icXIL7ibVkAYqzWmhb6f1hOKgtmp7JWRIcu4sjHYez8bEGuEJagjo4S/0',`remark`='',`group_id`='0',`update_date`='2015-08-20 16:15:41',`create_date`='2015-06-18 11:04:06',`status`='2' WHERE `openid` = 'oAeaZjht65CnSwZ3L4QXa82nvMZA' [ RunTime:0.0460s ]
SQL: SELECT COUNT(*) AS tp_count FROM `wx_wechat_member` WHERE `openid` = 'oAeaZjht65CnSwZ3L4QXa82nvMZA' LIMIT 1   [ RunTime:0.0010s ]
SQL: UPDATE `wx_wechat_member` SET `openid`='oAeaZjht65CnSwZ3L4QXa82nvMZA',`nickname`='大Ben',`sex`='男',`language`='zh_CN',`city`='云浮',`province`='广东',`country`='中国',`headimgurl`='http://wx.qlogo.cn/mmopen/fXia5YqmPeD8Twn5ONFOWUFbfjsJOJF2EQjibKvUKPwd1icXIL7ibVkAYqzWmhb6f1hOKgtmp7JWRIcu4sjHYez8bEGuEJagjo4S/0',`remark`='',`group_id`='0',`update_date`='2015-08-20 16:15:42',`create_date`='2015-06-18 11:04:06',`status`='2' WHERE `openid` = 'oAeaZjht65CnSwZ3L4QXa82nvMZA' [ RunTime:0.0770s ]
SQL: SHOW COLUMNS FROM `wx_member` [ RunTime:0.0080s ]
SQL: SELECT * FROM `wx_member` WHERE `openid` = 'oAeaZjht65CnSwZ3L4QXa82nvMZA' AND `status` = 2 LIMIT 1   [ RunTime:0.0010s ]
SQL: SHOW COLUMNS FROM `wx_store` [ RunTime:0.0100s ]
SQL: SELECT * FROM `wx_store` LIMIT 1   [ RunTime:0.0010s ]
SQL: SHOW COLUMNS FROM `wx_store_credit_product` [ RunTime:0.0110s ]
SQL: SELECT COUNT(1) AS tp_count FROM `wx_store_credit_product` WHERE `status` = 2 LIMIT 1   [ RunTime:0.0010s ]
INFO: [ view_parse ] --START--
INFO: [ template_filter ] --START--
INFO: Run Behavior\ContentReplaceBehavior [ RunTime:0.000000s ]
INFO: [ template_filter ] --END-- [ RunTime:0.002000s ]
INFO: Run Behavior\ParseTemplateBehavior [ RunTime:0.111006s ]
INFO: [ view_parse ] --END-- [ RunTime:0.112006s ]
INFO: [ view_filter ] --START--
INFO: Run Behavior\WriteHtmlCacheBehavior [ RunTime:0.002000s ]
INFO: Run Library\Behavior\EmptyImageBehavior [ RunTime:0.004000s ]
INFO: [ view_filter ] --END-- [ RunTime:0.006000s ]
INFO: [ app_end ] --START--
INFO: Run Behavior\ShowPageTraceBehavior [ RunTime:0.002000s ]
INFO: [ app_end ] --END-- [ RunTime:0.002000s ]

[ 2015-08-20T16:15:50+08:00 ] 127.0.0.1 /jonza/index.php/Shop/Credit/index.shtml
INFO: [ app_begin ] --START--
INFO: Run Behavior\ReadHtmlCacheBehavior [ RunTime:0.002000s ]
INFO: [ app_begin ] --END-- [ RunTime:0.004000s ]
NOTIC: [8192] mysql_connect(): The mysql extension is deprecated and will be removed in the future: use mysqli or PDO instead E:\cucisvn\01-code\jonza\Library\Think\Library\Think\Session\Driver\Db.class.php 第 95 行.
NOTIC: [2048] Declaration of Shop\Controller\CreditController::show() should be compatible with Think\Controller::show($content, $charset = '', $contentType = '', $prefix = '') E:\cucisvn\01-code\jonza\Module\Shop\Controller\CreditController.class.php 第 8 行.
SQL: SHOW COLUMNS FROM `wx_site_config` [ RunTime:0.0090s ]
SQL: SELECT * FROM `wx_site_config` WHERE `id` = 1 LIMIT 1   [ RunTime:0.0020s ]
NOTIC: [8] Undefined index: HTTP_REFERER E:\cucisvn\01-code\jonza\Library\Util\Baidu.class.php 第 72 行.
SQL: SHOW COLUMNS FROM `wx_wechat_member` [ RunTime:0.0100s ]
SQL: SELECT * FROM `wx_wechat_member` WHERE `openid` = 'oAeaZjht65CnSwZ3L4QXa82nvMZA' AND `status` = 2 LIMIT 1   [ RunTime:0.0010s ]
SQL: SHOW COLUMNS FROM `wx_wechat_config` [ RunTime:0.0100s ]
SQL: SELECT * FROM `wx_wechat_config` WHERE `id` = '1' AND `status` = 2 LIMIT 1   [ RunTime:0.0010s ]
NOTIC: [8] Undefined property: Library\Util\Api\Wechat::$access_token E:\cucisvn\01-code\jonza\Library\Util\Api\Wechat.class.php 第 1899 行.
SQL: SELECT `data`,`datacrc` FROM `think_cache` WHERE `cachekey`='wechat_access_token_wx4fc10458037c13c9' AND (`expire` =0 OR `expire`>1440058542) LIMIT 0,1 [ RunTime:0.0010s ]
SQL: SHOW COLUMNS FROM `wx_wechat_member` [ RunTime:0.0310s ]
SQL: SELECT COUNT(*) AS tp_count FROM `wx_wechat_member` WHERE `openid` = 'oAeaZjht65CnSwZ3L4QXa82nvMZA' LIMIT 1   [ RunTime:0.0010s ]
SQL: UPDATE `wx_wechat_member` SET `openid`='oAeaZjht65CnSwZ3L4QXa82nvMZA',`nickname`='大Ben',`sex`='男',`language`='zh_CN',`city`='云浮',`province`='广东',`country`='中国',`headimgurl`='http://wx.qlogo.cn/mmopen/fXia5YqmPeD8Twn5ONFOWUFbfjsJOJF2EQjibKvUKPwd1icXIL7ibVkAYqzWmhb6f1hOKgtmp7JWRIcu4sjHYez8bEGuEJagjo4S/0',`remark`='',`group_id`='0',`update_date`='2015-08-20 16:15:49',`create_date`='2015-06-18 11:04:06',`status`='2' WHERE `openid` = 'oAeaZjht65CnSwZ3L4QXa82nvMZA' [ RunTime:0.0400s ]
SQL: SELECT COUNT(*) AS tp_count FROM `wx_wechat_member` WHERE `openid` = 'oAeaZjht65CnSwZ3L4QXa82nvMZA' LIMIT 1   [ RunTime:0.0010s ]
SQL: UPDATE `wx_wechat_member` SET `openid`='oAeaZjht65CnSwZ3L4QXa82nvMZA',`nickname`='大Ben',`sex`='男',`language`='zh_CN',`city`='云浮',`province`='广东',`country`='中国',`headimgurl`='http://wx.qlogo.cn/mmopen/fXia5YqmPeD8Twn5ONFOWUFbfjsJOJF2EQjibKvUKPwd1icXIL7ibVkAYqzWmhb6f1hOKgtmp7JWRIcu4sjHYez8bEGuEJagjo4S/0',`remark`='',`group_id`='0',`update_date`='2015-08-20 16:15:50',`create_date`='2015-06-18 11:04:06',`status`='2' WHERE `openid` = 'oAeaZjht65CnSwZ3L4QXa82nvMZA' [ RunTime:0.0480s ]
SQL: SHOW COLUMNS FROM `wx_member` [ RunTime:0.0090s ]
SQL: SELECT * FROM `wx_member` WHERE `openid` = 'oAeaZjht65CnSwZ3L4QXa82nvMZA' AND `status` = 2 LIMIT 1   [ RunTime:0.0020s ]
SQL: SHOW COLUMNS FROM `wx_store` [ RunTime:0.0090s ]
SQL: SELECT * FROM `wx_store` LIMIT 1   [ RunTime:0.0010s ]
SQL: SHOW COLUMNS FROM `wx_store_credit_product` [ RunTime:0.0090s ]
SQL: SELECT COUNT(1) AS tp_count FROM `wx_store_credit_product` WHERE `status` = 2 LIMIT 1   [ RunTime:0.0010s ]
INFO: [ view_parse ] --START--
INFO: [ template_filter ] --START--
INFO: Run Behavior\ContentReplaceBehavior [ RunTime:0.001000s ]
INFO: [ template_filter ] --END-- [ RunTime:0.002001s ]
INFO: Run Behavior\ParseTemplateBehavior [ RunTime:0.078005s ]
INFO: [ view_parse ] --END-- [ RunTime:0.079005s ]
INFO: [ view_filter ] --START--
INFO: Run Behavior\WriteHtmlCacheBehavior [ RunTime:0.002000s ]
INFO: Run Library\Behavior\EmptyImageBehavior [ RunTime:0.003000s ]
INFO: [ view_filter ] --END-- [ RunTime:0.006000s ]
INFO: [ app_end ] --START--
INFO: Run Behavior\ShowPageTraceBehavior [ RunTime:0.002000s ]
INFO: [ app_end ] --END-- [ RunTime:0.002000s ]

[ 2015-08-20T16:15:53+08:00 ] 127.0.0.1 /jonza/index.php/Shop/Credit/index.shtml
INFO: [ app_begin ] --START--
INFO: Run Behavior\ReadHtmlCacheBehavior [ RunTime:0.002001s ]
INFO: [ app_begin ] --END-- [ RunTime:0.004001s ]
NOTIC: [8192] mysql_connect(): The mysql extension is deprecated and will be removed in the future: use mysqli or PDO instead E:\cucisvn\01-code\jonza\Library\Think\Library\Think\Session\Driver\Db.class.php 第 95 行.
NOTIC: [2048] Declaration of Shop\Controller\CreditController::show() should be compatible with Think\Controller::show($content, $charset = '', $contentType = '', $prefix = '') E:\cucisvn\01-code\jonza\Module\Shop\Controller\CreditController.class.php 第 8 行.
SQL: SHOW COLUMNS FROM `wx_site_config` [ RunTime:0.0080s ]
SQL: SELECT * FROM `wx_site_config` WHERE `id` = 1 LIMIT 1   [ RunTime:0.0020s ]
SQL: SHOW COLUMNS FROM `wx_wechat_member` [ RunTime:0.0080s ]
SQL: SELECT * FROM `wx_wechat_member` WHERE `openid` = 'oAeaZjht65CnSwZ3L4QXa82nvMZA' AND `status` = 2 LIMIT 1   [ RunTime:0.0010s ]
SQL: SHOW COLUMNS FROM `wx_wechat_config` [ RunTime:0.0080s ]
SQL: SELECT * FROM `wx_wechat_config` WHERE `id` = '1' AND `status` = 2 LIMIT 1   [ RunTime:0.0010s ]
NOTIC: [8] Undefined property: Library\Util\Api\Wechat::$access_token E:\cucisvn\01-code\jonza\Library\Util\Api\Wechat.class.php 第 1899 行.
SQL: SELECT `data`,`datacrc` FROM `think_cache` WHERE `cachekey`='wechat_access_token_wx4fc10458037c13c9' AND (`expire` =0 OR `expire`>1440058548) LIMIT 0,1 [ RunTime:0.0010s ]
SQL: SHOW COLUMNS FROM `wx_wechat_member` [ RunTime:0.0090s ]
SQL: SELECT COUNT(*) AS tp_count FROM `wx_wechat_member` WHERE `openid` = 'oAeaZjht65CnSwZ3L4QXa82nvMZA' LIMIT 1   [ RunTime:0.0010s ]
SQL: UPDATE `wx_wechat_member` SET `openid`='oAeaZjht65CnSwZ3L4QXa82nvMZA',`nickname`='大Ben',`sex`='男',`language`='zh_CN',`city`='云浮',`province`='广东',`country`='中国',`headimgurl`='http://wx.qlogo.cn/mmopen/fXia5YqmPeD8Twn5ONFOWUFbfjsJOJF2EQjibKvUKPwd1icXIL7ibVkAYqzWmhb6f1hOKgtmp7JWRIcu4sjHYez8bEGuEJagjo4S/0',`remark`='',`group_id`='0',`update_date`='2015-08-20 16:15:49',`create_date`='2015-06-18 11:04:06',`status`='2' WHERE `openid` = 'oAeaZjht65CnSwZ3L4QXa82nvMZA' [ RunTime:0.0570s ]
SQL: SELECT COUNT(*) AS tp_count FROM `wx_wechat_member` WHERE `openid` = 'oAeaZjht65CnSwZ3L4QXa82nvMZA' LIMIT 1   [ RunTime:0.0010s ]
SQL: UPDATE `wx_wechat_member` SET `openid`='oAeaZjht65CnSwZ3L4QXa82nvMZA',`nickname`='大Ben',`sex`='男',`language`='zh_CN',`city`='云浮',`province`='广东',`country`='中国',`headimgurl`='http://wx.qlogo.cn/mmopen/fXia5YqmPeD8Twn5ONFOWUFbfjsJOJF2EQjibKvUKPwd1icXIL7ibVkAYqzWmhb6f1hOKgtmp7JWRIcu4sjHYez8bEGuEJagjo4S/0',`remark`='',`group_id`='0',`update_date`='2015-08-20 16:15:52',`create_date`='2015-06-18 11:04:06',`status`='2' WHERE `openid` = 'oAeaZjht65CnSwZ3L4QXa82nvMZA' [ RunTime:0.1260s ]
SQL: SHOW COLUMNS FROM `wx_member` [ RunTime:0.0080s ]
SQL: SELECT * FROM `wx_member` WHERE `openid` = 'oAeaZjht65CnSwZ3L4QXa82nvMZA' AND `status` = 2 LIMIT 1   [ RunTime:0.0010s ]
SQL: SHOW COLUMNS FROM `wx_store` [ RunTime:0.0090s ]
SQL: SELECT * FROM `wx_store` LIMIT 1   [ RunTime:0.0010s ]
SQL: SHOW COLUMNS FROM `wx_store_credit_product` [ RunTime:0.0090s ]
SQL: SELECT COUNT(1) AS tp_count FROM `wx_store_credit_product` WHERE `status` = 2 LIMIT 1   [ RunTime:0.0010s ]
INFO: [ view_parse ] --START--
INFO: [ template_filter ] --START--
INFO: Run Behavior\ContentReplaceBehavior [ RunTime:0.000000s ]
INFO: [ template_filter ] --END-- [ RunTime:0.001001s ]
INFO: Run Behavior\ParseTemplateBehavior [ RunTime:0.065004s ]
INFO: [ view_parse ] --END-- [ RunTime:0.066004s ]
INFO: [ view_filter ] --START--
INFO: Run Behavior\WriteHtmlCacheBehavior [ RunTime:0.002000s ]
INFO: Run Library\Behavior\EmptyImageBehavior [ RunTime:0.003000s ]
INFO: [ view_filter ] --END-- [ RunTime:0.006000s ]
INFO: [ app_end ] --START--
INFO: Run Behavior\ShowPageTraceBehavior [ RunTime:0.004000s ]
INFO: [ app_end ] --END-- [ RunTime:0.006000s ]

[ 2015-08-20T16:15:53+08:00 ] 127.0.0.1 /jonza/index.php/Shop/Credit/index.shtml
INFO: [ app_begin ] --START--
INFO: Run Behavior\ReadHtmlCacheBehavior [ RunTime:0.001001s ]
INFO: [ app_begin ] --END-- [ RunTime:0.002001s ]
NOTIC: [8192] mysql_connect(): The mysql extension is deprecated and will be removed in the future: use mysqli or PDO instead E:\cucisvn\01-code\jonza\Library\Think\Library\Think\Session\Driver\Db.class.php 第 95 行.
NOTIC: [2048] Declaration of Shop\Controller\CreditController::show() should be compatible with Think\Controller::show($content, $charset = '', $contentType = '', $prefix = '') E:\cucisvn\01-code\jonza\Module\Shop\Controller\CreditController.class.php 第 8 行.
SQL: SHOW COLUMNS FROM `wx_site_config` [ RunTime:0.0090s ]
SQL: SELECT * FROM `wx_site_config` WHERE `id` = 1 LIMIT 1   [ RunTime:0.0010s ]
NOTIC: [8] Undefined index: HTTP_REFERER E:\cucisvn\01-code\jonza\Library\Util\Baidu.class.php 第 72 行.
SQL: SHOW COLUMNS FROM `wx_wechat_member` [ RunTime:0.0070s ]
SQL: SELECT * FROM `wx_wechat_member` WHERE `openid` = 'oAeaZjht65CnSwZ3L4QXa82nvMZA' AND `status` = 2 LIMIT 1   [ RunTime:0.0020s ]
SQL: SHOW COLUMNS FROM `wx_wechat_config` [ RunTime:0.0090s ]
SQL: SELECT * FROM `wx_wechat_config` WHERE `id` = '1' AND `status` = 2 LIMIT 1   [ RunTime:0.0030s ]
NOTIC: [8] Undefined property: Library\Util\Api\Wechat::$access_token E:\cucisvn\01-code\jonza\Library\Util\Api\Wechat.class.php 第 1899 行.
SQL: SELECT `data`,`datacrc` FROM `think_cache` WHERE `cachekey`='wechat_access_token_wx4fc10458037c13c9' AND (`expire` =0 OR `expire`>1440058549) LIMIT 0,1 [ RunTime:0.0010s ]
SQL: SHOW COLUMNS FROM `wx_wechat_member` [ RunTime:0.0090s ]
SQL: SELECT COUNT(*) AS tp_count FROM `wx_wechat_member` WHERE `openid` = 'oAeaZjht65CnSwZ3L4QXa82nvMZA' LIMIT 1   [ RunTime:0.0010s ]
SQL: UPDATE `wx_wechat_member` SET `openid`='oAeaZjht65CnSwZ3L4QXa82nvMZA',`nickname`='大Ben',`sex`='男',`language`='zh_CN',`city`='云浮',`province`='广东',`country`='中国',`headimgurl`='http://wx.qlogo.cn/mmopen/fXia5YqmPeD8Twn5ONFOWUFbfjsJOJF2EQjibKvUKPwd1icXIL7ibVkAYqzWmhb6f1hOKgtmp7JWRIcu4sjHYez8bEGuEJagjo4S/0',`remark`='',`group_id`='0',`update_date`='2015-08-20 16:15:50',`create_date`='2015-06-18 11:04:06',`status`='2' WHERE `openid` = 'oAeaZjht65CnSwZ3L4QXa82nvMZA' [ RunTime:0.0610s ]
SQL: SELECT COUNT(*) AS tp_count FROM `wx_wechat_member` WHERE `openid` = 'oAeaZjht65CnSwZ3L4QXa82nvMZA' LIMIT 1   [ RunTime:0.0020s ]
SQL: UPDATE `wx_wechat_member` SET `openid`='oAeaZjht65CnSwZ3L4QXa82nvMZA',`nickname`='大Ben',`sex`='男',`language`='zh_CN',`city`='云浮',`province`='广东',`country`='中国',`headimgurl`='http://wx.qlogo.cn/mmopen/fXia5YqmPeD8Twn5ONFOWUFbfjsJOJF2EQjibKvUKPwd1icXIL7ibVkAYqzWmhb6f1hOKgtmp7JWRIcu4sjHYez8bEGuEJagjo4S/0',`remark`='',`group_id`='0',`update_date`='2015-08-20 16:15:53',`create_date`='2015-06-18 11:04:06',`status`='2' WHERE `openid` = 'oAeaZjht65CnSwZ3L4QXa82nvMZA' [ RunTime:0.0490s ]
SQL: SHOW COLUMNS FROM `wx_member` [ RunTime:0.0090s ]
SQL: SELECT * FROM `wx_member` WHERE `openid` = 'oAeaZjht65CnSwZ3L4QXa82nvMZA' AND `status` = 2 LIMIT 1   [ RunTime:0.0020s ]
SQL: SHOW COLUMNS FROM `wx_store` [ RunTime:0.0080s ]
SQL: SELECT * FROM `wx_store` LIMIT 1   [ RunTime:0.0020s ]
SQL: SHOW COLUMNS FROM `wx_store_credit_product` [ RunTime:0.0080s ]
SQL: SELECT COUNT(1) AS tp_count FROM `wx_store_credit_product` WHERE `status` = 2 LIMIT 1   [ RunTime:0.0010s ]
INFO: [ view_parse ] --START--
INFO: [ template_filter ] --START--
INFO: Run Behavior\ContentReplaceBehavior [ RunTime:0.001000s ]
INFO: [ template_filter ] --END-- [ RunTime:0.001000s ]
INFO: Run Behavior\ParseTemplateBehavior [ RunTime:0.066004s ]
INFO: [ view_parse ] --END-- [ RunTime:0.066004s ]
INFO: [ view_filter ] --START--
INFO: Run Behavior\WriteHtmlCacheBehavior [ RunTime:0.001000s ]
INFO: Run Library\Behavior\EmptyImageBehavior [ RunTime:0.003001s ]
INFO: [ view_filter ] --END-- [ RunTime:0.004001s ]
INFO: [ app_end ] --START--
INFO: Run Behavior\ShowPageTraceBehavior [ RunTime:0.002000s ]
INFO: [ app_end ] --END-- [ RunTime:0.002000s ]

