[ 2015-06-11T09:14:06+08:00 ] 127.0.0.1 /jonza/index.php/Shop/index
INFO: [ app_begin ] --START--
INFO: Run Behavior\ReadHtmlCacheBehavior [ RunTime:0.006000s ]
INFO: [ app_begin ] --END-- [ RunTime:0.052003s ]
NOTIC: [8192] mysql_connect(): The mysql extension is deprecated and will be removed in the future: use mysqli or PDO instead E:\cucisvn\01-code\jonza\Library\Think\Library\Think\Session\Driver\Db.class.php 第 95 行.
SQL: SHOW COLUMNS FROM `wx_site_config` [ RunTime:0.0510s ]
SQL: SELECT * FROM `wx_site_config` WHERE `id` = 1 LIMIT 1   [ RunTime:0.0010s ]
NOTIC: [8] Undefined index: HTTP_REFERER E:\cucisvn\01-code\jonza\Library\Util\Baidu.class.php 第 72 行.
NOTIC: [8] Undefined index: Hm_lpvt_df31b90409cbd7237728ca1a770d72e6 E:\cucisvn\01-code\jonza\Library\Util\Baidu.class.php 第 76 行.
SQL: SHOW COLUMNS FROM `wx_wechat_member` [ RunTime:0.0780s ]
SQL: SELECT * FROM `wx_wechat_member` WHERE `openid` = 'oAeaZjht65CnSwZ3L4QXa82nvMZA' AND `status` = 2 LIMIT 1   [ RunTime:0.0520s ]
SQL: SHOW COLUMNS FROM `wx_wechat_config` [ RunTime:0.0210s ]
SQL: SELECT * FROM `wx_wechat_config` WHERE `id` = '1' AND `status` = 2 LIMIT 1   [ RunTime:0.0580s ]
NOTIC: [8] Undefined property: Library\Util\Api\Wechat::$access_token E:\cucisvn\01-code\jonza\Library\Util\Api\Wechat.class.php 第 1899 行.
SQL: SELECT `data`,`datacrc` FROM `think_cache` WHERE `cachekey`='wechat_access_token_wx4fc10458037c13c9' AND (`expire` =0 OR `expire`>1433985243) LIMIT 0,1 [ RunTime:0.0790s ]
NOTIC: [8] Undefined offset: 0 E:\cucisvn\01-code\jonza\Library\Think\Library\Think\Cache\Driver\Db.class.php 第 55 行.
SQL: select `cachekey` from `think_cache` where `cachekey`='wechat_access_token_wx4fc10458037c13c9' limit 0,1 [ RunTime:0.0010s ]
SQL: UPDATE think_cache SET data='s:107:"tPDy6Z2-8AdkqlIMhrrjfrAqpvSnOKAXE1neiA7fdmefaHLGwLA6L6917Ob3r-gmKvd5s6upFZHcJlV2q7vCj3ilJm3TIFxVVqSZJCBEeX0";' ,datacrc='',expire=1433991245 WHERE `cachekey`='wechat_access_token_wx4fc10458037c13c9' [ RunTime:0.0750s ]
SQL: SHOW COLUMNS FROM `wx_wechat_member` [ RunTime:0.0060s ]
SQL: SELECT COUNT(*) AS tp_count FROM `wx_wechat_member` WHERE `openid` = 'oAeaZjht65CnSwZ3L4QXa82nvMZA' LIMIT 1   [ RunTime:0.0180s ]
SQL: UPDATE `wx_wechat_member` SET `openid`='oAeaZjht65CnSwZ3L4QXa82nvMZA',`nickname`='灬Ben_陈灬',`sex`='男',`language`='zh_CN',`city`='云浮',`province`='广东',`country`='中国',`headimgurl`='http://wx.qlogo.cn/mmopen/fXia5YqmPeD8Twn5ONFOWUFbfjsJOJF2EQjibKvUKPwd1icXIL7ibVkAYqzWmhb6f1hOKgtmp7JWRIcu4sjHYez8bEGuEJagjo4S/0',`remark`='',`group_id`='0',`update_date`='2015-06-11 09:14:06',`create_date`='2015-05-29 17:19:32',`status`='2' WHERE `openid` = 'oAeaZjht65CnSwZ3L4QXa82nvMZA' [ RunTime:0.0610s ]
SQL: SELECT COUNT(*) AS tp_count FROM `wx_wechat_member` WHERE `openid` = 'oAeaZjht65CnSwZ3L4QXa82nvMZA' LIMIT 1   [ RunTime:0.0010s ]
SQL: UPDATE `wx_wechat_member` SET `openid`='oAeaZjht65CnSwZ3L4QXa82nvMZA',`nickname`='灬Ben_陈灬',`sex`='男',`language`='zh_CN',`city`='云浮',`province`='广东',`country`='中国',`headimgurl`='http://wx.qlogo.cn/mmopen/fXia5YqmPeD8Twn5ONFOWUFbfjsJOJF2EQjibKvUKPwd1icXIL7ibVkAYqzWmhb6f1hOKgtmp7JWRIcu4sjHYez8bEGuEJagjo4S/0',`remark`='',`group_id`='0',`update_date`='2015-06-11 09:14:06',`create_date`='2015-05-29 17:19:32',`status`='2' WHERE `openid` = 'oAeaZjht65CnSwZ3L4QXa82nvMZA' [ RunTime:0.0240s ]
SQL: SHOW COLUMNS FROM `wx_member` [ RunTime:0.0320s ]
SQL: SELECT m.*,w.headimgurl,w.sex FROM wx_member m LEFT JOIN wx_wechat_member w ON m.openid=w.openid  WHERE m.openid = 'oAeaZjht65CnSwZ3L4QXa82nvMZA' AND m.status = 2 LIMIT 1   [ RunTime:0.0220s ]
SQL: SHOW COLUMNS FROM `wx_store` [ RunTime:0.0060s ]
SQL: SELECT * FROM `wx_store` LIMIT 1   [ RunTime:0.0010s ]
SQL: SHOW COLUMNS FROM `wx_store_product` [ RunTime:0.0360s ]
SQL: SELECT * FROM `wx_store` WHERE `id` = 1 LIMIT 1   [ RunTime:0.0000s ]

[ 2015-06-11T09:14:42+08:00 ] 127.0.0.1 /jonza/index.php/Shop/index
INFO: [ app_begin ] --START--
INFO: Run Behavior\ReadHtmlCacheBehavior [ RunTime:0.001000s ]
INFO: [ app_begin ] --END-- [ RunTime:0.002000s ]
NOTIC: [8192] mysql_connect(): The mysql extension is deprecated and will be removed in the future: use mysqli or PDO instead E:\cucisvn\01-code\jonza\Library\Think\Library\Think\Session\Driver\Db.class.php 第 95 行.
SQL: SHOW COLUMNS FROM `wx_site_config` [ RunTime:0.0060s ]
SQL: SELECT * FROM `wx_site_config` WHERE `id` = 1 LIMIT 1   [ RunTime:0.0000s ]
NOTIC: [8] Undefined index: HTTP_REFERER E:\cucisvn\01-code\jonza\Library\Util\Baidu.class.php 第 72 行.
SQL: SHOW COLUMNS FROM `wx_wechat_member` [ RunTime:0.0060s ]
SQL: SELECT * FROM `wx_wechat_member` WHERE `openid` = 'oAeaZjht65CnSwZ3L4QXa82nvMZA' AND `status` = 2 LIMIT 1   [ RunTime:0.0010s ]
SQL: SHOW COLUMNS FROM `wx_wechat_config` [ RunTime:0.0060s ]
SQL: SELECT * FROM `wx_wechat_config` WHERE `id` = '1' AND `status` = 2 LIMIT 1   [ RunTime:0.0000s ]
NOTIC: [8] Undefined property: Library\Util\Api\Wechat::$access_token E:\cucisvn\01-code\jonza\Library\Util\Api\Wechat.class.php 第 1899 行.
SQL: SELECT `data`,`datacrc` FROM `think_cache` WHERE `cachekey`='wechat_access_token_wx4fc10458037c13c9' AND (`expire` =0 OR `expire`>1433985277) LIMIT 0,1 [ RunTime:0.0000s ]
SQL: SHOW COLUMNS FROM `wx_wechat_member` [ RunTime:0.0070s ]
SQL: SELECT COUNT(*) AS tp_count FROM `wx_wechat_member` WHERE `openid` = 'oAeaZjht65CnSwZ3L4QXa82nvMZA' LIMIT 1   [ RunTime:0.0010s ]
SQL: UPDATE `wx_wechat_member` SET `openid`='oAeaZjht65CnSwZ3L4QXa82nvMZA',`nickname`='灬Ben_陈灬',`sex`='男',`language`='zh_CN',`city`='云浮',`province`='广东',`country`='中国',`headimgurl`='http://wx.qlogo.cn/mmopen/fXia5YqmPeD8Twn5ONFOWUFbfjsJOJF2EQjibKvUKPwd1icXIL7ibVkAYqzWmhb6f1hOKgtmp7JWRIcu4sjHYez8bEGuEJagjo4S/0',`remark`='',`group_id`='0',`update_date`='2015-06-11 09:14:41',`create_date`='2015-05-29 17:19:32',`status`='2' WHERE `openid` = 'oAeaZjht65CnSwZ3L4QXa82nvMZA' [ RunTime:0.1550s ]
SQL: SELECT COUNT(*) AS tp_count FROM `wx_wechat_member` WHERE `openid` = 'oAeaZjht65CnSwZ3L4QXa82nvMZA' LIMIT 1   [ RunTime:0.0010s ]
SQL: UPDATE `wx_wechat_member` SET `openid`='oAeaZjht65CnSwZ3L4QXa82nvMZA',`nickname`='灬Ben_陈灬',`sex`='男',`language`='zh_CN',`city`='云浮',`province`='广东',`country`='中国',`headimgurl`='http://wx.qlogo.cn/mmopen/fXia5YqmPeD8Twn5ONFOWUFbfjsJOJF2EQjibKvUKPwd1icXIL7ibVkAYqzWmhb6f1hOKgtmp7JWRIcu4sjHYez8bEGuEJagjo4S/0',`remark`='',`group_id`='0',`update_date`='2015-06-11 09:14:42',`create_date`='2015-05-29 17:19:32',`status`='2' WHERE `openid` = 'oAeaZjht65CnSwZ3L4QXa82nvMZA' [ RunTime:0.0250s ]
SQL: SHOW COLUMNS FROM `wx_member` [ RunTime:0.0080s ]
SQL: SELECT m.*,w.headimgurl,w.sex FROM wx_member m LEFT JOIN wx_wechat_member w ON m.openid=w.openid  WHERE m.openid = 'oAeaZjht65CnSwZ3L4QXa82nvMZA' AND m.status = 2 LIMIT 1   [ RunTime:0.0020s ]
SQL: SHOW COLUMNS FROM `wx_store` [ RunTime:0.0060s ]
SQL: SELECT * FROM `wx_store` LIMIT 1   [ RunTime:0.0020s ]
SQL: SHOW COLUMNS FROM `wx_store_product` [ RunTime:0.0080s ]
SQL: SELECT * FROM `wx_store` WHERE `id` = 1 LIMIT 1   [ RunTime:0.0010s ]

[ 2015-06-11T09:48:17+08:00 ] 127.0.0.1 /jonza/index.php/Shop/index
INFO: [ app_begin ] --START--
INFO: Run Behavior\ReadHtmlCacheBehavior [ RunTime:0.002000s ]
INFO: [ app_begin ] --END-- [ RunTime:0.002000s ]
NOTIC: [8192] mysql_connect(): The mysql extension is deprecated and will be removed in the future: use mysqli or PDO instead E:\cucisvn\01-code\jonza\Library\Think\Library\Think\Session\Driver\Db.class.php 第 95 行.
SQL: SHOW COLUMNS FROM `wx_site_config` [ RunTime:0.0070s ]
SQL: SELECT * FROM `wx_site_config` WHERE `id` = 1 LIMIT 1   [ RunTime:0.0010s ]
NOTIC: [8] Undefined index: HTTP_REFERER E:\cucisvn\01-code\jonza\Library\Util\Baidu.class.php 第 72 行.
SQL: SHOW COLUMNS FROM `wx_wechat_member` [ RunTime:0.0070s ]
SQL: SELECT * FROM `wx_wechat_member` WHERE `openid` = 'oAeaZjht65CnSwZ3L4QXa82nvMZA' AND `status` = 2 LIMIT 1   [ RunTime:0.0010s ]
SQL: SHOW COLUMNS FROM `wx_wechat_config` [ RunTime:0.0070s ]
SQL: SELECT * FROM `wx_wechat_config` WHERE `id` = '1' AND `status` = 2 LIMIT 1   [ RunTime:0.0010s ]
NOTIC: [8] Undefined property: Library\Util\Api\Wechat::$access_token E:\cucisvn\01-code\jonza\Library\Util\Api\Wechat.class.php 第 1899 行.
SQL: SELECT `data`,`datacrc` FROM `think_cache` WHERE `cachekey`='wechat_access_token_wx4fc10458037c13c9' AND (`expire` =0 OR `expire`>1433987295) LIMIT 0,1 [ RunTime:0.0000s ]
SQL: SHOW COLUMNS FROM `wx_wechat_member` [ RunTime:0.0070s ]
SQL: SELECT COUNT(*) AS tp_count FROM `wx_wechat_member` WHERE `openid` = 'oAeaZjht65CnSwZ3L4QXa82nvMZA' LIMIT 1   [ RunTime:0.0010s ]
SQL: UPDATE `wx_wechat_member` SET `openid`='oAeaZjht65CnSwZ3L4QXa82nvMZA',`nickname`='灬Ben_陈灬',`sex`='男',`language`='zh_CN',`city`='云浮',`province`='广东',`country`='中国',`headimgurl`='http://wx.qlogo.cn/mmopen/fXia5YqmPeD8Twn5ONFOWUFbfjsJOJF2EQjibKvUKPwd1icXIL7ibVkAYqzWmhb6f1hOKgtmp7JWRIcu4sjHYez8bEGuEJagjo4S/0',`remark`='',`group_id`='0',`update_date`='2015-06-11 09:48:15',`create_date`='2015-05-29 17:19:32',`status`='2' WHERE `openid` = 'oAeaZjht65CnSwZ3L4QXa82nvMZA' [ RunTime:0.1360s ]
SQL: SELECT COUNT(*) AS tp_count FROM `wx_wechat_member` WHERE `openid` = 'oAeaZjht65CnSwZ3L4QXa82nvMZA' LIMIT 1   [ RunTime:0.0010s ]
SQL: UPDATE `wx_wechat_member` SET `openid`='oAeaZjht65CnSwZ3L4QXa82nvMZA',`nickname`='灬Ben_陈灬',`sex`='男',`language`='zh_CN',`city`='云浮',`province`='广东',`country`='中国',`headimgurl`='http://wx.qlogo.cn/mmopen/fXia5YqmPeD8Twn5ONFOWUFbfjsJOJF2EQjibKvUKPwd1icXIL7ibVkAYqzWmhb6f1hOKgtmp7JWRIcu4sjHYez8bEGuEJagjo4S/0',`remark`='',`group_id`='0',`update_date`='2015-06-11 09:48:16',`create_date`='2015-05-29 17:19:32',`status`='2' WHERE `openid` = 'oAeaZjht65CnSwZ3L4QXa82nvMZA' [ RunTime:0.0820s ]
SQL: SHOW COLUMNS FROM `wx_member` [ RunTime:0.0070s ]
SQL: SELECT m.*,w.headimgurl,w.sex FROM wx_member m LEFT JOIN wx_wechat_member w ON m.openid=w.openid  WHERE m.openid = 'oAeaZjht65CnSwZ3L4QXa82nvMZA' AND m.status = 2 LIMIT 1   [ RunTime:0.0020s ]
SQL: SHOW COLUMNS FROM `wx_store` [ RunTime:0.0060s ]
SQL: SELECT * FROM `wx_store` LIMIT 1   [ RunTime:0.0010s ]
SQL: SHOW COLUMNS FROM `wx_store_product` [ RunTime:0.0070s ]
SQL: SELECT * FROM `wx_store` WHERE `id` = 1 LIMIT 1   [ RunTime:0.0010s ]
SQL: SELECT COUNT(1) AS tp_count FROM `wx_store_product` WHERE `name` LIKE '%%' AND `status` = 2 LIMIT 1   [ RunTime:0.0480s ]
SQL: SELECT * FROM `wx_store_product` WHERE `name` LIKE '%%' AND `status` = 2 ORDER BY `sort` asc LIMIT 0,10   [ RunTime:0.0010s ]
INFO: [ view_parse ] --START--
INFO: [ template_filter ] --START--
INFO: Run Behavior\ContentReplaceBehavior [ RunTime:0.001000s ]
INFO: [ template_filter ] --END-- [ RunTime:0.001000s ]
NOTIC: [8] Undefined variable: token E:\cucisvn\01-code\jonza\Static\Runtime\Cache\Shop\f3a64cb619a239d09312ee007be311f0.php 第 70 行.
NOTIC: [8] Undefined variable: token E:\cucisvn\01-code\jonza\Static\Runtime\Cache\Shop\f3a64cb619a239d09312ee007be311f0.php 第 70 行.
NOTIC: [8] Undefined variable: token E:\cucisvn\01-code\jonza\Static\Runtime\Cache\Shop\f3a64cb619a239d09312ee007be311f0.php 第 70 行.
NOTIC: [8] Undefined variable: token E:\cucisvn\01-code\jonza\Static\Runtime\Cache\Shop\f3a64cb619a239d09312ee007be311f0.php 第 70 行.
NOTIC: [8] Undefined variable: token E:\cucisvn\01-code\jonza\Static\Runtime\Cache\Shop\f3a64cb619a239d09312ee007be311f0.php 第 70 行.
NOTIC: [8] Undefined variable: token E:\cucisvn\01-code\jonza\Static\Runtime\Cache\Shop\f3a64cb619a239d09312ee007be311f0.php 第 70 行.
NOTIC: [8] Undefined variable: token E:\cucisvn\01-code\jonza\Static\Runtime\Cache\Shop\f3a64cb619a239d09312ee007be311f0.php 第 70 行.
NOTIC: [8] Undefined variable: token E:\cucisvn\01-code\jonza\Static\Runtime\Cache\Shop\f3a64cb619a239d09312ee007be311f0.php 第 70 行.
NOTIC: [8] Undefined variable: token E:\cucisvn\01-code\jonza\Static\Runtime\Cache\Shop\f3a64cb619a239d09312ee007be311f0.php 第 70 行.
NOTIC: [8] Undefined variable: token E:\cucisvn\01-code\jonza\Static\Runtime\Cache\Shop\f3a64cb619a239d09312ee007be311f0.php 第 70 行.
INFO: Run Behavior\ParseTemplateBehavior [ RunTime:0.173010s ]
INFO: [ view_parse ] --END-- [ RunTime:0.174010s ]
INFO: [ view_filter ] --START--
INFO: Run Behavior\WriteHtmlCacheBehavior [ RunTime:0.027002s ]
INFO: Run Library\Behavior\EmptyImageBehavior [ RunTime:0.012001s ]
INFO: [ view_filter ] --END-- [ RunTime:0.040003s ]
INFO: [ app_end ] --START--
INFO: Run Behavior\ShowPageTraceBehavior [ RunTime:0.010000s ]
INFO: [ app_end ] --END-- [ RunTime:0.011000s ]

[ 2015-06-11T09:48:37+08:00 ] 127.0.0.1 /jonza/index.php/Shop/index
INFO: [ app_begin ] --START--
INFO: Run Behavior\ReadHtmlCacheBehavior [ RunTime:0.001000s ]
INFO: [ app_begin ] --END-- [ RunTime:0.002000s ]
NOTIC: [8192] mysql_connect(): The mysql extension is deprecated and will be removed in the future: use mysqli or PDO instead E:\cucisvn\01-code\jonza\Library\Think\Library\Think\Session\Driver\Db.class.php 第 95 行.
SQL: SHOW COLUMNS FROM `wx_site_config` [ RunTime:0.0060s ]
SQL: SELECT * FROM `wx_site_config` WHERE `id` = 1 LIMIT 1   [ RunTime:0.0010s ]
NOTIC: [8] Undefined index: HTTP_REFERER E:\cucisvn\01-code\jonza\Library\Util\Baidu.class.php 第 72 行.
SQL: SHOW COLUMNS FROM `wx_wechat_member` [ RunTime:0.0070s ]
SQL: SELECT * FROM `wx_wechat_member` WHERE `openid` = 'oAeaZjht65CnSwZ3L4QXa82nvMZA' AND `status` = 2 LIMIT 1   [ RunTime:0.0010s ]
SQL: SHOW COLUMNS FROM `wx_wechat_config` [ RunTime:0.0100s ]
SQL: SELECT * FROM `wx_wechat_config` WHERE `id` = '1' AND `status` = 2 LIMIT 1   [ RunTime:0.0010s ]
NOTIC: [8] Undefined property: Library\Util\Api\Wechat::$access_token E:\cucisvn\01-code\jonza\Library\Util\Api\Wechat.class.php 第 1899 行.
SQL: SELECT `data`,`datacrc` FROM `think_cache` WHERE `cachekey`='wechat_access_token_wx4fc10458037c13c9' AND (`expire` =0 OR `expire`>1433987315) LIMIT 0,1 [ RunTime:0.0010s ]
SQL: SHOW COLUMNS FROM `wx_wechat_member` [ RunTime:0.0060s ]
SQL: SELECT COUNT(*) AS tp_count FROM `wx_wechat_member` WHERE `openid` = 'oAeaZjht65CnSwZ3L4QXa82nvMZA' LIMIT 1   [ RunTime:0.0010s ]
SQL: UPDATE `wx_wechat_member` SET `openid`='oAeaZjht65CnSwZ3L4QXa82nvMZA',`nickname`='灬Ben_陈灬',`sex`='男',`language`='zh_CN',`city`='云浮',`province`='广东',`country`='中国',`headimgurl`='http://wx.qlogo.cn/mmopen/fXia5YqmPeD8Twn5ONFOWUFbfjsJOJF2EQjibKvUKPwd1icXIL7ibVkAYqzWmhb6f1hOKgtmp7JWRIcu4sjHYez8bEGuEJagjo4S/0',`remark`='',`group_id`='0',`update_date`='2015-06-11 09:48:36',`create_date`='2015-05-29 17:19:32',`status`='2' WHERE `openid` = 'oAeaZjht65CnSwZ3L4QXa82nvMZA' [ RunTime:0.1040s ]
SQL: SELECT COUNT(*) AS tp_count FROM `wx_wechat_member` WHERE `openid` = 'oAeaZjht65CnSwZ3L4QXa82nvMZA' LIMIT 1   [ RunTime:0.0000s ]
SQL: UPDATE `wx_wechat_member` SET `openid`='oAeaZjht65CnSwZ3L4QXa82nvMZA',`nickname`='灬Ben_陈灬',`sex`='男',`language`='zh_CN',`city`='云浮',`province`='广东',`country`='中国',`headimgurl`='http://wx.qlogo.cn/mmopen/fXia5YqmPeD8Twn5ONFOWUFbfjsJOJF2EQjibKvUKPwd1icXIL7ibVkAYqzWmhb6f1hOKgtmp7JWRIcu4sjHYez8bEGuEJagjo4S/0',`remark`='',`group_id`='0',`update_date`='2015-06-11 09:48:36',`create_date`='2015-05-29 17:19:32',`status`='2' WHERE `openid` = 'oAeaZjht65CnSwZ3L4QXa82nvMZA' [ RunTime:0.0820s ]
SQL: SHOW COLUMNS FROM `wx_member` [ RunTime:0.0060s ]
SQL: SELECT m.*,w.headimgurl,w.sex FROM wx_member m LEFT JOIN wx_wechat_member w ON m.openid=w.openid  WHERE m.openid = 'oAeaZjht65CnSwZ3L4QXa82nvMZA' AND m.status = 2 LIMIT 1   [ RunTime:0.0020s ]
SQL: SHOW COLUMNS FROM `wx_store` [ RunTime:0.0070s ]
SQL: SELECT * FROM `wx_store` LIMIT 1   [ RunTime:0.0020s ]
SQL: SHOW COLUMNS FROM `wx_store_product` [ RunTime:0.0080s ]
SQL: SELECT * FROM `wx_store` WHERE `id` = 1 LIMIT 1   [ RunTime:0.0020s ]

