[ 2019-01-08T00:05:25+08:00 ] 119.129.75.197 /jonza/index.php/Api/Report/get_ip
INFO: [ app_begin ] --START--
INFO: Run Behavior\ReadHtmlCacheBehavior [ RunTime:0.000082s ]
INFO: [ app_begin ] --END-- [ RunTime:0.000130s ]
NOTIC: [8192] mysql_connect(): The mysql extension is deprecated and will be removed in the future: use mysqli or PDO instead /home/www/htdocs/jonza/Library/Think/Library/Think/Session/Driver/Db.class.php 第 95 行.
ERR: 非法操作:get_ip

[ 2019-01-08T00:06:02+08:00 ] 119.129.75.197 /jonza/index.php/Api/Report/get_ip
INFO: [ app_begin ] --START--
INFO: Run Behavior\ReadHtmlCacheBehavior [ RunTime:0.000086s ]
INFO: [ app_begin ] --END-- [ RunTime:0.000126s ]
NOTIC: [8192] mysql_connect(): The mysql extension is deprecated and will be removed in the future: use mysqli or PDO instead /home/www/htdocs/jonza/Library/Think/Library/Think/Session/Driver/Db.class.php 第 95 行.
ERR: 非法操作:get_ip

[ 2019-01-08T00:09:21+08:00 ] 119.129.75.197 /jonza/index.php/Api/Report/get_ip
INFO: [ app_begin ] --START--
INFO: Run Behavior\ReadHtmlCacheBehavior [ RunTime:0.000077s ]
INFO: [ app_begin ] --END-- [ RunTime:0.000126s ]
NOTIC: [8192] mysql_connect(): The mysql extension is deprecated and will be removed in the future: use mysqli or PDO instead /home/www/htdocs/jonza/Library/Think/Library/Think/Session/Driver/Db.class.php 第 95 行.
INFO: [ app_end ] --START--
INFO: Run Behavior\ShowPageTraceBehavior [ RunTime:0.000089s ]
INFO: [ app_end ] --END-- [ RunTime:0.000132s ]

[ 2019-01-08T00:19:56+08:00 ] 119.129.75.197 /jonza/index.php/Api/Report/get_ip
INFO: [ app_begin ] --START--
INFO: Run Behavior\ReadHtmlCacheBehavior [ RunTime:0.000090s ]
INFO: [ app_begin ] --END-- [ RunTime:0.000141s ]
NOTIC: [8192] mysql_connect(): The mysql extension is deprecated and will be removed in the future: use mysqli or PDO instead /home/www/htdocs/jonza/Library/Think/Library/Think/Session/Driver/Db.class.php 第 95 行.
INFO: [ app_end ] --START--
INFO: Run Behavior\ShowPageTraceBehavior [ RunTime:0.000087s ]
INFO: [ app_end ] --END-- [ RunTime:0.000131s ]

[ 2019-01-08T00:20:30+08:00 ] 119.129.75.197 /jonza/index.php/Api/Report/get_ip
INFO: [ app_begin ] --START--
INFO: Run Behavior\ReadHtmlCacheBehavior [ RunTime:0.000073s ]
INFO: [ app_begin ] --END-- [ RunTime:0.000113s ]
NOTIC: [8192] mysql_connect(): The mysql extension is deprecated and will be removed in the future: use mysqli or PDO instead /home/www/htdocs/jonza/Library/Think/Library/Think/Session/Driver/Db.class.php 第 95 行.
INFO: [ app_end ] --START--
INFO: Run Behavior\ShowPageTraceBehavior [ RunTime:0.000078s ]
INFO: [ app_end ] --END-- [ RunTime:0.000113s ]

