[ 2015-08-11T10:01:56+08:00 ] 127.0.0.1 /jonza/index.php/Fenxiao/Jifen/add.shtml
INFO: [ app_begin ] --START--
INFO: Run Behavior\ReadHtmlCacheBehavior [ RunTime:0.001000s ]
INFO: [ app_begin ] --END-- [ RunTime:0.002000s ]
NOTIC: [8192] mysql_connect(): The mysql extension is deprecated and will be removed in the future: use mysqli or PDO instead E:\cucisvn\01-code\jonza\Library\Think\Library\Think\Session\Driver\Db.class.php 第 95 行.
NOTIC: [2048] Declaration of Fenxiao\Controller\JifenController::index() should be compatible with Library\Controller\Controller::index($model = NULL, $map = Array, $tpl = NULL) E:\cucisvn\01-code\jonza\Module\Fenxiao\Controller\JifenController.class.php 第 7 行.
SQL: SHOW COLUMNS FROM `wx_jifen_set` [ RunTime:0.0070s ]
INFO: [ view_parse ] --START--
INFO: [ template_filter ] --START--
INFO: Run Behavior\ContentReplaceBehavior [ RunTime:0.000000s ]
INFO: [ template_filter ] --END-- [ RunTime:0.001000s ]
NOTIC: [8] Undefined index: type E:\cucisvn\01-code\jonza\Static\Runtime\Cache\Fenxiao\8538e20e10add2e8a05554c0fcef587a.php 第 17 行.
NOTIC: [8] Undefined index: integral_number E:\cucisvn\01-code\jonza\Static\Runtime\Cache\Fenxiao\8538e20e10add2e8a05554c0fcef587a.php 第 24 行.
NOTIC: [8] Undefined index: participate_times E:\cucisvn\01-code\jonza\Static\Runtime\Cache\Fenxiao\8538e20e10add2e8a05554c0fcef587a.php 第 31 行.
INFO: Run Behavior\ParseTemplateBehavior [ RunTime:0.100006s ]
INFO: [ view_parse ] --END-- [ RunTime:0.100006s ]
INFO: [ view_filter ] --START--
INFO: Run Behavior\WriteHtmlCacheBehavior [ RunTime:0.002000s ]
INFO: Run Library\Behavior\EmptyImageBehavior [ RunTime:0.002000s ]
INFO: [ view_filter ] --END-- [ RunTime:0.004000s ]
INFO: [ app_end ] --START--
INFO: Run Behavior\ShowPageTraceBehavior [ RunTime:0.001000s ]
INFO: [ app_end ] --END-- [ RunTime:0.002000s ]

[ 2015-08-11T10:15:47+08:00 ] 127.0.0.1 /jonza/index.php/Fenxiao/Jifen/edit/id/1.shtml
INFO: [ app_begin ] --START--
INFO: Run Behavior\ReadHtmlCacheBehavior [ RunTime:0.001000s ]
INFO: [ app_begin ] --END-- [ RunTime:0.003000s ]
NOTIC: [8192] mysql_connect(): The mysql extension is deprecated and will be removed in the future: use mysqli or PDO instead E:\cucisvn\01-code\jonza\Library\Think\Library\Think\Session\Driver\Db.class.php 第 95 行.
NOTIC: [2048] Declaration of Fenxiao\Controller\JifenController::index() should be compatible with Library\Controller\Controller::index($model = NULL, $map = Array, $tpl = NULL) E:\cucisvn\01-code\jonza\Module\Fenxiao\Controller\JifenController.class.php 第 7 行.
SQL: SHOW COLUMNS FROM `wx_jifen_set` [ RunTime:0.0080s ]
SQL: SELECT * FROM `wx_jifen_set` WHERE `id` = 1 LIMIT 1   [ RunTime:0.0000s ]
INFO: [ view_parse ] --START--
INFO: [ template_filter ] --START--
INFO: Run Behavior\ContentReplaceBehavior [ RunTime:0.000000s ]
INFO: [ template_filter ] --END-- [ RunTime:0.001000s ]
INFO: Run Behavior\ParseTemplateBehavior [ RunTime:0.026002s ]
INFO: [ view_parse ] --END-- [ RunTime:0.027002s ]
INFO: [ view_filter ] --START--
INFO: Run Behavior\WriteHtmlCacheBehavior [ RunTime:0.001000s ]
INFO: Run Library\Behavior\EmptyImageBehavior [ RunTime:0.002000s ]
INFO: [ view_filter ] --END-- [ RunTime:0.004000s ]
INFO: [ app_end ] --START--
INFO: Run Behavior\ShowPageTraceBehavior [ RunTime:0.002000s ]
INFO: [ app_end ] --END-- [ RunTime:0.002000s ]

[ 2015-08-11T10:22:03+08:00 ] 127.0.0.1 /jonza/index.php/Fenxiao/Jifen/edit/id/1.shtml
INFO: [ app_begin ] --START--
INFO: Run Behavior\ReadHtmlCacheBehavior [ RunTime:0.001000s ]
INFO: [ app_begin ] --END-- [ RunTime:0.002000s ]
NOTIC: [8192] mysql_connect(): The mysql extension is deprecated and will be removed in the future: use mysqli or PDO instead E:\cucisvn\01-code\jonza\Library\Think\Library\Think\Session\Driver\Db.class.php 第 95 行.
NOTIC: [2048] Declaration of Fenxiao\Controller\JifenController::index() should be compatible with Library\Controller\Controller::index($model = NULL, $map = Array, $tpl = NULL) E:\cucisvn\01-code\jonza\Module\Fenxiao\Controller\JifenController.class.php 第 7 行.
SQL: SHOW COLUMNS FROM `wx_jifen_set` [ RunTime:0.0080s ]
SQL: SELECT * FROM `wx_jifen_set` WHERE `id` = 1 LIMIT 1   [ RunTime:0.0000s ]
INFO: [ view_parse ] --START--
INFO: [ template_filter ] --START--
INFO: Run Behavior\ContentReplaceBehavior [ RunTime:0.001000s ]
INFO: [ template_filter ] --END-- [ RunTime:0.001000s ]
INFO: Run Behavior\ParseTemplateBehavior [ RunTime:0.029002s ]
INFO: [ view_parse ] --END-- [ RunTime:0.029002s ]
INFO: [ view_filter ] --START--
INFO: Run Behavior\WriteHtmlCacheBehavior [ RunTime:0.002000s ]
INFO: Run Library\Behavior\EmptyImageBehavior [ RunTime:0.002000s ]
INFO: [ view_filter ] --END-- [ RunTime:0.005000s ]
INFO: [ app_end ] --START--
INFO: Run Behavior\ShowPageTraceBehavior [ RunTime:0.002000s ]
INFO: [ app_end ] --END-- [ RunTime:0.002000s ]

[ 2015-08-11T10:31:55+08:00 ] 127.0.0.1 /jonza/index.php/Fenxiao/Jifen/index.shtml
ERR: 无法加载控制器:Jifen

[ 2015-08-11T10:32:42+08:00 ] 127.0.0.1 /jonza/index.php/Fenxiao/Jifen/index.shtml
ERR: SQLSTATE[42S02]: Base table or view not found: 1146 La table 'jonza.wx_jifen' n'existe pas

[ 2015-08-11T10:45:16+08:00 ] 127.0.0.1 /jonza/index.php/Fenxiao/Jifen/add.shtml
INFO: [ app_begin ] --START--
INFO: Run Behavior\ReadHtmlCacheBehavior [ RunTime:0.001000s ]
INFO: [ app_begin ] --END-- [ RunTime:0.003000s ]
NOTIC: [8192] mysql_connect(): The mysql extension is deprecated and will be removed in the future: use mysqli or PDO instead E:\cucisvn\01-code\jonza\Library\Think\Library\Think\Session\Driver\Db.class.php 第 95 行.
NOTIC: [2048] Declaration of Fenxiao\Controller\JifenController::index() should be compatible with Library\Controller\Controller::index($model = NULL, $map = Array, $tpl = NULL) E:\cucisvn\01-code\jonza\Module\Fenxiao\Controller\JifenController.class.php 第 6 行.
SQL: SHOW COLUMNS FROM `wx_jifen_set` [ RunTime:0.0070s ]
INFO: [ view_parse ] --START--
INFO: [ template_filter ] --START--
INFO: Run Behavior\ContentReplaceBehavior [ RunTime:0.001000s ]
INFO: [ template_filter ] --END-- [ RunTime:0.001000s ]
NOTIC: [8] Undefined index: type E:\cucisvn\01-code\jonza\Static\Runtime\Cache\Fenxiao\8538e20e10add2e8a05554c0fcef587a.php 第 17 行.
NOTIC: [8] Undefined index: integral_number E:\cucisvn\01-code\jonza\Static\Runtime\Cache\Fenxiao\8538e20e10add2e8a05554c0fcef587a.php 第 24 行.
NOTIC: [8] Undefined index: participate_times E:\cucisvn\01-code\jonza\Static\Runtime\Cache\Fenxiao\8538e20e10add2e8a05554c0fcef587a.php 第 31 行.
INFO: Run Behavior\ParseTemplateBehavior [ RunTime:0.047003s ]
INFO: [ view_parse ] --END-- [ RunTime:0.047003s ]
INFO: [ view_filter ] --START--
INFO: Run Behavior\WriteHtmlCacheBehavior [ RunTime:0.002000s ]
INFO: Run Library\Behavior\EmptyImageBehavior [ RunTime:0.002000s ]
INFO: [ view_filter ] --END-- [ RunTime:0.005001s ]
INFO: [ app_end ] --START--
INFO: Run Behavior\ShowPageTraceBehavior [ RunTime:0.002000s ]
INFO: [ app_end ] --END-- [ RunTime:0.002000s ]

[ 2015-08-11T10:45:21+08:00 ] 127.0.0.1 /jonza/index.php/Fenxiao/Jifen/edit/id/1.shtml
INFO: [ app_begin ] --START--
INFO: Run Behavior\ReadHtmlCacheBehavior [ RunTime:0.002000s ]
INFO: [ app_begin ] --END-- [ RunTime:0.004000s ]
NOTIC: [8192] mysql_connect(): The mysql extension is deprecated and will be removed in the future: use mysqli or PDO instead E:\cucisvn\01-code\jonza\Library\Think\Library\Think\Session\Driver\Db.class.php 第 95 行.
NOTIC: [2048] Declaration of Fenxiao\Controller\JifenController::index() should be compatible with Library\Controller\Controller::index($model = NULL, $map = Array, $tpl = NULL) E:\cucisvn\01-code\jonza\Module\Fenxiao\Controller\JifenController.class.php 第 6 行.
SQL: SHOW COLUMNS FROM `wx_jifen_set` [ RunTime:0.0100s ]
SQL: SELECT * FROM `wx_jifen_set` WHERE `id` = 1 LIMIT 1   [ RunTime:0.0010s ]
INFO: [ view_parse ] --START--
INFO: [ template_filter ] --START--
INFO: Run Behavior\ContentReplaceBehavior [ RunTime:0.000000s ]
INFO: [ template_filter ] --END-- [ RunTime:0.002000s ]
INFO: Run Behavior\ParseTemplateBehavior [ RunTime:0.030002s ]
INFO: [ view_parse ] --END-- [ RunTime:0.030002s ]
INFO: [ view_filter ] --START--
INFO: Run Behavior\WriteHtmlCacheBehavior [ RunTime:0.001000s ]
INFO: Run Library\Behavior\EmptyImageBehavior [ RunTime:0.004000s ]
INFO: [ view_filter ] --END-- [ RunTime:0.006000s ]
INFO: [ app_end ] --START--
INFO: Run Behavior\ShowPageTraceBehavior [ RunTime:0.003001s ]
INFO: [ app_end ] --END-- [ RunTime:0.003001s ]

[ 2015-08-11T10:52:52+08:00 ] 127.0.0.1 /jonza/index.php?s=Fenxiao/Jifen/resume
INFO: [ app_begin ] --START--
INFO: Run Behavior\ReadHtmlCacheBehavior [ RunTime:0.001000s ]
INFO: [ app_begin ] --END-- [ RunTime:0.002000s ]
NOTIC: [8192] mysql_connect(): The mysql extension is deprecated and will be removed in the future: use mysqli or PDO instead E:\cucisvn\01-code\jonza\Library\Think\Library\Think\Session\Driver\Db.class.php 第 95 行.
NOTIC: [2048] Declaration of Fenxiao\Controller\JifenController::index() should be compatible with Library\Controller\Controller::index($model = NULL, $map = Array, $tpl = NULL) E:\cucisvn\01-code\jonza\Module\Fenxiao\Controller\JifenController.class.php 第 6 行.
SQL: SHOW COLUMNS FROM `wx_jifen_set` [ RunTime:0.0070s ]
SQL: UPDATE `wx_jifen_set` SET `status`='2' WHERE `id` IN ('1') [ RunTime:0.1110s ]

[ 2015-08-11T10:53:55+08:00 ] 127.0.0.1 /jonza/index.php?s=Fenxiao/Jifen/resume
INFO: [ app_begin ] --START--
INFO: Run Behavior\ReadHtmlCacheBehavior [ RunTime:0.001000s ]
INFO: [ app_begin ] --END-- [ RunTime:0.003000s ]
NOTIC: [8192] mysql_connect(): The mysql extension is deprecated and will be removed in the future: use mysqli or PDO instead E:\cucisvn\01-code\jonza\Library\Think\Library\Think\Session\Driver\Db.class.php 第 95 行.
NOTIC: [2048] Declaration of Fenxiao\Controller\JifenController::index() should be compatible with Library\Controller\Controller::index($model = NULL, $map = Array, $tpl = NULL) E:\cucisvn\01-code\jonza\Module\Fenxiao\Controller\JifenController.class.php 第 6 行.
SQL: SHOW COLUMNS FROM `wx_jifen_set` [ RunTime:0.0090s ]
SQL: UPDATE `wx_jifen_set` SET `status`='2' WHERE `id` IN ('1') [ RunTime:0.0300s ]

[ 2015-08-11T10:54:00+08:00 ] 127.0.0.1 /jonza/index.php?s=Fenxiao/Jifen/forbid
INFO: [ app_begin ] --START--
INFO: Run Behavior\ReadHtmlCacheBehavior [ RunTime:0.001000s ]
INFO: [ app_begin ] --END-- [ RunTime:0.004000s ]
NOTIC: [8192] mysql_connect(): The mysql extension is deprecated and will be removed in the future: use mysqli or PDO instead E:\cucisvn\01-code\jonza\Library\Think\Library\Think\Session\Driver\Db.class.php 第 95 行.
NOTIC: [2048] Declaration of Fenxiao\Controller\JifenController::index() should be compatible with Library\Controller\Controller::index($model = NULL, $map = Array, $tpl = NULL) E:\cucisvn\01-code\jonza\Module\Fenxiao\Controller\JifenController.class.php 第 6 行.
SQL: SHOW COLUMNS FROM `wx_jifen_set` [ RunTime:0.0110s ]
SQL: UPDATE `wx_jifen_set` SET `status`='1' WHERE `id` IN ('1') [ RunTime:0.0960s ]

[ 2015-08-11T10:54:20+08:00 ] 127.0.0.1 /jonza/index.php/Fenxiao/Jifen/edit/id/1.shtml
INFO: [ app_begin ] --START--
INFO: Run Behavior\ReadHtmlCacheBehavior [ RunTime:0.001000s ]
INFO: [ app_begin ] --END-- [ RunTime:0.002000s ]
NOTIC: [8192] mysql_connect(): The mysql extension is deprecated and will be removed in the future: use mysqli or PDO instead E:\cucisvn\01-code\jonza\Library\Think\Library\Think\Session\Driver\Db.class.php 第 95 行.
NOTIC: [2048] Declaration of Fenxiao\Controller\JifenController::index() should be compatible with Library\Controller\Controller::index($model = NULL, $map = Array, $tpl = NULL) E:\cucisvn\01-code\jonza\Module\Fenxiao\Controller\JifenController.class.php 第 6 行.
SQL: SHOW COLUMNS FROM `wx_jifen_set` [ RunTime:0.0080s ]
SQL: SELECT * FROM `wx_jifen_set` WHERE `id` = 1 LIMIT 1   [ RunTime:0.0010s ]
INFO: [ view_parse ] --START--
INFO: [ template_filter ] --START--
INFO: Run Behavior\ContentReplaceBehavior [ RunTime:0.000000s ]
INFO: [ template_filter ] --END-- [ RunTime:0.001000s ]
INFO: Run Behavior\ParseTemplateBehavior [ RunTime:0.025001s ]
INFO: [ view_parse ] --END-- [ RunTime:0.026001s ]
INFO: [ view_filter ] --START--
INFO: Run Behavior\WriteHtmlCacheBehavior [ RunTime:0.001000s ]
INFO: Run Library\Behavior\EmptyImageBehavior [ RunTime:0.003000s ]
INFO: [ view_filter ] --END-- [ RunTime:0.004000s ]
INFO: [ app_end ] --START--
INFO: Run Behavior\ShowPageTraceBehavior [ RunTime:0.001001s ]
INFO: [ app_end ] --END-- [ RunTime:0.001001s ]

[ 2015-08-11T10:54:24+08:00 ] 127.0.0.1 /jonza/index.php/Fenxiao/Jifen/edit/id/1.shtml
INFO: [ app_begin ] --START--
INFO: Run Behavior\ReadHtmlCacheBehavior [ RunTime:0.002001s ]
INFO: [ app_begin ] --END-- [ RunTime:0.002001s ]
NOTIC: [8192] mysql_connect(): The mysql extension is deprecated and will be removed in the future: use mysqli or PDO instead E:\cucisvn\01-code\jonza\Library\Think\Library\Think\Session\Driver\Db.class.php 第 95 行.
NOTIC: [2048] Declaration of Fenxiao\Controller\JifenController::index() should be compatible with Library\Controller\Controller::index($model = NULL, $map = Array, $tpl = NULL) E:\cucisvn\01-code\jonza\Module\Fenxiao\Controller\JifenController.class.php 第 6 行.
SQL: SHOW COLUMNS FROM `wx_jifen_set` [ RunTime:0.0100s ]
SQL: SELECT COUNT(*) AS tp_count FROM `wx_jifen_set` WHERE `id` = 1 LIMIT 1   [ RunTime:0.0010s ]
SQL: UPDATE `wx_jifen_set` SET `type`='分享积分',`integral_number`='10',`participate_times`='2',`id`='1' WHERE `id` = 1 [ RunTime:0.0920s ]

[ 2015-08-11T10:54:34+08:00 ] 127.0.0.1 /jonza/index.php?s=Fenxiao/Jifen/del
INFO: [ app_begin ] --START--
INFO: Run Behavior\ReadHtmlCacheBehavior [ RunTime:0.002000s ]
INFO: [ app_begin ] --END-- [ RunTime:0.003000s ]
NOTIC: [8192] mysql_connect(): The mysql extension is deprecated and will be removed in the future: use mysqli or PDO instead E:\cucisvn\01-code\jonza\Library\Think\Library\Think\Session\Driver\Db.class.php 第 95 行.
NOTIC: [2048] Declaration of Fenxiao\Controller\JifenController::index() should be compatible with Library\Controller\Controller::index($model = NULL, $map = Array, $tpl = NULL) E:\cucisvn\01-code\jonza\Module\Fenxiao\Controller\JifenController.class.php 第 6 行.
SQL: SHOW COLUMNS FROM `wx_jifen_set` [ RunTime:0.0090s ]
SQL: DELETE FROM `wx_jifen_set` WHERE `id` IN ('1') [ RunTime:0.1540s ]

[ 2015-08-11T10:55:11+08:00 ] 127.0.0.1 /jonza/index.php/Fenxiao/Jifen/add.shtml
INFO: [ app_begin ] --START--
INFO: Run Behavior\ReadHtmlCacheBehavior [ RunTime:0.000000s ]
INFO: [ app_begin ] --END-- [ RunTime:0.000000s ]
NOTIC: [8192] mysql_connect(): The mysql extension is deprecated and will be removed in the future: use mysqli or PDO instead E:\cucisvn\01-code\jonza\Library\Think\Library\Think\Session\Driver\Db.class.php 第 95 行.
NOTIC: [2048] Declaration of Fenxiao\Controller\JifenController::index() should be compatible with Library\Controller\Controller::index($model = NULL, $map = Array, $tpl = NULL) E:\cucisvn\01-code\jonza\Module\Fenxiao\Controller\JifenController.class.php 第 6 行.
SQL: SHOW COLUMNS FROM `wx_jifen_set` [ RunTime:0.0070s ]
INFO: [ view_parse ] --START--
INFO: [ template_filter ] --START--
INFO: Run Behavior\ContentReplaceBehavior [ RunTime:0.000000s ]
INFO: [ template_filter ] --END-- [ RunTime:0.000000s ]
NOTIC: [8] Undefined index: type E:\cucisvn\01-code\jonza\Static\Runtime\Cache\Fenxiao\8538e20e10add2e8a05554c0fcef587a.php 第 17 行.
NOTIC: [8] Undefined index: integral_number E:\cucisvn\01-code\jonza\Static\Runtime\Cache\Fenxiao\8538e20e10add2e8a05554c0fcef587a.php 第 24 行.
NOTIC: [8] Undefined index: participate_times E:\cucisvn\01-code\jonza\Static\Runtime\Cache\Fenxiao\8538e20e10add2e8a05554c0fcef587a.php 第 31 行.
INFO: Run Behavior\ParseTemplateBehavior [ RunTime:0.024001s ]
INFO: [ view_parse ] --END-- [ RunTime:0.025001s ]
INFO: [ view_filter ] --START--
INFO: Run Behavior\WriteHtmlCacheBehavior [ RunTime:0.000000s ]
INFO: Run Library\Behavior\EmptyImageBehavior [ RunTime:0.002000s ]
INFO: [ view_filter ] --END-- [ RunTime:0.004001s ]
INFO: [ app_end ] --START--
INFO: Run Behavior\ShowPageTraceBehavior [ RunTime:0.001000s ]
INFO: [ app_end ] --END-- [ RunTime:0.001000s ]

[ 2015-08-11T10:55:27+08:00 ] 127.0.0.1 /jonza/index.php/Fenxiao/Jifen/add.shtml
INFO: [ app_begin ] --START--
INFO: Run Behavior\ReadHtmlCacheBehavior [ RunTime:0.001001s ]
INFO: [ app_begin ] --END-- [ RunTime:0.003001s ]
NOTIC: [8192] mysql_connect(): The mysql extension is deprecated and will be removed in the future: use mysqli or PDO instead E:\cucisvn\01-code\jonza\Library\Think\Library\Think\Session\Driver\Db.class.php 第 95 行.
NOTIC: [2048] Declaration of Fenxiao\Controller\JifenController::index() should be compatible with Library\Controller\Controller::index($model = NULL, $map = Array, $tpl = NULL) E:\cucisvn\01-code\jonza\Module\Fenxiao\Controller\JifenController.class.php 第 6 行.
SQL: SHOW COLUMNS FROM `wx_jifen_set` [ RunTime:0.0080s ]
SQL: SELECT COUNT(*) AS tp_count FROM `wx_jifen_set` WHERE `id` = 0 LIMIT 1   [ RunTime:0.0000s ]
SQL: INSERT INTO `wx_jifen_set` (`type`,`integral_number`,`participate_times`,`id`) VALUES ('分享积分','5','0','0') [ RunTime:0.0990s ]

[ 2015-08-11T10:59:29+08:00 ] 127.0.0.1 /jonza/index.php/Fenxiao/Jifen/add.shtml
INFO: [ app_begin ] --START--
INFO: Run Behavior\ReadHtmlCacheBehavior [ RunTime:0.001000s ]
INFO: [ app_begin ] --END-- [ RunTime:0.003000s ]
NOTIC: [8192] mysql_connect(): The mysql extension is deprecated and will be removed in the future: use mysqli or PDO instead E:\cucisvn\01-code\jonza\Library\Think\Library\Think\Session\Driver\Db.class.php 第 95 行.
NOTIC: [2048] Declaration of Fenxiao\Controller\JifenController::index() should be compatible with Library\Controller\Controller::index($model = NULL, $map = Array, $tpl = NULL) E:\cucisvn\01-code\jonza\Module\Fenxiao\Controller\JifenController.class.php 第 6 行.
SQL: SHOW COLUMNS FROM `wx_jifen_set` [ RunTime:0.0070s ]
INFO: [ view_parse ] --START--
INFO: [ template_filter ] --START--
INFO: Run Behavior\ContentReplaceBehavior [ RunTime:0.000000s ]
INFO: [ template_filter ] --END-- [ RunTime:0.000000s ]
NOTIC: [8] Undefined index: type E:\cucisvn\01-code\jonza\Static\Runtime\Cache\Fenxiao\8538e20e10add2e8a05554c0fcef587a.php 第 17 行.
NOTIC: [8] Undefined index: integral_number E:\cucisvn\01-code\jonza\Static\Runtime\Cache\Fenxiao\8538e20e10add2e8a05554c0fcef587a.php 第 24 行.
NOTIC: [8] Undefined index: participate_times E:\cucisvn\01-code\jonza\Static\Runtime\Cache\Fenxiao\8538e20e10add2e8a05554c0fcef587a.php 第 31 行.
INFO: Run Behavior\ParseTemplateBehavior [ RunTime:0.027001s ]
INFO: [ view_parse ] --END-- [ RunTime:0.027001s ]
INFO: [ view_filter ] --START--
INFO: Run Behavior\WriteHtmlCacheBehavior [ RunTime:0.001000s ]
INFO: Run Library\Behavior\EmptyImageBehavior [ RunTime:0.004000s ]
INFO: [ view_filter ] --END-- [ RunTime:0.006000s ]
INFO: [ app_end ] --START--
INFO: Run Behavior\ShowPageTraceBehavior [ RunTime:0.002000s ]
INFO: [ app_end ] --END-- [ RunTime:0.002000s ]

[ 2015-08-11T10:59:47+08:00 ] 127.0.0.1 /jonza/index.php/Fenxiao/Jifen/add.shtml
INFO: [ app_begin ] --START--
INFO: Run Behavior\ReadHtmlCacheBehavior [ RunTime:0.001000s ]
INFO: [ app_begin ] --END-- [ RunTime:0.002000s ]
NOTIC: [8192] mysql_connect(): The mysql extension is deprecated and will be removed in the future: use mysqli or PDO instead E:\cucisvn\01-code\jonza\Library\Think\Library\Think\Session\Driver\Db.class.php 第 95 行.
NOTIC: [2048] Declaration of Fenxiao\Controller\JifenController::index() should be compatible with Library\Controller\Controller::index($model = NULL, $map = Array, $tpl = NULL) E:\cucisvn\01-code\jonza\Module\Fenxiao\Controller\JifenController.class.php 第 6 行.
SQL: SHOW COLUMNS FROM `wx_jifen_set` [ RunTime:0.0080s ]
SQL: SELECT COUNT(*) AS tp_count FROM `wx_jifen_set` WHERE `id` = 0 LIMIT 1   [ RunTime:0.0010s ]
SQL: INSERT INTO `wx_jifen_set` (`type`,`integral_number`,`participate_times`,`id`) VALUES ('点击积分','10','0','0') [ RunTime:0.0590s ]

[ 2015-08-11T14:04:02+08:00 ] 127.0.0.1 /jonza/index.php/Fenxiao/Commission/set
INFO: [ app_begin ] --START--
INFO: Run Behavior\ReadHtmlCacheBehavior [ RunTime:0.002001s ]
INFO: [ app_begin ] --END-- [ RunTime:0.004001s ]
NOTIC: [8192] mysql_connect(): The mysql extension is deprecated and will be removed in the future: use mysqli or PDO instead E:\cucisvn\01-code\jonza\Library\Think\Library\Think\Session\Driver\Db.class.php 第 95 行.
NOTIC: [2048] Declaration of Fenxiao\Controller\CommissionController::index() should be compatible with Library\Controller\Controller::index($model = NULL, $map = Array, $tpl = NULL) E:\cucisvn\01-code\jonza\Module\Fenxiao\Controller\CommissionController.class.php 第 6 行.
SQL: SHOW COLUMNS FROM `wx_yongjin_set` [ RunTime:0.0070s ]
SQL: UPDATE `wx_yongjin_set` SET `xiaofei_com`='10',`sg_com`='10',`store_com`='10' WHERE `id` = 1 [ RunTime:0.0010s ]

[ 2015-08-11T14:19:35+08:00 ] 127.0.0.1 /jonza/index.php/Fenxiao/Commission/set
INFO: [ app_begin ] --START--
INFO: Run Behavior\ReadHtmlCacheBehavior [ RunTime:0.002000s ]
INFO: [ app_begin ] --END-- [ RunTime:0.003000s ]
NOTIC: [8192] mysql_connect(): The mysql extension is deprecated and will be removed in the future: use mysqli or PDO instead E:\cucisvn\01-code\jonza\Library\Think\Library\Think\Session\Driver\Db.class.php 第 95 行.
NOTIC: [2048] Declaration of Fenxiao\Controller\CommissionController::index() should be compatible with Library\Controller\Controller::index($model = NULL, $map = Array, $tpl = NULL) E:\cucisvn\01-code\jonza\Module\Fenxiao\Controller\CommissionController.class.php 第 6 行.
SQL: SHOW COLUMNS FROM `wx_yongjin_set` [ RunTime:0.0080s ]
SQL: UPDATE `wx_yongjin_set` SET `xiaofei_com`='10',`sg_com`='10',`store_com`='10' WHERE `id` = 1 [ RunTime:0.0010s ]

[ 2015-08-11T14:20:26+08:00 ] 127.0.0.1 /jonza/index.php/Fenxiao/Commission/set
INFO: [ app_begin ] --START--
INFO: Run Behavior\ReadHtmlCacheBehavior [ RunTime:0.001000s ]
INFO: [ app_begin ] --END-- [ RunTime:0.002000s ]
NOTIC: [8192] mysql_connect(): The mysql extension is deprecated and will be removed in the future: use mysqli or PDO instead E:\cucisvn\01-code\jonza\Library\Think\Library\Think\Session\Driver\Db.class.php 第 95 行.
NOTIC: [2048] Declaration of Fenxiao\Controller\CommissionController::index() should be compatible with Library\Controller\Controller::index($model = NULL, $map = Array, $tpl = NULL) E:\cucisvn\01-code\jonza\Module\Fenxiao\Controller\CommissionController.class.php 第 6 行.
INFO: [ app_end ] --START--
INFO: Run Behavior\ShowPageTraceBehavior [ RunTime:0.001000s ]
INFO: [ app_end ] --END-- [ RunTime:0.002000s ]

[ 2015-08-11T14:23:09+08:00 ] 127.0.0.1 /jonza/index.php/Fenxiao/Commission/set
INFO: [ app_begin ] --START--
INFO: Run Behavior\ReadHtmlCacheBehavior [ RunTime:0.002000s ]
INFO: [ app_begin ] --END-- [ RunTime:0.003001s ]
NOTIC: [8192] mysql_connect(): The mysql extension is deprecated and will be removed in the future: use mysqli or PDO instead E:\cucisvn\01-code\jonza\Library\Think\Library\Think\Session\Driver\Db.class.php 第 95 行.
NOTIC: [2048] Declaration of Fenxiao\Controller\CommissionController::index() should be compatible with Library\Controller\Controller::index($model = NULL, $map = Array, $tpl = NULL) E:\cucisvn\01-code\jonza\Module\Fenxiao\Controller\CommissionController.class.php 第 6 行.
SQL: SHOW COLUMNS FROM `wx_yongjin_set` [ RunTime:0.0080s ]
SQL: UPDATE `wx_yongjin_set` SET `xiaofei_com`='13',`sg_com`='12',`store_com`='11',`create_date`='2015-08-11 14:23:09' WHERE `id` = 1 [ RunTime:0.0540s ]

[ 2015-08-11T15:28:11+08:00 ] 127.0.0.1 /jonza/index.php/Fenxiao/Jifen/edit/id/2.shtml
INFO: [ app_begin ] --START--
INFO: Run Behavior\ReadHtmlCacheBehavior [ RunTime:0.001000s ]
INFO: [ app_begin ] --END-- [ RunTime:0.002000s ]
NOTIC: [8192] mysql_connect(): The mysql extension is deprecated and will be removed in the future: use mysqli or PDO instead E:\cucisvn\01-code\jonza\Library\Think\Library\Think\Session\Driver\Db.class.php 第 95 行.
NOTIC: [2048] Declaration of Fenxiao\Controller\JifenController::index() should be compatible with Library\Controller\Controller::index($model = NULL, $map = Array, $tpl = NULL) E:\cucisvn\01-code\jonza\Module\Fenxiao\Controller\JifenController.class.php 第 6 行.
SQL: SHOW COLUMNS FROM `wx_jifen_set` [ RunTime:0.0070s ]
SQL: SELECT * FROM `wx_jifen_set` WHERE `id` = 2 LIMIT 1   [ RunTime:0.0010s ]
INFO: [ view_parse ] --START--
INFO: [ template_filter ] --START--
INFO: Run Behavior\ContentReplaceBehavior [ RunTime:0.000000s ]
INFO: [ template_filter ] --END-- [ RunTime:0.001000s ]
INFO: Run Behavior\ParseTemplateBehavior [ RunTime:0.079004s ]
INFO: [ view_parse ] --END-- [ RunTime:0.079004s ]
INFO: [ view_filter ] --START--
INFO: Run Behavior\WriteHtmlCacheBehavior [ RunTime:0.001000s ]
INFO: Run Library\Behavior\EmptyImageBehavior [ RunTime:0.002000s ]
INFO: [ view_filter ] --END-- [ RunTime:0.004000s ]
INFO: [ app_end ] --START--
INFO: Run Behavior\ShowPageTraceBehavior [ RunTime:0.001000s ]
INFO: [ app_end ] --END-- [ RunTime:0.001000s ]

