[ 2015-08-10T16:10:54+08:00 ] 127.0.0.1 /jonza/index.php/Fenxiao/Share/index.shtml
ERR: 无法加载控制器:Share

[ 2015-08-10T16:24:43+08:00 ] 127.0.0.1 /jonza/index.php/Fenxiao/Jifen/add.shtml
INFO: [ app_begin ] --START--
INFO: Run Behavior\ReadHtmlCacheBehavior [ RunTime:0.002000s ]
INFO: [ app_begin ] --END-- [ RunTime:0.003000s ]
NOTIC: [8192] mysql_connect(): The mysql extension is deprecated and will be removed in the future: use mysqli or PDO instead E:\cucisvn\01-code\jonza\Library\Think\Library\Think\Session\Driver\Db.class.php 第 95 行.
NOTIC: [2048] Declaration of Fenxiao\Controller\JifenController::index() should be compatible with Library\Controller\Controller::index($model = NULL, $map = Array, $tpl = NULL) E:\cucisvn\01-code\jonza\Module\Fenxiao\Controller\JifenController.class.php 第 7 行.
SQL: SHOW COLUMNS FROM `wx_jifen_set` [ RunTime:0.0070s ]
INFO: [ view_parse ] --START--
INFO: [ template_filter ] --START--
INFO: Run Behavior\ContentReplaceBehavior [ RunTime:0.000000s ]
INFO: [ template_filter ] --END-- [ RunTime:0.001000s ]
NOTIC: [8] Undefined index: name E:\cucisvn\01-code\jonza\Static\Runtime\Cache\Fenxiao\8538e20e10add2e8a05554c0fcef587a.php 第 17 行.
NOTIC: [8] Undefined index: status E:\cucisvn\01-code\jonza\Static\Runtime\Cache\Fenxiao\8538e20e10add2e8a05554c0fcef587a.php 第 40 行.
NOTIC: [8] Undefined index: status E:\cucisvn\01-code\jonza\Static\Runtime\Cache\Fenxiao\8538e20e10add2e8a05554c0fcef587a.php 第 41 行.
INFO: Run Behavior\ParseTemplateBehavior [ RunTime:0.081005s ]
INFO: [ view_parse ] --END-- [ RunTime:0.081005s ]
INFO: [ view_filter ] --START--
INFO: Run Behavior\WriteHtmlCacheBehavior [ RunTime:0.002000s ]
INFO: Run Library\Behavior\EmptyImageBehavior [ RunTime:0.002000s ]
INFO: [ view_filter ] --END-- [ RunTime:0.004000s ]
INFO: [ app_end ] --START--
INFO: Run Behavior\ShowPageTraceBehavior [ RunTime:0.002000s ]
INFO: [ app_end ] --END-- [ RunTime:0.003000s ]

[ 2015-08-10T16:25:02+08:00 ] 127.0.0.1 /jonza/index.php/Fenxiao/Jifen/add.shtml
INFO: [ app_begin ] --START--
INFO: Run Behavior\ReadHtmlCacheBehavior [ RunTime:0.002001s ]
INFO: [ app_begin ] --END-- [ RunTime:0.003001s ]
NOTIC: [8192] mysql_connect(): The mysql extension is deprecated and will be removed in the future: use mysqli or PDO instead E:\cucisvn\01-code\jonza\Library\Think\Library\Think\Session\Driver\Db.class.php 第 95 行.
NOTIC: [2048] Declaration of Fenxiao\Controller\JifenController::index() should be compatible with Library\Controller\Controller::index($model = NULL, $map = Array, $tpl = NULL) E:\cucisvn\01-code\jonza\Module\Fenxiao\Controller\JifenController.class.php 第 7 行.
SQL: SHOW COLUMNS FROM `wx_jifen_set` [ RunTime:0.0090s ]
INFO: [ view_parse ] --START--
INFO: [ template_filter ] --START--
INFO: Run Behavior\ContentReplaceBehavior [ RunTime:0.000000s ]
INFO: [ template_filter ] --END-- [ RunTime:0.001000s ]
NOTIC: [8] Undefined index: name E:\cucisvn\01-code\jonza\Static\Runtime\Cache\Fenxiao\8538e20e10add2e8a05554c0fcef587a.php 第 17 行.
INFO: Run Behavior\ParseTemplateBehavior [ RunTime:0.032002s ]
INFO: [ view_parse ] --END-- [ RunTime:0.032002s ]
INFO: [ view_filter ] --START--
INFO: Run Behavior\WriteHtmlCacheBehavior [ RunTime:0.001000s ]
INFO: Run Library\Behavior\EmptyImageBehavior [ RunTime:0.003000s ]
INFO: [ view_filter ] --END-- [ RunTime:0.005000s ]
INFO: [ app_end ] --START--
INFO: Run Behavior\ShowPageTraceBehavior [ RunTime:0.002000s ]
INFO: [ app_end ] --END-- [ RunTime:0.002000s ]

[ 2015-08-10T16:27:45+08:00 ] 127.0.0.1 /jonza/index.php/Fenxiao/Jifen/add.shtml
INFO: [ app_begin ] --START--
INFO: Run Behavior\ReadHtmlCacheBehavior [ RunTime:0.002000s ]
INFO: [ app_begin ] --END-- [ RunTime:0.003000s ]
NOTIC: [8192] mysql_connect(): The mysql extension is deprecated and will be removed in the future: use mysqli or PDO instead E:\cucisvn\01-code\jonza\Library\Think\Library\Think\Session\Driver\Db.class.php 第 95 行.
NOTIC: [2048] Declaration of Fenxiao\Controller\JifenController::index() should be compatible with Library\Controller\Controller::index($model = NULL, $map = Array, $tpl = NULL) E:\cucisvn\01-code\jonza\Module\Fenxiao\Controller\JifenController.class.php 第 7 行.
SQL: SHOW COLUMNS FROM `wx_jifen_set` [ RunTime:0.0100s ]
INFO: [ view_parse ] --START--
INFO: [ template_filter ] --START--
INFO: Run Behavior\ContentReplaceBehavior [ RunTime:0.000000s ]
INFO: [ template_filter ] --END-- [ RunTime:0.001000s ]
NOTIC: [8] Undefined index: name E:\cucisvn\01-code\jonza\Static\Runtime\Cache\Fenxiao\8538e20e10add2e8a05554c0fcef587a.php 第 17 行.
INFO: Run Behavior\ParseTemplateBehavior [ RunTime:0.025001s ]
INFO: [ view_parse ] --END-- [ RunTime:0.025001s ]
INFO: [ view_filter ] --START--
INFO: Run Behavior\WriteHtmlCacheBehavior [ RunTime:0.001000s ]
INFO: Run Library\Behavior\EmptyImageBehavior [ RunTime:0.003000s ]
INFO: [ view_filter ] --END-- [ RunTime:0.005000s ]
INFO: [ app_end ] --START--
INFO: Run Behavior\ShowPageTraceBehavior [ RunTime:0.002000s ]
INFO: [ app_end ] --END-- [ RunTime:0.002000s ]

[ 2015-08-10T16:30:20+08:00 ] 127.0.0.1 /jonza/index.php/Fenxiao/Jifen/add.shtml
INFO: [ app_begin ] --START--
INFO: Run Behavior\ReadHtmlCacheBehavior [ RunTime:0.003000s ]
INFO: [ app_begin ] --END-- [ RunTime:0.004000s ]
NOTIC: [8192] mysql_connect(): The mysql extension is deprecated and will be removed in the future: use mysqli or PDO instead E:\cucisvn\01-code\jonza\Library\Think\Library\Think\Session\Driver\Db.class.php 第 95 行.
NOTIC: [2048] Declaration of Fenxiao\Controller\JifenController::index() should be compatible with Library\Controller\Controller::index($model = NULL, $map = Array, $tpl = NULL) E:\cucisvn\01-code\jonza\Module\Fenxiao\Controller\JifenController.class.php 第 7 行.
SQL: SHOW COLUMNS FROM `wx_jifen_set` [ RunTime:0.0110s ]
INFO: [ view_parse ] --START--
INFO: [ template_filter ] --START--
INFO: Run Behavior\ContentReplaceBehavior [ RunTime:0.001000s ]
INFO: [ template_filter ] --END-- [ RunTime:0.002000s ]
NOTIC: [8] Undefined index: type E:\cucisvn\01-code\jonza\Static\Runtime\Cache\Fenxiao\8538e20e10add2e8a05554c0fcef587a.php 第 17 行.
NOTIC: [8] Undefined index: integral_number E:\cucisvn\01-code\jonza\Static\Runtime\Cache\Fenxiao\8538e20e10add2e8a05554c0fcef587a.php 第 24 行.
NOTIC: [8] Undefined index: participate_times E:\cucisvn\01-code\jonza\Static\Runtime\Cache\Fenxiao\8538e20e10add2e8a05554c0fcef587a.php 第 31 行.
INFO: Run Behavior\ParseTemplateBehavior [ RunTime:0.029002s ]
INFO: [ view_parse ] --END-- [ RunTime:0.030002s ]
INFO: [ view_filter ] --START--
INFO: Run Behavior\WriteHtmlCacheBehavior [ RunTime:0.001000s ]
INFO: Run Library\Behavior\EmptyImageBehavior [ RunTime:0.002000s ]
INFO: [ view_filter ] --END-- [ RunTime:0.004000s ]
INFO: [ app_end ] --START--
INFO: Run Behavior\ShowPageTraceBehavior [ RunTime:0.002000s ]
INFO: [ app_end ] --END-- [ RunTime:0.002000s ]

[ 2015-08-10T16:33:37+08:00 ] 127.0.0.1 /jonza/index.php/Fenxiao/Jifen/add.shtml
INFO: [ app_begin ] --START--
INFO: Run Behavior\ReadHtmlCacheBehavior [ RunTime:0.002000s ]
INFO: [ app_begin ] --END-- [ RunTime:0.003000s ]
NOTIC: [8192] mysql_connect(): The mysql extension is deprecated and will be removed in the future: use mysqli or PDO instead E:\cucisvn\01-code\jonza\Library\Think\Library\Think\Session\Driver\Db.class.php 第 95 行.
NOTIC: [2048] Declaration of Fenxiao\Controller\JifenController::index() should be compatible with Library\Controller\Controller::index($model = NULL, $map = Array, $tpl = NULL) E:\cucisvn\01-code\jonza\Module\Fenxiao\Controller\JifenController.class.php 第 7 行.
SQL: SHOW COLUMNS FROM `wx_jifen_set` [ RunTime:0.0070s ]
INFO: [ view_parse ] --START--
INFO: [ template_filter ] --START--
INFO: Run Behavior\ContentReplaceBehavior [ RunTime:0.000000s ]
INFO: [ template_filter ] --END-- [ RunTime:0.001000s ]
NOTIC: [8] Undefined index: type E:\cucisvn\01-code\jonza\Static\Runtime\Cache\Fenxiao\8538e20e10add2e8a05554c0fcef587a.php 第 17 行.
NOTIC: [8] Undefined index: integral_number E:\cucisvn\01-code\jonza\Static\Runtime\Cache\Fenxiao\8538e20e10add2e8a05554c0fcef587a.php 第 24 行.
NOTIC: [8] Undefined index: participate_times E:\cucisvn\01-code\jonza\Static\Runtime\Cache\Fenxiao\8538e20e10add2e8a05554c0fcef587a.php 第 31 行.
INFO: Run Behavior\ParseTemplateBehavior [ RunTime:0.028001s ]
INFO: [ view_parse ] --END-- [ RunTime:0.028001s ]
INFO: [ view_filter ] --START--
INFO: Run Behavior\WriteHtmlCacheBehavior [ RunTime:0.001001s ]
INFO: Run Library\Behavior\EmptyImageBehavior [ RunTime:0.003000s ]
INFO: [ view_filter ] --END-- [ RunTime:0.006001s ]
INFO: [ app_end ] --START--
INFO: Run Behavior\ShowPageTraceBehavior [ RunTime:0.003000s ]
INFO: [ app_end ] --END-- [ RunTime:0.004000s ]

[ 2015-08-10T16:34:55+08:00 ] 127.0.0.1 /jonza/index.php/Fenxiao/Jifen/add.shtml
INFO: [ app_begin ] --START--
INFO: Run Behavior\ReadHtmlCacheBehavior [ RunTime:0.002000s ]
INFO: [ app_begin ] --END-- [ RunTime:0.003000s ]
NOTIC: [8192] mysql_connect(): The mysql extension is deprecated and will be removed in the future: use mysqli or PDO instead E:\cucisvn\01-code\jonza\Library\Think\Library\Think\Session\Driver\Db.class.php 第 95 行.
NOTIC: [2048] Declaration of Fenxiao\Controller\JifenController::index() should be compatible with Library\Controller\Controller::index($model = NULL, $map = Array, $tpl = NULL) E:\cucisvn\01-code\jonza\Module\Fenxiao\Controller\JifenController.class.php 第 7 行.
SQL: SHOW COLUMNS FROM `wx_jifen_set` [ RunTime:0.1090s ]
SQL: SELECT COUNT(*) AS tp_count FROM `wx_jifen_set` WHERE `id` = 0 LIMIT 1   [ RunTime:0.1110s ]
SQL: INSERT INTO `wx_jifen_set` (`type`,`integral_number`,`participate_times`,`id`) VALUES ('分享积分','5','1','0') [ RunTime:1.5611s ]

[ 2015-08-10T16:39:30+08:00 ] 127.0.0.1 /jonza/index.php/Fenxiao/Jifen/edit/id/1.shtml
INFO: [ app_begin ] --START--
INFO: Run Behavior\ReadHtmlCacheBehavior [ RunTime:0.002000s ]
INFO: [ app_begin ] --END-- [ RunTime:0.003000s ]
NOTIC: [8192] mysql_connect(): The mysql extension is deprecated and will be removed in the future: use mysqli or PDO instead E:\cucisvn\01-code\jonza\Library\Think\Library\Think\Session\Driver\Db.class.php 第 95 行.
NOTIC: [2048] Declaration of Fenxiao\Controller\JifenController::index() should be compatible with Library\Controller\Controller::index($model = NULL, $map = Array, $tpl = NULL) E:\cucisvn\01-code\jonza\Module\Fenxiao\Controller\JifenController.class.php 第 7 行.
SQL: SHOW COLUMNS FROM `wx_jifen_set` [ RunTime:0.0080s ]
SQL: SELECT * FROM `wx_jifen_set` WHERE `id` = 1 LIMIT 1   [ RunTime:0.0010s ]
INFO: [ view_parse ] --START--
INFO: [ template_filter ] --START--
INFO: Run Behavior\ContentReplaceBehavior [ RunTime:0.000000s ]
INFO: [ template_filter ] --END-- [ RunTime:0.001000s ]
INFO: Run Behavior\ParseTemplateBehavior [ RunTime:0.120007s ]
INFO: [ view_parse ] --END-- [ RunTime:0.120007s ]
INFO: [ view_filter ] --START--
INFO: Run Behavior\WriteHtmlCacheBehavior [ RunTime:0.001000s ]
INFO: Run Library\Behavior\EmptyImageBehavior [ RunTime:0.002000s ]
INFO: [ view_filter ] --END-- [ RunTime:0.005000s ]
INFO: [ app_end ] --START--
INFO: Run Behavior\ShowPageTraceBehavior [ RunTime:0.002000s ]
INFO: [ app_end ] --END-- [ RunTime:0.002000s ]

[ 2015-08-10T17:31:13+08:00 ] 127.0.0.1 /jonza/index.php/Fenxiao/Jifen/edit/id/1.shtml
INFO: [ app_begin ] --START--
INFO: Run Behavior\ReadHtmlCacheBehavior [ RunTime:0.124007s ]
INFO: [ app_begin ] --END-- [ RunTime:0.177010s ]
NOTIC: [8192] mysql_connect(): The mysql extension is deprecated and will be removed in the future: use mysqli or PDO instead E:\cucisvn\01-code\jonza\Library\Think\Library\Think\Session\Driver\Db.class.php 第 95 行.
NOTIC: [2048] Declaration of Fenxiao\Controller\JifenController::index() should be compatible with Library\Controller\Controller::index($model = NULL, $map = Array, $tpl = NULL) E:\cucisvn\01-code\jonza\Module\Fenxiao\Controller\JifenController.class.php 第 7 行.
SQL: SHOW COLUMNS FROM `wx_jifen_set` [ RunTime:0.2960s ]
SQL: SELECT * FROM `wx_jifen_set` WHERE `id` = 1 LIMIT 1   [ RunTime:0.2560s ]
INFO: [ view_parse ] --START--
INFO: [ template_filter ] --START--
INFO: Run Behavior\ContentReplaceBehavior [ RunTime:0.000000s ]
INFO: [ template_filter ] --END-- [ RunTime:0.000000s ]
INFO: Run Behavior\ParseTemplateBehavior [ RunTime:0.417024s ]
INFO: [ view_parse ] --END-- [ RunTime:0.417024s ]
INFO: [ view_filter ] --START--
INFO: Run Behavior\WriteHtmlCacheBehavior [ RunTime:0.045003s ]
INFO: Run Library\Behavior\EmptyImageBehavior [ RunTime:0.100005s ]
INFO: [ view_filter ] --END-- [ RunTime:0.146008s ]
INFO: [ app_end ] --START--
INFO: Run Behavior\ShowPageTraceBehavior [ RunTime:0.077005s ]
INFO: [ app_end ] --END-- [ RunTime:0.078005s ]

[ 2015-08-10T17:31:47+08:00 ] 127.0.0.1 /jonza/index.php/Fenxiao/Jifen/edit/id/1.shtml
INFO: [ app_begin ] --START--
INFO: Run Behavior\ReadHtmlCacheBehavior [ RunTime:0.002001s ]
INFO: [ app_begin ] --END-- [ RunTime:0.003001s ]
NOTIC: [8192] mysql_connect(): The mysql extension is deprecated and will be removed in the future: use mysqli or PDO instead E:\cucisvn\01-code\jonza\Library\Think\Library\Think\Session\Driver\Db.class.php 第 95 行.
NOTIC: [2048] Declaration of Fenxiao\Controller\JifenController::index() should be compatible with Library\Controller\Controller::index($model = NULL, $map = Array, $tpl = NULL) E:\cucisvn\01-code\jonza\Module\Fenxiao\Controller\JifenController.class.php 第 7 行.
SQL: SHOW COLUMNS FROM `wx_jifen_set` [ RunTime:0.0080s ]
SQL: SELECT * FROM `wx_jifen_set` WHERE `id` = 1 LIMIT 1   [ RunTime:0.0010s ]
INFO: [ view_parse ] --START--
INFO: [ template_filter ] --START--
INFO: Run Behavior\ContentReplaceBehavior [ RunTime:0.000000s ]
INFO: [ template_filter ] --END-- [ RunTime:0.001000s ]
INFO: Run Behavior\ParseTemplateBehavior [ RunTime:0.029002s ]
INFO: [ view_parse ] --END-- [ RunTime:0.030002s ]
INFO: [ view_filter ] --START--
INFO: Run Behavior\WriteHtmlCacheBehavior [ RunTime:0.002000s ]
INFO: Run Library\Behavior\EmptyImageBehavior [ RunTime:0.002000s ]
INFO: [ view_filter ] --END-- [ RunTime:0.004000s ]
INFO: [ app_end ] --START--
INFO: Run Behavior\ShowPageTraceBehavior [ RunTime:0.002000s ]
INFO: [ app_end ] --END-- [ RunTime:0.002000s ]

[ 2015-08-10T17:31:52+08:00 ] 127.0.0.1 /jonza/index.php/Fenxiao/Jifen/edit/id/1.shtml
INFO: [ app_begin ] --START--
INFO: Run Behavior\ReadHtmlCacheBehavior [ RunTime:0.004000s ]
INFO: [ app_begin ] --END-- [ RunTime:0.006000s ]
NOTIC: [8192] mysql_connect(): The mysql extension is deprecated and will be removed in the future: use mysqli or PDO instead E:\cucisvn\01-code\jonza\Library\Think\Library\Think\Session\Driver\Db.class.php 第 95 行.
NOTIC: [2048] Declaration of Fenxiao\Controller\JifenController::index() should be compatible with Library\Controller\Controller::index($model = NULL, $map = Array, $tpl = NULL) E:\cucisvn\01-code\jonza\Module\Fenxiao\Controller\JifenController.class.php 第 7 行.
SQL: SHOW COLUMNS FROM `wx_jifen_set` [ RunTime:0.0080s ]
SQL: SELECT COUNT(*) AS tp_count FROM `wx_jifen_set` WHERE `id` = 1 LIMIT 1   [ RunTime:0.0010s ]
SQL: UPDATE `wx_jifen_set` SET `type`='分享积分',`integral_number`='5',`participate_times`='2',`id`='1' WHERE `id` = 1 [ RunTime:0.4170s ]

