[ 2015-05-15T11:29:12+08:00 ] 127.0.0.1 /jonza/index.php/Admin/Public/login.shtml
SQL: SELECT `data`,`datacrc` FROM `think_cache` WHERE `cachekey`='sysconfig' AND (`expire` =0 OR `expire`>1431660551) LIMIT 0,1 [ RunTime:0.0480s ]
SQL: SHOW COLUMNS FROM `wx_sys_config` [ RunTime:0.0510s ]
SQL: SELECT * FROM `wx_sys_config`  [ RunTime:0.0490s ]
SQL: select `cachekey` from `think_cache` where `cachekey`='sysconfig' limit 0,1 [ RunTime:0.0460s ]
SQL: UPDATE think_cache SET data='a:25:{s:9:"site_name";s:24:"精典妆家微信管理";s:11:"site_domain";s:22:"yuanpeishop.wx.cuci.cc";s:13:"site_keywords";s:0:"";s:9:"site_desc";s:0:"";s:12:"site_contact";s:0:"";s:9:"site_mail";s:0:"";s:7:"site_qq";s:0:"";s:12:"site_company";s:36:"广州楚才信息科技有限公司";s:8:"app_name";s:24:"精典妆家微信管理";s:11:"app_version";s:8:"1.0 beta";s:8:"app_logo";s:25:"glyphicon glyphicon-apple";s:12:"qiniu_bucket";s:7:"ueditor";s:15:"qiniu_accesskey";s:40:"kptWm2wG3vcc5vdG-_H5PTeafNojw8uPV86FHuH5";s:15:"qiniu_secretkey";s:40:"LmCAwO_xBzfz0rlEujPZn3eI8v3f9_UNFeroj3wG";s:12:"qiniu_domain";s:19:"ueditor.cdn.cuci.cc";s:9:"mail_smtp";s:11:"smtp.qq.com";s:13:"mail_username";s:10:"pm@cuci.cc";s:9:"mail_port";s:3:"465";s:13:"mail_password";s:9:"Test12345";s:14:"mail_smtp_auth";s:1:"1";s:9:"mail_from";s:10:"pm@cuci.cc";s:14:"mail_from_name";s:21:"楚才API管理中心";s:11:"mail_secure";s:3:"ssl";s:10:"mail_reply";s:16:"zoujingli@qq.com";s:20:"app_baidu_tongji_key";s:32:"df31b90409cbd7237728ca1a770d72e6";}' ,datacrc='',expire=0 WHERE `cachekey`='sysconfig' [ RunTime:0.0930s ]
INFO: [ view_parse ] --START--
SQL: SELECT `data`,`datacrc` FROM `think_cache` WHERE `cachekey`='sysconfig' AND (`expire` =0 OR `expire`>1431660552) LIMIT 0,1 [ RunTime:0.1770s ]
SQL: SELECT * FROM `wx_sys_config`  [ RunTime:0.0510s ]
SQL: select `cachekey` from `think_cache` where `cachekey`='sysconfig' limit 0,1 [ RunTime:0.0470s ]
SQL: UPDATE think_cache SET data='a:25:{s:9:"site_name";s:24:"精典妆家微信管理";s:11:"site_domain";s:22:"yuanpeishop.wx.cuci.cc";s:13:"site_keywords";s:0:"";s:9:"site_desc";s:0:"";s:12:"site_contact";s:0:"";s:9:"site_mail";s:0:"";s:7:"site_qq";s:0:"";s:12:"site_company";s:36:"广州楚才信息科技有限公司";s:8:"app_name";s:24:"精典妆家微信管理";s:11:"app_version";s:8:"1.0 beta";s:8:"app_logo";s:25:"glyphicon glyphicon-apple";s:12:"qiniu_bucket";s:7:"ueditor";s:15:"qiniu_accesskey";s:40:"kptWm2wG3vcc5vdG-_H5PTeafNojw8uPV86FHuH5";s:15:"qiniu_secretkey";s:40:"LmCAwO_xBzfz0rlEujPZn3eI8v3f9_UNFeroj3wG";s:12:"qiniu_domain";s:19:"ueditor.cdn.cuci.cc";s:9:"mail_smtp";s:11:"smtp.qq.com";s:13:"mail_username";s:10:"pm@cuci.cc";s:9:"mail_port";s:3:"465";s:13:"mail_password";s:9:"Test12345";s:14:"mail_smtp_auth";s:1:"1";s:9:"mail_from";s:10:"pm@cuci.cc";s:14:"mail_from_name";s:21:"楚才API管理中心";s:11:"mail_secure";s:3:"ssl";s:10:"mail_reply";s:16:"zoujingli@qq.com";s:20:"app_baidu_tongji_key";s:32:"df31b90409cbd7237728ca1a770d72e6";}' ,datacrc='',expire=0 WHERE `cachekey`='sysconfig' [ RunTime:0.0670s ]
INFO: [ template_filter ] --START--
INFO: Run Behavior\ContentReplaceBehavior [ RunTime:0.001000s ]
INFO: [ template_filter ] --END-- [ RunTime:0.001000s ]
INFO: Run Behavior\ParseTemplateBehavior [ RunTime:0.516029s ]
INFO: [ view_parse ] --END-- [ RunTime:0.517029s ]
INFO: [ view_filter ] --START--
INFO: Run Behavior\WriteHtmlCacheBehavior [ RunTime:0.002000s ]
INFO: Run Library\Behavior\EmptyImageBehavior [ RunTime:0.002000s ]
INFO: [ view_filter ] --END-- [ RunTime:0.004000s ]
INFO: [ app_end ] --START--
INFO: Run Behavior\ShowPageTraceBehavior [ RunTime:0.002001s ]
INFO: [ app_end ] --END-- [ RunTime:0.002001s ]

[ 2015-05-15T11:29:18+08:00 ] 127.0.0.1 /jonza/index.php/Admin/Public/login.shtml
INFO: [ app_begin ] --START--
INFO: Run Behavior\ReadHtmlCacheBehavior [ RunTime:0.001000s ]
INFO: [ app_begin ] --END-- [ RunTime:0.002001s ]
NOTIC: [8192] mysql_connect(): The mysql extension is deprecated and will be removed in the future: use mysqli or PDO instead E:\cucisvn\01-code\jonza\Library\Think\Library\Think\Session\Driver\Db.class.php 第 95 行.
NOTIC: [2048] Declaration of Admin\Controller\PublicController::error() should be compatible with Think\Controller::error($message = '', $jumpUrl = '', $ajax = false) E:\cucisvn\01-code\jonza\Module\Admin\Controller\PublicController.class.php 第 71 行.
SQL: SHOW COLUMNS FROM `wx_sys_user` [ RunTime:0.0560s ]
SQL: SELECT * FROM `wx_sys_user` WHERE `username` = 'admin' AND `password` = '21232f297a57a5a743894a0e4a801fc3' LIMIT 1   [ RunTime:0.0580s ]
SQL: SHOW COLUMNS FROM `wx_sys_role` [ RunTime:0.0470s ]
SQL: SELECT * FROM `wx_sys_role` WHERE `id` = 0 LIMIT 1   [ RunTime:0.0450s ]
SQL: UPDATE `wx_sys_user` SET `username`='admin',`password`='21232f297a57a5a743894a0e4a801fc3',`role`='0',`status`='2',`qq`=NULL,`mail`=NULL,`phone`=NULL,`pid`=NULL,`wechat`=NULL,`remark`='',`login_num`='239',`login_date`='2015-05-15 11:29:18',`login_ip`='127.0.0.1',`create_by`=NULL,`create_date`='2015-04-13 01:59:43',`update_by`='1',`update_date`='2015-04-20 10:03:52' WHERE `id` = 1 [ RunTime:0.0550s ]

[ 2015-05-15T14:07:52+08:00 ] 127.0.0.1 /jonza/index.php/Admin/Public/login.shtml
SQL: SELECT `data`,`datacrc` FROM `think_cache` WHERE `cachekey`='sysconfig' AND (`expire` =0 OR `expire`>1431670070) LIMIT 0,1 [ RunTime:0.7680s ]
SQL: SHOW COLUMNS FROM `wx_sys_config` [ RunTime:0.1780s ]
SQL: SELECT * FROM `wx_sys_config`  [ RunTime:0.0560s ]
SQL: select `cachekey` from `think_cache` where `cachekey`='sysconfig' limit 0,1 [ RunTime:0.0010s ]
SQL: UPDATE think_cache SET data='a:25:{s:9:"site_name";s:18:"精典妆家管理";s:11:"site_domain";s:22:"yuanpeishop.wx.cuci.cc";s:13:"site_keywords";s:0:"";s:9:"site_desc";s:0:"";s:12:"site_contact";s:0:"";s:9:"site_mail";s:0:"";s:7:"site_qq";s:0:"";s:12:"site_company";s:0:"";s:8:"app_name";s:18:"精典妆家管理";s:11:"app_version";s:8:"1.0 beta";s:8:"app_logo";s:25:"glyphicon glyphicon-apple";s:12:"qiniu_bucket";s:7:"ueditor";s:15:"qiniu_accesskey";s:40:"kptWm2wG3vcc5vdG-_H5PTeafNojw8uPV86FHuH5";s:15:"qiniu_secretkey";s:40:"LmCAwO_xBzfz0rlEujPZn3eI8v3f9_UNFeroj3wG";s:12:"qiniu_domain";s:19:"ueditor.cdn.cuci.cc";s:9:"mail_smtp";s:11:"smtp.qq.com";s:13:"mail_username";s:10:"pm@cuci.cc";s:9:"mail_port";s:3:"465";s:13:"mail_password";s:9:"Test12345";s:14:"mail_smtp_auth";s:1:"1";s:9:"mail_from";s:10:"pm@cuci.cc";s:14:"mail_from_name";s:21:"楚才API管理中心";s:11:"mail_secure";s:3:"ssl";s:10:"mail_reply";s:16:"zoujingli@qq.com";s:20:"app_baidu_tongji_key";s:32:"df31b90409cbd7237728ca1a770d72e6";}' ,datacrc='',expire=0 WHERE `cachekey`='sysconfig' [ RunTime:0.0370s ]
INFO: [ view_parse ] --START--
SQL: SELECT `data`,`datacrc` FROM `think_cache` WHERE `cachekey`='sysconfig' AND (`expire` =0 OR `expire`>1431670072) LIMIT 0,1 [ RunTime:0.0010s ]
SQL: SELECT * FROM `wx_sys_config`  [ RunTime:0.0010s ]
SQL: select `cachekey` from `think_cache` where `cachekey`='sysconfig' limit 0,1 [ RunTime:0.0000s ]
SQL: UPDATE think_cache SET data='a:25:{s:9:"site_name";s:18:"精典妆家管理";s:11:"site_domain";s:22:"yuanpeishop.wx.cuci.cc";s:13:"site_keywords";s:0:"";s:9:"site_desc";s:0:"";s:12:"site_contact";s:0:"";s:9:"site_mail";s:0:"";s:7:"site_qq";s:0:"";s:12:"site_company";s:0:"";s:8:"app_name";s:18:"精典妆家管理";s:11:"app_version";s:8:"1.0 beta";s:8:"app_logo";s:25:"glyphicon glyphicon-apple";s:12:"qiniu_bucket";s:7:"ueditor";s:15:"qiniu_accesskey";s:40:"kptWm2wG3vcc5vdG-_H5PTeafNojw8uPV86FHuH5";s:15:"qiniu_secretkey";s:40:"LmCAwO_xBzfz0rlEujPZn3eI8v3f9_UNFeroj3wG";s:12:"qiniu_domain";s:19:"ueditor.cdn.cuci.cc";s:9:"mail_smtp";s:11:"smtp.qq.com";s:13:"mail_username";s:10:"pm@cuci.cc";s:9:"mail_port";s:3:"465";s:13:"mail_password";s:9:"Test12345";s:14:"mail_smtp_auth";s:1:"1";s:9:"mail_from";s:10:"pm@cuci.cc";s:14:"mail_from_name";s:21:"楚才API管理中心";s:11:"mail_secure";s:3:"ssl";s:10:"mail_reply";s:16:"zoujingli@qq.com";s:20:"app_baidu_tongji_key";s:32:"df31b90409cbd7237728ca1a770d72e6";}' ,datacrc='',expire=0 WHERE `cachekey`='sysconfig' [ RunTime:0.0450s ]
INFO: [ template_filter ] --START--
INFO: Run Behavior\ContentReplaceBehavior [ RunTime:0.001001s ]
INFO: [ template_filter ] --END-- [ RunTime:0.001001s ]
INFO: Run Behavior\ParseTemplateBehavior [ RunTime:0.411023s ]
INFO: [ view_parse ] --END-- [ RunTime:0.411023s ]
INFO: [ view_filter ] --START--
INFO: Run Behavior\WriteHtmlCacheBehavior [ RunTime:0.033001s ]
INFO: Run Library\Behavior\EmptyImageBehavior [ RunTime:0.066004s ]
INFO: [ view_filter ] --END-- [ RunTime:0.099005s ]
INFO: [ app_end ] --START--
INFO: Run Behavior\ShowPageTraceBehavior [ RunTime:0.011001s ]
INFO: [ app_end ] --END-- [ RunTime:0.011001s ]

[ 2015-05-15T14:08:02+08:00 ] 127.0.0.1 /jonza/index.php/Admin/Public/login.shtml
INFO: [ app_begin ] --START--
INFO: Run Behavior\ReadHtmlCacheBehavior [ RunTime:0.002000s ]
INFO: [ app_begin ] --END-- [ RunTime:0.003000s ]
NOTIC: [8192] mysql_connect(): The mysql extension is deprecated and will be removed in the future: use mysqli or PDO instead E:\cucisvn\01-code\jonza\Library\Think\Library\Think\Session\Driver\Db.class.php 第 95 行.
NOTIC: [2048] Declaration of Admin\Controller\PublicController::error() should be compatible with Think\Controller::error($message = '', $jumpUrl = '', $ajax = false) E:\cucisvn\01-code\jonza\Module\Admin\Controller\PublicController.class.php 第 71 行.
SQL: SHOW COLUMNS FROM `wx_sys_user` [ RunTime:0.0080s ]
SQL: SELECT * FROM `wx_sys_user` WHERE `username` = 'admin' AND `password` = '21232f297a57a5a743894a0e4a801fc3' LIMIT 1   [ RunTime:0.0750s ]
SQL: SHOW COLUMNS FROM `wx_sys_role` [ RunTime:0.0520s ]
SQL: SELECT * FROM `wx_sys_role` WHERE `id` = 0 LIMIT 1   [ RunTime:0.0010s ]
SQL: UPDATE `wx_sys_user` SET `username`='admin',`password`='21232f297a57a5a743894a0e4a801fc3',`role`='0',`status`='2',`qq`=NULL,`mail`=NULL,`phone`=NULL,`pid`=NULL,`wechat`=NULL,`remark`='',`login_num`='170',`login_date`='2015-05-15 14:08:02',`login_ip`='127.0.0.1',`create_by`=NULL,`create_date`='2015-04-13 01:59:43',`update_by`='1',`update_date`='2015-04-20 10:03:52' WHERE `id` = 1 [ RunTime:0.0300s ]

