[ 2015-05-26T09:19:19+08:00 ] 127.0.0.1 /jonza/index.php/Admin/Public/login.shtml
SQL: SELECT `data`,`datacrc` FROM `think_cache` WHERE `cachekey`='sysconfig' AND (`expire` =0 OR `expire`>1432603158) LIMIT 0,1 [ RunTime:0.0000s ]
SQL: SHOW COLUMNS FROM `wx_sys_config` [ RunTime:0.1110s ]
SQL: SELECT * FROM `wx_sys_config`  [ RunTime:0.0130s ]
SQL: select `cachekey` from `think_cache` where `cachekey`='sysconfig' limit 0,1 [ RunTime:0.0010s ]
SQL: UPDATE think_cache SET data='a:25:{s:9:"site_name";s:24:"精典妆家微信管理";s:11:"site_domain";s:22:"yuanpeishop.wx.cuci.cc";s:13:"site_keywords";s:0:"";s:9:"site_desc";s:0:"";s:12:"site_contact";s:0:"";s:9:"site_mail";s:0:"";s:7:"site_qq";s:0:"";s:12:"site_company";s:39:"广州市鑫浪信息科技有限公司";s:8:"app_name";s:24:"精典妆家微信管理";s:11:"app_version";s:8:"1.0 beta";s:8:"app_logo";s:25:"glyphicon glyphicon-apple";s:12:"qiniu_bucket";s:7:"jonzawx";s:15:"qiniu_accesskey";s:40:"fWcSm1smy1_IlRMXfroFo_6Gdee3eNC0f9IGdsjY";s:15:"qiniu_secretkey";s:40:"0mHG6krKEjxzrovZkvJJc3W0Be4nzNZxveIZFJuO";s:12:"qiniu_domain";s:30:"7xj4ba.com1.z0.glb.clouddn.com";s:9:"mail_smtp";s:11:"smtp.qq.com";s:13:"mail_username";s:10:"pm@cuci.cc";s:9:"mail_port";s:3:"465";s:13:"mail_password";s:9:"Test12345";s:14:"mail_smtp_auth";s:1:"1";s:9:"mail_from";s:10:"pm@cuci.cc";s:14:"mail_from_name";s:21:"楚才API管理中心";s:11:"mail_secure";s:3:"ssl";s:10:"mail_reply";s:16:"zoujingli@qq.com";s:20:"app_baidu_tongji_key";s:32:"df31b90409cbd7237728ca1a770d72e6";}' ,datacrc='',expire=0 WHERE `cachekey`='sysconfig' [ RunTime:0.0460s ]
INFO: [ view_parse ] --START--
SQL: SELECT `data`,`datacrc` FROM `think_cache` WHERE `cachekey`='sysconfig' AND (`expire` =0 OR `expire`>1432603159) LIMIT 0,1 [ RunTime:0.0000s ]
SQL: SELECT * FROM `wx_sys_config`  [ RunTime:0.0010s ]
SQL: select `cachekey` from `think_cache` where `cachekey`='sysconfig' limit 0,1 [ RunTime:0.0010s ]
SQL: UPDATE think_cache SET data='a:25:{s:9:"site_name";s:24:"精典妆家微信管理";s:11:"site_domain";s:22:"yuanpeishop.wx.cuci.cc";s:13:"site_keywords";s:0:"";s:9:"site_desc";s:0:"";s:12:"site_contact";s:0:"";s:9:"site_mail";s:0:"";s:7:"site_qq";s:0:"";s:12:"site_company";s:39:"广州市鑫浪信息科技有限公司";s:8:"app_name";s:24:"精典妆家微信管理";s:11:"app_version";s:8:"1.0 beta";s:8:"app_logo";s:25:"glyphicon glyphicon-apple";s:12:"qiniu_bucket";s:7:"jonzawx";s:15:"qiniu_accesskey";s:40:"fWcSm1smy1_IlRMXfroFo_6Gdee3eNC0f9IGdsjY";s:15:"qiniu_secretkey";s:40:"0mHG6krKEjxzrovZkvJJc3W0Be4nzNZxveIZFJuO";s:12:"qiniu_domain";s:30:"7xj4ba.com1.z0.glb.clouddn.com";s:9:"mail_smtp";s:11:"smtp.qq.com";s:13:"mail_username";s:10:"pm@cuci.cc";s:9:"mail_port";s:3:"465";s:13:"mail_password";s:9:"Test12345";s:14:"mail_smtp_auth";s:1:"1";s:9:"mail_from";s:10:"pm@cuci.cc";s:14:"mail_from_name";s:21:"楚才API管理中心";s:11:"mail_secure";s:3:"ssl";s:10:"mail_reply";s:16:"zoujingli@qq.com";s:20:"app_baidu_tongji_key";s:32:"df31b90409cbd7237728ca1a770d72e6";}' ,datacrc='',expire=0 WHERE `cachekey`='sysconfig' [ RunTime:0.0390s ]
INFO: [ template_filter ] --START--
INFO: Run Behavior\ContentReplaceBehavior [ RunTime:0.000000s ]
INFO: [ template_filter ] --END-- [ RunTime:0.001000s ]
INFO: Run Behavior\ParseTemplateBehavior [ RunTime:0.132008s ]
INFO: [ view_parse ] --END-- [ RunTime:0.133008s ]
INFO: [ view_filter ] --START--
INFO: Run Behavior\WriteHtmlCacheBehavior [ RunTime:0.001000s ]
INFO: Run Library\Behavior\EmptyImageBehavior [ RunTime:0.002000s ]
INFO: [ view_filter ] --END-- [ RunTime:0.004000s ]
INFO: [ app_end ] --START--
INFO: Run Behavior\ShowPageTraceBehavior [ RunTime:0.001000s ]
INFO: [ app_end ] --END-- [ RunTime:0.002000s ]

[ 2015-05-26T09:19:22+08:00 ] 127.0.0.1 /jonza/index.php/Admin/Public/login.shtml
INFO: [ app_begin ] --START--
INFO: Run Behavior\ReadHtmlCacheBehavior [ RunTime:0.001000s ]
INFO: [ app_begin ] --END-- [ RunTime:0.003000s ]
NOTIC: [8192] mysql_connect(): The mysql extension is deprecated and will be removed in the future: use mysqli or PDO instead E:\cucisvn\01-code\jonza\Library\Think\Library\Think\Session\Driver\Db.class.php 第 95 行.
NOTIC: [2048] Declaration of Admin\Controller\PublicController::error() should be compatible with Think\Controller::error($message = '', $jumpUrl = '', $ajax = false) E:\cucisvn\01-code\jonza\Module\Admin\Controller\PublicController.class.php 第 71 行.
SQL: SHOW COLUMNS FROM `wx_sys_user` [ RunTime:0.2140s ]
SQL: SELECT * FROM `wx_sys_user` WHERE `username` = 'admin' AND `password` = '21232f297a57a5a743894a0e4a801fc3' LIMIT 1   [ RunTime:0.0010s ]
SQL: SHOW COLUMNS FROM `wx_sys_role` [ RunTime:0.1380s ]
SQL: SELECT * FROM `wx_sys_role` WHERE `id` = 0 LIMIT 1   [ RunTime:0.0010s ]
SQL: UPDATE `wx_sys_user` SET `username`='admin',`password`='21232f297a57a5a743894a0e4a801fc3',`role`='0',`status`='2',`qq`=NULL,`mail`=NULL,`phone`=NULL,`pid`=NULL,`wechat`=NULL,`remark`='',`login_num`='266',`login_date`='2015-05-26 09:19:22',`login_ip`='127.0.0.1',`create_by`=NULL,`create_date`='2015-04-13 01:59:43',`update_by`='1',`update_date`='2015-04-20 10:03:52',`number`=NULL WHERE `id` = 1 [ RunTime:0.0010s ]

[ 2015-05-26T09:21:39+08:00 ] 127.0.0.1 /jonza/index.php/Admin/Public/login.shtml
SQL: SELECT `data`,`datacrc` FROM `think_cache` WHERE `cachekey`='sysconfig' AND (`expire` =0 OR `expire`>1432603299) LIMIT 0,1 [ RunTime:0.0010s ]
SQL: SHOW COLUMNS FROM `wx_sys_config` [ RunTime:0.0410s ]
SQL: SELECT * FROM `wx_sys_config`  [ RunTime:0.0010s ]
SQL: select `cachekey` from `think_cache` where `cachekey`='sysconfig' limit 0,1 [ RunTime:0.0010s ]
SQL: UPDATE think_cache SET data='a:25:{s:9:"site_name";s:24:"精典妆家微信管理";s:11:"site_domain";s:22:"yuanpeishop.wx.cuci.cc";s:13:"site_keywords";s:0:"";s:9:"site_desc";s:0:"";s:12:"site_contact";s:0:"";s:9:"site_mail";s:0:"";s:7:"site_qq";s:0:"";s:12:"site_company";s:39:"广州市鑫浪信息科技有限公司";s:8:"app_name";s:24:"精典妆家微信管理";s:11:"app_version";s:8:"1.0 beta";s:8:"app_logo";s:25:"glyphicon glyphicon-apple";s:12:"qiniu_bucket";s:7:"jonzawx";s:15:"qiniu_accesskey";s:40:"fWcSm1smy1_IlRMXfroFo_6Gdee3eNC0f9IGdsjY";s:15:"qiniu_secretkey";s:40:"0mHG6krKEjxzrovZkvJJc3W0Be4nzNZxveIZFJuO";s:12:"qiniu_domain";s:30:"7xj4ba.com1.z0.glb.clouddn.com";s:9:"mail_smtp";s:11:"smtp.qq.com";s:13:"mail_username";s:10:"pm@cuci.cc";s:9:"mail_port";s:3:"465";s:13:"mail_password";s:9:"Test12345";s:14:"mail_smtp_auth";s:1:"1";s:9:"mail_from";s:10:"pm@cuci.cc";s:14:"mail_from_name";s:21:"楚才API管理中心";s:11:"mail_secure";s:3:"ssl";s:10:"mail_reply";s:16:"zoujingli@qq.com";s:20:"app_baidu_tongji_key";s:32:"df31b90409cbd7237728ca1a770d72e6";}' ,datacrc='',expire=0 WHERE `cachekey`='sysconfig' [ RunTime:0.0890s ]
INFO: [ view_parse ] --START--
SQL: SELECT `data`,`datacrc` FROM `think_cache` WHERE `cachekey`='sysconfig' AND (`expire` =0 OR `expire`>1432603299) LIMIT 0,1 [ RunTime:0.0010s ]
SQL: SELECT * FROM `wx_sys_config`  [ RunTime:0.0010s ]
SQL: select `cachekey` from `think_cache` where `cachekey`='sysconfig' limit 0,1 [ RunTime:0.0010s ]
SQL: UPDATE think_cache SET data='a:25:{s:9:"site_name";s:24:"精典妆家微信管理";s:11:"site_domain";s:22:"yuanpeishop.wx.cuci.cc";s:13:"site_keywords";s:0:"";s:9:"site_desc";s:0:"";s:12:"site_contact";s:0:"";s:9:"site_mail";s:0:"";s:7:"site_qq";s:0:"";s:12:"site_company";s:39:"广州市鑫浪信息科技有限公司";s:8:"app_name";s:24:"精典妆家微信管理";s:11:"app_version";s:8:"1.0 beta";s:8:"app_logo";s:25:"glyphicon glyphicon-apple";s:12:"qiniu_bucket";s:7:"jonzawx";s:15:"qiniu_accesskey";s:40:"fWcSm1smy1_IlRMXfroFo_6Gdee3eNC0f9IGdsjY";s:15:"qiniu_secretkey";s:40:"0mHG6krKEjxzrovZkvJJc3W0Be4nzNZxveIZFJuO";s:12:"qiniu_domain";s:30:"7xj4ba.com1.z0.glb.clouddn.com";s:9:"mail_smtp";s:11:"smtp.qq.com";s:13:"mail_username";s:10:"pm@cuci.cc";s:9:"mail_port";s:3:"465";s:13:"mail_password";s:9:"Test12345";s:14:"mail_smtp_auth";s:1:"1";s:9:"mail_from";s:10:"pm@cuci.cc";s:14:"mail_from_name";s:21:"楚才API管理中心";s:11:"mail_secure";s:3:"ssl";s:10:"mail_reply";s:16:"zoujingli@qq.com";s:20:"app_baidu_tongji_key";s:32:"df31b90409cbd7237728ca1a770d72e6";}' ,datacrc='',expire=0 WHERE `cachekey`='sysconfig' [ RunTime:0.0930s ]
NOTIC: [8] Undefined index: Hm_lpvt_df31b90409cbd7237728ca1a770d72e6 E:\cucisvn\01-code\jonza\Library\Util\Baidu.class.php 第 76 行.
INFO: [ template_filter ] --START--
INFO: Run Behavior\ContentReplaceBehavior [ RunTime:0.000000s ]
INFO: [ template_filter ] --END-- [ RunTime:0.001000s ]
INFO: Run Behavior\ParseTemplateBehavior [ RunTime:0.132008s ]
INFO: [ view_parse ] --END-- [ RunTime:0.133008s ]
INFO: [ view_filter ] --START--
INFO: Run Behavior\WriteHtmlCacheBehavior [ RunTime:0.001000s ]
INFO: Run Library\Behavior\EmptyImageBehavior [ RunTime:0.003000s ]
INFO: [ view_filter ] --END-- [ RunTime:0.005000s ]
INFO: [ app_end ] --START--
INFO: Run Behavior\ShowPageTraceBehavior [ RunTime:0.001000s ]
INFO: [ app_end ] --END-- [ RunTime:0.003000s ]

[ 2015-05-26T09:21:56+08:00 ] 127.0.0.1 /jonza/index.php/Admin/Public/login.shtml
INFO: [ app_begin ] --START--
INFO: Run Behavior\ReadHtmlCacheBehavior [ RunTime:0.001000s ]
INFO: [ app_begin ] --END-- [ RunTime:0.002000s ]
NOTIC: [8192] mysql_connect(): The mysql extension is deprecated and will be removed in the future: use mysqli or PDO instead E:\cucisvn\01-code\jonza\Library\Think\Library\Think\Session\Driver\Db.class.php 第 95 行.
NOTIC: [2048] Declaration of Admin\Controller\PublicController::error() should be compatible with Think\Controller::error($message = '', $jumpUrl = '', $ajax = false) E:\cucisvn\01-code\jonza\Module\Admin\Controller\PublicController.class.php 第 71 行.
SQL: SHOW COLUMNS FROM `wx_sys_user` [ RunTime:0.0060s ]
SQL: SELECT * FROM `wx_sys_user` WHERE `username` = 'nimei' AND `password` = 'e10adc3949ba59abbe56e057f20f883e' LIMIT 1   [ RunTime:0.0010s ]
SQL: SHOW COLUMNS FROM `wx_sys_role` [ RunTime:0.0060s ]
SQL: SELECT * FROM `wx_sys_role` WHERE `id` = 24 LIMIT 1   [ RunTime:0.0010s ]
SQL: UPDATE `wx_sys_user` SET `username`='nimei',`password`='e10adc3949ba59abbe56e057f20f883e',`role`='24',`status`='2',`qq`=NULL,`mail`=NULL,`phone`=NULL,`pid`=NULL,`wechat`=NULL,`remark`='',`login_num`='15',`login_date`='2015-05-26 09:21:56',`login_ip`='127.0.0.1',`create_by`='1',`create_date`='2015-05-20 14:16:45',`update_by`='1',`update_date`='2015-05-20 14:16:45',`number`='1' WHERE `id` = 8 [ RunTime:0.0020s ]

[ 2015-05-26T11:00:05+08:00 ] 127.0.0.1 /jonza/index.php/Admin/Public/login.shtml
SQL: SELECT `data`,`datacrc` FROM `think_cache` WHERE `cachekey`='sysconfig' AND (`expire` =0 OR `expire`>1432609204) LIMIT 0,1 [ RunTime:0.0010s ]
SQL: SHOW COLUMNS FROM `wx_sys_config` [ RunTime:0.0110s ]
SQL: SELECT * FROM `wx_sys_config`  [ RunTime:0.0010s ]
SQL: select `cachekey` from `think_cache` where `cachekey`='sysconfig' limit 0,1 [ RunTime:0.0010s ]
SQL: UPDATE think_cache SET data='a:25:{s:9:"site_name";s:24:"精典妆家微信管理";s:11:"site_domain";s:22:"yuanpeishop.wx.cuci.cc";s:13:"site_keywords";s:0:"";s:9:"site_desc";s:0:"";s:12:"site_contact";s:0:"";s:9:"site_mail";s:0:"";s:7:"site_qq";s:0:"";s:12:"site_company";s:39:"广州市鑫浪信息科技有限公司";s:8:"app_name";s:24:"精典妆家微信管理";s:11:"app_version";s:8:"1.0 beta";s:8:"app_logo";s:25:"glyphicon glyphicon-apple";s:12:"qiniu_bucket";s:7:"jonzawx";s:15:"qiniu_accesskey";s:40:"fWcSm1smy1_IlRMXfroFo_6Gdee3eNC0f9IGdsjY";s:15:"qiniu_secretkey";s:40:"0mHG6krKEjxzrovZkvJJc3W0Be4nzNZxveIZFJuO";s:12:"qiniu_domain";s:30:"7xj4ba.com1.z0.glb.clouddn.com";s:9:"mail_smtp";s:11:"smtp.qq.com";s:13:"mail_username";s:10:"pm@cuci.cc";s:9:"mail_port";s:3:"465";s:13:"mail_password";s:9:"Test12345";s:14:"mail_smtp_auth";s:1:"1";s:9:"mail_from";s:10:"pm@cuci.cc";s:14:"mail_from_name";s:21:"楚才API管理中心";s:11:"mail_secure";s:3:"ssl";s:10:"mail_reply";s:16:"zoujingli@qq.com";s:20:"app_baidu_tongji_key";s:32:"df31b90409cbd7237728ca1a770d72e6";}' ,datacrc='',expire=0 WHERE `cachekey`='sysconfig' [ RunTime:0.3800s ]
INFO: [ view_parse ] --START--
SQL: SELECT `data`,`datacrc` FROM `think_cache` WHERE `cachekey`='sysconfig' AND (`expire` =0 OR `expire`>1432609204) LIMIT 0,1 [ RunTime:0.0010s ]
SQL: SELECT * FROM `wx_sys_config`  [ RunTime:0.0010s ]
SQL: select `cachekey` from `think_cache` where `cachekey`='sysconfig' limit 0,1 [ RunTime:0.0010s ]
SQL: UPDATE think_cache SET data='a:25:{s:9:"site_name";s:24:"精典妆家微信管理";s:11:"site_domain";s:22:"yuanpeishop.wx.cuci.cc";s:13:"site_keywords";s:0:"";s:9:"site_desc";s:0:"";s:12:"site_contact";s:0:"";s:9:"site_mail";s:0:"";s:7:"site_qq";s:0:"";s:12:"site_company";s:39:"广州市鑫浪信息科技有限公司";s:8:"app_name";s:24:"精典妆家微信管理";s:11:"app_version";s:8:"1.0 beta";s:8:"app_logo";s:25:"glyphicon glyphicon-apple";s:12:"qiniu_bucket";s:7:"jonzawx";s:15:"qiniu_accesskey";s:40:"fWcSm1smy1_IlRMXfroFo_6Gdee3eNC0f9IGdsjY";s:15:"qiniu_secretkey";s:40:"0mHG6krKEjxzrovZkvJJc3W0Be4nzNZxveIZFJuO";s:12:"qiniu_domain";s:30:"7xj4ba.com1.z0.glb.clouddn.com";s:9:"mail_smtp";s:11:"smtp.qq.com";s:13:"mail_username";s:10:"pm@cuci.cc";s:9:"mail_port";s:3:"465";s:13:"mail_password";s:9:"Test12345";s:14:"mail_smtp_auth";s:1:"1";s:9:"mail_from";s:10:"pm@cuci.cc";s:14:"mail_from_name";s:21:"楚才API管理中心";s:11:"mail_secure";s:3:"ssl";s:10:"mail_reply";s:16:"zoujingli@qq.com";s:20:"app_baidu_tongji_key";s:32:"df31b90409cbd7237728ca1a770d72e6";}' ,datacrc='',expire=0 WHERE `cachekey`='sysconfig' [ RunTime:0.2380s ]
NOTIC: [8] Undefined index: Hm_lpvt_df31b90409cbd7237728ca1a770d72e6 E:\cucisvn\01-code\jonza\Library\Util\Baidu.class.php 第 76 行.
NOTIC: [8] Undefined index: Hm_lvt_df31b90409cbd7237728ca1a770d72e6 E:\cucisvn\01-code\jonza\Library\Util\Baidu.class.php 第 78 行.
INFO: [ template_filter ] --START--
INFO: Run Behavior\ContentReplaceBehavior [ RunTime:0.000000s ]
INFO: [ template_filter ] --END-- [ RunTime:0.002000s ]
INFO: Run Behavior\ParseTemplateBehavior [ RunTime:0.460027s ]
INFO: [ view_parse ] --END-- [ RunTime:0.462027s ]
INFO: [ view_filter ] --START--
INFO: Run Behavior\WriteHtmlCacheBehavior [ RunTime:0.002000s ]
INFO: Run Library\Behavior\EmptyImageBehavior [ RunTime:0.002000s ]
INFO: [ view_filter ] --END-- [ RunTime:0.005000s ]
INFO: [ app_end ] --START--
INFO: Run Behavior\ShowPageTraceBehavior [ RunTime:0.001000s ]
INFO: [ app_end ] --END-- [ RunTime:0.002000s ]

[ 2015-05-26T11:00:15+08:00 ] 127.0.0.1 /jonza/index.php/Admin/Public/login.shtml
INFO: [ app_begin ] --START--
INFO: Run Behavior\ReadHtmlCacheBehavior [ RunTime:0.001000s ]
INFO: [ app_begin ] --END-- [ RunTime:0.002000s ]
NOTIC: [8192] mysql_connect(): The mysql extension is deprecated and will be removed in the future: use mysqli or PDO instead E:\cucisvn\01-code\jonza\Library\Think\Library\Think\Session\Driver\Db.class.php 第 95 行.
NOTIC: [2048] Declaration of Admin\Controller\PublicController::error() should be compatible with Think\Controller::error($message = '', $jumpUrl = '', $ajax = false) E:\cucisvn\01-code\jonza\Module\Admin\Controller\PublicController.class.php 第 71 行.
SQL: SHOW COLUMNS FROM `wx_sys_user` [ RunTime:0.0080s ]
SQL: SELECT * FROM `wx_sys_user` WHERE `username` = '1001' AND `password` = 'e10adc3949ba59abbe56e057f20f883e' LIMIT 1   [ RunTime:0.0230s ]

[ 2015-05-26T11:00:28+08:00 ] 127.0.0.1 /jonza/index.php/Admin/Public/login.shtml
INFO: [ app_begin ] --START--
INFO: Run Behavior\ReadHtmlCacheBehavior [ RunTime:0.002000s ]
INFO: [ app_begin ] --END-- [ RunTime:0.003000s ]
NOTIC: [8192] mysql_connect(): The mysql extension is deprecated and will be removed in the future: use mysqli or PDO instead E:\cucisvn\01-code\jonza\Library\Think\Library\Think\Session\Driver\Db.class.php 第 95 行.
NOTIC: [2048] Declaration of Admin\Controller\PublicController::error() should be compatible with Think\Controller::error($message = '', $jumpUrl = '', $ajax = false) E:\cucisvn\01-code\jonza\Module\Admin\Controller\PublicController.class.php 第 71 行.
SQL: SHOW COLUMNS FROM `wx_sys_user` [ RunTime:0.0090s ]
SQL: SELECT * FROM `wx_sys_user` WHERE `username` = 'admin' AND `password` = '21232f297a57a5a743894a0e4a801fc3' LIMIT 1   [ RunTime:0.0010s ]
SQL: SHOW COLUMNS FROM `wx_sys_role` [ RunTime:0.0090s ]
SQL: SELECT * FROM `wx_sys_role` WHERE `id` = 0 LIMIT 1   [ RunTime:0.0000s ]
SQL: UPDATE `wx_sys_user` SET `username`='admin',`password`='21232f297a57a5a743894a0e4a801fc3',`role`='0',`status`='2',`qq`=NULL,`mail`=NULL,`phone`=NULL,`pid`=NULL,`wechat`=NULL,`remark`='',`login_num`='267',`login_date`='2015-05-26 11:00:28',`login_ip`='127.0.0.1',`create_by`=NULL,`create_date`='2015-04-13 01:59:43',`update_by`='1',`update_date`='2015-04-20 10:03:52',`number`=NULL WHERE `id` = 1 [ RunTime:0.0290s ]

[ 2015-05-26T14:41:12+08:00 ] 127.0.0.1 /jonza/index.php/admin/public/loginOut
INFO: [ app_begin ] --START--
INFO: Run Behavior\ReadHtmlCacheBehavior [ RunTime:0.002000s ]
INFO: [ app_begin ] --END-- [ RunTime:0.004000s ]
NOTIC: [8192] mysql_connect(): The mysql extension is deprecated and will be removed in the future: use mysqli or PDO instead E:\cucisvn\01-code\jonza\Library\Think\Library\Think\Session\Driver\Db.class.php 第 95 行.
NOTIC: [2048] Declaration of Admin\Controller\PublicController::error() should be compatible with Think\Controller::error($message = '', $jumpUrl = '', $ajax = false) E:\cucisvn\01-code\jonza\Module\Admin\Controller\PublicController.class.php 第 71 行.

[ 2015-05-26T14:41:14+08:00 ] 127.0.0.1 /jonza/index.php/Admin/Public/login.shtml
SQL: SELECT `data`,`datacrc` FROM `think_cache` WHERE `cachekey`='sysconfig' AND (`expire` =0 OR `expire`>1432622474) LIMIT 0,1 [ RunTime:0.0000s ]
SQL: SHOW COLUMNS FROM `wx_sys_config` [ RunTime:0.0090s ]
SQL: SELECT * FROM `wx_sys_config`  [ RunTime:0.0010s ]
SQL: select `cachekey` from `think_cache` where `cachekey`='sysconfig' limit 0,1 [ RunTime:0.0020s ]
SQL: UPDATE think_cache SET data='a:25:{s:9:"site_name";s:24:"精典妆家微信管理";s:11:"site_domain";s:22:"yuanpeishop.wx.cuci.cc";s:13:"site_keywords";s:0:"";s:9:"site_desc";s:0:"";s:12:"site_contact";s:0:"";s:9:"site_mail";s:0:"";s:7:"site_qq";s:0:"";s:12:"site_company";s:39:"广州市鑫浪信息科技有限公司";s:8:"app_name";s:24:"精典妆家微信管理";s:11:"app_version";s:8:"1.0 beta";s:8:"app_logo";s:25:"glyphicon glyphicon-apple";s:12:"qiniu_bucket";s:7:"jonzawx";s:15:"qiniu_accesskey";s:40:"fWcSm1smy1_IlRMXfroFo_6Gdee3eNC0f9IGdsjY";s:15:"qiniu_secretkey";s:40:"0mHG6krKEjxzrovZkvJJc3W0Be4nzNZxveIZFJuO";s:12:"qiniu_domain";s:30:"7xj4ba.com1.z0.glb.clouddn.com";s:9:"mail_smtp";s:11:"smtp.qq.com";s:13:"mail_username";s:10:"pm@cuci.cc";s:9:"mail_port";s:3:"465";s:13:"mail_password";s:9:"Test12345";s:14:"mail_smtp_auth";s:1:"1";s:9:"mail_from";s:10:"pm@cuci.cc";s:14:"mail_from_name";s:21:"楚才API管理中心";s:11:"mail_secure";s:3:"ssl";s:10:"mail_reply";s:16:"zoujingli@qq.com";s:20:"app_baidu_tongji_key";s:32:"df31b90409cbd7237728ca1a770d72e6";}' ,datacrc='',expire=0 WHERE `cachekey`='sysconfig' [ RunTime:0.0210s ]
INFO: [ view_parse ] --START--
SQL: SELECT `data`,`datacrc` FROM `think_cache` WHERE `cachekey`='sysconfig' AND (`expire` =0 OR `expire`>1432622474) LIMIT 0,1 [ RunTime:0.0010s ]
SQL: SELECT * FROM `wx_sys_config`  [ RunTime:0.0010s ]
SQL: select `cachekey` from `think_cache` where `cachekey`='sysconfig' limit 0,1 [ RunTime:0.0010s ]
SQL: UPDATE think_cache SET data='a:25:{s:9:"site_name";s:24:"精典妆家微信管理";s:11:"site_domain";s:22:"yuanpeishop.wx.cuci.cc";s:13:"site_keywords";s:0:"";s:9:"site_desc";s:0:"";s:12:"site_contact";s:0:"";s:9:"site_mail";s:0:"";s:7:"site_qq";s:0:"";s:12:"site_company";s:39:"广州市鑫浪信息科技有限公司";s:8:"app_name";s:24:"精典妆家微信管理";s:11:"app_version";s:8:"1.0 beta";s:8:"app_logo";s:25:"glyphicon glyphicon-apple";s:12:"qiniu_bucket";s:7:"jonzawx";s:15:"qiniu_accesskey";s:40:"fWcSm1smy1_IlRMXfroFo_6Gdee3eNC0f9IGdsjY";s:15:"qiniu_secretkey";s:40:"0mHG6krKEjxzrovZkvJJc3W0Be4nzNZxveIZFJuO";s:12:"qiniu_domain";s:30:"7xj4ba.com1.z0.glb.clouddn.com";s:9:"mail_smtp";s:11:"smtp.qq.com";s:13:"mail_username";s:10:"pm@cuci.cc";s:9:"mail_port";s:3:"465";s:13:"mail_password";s:9:"Test12345";s:14:"mail_smtp_auth";s:1:"1";s:9:"mail_from";s:10:"pm@cuci.cc";s:14:"mail_from_name";s:21:"楚才API管理中心";s:11:"mail_secure";s:3:"ssl";s:10:"mail_reply";s:16:"zoujingli@qq.com";s:20:"app_baidu_tongji_key";s:32:"df31b90409cbd7237728ca1a770d72e6";}' ,datacrc='',expire=0 WHERE `cachekey`='sysconfig' [ RunTime:0.0270s ]
INFO: [ template_filter ] --START--
INFO: Run Behavior\ContentReplaceBehavior [ RunTime:0.001000s ]
INFO: [ template_filter ] --END-- [ RunTime:0.001000s ]
INFO: Run Behavior\ParseTemplateBehavior [ RunTime:0.090005s ]
INFO: [ view_parse ] --END-- [ RunTime:0.090005s ]
INFO: [ view_filter ] --START--
INFO: Run Behavior\WriteHtmlCacheBehavior [ RunTime:0.001000s ]
INFO: Run Library\Behavior\EmptyImageBehavior [ RunTime:0.002000s ]
INFO: [ view_filter ] --END-- [ RunTime:0.005000s ]
INFO: [ app_end ] --START--
INFO: Run Behavior\ShowPageTraceBehavior [ RunTime:0.003000s ]
INFO: [ app_end ] --END-- [ RunTime:0.003000s ]

[ 2015-05-26T14:41:19+08:00 ] 127.0.0.1 /jonza/index.php/Admin/Public/login.shtml
INFO: [ app_begin ] --START--
INFO: Run Behavior\ReadHtmlCacheBehavior [ RunTime:0.002000s ]
INFO: [ app_begin ] --END-- [ RunTime:0.004000s ]
NOTIC: [8192] mysql_connect(): The mysql extension is deprecated and will be removed in the future: use mysqli or PDO instead E:\cucisvn\01-code\jonza\Library\Think\Library\Think\Session\Driver\Db.class.php 第 95 行.
NOTIC: [2048] Declaration of Admin\Controller\PublicController::error() should be compatible with Think\Controller::error($message = '', $jumpUrl = '', $ajax = false) E:\cucisvn\01-code\jonza\Module\Admin\Controller\PublicController.class.php 第 71 行.
SQL: SHOW COLUMNS FROM `wx_sys_user` [ RunTime:0.0420s ]
SQL: SELECT * FROM `wx_sys_user` WHERE `username` = 'nimei' AND `password` = 'e10adc3949ba59abbe56e057f20f883e' LIMIT 1   [ RunTime:0.0200s ]
SQL: SHOW COLUMNS FROM `wx_sys_role` [ RunTime:0.0220s ]
SQL: SELECT * FROM `wx_sys_role` WHERE `id` = 24 LIMIT 1   [ RunTime:0.0100s ]
SQL: UPDATE `wx_sys_user` SET `username`='nimei',`password`='e10adc3949ba59abbe56e057f20f883e',`role`='24',`status`='2',`qq`=NULL,`mail`=NULL,`phone`=NULL,`pid`=NULL,`wechat`=NULL,`remark`='',`login_num`='16',`login_date`='2015-05-26 14:41:18',`login_ip`='127.0.0.1',`create_by`='1',`create_date`='2015-05-20 14:16:45',`update_by`='1',`update_date`='2015-05-20 14:16:45',`number`='1' WHERE `id` = 8 [ RunTime:0.0170s ]

[ 2015-05-26T14:48:28+08:00 ] 127.0.0.1 /jonza/index.php/admin/public/loginOut
INFO: [ app_begin ] --START--
INFO: Run Behavior\ReadHtmlCacheBehavior [ RunTime:0.003000s ]
INFO: [ app_begin ] --END-- [ RunTime:0.004000s ]
NOTIC: [8192] mysql_connect(): The mysql extension is deprecated and will be removed in the future: use mysqli or PDO instead E:\cucisvn\01-code\jonza\Library\Think\Library\Think\Session\Driver\Db.class.php 第 95 行.
NOTIC: [2048] Declaration of Admin\Controller\PublicController::error() should be compatible with Think\Controller::error($message = '', $jumpUrl = '', $ajax = false) E:\cucisvn\01-code\jonza\Module\Admin\Controller\PublicController.class.php 第 71 行.

[ 2015-05-26T14:48:30+08:00 ] 127.0.0.1 /jonza/index.php/Admin/Public/login.shtml
SQL: SELECT `data`,`datacrc` FROM `think_cache` WHERE `cachekey`='sysconfig' AND (`expire` =0 OR `expire`>1432622910) LIMIT 0,1 [ RunTime:0.0010s ]
SQL: SHOW COLUMNS FROM `wx_sys_config` [ RunTime:0.0080s ]
SQL: SELECT * FROM `wx_sys_config`  [ RunTime:0.0010s ]
SQL: select `cachekey` from `think_cache` where `cachekey`='sysconfig' limit 0,1 [ RunTime:0.0010s ]
SQL: UPDATE think_cache SET data='a:25:{s:9:"site_name";s:24:"精典妆家微信管理";s:11:"site_domain";s:22:"yuanpeishop.wx.cuci.cc";s:13:"site_keywords";s:0:"";s:9:"site_desc";s:0:"";s:12:"site_contact";s:0:"";s:9:"site_mail";s:0:"";s:7:"site_qq";s:0:"";s:12:"site_company";s:39:"广州市鑫浪信息科技有限公司";s:8:"app_name";s:24:"精典妆家微信管理";s:11:"app_version";s:8:"1.0 beta";s:8:"app_logo";s:25:"glyphicon glyphicon-apple";s:12:"qiniu_bucket";s:7:"jonzawx";s:15:"qiniu_accesskey";s:40:"fWcSm1smy1_IlRMXfroFo_6Gdee3eNC0f9IGdsjY";s:15:"qiniu_secretkey";s:40:"0mHG6krKEjxzrovZkvJJc3W0Be4nzNZxveIZFJuO";s:12:"qiniu_domain";s:30:"7xj4ba.com1.z0.glb.clouddn.com";s:9:"mail_smtp";s:11:"smtp.qq.com";s:13:"mail_username";s:10:"pm@cuci.cc";s:9:"mail_port";s:3:"465";s:13:"mail_password";s:9:"Test12345";s:14:"mail_smtp_auth";s:1:"1";s:9:"mail_from";s:10:"pm@cuci.cc";s:14:"mail_from_name";s:21:"楚才API管理中心";s:11:"mail_secure";s:3:"ssl";s:10:"mail_reply";s:16:"zoujingli@qq.com";s:20:"app_baidu_tongji_key";s:32:"df31b90409cbd7237728ca1a770d72e6";}' ,datacrc='',expire=0 WHERE `cachekey`='sysconfig' [ RunTime:0.0260s ]
INFO: [ view_parse ] --START--
SQL: SELECT `data`,`datacrc` FROM `think_cache` WHERE `cachekey`='sysconfig' AND (`expire` =0 OR `expire`>1432622910) LIMIT 0,1 [ RunTime:0.0010s ]
SQL: SELECT * FROM `wx_sys_config`  [ RunTime:0.0010s ]
SQL: select `cachekey` from `think_cache` where `cachekey`='sysconfig' limit 0,1 [ RunTime:0.0010s ]
SQL: UPDATE think_cache SET data='a:25:{s:9:"site_name";s:24:"精典妆家微信管理";s:11:"site_domain";s:22:"yuanpeishop.wx.cuci.cc";s:13:"site_keywords";s:0:"";s:9:"site_desc";s:0:"";s:12:"site_contact";s:0:"";s:9:"site_mail";s:0:"";s:7:"site_qq";s:0:"";s:12:"site_company";s:39:"广州市鑫浪信息科技有限公司";s:8:"app_name";s:24:"精典妆家微信管理";s:11:"app_version";s:8:"1.0 beta";s:8:"app_logo";s:25:"glyphicon glyphicon-apple";s:12:"qiniu_bucket";s:7:"jonzawx";s:15:"qiniu_accesskey";s:40:"fWcSm1smy1_IlRMXfroFo_6Gdee3eNC0f9IGdsjY";s:15:"qiniu_secretkey";s:40:"0mHG6krKEjxzrovZkvJJc3W0Be4nzNZxveIZFJuO";s:12:"qiniu_domain";s:30:"7xj4ba.com1.z0.glb.clouddn.com";s:9:"mail_smtp";s:11:"smtp.qq.com";s:13:"mail_username";s:10:"pm@cuci.cc";s:9:"mail_port";s:3:"465";s:13:"mail_password";s:9:"Test12345";s:14:"mail_smtp_auth";s:1:"1";s:9:"mail_from";s:10:"pm@cuci.cc";s:14:"mail_from_name";s:21:"楚才API管理中心";s:11:"mail_secure";s:3:"ssl";s:10:"mail_reply";s:16:"zoujingli@qq.com";s:20:"app_baidu_tongji_key";s:32:"df31b90409cbd7237728ca1a770d72e6";}' ,datacrc='',expire=0 WHERE `cachekey`='sysconfig' [ RunTime:0.0220s ]
INFO: [ template_filter ] --START--
INFO: Run Behavior\ContentReplaceBehavior [ RunTime:0.001000s ]
INFO: [ template_filter ] --END-- [ RunTime:0.001000s ]
INFO: Run Behavior\ParseTemplateBehavior [ RunTime:0.065003s ]
INFO: [ view_parse ] --END-- [ RunTime:0.065003s ]
INFO: [ view_filter ] --START--
INFO: Run Behavior\WriteHtmlCacheBehavior [ RunTime:0.000000s ]
INFO: Run Library\Behavior\EmptyImageBehavior [ RunTime:0.002000s ]
INFO: [ view_filter ] --END-- [ RunTime:0.005001s ]
INFO: [ app_end ] --START--
INFO: Run Behavior\ShowPageTraceBehavior [ RunTime:0.002000s ]
INFO: [ app_end ] --END-- [ RunTime:0.002000s ]

[ 2015-05-26T14:48:33+08:00 ] 127.0.0.1 /jonza/index.php/Admin/Public/login.shtml
INFO: [ app_begin ] --START--
INFO: Run Behavior\ReadHtmlCacheBehavior [ RunTime:0.001000s ]
INFO: [ app_begin ] --END-- [ RunTime:0.003000s ]
NOTIC: [8192] mysql_connect(): The mysql extension is deprecated and will be removed in the future: use mysqli or PDO instead E:\cucisvn\01-code\jonza\Library\Think\Library\Think\Session\Driver\Db.class.php 第 95 行.
NOTIC: [2048] Declaration of Admin\Controller\PublicController::error() should be compatible with Think\Controller::error($message = '', $jumpUrl = '', $ajax = false) E:\cucisvn\01-code\jonza\Module\Admin\Controller\PublicController.class.php 第 71 行.
SQL: SHOW COLUMNS FROM `wx_sys_user` [ RunTime:0.0110s ]
SQL: SELECT * FROM `wx_sys_user` WHERE `username` = 'admin' AND `password` = '21232f297a57a5a743894a0e4a801fc3' LIMIT 1   [ RunTime:0.0010s ]
SQL: SHOW COLUMNS FROM `wx_sys_role` [ RunTime:0.0100s ]
SQL: SELECT * FROM `wx_sys_role` WHERE `id` = 0 LIMIT 1   [ RunTime:0.0010s ]
SQL: UPDATE `wx_sys_user` SET `username`='admin',`password`='21232f297a57a5a743894a0e4a801fc3',`role`='0',`status`='2',`qq`=NULL,`mail`=NULL,`phone`=NULL,`pid`=NULL,`wechat`=NULL,`remark`='',`login_num`='268',`login_date`='2015-05-26 14:48:33',`login_ip`='127.0.0.1',`create_by`=NULL,`create_date`='2015-04-13 01:59:43',`update_by`='1',`update_date`='2015-04-20 10:03:52',`number`=NULL WHERE `id` = 1 [ RunTime:0.0010s ]

