[ 2015-05-16T09:29:55+08:00 ] 127.0.0.1 /jonza/index.php/Admin/Public/login.shtml
SQL: SELECT `data`,`datacrc` FROM `think_cache` WHERE `cachekey`='sysconfig' AND (`expire` =0 OR `expire`>1431739794) LIMIT 0,1 [ RunTime:0.0490s ]
SQL: SHOW COLUMNS FROM `wx_sys_config` [ RunTime:0.0620s ]
SQL: SELECT * FROM `wx_sys_config`  [ RunTime:0.0120s ]
SQL: select `cachekey` from `think_cache` where `cachekey`='sysconfig' limit 0,1 [ RunTime:0.0010s ]
SQL: UPDATE think_cache SET data='a:25:{s:9:"site_name";s:18:"精典妆家管理";s:11:"site_domain";s:22:"yuanpeishop.wx.cuci.cc";s:13:"site_keywords";s:0:"";s:9:"site_desc";s:0:"";s:12:"site_contact";s:0:"";s:9:"site_mail";s:0:"";s:7:"site_qq";s:0:"";s:12:"site_company";s:0:"";s:8:"app_name";s:18:"精典妆家管理";s:11:"app_version";s:8:"1.0 beta";s:8:"app_logo";s:25:"glyphicon glyphicon-apple";s:12:"qiniu_bucket";s:7:"ueditor";s:15:"qiniu_accesskey";s:40:"kptWm2wG3vcc5vdG-_H5PTeafNojw8uPV86FHuH5";s:15:"qiniu_secretkey";s:40:"LmCAwO_xBzfz0rlEujPZn3eI8v3f9_UNFeroj3wG";s:12:"qiniu_domain";s:19:"ueditor.cdn.cuci.cc";s:9:"mail_smtp";s:11:"smtp.qq.com";s:13:"mail_username";s:10:"pm@cuci.cc";s:9:"mail_port";s:3:"465";s:13:"mail_password";s:9:"Test12345";s:14:"mail_smtp_auth";s:1:"1";s:9:"mail_from";s:10:"pm@cuci.cc";s:14:"mail_from_name";s:21:"楚才API管理中心";s:11:"mail_secure";s:3:"ssl";s:10:"mail_reply";s:16:"zoujingli@qq.com";s:20:"app_baidu_tongji_key";s:32:"df31b90409cbd7237728ca1a770d72e6";}' ,datacrc='',expire=0 WHERE `cachekey`='sysconfig' [ RunTime:0.0710s ]
INFO: [ view_parse ] --START--
SQL: SELECT `data`,`datacrc` FROM `think_cache` WHERE `cachekey`='sysconfig' AND (`expire` =0 OR `expire`>1431739795) LIMIT 0,1 [ RunTime:0.0010s ]
SQL: SELECT * FROM `wx_sys_config`  [ RunTime:0.0010s ]
SQL: select `cachekey` from `think_cache` where `cachekey`='sysconfig' limit 0,1 [ RunTime:0.0020s ]
SQL: UPDATE think_cache SET data='a:25:{s:9:"site_name";s:18:"精典妆家管理";s:11:"site_domain";s:22:"yuanpeishop.wx.cuci.cc";s:13:"site_keywords";s:0:"";s:9:"site_desc";s:0:"";s:12:"site_contact";s:0:"";s:9:"site_mail";s:0:"";s:7:"site_qq";s:0:"";s:12:"site_company";s:0:"";s:8:"app_name";s:18:"精典妆家管理";s:11:"app_version";s:8:"1.0 beta";s:8:"app_logo";s:25:"glyphicon glyphicon-apple";s:12:"qiniu_bucket";s:7:"ueditor";s:15:"qiniu_accesskey";s:40:"kptWm2wG3vcc5vdG-_H5PTeafNojw8uPV86FHuH5";s:15:"qiniu_secretkey";s:40:"LmCAwO_xBzfz0rlEujPZn3eI8v3f9_UNFeroj3wG";s:12:"qiniu_domain";s:19:"ueditor.cdn.cuci.cc";s:9:"mail_smtp";s:11:"smtp.qq.com";s:13:"mail_username";s:10:"pm@cuci.cc";s:9:"mail_port";s:3:"465";s:13:"mail_password";s:9:"Test12345";s:14:"mail_smtp_auth";s:1:"1";s:9:"mail_from";s:10:"pm@cuci.cc";s:14:"mail_from_name";s:21:"楚才API管理中心";s:11:"mail_secure";s:3:"ssl";s:10:"mail_reply";s:16:"zoujingli@qq.com";s:20:"app_baidu_tongji_key";s:32:"df31b90409cbd7237728ca1a770d72e6";}' ,datacrc='',expire=0 WHERE `cachekey`='sysconfig' [ RunTime:0.0840s ]
NOTIC: [8] Undefined index: Hm_lpvt_df31b90409cbd7237728ca1a770d72e6 E:\cucisvn\01-code\jonza\Library\Util\Baidu.class.php 第 76 行.
INFO: [ template_filter ] --START--
INFO: Run Behavior\ContentReplaceBehavior [ RunTime:0.001000s ]
INFO: [ template_filter ] --END-- [ RunTime:0.001000s ]
INFO: Run Behavior\ParseTemplateBehavior [ RunTime:0.377021s ]
INFO: [ view_parse ] --END-- [ RunTime:0.378021s ]
INFO: [ view_filter ] --START--
INFO: Run Behavior\WriteHtmlCacheBehavior [ RunTime:0.021002s ]
INFO: Run Library\Behavior\EmptyImageBehavior [ RunTime:0.023001s ]
INFO: [ view_filter ] --END-- [ RunTime:0.044003s ]
INFO: [ app_end ] --START--
INFO: Run Behavior\ShowPageTraceBehavior [ RunTime:0.022001s ]
INFO: [ app_end ] --END-- [ RunTime:0.022001s ]

[ 2015-05-16T09:30:21+08:00 ] 127.0.0.1 /jonza/index.php/Admin/Public/login.shtml
INFO: [ app_begin ] --START--
INFO: Run Behavior\ReadHtmlCacheBehavior [ RunTime:0.001000s ]
INFO: [ app_begin ] --END-- [ RunTime:0.002000s ]
NOTIC: [8192] mysql_connect(): The mysql extension is deprecated and will be removed in the future: use mysqli or PDO instead E:\cucisvn\01-code\jonza\Library\Think\Library\Think\Session\Driver\Db.class.php 第 95 行.
NOTIC: [2048] Declaration of Admin\Controller\PublicController::error() should be compatible with Think\Controller::error($message = '', $jumpUrl = '', $ajax = false) E:\cucisvn\01-code\jonza\Module\Admin\Controller\PublicController.class.php 第 71 行.
SQL: SHOW COLUMNS FROM `wx_sys_user` [ RunTime:0.0610s ]
SQL: SELECT * FROM `wx_sys_user` WHERE `username` = 'admin' AND `password` = '21232f297a57a5a743894a0e4a801fc3' LIMIT 1   [ RunTime:0.0010s ]
SQL: SHOW COLUMNS FROM `wx_sys_role` [ RunTime:0.0260s ]
SQL: SELECT * FROM `wx_sys_role` WHERE `id` = 0 LIMIT 1   [ RunTime:0.0010s ]
SQL: UPDATE `wx_sys_user` SET `username`='admin',`password`='21232f297a57a5a743894a0e4a801fc3',`role`='0',`status`='2',`qq`=NULL,`mail`=NULL,`phone`=NULL,`pid`=NULL,`wechat`=NULL,`remark`='',`login_num`='171',`login_date`='2015-05-16 09:30:21',`login_ip`='127.0.0.1',`create_by`=NULL,`create_date`='2015-04-13 01:59:43',`update_by`='1',`update_date`='2015-04-20 10:03:52' WHERE `id` = 1 [ RunTime:0.0020s ]

[ 2015-05-16T09:39:34+08:00 ] 127.0.0.1 /jonza/index.php/admin/public/loginOut
INFO: [ app_begin ] --START--
INFO: Run Behavior\ReadHtmlCacheBehavior [ RunTime:0.001000s ]
INFO: [ app_begin ] --END-- [ RunTime:0.002000s ]
NOTIC: [8192] mysql_connect(): The mysql extension is deprecated and will be removed in the future: use mysqli or PDO instead E:\cucisvn\01-code\jonza\Library\Think\Library\Think\Session\Driver\Db.class.php 第 95 行.
NOTIC: [2048] Declaration of Admin\Controller\PublicController::error() should be compatible with Think\Controller::error($message = '', $jumpUrl = '', $ajax = false) E:\cucisvn\01-code\jonza\Module\Admin\Controller\PublicController.class.php 第 71 行.

[ 2015-05-16T09:39:36+08:00 ] 127.0.0.1 /jonza/index.php/Admin/Public/login.shtml
SQL: SELECT `data`,`datacrc` FROM `think_cache` WHERE `cachekey`='sysconfig' AND (`expire` =0 OR `expire`>1431740376) LIMIT 0,1 [ RunTime:0.0010s ]
SQL: SHOW COLUMNS FROM `wx_sys_config` [ RunTime:0.0090s ]
SQL: SELECT * FROM `wx_sys_config`  [ RunTime:0.0010s ]
SQL: select `cachekey` from `think_cache` where `cachekey`='sysconfig' limit 0,1 [ RunTime:0.0020s ]
SQL: UPDATE think_cache SET data='a:25:{s:9:"site_name";s:18:"精典妆家管理";s:11:"site_domain";s:22:"yuanpeishop.wx.cuci.cc";s:13:"site_keywords";s:0:"";s:9:"site_desc";s:0:"";s:12:"site_contact";s:0:"";s:9:"site_mail";s:0:"";s:7:"site_qq";s:0:"";s:12:"site_company";s:0:"";s:8:"app_name";s:18:"精典妆家管理";s:11:"app_version";s:8:"1.0 beta";s:8:"app_logo";s:25:"glyphicon glyphicon-apple";s:12:"qiniu_bucket";s:7:"ueditor";s:15:"qiniu_accesskey";s:40:"kptWm2wG3vcc5vdG-_H5PTeafNojw8uPV86FHuH5";s:15:"qiniu_secretkey";s:40:"LmCAwO_xBzfz0rlEujPZn3eI8v3f9_UNFeroj3wG";s:12:"qiniu_domain";s:19:"ueditor.cdn.cuci.cc";s:9:"mail_smtp";s:11:"smtp.qq.com";s:13:"mail_username";s:10:"pm@cuci.cc";s:9:"mail_port";s:3:"465";s:13:"mail_password";s:9:"Test12345";s:14:"mail_smtp_auth";s:1:"1";s:9:"mail_from";s:10:"pm@cuci.cc";s:14:"mail_from_name";s:21:"楚才API管理中心";s:11:"mail_secure";s:3:"ssl";s:10:"mail_reply";s:16:"zoujingli@qq.com";s:20:"app_baidu_tongji_key";s:32:"df31b90409cbd7237728ca1a770d72e6";}' ,datacrc='',expire=0 WHERE `cachekey`='sysconfig' [ RunTime:0.0420s ]
INFO: [ view_parse ] --START--
SQL: SELECT `data`,`datacrc` FROM `think_cache` WHERE `cachekey`='sysconfig' AND (`expire` =0 OR `expire`>1431740376) LIMIT 0,1 [ RunTime:0.0010s ]
SQL: SELECT * FROM `wx_sys_config`  [ RunTime:0.0020s ]
SQL: select `cachekey` from `think_cache` where `cachekey`='sysconfig' limit 0,1 [ RunTime:0.0000s ]
SQL: UPDATE think_cache SET data='a:25:{s:9:"site_name";s:18:"精典妆家管理";s:11:"site_domain";s:22:"yuanpeishop.wx.cuci.cc";s:13:"site_keywords";s:0:"";s:9:"site_desc";s:0:"";s:12:"site_contact";s:0:"";s:9:"site_mail";s:0:"";s:7:"site_qq";s:0:"";s:12:"site_company";s:0:"";s:8:"app_name";s:18:"精典妆家管理";s:11:"app_version";s:8:"1.0 beta";s:8:"app_logo";s:25:"glyphicon glyphicon-apple";s:12:"qiniu_bucket";s:7:"ueditor";s:15:"qiniu_accesskey";s:40:"kptWm2wG3vcc5vdG-_H5PTeafNojw8uPV86FHuH5";s:15:"qiniu_secretkey";s:40:"LmCAwO_xBzfz0rlEujPZn3eI8v3f9_UNFeroj3wG";s:12:"qiniu_domain";s:19:"ueditor.cdn.cuci.cc";s:9:"mail_smtp";s:11:"smtp.qq.com";s:13:"mail_username";s:10:"pm@cuci.cc";s:9:"mail_port";s:3:"465";s:13:"mail_password";s:9:"Test12345";s:14:"mail_smtp_auth";s:1:"1";s:9:"mail_from";s:10:"pm@cuci.cc";s:14:"mail_from_name";s:21:"楚才API管理中心";s:11:"mail_secure";s:3:"ssl";s:10:"mail_reply";s:16:"zoujingli@qq.com";s:20:"app_baidu_tongji_key";s:32:"df31b90409cbd7237728ca1a770d72e6";}' ,datacrc='',expire=0 WHERE `cachekey`='sysconfig' [ RunTime:0.0620s ]
INFO: [ template_filter ] --START--
INFO: Run Behavior\ContentReplaceBehavior [ RunTime:0.000000s ]
INFO: [ template_filter ] --END-- [ RunTime:0.001000s ]
INFO: Run Behavior\ParseTemplateBehavior [ RunTime:0.121006s ]
INFO: [ view_parse ] --END-- [ RunTime:0.121006s ]
INFO: [ view_filter ] --START--
INFO: Run Behavior\WriteHtmlCacheBehavior [ RunTime:0.001001s ]
INFO: Run Library\Behavior\EmptyImageBehavior [ RunTime:0.002000s ]
INFO: [ view_filter ] --END-- [ RunTime:0.005001s ]
INFO: [ app_end ] --START--
INFO: Run Behavior\ShowPageTraceBehavior [ RunTime:0.001000s ]
INFO: [ app_end ] --END-- [ RunTime:0.002000s ]

[ 2015-05-16T09:43:52+08:00 ] 127.0.0.1 /jonza/index.php/Admin/Public/login.shtml
INFO: [ app_begin ] --START--
INFO: Run Behavior\ReadHtmlCacheBehavior [ RunTime:0.001000s ]
INFO: [ app_begin ] --END-- [ RunTime:0.003000s ]
NOTIC: [8192] mysql_connect(): The mysql extension is deprecated and will be removed in the future: use mysqli or PDO instead E:\cucisvn\01-code\jonza\Library\Think\Library\Think\Session\Driver\Db.class.php 第 95 行.
NOTIC: [2048] Declaration of Admin\Controller\PublicController::error() should be compatible with Think\Controller::error($message = '', $jumpUrl = '', $ajax = false) E:\cucisvn\01-code\jonza\Module\Admin\Controller\PublicController.class.php 第 71 行.
SQL: SHOW COLUMNS FROM `wx_sys_user` [ RunTime:0.0070s ]
SQL: SELECT * FROM `wx_sys_user` WHERE `username` = 'admin' AND `password` = '21232f297a57a5a743894a0e4a801fc3' LIMIT 1   [ RunTime:0.0010s ]
SQL: SHOW COLUMNS FROM `wx_sys_role` [ RunTime:0.0090s ]
SQL: SELECT * FROM `wx_sys_role` WHERE `id` = 0 LIMIT 1   [ RunTime:0.0010s ]
SQL: UPDATE `wx_sys_user` SET `username`='admin',`password`='21232f297a57a5a743894a0e4a801fc3',`role`='0',`status`='2',`qq`=NULL,`mail`=NULL,`phone`=NULL,`pid`=NULL,`wechat`=NULL,`remark`='',`login_num`='172',`login_date`='2015-05-16 09:43:52',`login_ip`='127.0.0.1',`create_by`=NULL,`create_date`='2015-04-13 01:59:43',`update_by`='1',`update_date`='2015-04-20 10:03:52' WHERE `id` = 1 [ RunTime:0.0010s ]

[ 2015-05-16T09:54:44+08:00 ] 127.0.0.1 /jonza/index.php/admin/public/loginOut
INFO: [ app_begin ] --START--
INFO: Run Behavior\ReadHtmlCacheBehavior [ RunTime:0.002000s ]
INFO: [ app_begin ] --END-- [ RunTime:0.003000s ]
NOTIC: [8192] mysql_connect(): The mysql extension is deprecated and will be removed in the future: use mysqli or PDO instead E:\cucisvn\01-code\jonza\Library\Think\Library\Think\Session\Driver\Db.class.php 第 95 行.
NOTIC: [2048] Declaration of Admin\Controller\PublicController::error() should be compatible with Think\Controller::error($message = '', $jumpUrl = '', $ajax = false) E:\cucisvn\01-code\jonza\Module\Admin\Controller\PublicController.class.php 第 71 行.

[ 2015-05-16T09:54:46+08:00 ] 127.0.0.1 /jonza/index.php/Admin/Public/login.shtml
SQL: SELECT `data`,`datacrc` FROM `think_cache` WHERE `cachekey`='sysconfig' AND (`expire` =0 OR `expire`>1431741286) LIMIT 0,1 [ RunTime:0.0010s ]
SQL: SHOW COLUMNS FROM `wx_sys_config` [ RunTime:0.0070s ]
SQL: SELECT * FROM `wx_sys_config`  [ RunTime:0.0010s ]
SQL: select `cachekey` from `think_cache` where `cachekey`='sysconfig' limit 0,1 [ RunTime:0.0010s ]
SQL: UPDATE think_cache SET data='a:25:{s:9:"site_name";s:18:"精典妆家管理";s:11:"site_domain";s:22:"yuanpeishop.wx.cuci.cc";s:13:"site_keywords";s:0:"";s:9:"site_desc";s:0:"";s:12:"site_contact";s:0:"";s:9:"site_mail";s:0:"";s:7:"site_qq";s:0:"";s:12:"site_company";s:0:"";s:8:"app_name";s:18:"精典妆家管理";s:11:"app_version";s:8:"1.0 beta";s:8:"app_logo";s:25:"glyphicon glyphicon-apple";s:12:"qiniu_bucket";s:7:"ueditor";s:15:"qiniu_accesskey";s:40:"kptWm2wG3vcc5vdG-_H5PTeafNojw8uPV86FHuH5";s:15:"qiniu_secretkey";s:40:"LmCAwO_xBzfz0rlEujPZn3eI8v3f9_UNFeroj3wG";s:12:"qiniu_domain";s:19:"ueditor.cdn.cuci.cc";s:9:"mail_smtp";s:11:"smtp.qq.com";s:13:"mail_username";s:10:"pm@cuci.cc";s:9:"mail_port";s:3:"465";s:13:"mail_password";s:9:"Test12345";s:14:"mail_smtp_auth";s:1:"1";s:9:"mail_from";s:10:"pm@cuci.cc";s:14:"mail_from_name";s:21:"楚才API管理中心";s:11:"mail_secure";s:3:"ssl";s:10:"mail_reply";s:16:"zoujingli@qq.com";s:20:"app_baidu_tongji_key";s:32:"df31b90409cbd7237728ca1a770d72e6";}' ,datacrc='',expire=0 WHERE `cachekey`='sysconfig' [ RunTime:0.0260s ]
INFO: [ view_parse ] --START--
SQL: SELECT `data`,`datacrc` FROM `think_cache` WHERE `cachekey`='sysconfig' AND (`expire` =0 OR `expire`>1431741286) LIMIT 0,1 [ RunTime:0.0010s ]
SQL: SELECT * FROM `wx_sys_config`  [ RunTime:0.0010s ]
SQL: select `cachekey` from `think_cache` where `cachekey`='sysconfig' limit 0,1 [ RunTime:0.0010s ]
SQL: UPDATE think_cache SET data='a:25:{s:9:"site_name";s:18:"精典妆家管理";s:11:"site_domain";s:22:"yuanpeishop.wx.cuci.cc";s:13:"site_keywords";s:0:"";s:9:"site_desc";s:0:"";s:12:"site_contact";s:0:"";s:9:"site_mail";s:0:"";s:7:"site_qq";s:0:"";s:12:"site_company";s:0:"";s:8:"app_name";s:18:"精典妆家管理";s:11:"app_version";s:8:"1.0 beta";s:8:"app_logo";s:25:"glyphicon glyphicon-apple";s:12:"qiniu_bucket";s:7:"ueditor";s:15:"qiniu_accesskey";s:40:"kptWm2wG3vcc5vdG-_H5PTeafNojw8uPV86FHuH5";s:15:"qiniu_secretkey";s:40:"LmCAwO_xBzfz0rlEujPZn3eI8v3f9_UNFeroj3wG";s:12:"qiniu_domain";s:19:"ueditor.cdn.cuci.cc";s:9:"mail_smtp";s:11:"smtp.qq.com";s:13:"mail_username";s:10:"pm@cuci.cc";s:9:"mail_port";s:3:"465";s:13:"mail_password";s:9:"Test12345";s:14:"mail_smtp_auth";s:1:"1";s:9:"mail_from";s:10:"pm@cuci.cc";s:14:"mail_from_name";s:21:"楚才API管理中心";s:11:"mail_secure";s:3:"ssl";s:10:"mail_reply";s:16:"zoujingli@qq.com";s:20:"app_baidu_tongji_key";s:32:"df31b90409cbd7237728ca1a770d72e6";}' ,datacrc='',expire=0 WHERE `cachekey`='sysconfig' [ RunTime:0.0230s ]
INFO: [ template_filter ] --START--
INFO: Run Behavior\ContentReplaceBehavior [ RunTime:0.000000s ]
INFO: [ template_filter ] --END-- [ RunTime:0.001000s ]
INFO: Run Behavior\ParseTemplateBehavior [ RunTime:0.062004s ]
INFO: [ view_parse ] --END-- [ RunTime:0.062004s ]
INFO: [ view_filter ] --START--
INFO: Run Behavior\WriteHtmlCacheBehavior [ RunTime:0.002000s ]
INFO: Run Library\Behavior\EmptyImageBehavior [ RunTime:0.002000s ]
INFO: [ view_filter ] --END-- [ RunTime:0.005000s ]
INFO: [ app_end ] --START--
INFO: Run Behavior\ShowPageTraceBehavior [ RunTime:0.001000s ]
INFO: [ app_end ] --END-- [ RunTime:0.002000s ]

