[ 2019-01-12T00:52:36+08:00 ] ::1 /jonza/index.php/Admin/Public/login.shtml
SQL: SELECT `data`,`datacrc` FROM `think_cache` WHERE `cachekey`='sysconfig' AND (`expire` =0 OR `expire`>1547225556) LIMIT 0,1 [ RunTime:0.0320s ]
SQL: SHOW COLUMNS FROM `wx_sys_config` [ RunTime:0.0310s ]
SQL: SELECT * FROM `wx_sys_config`  [ RunTime:0.0140s ]
SQL: select `cachekey` from `think_cache` where `cachekey`='sysconfig' limit 0,1 [ RunTime:0.0120s ]
SQL: UPDATE think_cache SET data='a:25:{s:9:"site_name";s:16:"乐V微信管理";s:11:"site_domain";s:11:"c-r-bin.top";s:13:"site_keywords";s:0:"";s:9:"site_desc";s:0:"";s:12:"site_contact";s:0:"";s:9:"site_mail";s:0:"";s:7:"site_qq";s:0:"";s:12:"site_company";s:22:"广州乐V有限公司";s:8:"app_name";s:16:"乐V微信管理";s:11:"app_version";s:8:"1.0 beta";s:8:"app_logo";s:25:"glyphicon glyphicon-apple";s:12:"qiniu_bucket";s:6:"weixin";s:15:"qiniu_accesskey";s:40:"WjyRG6dWapiMbnUxkzw0zFpD3yWdpYss0QOD0pX0";s:15:"qiniu_secretkey";s:40:"D0bGgDeJC0O7y4LvLf6mCQwEn5C_dV0OlPNMTjAf";s:12:"qiniu_domain";s:11:"c-r-bon.top";s:9:"mail_smtp";s:11:"smtp.qq.com";s:13:"mail_username";s:10:"pm@cuci.cc";s:9:"mail_port";s:3:"465";s:13:"mail_password";s:9:"Test12345";s:14:"mail_smtp_auth";s:1:"1";s:9:"mail_from";s:10:"pm@cuci.cc";s:14:"mail_from_name";s:21:"楚才API管理中心";s:11:"mail_secure";s:3:"ssl";s:10:"mail_reply";s:16:"zoujingli@qq.com";s:20:"app_baidu_tongji_key";s:10:"7b6503de0e";}' ,datacrc='',expire=0 WHERE `cachekey`='sysconfig' [ RunTime:0.0140s ]
INFO: [ view_parse ] --START--
SQL: SELECT `data`,`datacrc` FROM `think_cache` WHERE `cachekey`='sysconfig' AND (`expire` =0 OR `expire`>1547225556) LIMIT 0,1 [ RunTime:0.0120s ]
SQL: SELECT * FROM `wx_sys_config`  [ RunTime:0.0120s ]
SQL: select `cachekey` from `think_cache` where `cachekey`='sysconfig' limit 0,1 [ RunTime:0.0110s ]
SQL: UPDATE think_cache SET data='a:25:{s:9:"site_name";s:16:"乐V微信管理";s:11:"site_domain";s:11:"c-r-bin.top";s:13:"site_keywords";s:0:"";s:9:"site_desc";s:0:"";s:12:"site_contact";s:0:"";s:9:"site_mail";s:0:"";s:7:"site_qq";s:0:"";s:12:"site_company";s:22:"广州乐V有限公司";s:8:"app_name";s:16:"乐V微信管理";s:11:"app_version";s:8:"1.0 beta";s:8:"app_logo";s:25:"glyphicon glyphicon-apple";s:12:"qiniu_bucket";s:6:"weixin";s:15:"qiniu_accesskey";s:40:"WjyRG6dWapiMbnUxkzw0zFpD3yWdpYss0QOD0pX0";s:15:"qiniu_secretkey";s:40:"D0bGgDeJC0O7y4LvLf6mCQwEn5C_dV0OlPNMTjAf";s:12:"qiniu_domain";s:11:"c-r-bon.top";s:9:"mail_smtp";s:11:"smtp.qq.com";s:13:"mail_username";s:10:"pm@cuci.cc";s:9:"mail_port";s:3:"465";s:13:"mail_password";s:9:"Test12345";s:14:"mail_smtp_auth";s:1:"1";s:9:"mail_from";s:10:"pm@cuci.cc";s:14:"mail_from_name";s:21:"楚才API管理中心";s:11:"mail_secure";s:3:"ssl";s:10:"mail_reply";s:16:"zoujingli@qq.com";s:20:"app_baidu_tongji_key";s:10:"7b6503de0e";}' ,datacrc='',expire=0 WHERE `cachekey`='sysconfig' [ RunTime:0.0160s ]
NOTIC: [8] Undefined index: HTTP_REFERER G:\PHPTest\jonza\Library\Util\Baidu.class.php 第 72 行.
NOTIC: [8] Undefined index: Hm_lpvt_7b6503de0e G:\PHPTest\jonza\Library\Util\Baidu.class.php 第 76 行.
INFO: [ template_filter ] --START--
INFO: Run Behavior\ContentReplaceBehavior [ RunTime:0.000000s ]
INFO: [ template_filter ] --END-- [ RunTime:0.000000s ]
INFO: Run Behavior\ParseTemplateBehavior [ RunTime:0.064004s ]
INFO: [ view_parse ] --END-- [ RunTime:0.064004s ]
INFO: [ view_filter ] --START--
INFO: Run Behavior\WriteHtmlCacheBehavior [ RunTime:0.000000s ]
INFO: Run Library\Behavior\EmptyImageBehavior [ RunTime:0.000000s ]
INFO: [ view_filter ] --END-- [ RunTime:0.001000s ]
INFO: [ app_end ] --START--
INFO: Run Behavior\ShowPageTraceBehavior [ RunTime:0.001000s ]
INFO: [ app_end ] --END-- [ RunTime:0.001000s ]

[ 2019-01-12T00:52:42+08:00 ] ::1 /jonza/index.php/Admin/Public/login.shtml
INFO: [ app_begin ] --START--
INFO: Run Behavior\ReadHtmlCacheBehavior [ RunTime:0.001000s ]
INFO: [ app_begin ] --END-- [ RunTime:0.001000s ]
NOTIC: [8192] mysql_connect(): The mysql extension is deprecated and will be removed in the future: use mysqli or PDO instead G:\PHPTest\jonza\Library\Think\Library\Think\Session\Driver\Db.class.php 第 95 行.
NOTIC: [2048] Declaration of Admin\Controller\PublicController::error() should be compatible with Think\Controller::error($message = '', $jumpUrl = '', $ajax = false) G:\PHPTest\jonza\Module\Admin\Controller\PublicController.class.php 第 69 行.
SQL: SHOW COLUMNS FROM `wx_sys_user` [ RunTime:0.0320s ]
SQL: SELECT * FROM `wx_sys_user` WHERE `username` = 'admin' AND `password` = 'e10adc3949ba59abbe56e057f20f883e' LIMIT 1   [ RunTime:0.0100s ]
SQL: SHOW COLUMNS FROM `wx_sys_role` [ RunTime:0.0120s ]
SQL: SELECT * FROM `wx_sys_role` WHERE `id` = 1 LIMIT 1   [ RunTime:0.0110s ]
SQL: UPDATE `wx_sys_user` SET `username`='admin',`password`='e10adc3949ba59abbe56e057f20f883e',`name`='超级管理员',`role`='1',`status`='2',`qq`=NULL,`mail`=NULL,`phone`=NULL,`pid`=NULL,`wechat`=NULL,`remark`='',`login_num`='66',`login_date`='2019-01-12 00:52:42',`login_ip`='0.0.0.0',`create_by`=NULL,`create_date`='2018-10-25 15:33:15',`update_by`=NULL,`update_date`=NULL WHERE `id` = 1 [ RunTime:0.0120s ]

