[ 2015-08-21T17:11:56+08:00 ] 127.0.0.1 /jonza/index.php/Guide/Daogou/details/id/4.shtml
INFO: [ app_begin ] --START--
INFO: Run Behavior\ReadHtmlCacheBehavior [ RunTime:0.001000s ]
INFO: [ app_begin ] --END-- [ RunTime:0.002000s ]
NOTIC: [8192] mysql_connect(): The mysql extension is deprecated and will be removed in the future: use mysqli or PDO instead E:\cucisvn\01-code\jonza\Library\Think\Library\Think\Session\Driver\Db.class.php 第 95 行.
NOTIC: [2048] Declaration of Guide\Controller\DaogouController::index() should be compatible with Library\Controller\Controller::index($model = NULL, $map = Array, $tpl = NULL) E:\cucisvn\01-code\jonza\Module\Guide\Controller\DaogouController.class.php 第 6 行.
SQL: SHOW COLUMNS FROM `wx_guide` [ RunTime:0.0220s ]
SQL: SHOW COLUMNS FROM `wx_tixian_record` [ RunTime:0.0080s ]
SQL: SELECT * FROM `wx_tixian_record` WHERE `id` = 4 LIMIT 1   [ RunTime:0.0000s ]
SQL: SELECT COUNT(1) AS tp_count FROM `wx_guide` WHERE `id` = 4 AND `openid` = 'oAeaZjht65CnSwZ3L4QXa82nvMZA' AND `guide_num` = 11564614 AND `create_date` = '2015-08-21 17:11:40' LIMIT 1   [ RunTime:0.0000s ]
INFO: [ view_parse ] --START--
INFO: [ template_filter ] --START--
INFO: Run Behavior\ContentReplaceBehavior [ RunTime:0.001000s ]
INFO: [ template_filter ] --END-- [ RunTime:0.001000s ]
INFO: Run Behavior\ParseTemplateBehavior [ RunTime:0.050002s ]
INFO: [ view_parse ] --END-- [ RunTime:0.051003s ]
INFO: [ view_filter ] --START--
INFO: Run Behavior\WriteHtmlCacheBehavior [ RunTime:0.001000s ]
INFO: Run Library\Behavior\EmptyImageBehavior [ RunTime:0.002000s ]
INFO: [ view_filter ] --END-- [ RunTime:0.004000s ]
INFO: [ app_end ] --START--
INFO: Run Behavior\ShowPageTraceBehavior [ RunTime:0.002000s ]
INFO: [ app_end ] --END-- [ RunTime:0.002000s ]

[ 2015-08-21T17:11:58+08:00 ] 127.0.0.1 /jonza/index.php/Guide/Daogou/details/id/3.shtml
INFO: [ app_begin ] --START--
INFO: Run Behavior\ReadHtmlCacheBehavior [ RunTime:0.001000s ]
INFO: [ app_begin ] --END-- [ RunTime:0.003000s ]
NOTIC: [8192] mysql_connect(): The mysql extension is deprecated and will be removed in the future: use mysqli or PDO instead E:\cucisvn\01-code\jonza\Library\Think\Library\Think\Session\Driver\Db.class.php 第 95 行.
NOTIC: [2048] Declaration of Guide\Controller\DaogouController::index() should be compatible with Library\Controller\Controller::index($model = NULL, $map = Array, $tpl = NULL) E:\cucisvn\01-code\jonza\Module\Guide\Controller\DaogouController.class.php 第 6 行.
SQL: SHOW COLUMNS FROM `wx_guide` [ RunTime:0.0100s ]
SQL: SHOW COLUMNS FROM `wx_tixian_record` [ RunTime:0.0070s ]
SQL: SELECT * FROM `wx_tixian_record` WHERE `id` = 3 LIMIT 1   [ RunTime:0.0010s ]
SQL: SELECT COUNT(1) AS tp_count FROM `wx_guide` WHERE `id` = 3 AND `openid` = 'oAeaZjht65CnSwZ3L4QXa82nvMZA' AND `guide_num` = 11564614 AND `create_date` = '2015-08-21 17:10:34' LIMIT 1   [ RunTime:0.0010s ]
INFO: [ view_parse ] --START--
INFO: [ template_filter ] --START--
INFO: Run Behavior\ContentReplaceBehavior [ RunTime:0.001000s ]
INFO: [ template_filter ] --END-- [ RunTime:0.001000s ]
INFO: Run Behavior\ParseTemplateBehavior [ RunTime:0.024002s ]
INFO: [ view_parse ] --END-- [ RunTime:0.024002s ]
INFO: [ view_filter ] --START--
INFO: Run Behavior\WriteHtmlCacheBehavior [ RunTime:0.001000s ]
INFO: Run Library\Behavior\EmptyImageBehavior [ RunTime:0.002000s ]
INFO: [ view_filter ] --END-- [ RunTime:0.004000s ]
INFO: [ app_end ] --START--
INFO: Run Behavior\ShowPageTraceBehavior [ RunTime:0.002000s ]
INFO: [ app_end ] --END-- [ RunTime:0.002000s ]

[ 2015-08-21T17:14:25+08:00 ] 127.0.0.1 /jonza/index.php?s=Guide/Daogou/del
INFO: [ app_begin ] --START--
INFO: Run Behavior\ReadHtmlCacheBehavior [ RunTime:0.001001s ]
INFO: [ app_begin ] --END-- [ RunTime:0.002001s ]
NOTIC: [8192] mysql_connect(): The mysql extension is deprecated and will be removed in the future: use mysqli or PDO instead E:\cucisvn\01-code\jonza\Library\Think\Library\Think\Session\Driver\Db.class.php 第 95 行.
NOTIC: [2048] Declaration of Guide\Controller\DaogouController::index() should be compatible with Library\Controller\Controller::index($model = NULL, $map = Array, $tpl = NULL) E:\cucisvn\01-code\jonza\Module\Guide\Controller\DaogouController.class.php 第 6 行.
SQL: SHOW COLUMNS FROM `wx_guide` [ RunTime:0.0070s ]
SQL: DELETE FROM `wx_guide` WHERE `id` IN ('5') [ RunTime:0.0390s ]

[ 2015-08-21T17:26:44+08:00 ] 127.0.0.1 /jonza/index.php/Guide/Daogou/details/id/12.shtml
INFO: [ app_begin ] --START--
INFO: Run Behavior\ReadHtmlCacheBehavior [ RunTime:0.002000s ]
INFO: [ app_begin ] --END-- [ RunTime:0.004000s ]
NOTIC: [8192] mysql_connect(): The mysql extension is deprecated and will be removed in the future: use mysqli or PDO instead E:\cucisvn\01-code\jonza\Library\Think\Library\Think\Session\Driver\Db.class.php 第 95 行.
NOTIC: [2048] Declaration of Guide\Controller\DaogouController::index() should be compatible with Library\Controller\Controller::index($model = NULL, $map = Array, $tpl = NULL) E:\cucisvn\01-code\jonza\Module\Guide\Controller\DaogouController.class.php 第 6 行.
SQL: SHOW COLUMNS FROM `wx_guide` [ RunTime:0.0090s ]
SQL: SHOW COLUMNS FROM `wx_tixian_record` [ RunTime:0.0090s ]
SQL: SELECT * FROM `wx_tixian_record` WHERE `id` = 12 LIMIT 1   [ RunTime:0.0010s ]
SQL: SELECT COUNT(1) AS tp_count FROM `wx_guide` WHERE `id` = 12 AND `openid` = 'oAeaZjht65CnSwZ3L4QXa82nvMZA' AND `guide_num` = 11564614 AND `create_date` = '2015-08-21 17:22:36' LIMIT 1   [ RunTime:0.0010s ]
INFO: [ view_parse ] --START--
INFO: [ template_filter ] --START--
INFO: Run Behavior\ContentReplaceBehavior [ RunTime:0.000000s ]
INFO: [ template_filter ] --END-- [ RunTime:0.000000s ]
INFO: Run Behavior\ParseTemplateBehavior [ RunTime:0.067004s ]
INFO: [ view_parse ] --END-- [ RunTime:0.068004s ]
INFO: [ view_filter ] --START--
INFO: Run Behavior\WriteHtmlCacheBehavior [ RunTime:0.001000s ]
INFO: Run Library\Behavior\EmptyImageBehavior [ RunTime:0.002000s ]
INFO: [ view_filter ] --END-- [ RunTime:0.004000s ]
INFO: [ app_end ] --START--
INFO: Run Behavior\ShowPageTraceBehavior [ RunTime:0.002000s ]
INFO: [ app_end ] --END-- [ RunTime:0.002000s ]

[ 2015-08-21T17:26:46+08:00 ] 127.0.0.1 /jonza/index.php/Guide/Daogou/details/id/12.shtml
INFO: [ app_begin ] --START--
INFO: Run Behavior\ReadHtmlCacheBehavior [ RunTime:0.002000s ]
INFO: [ app_begin ] --END-- [ RunTime:0.005000s ]
NOTIC: [8192] mysql_connect(): The mysql extension is deprecated and will be removed in the future: use mysqli or PDO instead E:\cucisvn\01-code\jonza\Library\Think\Library\Think\Session\Driver\Db.class.php 第 95 行.
NOTIC: [2048] Declaration of Guide\Controller\DaogouController::index() should be compatible with Library\Controller\Controller::index($model = NULL, $map = Array, $tpl = NULL) E:\cucisvn\01-code\jonza\Module\Guide\Controller\DaogouController.class.php 第 6 行.
SQL: SHOW COLUMNS FROM `wx_guide` [ RunTime:0.0090s ]
SQL: SHOW COLUMNS FROM `wx_tixian_record` [ RunTime:0.0100s ]
SQL: UPDATE `wx_tixian_record` SET `create_date`='2015-08-21 17:26:46',`status`='2' WHERE `id` = 12 [ RunTime:0.1490s ]
SQL: SHOW COLUMNS FROM `wx_guide` [ RunTime:0.0100s ]
SQL: SELECT * FROM `wx_guide` WHERE `guide_num` = 11564614 LIMIT 1   [ RunTime:0.0020s ]
SQL: UPDATE `wx_guide` SET `tixianprice`='800',`create_date`='2015-08-21 17:26:46' WHERE `guide_num` = 11564614 [ RunTime:0.2970s ]

[ 2015-08-21T17:27:35+08:00 ] 127.0.0.1 /jonza/index.php?s=Guide/Daogou/del
INFO: [ app_begin ] --START--
INFO: Run Behavior\ReadHtmlCacheBehavior [ RunTime:0.001000s ]
INFO: [ app_begin ] --END-- [ RunTime:0.005001s ]
NOTIC: [8192] mysql_connect(): The mysql extension is deprecated and will be removed in the future: use mysqli or PDO instead E:\cucisvn\01-code\jonza\Library\Think\Library\Think\Session\Driver\Db.class.php 第 95 行.
NOTIC: [2048] Declaration of Guide\Controller\DaogouController::index() should be compatible with Library\Controller\Controller::index($model = NULL, $map = Array, $tpl = NULL) E:\cucisvn\01-code\jonza\Module\Guide\Controller\DaogouController.class.php 第 6 行.
SQL: SHOW COLUMNS FROM `wx_guide` [ RunTime:0.0080s ]
SQL: DELETE FROM `wx_guide` WHERE `id` IN ('13') [ RunTime:0.0020s ]

