[ 2015-08-20T14:02:05+08:00 ] 127.0.0.1 /jonza/index.php/Guide/Daogou/edit/id/2.shtml
INFO: [ app_begin ] --START--
INFO: Run Behavior\ReadHtmlCacheBehavior [ RunTime:0.001000s ]
INFO: [ app_begin ] --END-- [ RunTime:0.002000s ]
NOTIC: [8192] mysql_connect(): The mysql extension is deprecated and will be removed in the future: use mysqli or PDO instead E:\cucisvn\01-code\jonza\Library\Think\Library\Think\Session\Driver\Db.class.php 第 95 行.
NOTIC: [2048] Declaration of Guide\Controller\DaogouController::index() should be compatible with Library\Controller\Controller::index($model = NULL, $map = Array, $tpl = NULL) E:\cucisvn\01-code\jonza\Module\Guide\Controller\DaogouController.class.php 第 6 行.
SQL: SHOW COLUMNS FROM `wx_guide` [ RunTime:0.0090s ]
SQL: SELECT * FROM `wx_guide` WHERE `id` = 2 LIMIT 1   [ RunTime:0.0010s ]

[ 2015-08-20T14:04:09+08:00 ] 127.0.0.1 /jonza/index.php/Guide/Daogou/edit/id/2.shtml
INFO: [ app_begin ] --START--
INFO: Run Behavior\ReadHtmlCacheBehavior [ RunTime:0.001000s ]
INFO: [ app_begin ] --END-- [ RunTime:0.002000s ]
NOTIC: [8192] mysql_connect(): The mysql extension is deprecated and will be removed in the future: use mysqli or PDO instead E:\cucisvn\01-code\jonza\Library\Think\Library\Think\Session\Driver\Db.class.php 第 95 行.
NOTIC: [2048] Declaration of Guide\Controller\DaogouController::index() should be compatible with Library\Controller\Controller::index($model = NULL, $map = Array, $tpl = NULL) E:\cucisvn\01-code\jonza\Module\Guide\Controller\DaogouController.class.php 第 6 行.
SQL: SHOW COLUMNS FROM `wx_guide` [ RunTime:0.0080s ]
SQL: SELECT * FROM `wx_guide` WHERE `id` = 2 LIMIT 1   [ RunTime:0.0000s ]

[ 2015-08-20T14:12:04+08:00 ] 127.0.0.1 /jonza/index.php/Guide/Daogou/details/id/2.shtml
INFO: [ app_begin ] --START--
INFO: Run Behavior\ReadHtmlCacheBehavior [ RunTime:0.001000s ]
INFO: [ app_begin ] --END-- [ RunTime:0.002000s ]
NOTIC: [8192] mysql_connect(): The mysql extension is deprecated and will be removed in the future: use mysqli or PDO instead E:\cucisvn\01-code\jonza\Library\Think\Library\Think\Session\Driver\Db.class.php 第 95 行.
NOTIC: [2048] Declaration of Guide\Controller\DaogouController::index() should be compatible with Library\Controller\Controller::index($model = NULL, $map = Array, $tpl = NULL) E:\cucisvn\01-code\jonza\Module\Guide\Controller\DaogouController.class.php 第 6 行.
INFO: [ view_parse ] --START--
INFO: [ template_filter ] --START--
INFO: Run Behavior\ContentReplaceBehavior [ RunTime:0.001000s ]
INFO: [ template_filter ] --END-- [ RunTime:0.001000s ]
NOTIC: [8] Undefined variable: ptitle E:\cucisvn\01-code\jonza\Static\Runtime\Cache\Guide\6904d1904cdda1b19d1811ee1a02f912.php 第 7 行.
NOTIC: [8] Undefined variable: vo E:\cucisvn\01-code\jonza\Static\Runtime\Cache\Guide\6904d1904cdda1b19d1811ee1a02f912.php 第 13 行.
NOTIC: [8] Undefined variable: vo E:\cucisvn\01-code\jonza\Static\Runtime\Cache\Guide\6904d1904cdda1b19d1811ee1a02f912.php 第 18 行.
NOTIC: [8] Undefined variable: vo E:\cucisvn\01-code\jonza\Static\Runtime\Cache\Guide\6904d1904cdda1b19d1811ee1a02f912.php 第 21 行.
INFO: Run Behavior\ParseTemplateBehavior [ RunTime:0.040002s ]
INFO: [ view_parse ] --END-- [ RunTime:0.041002s ]
INFO: [ view_filter ] --START--
INFO: Run Behavior\WriteHtmlCacheBehavior [ RunTime:0.001000s ]
INFO: Run Library\Behavior\EmptyImageBehavior [ RunTime:0.004000s ]
INFO: [ view_filter ] --END-- [ RunTime:0.005000s ]
INFO: [ app_end ] --START--
INFO: Run Behavior\ShowPageTraceBehavior [ RunTime:0.002000s ]
INFO: [ app_end ] --END-- [ RunTime:0.003000s ]

[ 2015-08-20T14:12:49+08:00 ] 127.0.0.1 /jonza/index.php/Guide/Daogou/details/id/2.shtml
INFO: [ app_begin ] --START--
INFO: Run Behavior\ReadHtmlCacheBehavior [ RunTime:0.001000s ]
INFO: [ app_begin ] --END-- [ RunTime:0.002000s ]
NOTIC: [8192] mysql_connect(): The mysql extension is deprecated and will be removed in the future: use mysqli or PDO instead E:\cucisvn\01-code\jonza\Library\Think\Library\Think\Session\Driver\Db.class.php 第 95 行.
NOTIC: [2048] Declaration of Guide\Controller\DaogouController::index() should be compatible with Library\Controller\Controller::index($model = NULL, $map = Array, $tpl = NULL) E:\cucisvn\01-code\jonza\Module\Guide\Controller\DaogouController.class.php 第 6 行.
INFO: [ view_parse ] --START--
INFO: [ template_filter ] --START--
INFO: Run Behavior\ContentReplaceBehavior [ RunTime:0.000000s ]
INFO: [ template_filter ] --END-- [ RunTime:0.000000s ]
NOTIC: [8] Undefined variable: ptitle E:\cucisvn\01-code\jonza\Static\Runtime\Cache\Guide\6904d1904cdda1b19d1811ee1a02f912.php 第 7 行.
NOTIC: [8] Undefined variable: vo E:\cucisvn\01-code\jonza\Static\Runtime\Cache\Guide\6904d1904cdda1b19d1811ee1a02f912.php 第 13 行.
NOTIC: [8] Undefined variable: vo E:\cucisvn\01-code\jonza\Static\Runtime\Cache\Guide\6904d1904cdda1b19d1811ee1a02f912.php 第 18 行.
NOTIC: [8] Undefined variable: vo E:\cucisvn\01-code\jonza\Static\Runtime\Cache\Guide\6904d1904cdda1b19d1811ee1a02f912.php 第 21 行.
INFO: Run Behavior\ParseTemplateBehavior [ RunTime:0.023001s ]
INFO: [ view_parse ] --END-- [ RunTime:0.024001s ]
INFO: [ view_filter ] --START--
INFO: Run Behavior\WriteHtmlCacheBehavior [ RunTime:0.002000s ]
INFO: Run Library\Behavior\EmptyImageBehavior [ RunTime:0.002000s ]
INFO: [ view_filter ] --END-- [ RunTime:0.005000s ]
INFO: [ app_end ] --START--
INFO: Run Behavior\ShowPageTraceBehavior [ RunTime:0.001001s ]
INFO: [ app_end ] --END-- [ RunTime:0.003001s ]

[ 2015-08-20T14:13:03+08:00 ] 127.0.0.1 /jonza/index.php/Guide/Daogou/details/id/2.shtml
INFO: [ app_begin ] --START--
INFO: Run Behavior\ReadHtmlCacheBehavior [ RunTime:0.002000s ]
INFO: [ app_begin ] --END-- [ RunTime:0.002000s ]
NOTIC: [8192] mysql_connect(): The mysql extension is deprecated and will be removed in the future: use mysqli or PDO instead E:\cucisvn\01-code\jonza\Library\Think\Library\Think\Session\Driver\Db.class.php 第 95 行.
NOTIC: [2048] Declaration of Guide\Controller\DaogouController::index() should be compatible with Library\Controller\Controller::index($model = NULL, $map = Array, $tpl = NULL) E:\cucisvn\01-code\jonza\Module\Guide\Controller\DaogouController.class.php 第 6 行.
SQL: SHOW COLUMNS FROM `wx_tixian_record` [ RunTime:0.0080s ]
SQL: SELECT COUNT(1) AS tp_count FROM `wx_tixian_record` WHERE `id` = '2' LIMIT 1   [ RunTime:0.0010s ]
SQL: SELECT * FROM `wx_tixian_record` WHERE `id` = '2' ORDER BY `id` asc LIMIT 0,20   [ RunTime:0.0010s ]
INFO: [ view_parse ] --START--
INFO: [ template_filter ] --START--
INFO: Run Behavior\ContentReplaceBehavior [ RunTime:0.000000s ]
INFO: [ template_filter ] --END-- [ RunTime:0.001000s ]
NOTIC: [8] Undefined variable: vo E:\cucisvn\01-code\jonza\Static\Runtime\Cache\Guide\6904d1904cdda1b19d1811ee1a02f912.php 第 13 行.
NOTIC: [8] Undefined variable: vo E:\cucisvn\01-code\jonza\Static\Runtime\Cache\Guide\6904d1904cdda1b19d1811ee1a02f912.php 第 18 行.
NOTIC: [8] Undefined variable: vo E:\cucisvn\01-code\jonza\Static\Runtime\Cache\Guide\6904d1904cdda1b19d1811ee1a02f912.php 第 21 行.
INFO: Run Behavior\ParseTemplateBehavior [ RunTime:0.024002s ]
INFO: [ view_parse ] --END-- [ RunTime:0.024002s ]
INFO: [ view_filter ] --START--
INFO: Run Behavior\WriteHtmlCacheBehavior [ RunTime:0.001000s ]
INFO: Run Library\Behavior\EmptyImageBehavior [ RunTime:0.004000s ]
INFO: [ view_filter ] --END-- [ RunTime:0.006000s ]
INFO: [ app_end ] --START--
INFO: Run Behavior\ShowPageTraceBehavior [ RunTime:0.001000s ]
INFO: [ app_end ] --END-- [ RunTime:0.002000s ]

[ 2015-08-20T14:13:26+08:00 ] 127.0.0.1 /jonza/index.php/Guide/Daogou/details/id/2.shtml
INFO: [ app_begin ] --START--
INFO: Run Behavior\ReadHtmlCacheBehavior [ RunTime:0.002000s ]
INFO: [ app_begin ] --END-- [ RunTime:0.004001s ]
NOTIC: [8192] mysql_connect(): The mysql extension is deprecated and will be removed in the future: use mysqli or PDO instead E:\cucisvn\01-code\jonza\Library\Think\Library\Think\Session\Driver\Db.class.php 第 95 行.
NOTIC: [2048] Declaration of Guide\Controller\DaogouController::index() should be compatible with Library\Controller\Controller::index($model = NULL, $map = Array, $tpl = NULL) E:\cucisvn\01-code\jonza\Module\Guide\Controller\DaogouController.class.php 第 6 行.
INFO: [ view_parse ] --START--
INFO: [ template_filter ] --START--
INFO: Run Behavior\ContentReplaceBehavior [ RunTime:0.000000s ]
INFO: [ template_filter ] --END-- [ RunTime:0.001000s ]
NOTIC: [8] Undefined variable: ptitle E:\cucisvn\01-code\jonza\Static\Runtime\Cache\Guide\6904d1904cdda1b19d1811ee1a02f912.php 第 7 行.
NOTIC: [8] Undefined variable: vo E:\cucisvn\01-code\jonza\Static\Runtime\Cache\Guide\6904d1904cdda1b19d1811ee1a02f912.php 第 13 行.
NOTIC: [8] Undefined variable: vo E:\cucisvn\01-code\jonza\Static\Runtime\Cache\Guide\6904d1904cdda1b19d1811ee1a02f912.php 第 18 行.
NOTIC: [8] Undefined variable: vo E:\cucisvn\01-code\jonza\Static\Runtime\Cache\Guide\6904d1904cdda1b19d1811ee1a02f912.php 第 21 行.
INFO: Run Behavior\ParseTemplateBehavior [ RunTime:0.020001s ]
INFO: [ view_parse ] --END-- [ RunTime:0.021001s ]
INFO: [ view_filter ] --START--
INFO: Run Behavior\WriteHtmlCacheBehavior [ RunTime:0.001000s ]
INFO: Run Library\Behavior\EmptyImageBehavior [ RunTime:0.003000s ]
INFO: [ view_filter ] --END-- [ RunTime:0.005000s ]
INFO: [ app_end ] --START--
INFO: Run Behavior\ShowPageTraceBehavior [ RunTime:0.002001s ]
INFO: [ app_end ] --END-- [ RunTime:0.002001s ]

[ 2015-08-20T14:13:35+08:00 ] 127.0.0.1 /jonza/index.php/Guide/Daogou/details/id/2.shtml
INFO: [ app_begin ] --START--
INFO: Run Behavior\ReadHtmlCacheBehavior [ RunTime:0.001000s ]
INFO: [ app_begin ] --END-- [ RunTime:0.004001s ]
NOTIC: [8192] mysql_connect(): The mysql extension is deprecated and will be removed in the future: use mysqli or PDO instead E:\cucisvn\01-code\jonza\Library\Think\Library\Think\Session\Driver\Db.class.php 第 95 行.
NOTIC: [2048] Declaration of Guide\Controller\DaogouController::index() should be compatible with Library\Controller\Controller::index($model = NULL, $map = Array, $tpl = NULL) E:\cucisvn\01-code\jonza\Module\Guide\Controller\DaogouController.class.php 第 6 行.
INFO: [ view_parse ] --START--
INFO: [ template_filter ] --START--
INFO: Run Behavior\ContentReplaceBehavior [ RunTime:0.001000s ]
INFO: [ template_filter ] --END-- [ RunTime:0.001000s ]
NOTIC: [8] Undefined variable: ptitle E:\cucisvn\01-code\jonza\Static\Runtime\Cache\Guide\6904d1904cdda1b19d1811ee1a02f912.php 第 7 行.
NOTIC: [8] Undefined variable: vo E:\cucisvn\01-code\jonza\Static\Runtime\Cache\Guide\6904d1904cdda1b19d1811ee1a02f912.php 第 13 行.
NOTIC: [8] Undefined variable: vo E:\cucisvn\01-code\jonza\Static\Runtime\Cache\Guide\6904d1904cdda1b19d1811ee1a02f912.php 第 18 行.
NOTIC: [8] Undefined variable: vo E:\cucisvn\01-code\jonza\Static\Runtime\Cache\Guide\6904d1904cdda1b19d1811ee1a02f912.php 第 21 行.
INFO: Run Behavior\ParseTemplateBehavior [ RunTime:0.023002s ]
INFO: [ view_parse ] --END-- [ RunTime:0.023002s ]
INFO: [ view_filter ] --START--
INFO: Run Behavior\WriteHtmlCacheBehavior [ RunTime:0.001000s ]
INFO: Run Library\Behavior\EmptyImageBehavior [ RunTime:0.002000s ]
INFO: [ view_filter ] --END-- [ RunTime:0.004000s ]
INFO: [ app_end ] --START--
INFO: Run Behavior\ShowPageTraceBehavior [ RunTime:0.001000s ]
INFO: [ app_end ] --END-- [ RunTime:0.002000s ]

[ 2015-08-20T14:13:47+08:00 ] 127.0.0.1 /jonza/index.php/Guide/Daogou/details/id/2.shtml
INFO: [ app_begin ] --START--
INFO: Run Behavior\ReadHtmlCacheBehavior [ RunTime:0.001000s ]
INFO: [ app_begin ] --END-- [ RunTime:0.003001s ]
NOTIC: [8192] mysql_connect(): The mysql extension is deprecated and will be removed in the future: use mysqli or PDO instead E:\cucisvn\01-code\jonza\Library\Think\Library\Think\Session\Driver\Db.class.php 第 95 行.
NOTIC: [2048] Declaration of Guide\Controller\DaogouController::index() should be compatible with Library\Controller\Controller::index($model = NULL, $map = Array, $tpl = NULL) E:\cucisvn\01-code\jonza\Module\Guide\Controller\DaogouController.class.php 第 6 行.
SQL: SHOW COLUMNS FROM `wx_tixian_record` [ RunTime:0.0070s ]
SQL: SELECT COUNT(1) AS tp_count FROM `wx_tixian_record` WHERE `id` = '2' LIMIT 1   [ RunTime:0.0010s ]
SQL: SELECT * FROM `wx_tixian_record` WHERE `id` = '2' ORDER BY `id` asc LIMIT 0,20   [ RunTime:0.0000s ]
INFO: [ view_parse ] --START--
INFO: [ template_filter ] --START--
INFO: Run Behavior\ContentReplaceBehavior [ RunTime:0.000000s ]
INFO: [ template_filter ] --END-- [ RunTime:0.001000s ]
NOTIC: [8] Undefined variable: vo E:\cucisvn\01-code\jonza\Static\Runtime\Cache\Guide\6904d1904cdda1b19d1811ee1a02f912.php 第 13 行.
NOTIC: [8] Undefined variable: vo E:\cucisvn\01-code\jonza\Static\Runtime\Cache\Guide\6904d1904cdda1b19d1811ee1a02f912.php 第 18 行.
NOTIC: [8] Undefined variable: vo E:\cucisvn\01-code\jonza\Static\Runtime\Cache\Guide\6904d1904cdda1b19d1811ee1a02f912.php 第 21 行.
INFO: Run Behavior\ParseTemplateBehavior [ RunTime:0.021001s ]
INFO: [ view_parse ] --END-- [ RunTime:0.021001s ]
INFO: [ view_filter ] --START--
INFO: Run Behavior\WriteHtmlCacheBehavior [ RunTime:0.001000s ]
INFO: Run Library\Behavior\EmptyImageBehavior [ RunTime:0.002000s ]
INFO: [ view_filter ] --END-- [ RunTime:0.004000s ]
INFO: [ app_end ] --START--
INFO: Run Behavior\ShowPageTraceBehavior [ RunTime:0.001000s ]
INFO: [ app_end ] --END-- [ RunTime:0.002001s ]

[ 2015-08-20T14:13:58+08:00 ] 127.0.0.1 /jonza/index.php/Guide/Daogou/details/id/2.shtml
INFO: [ app_begin ] --START--
INFO: Run Behavior\ReadHtmlCacheBehavior [ RunTime:0.001000s ]
INFO: [ app_begin ] --END-- [ RunTime:0.003000s ]
NOTIC: [8192] mysql_connect(): The mysql extension is deprecated and will be removed in the future: use mysqli or PDO instead E:\cucisvn\01-code\jonza\Library\Think\Library\Think\Session\Driver\Db.class.php 第 95 行.
NOTIC: [2048] Declaration of Guide\Controller\DaogouController::index() should be compatible with Library\Controller\Controller::index($model = NULL, $map = Array, $tpl = NULL) E:\cucisvn\01-code\jonza\Module\Guide\Controller\DaogouController.class.php 第 6 行.
SQL: SHOW COLUMNS FROM `wx_guide` [ RunTime:0.0080s ]
SQL: SELECT COUNT(1) AS tp_count FROM `wx_guide` WHERE `id` = '2' LIMIT 1   [ RunTime:0.0010s ]
INFO: [ view_parse ] --START--
INFO: [ template_filter ] --START--
INFO: Run Behavior\ContentReplaceBehavior [ RunTime:0.000000s ]
INFO: [ template_filter ] --END-- [ RunTime:0.001000s ]
NOTIC: [8] Undefined variable: vo E:\cucisvn\01-code\jonza\Static\Runtime\Cache\Guide\6904d1904cdda1b19d1811ee1a02f912.php 第 13 行.
NOTIC: [8] Undefined variable: vo E:\cucisvn\01-code\jonza\Static\Runtime\Cache\Guide\6904d1904cdda1b19d1811ee1a02f912.php 第 18 行.
NOTIC: [8] Undefined variable: vo E:\cucisvn\01-code\jonza\Static\Runtime\Cache\Guide\6904d1904cdda1b19d1811ee1a02f912.php 第 21 行.
INFO: Run Behavior\ParseTemplateBehavior [ RunTime:0.020001s ]
INFO: [ view_parse ] --END-- [ RunTime:0.020001s ]
INFO: [ view_filter ] --START--
INFO: Run Behavior\WriteHtmlCacheBehavior [ RunTime:0.001000s ]
INFO: Run Library\Behavior\EmptyImageBehavior [ RunTime:0.002000s ]
INFO: [ view_filter ] --END-- [ RunTime:0.004000s ]
INFO: [ app_end ] --START--
INFO: Run Behavior\ShowPageTraceBehavior [ RunTime:0.002001s ]
INFO: [ app_end ] --END-- [ RunTime:0.002001s ]

[ 2015-08-20T14:15:26+08:00 ] 127.0.0.1 /jonza/index.php/Guide/Daogou/details/id/2.shtml
INFO: [ app_begin ] --START--
INFO: Run Behavior\ReadHtmlCacheBehavior [ RunTime:0.001000s ]
INFO: [ app_begin ] --END-- [ RunTime:0.002000s ]
NOTIC: [8192] mysql_connect(): The mysql extension is deprecated and will be removed in the future: use mysqli or PDO instead E:\cucisvn\01-code\jonza\Library\Think\Library\Think\Session\Driver\Db.class.php 第 95 行.
NOTIC: [2048] Declaration of Guide\Controller\DaogouController::index() should be compatible with Library\Controller\Controller::index($model = NULL, $map = Array, $tpl = NULL) E:\cucisvn\01-code\jonza\Module\Guide\Controller\DaogouController.class.php 第 6 行.
SQL: SHOW COLUMNS FROM `wx_guide` [ RunTime:0.0070s ]
SQL: SELECT COUNT(1) AS tp_count FROM `wx_guide` WHERE `id` = '2' LIMIT 1   [ RunTime:0.0010s ]
INFO: [ view_parse ] --START--
INFO: [ template_filter ] --START--
INFO: Run Behavior\ContentReplaceBehavior [ RunTime:0.000000s ]
INFO: [ template_filter ] --END-- [ RunTime:0.000000s ]
NOTIC: [8] Undefined variable: vo E:\cucisvn\01-code\jonza\Static\Runtime\Cache\Guide\6904d1904cdda1b19d1811ee1a02f912.php 第 13 行.
NOTIC: [8] Undefined variable: vo E:\cucisvn\01-code\jonza\Static\Runtime\Cache\Guide\6904d1904cdda1b19d1811ee1a02f912.php 第 18 行.
NOTIC: [8] Undefined variable: vo E:\cucisvn\01-code\jonza\Static\Runtime\Cache\Guide\6904d1904cdda1b19d1811ee1a02f912.php 第 21 行.
INFO: Run Behavior\ParseTemplateBehavior [ RunTime:0.019001s ]
INFO: [ view_parse ] --END-- [ RunTime:0.019001s ]
INFO: [ view_filter ] --START--
INFO: Run Behavior\WriteHtmlCacheBehavior [ RunTime:0.000000s ]
INFO: Run Library\Behavior\EmptyImageBehavior [ RunTime:0.002000s ]
INFO: [ view_filter ] --END-- [ RunTime:0.003000s ]
INFO: [ app_end ] --START--
INFO: Run Behavior\ShowPageTraceBehavior [ RunTime:0.002001s ]
INFO: [ app_end ] --END-- [ RunTime:0.002001s ]

[ 2015-08-20T14:17:25+08:00 ] 127.0.0.1 /jonza/index.php/Guide/Daogou/details/id/2.shtml
INFO: [ app_begin ] --START--
INFO: Run Behavior\ReadHtmlCacheBehavior [ RunTime:0.004000s ]
INFO: [ app_begin ] --END-- [ RunTime:0.006001s ]
NOTIC: [8192] mysql_connect(): The mysql extension is deprecated and will be removed in the future: use mysqli or PDO instead E:\cucisvn\01-code\jonza\Library\Think\Library\Think\Session\Driver\Db.class.php 第 95 行.
NOTIC: [2048] Declaration of Guide\Controller\DaogouController::index() should be compatible with Library\Controller\Controller::index($model = NULL, $map = Array, $tpl = NULL) E:\cucisvn\01-code\jonza\Module\Guide\Controller\DaogouController.class.php 第 6 行.
SQL: SHOW COLUMNS FROM `wx_guide` [ RunTime:0.0100s ]
SQL: SHOW COLUMNS FROM `wx_tixian_record` [ RunTime:0.0080s ]
SQL: SELECT * FROM `wx_tixian_record` WHERE `id` = 2 LIMIT 1   [ RunTime:0.0010s ]
SQL: SELECT COUNT(1) AS tp_count FROM `wx_guide` WHERE `id` = 2 AND `openid` = 'oAeaZjht65CnSwZ3L4QXa82nvMZA' AND `guide_num` = 11564614 AND `create_date` = '2015-08-20 13:51:07' LIMIT 1   [ RunTime:0.0010s ]
INFO: [ view_parse ] --START--
INFO: [ template_filter ] --START--
INFO: Run Behavior\ContentReplaceBehavior [ RunTime:0.001000s ]
INFO: [ template_filter ] --END-- [ RunTime:0.001000s ]
NOTIC: [8] Undefined index: guide_name E:\cucisvn\01-code\jonza\Static\Runtime\Cache\Guide\6904d1904cdda1b19d1811ee1a02f912.php 第 13 行.
INFO: Run Behavior\ParseTemplateBehavior [ RunTime:0.023001s ]
INFO: [ view_parse ] --END-- [ RunTime:0.024001s ]
INFO: [ view_filter ] --START--
INFO: Run Behavior\WriteHtmlCacheBehavior [ RunTime:0.002001s ]
INFO: Run Library\Behavior\EmptyImageBehavior [ RunTime:0.002000s ]
INFO: [ view_filter ] --END-- [ RunTime:0.004001s ]
INFO: [ app_end ] --START--
INFO: Run Behavior\ShowPageTraceBehavior [ RunTime:0.001000s ]
INFO: [ app_end ] --END-- [ RunTime:0.001000s ]

[ 2015-08-20T14:17:37+08:00 ] 127.0.0.1 /jonza/index.php/Guide/Daogou/details/id/2.shtml
INFO: [ app_begin ] --START--
INFO: Run Behavior\ReadHtmlCacheBehavior [ RunTime:0.006000s ]
INFO: [ app_begin ] --END-- [ RunTime:0.006000s ]
NOTIC: [8192] mysql_connect(): The mysql extension is deprecated and will be removed in the future: use mysqli or PDO instead E:\cucisvn\01-code\jonza\Library\Think\Library\Think\Session\Driver\Db.class.php 第 95 行.
NOTIC: [2048] Declaration of Guide\Controller\DaogouController::index() should be compatible with Library\Controller\Controller::index($model = NULL, $map = Array, $tpl = NULL) E:\cucisvn\01-code\jonza\Module\Guide\Controller\DaogouController.class.php 第 6 行.
SQL: SHOW COLUMNS FROM `wx_guide` [ RunTime:0.0100s ]
SQL: SHOW COLUMNS FROM `wx_tixian_record` [ RunTime:0.0080s ]
SQL: SELECT * FROM `wx_tixian_record` WHERE `id` = 2 LIMIT 1   [ RunTime:0.0010s ]
SQL: SELECT COUNT(1) AS tp_count FROM `wx_guide` WHERE `id` = 2 AND `openid` = 'oAeaZjht65CnSwZ3L4QXa82nvMZA' AND `guide_num` = 11564614 AND `create_date` = '2015-08-20 13:51:07' LIMIT 1   [ RunTime:0.0010s ]
INFO: [ view_parse ] --START--
INFO: [ template_filter ] --START--
INFO: Run Behavior\ContentReplaceBehavior [ RunTime:0.001000s ]
INFO: [ template_filter ] --END-- [ RunTime:0.001000s ]
INFO: Run Behavior\ParseTemplateBehavior [ RunTime:0.021001s ]
INFO: [ view_parse ] --END-- [ RunTime:0.021001s ]
INFO: [ view_filter ] --START--
INFO: Run Behavior\WriteHtmlCacheBehavior [ RunTime:0.002000s ]
INFO: Run Library\Behavior\EmptyImageBehavior [ RunTime:0.002000s ]
INFO: [ view_filter ] --END-- [ RunTime:0.004000s ]
INFO: [ app_end ] --START--
INFO: Run Behavior\ShowPageTraceBehavior [ RunTime:0.001000s ]
INFO: [ app_end ] --END-- [ RunTime:0.001000s ]

[ 2015-08-20T14:18:08+08:00 ] 127.0.0.1 /jonza/index.php/Guide/Daogou/details/id/2.shtml
INFO: [ app_begin ] --START--
INFO: Run Behavior\ReadHtmlCacheBehavior [ RunTime:0.001000s ]
INFO: [ app_begin ] --END-- [ RunTime:0.002000s ]
NOTIC: [8192] mysql_connect(): The mysql extension is deprecated and will be removed in the future: use mysqli or PDO instead E:\cucisvn\01-code\jonza\Library\Think\Library\Think\Session\Driver\Db.class.php 第 95 行.
NOTIC: [2048] Declaration of Guide\Controller\DaogouController::index() should be compatible with Library\Controller\Controller::index($model = NULL, $map = Array, $tpl = NULL) E:\cucisvn\01-code\jonza\Module\Guide\Controller\DaogouController.class.php 第 6 行.
SQL: SHOW COLUMNS FROM `wx_guide` [ RunTime:0.0070s ]
SQL: SHOW COLUMNS FROM `wx_tixian_record` [ RunTime:0.0090s ]
SQL: SELECT * FROM `wx_tixian_record` WHERE `id` = 2 LIMIT 1   [ RunTime:0.0010s ]
SQL: SELECT COUNT(1) AS tp_count FROM `wx_guide` WHERE `id` = 2 AND `openid` = 'oAeaZjht65CnSwZ3L4QXa82nvMZA' AND `guide_num` = 11564614 AND `create_date` = '2015-08-20 13:51:07' LIMIT 1   [ RunTime:0.0010s ]
INFO: [ view_parse ] --START--
INFO: [ template_filter ] --START--
INFO: Run Behavior\ContentReplaceBehavior [ RunTime:0.000000s ]
INFO: [ template_filter ] --END-- [ RunTime:0.001000s ]
INFO: Run Behavior\ParseTemplateBehavior [ RunTime:0.021001s ]
INFO: [ view_parse ] --END-- [ RunTime:0.021001s ]
INFO: [ view_filter ] --START--
INFO: Run Behavior\WriteHtmlCacheBehavior [ RunTime:0.001000s ]
INFO: Run Library\Behavior\EmptyImageBehavior [ RunTime:0.003000s ]
INFO: [ view_filter ] --END-- [ RunTime:0.004000s ]
INFO: [ app_end ] --START--
INFO: Run Behavior\ShowPageTraceBehavior [ RunTime:0.002000s ]
INFO: [ app_end ] --END-- [ RunTime:0.002000s ]

[ 2015-08-20T14:18:10+08:00 ] 127.0.0.1 /jonza/index.php/Guide/Daogou/details/id/2.shtml
INFO: [ app_begin ] --START--
INFO: Run Behavior\ReadHtmlCacheBehavior [ RunTime:0.001000s ]
INFO: [ app_begin ] --END-- [ RunTime:0.002000s ]
NOTIC: [8192] mysql_connect(): The mysql extension is deprecated and will be removed in the future: use mysqli or PDO instead E:\cucisvn\01-code\jonza\Library\Think\Library\Think\Session\Driver\Db.class.php 第 95 行.
NOTIC: [2048] Declaration of Guide\Controller\DaogouController::index() should be compatible with Library\Controller\Controller::index($model = NULL, $map = Array, $tpl = NULL) E:\cucisvn\01-code\jonza\Module\Guide\Controller\DaogouController.class.php 第 6 行.
SQL: SHOW COLUMNS FROM `wx_guide` [ RunTime:0.0080s ]

[ 2015-08-20T14:18:32+08:00 ] 127.0.0.1 /jonza/index.php/Guide/Daogou/details/id/2.shtml
INFO: [ app_begin ] --START--
INFO: Run Behavior\ReadHtmlCacheBehavior [ RunTime:0.001000s ]
INFO: [ app_begin ] --END-- [ RunTime:0.004001s ]
NOTIC: [8192] mysql_connect(): The mysql extension is deprecated and will be removed in the future: use mysqli or PDO instead E:\cucisvn\01-code\jonza\Library\Think\Library\Think\Session\Driver\Db.class.php 第 95 行.
NOTIC: [2048] Declaration of Guide\Controller\DaogouController::index() should be compatible with Library\Controller\Controller::index($model = NULL, $map = Array, $tpl = NULL) E:\cucisvn\01-code\jonza\Module\Guide\Controller\DaogouController.class.php 第 6 行.
SQL: SHOW COLUMNS FROM `wx_guide` [ RunTime:0.0070s ]
SQL: SHOW COLUMNS FROM `wx_tixian_record` [ RunTime:0.0210s ]
SQL: SELECT * FROM `wx_tixian_record` WHERE `id` = 2 LIMIT 1   [ RunTime:0.0010s ]
SQL: SELECT COUNT(1) AS tp_count FROM `wx_guide` WHERE `id` = 2 AND `openid` = 'oAeaZjht65CnSwZ3L4QXa82nvMZA' AND `guide_num` = 11564614 AND `create_date` = '2015-08-20 13:51:07' LIMIT 1   [ RunTime:0.0010s ]
INFO: [ view_parse ] --START--
INFO: [ template_filter ] --START--
INFO: Run Behavior\ContentReplaceBehavior [ RunTime:0.001000s ]
INFO: [ template_filter ] --END-- [ RunTime:0.001000s ]
INFO: Run Behavior\ParseTemplateBehavior [ RunTime:0.021001s ]
INFO: [ view_parse ] --END-- [ RunTime:0.021001s ]
INFO: [ view_filter ] --START--
INFO: Run Behavior\WriteHtmlCacheBehavior [ RunTime:0.001000s ]
INFO: Run Library\Behavior\EmptyImageBehavior [ RunTime:0.003000s ]
INFO: [ view_filter ] --END-- [ RunTime:0.005000s ]
INFO: [ app_end ] --START--
INFO: Run Behavior\ShowPageTraceBehavior [ RunTime:0.001000s ]
INFO: [ app_end ] --END-- [ RunTime:0.002000s ]

[ 2015-08-20T14:18:33+08:00 ] 127.0.0.1 /jonza/index.php/Guide/Daogou/details/id/2.shtml
INFO: [ app_begin ] --START--
INFO: Run Behavior\ReadHtmlCacheBehavior [ RunTime:0.001000s ]
INFO: [ app_begin ] --END-- [ RunTime:0.001000s ]
NOTIC: [8192] mysql_connect(): The mysql extension is deprecated and will be removed in the future: use mysqli or PDO instead E:\cucisvn\01-code\jonza\Library\Think\Library\Think\Session\Driver\Db.class.php 第 95 行.
NOTIC: [2048] Declaration of Guide\Controller\DaogouController::index() should be compatible with Library\Controller\Controller::index($model = NULL, $map = Array, $tpl = NULL) E:\cucisvn\01-code\jonza\Module\Guide\Controller\DaogouController.class.php 第 6 行.
SQL: SHOW COLUMNS FROM `wx_guide` [ RunTime:0.0080s ]
SQL: SHOW COLUMNS FROM `wx_tixian_record` [ RunTime:0.0080s ]
SQL: UPDATE `wx_tixian_record` SET `create_date`='2015-08-20 14:18:33',`status`='2' WHERE `id` = 2 [ RunTime:0.0490s ]

[ 2015-08-20T14:25:33+08:00 ] 127.0.0.1 /jonza/index.php/Guide/Daogou/details/id/2.shtml
INFO: [ app_begin ] --START--
INFO: Run Behavior\ReadHtmlCacheBehavior [ RunTime:0.001000s ]
INFO: [ app_begin ] --END-- [ RunTime:0.002001s ]
NOTIC: [8192] mysql_connect(): The mysql extension is deprecated and will be removed in the future: use mysqli or PDO instead E:\cucisvn\01-code\jonza\Library\Think\Library\Think\Session\Driver\Db.class.php 第 95 行.
NOTIC: [2048] Declaration of Guide\Controller\DaogouController::index() should be compatible with Library\Controller\Controller::index($model = NULL, $map = Array, $tpl = NULL) E:\cucisvn\01-code\jonza\Module\Guide\Controller\DaogouController.class.php 第 6 行.
SQL: SHOW COLUMNS FROM `wx_guide` [ RunTime:0.0080s ]
SQL: SHOW COLUMNS FROM `wx_tixian_record` [ RunTime:0.0080s ]
SQL: SELECT * FROM `wx_tixian_record` WHERE `id` = 2 LIMIT 1   [ RunTime:0.0010s ]
SQL: SELECT COUNT(1) AS tp_count FROM `wx_guide` WHERE `id` = 2 AND `openid` = 'oAeaZjht65CnSwZ3L4QXa82nvMZA' AND `guide_num` = 11564614 AND `create_date` = '2015-08-20 14:25:29' LIMIT 1   [ RunTime:0.0010s ]
INFO: [ view_parse ] --START--
INFO: [ template_filter ] --START--
INFO: Run Behavior\ContentReplaceBehavior [ RunTime:0.001000s ]
INFO: [ template_filter ] --END-- [ RunTime:0.001000s ]
INFO: Run Behavior\ParseTemplateBehavior [ RunTime:0.022002s ]
INFO: [ view_parse ] --END-- [ RunTime:0.022002s ]
INFO: [ view_filter ] --START--
INFO: Run Behavior\WriteHtmlCacheBehavior [ RunTime:0.001000s ]
INFO: Run Library\Behavior\EmptyImageBehavior [ RunTime:0.002000s ]
INFO: [ view_filter ] --END-- [ RunTime:0.004000s ]
INFO: [ app_end ] --START--
INFO: Run Behavior\ShowPageTraceBehavior [ RunTime:0.001000s ]
INFO: [ app_end ] --END-- [ RunTime:0.001000s ]

[ 2015-08-20T14:25:37+08:00 ] 127.0.0.1 /jonza/index.php/Guide/Daogou/details/id/2.shtml
INFO: [ app_begin ] --START--
INFO: Run Behavior\ReadHtmlCacheBehavior [ RunTime:0.001000s ]
INFO: [ app_begin ] --END-- [ RunTime:0.002000s ]
NOTIC: [8192] mysql_connect(): The mysql extension is deprecated and will be removed in the future: use mysqli or PDO instead E:\cucisvn\01-code\jonza\Library\Think\Library\Think\Session\Driver\Db.class.php 第 95 行.
NOTIC: [2048] Declaration of Guide\Controller\DaogouController::index() should be compatible with Library\Controller\Controller::index($model = NULL, $map = Array, $tpl = NULL) E:\cucisvn\01-code\jonza\Module\Guide\Controller\DaogouController.class.php 第 6 行.
SQL: SHOW COLUMNS FROM `wx_guide` [ RunTime:0.0090s ]
SQL: SHOW COLUMNS FROM `wx_tixian_record` [ RunTime:0.0070s ]
SQL: UPDATE `wx_tixian_record` SET `create_date`='2015-08-20 14:25:37',`status`='2' WHERE `id` = 2 [ RunTime:0.0440s ]
SQL: SHOW COLUMNS FROM `wx_guide` [ RunTime:0.0080s ]
SQL: SELECT * FROM `wx_guide` WHERE `guide_num` = 11564614 LIMIT 1   [ RunTime:0.0010s ]
NOTIC: [8] Undefined variable: myinfo E:\cucisvn\01-code\jonza\Module\Guide\Controller\DaogouController.class.php 第 179 行.
SQL: UPDATE `wx_guide` SET `tixianprice`='-100',`create_date`='2015-08-20 14:25:37' WHERE `guide_num` = 11564614 [ RunTime:0.0010s ]

[ 2015-08-20T14:26:15+08:00 ] 127.0.0.1 /jonza/index.php/Guide/Daogou/details/id/2.shtml
INFO: [ app_begin ] --START--
INFO: Run Behavior\ReadHtmlCacheBehavior [ RunTime:0.001000s ]
INFO: [ app_begin ] --END-- [ RunTime:0.003000s ]
NOTIC: [8192] mysql_connect(): The mysql extension is deprecated and will be removed in the future: use mysqli or PDO instead E:\cucisvn\01-code\jonza\Library\Think\Library\Think\Session\Driver\Db.class.php 第 95 行.
NOTIC: [2048] Declaration of Guide\Controller\DaogouController::index() should be compatible with Library\Controller\Controller::index($model = NULL, $map = Array, $tpl = NULL) E:\cucisvn\01-code\jonza\Module\Guide\Controller\DaogouController.class.php 第 6 行.
SQL: SHOW COLUMNS FROM `wx_guide` [ RunTime:0.0070s ]
SQL: SHOW COLUMNS FROM `wx_tixian_record` [ RunTime:0.0060s ]
SQL: SELECT * FROM `wx_tixian_record` WHERE `id` = 2 LIMIT 1   [ RunTime:0.0010s ]
SQL: SELECT COUNT(1) AS tp_count FROM `wx_guide` WHERE `id` = 2 AND `openid` = 'oAeaZjht65CnSwZ3L4QXa82nvMZA' AND `guide_num` = 11564614 AND `create_date` = '2015-08-20 14:26:13' LIMIT 1   [ RunTime:0.0000s ]
INFO: [ view_parse ] --START--
INFO: [ template_filter ] --START--
INFO: Run Behavior\ContentReplaceBehavior [ RunTime:0.001000s ]
INFO: [ template_filter ] --END-- [ RunTime:0.001000s ]
INFO: Run Behavior\ParseTemplateBehavior [ RunTime:0.019002s ]
INFO: [ view_parse ] --END-- [ RunTime:0.020002s ]
INFO: [ view_filter ] --START--
INFO: Run Behavior\WriteHtmlCacheBehavior [ RunTime:0.001000s ]
INFO: Run Library\Behavior\EmptyImageBehavior [ RunTime:0.003000s ]
INFO: [ view_filter ] --END-- [ RunTime:0.004000s ]
INFO: [ app_end ] --START--
INFO: Run Behavior\ShowPageTraceBehavior [ RunTime:0.001000s ]
INFO: [ app_end ] --END-- [ RunTime:0.002000s ]

[ 2015-08-20T14:26:17+08:00 ] 127.0.0.1 /jonza/index.php/Guide/Daogou/details/id/2.shtml
INFO: [ app_begin ] --START--
INFO: Run Behavior\ReadHtmlCacheBehavior [ RunTime:0.001000s ]
INFO: [ app_begin ] --END-- [ RunTime:0.002000s ]
NOTIC: [8192] mysql_connect(): The mysql extension is deprecated and will be removed in the future: use mysqli or PDO instead E:\cucisvn\01-code\jonza\Library\Think\Library\Think\Session\Driver\Db.class.php 第 95 行.
NOTIC: [2048] Declaration of Guide\Controller\DaogouController::index() should be compatible with Library\Controller\Controller::index($model = NULL, $map = Array, $tpl = NULL) E:\cucisvn\01-code\jonza\Module\Guide\Controller\DaogouController.class.php 第 6 行.
SQL: SHOW COLUMNS FROM `wx_guide` [ RunTime:0.0090s ]
SQL: SHOW COLUMNS FROM `wx_tixian_record` [ RunTime:0.0080s ]
SQL: UPDATE `wx_tixian_record` SET `create_date`='2015-08-20 14:26:17',`status`='2' WHERE `id` = 2 [ RunTime:0.0320s ]
SQL: SHOW COLUMNS FROM `wx_guide` [ RunTime:0.0090s ]
SQL: SELECT * FROM `wx_guide` WHERE `guide_num` = 11564614 LIMIT 1   [ RunTime:0.0010s ]
SQL: UPDATE `wx_guide` SET `tixianprice`='-100',`create_date`='2015-08-20 14:26:17' WHERE `guide_num` = 11564614 [ RunTime:0.0010s ]

[ 2015-08-20T14:26:42+08:00 ] 127.0.0.1 /jonza/index.php/Guide/Daogou/details/id/2.shtml
INFO: [ app_begin ] --START--
INFO: Run Behavior\ReadHtmlCacheBehavior [ RunTime:0.001000s ]
INFO: [ app_begin ] --END-- [ RunTime:0.002000s ]
NOTIC: [8192] mysql_connect(): The mysql extension is deprecated and will be removed in the future: use mysqli or PDO instead E:\cucisvn\01-code\jonza\Library\Think\Library\Think\Session\Driver\Db.class.php 第 95 行.
NOTIC: [2048] Declaration of Guide\Controller\DaogouController::index() should be compatible with Library\Controller\Controller::index($model = NULL, $map = Array, $tpl = NULL) E:\cucisvn\01-code\jonza\Module\Guide\Controller\DaogouController.class.php 第 6 行.
SQL: SHOW COLUMNS FROM `wx_guide` [ RunTime:0.0100s ]
SQL: SHOW COLUMNS FROM `wx_tixian_record` [ RunTime:0.0070s ]
SQL: SELECT * FROM `wx_tixian_record` WHERE `id` = 2 LIMIT 1   [ RunTime:0.0020s ]
SQL: SELECT COUNT(1) AS tp_count FROM `wx_guide` WHERE `id` = 2 AND `openid` = 'oAeaZjht65CnSwZ3L4QXa82nvMZA' AND `guide_num` = 11564614 AND `create_date` = '2015-08-20 14:26:39' LIMIT 1   [ RunTime:0.0010s ]
INFO: [ view_parse ] --START--
INFO: [ template_filter ] --START--
INFO: Run Behavior\ContentReplaceBehavior [ RunTime:0.001000s ]
INFO: [ template_filter ] --END-- [ RunTime:0.001000s ]
INFO: Run Behavior\ParseTemplateBehavior [ RunTime:0.020001s ]
INFO: [ view_parse ] --END-- [ RunTime:0.021001s ]
INFO: [ view_filter ] --START--
INFO: Run Behavior\WriteHtmlCacheBehavior [ RunTime:0.001000s ]
INFO: Run Library\Behavior\EmptyImageBehavior [ RunTime:0.002000s ]
INFO: [ view_filter ] --END-- [ RunTime:0.005000s ]
INFO: [ app_end ] --START--
INFO: Run Behavior\ShowPageTraceBehavior [ RunTime:0.001000s ]
INFO: [ app_end ] --END-- [ RunTime:0.002000s ]

[ 2015-08-20T14:26:43+08:00 ] 127.0.0.1 /jonza/index.php/Guide/Daogou/details/id/2.shtml
INFO: [ app_begin ] --START--
INFO: Run Behavior\ReadHtmlCacheBehavior [ RunTime:0.000000s ]
INFO: [ app_begin ] --END-- [ RunTime:0.002000s ]
NOTIC: [8192] mysql_connect(): The mysql extension is deprecated and will be removed in the future: use mysqli or PDO instead E:\cucisvn\01-code\jonza\Library\Think\Library\Think\Session\Driver\Db.class.php 第 95 行.
NOTIC: [2048] Declaration of Guide\Controller\DaogouController::index() should be compatible with Library\Controller\Controller::index($model = NULL, $map = Array, $tpl = NULL) E:\cucisvn\01-code\jonza\Module\Guide\Controller\DaogouController.class.php 第 6 行.
SQL: SHOW COLUMNS FROM `wx_guide` [ RunTime:0.0080s ]
SQL: SHOW COLUMNS FROM `wx_tixian_record` [ RunTime:0.0080s ]
SQL: UPDATE `wx_tixian_record` SET `create_date`='2015-08-20 14:26:43',`status`='2' WHERE `id` = 2 [ RunTime:0.1310s ]
SQL: SHOW COLUMNS FROM `wx_guide` [ RunTime:0.0090s ]
SQL: SELECT * FROM `wx_guide` WHERE `guide_num` = 11564614 LIMIT 1   [ RunTime:0.0000s ]
SQL: UPDATE `wx_guide` SET `tixianprice`='-100',`create_date`='2015-08-20 14:26:43' WHERE `guide_num` = 11564614 [ RunTime:0.0010s ]

[ 2015-08-20T14:27:49+08:00 ] 127.0.0.1 /jonza/index.php/Guide/Daogou/details/id/2.shtml
INFO: [ app_begin ] --START--
INFO: Run Behavior\ReadHtmlCacheBehavior [ RunTime:0.001000s ]
INFO: [ app_begin ] --END-- [ RunTime:0.007000s ]
NOTIC: [8192] mysql_connect(): The mysql extension is deprecated and will be removed in the future: use mysqli or PDO instead E:\cucisvn\01-code\jonza\Library\Think\Library\Think\Session\Driver\Db.class.php 第 95 行.
NOTIC: [2048] Declaration of Guide\Controller\DaogouController::index() should be compatible with Library\Controller\Controller::index($model = NULL, $map = Array, $tpl = NULL) E:\cucisvn\01-code\jonza\Module\Guide\Controller\DaogouController.class.php 第 6 行.
SQL: SHOW COLUMNS FROM `wx_guide` [ RunTime:0.0090s ]
SQL: SHOW COLUMNS FROM `wx_tixian_record` [ RunTime:0.0080s ]
SQL: SELECT * FROM `wx_tixian_record` WHERE `id` = 2 LIMIT 1   [ RunTime:0.0020s ]
SQL: SELECT COUNT(1) AS tp_count FROM `wx_guide` WHERE `id` = 2 AND `openid` = 'oAeaZjht65CnSwZ3L4QXa82nvMZA' AND `guide_num` = 11564614 AND `create_date` = '2015-08-20 14:27:44' LIMIT 1   [ RunTime:0.0010s ]
INFO: [ view_parse ] --START--
INFO: [ template_filter ] --START--
INFO: Run Behavior\ContentReplaceBehavior [ RunTime:0.000000s ]
INFO: [ template_filter ] --END-- [ RunTime:0.000000s ]
INFO: Run Behavior\ParseTemplateBehavior [ RunTime:0.022001s ]
INFO: [ view_parse ] --END-- [ RunTime:0.022001s ]
INFO: [ view_filter ] --START--
INFO: Run Behavior\WriteHtmlCacheBehavior [ RunTime:0.001000s ]
INFO: Run Library\Behavior\EmptyImageBehavior [ RunTime:0.002000s ]
INFO: [ view_filter ] --END-- [ RunTime:0.004000s ]
INFO: [ app_end ] --START--
INFO: Run Behavior\ShowPageTraceBehavior [ RunTime:0.001000s ]
INFO: [ app_end ] --END-- [ RunTime:0.001000s ]

[ 2015-08-20T14:27:54+08:00 ] 127.0.0.1 /jonza/index.php/Guide/Daogou/details/id/2.shtml
INFO: [ app_begin ] --START--
INFO: Run Behavior\ReadHtmlCacheBehavior [ RunTime:0.001000s ]
INFO: [ app_begin ] --END-- [ RunTime:0.002000s ]
NOTIC: [8192] mysql_connect(): The mysql extension is deprecated and will be removed in the future: use mysqli or PDO instead E:\cucisvn\01-code\jonza\Library\Think\Library\Think\Session\Driver\Db.class.php 第 95 行.
NOTIC: [2048] Declaration of Guide\Controller\DaogouController::index() should be compatible with Library\Controller\Controller::index($model = NULL, $map = Array, $tpl = NULL) E:\cucisvn\01-code\jonza\Module\Guide\Controller\DaogouController.class.php 第 6 行.
SQL: SHOW COLUMNS FROM `wx_guide` [ RunTime:0.0100s ]
SQL: SHOW COLUMNS FROM `wx_tixian_record` [ RunTime:0.0100s ]
SQL: UPDATE `wx_tixian_record` SET `create_date`='2015-08-20 14:27:54',`status`='2' WHERE `id` = 2 [ RunTime:0.0380s ]
SQL: SHOW COLUMNS FROM `wx_guide` [ RunTime:0.0080s ]
SQL: SELECT * FROM `wx_guide` WHERE `guide_num` = 11564614 LIMIT 1   [ RunTime:0.0020s ]
SQL: UPDATE `wx_guide` SET `tixianprice`='-100',`create_date`='2015-08-20 14:27:54' WHERE `guide_num` = 11564614 [ RunTime:0.0010s ]

[ 2015-08-20T14:28:45+08:00 ] 127.0.0.1 /jonza/index.php/Guide/Daogou/details/id/2.shtml
INFO: [ app_begin ] --START--
INFO: Run Behavior\ReadHtmlCacheBehavior [ RunTime:0.001000s ]
INFO: [ app_begin ] --END-- [ RunTime:0.003000s ]
NOTIC: [8192] mysql_connect(): The mysql extension is deprecated and will be removed in the future: use mysqli or PDO instead E:\cucisvn\01-code\jonza\Library\Think\Library\Think\Session\Driver\Db.class.php 第 95 行.
NOTIC: [2048] Declaration of Guide\Controller\DaogouController::index() should be compatible with Library\Controller\Controller::index($model = NULL, $map = Array, $tpl = NULL) E:\cucisvn\01-code\jonza\Module\Guide\Controller\DaogouController.class.php 第 6 行.
SQL: SHOW COLUMNS FROM `wx_guide` [ RunTime:0.0100s ]
SQL: SHOW COLUMNS FROM `wx_tixian_record` [ RunTime:0.0100s ]
SQL: SELECT * FROM `wx_tixian_record` WHERE `id` = 2 LIMIT 1   [ RunTime:0.0010s ]
SQL: SELECT COUNT(1) AS tp_count FROM `wx_guide` WHERE `id` = 2 AND `openid` = 'oAeaZjht65CnSwZ3L4QXa82nvMZA' AND `guide_num` = 11564614 AND `create_date` = '2015-08-20 14:28:41' LIMIT 1   [ RunTime:0.0010s ]
INFO: [ view_parse ] --START--
INFO: [ template_filter ] --START--
INFO: Run Behavior\ContentReplaceBehavior [ RunTime:0.000000s ]
INFO: [ template_filter ] --END-- [ RunTime:0.001000s ]
INFO: Run Behavior\ParseTemplateBehavior [ RunTime:0.024002s ]
INFO: [ view_parse ] --END-- [ RunTime:0.024002s ]
INFO: [ view_filter ] --START--
INFO: Run Behavior\WriteHtmlCacheBehavior [ RunTime:0.001000s ]
INFO: Run Library\Behavior\EmptyImageBehavior [ RunTime:0.002000s ]
INFO: [ view_filter ] --END-- [ RunTime:0.004000s ]
INFO: [ app_end ] --START--
INFO: Run Behavior\ShowPageTraceBehavior [ RunTime:0.002000s ]
INFO: [ app_end ] --END-- [ RunTime:0.002000s ]

[ 2015-08-20T14:28:47+08:00 ] 127.0.0.1 /jonza/index.php/Guide/Daogou/details/id/2.shtml
INFO: [ app_begin ] --START--
INFO: Run Behavior\ReadHtmlCacheBehavior [ RunTime:0.001000s ]
INFO: [ app_begin ] --END-- [ RunTime:0.002001s ]
NOTIC: [8192] mysql_connect(): The mysql extension is deprecated and will be removed in the future: use mysqli or PDO instead E:\cucisvn\01-code\jonza\Library\Think\Library\Think\Session\Driver\Db.class.php 第 95 行.
NOTIC: [2048] Declaration of Guide\Controller\DaogouController::index() should be compatible with Library\Controller\Controller::index($model = NULL, $map = Array, $tpl = NULL) E:\cucisvn\01-code\jonza\Module\Guide\Controller\DaogouController.class.php 第 6 行.
SQL: SHOW COLUMNS FROM `wx_guide` [ RunTime:0.0080s ]
SQL: SHOW COLUMNS FROM `wx_tixian_record` [ RunTime:0.0070s ]
SQL: UPDATE `wx_tixian_record` SET `create_date`='2015-08-20 14:28:46',`status`='2' WHERE `id` = 2 [ RunTime:0.0290s ]
SQL: SHOW COLUMNS FROM `wx_guide` [ RunTime:0.0100s ]
SQL: SELECT * FROM `wx_guide` WHERE `guide_num` = 11564614 LIMIT 1   [ RunTime:0.0020s ]
SQL: UPDATE `wx_guide` SET `tixianprice`='900',`create_date`='2015-08-20 14:28:47' WHERE `guide_num` = 11564614 [ RunTime:0.0270s ]

[ 2015-08-20T15:44:02+08:00 ] 127.0.0.1 /jonza/index.php/Guide/Daogou/details/id/2.shtml
INFO: [ app_begin ] --START--
INFO: Run Behavior\ReadHtmlCacheBehavior [ RunTime:0.004000s ]
INFO: [ app_begin ] --END-- [ RunTime:0.007000s ]
NOTIC: [8192] mysql_connect(): The mysql extension is deprecated and will be removed in the future: use mysqli or PDO instead E:\cucisvn\01-code\jonza\Library\Think\Library\Think\Session\Driver\Db.class.php 第 95 行.
NOTIC: [2048] Declaration of Guide\Controller\DaogouController::index() should be compatible with Library\Controller\Controller::index($model = NULL, $map = Array, $tpl = NULL) E:\cucisvn\01-code\jonza\Module\Guide\Controller\DaogouController.class.php 第 6 行.
SQL: SHOW COLUMNS FROM `wx_guide` [ RunTime:0.0100s ]
SQL: SHOW COLUMNS FROM `wx_tixian_record` [ RunTime:0.0780s ]
SQL: SELECT * FROM `wx_tixian_record` WHERE `id` = 2 LIMIT 1   [ RunTime:0.0280s ]
SQL: SELECT COUNT(1) AS tp_count FROM `wx_guide` WHERE `id` = 2 AND `openid` = 'oAeaZjht65CnSwZ3L4QXa82nvMZA' AND `guide_num` = 11564614 AND `create_date` = '2015-08-20 14:28:46' LIMIT 1   [ RunTime:0.0080s ]
INFO: [ view_parse ] --START--
INFO: [ template_filter ] --START--
INFO: Run Behavior\ContentReplaceBehavior [ RunTime:0.000000s ]
INFO: [ template_filter ] --END-- [ RunTime:0.001000s ]
INFO: Run Behavior\ParseTemplateBehavior [ RunTime:0.095005s ]
INFO: [ view_parse ] --END-- [ RunTime:0.097005s ]
INFO: [ view_filter ] --START--
INFO: Run Behavior\WriteHtmlCacheBehavior [ RunTime:0.001000s ]
INFO: Run Library\Behavior\EmptyImageBehavior [ RunTime:0.004001s ]
INFO: [ view_filter ] --END-- [ RunTime:0.006001s ]
INFO: [ app_end ] --START--
INFO: Run Behavior\ShowPageTraceBehavior [ RunTime:0.001000s ]
INFO: [ app_end ] --END-- [ RunTime:0.001000s ]

[ 2015-08-20T15:45:30+08:00 ] 127.0.0.1 /jonza/index.php/Guide/Daogou/tixianexamine.shtml
ERR: SQLSTATE[42S22]: Column not found: 1054 Champ 'g.type' inconnu dans where clause

