[ 2015-06-23T09:41:15+08:00 ] 127.0.0.1 /jonza/index.php/Apps/Promotion/details/id/230.shtml
INFO: [ app_begin ] --START--
INFO: Run Behavior\ReadHtmlCacheBehavior [ RunTime:0.001000s ]
INFO: [ app_begin ] --END-- [ RunTime:0.002000s ]
NOTIC: [8192] mysql_connect(): The mysql extension is deprecated and will be removed in the future: use mysqli or PDO instead E:\cucisvn\01-code\jonza\Library\Think\Library\Think\Session\Driver\Db.class.php 第 95 行.
NOTIC: [2048] Declaration of Apps\Controller\PromotionController::index() should be compatible with Library\Controller\Controller::index($model = NULL, $map = Array, $tpl = NULL) E:\cucisvn\01-code\jonza\Module\Apps\Controller\PromotionController.class.php 第 14 行.
SQL: SHOW COLUMNS FROM `wx_promotion_user` [ RunTime:0.0060s ]
SQL: SELECT * FROM `wx_promotion_user` WHERE `id` = 230 LIMIT 1   [ RunTime:0.0010s ]
SQL: SELECT m.name FROM wx_promotion_user pu left join wx_member m on pu.promotion_id = m.id  WHERE pu.id = '230' LIMIT 1   [ RunTime:0.0010s ]
SQL: SELECT m.*,wm.nickname,wm.sex,wm.headimgurl FROM wx_promotion_user pu left join wx_member m on pu.uid = m.id left join wx_wechat_member wm on pu.uid_openid = wm.openid  WHERE pu.promotion_id = '2559'  [ RunTime:0.0400s ]
INFO: [ view_parse ] --START--
INFO: [ template_filter ] --START--
INFO: Run Behavior\ContentReplaceBehavior [ RunTime:0.000000s ]
INFO: [ template_filter ] --END-- [ RunTime:0.001000s ]
INFO: Run Behavior\ParseTemplateBehavior [ RunTime:0.065003s ]
INFO: [ view_parse ] --END-- [ RunTime:0.065003s ]
INFO: [ view_filter ] --START--
INFO: Run Behavior\WriteHtmlCacheBehavior [ RunTime:0.001001s ]
INFO: Run Library\Behavior\EmptyImageBehavior [ RunTime:0.002000s ]
INFO: [ view_filter ] --END-- [ RunTime:0.004001s ]
INFO: [ app_end ] --START--
INFO: Run Behavior\ShowPageTraceBehavior [ RunTime:0.001000s ]
INFO: [ app_end ] --END-- [ RunTime:0.002000s ]

[ 2015-06-23T09:52:01+08:00 ] 127.0.0.1 /jonza/index.php/Apps/Promotion/promotionlist.shtml
ERR: SQLSTATE[42S22]: Column not found: 1054 Champ 'pi.stores' inconnu dans on clause

[ 2015-06-23T09:53:33+08:00 ] 127.0.0.1 /jonza/index.php/Apps/Promotion/promotionlist.shtml
ERR: SQLSTATE[42S22]: Column not found: 1054 Champ 'pi.stores' inconnu dans on clause

[ 2015-06-23T09:54:18+08:00 ] 127.0.0.1 /jonza/index.php/Apps/Promotion/promotionlist.shtml
ERR: SQLSTATE[42S22]: Column not found: 1054 Champ 'pi.stores' inconnu dans on clause

[ 2015-06-23T09:54:26+08:00 ] 127.0.0.1 /jonza/index.php/Apps/Promotion/promotionlist.shtml
ERR: SQLSTATE[42S22]: Column not found: 1054 Champ 'pi.stores' inconnu dans on clause

[ 2015-06-23T09:55:06+08:00 ] 127.0.0.1 /jonza/index.php/Apps/Promotion/promotionlist.shtml
ERR: SQLSTATE[42S22]: Column not found: 1054 Champ 'pi.stores' inconnu dans on clause

[ 2015-06-23T09:55:40+08:00 ] 127.0.0.1 /jonza/index.php/Apps/Promotion/promotionlist.shtml
ERR: SQLSTATE[42S22]: Column not found: 1054 Champ 'pi.stores' inconnu dans on clause

[ 2015-06-23T09:56:10+08:00 ] 127.0.0.1 /jonza/index.php/Apps/Promotion/promotionlist.shtml
ERR: SQLSTATE[42S22]: Column not found: 1054 Champ 'pi.stores' inconnu dans on clause

