[ 2015-05-29T11:10:33+08:00 ] 127.0.0.1 /jonza/index.php/Apps/Promotion/details/id/52.shtml
INFO: [ app_begin ] --START--
INFO: Run Behavior\ReadHtmlCacheBehavior [ RunTime:0.001000s ]
INFO: [ app_begin ] --END-- [ RunTime:0.002000s ]
NOTIC: [8192] mysql_connect(): The mysql extension is deprecated and will be removed in the future: use mysqli or PDO instead E:\cucisvn\01-code\jonza\Library\Think\Library\Think\Session\Driver\Db.class.php 第 95 行.
NOTIC: [2048] Declaration of Apps\Controller\PromotionController::index() should be compatible with Library\Controller\Controller::index($model = NULL, $map = Array, $tpl = NULL) E:\cucisvn\01-code\jonza\Module\Apps\Controller\PromotionController.class.php 第 14 行.
SQL: SHOW COLUMNS FROM `wx_promotion_user` [ RunTime:0.0080s ]
SQL: SELECT * FROM `wx_promotion_user` WHERE `id` = 52 LIMIT 1   [ RunTime:0.0010s ]
SQL: SELECT m.name FROM wx_promotion_user pu left join wx_member m on pu.promotion_id = m.id  WHERE pu.id = '52' LIMIT 1   [ RunTime:0.0000s ]
SQL: SELECT m.*,wm.nickname,wm.sex,wm.headimgurl FROM wx_promotion_user pu left join wx_member m on pu.uid = m.id left join wx_wechat_member wm on pu.uid_openid = wm.openid  WHERE pu.promotion_id = '107'  [ RunTime:0.0210s ]
INFO: [ view_parse ] --START--
INFO: [ template_filter ] --START--
INFO: Run Behavior\ContentReplaceBehavior [ RunTime:0.001000s ]
INFO: [ template_filter ] --END-- [ RunTime:0.001000s ]
INFO: Run Behavior\ParseTemplateBehavior [ RunTime:0.061003s ]
INFO: [ view_parse ] --END-- [ RunTime:0.061003s ]
INFO: [ view_filter ] --START--
INFO: Run Behavior\WriteHtmlCacheBehavior [ RunTime:0.001000s ]
INFO: Run Library\Behavior\EmptyImageBehavior [ RunTime:0.003001s ]
INFO: [ view_filter ] --END-- [ RunTime:0.004001s ]
INFO: [ app_end ] --START--
INFO: Run Behavior\ShowPageTraceBehavior [ RunTime:0.001000s ]
INFO: [ app_end ] --END-- [ RunTime:0.001000s ]

[ 2015-05-29T11:10:37+08:00 ] 127.0.0.1 /jonza/index.php/Apps/Promotion/details/id/45.shtml
INFO: [ app_begin ] --START--
INFO: Run Behavior\ReadHtmlCacheBehavior [ RunTime:0.001000s ]
INFO: [ app_begin ] --END-- [ RunTime:0.002000s ]
NOTIC: [8192] mysql_connect(): The mysql extension is deprecated and will be removed in the future: use mysqli or PDO instead E:\cucisvn\01-code\jonza\Library\Think\Library\Think\Session\Driver\Db.class.php 第 95 行.
NOTIC: [2048] Declaration of Apps\Controller\PromotionController::index() should be compatible with Library\Controller\Controller::index($model = NULL, $map = Array, $tpl = NULL) E:\cucisvn\01-code\jonza\Module\Apps\Controller\PromotionController.class.php 第 14 行.
SQL: SHOW COLUMNS FROM `wx_promotion_user` [ RunTime:0.0070s ]
SQL: SELECT * FROM `wx_promotion_user` WHERE `id` = 45 LIMIT 1   [ RunTime:0.0010s ]
SQL: SELECT m.name FROM wx_promotion_user pu left join wx_member m on pu.promotion_id = m.id  WHERE pu.id = '45' LIMIT 1   [ RunTime:0.0020s ]
SQL: SELECT m.*,wm.nickname,wm.sex,wm.headimgurl FROM wx_promotion_user pu left join wx_member m on pu.uid = m.id left join wx_wechat_member wm on pu.uid_openid = wm.openid  WHERE pu.promotion_id = '231'  [ RunTime:0.0010s ]
INFO: [ view_parse ] --START--
INFO: [ template_filter ] --START--
INFO: Run Behavior\ContentReplaceBehavior [ RunTime:0.000000s ]
INFO: [ template_filter ] --END-- [ RunTime:0.000000s ]
INFO: Run Behavior\ParseTemplateBehavior [ RunTime:0.029001s ]
INFO: [ view_parse ] --END-- [ RunTime:0.029001s ]
INFO: [ view_filter ] --START--
INFO: Run Behavior\WriteHtmlCacheBehavior [ RunTime:0.000000s ]
INFO: Run Library\Behavior\EmptyImageBehavior [ RunTime:0.001000s ]
INFO: [ view_filter ] --END-- [ RunTime:0.003000s ]
INFO: [ app_end ] --START--
INFO: Run Behavior\ShowPageTraceBehavior [ RunTime:0.001000s ]
INFO: [ app_end ] --END-- [ RunTime:0.002001s ]

[ 2015-05-29T11:10:42+08:00 ] 127.0.0.1 /jonza/index.php/Apps/Promotion/details/id/40.shtml
INFO: [ app_begin ] --START--
INFO: Run Behavior\ReadHtmlCacheBehavior [ RunTime:0.002000s ]
INFO: [ app_begin ] --END-- [ RunTime:0.003000s ]
NOTIC: [8192] mysql_connect(): The mysql extension is deprecated and will be removed in the future: use mysqli or PDO instead E:\cucisvn\01-code\jonza\Library\Think\Library\Think\Session\Driver\Db.class.php 第 95 行.
NOTIC: [2048] Declaration of Apps\Controller\PromotionController::index() should be compatible with Library\Controller\Controller::index($model = NULL, $map = Array, $tpl = NULL) E:\cucisvn\01-code\jonza\Module\Apps\Controller\PromotionController.class.php 第 14 行.
SQL: SHOW COLUMNS FROM `wx_promotion_user` [ RunTime:0.0070s ]
SQL: SELECT * FROM `wx_promotion_user` WHERE `id` = 40 LIMIT 1   [ RunTime:0.0010s ]
SQL: SELECT m.name FROM wx_promotion_user pu left join wx_member m on pu.promotion_id = m.id  WHERE pu.id = '40' LIMIT 1   [ RunTime:0.0000s ]
SQL: SELECT m.*,wm.nickname,wm.sex,wm.headimgurl FROM wx_promotion_user pu left join wx_member m on pu.uid = m.id left join wx_wechat_member wm on pu.uid_openid = wm.openid  WHERE pu.promotion_id = '538'  [ RunTime:0.0010s ]
INFO: [ view_parse ] --START--
INFO: [ template_filter ] --START--
INFO: Run Behavior\ContentReplaceBehavior [ RunTime:0.000000s ]
INFO: [ template_filter ] --END-- [ RunTime:0.001000s ]
INFO: Run Behavior\ParseTemplateBehavior [ RunTime:0.026002s ]
INFO: [ view_parse ] --END-- [ RunTime:0.027002s ]
INFO: [ view_filter ] --START--
INFO: Run Behavior\WriteHtmlCacheBehavior [ RunTime:0.002000s ]
INFO: Run Library\Behavior\EmptyImageBehavior [ RunTime:0.003000s ]
INFO: [ view_filter ] --END-- [ RunTime:0.005000s ]
INFO: [ app_end ] --START--
INFO: Run Behavior\ShowPageTraceBehavior [ RunTime:0.001000s ]
INFO: [ app_end ] --END-- [ RunTime:0.002000s ]

[ 2015-05-29T11:10:48+08:00 ] 127.0.0.1 /jonza/index.php/Apps/Promotion/details/id/41.shtml
INFO: [ app_begin ] --START--
INFO: Run Behavior\ReadHtmlCacheBehavior [ RunTime:0.001000s ]
INFO: [ app_begin ] --END-- [ RunTime:0.002000s ]
NOTIC: [8192] mysql_connect(): The mysql extension is deprecated and will be removed in the future: use mysqli or PDO instead E:\cucisvn\01-code\jonza\Library\Think\Library\Think\Session\Driver\Db.class.php 第 95 行.
NOTIC: [2048] Declaration of Apps\Controller\PromotionController::index() should be compatible with Library\Controller\Controller::index($model = NULL, $map = Array, $tpl = NULL) E:\cucisvn\01-code\jonza\Module\Apps\Controller\PromotionController.class.php 第 14 行.
SQL: SHOW COLUMNS FROM `wx_promotion_user` [ RunTime:0.0080s ]
SQL: SELECT * FROM `wx_promotion_user` WHERE `id` = 41 LIMIT 1   [ RunTime:0.0010s ]
SQL: SELECT m.name FROM wx_promotion_user pu left join wx_member m on pu.promotion_id = m.id  WHERE pu.id = '41' LIMIT 1   [ RunTime:0.0010s ]
SQL: SELECT m.*,wm.nickname,wm.sex,wm.headimgurl FROM wx_promotion_user pu left join wx_member m on pu.uid = m.id left join wx_wechat_member wm on pu.uid_openid = wm.openid  WHERE pu.promotion_id = '557'  [ RunTime:0.0000s ]
INFO: [ view_parse ] --START--
INFO: [ template_filter ] --START--
INFO: Run Behavior\ContentReplaceBehavior [ RunTime:0.000000s ]
INFO: [ template_filter ] --END-- [ RunTime:0.001000s ]
INFO: Run Behavior\ParseTemplateBehavior [ RunTime:0.028002s ]
INFO: [ view_parse ] --END-- [ RunTime:0.028002s ]
INFO: [ view_filter ] --START--
INFO: Run Behavior\WriteHtmlCacheBehavior [ RunTime:0.000000s ]
INFO: Run Library\Behavior\EmptyImageBehavior [ RunTime:0.002000s ]
INFO: [ view_filter ] --END-- [ RunTime:0.004000s ]
INFO: [ app_end ] --START--
INFO: Run Behavior\ShowPageTraceBehavior [ RunTime:0.001000s ]
INFO: [ app_end ] --END-- [ RunTime:0.003000s ]

[ 2015-05-29T11:10:51+08:00 ] 127.0.0.1 /jonza/index.php/Apps/Promotion/details/id/61.shtml
INFO: [ app_begin ] --START--
INFO: Run Behavior\ReadHtmlCacheBehavior [ RunTime:0.001000s ]
INFO: [ app_begin ] --END-- [ RunTime:0.002000s ]
NOTIC: [8192] mysql_connect(): The mysql extension is deprecated and will be removed in the future: use mysqli or PDO instead E:\cucisvn\01-code\jonza\Library\Think\Library\Think\Session\Driver\Db.class.php 第 95 行.
NOTIC: [2048] Declaration of Apps\Controller\PromotionController::index() should be compatible with Library\Controller\Controller::index($model = NULL, $map = Array, $tpl = NULL) E:\cucisvn\01-code\jonza\Module\Apps\Controller\PromotionController.class.php 第 14 行.
SQL: SHOW COLUMNS FROM `wx_promotion_user` [ RunTime:0.0490s ]
SQL: SELECT * FROM `wx_promotion_user` WHERE `id` = 61 LIMIT 1   [ RunTime:0.0000s ]
SQL: SELECT m.name FROM wx_promotion_user pu left join wx_member m on pu.promotion_id = m.id  WHERE pu.id = '61' LIMIT 1   [ RunTime:0.0000s ]
SQL: SELECT m.*,wm.nickname,wm.sex,wm.headimgurl FROM wx_promotion_user pu left join wx_member m on pu.uid = m.id left join wx_wechat_member wm on pu.uid_openid = wm.openid  WHERE pu.promotion_id = '558'  [ RunTime:0.0010s ]
INFO: [ view_parse ] --START--
INFO: [ template_filter ] --START--
INFO: Run Behavior\ContentReplaceBehavior [ RunTime:0.000000s ]
INFO: [ template_filter ] --END-- [ RunTime:0.000000s ]
INFO: Run Behavior\ParseTemplateBehavior [ RunTime:0.026002s ]
INFO: [ view_parse ] --END-- [ RunTime:0.027002s ]
INFO: [ view_filter ] --START--
INFO: Run Behavior\WriteHtmlCacheBehavior [ RunTime:0.000000s ]
INFO: Run Library\Behavior\EmptyImageBehavior [ RunTime:0.001000s ]
INFO: [ view_filter ] --END-- [ RunTime:0.004000s ]
INFO: [ app_end ] --START--
INFO: Run Behavior\ShowPageTraceBehavior [ RunTime:0.002000s ]
INFO: [ app_end ] --END-- [ RunTime:0.002000s ]

[ 2015-05-29T11:11:10+08:00 ] 127.0.0.1 /jonza/index.php/Apps/Promotion/details/id/44.shtml
INFO: [ app_begin ] --START--
INFO: Run Behavior\ReadHtmlCacheBehavior [ RunTime:0.002000s ]
INFO: [ app_begin ] --END-- [ RunTime:0.003000s ]
NOTIC: [8192] mysql_connect(): The mysql extension is deprecated and will be removed in the future: use mysqli or PDO instead E:\cucisvn\01-code\jonza\Library\Think\Library\Think\Session\Driver\Db.class.php 第 95 行.
NOTIC: [2048] Declaration of Apps\Controller\PromotionController::index() should be compatible with Library\Controller\Controller::index($model = NULL, $map = Array, $tpl = NULL) E:\cucisvn\01-code\jonza\Module\Apps\Controller\PromotionController.class.php 第 14 行.
SQL: SHOW COLUMNS FROM `wx_promotion_user` [ RunTime:0.0070s ]
SQL: SELECT * FROM `wx_promotion_user` WHERE `id` = 44 LIMIT 1   [ RunTime:0.0010s ]
SQL: SELECT m.name FROM wx_promotion_user pu left join wx_member m on pu.promotion_id = m.id  WHERE pu.id = '44' LIMIT 1   [ RunTime:0.0020s ]
SQL: SELECT m.*,wm.nickname,wm.sex,wm.headimgurl FROM wx_promotion_user pu left join wx_member m on pu.uid = m.id left join wx_wechat_member wm on pu.uid_openid = wm.openid  WHERE pu.promotion_id = '562'  [ RunTime:0.0010s ]
INFO: [ view_parse ] --START--
INFO: [ template_filter ] --START--
INFO: Run Behavior\ContentReplaceBehavior [ RunTime:0.000000s ]
INFO: [ template_filter ] --END-- [ RunTime:0.001000s ]
INFO: Run Behavior\ParseTemplateBehavior [ RunTime:0.031001s ]
INFO: [ view_parse ] --END-- [ RunTime:0.032001s ]
INFO: [ view_filter ] --START--
INFO: Run Behavior\WriteHtmlCacheBehavior [ RunTime:0.002001s ]
INFO: Run Library\Behavior\EmptyImageBehavior [ RunTime:0.002000s ]
INFO: [ view_filter ] --END-- [ RunTime:0.004001s ]
INFO: [ app_end ] --START--
INFO: Run Behavior\ShowPageTraceBehavior [ RunTime:0.001000s ]
INFO: [ app_end ] --END-- [ RunTime:0.002000s ]

[ 2015-05-29T11:11:13+08:00 ] 127.0.0.1 /jonza/index.php/Apps/Promotion/details/id/46.shtml
INFO: [ app_begin ] --START--
INFO: Run Behavior\ReadHtmlCacheBehavior [ RunTime:0.001000s ]
INFO: [ app_begin ] --END-- [ RunTime:0.002000s ]
NOTIC: [8192] mysql_connect(): The mysql extension is deprecated and will be removed in the future: use mysqli or PDO instead E:\cucisvn\01-code\jonza\Library\Think\Library\Think\Session\Driver\Db.class.php 第 95 行.
NOTIC: [2048] Declaration of Apps\Controller\PromotionController::index() should be compatible with Library\Controller\Controller::index($model = NULL, $map = Array, $tpl = NULL) E:\cucisvn\01-code\jonza\Module\Apps\Controller\PromotionController.class.php 第 14 行.
SQL: SHOW COLUMNS FROM `wx_promotion_user` [ RunTime:0.0160s ]
SQL: SELECT * FROM `wx_promotion_user` WHERE `id` = 46 LIMIT 1   [ RunTime:0.0010s ]
SQL: SELECT m.name FROM wx_promotion_user pu left join wx_member m on pu.promotion_id = m.id  WHERE pu.id = '46' LIMIT 1   [ RunTime:0.0000s ]
SQL: SELECT m.*,wm.nickname,wm.sex,wm.headimgurl FROM wx_promotion_user pu left join wx_member m on pu.uid = m.id left join wx_wechat_member wm on pu.uid_openid = wm.openid  WHERE pu.promotion_id = '593'  [ RunTime:0.0010s ]
INFO: [ view_parse ] --START--
INFO: [ template_filter ] --START--
INFO: Run Behavior\ContentReplaceBehavior [ RunTime:0.000000s ]
INFO: [ template_filter ] --END-- [ RunTime:0.002001s ]
INFO: Run Behavior\ParseTemplateBehavior [ RunTime:0.028002s ]
INFO: [ view_parse ] --END-- [ RunTime:0.028002s ]
INFO: [ view_filter ] --START--
INFO: Run Behavior\WriteHtmlCacheBehavior [ RunTime:0.001000s ]
INFO: Run Library\Behavior\EmptyImageBehavior [ RunTime:0.002000s ]
INFO: [ view_filter ] --END-- [ RunTime:0.004000s ]
INFO: [ app_end ] --START--
INFO: Run Behavior\ShowPageTraceBehavior [ RunTime:0.001000s ]
INFO: [ app_end ] --END-- [ RunTime:0.002000s ]

[ 2015-05-29T11:11:36+08:00 ] 127.0.0.1 /jonza/index.php/Apps/Promotion/details/id/46.shtml
INFO: [ app_begin ] --START--
INFO: Run Behavior\ReadHtmlCacheBehavior [ RunTime:0.002000s ]
INFO: [ app_begin ] --END-- [ RunTime:0.002000s ]
NOTIC: [8192] mysql_connect(): The mysql extension is deprecated and will be removed in the future: use mysqli or PDO instead E:\cucisvn\01-code\jonza\Library\Think\Library\Think\Session\Driver\Db.class.php 第 95 行.
NOTIC: [2048] Declaration of Apps\Controller\PromotionController::index() should be compatible with Library\Controller\Controller::index($model = NULL, $map = Array, $tpl = NULL) E:\cucisvn\01-code\jonza\Module\Apps\Controller\PromotionController.class.php 第 14 行.
SQL: SHOW COLUMNS FROM `wx_promotion_user` [ RunTime:0.0080s ]
SQL: SELECT * FROM `wx_promotion_user` WHERE `id` = 46 LIMIT 1   [ RunTime:0.0010s ]
SQL: SELECT m.name FROM wx_promotion_user pu left join wx_member m on pu.promotion_id = m.id  WHERE pu.id = '46' LIMIT 1   [ RunTime:0.0010s ]
SQL: SELECT m.*,wm.nickname,wm.sex,wm.headimgurl FROM wx_promotion_user pu left join wx_member m on pu.uid = m.id left join wx_wechat_member wm on pu.uid_openid = wm.openid  WHERE pu.promotion_id = '593'  [ RunTime:0.0010s ]
INFO: [ view_parse ] --START--
INFO: [ template_filter ] --START--
INFO: Run Behavior\ContentReplaceBehavior [ RunTime:0.000000s ]
INFO: [ template_filter ] --END-- [ RunTime:0.000000s ]
INFO: Run Behavior\ParseTemplateBehavior [ RunTime:0.027002s ]
INFO: [ view_parse ] --END-- [ RunTime:0.027002s ]
INFO: [ view_filter ] --START--
INFO: Run Behavior\WriteHtmlCacheBehavior [ RunTime:0.001000s ]
INFO: Run Library\Behavior\EmptyImageBehavior [ RunTime:0.002000s ]
INFO: [ view_filter ] --END-- [ RunTime:0.003000s ]
INFO: [ app_end ] --START--
INFO: Run Behavior\ShowPageTraceBehavior [ RunTime:0.001000s ]
INFO: [ app_end ] --END-- [ RunTime:0.002000s ]

