[ 2015-05-28T10:10:37+08:00 ] 127.0.0.1 /jonza/index.php/Apps/Promotion/details/id/45.shtml
INFO: [ app_begin ] --START--
INFO: Run Behavior\ReadHtmlCacheBehavior [ RunTime:0.001000s ]
INFO: [ app_begin ] --END-- [ RunTime:0.002000s ]
NOTIC: [8192] mysql_connect(): The mysql extension is deprecated and will be removed in the future: use mysqli or PDO instead E:\cucisvn\01-code\jonza\Library\Think\Library\Think\Session\Driver\Db.class.php 第 95 行.
NOTIC: [2048] Declaration of Apps\Controller\PromotionController::index() should be compatible with Library\Controller\Controller::index($model = NULL, $map = Array, $tpl = NULL) E:\cucisvn\01-code\jonza\Module\Apps\Controller\PromotionController.class.php 第 14 行.
SQL: SHOW COLUMNS FROM `wx_promotion_user` [ RunTime:0.0070s ]
SQL: SELECT * FROM `wx_promotion_user` WHERE `id` = 45 LIMIT 1   [ RunTime:0.0010s ]
SQL: SELECT m.*,wm.nickname,wm.sex,wm.headimgurl FROM wx_promotion_user pu left join wx_member m on pu.uid = m.id left join wx_wechat_member wm on pu.uid_openid = wm.openid  WHERE pu.promotion_id = '231'  [ RunTime:0.1340s ]
INFO: [ view_parse ] --START--
INFO: [ template_filter ] --START--
INFO: Run Behavior\ContentReplaceBehavior [ RunTime:0.001000s ]
INFO: [ template_filter ] --END-- [ RunTime:0.001000s ]
INFO: Run Behavior\ParseTemplateBehavior [ RunTime:0.028001s ]
INFO: [ view_parse ] --END-- [ RunTime:0.028001s ]
INFO: [ view_filter ] --START--
INFO: Run Behavior\WriteHtmlCacheBehavior [ RunTime:0.001001s ]
INFO: Run Library\Behavior\EmptyImageBehavior [ RunTime:0.003000s ]
INFO: [ view_filter ] --END-- [ RunTime:0.005001s ]
INFO: [ app_end ] --START--
INFO: Run Behavior\ShowPageTraceBehavior [ RunTime:0.001000s ]
INFO: [ app_end ] --END-- [ RunTime:0.002000s ]

[ 2015-05-28T10:11:14+08:00 ] 127.0.0.1 /jonza/index.php/Apps/Promotion/details/id/45.shtml
INFO: [ app_begin ] --START--
INFO: Run Behavior\ReadHtmlCacheBehavior [ RunTime:0.001000s ]
INFO: [ app_begin ] --END-- [ RunTime:0.002000s ]
NOTIC: [8192] mysql_connect(): The mysql extension is deprecated and will be removed in the future: use mysqli or PDO instead E:\cucisvn\01-code\jonza\Library\Think\Library\Think\Session\Driver\Db.class.php 第 95 行.
NOTIC: [2048] Declaration of Apps\Controller\PromotionController::index() should be compatible with Library\Controller\Controller::index($model = NULL, $map = Array, $tpl = NULL) E:\cucisvn\01-code\jonza\Module\Apps\Controller\PromotionController.class.php 第 14 行.
SQL: SHOW COLUMNS FROM `wx_promotion_user` [ RunTime:0.0080s ]
SQL: SELECT * FROM `wx_promotion_user` WHERE `id` = 45 LIMIT 1   [ RunTime:0.0010s ]
SQL: SELECT m.*,wm.nickname,wm.sex,wm.headimgurl FROM wx_promotion_user pu left join wx_member m on pu.uid = m.id left join wx_wechat_member wm on pu.uid_openid = wm.openid  WHERE pu.promotion_id = '231'  [ RunTime:0.0010s ]
INFO: [ view_parse ] --START--
INFO: [ template_filter ] --START--
INFO: Run Behavior\ContentReplaceBehavior [ RunTime:0.000000s ]
INFO: [ template_filter ] --END-- [ RunTime:0.000000s ]
INFO: Run Behavior\ParseTemplateBehavior [ RunTime:0.029002s ]
INFO: [ view_parse ] --END-- [ RunTime:0.029002s ]
INFO: [ view_filter ] --START--
INFO: Run Behavior\WriteHtmlCacheBehavior [ RunTime:0.002000s ]
INFO: Run Library\Behavior\EmptyImageBehavior [ RunTime:0.002000s ]
INFO: [ view_filter ] --END-- [ RunTime:0.005000s ]
INFO: [ app_end ] --START--
INFO: Run Behavior\ShowPageTraceBehavior [ RunTime:0.002000s ]
INFO: [ app_end ] --END-- [ RunTime:0.002000s ]

[ 2015-05-28T10:11:59+08:00 ] 127.0.0.1 /jonza/index.php/Apps/Promotion/details/id/45.shtml
INFO: [ app_begin ] --START--
INFO: Run Behavior\ReadHtmlCacheBehavior [ RunTime:0.001000s ]
INFO: [ app_begin ] --END-- [ RunTime:0.002000s ]
NOTIC: [8192] mysql_connect(): The mysql extension is deprecated and will be removed in the future: use mysqli or PDO instead E:\cucisvn\01-code\jonza\Library\Think\Library\Think\Session\Driver\Db.class.php 第 95 行.
NOTIC: [2048] Declaration of Apps\Controller\PromotionController::index() should be compatible with Library\Controller\Controller::index($model = NULL, $map = Array, $tpl = NULL) E:\cucisvn\01-code\jonza\Module\Apps\Controller\PromotionController.class.php 第 14 行.
SQL: SHOW COLUMNS FROM `wx_promotion_user` [ RunTime:0.0070s ]
SQL: SELECT * FROM `wx_promotion_user` WHERE `id` = 45 LIMIT 1   [ RunTime:0.0010s ]
SQL: SELECT m.*,wm.nickname,wm.sex,wm.headimgurl FROM wx_promotion_user pu left join wx_member m on pu.uid = m.id left join wx_wechat_member wm on pu.uid_openid = wm.openid  WHERE pu.promotion_id = '231'  [ RunTime:0.0020s ]
INFO: [ view_parse ] --START--
INFO: [ template_filter ] --START--
INFO: Run Behavior\ContentReplaceBehavior [ RunTime:0.001000s ]
INFO: [ template_filter ] --END-- [ RunTime:0.001000s ]
INFO: Run Behavior\ParseTemplateBehavior [ RunTime:0.025002s ]
INFO: [ view_parse ] --END-- [ RunTime:0.025002s ]
INFO: [ view_filter ] --START--
INFO: Run Behavior\WriteHtmlCacheBehavior [ RunTime:0.001000s ]
INFO: Run Library\Behavior\EmptyImageBehavior [ RunTime:0.002000s ]
INFO: [ view_filter ] --END-- [ RunTime:0.003000s ]
INFO: [ app_end ] --START--
INFO: Run Behavior\ShowPageTraceBehavior [ RunTime:0.001000s ]
INFO: [ app_end ] --END-- [ RunTime:0.001000s ]

[ 2015-05-28T10:12:14+08:00 ] 127.0.0.1 /jonza/index.php/Apps/Promotion/details/id/43.shtml
INFO: [ app_begin ] --START--
INFO: Run Behavior\ReadHtmlCacheBehavior [ RunTime:0.001000s ]
INFO: [ app_begin ] --END-- [ RunTime:0.004001s ]
NOTIC: [8192] mysql_connect(): The mysql extension is deprecated and will be removed in the future: use mysqli or PDO instead E:\cucisvn\01-code\jonza\Library\Think\Library\Think\Session\Driver\Db.class.php 第 95 行.
NOTIC: [2048] Declaration of Apps\Controller\PromotionController::index() should be compatible with Library\Controller\Controller::index($model = NULL, $map = Array, $tpl = NULL) E:\cucisvn\01-code\jonza\Module\Apps\Controller\PromotionController.class.php 第 14 行.
SQL: SHOW COLUMNS FROM `wx_promotion_user` [ RunTime:0.0060s ]
SQL: SELECT * FROM `wx_promotion_user` WHERE `id` = 43 LIMIT 1   [ RunTime:0.0000s ]
SQL: SELECT m.*,wm.nickname,wm.sex,wm.headimgurl FROM wx_promotion_user pu left join wx_member m on pu.uid = m.id left join wx_wechat_member wm on pu.uid_openid = wm.openid  WHERE pu.promotion_id = '560'  [ RunTime:0.0010s ]
INFO: [ view_parse ] --START--
INFO: [ template_filter ] --START--
INFO: Run Behavior\ContentReplaceBehavior [ RunTime:0.000000s ]
INFO: [ template_filter ] --END-- [ RunTime:0.001000s ]
INFO: Run Behavior\ParseTemplateBehavior [ RunTime:0.027002s ]
INFO: [ view_parse ] --END-- [ RunTime:0.028002s ]
INFO: [ view_filter ] --START--
INFO: Run Behavior\WriteHtmlCacheBehavior [ RunTime:0.001000s ]
INFO: Run Library\Behavior\EmptyImageBehavior [ RunTime:0.002000s ]
INFO: [ view_filter ] --END-- [ RunTime:0.003000s ]
INFO: [ app_end ] --START--
INFO: Run Behavior\ShowPageTraceBehavior [ RunTime:0.001000s ]
INFO: [ app_end ] --END-- [ RunTime:0.002000s ]

[ 2015-05-28T10:12:18+08:00 ] 127.0.0.1 /jonza/index.php/Apps/Promotion/details/id/46.shtml
INFO: [ app_begin ] --START--
INFO: Run Behavior\ReadHtmlCacheBehavior [ RunTime:0.001000s ]
INFO: [ app_begin ] --END-- [ RunTime:0.002000s ]
NOTIC: [8192] mysql_connect(): The mysql extension is deprecated and will be removed in the future: use mysqli or PDO instead E:\cucisvn\01-code\jonza\Library\Think\Library\Think\Session\Driver\Db.class.php 第 95 行.
NOTIC: [2048] Declaration of Apps\Controller\PromotionController::index() should be compatible with Library\Controller\Controller::index($model = NULL, $map = Array, $tpl = NULL) E:\cucisvn\01-code\jonza\Module\Apps\Controller\PromotionController.class.php 第 14 行.
SQL: SHOW COLUMNS FROM `wx_promotion_user` [ RunTime:0.0180s ]
SQL: SELECT * FROM `wx_promotion_user` WHERE `id` = 46 LIMIT 1   [ RunTime:0.0010s ]
SQL: SELECT m.*,wm.nickname,wm.sex,wm.headimgurl FROM wx_promotion_user pu left join wx_member m on pu.uid = m.id left join wx_wechat_member wm on pu.uid_openid = wm.openid  WHERE pu.promotion_id = '593'  [ RunTime:0.0170s ]
INFO: [ view_parse ] --START--
INFO: [ template_filter ] --START--
INFO: Run Behavior\ContentReplaceBehavior [ RunTime:0.000000s ]
INFO: [ template_filter ] --END-- [ RunTime:0.001000s ]
INFO: Run Behavior\ParseTemplateBehavior [ RunTime:0.029002s ]
INFO: [ view_parse ] --END-- [ RunTime:0.030002s ]
INFO: [ view_filter ] --START--
INFO: Run Behavior\WriteHtmlCacheBehavior [ RunTime:0.001000s ]
INFO: Run Library\Behavior\EmptyImageBehavior [ RunTime:0.003000s ]
INFO: [ view_filter ] --END-- [ RunTime:0.005000s ]
INFO: [ app_end ] --START--
INFO: Run Behavior\ShowPageTraceBehavior [ RunTime:0.002000s ]
INFO: [ app_end ] --END-- [ RunTime:0.004001s ]

[ 2015-05-28T10:12:52+08:00 ] 127.0.0.1 /jonza/index.php/Apps/Promotion/details/id/45.shtml
INFO: [ app_begin ] --START--
INFO: Run Behavior\ReadHtmlCacheBehavior [ RunTime:0.002000s ]
INFO: [ app_begin ] --END-- [ RunTime:0.003000s ]
NOTIC: [8192] mysql_connect(): The mysql extension is deprecated and will be removed in the future: use mysqli or PDO instead E:\cucisvn\01-code\jonza\Library\Think\Library\Think\Session\Driver\Db.class.php 第 95 行.
NOTIC: [2048] Declaration of Apps\Controller\PromotionController::index() should be compatible with Library\Controller\Controller::index($model = NULL, $map = Array, $tpl = NULL) E:\cucisvn\01-code\jonza\Module\Apps\Controller\PromotionController.class.php 第 14 行.
SQL: SHOW COLUMNS FROM `wx_promotion_user` [ RunTime:0.0090s ]
SQL: SELECT * FROM `wx_promotion_user` WHERE `id` = 45 LIMIT 1   [ RunTime:0.0030s ]
SQL: SELECT m.*,wm.nickname,wm.sex,wm.headimgurl FROM wx_promotion_user pu left join wx_member m on pu.uid = m.id left join wx_wechat_member wm on pu.uid_openid = wm.openid  WHERE pu.promotion_id = '231'  [ RunTime:0.0020s ]
INFO: [ view_parse ] --START--
INFO: [ template_filter ] --START--
INFO: Run Behavior\ContentReplaceBehavior [ RunTime:0.000000s ]
INFO: [ template_filter ] --END-- [ RunTime:0.001000s ]
INFO: Run Behavior\ParseTemplateBehavior [ RunTime:0.030002s ]
INFO: [ view_parse ] --END-- [ RunTime:0.030002s ]
INFO: [ view_filter ] --START--
INFO: Run Behavior\WriteHtmlCacheBehavior [ RunTime:0.001000s ]
INFO: Run Library\Behavior\EmptyImageBehavior [ RunTime:0.005000s ]
INFO: [ view_filter ] --END-- [ RunTime:0.006000s ]
INFO: [ app_end ] --START--
INFO: Run Behavior\ShowPageTraceBehavior [ RunTime:0.001000s ]
INFO: [ app_end ] --END-- [ RunTime:0.002000s ]

[ 2015-05-28T10:13:23+08:00 ] 127.0.0.1 /jonza/index.php/Apps/Promotion/details/id/45.shtml
INFO: [ app_begin ] --START--
INFO: Run Behavior\ReadHtmlCacheBehavior [ RunTime:0.001000s ]
INFO: [ app_begin ] --END-- [ RunTime:0.002000s ]
NOTIC: [8192] mysql_connect(): The mysql extension is deprecated and will be removed in the future: use mysqli or PDO instead E:\cucisvn\01-code\jonza\Library\Think\Library\Think\Session\Driver\Db.class.php 第 95 行.
NOTIC: [2048] Declaration of Apps\Controller\PromotionController::index() should be compatible with Library\Controller\Controller::index($model = NULL, $map = Array, $tpl = NULL) E:\cucisvn\01-code\jonza\Module\Apps\Controller\PromotionController.class.php 第 14 行.
SQL: SHOW COLUMNS FROM `wx_promotion_user` [ RunTime:0.0070s ]
SQL: SELECT * FROM `wx_promotion_user` WHERE `id` = 45 LIMIT 1   [ RunTime:0.0020s ]
SQL: SELECT m.*,wm.nickname,wm.sex,wm.headimgurl FROM wx_promotion_user pu left join wx_member m on pu.uid = m.id left join wx_wechat_member wm on pu.uid_openid = wm.openid  WHERE pu.promotion_id = '231'  [ RunTime:0.0010s ]
INFO: [ view_parse ] --START--
INFO: [ template_filter ] --START--
INFO: Run Behavior\ContentReplaceBehavior [ RunTime:0.000000s ]
INFO: [ template_filter ] --END-- [ RunTime:0.001000s ]
INFO: Run Behavior\ParseTemplateBehavior [ RunTime:0.027001s ]
INFO: [ view_parse ] --END-- [ RunTime:0.028001s ]
INFO: [ view_filter ] --START--
INFO: Run Behavior\WriteHtmlCacheBehavior [ RunTime:0.001001s ]
INFO: Run Library\Behavior\EmptyImageBehavior [ RunTime:0.002000s ]
INFO: [ view_filter ] --END-- [ RunTime:0.004001s ]
INFO: [ app_end ] --START--
INFO: Run Behavior\ShowPageTraceBehavior [ RunTime:0.002000s ]
INFO: [ app_end ] --END-- [ RunTime:0.002000s ]

[ 2015-05-28T10:14:11+08:00 ] 127.0.0.1 /jonza/index.php/Apps/Promotion/details/id/45.shtml
INFO: [ app_begin ] --START--
INFO: Run Behavior\ReadHtmlCacheBehavior [ RunTime:0.001000s ]
INFO: [ app_begin ] --END-- [ RunTime:0.003000s ]
NOTIC: [8192] mysql_connect(): The mysql extension is deprecated and will be removed in the future: use mysqli or PDO instead E:\cucisvn\01-code\jonza\Library\Think\Library\Think\Session\Driver\Db.class.php 第 95 行.
NOTIC: [2048] Declaration of Apps\Controller\PromotionController::index() should be compatible with Library\Controller\Controller::index($model = NULL, $map = Array, $tpl = NULL) E:\cucisvn\01-code\jonza\Module\Apps\Controller\PromotionController.class.php 第 14 行.
SQL: SHOW COLUMNS FROM `wx_promotion_user` [ RunTime:0.0070s ]
SQL: SELECT * FROM `wx_promotion_user` WHERE `id` = 45 LIMIT 1   [ RunTime:0.0010s ]
SQL: SELECT m.*,wm.nickname,wm.sex,wm.headimgurl FROM wx_promotion_user pu left join wx_member m on pu.uid = m.id left join wx_wechat_member wm on pu.uid_openid = wm.openid  WHERE pu.promotion_id = '231'  [ RunTime:0.0000s ]
INFO: [ view_parse ] --START--
INFO: [ template_filter ] --START--
INFO: Run Behavior\ContentReplaceBehavior [ RunTime:0.000000s ]
INFO: [ template_filter ] --END-- [ RunTime:0.000000s ]
INFO: Run Behavior\ParseTemplateBehavior [ RunTime:0.028002s ]
INFO: [ view_parse ] --END-- [ RunTime:0.028002s ]
INFO: [ view_filter ] --START--
INFO: Run Behavior\WriteHtmlCacheBehavior [ RunTime:0.001000s ]
INFO: Run Library\Behavior\EmptyImageBehavior [ RunTime:0.003000s ]
INFO: [ view_filter ] --END-- [ RunTime:0.005000s ]
INFO: [ app_end ] --START--
INFO: Run Behavior\ShowPageTraceBehavior [ RunTime:0.002000s ]
INFO: [ app_end ] --END-- [ RunTime:0.002000s ]

[ 2015-05-28T10:15:41+08:00 ] 127.0.0.1 /jonza/index.php/Apps/Promotion/details/id/43.shtml
INFO: [ app_begin ] --START--
INFO: Run Behavior\ReadHtmlCacheBehavior [ RunTime:0.002000s ]
INFO: [ app_begin ] --END-- [ RunTime:0.004000s ]
NOTIC: [8192] mysql_connect(): The mysql extension is deprecated and will be removed in the future: use mysqli or PDO instead E:\cucisvn\01-code\jonza\Library\Think\Library\Think\Session\Driver\Db.class.php 第 95 行.
NOTIC: [2048] Declaration of Apps\Controller\PromotionController::index() should be compatible with Library\Controller\Controller::index($model = NULL, $map = Array, $tpl = NULL) E:\cucisvn\01-code\jonza\Module\Apps\Controller\PromotionController.class.php 第 14 行.
SQL: SHOW COLUMNS FROM `wx_promotion_user` [ RunTime:0.0070s ]
SQL: SELECT * FROM `wx_promotion_user` WHERE `id` = 43 LIMIT 1   [ RunTime:0.0010s ]
SQL: SELECT m.*,wm.nickname,wm.sex,wm.headimgurl FROM wx_promotion_user pu left join wx_member m on pu.uid = m.id left join wx_wechat_member wm on pu.uid_openid = wm.openid  WHERE pu.promotion_id = '560'  [ RunTime:0.0020s ]
INFO: [ view_parse ] --START--
INFO: [ template_filter ] --START--
INFO: Run Behavior\ContentReplaceBehavior [ RunTime:0.000000s ]
INFO: [ template_filter ] --END-- [ RunTime:0.000000s ]
INFO: Run Behavior\ParseTemplateBehavior [ RunTime:0.028002s ]
INFO: [ view_parse ] --END-- [ RunTime:0.030002s ]
INFO: [ view_filter ] --START--
INFO: Run Behavior\WriteHtmlCacheBehavior [ RunTime:0.001000s ]
INFO: Run Library\Behavior\EmptyImageBehavior [ RunTime:0.002000s ]
INFO: [ view_filter ] --END-- [ RunTime:0.004000s ]
INFO: [ app_end ] --START--
INFO: Run Behavior\ShowPageTraceBehavior [ RunTime:0.001000s ]
INFO: [ app_end ] --END-- [ RunTime:0.002000s ]

[ 2015-05-28T10:16:20+08:00 ] 127.0.0.1 /jonza/index.php/Apps/Promotion/details/id/43.shtml
INFO: [ app_begin ] --START--
INFO: Run Behavior\ReadHtmlCacheBehavior [ RunTime:0.002000s ]
INFO: [ app_begin ] --END-- [ RunTime:0.003000s ]
NOTIC: [8192] mysql_connect(): The mysql extension is deprecated and will be removed in the future: use mysqli or PDO instead E:\cucisvn\01-code\jonza\Library\Think\Library\Think\Session\Driver\Db.class.php 第 95 行.
NOTIC: [2048] Declaration of Apps\Controller\PromotionController::index() should be compatible with Library\Controller\Controller::index($model = NULL, $map = Array, $tpl = NULL) E:\cucisvn\01-code\jonza\Module\Apps\Controller\PromotionController.class.php 第 14 行.
SQL: SHOW COLUMNS FROM `wx_promotion_user` [ RunTime:0.0070s ]
SQL: SELECT * FROM `wx_promotion_user` WHERE `id` = 43 LIMIT 1   [ RunTime:0.0010s ]
SQL: SELECT m.*,wm.nickname,wm.sex,wm.headimgurl FROM wx_promotion_user pu left join wx_member m on pu.uid = m.id left join wx_wechat_member wm on pu.uid_openid = wm.openid  WHERE pu.promotion_id = '560'  [ RunTime:0.0010s ]
INFO: [ view_parse ] --START--
INFO: [ template_filter ] --START--
INFO: Run Behavior\ContentReplaceBehavior [ RunTime:0.001000s ]
INFO: [ template_filter ] --END-- [ RunTime:0.001000s ]
INFO: Run Behavior\ParseTemplateBehavior [ RunTime:0.029002s ]
INFO: [ view_parse ] --END-- [ RunTime:0.029002s ]
INFO: [ view_filter ] --START--
INFO: Run Behavior\WriteHtmlCacheBehavior [ RunTime:0.002000s ]
INFO: Run Library\Behavior\EmptyImageBehavior [ RunTime:0.002000s ]
INFO: [ view_filter ] --END-- [ RunTime:0.004000s ]
INFO: [ app_end ] --START--
INFO: Run Behavior\ShowPageTraceBehavior [ RunTime:0.002000s ]
INFO: [ app_end ] --END-- [ RunTime:0.002000s ]

[ 2015-05-28T10:17:57+08:00 ] 127.0.0.1 /jonza/index.php/Apps/Promotion/details/id/43.shtml
INFO: [ app_begin ] --START--
INFO: Run Behavior\ReadHtmlCacheBehavior [ RunTime:0.001000s ]
INFO: [ app_begin ] --END-- [ RunTime:0.002000s ]
NOTIC: [8192] mysql_connect(): The mysql extension is deprecated and will be removed in the future: use mysqli or PDO instead E:\cucisvn\01-code\jonza\Library\Think\Library\Think\Session\Driver\Db.class.php 第 95 行.
NOTIC: [2048] Declaration of Apps\Controller\PromotionController::index() should be compatible with Library\Controller\Controller::index($model = NULL, $map = Array, $tpl = NULL) E:\cucisvn\01-code\jonza\Module\Apps\Controller\PromotionController.class.php 第 14 行.
SQL: SHOW COLUMNS FROM `wx_promotion_user` [ RunTime:0.0070s ]
SQL: SELECT * FROM `wx_promotion_user` WHERE `id` = 43 LIMIT 1   [ RunTime:0.0010s ]
SQL: SELECT m.*,wm.nickname,wm.sex,wm.headimgurl FROM wx_promotion_user pu left join wx_member m on pu.uid = m.id left join wx_wechat_member wm on pu.uid_openid = wm.openid  WHERE pu.promotion_id = '560'  [ RunTime:0.0010s ]
INFO: [ view_parse ] --START--
INFO: [ template_filter ] --START--
INFO: Run Behavior\ContentReplaceBehavior [ RunTime:0.000000s ]
INFO: [ template_filter ] --END-- [ RunTime:0.001000s ]
INFO: Run Behavior\ParseTemplateBehavior [ RunTime:0.027002s ]
INFO: [ view_parse ] --END-- [ RunTime:0.028002s ]
INFO: [ view_filter ] --START--
INFO: Run Behavior\WriteHtmlCacheBehavior [ RunTime:0.001000s ]
INFO: Run Library\Behavior\EmptyImageBehavior [ RunTime:0.004000s ]
INFO: [ view_filter ] --END-- [ RunTime:0.005000s ]
INFO: [ app_end ] --START--
INFO: Run Behavior\ShowPageTraceBehavior [ RunTime:0.003000s ]
INFO: [ app_end ] --END-- [ RunTime:0.003000s ]

[ 2015-05-28T10:18:17+08:00 ] 127.0.0.1 /jonza/index.php/Apps/Promotion/details/id/43.shtml
INFO: [ app_begin ] --START--
INFO: Run Behavior\ReadHtmlCacheBehavior [ RunTime:0.001000s ]
INFO: [ app_begin ] --END-- [ RunTime:0.002000s ]
NOTIC: [8192] mysql_connect(): The mysql extension is deprecated and will be removed in the future: use mysqli or PDO instead E:\cucisvn\01-code\jonza\Library\Think\Library\Think\Session\Driver\Db.class.php 第 95 行.
NOTIC: [2048] Declaration of Apps\Controller\PromotionController::index() should be compatible with Library\Controller\Controller::index($model = NULL, $map = Array, $tpl = NULL) E:\cucisvn\01-code\jonza\Module\Apps\Controller\PromotionController.class.php 第 14 行.
SQL: SHOW COLUMNS FROM `wx_promotion_user` [ RunTime:0.0220s ]
SQL: SELECT * FROM `wx_promotion_user` WHERE `id` = 43 LIMIT 1   [ RunTime:0.0010s ]
SQL: SELECT m.*,wm.nickname,wm.sex,wm.headimgurl FROM wx_promotion_user pu left join wx_member m on pu.uid = m.id left join wx_wechat_member wm on pu.uid_openid = wm.openid  WHERE pu.promotion_id = '560'  [ RunTime:0.0020s ]
INFO: [ view_parse ] --START--
INFO: [ template_filter ] --START--
INFO: Run Behavior\ContentReplaceBehavior [ RunTime:0.001000s ]
INFO: [ template_filter ] --END-- [ RunTime:0.001000s ]
INFO: Run Behavior\ParseTemplateBehavior [ RunTime:0.033002s ]
INFO: [ view_parse ] --END-- [ RunTime:0.033002s ]
INFO: [ view_filter ] --START--
INFO: Run Behavior\WriteHtmlCacheBehavior [ RunTime:0.001000s ]
INFO: Run Library\Behavior\EmptyImageBehavior [ RunTime:0.003000s ]
INFO: [ view_filter ] --END-- [ RunTime:0.005000s ]
INFO: [ app_end ] --START--
INFO: Run Behavior\ShowPageTraceBehavior [ RunTime:0.002000s ]
INFO: [ app_end ] --END-- [ RunTime:0.002000s ]

[ 2015-05-28T10:18:45+08:00 ] 127.0.0.1 /jonza/index.php/Apps/Promotion/details/id/43.shtml
INFO: [ app_begin ] --START--
INFO: Run Behavior\ReadHtmlCacheBehavior [ RunTime:0.001000s ]
INFO: [ app_begin ] --END-- [ RunTime:0.002000s ]
NOTIC: [8192] mysql_connect(): The mysql extension is deprecated and will be removed in the future: use mysqli or PDO instead E:\cucisvn\01-code\jonza\Library\Think\Library\Think\Session\Driver\Db.class.php 第 95 行.
NOTIC: [2048] Declaration of Apps\Controller\PromotionController::index() should be compatible with Library\Controller\Controller::index($model = NULL, $map = Array, $tpl = NULL) E:\cucisvn\01-code\jonza\Module\Apps\Controller\PromotionController.class.php 第 14 行.
SQL: SHOW COLUMNS FROM `wx_promotion_user` [ RunTime:0.0080s ]
SQL: SELECT * FROM `wx_promotion_user` WHERE `id` = 43 LIMIT 1   [ RunTime:0.0040s ]
SQL: SELECT m.*,wm.nickname,wm.sex,wm.headimgurl FROM wx_promotion_user pu left join wx_member m on pu.uid = m.id left join wx_wechat_member wm on pu.uid_openid = wm.openid  WHERE pu.promotion_id = '560'  [ RunTime:0.0020s ]
INFO: [ view_parse ] --START--
INFO: [ template_filter ] --START--
INFO: Run Behavior\ContentReplaceBehavior [ RunTime:0.001000s ]
INFO: [ template_filter ] --END-- [ RunTime:0.001000s ]
INFO: Run Behavior\ParseTemplateBehavior [ RunTime:0.030002s ]
INFO: [ view_parse ] --END-- [ RunTime:0.031002s ]
INFO: [ view_filter ] --START--
INFO: Run Behavior\WriteHtmlCacheBehavior [ RunTime:0.002000s ]
INFO: Run Library\Behavior\EmptyImageBehavior [ RunTime:0.002000s ]
INFO: [ view_filter ] --END-- [ RunTime:0.004000s ]
INFO: [ app_end ] --START--
INFO: Run Behavior\ShowPageTraceBehavior [ RunTime:0.001000s ]
INFO: [ app_end ] --END-- [ RunTime:0.002000s ]

[ 2015-05-28T10:19:15+08:00 ] 127.0.0.1 /jonza/index.php/Apps/Promotion/details/id/43.shtml
INFO: [ app_begin ] --START--
INFO: Run Behavior\ReadHtmlCacheBehavior [ RunTime:0.001000s ]
INFO: [ app_begin ] --END-- [ RunTime:0.002000s ]
NOTIC: [8192] mysql_connect(): The mysql extension is deprecated and will be removed in the future: use mysqli or PDO instead E:\cucisvn\01-code\jonza\Library\Think\Library\Think\Session\Driver\Db.class.php 第 95 行.
NOTIC: [2048] Declaration of Apps\Controller\PromotionController::index() should be compatible with Library\Controller\Controller::index($model = NULL, $map = Array, $tpl = NULL) E:\cucisvn\01-code\jonza\Module\Apps\Controller\PromotionController.class.php 第 14 行.
SQL: SHOW COLUMNS FROM `wx_promotion_user` [ RunTime:0.0090s ]
SQL: SELECT * FROM `wx_promotion_user` WHERE `id` = 43 LIMIT 1   [ RunTime:0.0010s ]
SQL: SELECT m.*,wm.nickname,wm.sex,wm.headimgurl FROM wx_promotion_user pu left join wx_member m on pu.uid = m.id left join wx_wechat_member wm on pu.uid_openid = wm.openid  WHERE pu.promotion_id = '560'  [ RunTime:0.0010s ]
INFO: [ view_parse ] --START--
INFO: [ template_filter ] --START--
INFO: Run Behavior\ContentReplaceBehavior [ RunTime:0.001000s ]
INFO: [ template_filter ] --END-- [ RunTime:0.001000s ]
INFO: Run Behavior\ParseTemplateBehavior [ RunTime:0.029001s ]
INFO: [ view_parse ] --END-- [ RunTime:0.030001s ]
INFO: [ view_filter ] --START--
INFO: Run Behavior\WriteHtmlCacheBehavior [ RunTime:0.001000s ]
INFO: Run Library\Behavior\EmptyImageBehavior [ RunTime:0.002000s ]
INFO: [ view_filter ] --END-- [ RunTime:0.005001s ]
INFO: [ app_end ] --START--
INFO: Run Behavior\ShowPageTraceBehavior [ RunTime:0.002000s ]
INFO: [ app_end ] --END-- [ RunTime:0.002000s ]

[ 2015-05-28T10:22:34+08:00 ] 127.0.0.1 /jonza/index.php/Apps/Promotion/details/id/43.shtml
INFO: [ app_begin ] --START--
INFO: Run Behavior\ReadHtmlCacheBehavior [ RunTime:0.001000s ]
INFO: [ app_begin ] --END-- [ RunTime:0.001000s ]
NOTIC: [8192] mysql_connect(): The mysql extension is deprecated and will be removed in the future: use mysqli or PDO instead E:\cucisvn\01-code\jonza\Library\Think\Library\Think\Session\Driver\Db.class.php 第 95 行.
NOTIC: [2048] Declaration of Apps\Controller\PromotionController::index() should be compatible with Library\Controller\Controller::index($model = NULL, $map = Array, $tpl = NULL) E:\cucisvn\01-code\jonza\Module\Apps\Controller\PromotionController.class.php 第 14 行.
SQL: SHOW COLUMNS FROM `wx_promotion_user` [ RunTime:0.0070s ]
SQL: SELECT * FROM `wx_promotion_user` WHERE `id` = 43 LIMIT 1   [ RunTime:0.0010s ]
SQL: SELECT m.*,wm.nickname,wm.sex,wm.headimgurl FROM wx_promotion_user pu left join wx_member m on pu.uid = m.id left join wx_wechat_member wm on pu.uid_openid = wm.openid  WHERE pu.promotion_id = '560'  [ RunTime:0.0010s ]
INFO: [ view_parse ] --START--
INFO: [ template_filter ] --START--
INFO: Run Behavior\ContentReplaceBehavior [ RunTime:0.000000s ]
INFO: [ template_filter ] --END-- [ RunTime:0.001000s ]
INFO: Run Behavior\ParseTemplateBehavior [ RunTime:0.030002s ]
INFO: [ view_parse ] --END-- [ RunTime:0.030002s ]
INFO: [ view_filter ] --START--
INFO: Run Behavior\WriteHtmlCacheBehavior [ RunTime:0.001000s ]
INFO: Run Library\Behavior\EmptyImageBehavior [ RunTime:0.002000s ]
INFO: [ view_filter ] --END-- [ RunTime:0.005000s ]
INFO: [ app_end ] --START--
INFO: Run Behavior\ShowPageTraceBehavior [ RunTime:0.001000s ]
INFO: [ app_end ] --END-- [ RunTime:0.002000s ]

[ 2015-05-28T10:23:04+08:00 ] 127.0.0.1 /jonza/index.php/Apps/Promotion/details/id/43.shtml
INFO: [ app_begin ] --START--
INFO: Run Behavior\ReadHtmlCacheBehavior [ RunTime:0.001000s ]
INFO: [ app_begin ] --END-- [ RunTime:0.004000s ]
NOTIC: [8192] mysql_connect(): The mysql extension is deprecated and will be removed in the future: use mysqli or PDO instead E:\cucisvn\01-code\jonza\Library\Think\Library\Think\Session\Driver\Db.class.php 第 95 行.
NOTIC: [2048] Declaration of Apps\Controller\PromotionController::index() should be compatible with Library\Controller\Controller::index($model = NULL, $map = Array, $tpl = NULL) E:\cucisvn\01-code\jonza\Module\Apps\Controller\PromotionController.class.php 第 14 行.
SQL: SHOW COLUMNS FROM `wx_promotion_user` [ RunTime:0.0080s ]
SQL: SELECT * FROM `wx_promotion_user` WHERE `id` = 43 LIMIT 1   [ RunTime:0.0010s ]
SQL: SELECT m.*,wm.nickname,wm.sex,wm.headimgurl FROM wx_promotion_user pu left join wx_member m on pu.uid = m.id left join wx_wechat_member wm on pu.uid_openid = wm.openid  WHERE pu.promotion_id = '560'  [ RunTime:0.0010s ]
INFO: [ view_parse ] --START--
INFO: [ template_filter ] --START--
INFO: Run Behavior\ContentReplaceBehavior [ RunTime:0.000000s ]
INFO: [ template_filter ] --END-- [ RunTime:0.000000s ]
INFO: Run Behavior\ParseTemplateBehavior [ RunTime:0.031002s ]
INFO: [ view_parse ] --END-- [ RunTime:0.032002s ]
INFO: [ view_filter ] --START--
INFO: Run Behavior\WriteHtmlCacheBehavior [ RunTime:0.002000s ]
INFO: Run Library\Behavior\EmptyImageBehavior [ RunTime:0.004000s ]
INFO: [ view_filter ] --END-- [ RunTime:0.006000s ]
INFO: [ app_end ] --START--
INFO: Run Behavior\ShowPageTraceBehavior [ RunTime:0.002001s ]
INFO: [ app_end ] --END-- [ RunTime:0.003001s ]

[ 2015-05-28T10:26:46+08:00 ] 127.0.0.1 /jonza/index.php/Apps/Promotion/details/id/43.shtml
INFO: [ app_begin ] --START--
INFO: Run Behavior\ReadHtmlCacheBehavior [ RunTime:0.001000s ]
INFO: [ app_begin ] --END-- [ RunTime:0.002000s ]
NOTIC: [8192] mysql_connect(): The mysql extension is deprecated and will be removed in the future: use mysqli or PDO instead E:\cucisvn\01-code\jonza\Library\Think\Library\Think\Session\Driver\Db.class.php 第 95 行.
NOTIC: [2048] Declaration of Apps\Controller\PromotionController::index() should be compatible with Library\Controller\Controller::index($model = NULL, $map = Array, $tpl = NULL) E:\cucisvn\01-code\jonza\Module\Apps\Controller\PromotionController.class.php 第 14 行.
SQL: SHOW COLUMNS FROM `wx_promotion_user` [ RunTime:0.0130s ]
SQL: SELECT * FROM `wx_promotion_user` WHERE `id` = 43 LIMIT 1   [ RunTime:0.0010s ]
SQL: SELECT m.name FROM wx_promotion_user pu left join wx_member m on pu.promotion_id = m.id  WHERE pu.id = '43'  [ RunTime:0.0000s ]
SQL: SELECT m.*,wm.nickname,wm.sex,wm.headimgurl FROM wx_promotion_user pu left join wx_member m on pu.uid = m.id left join wx_wechat_member wm on pu.uid_openid = wm.openid  WHERE pu.promotion_id = '560'  [ RunTime:0.0020s ]
INFO: [ view_parse ] --START--
INFO: [ template_filter ] --START--
INFO: Run Behavior\ContentReplaceBehavior [ RunTime:0.000000s ]
INFO: [ template_filter ] --END-- [ RunTime:0.001001s ]
INFO: Run Behavior\ParseTemplateBehavior [ RunTime:0.030002s ]
INFO: [ view_parse ] --END-- [ RunTime:0.030002s ]
INFO: [ view_filter ] --START--
INFO: Run Behavior\WriteHtmlCacheBehavior [ RunTime:0.001000s ]
INFO: Run Library\Behavior\EmptyImageBehavior [ RunTime:0.003000s ]
INFO: [ view_filter ] --END-- [ RunTime:0.005000s ]
INFO: [ app_end ] --START--
INFO: Run Behavior\ShowPageTraceBehavior [ RunTime:0.002000s ]
INFO: [ app_end ] --END-- [ RunTime:0.002000s ]

[ 2015-05-28T10:27:06+08:00 ] 127.0.0.1 /jonza/index.php/Apps/Promotion/details/id/45.shtml
INFO: [ app_begin ] --START--
INFO: Run Behavior\ReadHtmlCacheBehavior [ RunTime:0.002000s ]
INFO: [ app_begin ] --END-- [ RunTime:0.003000s ]
NOTIC: [8192] mysql_connect(): The mysql extension is deprecated and will be removed in the future: use mysqli or PDO instead E:\cucisvn\01-code\jonza\Library\Think\Library\Think\Session\Driver\Db.class.php 第 95 行.
NOTIC: [2048] Declaration of Apps\Controller\PromotionController::index() should be compatible with Library\Controller\Controller::index($model = NULL, $map = Array, $tpl = NULL) E:\cucisvn\01-code\jonza\Module\Apps\Controller\PromotionController.class.php 第 14 行.
SQL: SHOW COLUMNS FROM `wx_promotion_user` [ RunTime:0.0080s ]
SQL: SELECT * FROM `wx_promotion_user` WHERE `id` = 45 LIMIT 1   [ RunTime:0.0010s ]
SQL: SELECT m.name FROM wx_promotion_user pu left join wx_member m on pu.promotion_id = m.id  WHERE pu.id = '45' LIMIT 1   [ RunTime:0.0000s ]
SQL: SELECT m.*,wm.nickname,wm.sex,wm.headimgurl FROM wx_promotion_user pu left join wx_member m on pu.uid = m.id left join wx_wechat_member wm on pu.uid_openid = wm.openid  WHERE pu.promotion_id = '231'  [ RunTime:0.0020s ]
INFO: [ view_parse ] --START--
INFO: [ template_filter ] --START--
INFO: Run Behavior\ContentReplaceBehavior [ RunTime:0.000000s ]
INFO: [ template_filter ] --END-- [ RunTime:0.001000s ]
INFO: Run Behavior\ParseTemplateBehavior [ RunTime:0.026001s ]
INFO: [ view_parse ] --END-- [ RunTime:0.028001s ]
INFO: [ view_filter ] --START--
INFO: Run Behavior\WriteHtmlCacheBehavior [ RunTime:0.002001s ]
INFO: Run Library\Behavior\EmptyImageBehavior [ RunTime:0.002000s ]
INFO: [ view_filter ] --END-- [ RunTime:0.004001s ]
INFO: [ app_end ] --START--
INFO: Run Behavior\ShowPageTraceBehavior [ RunTime:0.002000s ]
INFO: [ app_end ] --END-- [ RunTime:0.002000s ]

[ 2015-05-28T10:27:21+08:00 ] 127.0.0.1 /jonza/index.php/Apps/Promotion/details/id/40.shtml
INFO: [ app_begin ] --START--
INFO: Run Behavior\ReadHtmlCacheBehavior [ RunTime:0.001000s ]
INFO: [ app_begin ] --END-- [ RunTime:0.003000s ]
NOTIC: [8192] mysql_connect(): The mysql extension is deprecated and will be removed in the future: use mysqli or PDO instead E:\cucisvn\01-code\jonza\Library\Think\Library\Think\Session\Driver\Db.class.php 第 95 行.
NOTIC: [2048] Declaration of Apps\Controller\PromotionController::index() should be compatible with Library\Controller\Controller::index($model = NULL, $map = Array, $tpl = NULL) E:\cucisvn\01-code\jonza\Module\Apps\Controller\PromotionController.class.php 第 14 行.
SQL: SHOW COLUMNS FROM `wx_promotion_user` [ RunTime:0.0080s ]
SQL: SELECT * FROM `wx_promotion_user` WHERE `id` = 40 LIMIT 1   [ RunTime:0.0010s ]
SQL: SELECT m.name FROM wx_promotion_user pu left join wx_member m on pu.promotion_id = m.id  WHERE pu.id = '40' LIMIT 1   [ RunTime:0.0010s ]
SQL: SELECT m.*,wm.nickname,wm.sex,wm.headimgurl FROM wx_promotion_user pu left join wx_member m on pu.uid = m.id left join wx_wechat_member wm on pu.uid_openid = wm.openid  WHERE pu.promotion_id = '538'  [ RunTime:0.1070s ]
INFO: [ view_parse ] --START--
INFO: [ template_filter ] --START--
INFO: Run Behavior\ContentReplaceBehavior [ RunTime:0.000000s ]
INFO: [ template_filter ] --END-- [ RunTime:0.000000s ]
INFO: Run Behavior\ParseTemplateBehavior [ RunTime:0.028001s ]
INFO: [ view_parse ] --END-- [ RunTime:0.028001s ]
INFO: [ view_filter ] --START--
INFO: Run Behavior\WriteHtmlCacheBehavior [ RunTime:0.001000s ]
INFO: Run Library\Behavior\EmptyImageBehavior [ RunTime:0.002000s ]
INFO: [ view_filter ] --END-- [ RunTime:0.004000s ]
INFO: [ app_end ] --START--
INFO: Run Behavior\ShowPageTraceBehavior [ RunTime:0.001000s ]
INFO: [ app_end ] --END-- [ RunTime:0.002001s ]

[ 2015-05-28T10:28:27+08:00 ] 127.0.0.1 /jonza/index.php/Apps/Promotion/details/id/45.shtml
INFO: [ app_begin ] --START--
INFO: Run Behavior\ReadHtmlCacheBehavior [ RunTime:0.002000s ]
INFO: [ app_begin ] --END-- [ RunTime:0.004001s ]
NOTIC: [8192] mysql_connect(): The mysql extension is deprecated and will be removed in the future: use mysqli or PDO instead E:\cucisvn\01-code\jonza\Library\Think\Library\Think\Session\Driver\Db.class.php 第 95 行.
NOTIC: [2048] Declaration of Apps\Controller\PromotionController::index() should be compatible with Library\Controller\Controller::index($model = NULL, $map = Array, $tpl = NULL) E:\cucisvn\01-code\jonza\Module\Apps\Controller\PromotionController.class.php 第 14 行.
SQL: SHOW COLUMNS FROM `wx_promotion_user` [ RunTime:0.0600s ]
SQL: SELECT * FROM `wx_promotion_user` WHERE `id` = 45 LIMIT 1   [ RunTime:0.0010s ]
SQL: SELECT m.name FROM wx_promotion_user pu left join wx_member m on pu.promotion_id = m.id  WHERE pu.id = '45' LIMIT 1   [ RunTime:0.0020s ]
SQL: SELECT m.*,wm.nickname,wm.sex,wm.headimgurl FROM wx_promotion_user pu left join wx_member m on pu.uid = m.id left join wx_wechat_member wm on pu.uid_openid = wm.openid  WHERE pu.promotion_id = '231'  [ RunTime:0.0020s ]
INFO: [ view_parse ] --START--
INFO: [ template_filter ] --START--
INFO: Run Behavior\ContentReplaceBehavior [ RunTime:0.000000s ]
INFO: [ template_filter ] --END-- [ RunTime:0.000000s ]
NOTIC: [8] Array to string conversion E:\cucisvn\01-code\jonza\Static\Runtime\Cache\Apps\0d1daad1d9f258012b7d7d5772ba0061.php 第 15 行.
INFO: Run Behavior\ParseTemplateBehavior [ RunTime:0.033002s ]
INFO: [ view_parse ] --END-- [ RunTime:0.033002s ]
INFO: [ view_filter ] --START--
INFO: Run Behavior\WriteHtmlCacheBehavior [ RunTime:0.001000s ]
INFO: Run Library\Behavior\EmptyImageBehavior [ RunTime:0.003000s ]
INFO: [ view_filter ] --END-- [ RunTime:0.005000s ]
INFO: [ app_end ] --START--
INFO: Run Behavior\ShowPageTraceBehavior [ RunTime:0.001000s ]
INFO: [ app_end ] --END-- [ RunTime:0.001000s ]

[ 2015-05-28T10:30:54+08:00 ] 127.0.0.1 /jonza/index.php/Apps/Promotion/details/id/40.shtml
INFO: [ app_begin ] --START--
INFO: Run Behavior\ReadHtmlCacheBehavior [ RunTime:0.001000s ]
INFO: [ app_begin ] --END-- [ RunTime:0.004001s ]
NOTIC: [8192] mysql_connect(): The mysql extension is deprecated and will be removed in the future: use mysqli or PDO instead E:\cucisvn\01-code\jonza\Library\Think\Library\Think\Session\Driver\Db.class.php 第 95 行.
NOTIC: [2048] Declaration of Apps\Controller\PromotionController::index() should be compatible with Library\Controller\Controller::index($model = NULL, $map = Array, $tpl = NULL) E:\cucisvn\01-code\jonza\Module\Apps\Controller\PromotionController.class.php 第 14 行.
SQL: SHOW COLUMNS FROM `wx_promotion_user` [ RunTime:0.0110s ]
SQL: SELECT * FROM `wx_promotion_user` WHERE `id` = 40 LIMIT 1   [ RunTime:0.0000s ]
SQL: SELECT m.name FROM wx_promotion_user pu left join wx_member m on pu.promotion_id = m.id  WHERE pu.id = '40' LIMIT 1   [ RunTime:0.0010s ]
SQL: SELECT m.*,wm.nickname,wm.sex,wm.headimgurl FROM wx_promotion_user pu left join wx_member m on pu.uid = m.id left join wx_wechat_member wm on pu.uid_openid = wm.openid  WHERE pu.promotion_id = '538'  [ RunTime:0.0010s ]
INFO: [ view_parse ] --START--
INFO: [ template_filter ] --START--
INFO: Run Behavior\ContentReplaceBehavior [ RunTime:0.000000s ]
INFO: [ template_filter ] --END-- [ RunTime:0.001000s ]
NOTIC: [8] Array to string conversion E:\cucisvn\01-code\jonza\Static\Runtime\Cache\Apps\0d1daad1d9f258012b7d7d5772ba0061.php 第 15 行.
INFO: Run Behavior\ParseTemplateBehavior [ RunTime:0.032001s ]
INFO: [ view_parse ] --END-- [ RunTime:0.033002s ]
INFO: [ view_filter ] --START--
INFO: Run Behavior\WriteHtmlCacheBehavior [ RunTime:0.001000s ]
INFO: Run Library\Behavior\EmptyImageBehavior [ RunTime:0.002000s ]
INFO: [ view_filter ] --END-- [ RunTime:0.004001s ]
INFO: [ app_end ] --START--
INFO: Run Behavior\ShowPageTraceBehavior [ RunTime:0.002000s ]
INFO: [ app_end ] --END-- [ RunTime:0.002000s ]

[ 2015-05-28T10:31:20+08:00 ] 127.0.0.1 /jonza/index.php/Apps/Promotion/details/id/43.shtml
INFO: [ app_begin ] --START--
INFO: Run Behavior\ReadHtmlCacheBehavior [ RunTime:0.001000s ]
INFO: [ app_begin ] --END-- [ RunTime:0.002000s ]
NOTIC: [8192] mysql_connect(): The mysql extension is deprecated and will be removed in the future: use mysqli or PDO instead E:\cucisvn\01-code\jonza\Library\Think\Library\Think\Session\Driver\Db.class.php 第 95 行.
NOTIC: [2048] Declaration of Apps\Controller\PromotionController::index() should be compatible with Library\Controller\Controller::index($model = NULL, $map = Array, $tpl = NULL) E:\cucisvn\01-code\jonza\Module\Apps\Controller\PromotionController.class.php 第 14 行.
SQL: SHOW COLUMNS FROM `wx_promotion_user` [ RunTime:0.0070s ]
SQL: SELECT * FROM `wx_promotion_user` WHERE `id` = 43 LIMIT 1   [ RunTime:0.0010s ]
SQL: SELECT m.name FROM wx_promotion_user pu left join wx_member m on pu.promotion_id = m.id  WHERE pu.id = '43' LIMIT 1   [ RunTime:0.0010s ]
SQL: SELECT m.*,wm.nickname,wm.sex,wm.headimgurl FROM wx_promotion_user pu left join wx_member m on pu.uid = m.id left join wx_wechat_member wm on pu.uid_openid = wm.openid  WHERE pu.promotion_id = '560'  [ RunTime:0.0010s ]
INFO: [ view_parse ] --START--
INFO: [ template_filter ] --START--
INFO: Run Behavior\ContentReplaceBehavior [ RunTime:0.001000s ]
INFO: [ template_filter ] --END-- [ RunTime:0.001000s ]
INFO: Run Behavior\ParseTemplateBehavior [ RunTime:0.030001s ]
INFO: [ view_parse ] --END-- [ RunTime:0.030001s ]
INFO: [ view_filter ] --START--
INFO: Run Behavior\WriteHtmlCacheBehavior [ RunTime:0.001000s ]
INFO: Run Library\Behavior\EmptyImageBehavior [ RunTime:0.002001s ]
INFO: [ view_filter ] --END-- [ RunTime:0.004001s ]
INFO: [ app_end ] --START--
INFO: Run Behavior\ShowPageTraceBehavior [ RunTime:0.001000s ]
INFO: [ app_end ] --END-- [ RunTime:0.002000s ]

[ 2015-05-28T10:31:30+08:00 ] 127.0.0.1 /jonza/index.php/Apps/Promotion/details/id/45.shtml
INFO: [ app_begin ] --START--
INFO: Run Behavior\ReadHtmlCacheBehavior [ RunTime:0.001000s ]
INFO: [ app_begin ] --END-- [ RunTime:0.002000s ]
NOTIC: [8192] mysql_connect(): The mysql extension is deprecated and will be removed in the future: use mysqli or PDO instead E:\cucisvn\01-code\jonza\Library\Think\Library\Think\Session\Driver\Db.class.php 第 95 行.
NOTIC: [2048] Declaration of Apps\Controller\PromotionController::index() should be compatible with Library\Controller\Controller::index($model = NULL, $map = Array, $tpl = NULL) E:\cucisvn\01-code\jonza\Module\Apps\Controller\PromotionController.class.php 第 14 行.
SQL: SHOW COLUMNS FROM `wx_promotion_user` [ RunTime:0.0090s ]
SQL: SELECT * FROM `wx_promotion_user` WHERE `id` = 45 LIMIT 1   [ RunTime:0.0000s ]
SQL: SELECT m.name FROM wx_promotion_user pu left join wx_member m on pu.promotion_id = m.id  WHERE pu.id = '45' LIMIT 1   [ RunTime:0.0010s ]
SQL: SELECT m.*,wm.nickname,wm.sex,wm.headimgurl FROM wx_promotion_user pu left join wx_member m on pu.uid = m.id left join wx_wechat_member wm on pu.uid_openid = wm.openid  WHERE pu.promotion_id = '231'  [ RunTime:0.0010s ]
INFO: [ view_parse ] --START--
INFO: [ template_filter ] --START--
INFO: Run Behavior\ContentReplaceBehavior [ RunTime:0.000000s ]
INFO: [ template_filter ] --END-- [ RunTime:0.001001s ]
INFO: Run Behavior\ParseTemplateBehavior [ RunTime:0.031002s ]
INFO: [ view_parse ] --END-- [ RunTime:0.031002s ]
INFO: [ view_filter ] --START--
INFO: Run Behavior\WriteHtmlCacheBehavior [ RunTime:0.001000s ]
INFO: Run Library\Behavior\EmptyImageBehavior [ RunTime:0.002000s ]
INFO: [ view_filter ] --END-- [ RunTime:0.005000s ]
INFO: [ app_end ] --START--
INFO: Run Behavior\ShowPageTraceBehavior [ RunTime:0.002000s ]
INFO: [ app_end ] --END-- [ RunTime:0.003000s ]

[ 2015-05-28T10:31:37+08:00 ] 127.0.0.1 /jonza/index.php/Apps/Promotion/details/id/40.shtml
INFO: [ app_begin ] --START--
INFO: Run Behavior\ReadHtmlCacheBehavior [ RunTime:0.002000s ]
INFO: [ app_begin ] --END-- [ RunTime:0.003001s ]
NOTIC: [8192] mysql_connect(): The mysql extension is deprecated and will be removed in the future: use mysqli or PDO instead E:\cucisvn\01-code\jonza\Library\Think\Library\Think\Session\Driver\Db.class.php 第 95 行.
NOTIC: [2048] Declaration of Apps\Controller\PromotionController::index() should be compatible with Library\Controller\Controller::index($model = NULL, $map = Array, $tpl = NULL) E:\cucisvn\01-code\jonza\Module\Apps\Controller\PromotionController.class.php 第 14 行.
SQL: SHOW COLUMNS FROM `wx_promotion_user` [ RunTime:0.0070s ]
SQL: SELECT * FROM `wx_promotion_user` WHERE `id` = 40 LIMIT 1   [ RunTime:0.0010s ]
SQL: SELECT m.name FROM wx_promotion_user pu left join wx_member m on pu.promotion_id = m.id  WHERE pu.id = '40' LIMIT 1   [ RunTime:0.0000s ]
SQL: SELECT m.*,wm.nickname,wm.sex,wm.headimgurl FROM wx_promotion_user pu left join wx_member m on pu.uid = m.id left join wx_wechat_member wm on pu.uid_openid = wm.openid  WHERE pu.promotion_id = '538'  [ RunTime:0.0010s ]
INFO: [ view_parse ] --START--
INFO: [ template_filter ] --START--
INFO: Run Behavior\ContentReplaceBehavior [ RunTime:0.000000s ]
INFO: [ template_filter ] --END-- [ RunTime:0.000000s ]
INFO: Run Behavior\ParseTemplateBehavior [ RunTime:0.028001s ]
INFO: [ view_parse ] --END-- [ RunTime:0.028001s ]
INFO: [ view_filter ] --START--
INFO: Run Behavior\WriteHtmlCacheBehavior [ RunTime:0.001000s ]
INFO: Run Library\Behavior\EmptyImageBehavior [ RunTime:0.003000s ]
INFO: [ view_filter ] --END-- [ RunTime:0.005001s ]
INFO: [ app_end ] --START--
INFO: Run Behavior\ShowPageTraceBehavior [ RunTime:0.001000s ]
INFO: [ app_end ] --END-- [ RunTime:0.002000s ]

[ 2015-05-28T10:31:41+08:00 ] 127.0.0.1 /jonza/index.php/Apps/Promotion/details/id/46.shtml
INFO: [ app_begin ] --START--
INFO: Run Behavior\ReadHtmlCacheBehavior [ RunTime:0.001000s ]
INFO: [ app_begin ] --END-- [ RunTime:0.002000s ]
NOTIC: [8192] mysql_connect(): The mysql extension is deprecated and will be removed in the future: use mysqli or PDO instead E:\cucisvn\01-code\jonza\Library\Think\Library\Think\Session\Driver\Db.class.php 第 95 行.
NOTIC: [2048] Declaration of Apps\Controller\PromotionController::index() should be compatible with Library\Controller\Controller::index($model = NULL, $map = Array, $tpl = NULL) E:\cucisvn\01-code\jonza\Module\Apps\Controller\PromotionController.class.php 第 14 行.
SQL: SHOW COLUMNS FROM `wx_promotion_user` [ RunTime:0.0070s ]
SQL: SELECT * FROM `wx_promotion_user` WHERE `id` = 46 LIMIT 1   [ RunTime:0.0000s ]
SQL: SELECT m.name FROM wx_promotion_user pu left join wx_member m on pu.promotion_id = m.id  WHERE pu.id = '46' LIMIT 1   [ RunTime:0.0010s ]
SQL: SELECT m.*,wm.nickname,wm.sex,wm.headimgurl FROM wx_promotion_user pu left join wx_member m on pu.uid = m.id left join wx_wechat_member wm on pu.uid_openid = wm.openid  WHERE pu.promotion_id = '593'  [ RunTime:0.0020s ]
INFO: [ view_parse ] --START--
INFO: [ template_filter ] --START--
INFO: Run Behavior\ContentReplaceBehavior [ RunTime:0.001000s ]
INFO: [ template_filter ] --END-- [ RunTime:0.001000s ]
INFO: Run Behavior\ParseTemplateBehavior [ RunTime:0.029001s ]
INFO: [ view_parse ] --END-- [ RunTime:0.030001s ]
INFO: [ view_filter ] --START--
INFO: Run Behavior\WriteHtmlCacheBehavior [ RunTime:0.001000s ]
INFO: Run Library\Behavior\EmptyImageBehavior [ RunTime:0.003001s ]
INFO: [ view_filter ] --END-- [ RunTime:0.004001s ]
INFO: [ app_end ] --START--
INFO: Run Behavior\ShowPageTraceBehavior [ RunTime:0.001000s ]
INFO: [ app_end ] --END-- [ RunTime:0.002000s ]

[ 2015-05-28T10:32:12+08:00 ] 127.0.0.1 /jonza/index.php/Apps/Promotion/details/id/46.shtml
INFO: [ app_begin ] --START--
INFO: Run Behavior\ReadHtmlCacheBehavior [ RunTime:0.002000s ]
INFO: [ app_begin ] --END-- [ RunTime:0.003000s ]
NOTIC: [8192] mysql_connect(): The mysql extension is deprecated and will be removed in the future: use mysqli or PDO instead E:\cucisvn\01-code\jonza\Library\Think\Library\Think\Session\Driver\Db.class.php 第 95 行.
NOTIC: [2048] Declaration of Apps\Controller\PromotionController::index() should be compatible with Library\Controller\Controller::index($model = NULL, $map = Array, $tpl = NULL) E:\cucisvn\01-code\jonza\Module\Apps\Controller\PromotionController.class.php 第 14 行.
SQL: SHOW COLUMNS FROM `wx_promotion_user` [ RunTime:0.0070s ]
SQL: SELECT * FROM `wx_promotion_user` WHERE `id` = 46 LIMIT 1   [ RunTime:0.0000s ]
SQL: SELECT m.name FROM wx_promotion_user pu left join wx_member m on pu.promotion_id = m.id  WHERE pu.id = '46' LIMIT 1   [ RunTime:0.0010s ]
SQL: SELECT m.*,wm.nickname,wm.sex,wm.headimgurl FROM wx_promotion_user pu left join wx_member m on pu.uid = m.id left join wx_wechat_member wm on pu.uid_openid = wm.openid  WHERE pu.promotion_id = '593'  [ RunTime:0.0010s ]
INFO: [ view_parse ] --START--
INFO: [ template_filter ] --START--
INFO: Run Behavior\ContentReplaceBehavior [ RunTime:0.000000s ]
INFO: [ template_filter ] --END-- [ RunTime:0.000000s ]
INFO: Run Behavior\ParseTemplateBehavior [ RunTime:0.027001s ]
INFO: [ view_parse ] --END-- [ RunTime:0.028001s ]
INFO: [ view_filter ] --START--
INFO: Run Behavior\WriteHtmlCacheBehavior [ RunTime:0.001000s ]
INFO: Run Library\Behavior\EmptyImageBehavior [ RunTime:0.002000s ]
INFO: [ view_filter ] --END-- [ RunTime:0.005001s ]
INFO: [ app_end ] --START--
INFO: Run Behavior\ShowPageTraceBehavior [ RunTime:0.002000s ]
INFO: [ app_end ] --END-- [ RunTime:0.002000s ]

[ 2015-05-28T13:42:37+08:00 ] 127.0.0.1 /jonza/index.php/Apps/Promotion/details/id/45.shtml
INFO: [ app_begin ] --START--
INFO: Run Behavior\ReadHtmlCacheBehavior [ RunTime:0.001000s ]
INFO: [ app_begin ] --END-- [ RunTime:0.005000s ]
NOTIC: [8192] mysql_connect(): The mysql extension is deprecated and will be removed in the future: use mysqli or PDO instead E:\cucisvn\01-code\jonza\Library\Think\Library\Think\Session\Driver\Db.class.php 第 95 行.
NOTIC: [2048] Declaration of Apps\Controller\PromotionController::index() should be compatible with Library\Controller\Controller::index($model = NULL, $map = Array, $tpl = NULL) E:\cucisvn\01-code\jonza\Module\Apps\Controller\PromotionController.class.php 第 14 行.
SQL: SHOW COLUMNS FROM `wx_sys_role_node` [ RunTime:0.0090s ]
SQL: SELECT `node` FROM `wx_sys_role_node` WHERE `role_id` = '23'  [ RunTime:0.0080s ]
SQL: SHOW COLUMNS FROM `wx_promotion_user` [ RunTime:0.0130s ]
SQL: SELECT * FROM `wx_promotion_user` WHERE `id` = 45 LIMIT 1   [ RunTime:0.0010s ]
SQL: SELECT m.name FROM wx_promotion_user pu left join wx_member m on pu.promotion_id = m.id  WHERE pu.id = '45' LIMIT 1   [ RunTime:0.0010s ]
SQL: SELECT m.*,wm.nickname,wm.sex,wm.headimgurl FROM wx_promotion_user pu left join wx_member m on pu.uid = m.id left join wx_wechat_member wm on pu.uid_openid = wm.openid  WHERE pu.promotion_id = '231'  [ RunTime:0.0490s ]
INFO: [ view_parse ] --START--
INFO: [ template_filter ] --START--
INFO: Run Behavior\ContentReplaceBehavior [ RunTime:0.000000s ]
INFO: [ template_filter ] --END-- [ RunTime:0.001000s ]
INFO: Run Behavior\ParseTemplateBehavior [ RunTime:0.064003s ]
INFO: [ view_parse ] --END-- [ RunTime:0.065003s ]
INFO: [ view_filter ] --START--
INFO: Run Behavior\WriteHtmlCacheBehavior [ RunTime:0.002000s ]
INFO: Run Library\Behavior\EmptyImageBehavior [ RunTime:0.003001s ]
INFO: [ view_filter ] --END-- [ RunTime:0.006001s ]
INFO: [ app_end ] --START--
INFO: Run Behavior\ShowPageTraceBehavior [ RunTime:0.002000s ]
INFO: [ app_end ] --END-- [ RunTime:0.002000s ]

[ 2015-05-28T18:09:54+08:00 ] 127.0.0.1 /jonza/index.php/Apps/Discount/headquarters.shtml
ERR: SQLSTATE[42S22]: Column not found: 1054 Champ 'phone' inconnu dans field list

[ 2015-05-28T18:32:49+08:00 ] 127.0.0.1 /jonza/index.php/Apps/Discount/redemption.shtml
INFO: [ app_begin ] --START--
INFO: Run Behavior\ReadHtmlCacheBehavior [ RunTime:0.001000s ]
INFO: [ app_begin ] --END-- [ RunTime:0.002000s ]
NOTIC: [8192] mysql_connect(): The mysql extension is deprecated and will be removed in the future: use mysqli or PDO instead E:\cucisvn\01-code\jonza\Library\Think\Library\Think\Session\Driver\Db.class.php 第 95 行.
NOTIC: [2048] Declaration of Apps\Controller\DiscountController::index() should be compatible with Library\Controller\Controller::index($model = NULL, $map = Array, $tpl = NULL) E:\cucisvn\01-code\jonza\Module\Apps\Controller\DiscountController.class.php 第 14 行.
SQL: SHOW COLUMNS FROM `wx_discount` [ RunTime:0.0110s ]
SQL: SELECT * FROM `wx_discount` WHERE `id` IN ('55') AND `status` = 1  [ RunTime:0.0000s ]
SQL: SHOW COLUMNS FROM `wx_store` [ RunTime:0.0110s ]
SQL: SELECT `number`,`min_money` FROM `wx_store` LIMIT 1   [ RunTime:0.0010s ]
SQL: SELECT SUM(price) AS tp_sum FROM `wx_discount` WHERE `id` IN ('55') AND `status` = 1 LIMIT 1   [ RunTime:0.0010s ]
SQL: SELECT * FROM `wx_discount` WHERE `apply_time` >= '2015-05-01' AND `status` = 1 GROUP BY apply_time  [ RunTime:0.0230s ]

[ 2015-05-28T18:33:02+08:00 ] 127.0.0.1 /jonza/index.php/Apps/Discount/redemption.shtml
INFO: [ app_begin ] --START--
INFO: Run Behavior\ReadHtmlCacheBehavior [ RunTime:0.001001s ]
INFO: [ app_begin ] --END-- [ RunTime:0.002001s ]
NOTIC: [8192] mysql_connect(): The mysql extension is deprecated and will be removed in the future: use mysqli or PDO instead E:\cucisvn\01-code\jonza\Library\Think\Library\Think\Session\Driver\Db.class.php 第 95 行.
NOTIC: [2048] Declaration of Apps\Controller\DiscountController::index() should be compatible with Library\Controller\Controller::index($model = NULL, $map = Array, $tpl = NULL) E:\cucisvn\01-code\jonza\Module\Apps\Controller\DiscountController.class.php 第 14 行.
SQL: SHOW COLUMNS FROM `wx_discount` [ RunTime:0.0190s ]
SQL: SELECT * FROM `wx_discount` WHERE `id` IN ('55') AND `status` = 1  [ RunTime:0.0010s ]
SQL: SHOW COLUMNS FROM `wx_store` [ RunTime:0.0100s ]
SQL: SELECT `number`,`min_money` FROM `wx_store` LIMIT 1   [ RunTime:0.0000s ]
SQL: SELECT SUM(price) AS tp_sum FROM `wx_discount` WHERE `id` IN ('55') AND `status` = 1 LIMIT 1   [ RunTime:0.0000s ]
SQL: SELECT * FROM `wx_discount` WHERE `apply_time` >= '2015-05-01' AND `status` = 1 GROUP BY apply_time  [ RunTime:0.0010s ]

[ 2015-05-28T18:33:36+08:00 ] 127.0.0.1 /jonza/index.php/Apps/Discount/redemption.shtml
INFO: [ app_begin ] --START--
INFO: Run Behavior\ReadHtmlCacheBehavior [ RunTime:0.001000s ]
INFO: [ app_begin ] --END-- [ RunTime:0.002000s ]
NOTIC: [8192] mysql_connect(): The mysql extension is deprecated and will be removed in the future: use mysqli or PDO instead E:\cucisvn\01-code\jonza\Library\Think\Library\Think\Session\Driver\Db.class.php 第 95 行.
NOTIC: [2048] Declaration of Apps\Controller\DiscountController::index() should be compatible with Library\Controller\Controller::index($model = NULL, $map = Array, $tpl = NULL) E:\cucisvn\01-code\jonza\Module\Apps\Controller\DiscountController.class.php 第 14 行.
SQL: SHOW COLUMNS FROM `wx_discount` [ RunTime:0.0100s ]
SQL: SELECT * FROM `wx_discount` WHERE `id` IN ('55') AND `status` = 1  [ RunTime:0.0010s ]
SQL: SHOW COLUMNS FROM `wx_store` [ RunTime:0.0100s ]
SQL: SELECT `number`,`min_money` FROM `wx_store` LIMIT 1   [ RunTime:0.0010s ]
SQL: SELECT SUM(price) AS tp_sum FROM `wx_discount` WHERE `id` IN ('55') AND `status` = 1 LIMIT 1   [ RunTime:0.0010s ]
SQL: SELECT * FROM `wx_discount` WHERE `apply_time` >= '2015-05-01' AND `status` = 1 GROUP BY apply_time  [ RunTime:0.0010s ]

[ 2015-05-28T18:33:52+08:00 ] 127.0.0.1 /jonza/index.php/Apps/Discount/redemption.shtml
INFO: [ app_begin ] --START--
INFO: Run Behavior\ReadHtmlCacheBehavior [ RunTime:0.001000s ]
INFO: [ app_begin ] --END-- [ RunTime:0.002000s ]
NOTIC: [8192] mysql_connect(): The mysql extension is deprecated and will be removed in the future: use mysqli or PDO instead E:\cucisvn\01-code\jonza\Library\Think\Library\Think\Session\Driver\Db.class.php 第 95 行.
NOTIC: [2048] Declaration of Apps\Controller\DiscountController::index() should be compatible with Library\Controller\Controller::index($model = NULL, $map = Array, $tpl = NULL) E:\cucisvn\01-code\jonza\Module\Apps\Controller\DiscountController.class.php 第 14 行.
SQL: SHOW COLUMNS FROM `wx_discount` [ RunTime:0.0080s ]
SQL: SELECT * FROM `wx_discount` WHERE `id` IN ('55') AND `status` = 1  [ RunTime:0.0010s ]
SQL: SHOW COLUMNS FROM `wx_store` [ RunTime:0.0090s ]
SQL: SELECT `number`,`min_money` FROM `wx_store` LIMIT 1   [ RunTime:0.0010s ]
SQL: SELECT SUM(price) AS tp_sum FROM `wx_discount` WHERE `id` IN ('55') AND `status` = 1 LIMIT 1   [ RunTime:0.0010s ]
SQL: SELECT * FROM `wx_discount` WHERE `apply_time` >= '2015-05-01' AND `status` = 1 GROUP BY apply_time  [ RunTime:0.0020s ]

[ 2015-05-28T18:34:18+08:00 ] 127.0.0.1 /jonza/index.php/Apps/Discount/redemption.shtml
INFO: [ app_begin ] --START--
INFO: Run Behavior\ReadHtmlCacheBehavior [ RunTime:0.001000s ]
INFO: [ app_begin ] --END-- [ RunTime:0.003000s ]
NOTIC: [8192] mysql_connect(): The mysql extension is deprecated and will be removed in the future: use mysqli or PDO instead E:\cucisvn\01-code\jonza\Library\Think\Library\Think\Session\Driver\Db.class.php 第 95 行.
NOTIC: [2048] Declaration of Apps\Controller\DiscountController::index() should be compatible with Library\Controller\Controller::index($model = NULL, $map = Array, $tpl = NULL) E:\cucisvn\01-code\jonza\Module\Apps\Controller\DiscountController.class.php 第 14 行.
SQL: SHOW COLUMNS FROM `wx_discount` [ RunTime:0.0090s ]
SQL: SELECT * FROM `wx_discount` WHERE `id` IN ('55') AND `status` = 1  [ RunTime:0.0010s ]
SQL: SHOW COLUMNS FROM `wx_store` [ RunTime:0.0100s ]
SQL: SELECT `number`,`min_money` FROM `wx_store` LIMIT 1   [ RunTime:0.0010s ]
SQL: SELECT SUM(price) AS tp_sum FROM `wx_discount` WHERE `id` IN ('55') AND `status` = 1 LIMIT 1   [ RunTime:0.0010s ]
SQL: SELECT * FROM `wx_discount` WHERE `apply_time` >= '2015-05-01' AND `status` = 1 GROUP BY apply_time  [ RunTime:0.0010s ]

[ 2015-05-28T18:35:48+08:00 ] 127.0.0.1 /jonza/index.php/Apps/Discount/redemption.shtml
INFO: [ app_begin ] --START--
INFO: Run Behavior\ReadHtmlCacheBehavior [ RunTime:0.001000s ]
INFO: [ app_begin ] --END-- [ RunTime:0.002000s ]
NOTIC: [8192] mysql_connect(): The mysql extension is deprecated and will be removed in the future: use mysqli or PDO instead E:\cucisvn\01-code\jonza\Library\Think\Library\Think\Session\Driver\Db.class.php 第 95 行.
NOTIC: [2048] Declaration of Apps\Controller\DiscountController::index() should be compatible with Library\Controller\Controller::index($model = NULL, $map = Array, $tpl = NULL) E:\cucisvn\01-code\jonza\Module\Apps\Controller\DiscountController.class.php 第 14 行.
SQL: SHOW COLUMNS FROM `wx_discount` [ RunTime:0.0230s ]
SQL: SELECT * FROM `wx_discount` WHERE `id` IN ('53') AND `status` = 1  [ RunTime:0.0010s ]
SQL: SHOW COLUMNS FROM `wx_store` [ RunTime:0.0110s ]
SQL: SELECT `number`,`min_money` FROM `wx_store` LIMIT 1   [ RunTime:0.0010s ]
SQL: SELECT SUM(price) AS tp_sum FROM `wx_discount` WHERE `id` IN ('53') AND `status` = 1 LIMIT 1   [ RunTime:0.0010s ]
SQL: SELECT * FROM `wx_discount` WHERE `apply_time` >= '2015-05-01' AND `status` = 1 GROUP BY apply_time  [ RunTime:0.0010s ]

[ 2015-05-28T18:36:05+08:00 ] 127.0.0.1 /jonza/index.php/Apps/Discount/redemption.shtml
INFO: [ app_begin ] --START--
INFO: Run Behavior\ReadHtmlCacheBehavior [ RunTime:0.002000s ]
INFO: [ app_begin ] --END-- [ RunTime:0.003000s ]
NOTIC: [8192] mysql_connect(): The mysql extension is deprecated and will be removed in the future: use mysqli or PDO instead E:\cucisvn\01-code\jonza\Library\Think\Library\Think\Session\Driver\Db.class.php 第 95 行.
NOTIC: [2048] Declaration of Apps\Controller\DiscountController::index() should be compatible with Library\Controller\Controller::index($model = NULL, $map = Array, $tpl = NULL) E:\cucisvn\01-code\jonza\Module\Apps\Controller\DiscountController.class.php 第 14 行.
SQL: SHOW COLUMNS FROM `wx_discount` [ RunTime:0.0090s ]
SQL: SELECT * FROM `wx_discount` WHERE `id` IN ('53') AND `status` = 1  [ RunTime:0.0020s ]
SQL: SHOW COLUMNS FROM `wx_store` [ RunTime:0.0140s ]
SQL: SELECT `number`,`min_money` FROM `wx_store` LIMIT 1   [ RunTime:0.0010s ]
SQL: SELECT SUM(price) AS tp_sum FROM `wx_discount` WHERE `id` IN ('53') AND `status` = 1 LIMIT 1   [ RunTime:0.0010s ]
SQL: SELECT * FROM `wx_discount` WHERE `apply_time` >= '2015-05-01' AND `status` = 1 GROUP BY apply_time  [ RunTime:0.0020s ]

[ 2015-05-28T18:38:08+08:00 ] 127.0.0.1 /jonza/index.php/Apps/Discount/redemption.shtml
INFO: [ app_begin ] --START--
INFO: Run Behavior\ReadHtmlCacheBehavior [ RunTime:0.003001s ]
INFO: [ app_begin ] --END-- [ RunTime:0.004001s ]
NOTIC: [8192] mysql_connect(): The mysql extension is deprecated and will be removed in the future: use mysqli or PDO instead E:\cucisvn\01-code\jonza\Library\Think\Library\Think\Session\Driver\Db.class.php 第 95 行.
NOTIC: [2048] Declaration of Apps\Controller\DiscountController::index() should be compatible with Library\Controller\Controller::index($model = NULL, $map = Array, $tpl = NULL) E:\cucisvn\01-code\jonza\Module\Apps\Controller\DiscountController.class.php 第 14 行.
SQL: SHOW COLUMNS FROM `wx_discount` [ RunTime:0.0100s ]
SQL: SELECT * FROM `wx_discount` WHERE `id` IN ('53') AND `status` = 1  [ RunTime:0.0010s ]
SQL: SHOW COLUMNS FROM `wx_store` [ RunTime:0.0160s ]
SQL: SELECT `number`,`min_money` FROM `wx_store` LIMIT 1   [ RunTime:0.0000s ]
SQL: SELECT SUM(price) AS tp_sum FROM `wx_discount` WHERE `id` IN ('53') AND `status` = 1 LIMIT 1   [ RunTime:0.0010s ]
SQL: SELECT * FROM `wx_discount` WHERE `apply_time` >= '2015-05-01' AND `status` = 1 GROUP BY apply_time  [ RunTime:0.0020s ]

[ 2015-05-28T18:38:37+08:00 ] 127.0.0.1 /jonza/index.php/Apps/Discount/redemption.shtml
INFO: [ app_begin ] --START--
INFO: Run Behavior\ReadHtmlCacheBehavior [ RunTime:0.001000s ]
INFO: [ app_begin ] --END-- [ RunTime:0.002000s ]
NOTIC: [8192] mysql_connect(): The mysql extension is deprecated and will be removed in the future: use mysqli or PDO instead E:\cucisvn\01-code\jonza\Library\Think\Library\Think\Session\Driver\Db.class.php 第 95 行.
NOTIC: [2048] Declaration of Apps\Controller\DiscountController::index() should be compatible with Library\Controller\Controller::index($model = NULL, $map = Array, $tpl = NULL) E:\cucisvn\01-code\jonza\Module\Apps\Controller\DiscountController.class.php 第 14 行.
SQL: SHOW COLUMNS FROM `wx_discount` [ RunTime:0.0090s ]
SQL: SELECT * FROM `wx_discount` WHERE `id` IN ('53') AND `status` = 1  [ RunTime:0.0010s ]
SQL: SHOW COLUMNS FROM `wx_store` [ RunTime:0.0080s ]
SQL: SELECT `number`,`min_money` FROM `wx_store` LIMIT 1   [ RunTime:0.0000s ]
SQL: SELECT SUM(price) AS tp_sum FROM `wx_discount` WHERE `id` IN ('53') AND `status` = 1 LIMIT 1   [ RunTime:0.0010s ]
SQL: SELECT * FROM `wx_discount` WHERE `apply_time` >= '2015-05-01' AND `status` = 1 GROUP BY apply_time  [ RunTime:0.0010s ]

[ 2015-05-28T18:38:58+08:00 ] 127.0.0.1 /jonza/index.php/Apps/Discount/redemption.shtml
INFO: [ app_begin ] --START--
INFO: Run Behavior\ReadHtmlCacheBehavior [ RunTime:0.001000s ]
INFO: [ app_begin ] --END-- [ RunTime:0.002000s ]
NOTIC: [8192] mysql_connect(): The mysql extension is deprecated and will be removed in the future: use mysqli or PDO instead E:\cucisvn\01-code\jonza\Library\Think\Library\Think\Session\Driver\Db.class.php 第 95 行.
NOTIC: [2048] Declaration of Apps\Controller\DiscountController::index() should be compatible with Library\Controller\Controller::index($model = NULL, $map = Array, $tpl = NULL) E:\cucisvn\01-code\jonza\Module\Apps\Controller\DiscountController.class.php 第 14 行.
SQL: SHOW COLUMNS FROM `wx_discount` [ RunTime:0.0080s ]
SQL: SELECT * FROM `wx_discount` WHERE `id` IN ('53') AND `status` = 1  [ RunTime:0.0010s ]
SQL: SHOW COLUMNS FROM `wx_store` [ RunTime:0.0070s ]
SQL: SELECT `number`,`min_money` FROM `wx_store` LIMIT 1   [ RunTime:0.0010s ]
SQL: SELECT SUM(price) AS tp_sum FROM `wx_discount` WHERE `id` IN ('53') AND `status` = 1 LIMIT 1   [ RunTime:0.0010s ]
SQL: SELECT * FROM `wx_discount` WHERE `apply_time` >= '2015-05-01' AND `status` = 1 GROUP BY apply_time  [ RunTime:0.0010s ]

[ 2015-05-28T18:39:14+08:00 ] 127.0.0.1 /jonza/index.php/Apps/Discount/redemption.shtml
INFO: [ app_begin ] --START--
INFO: Run Behavior\ReadHtmlCacheBehavior [ RunTime:0.001000s ]
INFO: [ app_begin ] --END-- [ RunTime:0.003000s ]
NOTIC: [8192] mysql_connect(): The mysql extension is deprecated and will be removed in the future: use mysqli or PDO instead E:\cucisvn\01-code\jonza\Library\Think\Library\Think\Session\Driver\Db.class.php 第 95 行.
NOTIC: [2048] Declaration of Apps\Controller\DiscountController::index() should be compatible with Library\Controller\Controller::index($model = NULL, $map = Array, $tpl = NULL) E:\cucisvn\01-code\jonza\Module\Apps\Controller\DiscountController.class.php 第 14 行.
SQL: SHOW COLUMNS FROM `wx_discount` [ RunTime:0.0070s ]
SQL: SELECT * FROM `wx_discount` WHERE `id` IN ('53') AND `status` = 1  [ RunTime:0.0010s ]
SQL: SHOW COLUMNS FROM `wx_store` [ RunTime:0.0090s ]
SQL: SELECT `number`,`min_money` FROM `wx_store` LIMIT 1   [ RunTime:0.0010s ]
SQL: SELECT SUM(price) AS tp_sum FROM `wx_discount` WHERE `id` IN ('53') AND `status` = 1 LIMIT 1   [ RunTime:0.0010s ]
SQL: SELECT * FROM `wx_discount` WHERE `apply_time` >= '2015-05-01' AND `status` = 1 GROUP BY apply_time  [ RunTime:0.0010s ]

[ 2015-05-28T18:39:41+08:00 ] 127.0.0.1 /jonza/index.php/Apps/Discount/redemption.shtml
INFO: [ app_begin ] --START--
INFO: Run Behavior\ReadHtmlCacheBehavior [ RunTime:0.001000s ]
INFO: [ app_begin ] --END-- [ RunTime:0.002000s ]
NOTIC: [8192] mysql_connect(): The mysql extension is deprecated and will be removed in the future: use mysqli or PDO instead E:\cucisvn\01-code\jonza\Library\Think\Library\Think\Session\Driver\Db.class.php 第 95 行.
NOTIC: [2048] Declaration of Apps\Controller\DiscountController::index() should be compatible with Library\Controller\Controller::index($model = NULL, $map = Array, $tpl = NULL) E:\cucisvn\01-code\jonza\Module\Apps\Controller\DiscountController.class.php 第 14 行.
SQL: SHOW COLUMNS FROM `wx_discount` [ RunTime:0.0100s ]
SQL: SELECT * FROM `wx_discount` WHERE `id` IN ('53') AND `status` = 1  [ RunTime:0.0020s ]
SQL: SHOW COLUMNS FROM `wx_store` [ RunTime:0.0090s ]
SQL: SELECT `number`,`min_money` FROM `wx_store` LIMIT 1   [ RunTime:0.0000s ]
SQL: SELECT SUM(price) AS tp_sum FROM `wx_discount` WHERE `id` IN ('53') AND `status` = 1 LIMIT 1   [ RunTime:0.0010s ]
SQL: SELECT * FROM `wx_discount` WHERE `apply_time` >= '2015-05-01' AND `status` = 1 GROUP BY apply_time  [ RunTime:0.0020s ]

[ 2015-05-28T18:40:25+08:00 ] 127.0.0.1 /jonza/index.php/Apps/Discount/redemption.shtml
INFO: [ app_begin ] --START--
INFO: Run Behavior\ReadHtmlCacheBehavior [ RunTime:0.001000s ]
INFO: [ app_begin ] --END-- [ RunTime:0.003000s ]
NOTIC: [8192] mysql_connect(): The mysql extension is deprecated and will be removed in the future: use mysqli or PDO instead E:\cucisvn\01-code\jonza\Library\Think\Library\Think\Session\Driver\Db.class.php 第 95 行.
NOTIC: [2048] Declaration of Apps\Controller\DiscountController::index() should be compatible with Library\Controller\Controller::index($model = NULL, $map = Array, $tpl = NULL) E:\cucisvn\01-code\jonza\Module\Apps\Controller\DiscountController.class.php 第 14 行.
SQL: SHOW COLUMNS FROM `wx_discount` [ RunTime:0.0100s ]
SQL: SELECT * FROM `wx_discount` WHERE `id` IN ('53') AND `status` = 1  [ RunTime:0.0010s ]
SQL: SHOW COLUMNS FROM `wx_store` [ RunTime:0.0100s ]
SQL: SELECT `number`,`min_money` FROM `wx_store` LIMIT 1   [ RunTime:0.0010s ]
SQL: SELECT SUM(price) AS tp_sum FROM `wx_discount` WHERE `id` IN ('53') AND `status` = 1 LIMIT 1   [ RunTime:0.0000s ]
SQL: SELECT * FROM `wx_discount` WHERE `apply_time` >= '2015-05-01' AND `status` = 1 GROUP BY apply_time  [ RunTime:0.0320s ]

[ 2015-05-28T18:40:38+08:00 ] 127.0.0.1 /jonza/index.php/Apps/Discount/redemption.shtml
INFO: [ app_begin ] --START--
INFO: Run Behavior\ReadHtmlCacheBehavior [ RunTime:0.001000s ]
INFO: [ app_begin ] --END-- [ RunTime:0.003000s ]
NOTIC: [8192] mysql_connect(): The mysql extension is deprecated and will be removed in the future: use mysqli or PDO instead E:\cucisvn\01-code\jonza\Library\Think\Library\Think\Session\Driver\Db.class.php 第 95 行.
NOTIC: [2048] Declaration of Apps\Controller\DiscountController::index() should be compatible with Library\Controller\Controller::index($model = NULL, $map = Array, $tpl = NULL) E:\cucisvn\01-code\jonza\Module\Apps\Controller\DiscountController.class.php 第 14 行.
SQL: SHOW COLUMNS FROM `wx_discount` [ RunTime:0.0070s ]
SQL: SELECT * FROM `wx_discount` WHERE `id` IN ('53') AND `status` = 1  [ RunTime:0.0010s ]
SQL: SHOW COLUMNS FROM `wx_store` [ RunTime:0.0080s ]
SQL: SELECT `number`,`min_money` FROM `wx_store` LIMIT 1   [ RunTime:0.0010s ]
SQL: SELECT SUM(price) AS tp_sum FROM `wx_discount` WHERE `id` IN ('53') AND `status` = 1 LIMIT 1   [ RunTime:0.0010s ]
SQL: SELECT * FROM `wx_discount` WHERE `apply_time` >= '2015-05-01' AND `status` = 1 GROUP BY apply_time  [ RunTime:0.0030s ]

[ 2015-05-28T18:40:51+08:00 ] 127.0.0.1 /jonza/index.php/Apps/Discount/redemption.shtml
INFO: [ app_begin ] --START--
INFO: Run Behavior\ReadHtmlCacheBehavior [ RunTime:0.001000s ]
INFO: [ app_begin ] --END-- [ RunTime:0.004000s ]
NOTIC: [8192] mysql_connect(): The mysql extension is deprecated and will be removed in the future: use mysqli or PDO instead E:\cucisvn\01-code\jonza\Library\Think\Library\Think\Session\Driver\Db.class.php 第 95 行.
NOTIC: [2048] Declaration of Apps\Controller\DiscountController::index() should be compatible with Library\Controller\Controller::index($model = NULL, $map = Array, $tpl = NULL) E:\cucisvn\01-code\jonza\Module\Apps\Controller\DiscountController.class.php 第 14 行.
SQL: SHOW COLUMNS FROM `wx_discount` [ RunTime:0.0080s ]
SQL: SELECT * FROM `wx_discount` WHERE `id` IN ('61') AND `status` = 1  [ RunTime:0.0010s ]
SQL: SHOW COLUMNS FROM `wx_store` [ RunTime:0.0080s ]
SQL: SELECT `number`,`min_money` FROM `wx_store` LIMIT 1   [ RunTime:0.0010s ]
SQL: SELECT SUM(price) AS tp_sum FROM `wx_discount` WHERE `id` IN ('61') AND `status` = 1 LIMIT 1   [ RunTime:0.0000s ]
SQL: SELECT * FROM `wx_discount` WHERE `apply_time` >= '2015-05-01' AND `status` = 1 GROUP BY apply_time  [ RunTime:0.0020s ]

[ 2015-05-28T18:41:18+08:00 ] 127.0.0.1 /jonza/index.php/Apps/Discount/redemption.shtml
INFO: [ app_begin ] --START--
INFO: Run Behavior\ReadHtmlCacheBehavior [ RunTime:0.001000s ]
INFO: [ app_begin ] --END-- [ RunTime:0.003000s ]
NOTIC: [8192] mysql_connect(): The mysql extension is deprecated and will be removed in the future: use mysqli or PDO instead E:\cucisvn\01-code\jonza\Library\Think\Library\Think\Session\Driver\Db.class.php 第 95 行.
NOTIC: [2048] Declaration of Apps\Controller\DiscountController::index() should be compatible with Library\Controller\Controller::index($model = NULL, $map = Array, $tpl = NULL) E:\cucisvn\01-code\jonza\Module\Apps\Controller\DiscountController.class.php 第 14 行.
SQL: SHOW COLUMNS FROM `wx_discount` [ RunTime:0.0100s ]
SQL: SELECT * FROM `wx_discount` WHERE `id` IN ('55') AND `status` = 1  [ RunTime:0.0010s ]
SQL: SHOW COLUMNS FROM `wx_store` [ RunTime:0.0110s ]
SQL: SELECT `number`,`min_money` FROM `wx_store` LIMIT 1   [ RunTime:0.0010s ]
SQL: SELECT SUM(price) AS tp_sum FROM `wx_discount` WHERE `id` IN ('55') AND `status` = 1 LIMIT 1   [ RunTime:0.0010s ]
SQL: SELECT * FROM `wx_discount` WHERE `apply_time` >= '2015-05-01' AND `status` = 1 GROUP BY apply_time  [ RunTime:0.0010s ]

[ 2015-05-28T18:41:33+08:00 ] 127.0.0.1 /jonza/index.php/Apps/Discount/redemption.shtml
INFO: [ app_begin ] --START--
INFO: Run Behavior\ReadHtmlCacheBehavior [ RunTime:0.001000s ]
INFO: [ app_begin ] --END-- [ RunTime:0.003000s ]
NOTIC: [8192] mysql_connect(): The mysql extension is deprecated and will be removed in the future: use mysqli or PDO instead E:\cucisvn\01-code\jonza\Library\Think\Library\Think\Session\Driver\Db.class.php 第 95 行.
NOTIC: [2048] Declaration of Apps\Controller\DiscountController::index() should be compatible with Library\Controller\Controller::index($model = NULL, $map = Array, $tpl = NULL) E:\cucisvn\01-code\jonza\Module\Apps\Controller\DiscountController.class.php 第 14 行.
SQL: SHOW COLUMNS FROM `wx_discount` [ RunTime:0.0090s ]
SQL: SELECT * FROM `wx_discount` WHERE `id` IN ('61') AND `status` = 1  [ RunTime:0.0010s ]
SQL: SHOW COLUMNS FROM `wx_store` [ RunTime:0.0090s ]
SQL: SELECT `number`,`min_money` FROM `wx_store` LIMIT 1   [ RunTime:0.0010s ]
SQL: SELECT SUM(price) AS tp_sum FROM `wx_discount` WHERE `id` IN ('61') AND `status` = 1 LIMIT 1   [ RunTime:0.0000s ]
SQL: SELECT * FROM `wx_discount` WHERE `apply_time` >= '2015-05-01' AND `status` = 1 GROUP BY apply_time  [ RunTime:0.0020s ]

[ 2015-05-28T18:41:54+08:00 ] 127.0.0.1 /jonza/index.php/Apps/Discount/redemption.shtml
INFO: [ app_begin ] --START--
INFO: Run Behavior\ReadHtmlCacheBehavior [ RunTime:0.001000s ]
INFO: [ app_begin ] --END-- [ RunTime:0.002000s ]
NOTIC: [8192] mysql_connect(): The mysql extension is deprecated and will be removed in the future: use mysqli or PDO instead E:\cucisvn\01-code\jonza\Library\Think\Library\Think\Session\Driver\Db.class.php 第 95 行.
NOTIC: [2048] Declaration of Apps\Controller\DiscountController::index() should be compatible with Library\Controller\Controller::index($model = NULL, $map = Array, $tpl = NULL) E:\cucisvn\01-code\jonza\Module\Apps\Controller\DiscountController.class.php 第 14 行.
SQL: SHOW COLUMNS FROM `wx_discount` [ RunTime:0.0080s ]
SQL: SELECT * FROM `wx_discount` WHERE `id` IN ('53') AND `status` = 1  [ RunTime:0.0010s ]
SQL: SHOW COLUMNS FROM `wx_store` [ RunTime:0.0100s ]
SQL: SELECT `number`,`min_money` FROM `wx_store` LIMIT 1   [ RunTime:0.0010s ]
SQL: SELECT SUM(price) AS tp_sum FROM `wx_discount` WHERE `id` IN ('53') AND `status` = 1 LIMIT 1   [ RunTime:0.0010s ]
SQL: SELECT * FROM `wx_discount` WHERE `apply_time` >= '2015-05-01' AND `status` = 1 GROUP BY apply_time  [ RunTime:0.0010s ]

[ 2015-05-28T18:43:19+08:00 ] 127.0.0.1 /jonza/index.php/Apps/Discount/redemption.shtml
INFO: [ app_begin ] --START--
INFO: Run Behavior\ReadHtmlCacheBehavior [ RunTime:0.002000s ]
INFO: [ app_begin ] --END-- [ RunTime:0.003000s ]
NOTIC: [8192] mysql_connect(): The mysql extension is deprecated and will be removed in the future: use mysqli or PDO instead E:\cucisvn\01-code\jonza\Library\Think\Library\Think\Session\Driver\Db.class.php 第 95 行.
NOTIC: [2048] Declaration of Apps\Controller\DiscountController::index() should be compatible with Library\Controller\Controller::index($model = NULL, $map = Array, $tpl = NULL) E:\cucisvn\01-code\jonza\Module\Apps\Controller\DiscountController.class.php 第 14 行.
SQL: SHOW COLUMNS FROM `wx_discount` [ RunTime:0.0090s ]
SQL: SELECT * FROM `wx_discount` WHERE `id` IN ('53') AND `status` = 1  [ RunTime:0.0010s ]
SQL: SHOW COLUMNS FROM `wx_store` [ RunTime:0.0090s ]
SQL: SELECT `number`,`min_money` FROM `wx_store` LIMIT 1   [ RunTime:0.0010s ]
SQL: SELECT SUM(price) AS tp_sum FROM `wx_discount` WHERE `id` IN ('53') AND `status` = 1 LIMIT 1   [ RunTime:0.0000s ]
SQL: SELECT * FROM `wx_discount` WHERE `apply_time` >= '2015-05-01' AND `status` = 1 GROUP BY apply_time  [ RunTime:0.0020s ]

[ 2015-05-28T18:43:41+08:00 ] 127.0.0.1 /jonza/index.php/Apps/Discount/redemption.shtml
INFO: [ app_begin ] --START--
INFO: Run Behavior\ReadHtmlCacheBehavior [ RunTime:0.001000s ]
INFO: [ app_begin ] --END-- [ RunTime:0.003000s ]
NOTIC: [8192] mysql_connect(): The mysql extension is deprecated and will be removed in the future: use mysqli or PDO instead E:\cucisvn\01-code\jonza\Library\Think\Library\Think\Session\Driver\Db.class.php 第 95 行.
NOTIC: [2048] Declaration of Apps\Controller\DiscountController::index() should be compatible with Library\Controller\Controller::index($model = NULL, $map = Array, $tpl = NULL) E:\cucisvn\01-code\jonza\Module\Apps\Controller\DiscountController.class.php 第 14 行.
SQL: SHOW COLUMNS FROM `wx_discount` [ RunTime:0.0110s ]
SQL: SELECT * FROM `wx_discount` WHERE `id` IN ('53') AND `status` = 1  [ RunTime:0.0010s ]
SQL: SHOW COLUMNS FROM `wx_store` [ RunTime:0.0100s ]
SQL: SELECT `number`,`min_money` FROM `wx_store` LIMIT 1   [ RunTime:0.0010s ]
SQL: SELECT SUM(price) AS tp_sum FROM `wx_discount` WHERE `id` IN ('53') AND `status` = 1 LIMIT 1   [ RunTime:0.0010s ]
SQL: SELECT * FROM `wx_discount` WHERE `apply_time` >= '2015-05-01' AND `status` = 1 GROUP BY apply_time  [ RunTime:0.0010s ]

