[ 2015-06-15T15:20:56+08:00 ] 127.0.0.1 /jonza/index.php/Apps/Promotion/details/id/230.shtml
INFO: [ app_begin ] --START--
INFO: Run Behavior\ReadHtmlCacheBehavior [ RunTime:0.002000s ]
INFO: [ app_begin ] --END-- [ RunTime:0.004000s ]
NOTIC: [8192] mysql_connect(): The mysql extension is deprecated and will be removed in the future: use mysqli or PDO instead E:\cucisvn\01-code\jonza\Library\Think\Library\Think\Session\Driver\Db.class.php 第 95 行.
NOTIC: [2048] Declaration of Apps\Controller\PromotionController::index() should be compatible with Library\Controller\Controller::index($model = NULL, $map = Array, $tpl = NULL) E:\cucisvn\01-code\jonza\Module\Apps\Controller\PromotionController.class.php 第 14 行.
SQL: SHOW COLUMNS FROM `wx_promotion_user` [ RunTime:0.0100s ]
SQL: SELECT * FROM `wx_promotion_user` WHERE `id` = 230 LIMIT 1   [ RunTime:0.0010s ]
SQL: SELECT m.name FROM wx_promotion_user pu left join wx_member m on pu.promotion_id = m.id  WHERE pu.id = '230' LIMIT 1   [ RunTime:0.0150s ]
SQL: SELECT m.*,wm.nickname,wm.sex,wm.headimgurl FROM wx_promotion_user pu left join wx_member m on pu.uid = m.id left join wx_wechat_member wm on pu.uid_openid = wm.openid  WHERE pu.promotion_id = '2559'  [ RunTime:0.0120s ]
INFO: [ view_parse ] --START--
INFO: [ template_filter ] --START--
INFO: Run Behavior\ContentReplaceBehavior [ RunTime:0.001000s ]
INFO: [ template_filter ] --END-- [ RunTime:0.001000s ]
INFO: Run Behavior\ParseTemplateBehavior [ RunTime:0.064004s ]
INFO: [ view_parse ] --END-- [ RunTime:0.065004s ]
INFO: [ view_filter ] --START--
INFO: Run Behavior\WriteHtmlCacheBehavior [ RunTime:0.001000s ]
INFO: Run Library\Behavior\EmptyImageBehavior [ RunTime:0.002000s ]
INFO: [ view_filter ] --END-- [ RunTime:0.004000s ]
INFO: [ app_end ] --START--
INFO: Run Behavior\ShowPageTraceBehavior [ RunTime:0.002000s ]
INFO: [ app_end ] --END-- [ RunTime:0.003000s ]

[ 2015-06-15T15:36:29+08:00 ] 127.0.0.1 /jonza/index.php/Apps/Promotion/exchangerecord.shtml
ERR: SQLSTATE[42S22]: Column not found: 1054 Champ 'result' inconnu dans where clause

[ 2015-06-15T15:54:18+08:00 ] 127.0.0.1 /jonza/index.php/Apps/Promotion/score.shtml
ERR: SQLSTATE[42S22]: Column not found: 1054 Champ 'count('pu.promotion_id')' inconnu dans order clause

[ 2015-06-15T16:14:15+08:00 ] 127.0.0.1 /jonza/index.php/Apps/Promotion/score.shtml
ERR: SQLSTATE[42S22]: Column not found: 1054 Champ 'promote_count:force' inconnu dans order clause

[ 2015-06-15T16:14:51+08:00 ] 127.0.0.1 /jonza/index.php/Apps/Promotion/score.shtml
ERR: SQLSTATE[42S22]: Column not found: 1054 Champ 'promote_count:force' inconnu dans order clause

[ 2015-06-15T16:15:05+08:00 ] 127.0.0.1 /jonza/index.php/Apps/Promotion/score.shtml
ERR: SQLSTATE[42S22]: Column not found: 1054 Champ 'promote_count:force' inconnu dans order clause

