[ 2018-10-25T16:27:27+08:00 ] ::1 /jonza/index.php/Apps/CompareList/index.shtml
ERR: 无法加载控制器:CompareList

[ 2018-10-25T16:27:50+08:00 ] ::1 /jonza/index.php/Apps/CompareList/index.shtml
ERR: 无法加载控制器:CompareList

[ 2018-10-25T16:29:46+08:00 ] ::1 /jonza/index.php/Apps/CompareList/index.shtml
ERR: 无法加载控制器:CompareList

[ 2018-10-25T17:13:12+08:00 ] ::1 /jonza/index.php/Apps/CompareList/index.shtml
ERR: 无法加载控制器:CompareList

[ 2018-10-25T17:13:50+08:00 ] ::1 /jonza/index.php/Apps/CompareList/index.shtml
ERR: 无法加载控制器:CompareList

[ 2018-10-25T17:38:15+08:00 ] ::1 /jonza/index.php/Apps/Survey/add.shtml
INFO: [ app_begin ] --START--
INFO: Run Behavior\ReadHtmlCacheBehavior [ RunTime:0.000971s ]
INFO: [ app_begin ] --END-- [ RunTime:0.001719s ]
NOTIC: [8192] mysql_connect(): The mysql extension is deprecated and will be removed in the future: use mysqli or PDO instead E:\kejin\jonza\Library\Think\Library\Think\Session\Driver\Db.class.php 第 95 行.
SQL: SHOW COLUMNS FROM `wx_apps_survey_problem` [ RunTime:0.0086s ]
INFO: [ view_parse ] --START--
INFO: [ template_filter ] --START--
INFO: Run Behavior\ContentReplaceBehavior [ RunTime:0.000035s ]
INFO: [ template_filter ] --END-- [ RunTime:0.000068s ]
NOTIC: [8] Undefined index: title E:\kejin\jonza\Static\Runtime\Cache\Apps\e680d430ea05522c719e483bf9c5f7cc.php 第 16 行.
NOTIC: [8] Undefined index: check_type E:\kejin\jonza\Static\Runtime\Cache\Apps\e680d430ea05522c719e483bf9c5f7cc.php 第 23 行.
NOTIC: [8] Undefined index: check_type E:\kejin\jonza\Static\Runtime\Cache\Apps\e680d430ea05522c719e483bf9c5f7cc.php 第 24 行.
NOTIC: [8] Undefined index: answer_a E:\kejin\jonza\Static\Runtime\Cache\Apps\e680d430ea05522c719e483bf9c5f7cc.php 第 31 行.
NOTIC: [8] Undefined index: answer_b E:\kejin\jonza\Static\Runtime\Cache\Apps\e680d430ea05522c719e483bf9c5f7cc.php 第 37 行.
NOTIC: [8] Undefined index: answer_c E:\kejin\jonza\Static\Runtime\Cache\Apps\e680d430ea05522c719e483bf9c5f7cc.php 第 43 行.
NOTIC: [8] Undefined index: answer_d E:\kejin\jonza\Static\Runtime\Cache\Apps\e680d430ea05522c719e483bf9c5f7cc.php 第 49 行.
NOTIC: [8] Undefined index: answer_e E:\kejin\jonza\Static\Runtime\Cache\Apps\e680d430ea05522c719e483bf9c5f7cc.php 第 55 行.
NOTIC: [8] Undefined index: answer_f E:\kejin\jonza\Static\Runtime\Cache\Apps\e680d430ea05522c719e483bf9c5f7cc.php 第 61 行.
NOTIC: [8] Undefined index: status E:\kejin\jonza\Static\Runtime\Cache\Apps\e680d430ea05522c719e483bf9c5f7cc.php 第 68 行.
NOTIC: [8] Undefined index: status E:\kejin\jonza\Static\Runtime\Cache\Apps\e680d430ea05522c719e483bf9c5f7cc.php 第 69 行.
INFO: Run Behavior\ParseTemplateBehavior [ RunTime:0.008550s ]
INFO: [ view_parse ] --END-- [ RunTime:0.008616s ]
INFO: [ view_filter ] --START--
INFO: Run Behavior\WriteHtmlCacheBehavior [ RunTime:0.000582s ]
INFO: Run Library\Behavior\EmptyImageBehavior [ RunTime:0.001216s ]
INFO: [ view_filter ] --END-- [ RunTime:0.001864s ]
INFO: [ app_end ] --START--
INFO: Run Behavior\ShowPageTraceBehavior [ RunTime:0.000530s ]
INFO: [ app_end ] --END-- [ RunTime:0.000555s ]

[ 2018-10-25T19:59:26+08:00 ] ::1 /jonza/index.php/Apps/Survey/add.shtml
INFO: [ app_begin ] --START--
INFO: Run Behavior\ReadHtmlCacheBehavior [ RunTime:0.001000s ]
INFO: [ app_begin ] --END-- [ RunTime:0.001000s ]
NOTIC: [8192] mysql_connect(): The mysql extension is deprecated and will be removed in the future: use mysqli or PDO instead D:\PHPTest\jonza\Library\Think\Library\Think\Session\Driver\Db.class.php 第 95 行.
SQL: SHOW COLUMNS FROM `wx_apps_survey_problem` [ RunTime:0.0460s ]
INFO: [ view_parse ] --START--
INFO: [ template_filter ] --START--
INFO: Run Behavior\ContentReplaceBehavior [ RunTime:0.000000s ]
INFO: [ template_filter ] --END-- [ RunTime:0.000000s ]
NOTIC: [8] Undefined index: title D:\PHPTest\jonza\Static\Runtime\Cache\Apps\7f43e2dc82d0e1941a926d426be53a51.php 第 16 行.
NOTIC: [8] Undefined index: check_type D:\PHPTest\jonza\Static\Runtime\Cache\Apps\7f43e2dc82d0e1941a926d426be53a51.php 第 23 行.
NOTIC: [8] Undefined index: check_type D:\PHPTest\jonza\Static\Runtime\Cache\Apps\7f43e2dc82d0e1941a926d426be53a51.php 第 24 行.
NOTIC: [8] Undefined index: answer_a D:\PHPTest\jonza\Static\Runtime\Cache\Apps\7f43e2dc82d0e1941a926d426be53a51.php 第 31 行.
NOTIC: [8] Undefined index: answer_b D:\PHPTest\jonza\Static\Runtime\Cache\Apps\7f43e2dc82d0e1941a926d426be53a51.php 第 37 行.
NOTIC: [8] Undefined index: answer_c D:\PHPTest\jonza\Static\Runtime\Cache\Apps\7f43e2dc82d0e1941a926d426be53a51.php 第 43 行.
NOTIC: [8] Undefined index: answer_d D:\PHPTest\jonza\Static\Runtime\Cache\Apps\7f43e2dc82d0e1941a926d426be53a51.php 第 49 行.
NOTIC: [8] Undefined index: answer_e D:\PHPTest\jonza\Static\Runtime\Cache\Apps\7f43e2dc82d0e1941a926d426be53a51.php 第 55 行.
NOTIC: [8] Undefined index: answer_f D:\PHPTest\jonza\Static\Runtime\Cache\Apps\7f43e2dc82d0e1941a926d426be53a51.php 第 61 行.
NOTIC: [8] Undefined index: status D:\PHPTest\jonza\Static\Runtime\Cache\Apps\7f43e2dc82d0e1941a926d426be53a51.php 第 68 行.
NOTIC: [8] Undefined index: status D:\PHPTest\jonza\Static\Runtime\Cache\Apps\7f43e2dc82d0e1941a926d426be53a51.php 第 69 行.
INFO: Run Behavior\ParseTemplateBehavior [ RunTime:0.008000s ]
INFO: [ view_parse ] --END-- [ RunTime:0.008000s ]
INFO: [ view_filter ] --START--
INFO: Run Behavior\WriteHtmlCacheBehavior [ RunTime:0.000000s ]
INFO: Run Library\Behavior\EmptyImageBehavior [ RunTime:0.001001s ]
INFO: [ view_filter ] --END-- [ RunTime:0.001001s ]
INFO: [ app_end ] --START--
INFO: Run Behavior\ShowPageTraceBehavior [ RunTime:0.000000s ]
INFO: [ app_end ] --END-- [ RunTime:0.000000s ]

[ 2018-10-25T19:59:55+08:00 ] ::1 /jonza/index.php/Apps/Survey/add.shtml
INFO: [ app_begin ] --START--
INFO: Run Behavior\ReadHtmlCacheBehavior [ RunTime:0.000000s ]
INFO: [ app_begin ] --END-- [ RunTime:0.000000s ]
NOTIC: [8192] mysql_connect(): The mysql extension is deprecated and will be removed in the future: use mysqli or PDO instead D:\PHPTest\jonza\Library\Think\Library\Think\Session\Driver\Db.class.php 第 95 行.
SQL: SHOW COLUMNS FROM `wx_apps_survey_problem` [ RunTime:0.0320s ]
SQL: SELECT COUNT(*) AS tp_count FROM `wx_apps_survey_problem` WHERE `id` = 0 LIMIT 1   [ RunTime:0.0120s ]
SQL: INSERT INTO `wx_apps_survey_problem` (`title`,`check_type`,`answer_a`,`answer_b`,`answer_c`,`answer_d`,`answer_e`,`answer_f`,`status`,`id`,`create_by`,`create_date`,`update_by`,`update_date`) VALUES ('1+1','1','2','3','4','5','6','7','2','0','1','2018-10-25 19:59:55','1','2018-10-25 19:59:55') [ RunTime:0.0190s ]

[ 2018-10-25T20:00:10+08:00 ] ::1 /jonza/index.php?s=Apps/Survey/del
INFO: [ app_begin ] --START--
INFO: Run Behavior\ReadHtmlCacheBehavior [ RunTime:0.001000s ]
INFO: [ app_begin ] --END-- [ RunTime:0.001000s ]
NOTIC: [8192] mysql_connect(): The mysql extension is deprecated and will be removed in the future: use mysqli or PDO instead D:\PHPTest\jonza\Library\Think\Library\Think\Session\Driver\Db.class.php 第 95 行.
SQL: SHOW COLUMNS FROM `wx_apps_survey_problem` [ RunTime:0.0350s ]
SQL: DELETE FROM `wx_apps_survey_problem` WHERE `id` IN ('8') [ RunTime:0.0180s ]

