[ 2018-11-03T10:20:33+08:00 ] ::1 /jonza/index.php/Apps/Survey/rule_edit.shtml
INFO: [ app_begin ] --START--
INFO: Run Behavior\ReadHtmlCacheBehavior [ RunTime:0.000733s ]
INFO: [ app_begin ] --END-- [ RunTime:0.001200s ]
NOTIC: [8192] mysql_connect(): The mysql extension is deprecated and will be removed in the future: use mysqli or PDO instead E:\kejin\jonza\Library\Think\Library\Think\Session\Driver\Db.class.php 第 95 行.
SQL: SHOW COLUMNS FROM `wx_apps_survey` [ RunTime:0.0094s ]
SQL: SELECT * FROM `wx_apps_survey` WHERE `id` = 1 LIMIT 1   [ RunTime:0.0074s ]

[ 2018-11-03T10:21:45+08:00 ] ::1 /jonza/index.php/Apps/Eggs/edit.shtml
INFO: [ app_begin ] --START--
INFO: Run Behavior\ReadHtmlCacheBehavior [ RunTime:0.000587s ]
INFO: [ app_begin ] --END-- [ RunTime:0.001030s ]
NOTIC: [8192] mysql_connect(): The mysql extension is deprecated and will be removed in the future: use mysqli or PDO instead E:\kejin\jonza\Library\Think\Library\Think\Session\Driver\Db.class.php 第 95 行.
NOTIC: [2048] Declaration of Apps\Controller\EggsController::index() should be compatible with Library\Controller\Controller::index($model = NULL, $map = Array, $tpl = NULL) E:\kejin\jonza\Module\Apps\Controller\EggsController.class.php 第 8 行.
SQL: SHOW COLUMNS FROM `wx_apps_eggs` [ RunTime:0.0066s ]
NOTIC: [8] Undefined index: type E:\kejin\jonza\Module\Apps\Controller\EggsController.class.php 第 55 行.
NOTIC: [8] Undefined index: type E:\kejin\jonza\Module\Apps\Controller\EggsController.class.php 第 56 行.
NOTIC: [8] Undefined index: type E:\kejin\jonza\Module\Apps\Controller\EggsController.class.php 第 57 行.
NOTIC: [8] Undefined index: type E:\kejin\jonza\Module\Apps\Controller\EggsController.class.php 第 58 行.
NOTIC: [8] Undefined index: type E:\kejin\jonza\Module\Apps\Controller\EggsController.class.php 第 59 行.
NOTIC: [8] Undefined index: type E:\kejin\jonza\Module\Apps\Controller\EggsController.class.php 第 60 行.
SQL: SELECT COUNT(*) AS tp_count FROM `wx_apps_eggs` WHERE `id` = 1 LIMIT 1   [ RunTime:0.0061s ]
SQL: INSERT INTO `wx_apps_eggs` (`startpicurl`,`title`,`info`,`canrqnums`,`status`,`first`,`first_rate`,`second`,`second_rate`,`third`,`third_rate`,`four`,`four_rate`,`five`,`five_rate`,`six`,`six_rate`,`endinfo`,`id`) VALUES ('http://ueditor.cdn.cuci.cc/image/2018/11/6/10/210/4@3x的副本 2.png','测试','测试','1','2','0','5','0','15','0','30','0','50','0','0','0','0','','1') [ RunTime:0.0067s ]

