[ 2018-10-25T21:37:12+08:00 ] ::1 /jonza/index.php/Ad/AdType/add.shtml
INFO: [ app_begin ] --START--
INFO: Run Behavior\ReadHtmlCacheBehavior [ RunTime:0.001000s ]
INFO: [ app_begin ] --END-- [ RunTime:0.001000s ]
NOTIC: [8192] mysql_connect(): The mysql extension is deprecated and will be removed in the future: use mysqli or PDO instead D:\PHPTest\jonza\Library\Think\Library\Think\Session\Driver\Db.class.php 第 95 行.
SQL: SHOW COLUMNS FROM `wx_ad_type` [ RunTime:0.0430s ]
ERR: 模板不存在:D:/PHPTest/jonza/Module/Ad/View/AdType_form.html

[ 2018-10-25T21:45:43+08:00 ] ::1 /jonza/index.php/Ad/AdType/add.shtml
INFO: [ app_begin ] --START--
INFO: Run Behavior\ReadHtmlCacheBehavior [ RunTime:0.000000s ]
INFO: [ app_begin ] --END-- [ RunTime:0.001000s ]
NOTIC: [8192] mysql_connect(): The mysql extension is deprecated and will be removed in the future: use mysqli or PDO instead D:\PHPTest\jonza\Library\Think\Library\Think\Session\Driver\Db.class.php 第 95 行.
SQL: SHOW COLUMNS FROM `wx_ad_type` [ RunTime:0.0350s ]
SQL: SHOW COLUMNS FROM `wx_ad_type` [ RunTime:0.0120s ]
SQL: SELECT * FROM `wx_ad_type` WHERE `status` = 2 AND `type_id` <> 0  [ RunTime:0.0110s ]
NOTIC: [8] Undefined index: id D:\PHPTest\jonza\Library\Util\Filter.class.php 第 100 行.
NOTIC: [8] Undefined index: id D:\PHPTest\jonza\Library\Util\Filter.class.php 第 100 行.
NOTIC: [8] Undefined index: id D:\PHPTest\jonza\Library\Util\Filter.class.php 第 100 行.
NOTIC: [8] Undefined index: id D:\PHPTest\jonza\Library\Util\Filter.class.php 第 100 行.
NOTIC: [8] Undefined index: id D:\PHPTest\jonza\Library\Util\Filter.class.php 第 100 行.
NOTIC: [8] Undefined index: id D:\PHPTest\jonza\Library\Util\Filter.class.php 第 100 行.
NOTIC: [8] Undefined index: id D:\PHPTest\jonza\Library\Util\Filter.class.php 第 100 行.
NOTIC: [8] Undefined index: id D:\PHPTest\jonza\Library\Util\Filter.class.php 第 100 行.
NOTIC: [8] Undefined index: id D:\PHPTest\jonza\Library\Util\Filter.class.php 第 100 行.
NOTIC: [8] Undefined index: id D:\PHPTest\jonza\Library\Util\Filter.class.php 第 100 行.
NOTIC: [8] Undefined index: id D:\PHPTest\jonza\Library\Util\Filter.class.php 第 100 行.
NOTIC: [8] Undefined index: id D:\PHPTest\jonza\Library\Util\Filter.class.php 第 100 行.
NOTIC: [8] Undefined index: id D:\PHPTest\jonza\Library\Util\Filter.class.php 第 100 行.
NOTIC: [8] Undefined index: id D:\PHPTest\jonza\Library\Util\Filter.class.php 第 100 行.
NOTIC: [8] Undefined index: id D:\PHPTest\jonza\Library\Util\Filter.class.php 第 100 行.
NOTIC: [8] Undefined index: id D:\PHPTest\jonza\Library\Util\Filter.class.php 第 100 行.
NOTIC: [8] Undefined index: id D:\PHPTest\jonza\Library\Util\Filter.class.php 第 100 行.
NOTIC: [8] Undefined index: id D:\PHPTest\jonza\Library\Util\Filter.class.php 第 106 行.
NOTIC: [8] Undefined index: id D:\PHPTest\jonza\Library\Util\Filter.class.php 第 124 行.
INFO: [ view_parse ] --START--
INFO: [ template_filter ] --START--
INFO: Run Behavior\ContentReplaceBehavior [ RunTime:0.000000s ]
INFO: [ template_filter ] --END-- [ RunTime:0.000000s ]
NOTIC: [8] Undefined index: id D:\PHPTest\jonza\Static\Runtime\Cache\Ad\5d833592617580d81bb15ca8fdf3b5cd.php 第 19 行.
NOTIC: [8] Undefined index: pid D:\PHPTest\jonza\Static\Runtime\Cache\Ad\5d833592617580d81bb15ca8fdf3b5cd.php 第 19 行.
NOTIC: [8] Undefined index: id D:\PHPTest\jonza\Static\Runtime\Cache\Ad\5d833592617580d81bb15ca8fdf3b5cd.php 第 19 行.
NOTIC: [8] Undefined index: name D:\PHPTest\jonza\Static\Runtime\Cache\Ad\5d833592617580d81bb15ca8fdf3b5cd.php 第 19 行.
NOTIC: [8] Undefined index: name D:\PHPTest\jonza\Static\Runtime\Cache\Ad\5d833592617580d81bb15ca8fdf3b5cd.php 第 29 行.
NOTIC: [8] Undefined index: img D:\PHPTest\jonza\Static\Runtime\Cache\Ad\5d833592617580d81bb15ca8fdf3b5cd.php 第 36 行.
NOTIC: [8] Undefined index: img D:\PHPTest\jonza\Static\Runtime\Cache\Ad\5d833592617580d81bb15ca8fdf3b5cd.php 第 37 行.
NOTIC: [8] Undefined index: status D:\PHPTest\jonza\Static\Runtime\Cache\Ad\5d833592617580d81bb15ca8fdf3b5cd.php 第 52 行.
NOTIC: [8] Undefined index: status D:\PHPTest\jonza\Static\Runtime\Cache\Ad\5d833592617580d81bb15ca8fdf3b5cd.php 第 53 行.
INFO: Run Behavior\ParseTemplateBehavior [ RunTime:0.009001s ]
INFO: [ view_parse ] --END-- [ RunTime:0.009001s ]
INFO: [ view_filter ] --START--
INFO: Run Behavior\WriteHtmlCacheBehavior [ RunTime:0.000000s ]
INFO: Run Library\Behavior\EmptyImageBehavior [ RunTime:0.001000s ]
INFO: [ view_filter ] --END-- [ RunTime:0.001000s ]
INFO: [ app_end ] --START--
INFO: Run Behavior\ShowPageTraceBehavior [ RunTime:0.000000s ]
INFO: [ app_end ] --END-- [ RunTime:0.000000s ]

[ 2018-10-25T21:46:21+08:00 ] ::1 /jonza/index.php/Ad/AdType/add.shtml
INFO: [ app_begin ] --START--
INFO: Run Behavior\ReadHtmlCacheBehavior [ RunTime:0.000000s ]
INFO: [ app_begin ] --END-- [ RunTime:0.001000s ]
NOTIC: [8192] mysql_connect(): The mysql extension is deprecated and will be removed in the future: use mysqli or PDO instead D:\PHPTest\jonza\Library\Think\Library\Think\Session\Driver\Db.class.php 第 95 行.
SQL: SHOW COLUMNS FROM `wx_ad_type` [ RunTime:0.0320s ]
INFO: [ view_parse ] --START--
INFO: [ template_filter ] --START--
INFO: Run Behavior\ContentReplaceBehavior [ RunTime:0.000000s ]
INFO: [ template_filter ] --END-- [ RunTime:0.000000s ]
NOTIC: [8] Undefined index: name D:\PHPTest\jonza\Static\Runtime\Cache\Ad\5d833592617580d81bb15ca8fdf3b5cd.php 第 17 行.
NOTIC: [8] Undefined index: img D:\PHPTest\jonza\Static\Runtime\Cache\Ad\5d833592617580d81bb15ca8fdf3b5cd.php 第 24 行.
NOTIC: [8] Undefined index: img D:\PHPTest\jonza\Static\Runtime\Cache\Ad\5d833592617580d81bb15ca8fdf3b5cd.php 第 25 行.
NOTIC: [8] Undefined index: status D:\PHPTest\jonza\Static\Runtime\Cache\Ad\5d833592617580d81bb15ca8fdf3b5cd.php 第 40 行.
NOTIC: [8] Undefined index: status D:\PHPTest\jonza\Static\Runtime\Cache\Ad\5d833592617580d81bb15ca8fdf3b5cd.php 第 41 行.
INFO: Run Behavior\ParseTemplateBehavior [ RunTime:0.007000s ]
INFO: [ view_parse ] --END-- [ RunTime:0.008000s ]
INFO: [ view_filter ] --START--
INFO: Run Behavior\WriteHtmlCacheBehavior [ RunTime:0.000000s ]
INFO: Run Library\Behavior\EmptyImageBehavior [ RunTime:0.000000s ]
INFO: [ view_filter ] --END-- [ RunTime:0.000000s ]
INFO: [ app_end ] --START--
INFO: Run Behavior\ShowPageTraceBehavior [ RunTime:0.000000s ]
INFO: [ app_end ] --END-- [ RunTime:0.000000s ]

[ 2018-10-25T21:46:40+08:00 ] ::1 /jonza/index.php/Ad/AdType/add.shtml
INFO: [ app_begin ] --START--
INFO: Run Behavior\ReadHtmlCacheBehavior [ RunTime:0.000000s ]
INFO: [ app_begin ] --END-- [ RunTime:0.001000s ]
NOTIC: [8192] mysql_connect(): The mysql extension is deprecated and will be removed in the future: use mysqli or PDO instead D:\PHPTest\jonza\Library\Think\Library\Think\Session\Driver\Db.class.php 第 95 行.
SQL: SHOW COLUMNS FROM `wx_ad_type` [ RunTime:0.0400s ]
INFO: [ view_parse ] --START--
INFO: [ template_filter ] --START--
INFO: Run Behavior\ContentReplaceBehavior [ RunTime:0.000000s ]
INFO: [ template_filter ] --END-- [ RunTime:0.000000s ]
NOTIC: [8] Undefined index: name D:\PHPTest\jonza\Static\Runtime\Cache\Ad\5d833592617580d81bb15ca8fdf3b5cd.php 第 17 行.
NOTIC: [8] Undefined index: status D:\PHPTest\jonza\Static\Runtime\Cache\Ad\5d833592617580d81bb15ca8fdf3b5cd.php 第 32 行.
NOTIC: [8] Undefined index: status D:\PHPTest\jonza\Static\Runtime\Cache\Ad\5d833592617580d81bb15ca8fdf3b5cd.php 第 33 行.
INFO: Run Behavior\ParseTemplateBehavior [ RunTime:0.007000s ]
INFO: [ view_parse ] --END-- [ RunTime:0.008000s ]
INFO: [ view_filter ] --START--
INFO: Run Behavior\WriteHtmlCacheBehavior [ RunTime:0.000000s ]
INFO: Run Library\Behavior\EmptyImageBehavior [ RunTime:0.000000s ]
INFO: [ view_filter ] --END-- [ RunTime:0.000000s ]
INFO: [ app_end ] --START--
INFO: Run Behavior\ShowPageTraceBehavior [ RunTime:0.001000s ]
INFO: [ app_end ] --END-- [ RunTime:0.001000s ]

[ 2018-10-25T21:46:44+08:00 ] ::1 /jonza/index.php/Ad/AdType/add.shtml
INFO: [ app_begin ] --START--
INFO: Run Behavior\ReadHtmlCacheBehavior [ RunTime:0.001000s ]
INFO: [ app_begin ] --END-- [ RunTime:0.001000s ]
NOTIC: [8192] mysql_connect(): The mysql extension is deprecated and will be removed in the future: use mysqli or PDO instead D:\PHPTest\jonza\Library\Think\Library\Think\Session\Driver\Db.class.php 第 95 行.
SQL: SHOW COLUMNS FROM `wx_ad_type` [ RunTime:0.0320s ]
SQL: SELECT COUNT(*) AS tp_count FROM `wx_ad_type` WHERE `type_id` = 0 LIMIT 1   [ RunTime:0.0120s ]
ERR: SQLSTATE[HY000]: General error: 1364 Field 'add_time' doesn't have a default value

[ 2018-10-25T21:47:16+08:00 ] ::1 /jonza/index.php/Ad/AdType/add.shtml
INFO: [ app_begin ] --START--
INFO: Run Behavior\ReadHtmlCacheBehavior [ RunTime:0.000000s ]
INFO: [ app_begin ] --END-- [ RunTime:0.000000s ]
NOTIC: [8192] mysql_connect(): The mysql extension is deprecated and will be removed in the future: use mysqli or PDO instead D:\PHPTest\jonza\Library\Think\Library\Think\Session\Driver\Db.class.php 第 95 行.
SQL: SHOW COLUMNS FROM `wx_ad_type` [ RunTime:0.0320s ]
INFO: [ view_parse ] --START--
INFO: [ template_filter ] --START--
INFO: Run Behavior\ContentReplaceBehavior [ RunTime:0.000000s ]
INFO: [ template_filter ] --END-- [ RunTime:0.000000s ]
NOTIC: [8] Undefined index: type_name D:\PHPTest\jonza\Static\Runtime\Cache\Ad\5d833592617580d81bb15ca8fdf3b5cd.php 第 17 行.
NOTIC: [8] Undefined index: status D:\PHPTest\jonza\Static\Runtime\Cache\Ad\5d833592617580d81bb15ca8fdf3b5cd.php 第 32 行.
NOTIC: [8] Undefined index: status D:\PHPTest\jonza\Static\Runtime\Cache\Ad\5d833592617580d81bb15ca8fdf3b5cd.php 第 33 行.
INFO: Run Behavior\ParseTemplateBehavior [ RunTime:0.008001s ]
INFO: [ view_parse ] --END-- [ RunTime:0.008001s ]
INFO: [ view_filter ] --START--
INFO: Run Behavior\WriteHtmlCacheBehavior [ RunTime:0.000000s ]
INFO: Run Library\Behavior\EmptyImageBehavior [ RunTime:0.001000s ]
INFO: [ view_filter ] --END-- [ RunTime:0.001000s ]
INFO: [ app_end ] --START--
INFO: Run Behavior\ShowPageTraceBehavior [ RunTime:0.000000s ]
INFO: [ app_end ] --END-- [ RunTime:0.000000s ]

[ 2018-10-25T21:47:24+08:00 ] ::1 /jonza/index.php/Ad/AdType/add.shtml
INFO: [ app_begin ] --START--
INFO: Run Behavior\ReadHtmlCacheBehavior [ RunTime:0.000000s ]
INFO: [ app_begin ] --END-- [ RunTime:0.001000s ]
NOTIC: [8192] mysql_connect(): The mysql extension is deprecated and will be removed in the future: use mysqli or PDO instead D:\PHPTest\jonza\Library\Think\Library\Think\Session\Driver\Db.class.php 第 95 行.
SQL: SHOW COLUMNS FROM `wx_ad_type` [ RunTime:0.0460s ]
SQL: SELECT COUNT(*) AS tp_count FROM `wx_ad_type` WHERE `type_id` = 0 LIMIT 1   [ RunTime:0.0130s ]
ERR: SQLSTATE[HY000]: General error: 1364 Field 'add_time' doesn't have a default value

[ 2018-10-25T21:47:29+08:00 ] ::1 /jonza/index.php/Ad/AdType/add.shtml
INFO: [ app_begin ] --START--
INFO: Run Behavior\ReadHtmlCacheBehavior [ RunTime:0.000000s ]
INFO: [ app_begin ] --END-- [ RunTime:0.000000s ]
NOTIC: [8192] mysql_connect(): The mysql extension is deprecated and will be removed in the future: use mysqli or PDO instead D:\PHPTest\jonza\Library\Think\Library\Think\Session\Driver\Db.class.php 第 95 行.
SQL: SHOW COLUMNS FROM `wx_ad_type` [ RunTime:0.0300s ]
SQL: SELECT COUNT(*) AS tp_count FROM `wx_ad_type` WHERE `type_id` = 0 LIMIT 1   [ RunTime:0.0150s ]
ERR: SQLSTATE[HY000]: General error: 1364 Field 'add_time' doesn't have a default value

[ 2018-10-25T21:48:41+08:00 ] ::1 /jonza/index.php/Ad/AdType/add.shtml
INFO: [ app_begin ] --START--
INFO: Run Behavior\ReadHtmlCacheBehavior [ RunTime:0.001000s ]
INFO: [ app_begin ] --END-- [ RunTime:0.001000s ]
NOTIC: [8192] mysql_connect(): The mysql extension is deprecated and will be removed in the future: use mysqli or PDO instead D:\PHPTest\jonza\Library\Think\Library\Think\Session\Driver\Db.class.php 第 95 行.
SQL: SHOW COLUMNS FROM `wx_ad_type` [ RunTime:0.0310s ]
INFO: [ view_parse ] --START--
INFO: [ template_filter ] --START--
INFO: Run Behavior\ContentReplaceBehavior [ RunTime:0.000000s ]
INFO: [ template_filter ] --END-- [ RunTime:0.000000s ]
NOTIC: [8] Undefined index: type_name D:\PHPTest\jonza\Static\Runtime\Cache\Ad\5d833592617580d81bb15ca8fdf3b5cd.php 第 17 行.
NOTIC: [8] Undefined index: status D:\PHPTest\jonza\Static\Runtime\Cache\Ad\5d833592617580d81bb15ca8fdf3b5cd.php 第 32 行.
NOTIC: [8] Undefined index: status D:\PHPTest\jonza\Static\Runtime\Cache\Ad\5d833592617580d81bb15ca8fdf3b5cd.php 第 33 行.
INFO: Run Behavior\ParseTemplateBehavior [ RunTime:0.007000s ]
INFO: [ view_parse ] --END-- [ RunTime:0.007000s ]
INFO: [ view_filter ] --START--
INFO: Run Behavior\WriteHtmlCacheBehavior [ RunTime:0.001000s ]
INFO: Run Library\Behavior\EmptyImageBehavior [ RunTime:0.000000s ]
INFO: [ view_filter ] --END-- [ RunTime:0.001000s ]
INFO: [ app_end ] --START--
INFO: Run Behavior\ShowPageTraceBehavior [ RunTime:0.001000s ]
INFO: [ app_end ] --END-- [ RunTime:0.001000s ]

[ 2018-10-25T21:48:47+08:00 ] ::1 /jonza/index.php/Ad/AdType/add.shtml
INFO: [ app_begin ] --START--
INFO: Run Behavior\ReadHtmlCacheBehavior [ RunTime:0.000000s ]
INFO: [ app_begin ] --END-- [ RunTime:0.001000s ]
NOTIC: [8192] mysql_connect(): The mysql extension is deprecated and will be removed in the future: use mysqli or PDO instead D:\PHPTest\jonza\Library\Think\Library\Think\Session\Driver\Db.class.php 第 95 行.
SQL: SHOW COLUMNS FROM `wx_ad_type` [ RunTime:0.0320s ]
SQL: SELECT COUNT(*) AS tp_count FROM `wx_ad_type` WHERE `type_id` = 0 LIMIT 1   [ RunTime:0.0110s ]
ERR: SQLSTATE[HY000]: General error: 1364 Field 'add_time' doesn't have a default value

[ 2018-10-25T21:51:02+08:00 ] ::1 /jonza/index.php/Ad/AdType/add.shtml
INFO: [ app_begin ] --START--
INFO: Run Behavior\ReadHtmlCacheBehavior [ RunTime:0.001000s ]
INFO: [ app_begin ] --END-- [ RunTime:0.001000s ]
NOTIC: [8192] mysql_connect(): The mysql extension is deprecated and will be removed in the future: use mysqli or PDO instead D:\PHPTest\jonza\Library\Think\Library\Think\Session\Driver\Db.class.php 第 95 行.
SQL: SHOW COLUMNS FROM `wx_ad_type` [ RunTime:0.0310s ]
INFO: [ view_parse ] --START--
INFO: [ template_filter ] --START--
INFO: Run Behavior\ContentReplaceBehavior [ RunTime:0.000000s ]
INFO: [ template_filter ] --END-- [ RunTime:0.000000s ]
NOTIC: [8] Undefined index: type_name D:\PHPTest\jonza\Static\Runtime\Cache\Ad\5d833592617580d81bb15ca8fdf3b5cd.php 第 17 行.
NOTIC: [8] Undefined index: status D:\PHPTest\jonza\Static\Runtime\Cache\Ad\5d833592617580d81bb15ca8fdf3b5cd.php 第 32 行.
NOTIC: [8] Undefined index: status D:\PHPTest\jonza\Static\Runtime\Cache\Ad\5d833592617580d81bb15ca8fdf3b5cd.php 第 33 行.
INFO: Run Behavior\ParseTemplateBehavior [ RunTime:0.007000s ]
INFO: [ view_parse ] --END-- [ RunTime:0.007000s ]
INFO: [ view_filter ] --START--
INFO: Run Behavior\WriteHtmlCacheBehavior [ RunTime:0.000000s ]
INFO: Run Library\Behavior\EmptyImageBehavior [ RunTime:0.001000s ]
INFO: [ view_filter ] --END-- [ RunTime:0.001000s ]
INFO: [ app_end ] --START--
INFO: Run Behavior\ShowPageTraceBehavior [ RunTime:0.000000s ]
INFO: [ app_end ] --END-- [ RunTime:0.000000s ]

[ 2018-10-25T21:51:08+08:00 ] ::1 /jonza/index.php/Ad/AdType/add.shtml
INFO: [ app_begin ] --START--
INFO: Run Behavior\ReadHtmlCacheBehavior [ RunTime:0.000000s ]
INFO: [ app_begin ] --END-- [ RunTime:0.001000s ]
NOTIC: [8192] mysql_connect(): The mysql extension is deprecated and will be removed in the future: use mysqli or PDO instead D:\PHPTest\jonza\Library\Think\Library\Think\Session\Driver\Db.class.php 第 95 行.
SQL: SHOW COLUMNS FROM `wx_ad_type` [ RunTime:0.0310s ]
SQL: SELECT COUNT(*) AS tp_count FROM `wx_ad_type` WHERE `type_id` = 0 LIMIT 1   [ RunTime:0.0100s ]
ERR: SQLSTATE[HY000]: General error: 1364 Field 'add_time' doesn't have a default value

[ 2018-10-25T21:51:44+08:00 ] ::1 /jonza/index.php/Ad/AdType/add.shtml
INFO: [ app_begin ] --START--
INFO: Run Behavior\ReadHtmlCacheBehavior [ RunTime:0.000000s ]
INFO: [ app_begin ] --END-- [ RunTime:0.001000s ]
NOTIC: [8192] mysql_connect(): The mysql extension is deprecated and will be removed in the future: use mysqli or PDO instead D:\PHPTest\jonza\Library\Think\Library\Think\Session\Driver\Db.class.php 第 95 行.
SQL: SHOW COLUMNS FROM `wx_ad_type` [ RunTime:0.0350s ]
SQL: SELECT COUNT(*) AS tp_count FROM `wx_ad_type` WHERE `type_id` = 0 LIMIT 1   [ RunTime:0.0130s ]
ERR: SQLSTATE[HY000]: General error: 1364 Field 'add_time' doesn't have a default value

[ 2018-10-25T21:52:00+08:00 ] ::1 /jonza/index.php/Ad/AdType/add.shtml
INFO: [ app_begin ] --START--
INFO: Run Behavior\ReadHtmlCacheBehavior [ RunTime:0.000000s ]
INFO: [ app_begin ] --END-- [ RunTime:0.000000s ]
NOTIC: [8192] mysql_connect(): The mysql extension is deprecated and will be removed in the future: use mysqli or PDO instead D:\PHPTest\jonza\Library\Think\Library\Think\Session\Driver\Db.class.php 第 95 行.
SQL: SHOW COLUMNS FROM `wx_ad_type` [ RunTime:0.0310s ]
INFO: [ view_parse ] --START--
INFO: [ template_filter ] --START--
INFO: Run Behavior\ContentReplaceBehavior [ RunTime:0.000000s ]
INFO: [ template_filter ] --END-- [ RunTime:0.000000s ]
NOTIC: [8] Undefined index: type_name D:\PHPTest\jonza\Static\Runtime\Cache\Ad\5d833592617580d81bb15ca8fdf3b5cd.php 第 17 行.
NOTIC: [8] Undefined index: status D:\PHPTest\jonza\Static\Runtime\Cache\Ad\5d833592617580d81bb15ca8fdf3b5cd.php 第 32 行.
NOTIC: [8] Undefined index: status D:\PHPTest\jonza\Static\Runtime\Cache\Ad\5d833592617580d81bb15ca8fdf3b5cd.php 第 33 行.
INFO: Run Behavior\ParseTemplateBehavior [ RunTime:0.007000s ]
INFO: [ view_parse ] --END-- [ RunTime:0.007000s ]
INFO: [ view_filter ] --START--
INFO: Run Behavior\WriteHtmlCacheBehavior [ RunTime:0.000000s ]
INFO: Run Library\Behavior\EmptyImageBehavior [ RunTime:0.001001s ]
INFO: [ view_filter ] --END-- [ RunTime:0.001001s ]
INFO: [ app_end ] --START--
INFO: Run Behavior\ShowPageTraceBehavior [ RunTime:0.000000s ]
INFO: [ app_end ] --END-- [ RunTime:0.000000s ]

[ 2018-10-25T21:52:03+08:00 ] ::1 /jonza/index.php/Ad/AdType/add.shtml
INFO: [ app_begin ] --START--
INFO: Run Behavior\ReadHtmlCacheBehavior [ RunTime:0.000000s ]
INFO: [ app_begin ] --END-- [ RunTime:0.001000s ]
NOTIC: [8192] mysql_connect(): The mysql extension is deprecated and will be removed in the future: use mysqli or PDO instead D:\PHPTest\jonza\Library\Think\Library\Think\Session\Driver\Db.class.php 第 95 行.
SQL: SHOW COLUMNS FROM `wx_ad_type` [ RunTime:0.0310s ]
SQL: SELECT COUNT(*) AS tp_count FROM `wx_ad_type` WHERE `type_id` = 0 LIMIT 1   [ RunTime:0.0120s ]
ERR: SQLSTATE[HY000]: General error: 1364 Field 'add_time' doesn't have a default value

[ 2018-10-25T21:52:41+08:00 ] ::1 /jonza/index.php/Ad/AdType/add.shtml
INFO: [ app_begin ] --START--
INFO: Run Behavior\ReadHtmlCacheBehavior [ RunTime:0.001000s ]
INFO: [ app_begin ] --END-- [ RunTime:0.001000s ]
NOTIC: [8192] mysql_connect(): The mysql extension is deprecated and will be removed in the future: use mysqli or PDO instead D:\PHPTest\jonza\Library\Think\Library\Think\Session\Driver\Db.class.php 第 95 行.
SQL: SHOW COLUMNS FROM `wx_ad_type` [ RunTime:0.0330s ]
INFO: [ view_parse ] --START--
INFO: [ template_filter ] --START--
INFO: Run Behavior\ContentReplaceBehavior [ RunTime:0.000000s ]
INFO: [ template_filter ] --END-- [ RunTime:0.000000s ]
NOTIC: [8] Undefined index: type_name D:\PHPTest\jonza\Static\Runtime\Cache\Ad\5d833592617580d81bb15ca8fdf3b5cd.php 第 17 行.
NOTIC: [8] Undefined index: status D:\PHPTest\jonza\Static\Runtime\Cache\Ad\5d833592617580d81bb15ca8fdf3b5cd.php 第 32 行.
NOTIC: [8] Undefined index: status D:\PHPTest\jonza\Static\Runtime\Cache\Ad\5d833592617580d81bb15ca8fdf3b5cd.php 第 33 行.
INFO: Run Behavior\ParseTemplateBehavior [ RunTime:0.007001s ]
INFO: [ view_parse ] --END-- [ RunTime:0.007001s ]
INFO: [ view_filter ] --START--
INFO: Run Behavior\WriteHtmlCacheBehavior [ RunTime:0.000000s ]
INFO: Run Library\Behavior\EmptyImageBehavior [ RunTime:0.001000s ]
INFO: [ view_filter ] --END-- [ RunTime:0.001000s ]
INFO: [ app_end ] --START--
INFO: Run Behavior\ShowPageTraceBehavior [ RunTime:0.000000s ]
INFO: [ app_end ] --END-- [ RunTime:0.000000s ]

[ 2018-10-25T21:52:45+08:00 ] ::1 /jonza/index.php/Ad/AdType/add.shtml
INFO: [ app_begin ] --START--
INFO: Run Behavior\ReadHtmlCacheBehavior [ RunTime:0.001000s ]
INFO: [ app_begin ] --END-- [ RunTime:0.001000s ]
NOTIC: [8192] mysql_connect(): The mysql extension is deprecated and will be removed in the future: use mysqli or PDO instead D:\PHPTest\jonza\Library\Think\Library\Think\Session\Driver\Db.class.php 第 95 行.
SQL: SHOW COLUMNS FROM `wx_ad_type` [ RunTime:0.0320s ]
SQL: SELECT COUNT(*) AS tp_count FROM `wx_ad_type` WHERE `type_id` = 0 LIMIT 1   [ RunTime:0.0120s ]
ERR: SQLSTATE[HY000]: General error: 1364 Field 'add_time' doesn't have a default value

[ 2018-10-25T21:53:18+08:00 ] ::1 /jonza/index.php/Ad/AdType/add.shtml
INFO: [ app_begin ] --START--
INFO: Run Behavior\ReadHtmlCacheBehavior [ RunTime:0.000000s ]
INFO: [ app_begin ] --END-- [ RunTime:0.000000s ]
NOTIC: [8192] mysql_connect(): The mysql extension is deprecated and will be removed in the future: use mysqli or PDO instead D:\PHPTest\jonza\Library\Think\Library\Think\Session\Driver\Db.class.php 第 95 行.
SQL: SHOW COLUMNS FROM `wx_ad_type` [ RunTime:0.0320s ]
INFO: [ view_parse ] --START--
INFO: [ template_filter ] --START--
INFO: Run Behavior\ContentReplaceBehavior [ RunTime:0.000000s ]
INFO: [ template_filter ] --END-- [ RunTime:0.000000s ]
NOTIC: [8] Undefined index: type_name D:\PHPTest\jonza\Static\Runtime\Cache\Ad\5d833592617580d81bb15ca8fdf3b5cd.php 第 17 行.
NOTIC: [8] Undefined index: status D:\PHPTest\jonza\Static\Runtime\Cache\Ad\5d833592617580d81bb15ca8fdf3b5cd.php 第 32 行.
NOTIC: [8] Undefined index: status D:\PHPTest\jonza\Static\Runtime\Cache\Ad\5d833592617580d81bb15ca8fdf3b5cd.php 第 33 行.
INFO: Run Behavior\ParseTemplateBehavior [ RunTime:0.006001s ]
INFO: [ view_parse ] --END-- [ RunTime:0.006001s ]
INFO: [ view_filter ] --START--
INFO: Run Behavior\WriteHtmlCacheBehavior [ RunTime:0.001000s ]
INFO: Run Library\Behavior\EmptyImageBehavior [ RunTime:0.000000s ]
INFO: [ view_filter ] --END-- [ RunTime:0.001000s ]
INFO: [ app_end ] --START--
INFO: Run Behavior\ShowPageTraceBehavior [ RunTime:0.001000s ]
INFO: [ app_end ] --END-- [ RunTime:0.001000s ]

[ 2018-10-25T21:53:21+08:00 ] ::1 /jonza/index.php/Ad/AdType/add.shtml
INFO: [ app_begin ] --START--
INFO: Run Behavior\ReadHtmlCacheBehavior [ RunTime:0.000000s ]
INFO: [ app_begin ] --END-- [ RunTime:0.000000s ]
NOTIC: [8192] mysql_connect(): The mysql extension is deprecated and will be removed in the future: use mysqli or PDO instead D:\PHPTest\jonza\Library\Think\Library\Think\Session\Driver\Db.class.php 第 95 行.
SQL: SHOW COLUMNS FROM `wx_ad_type` [ RunTime:0.0310s ]
SQL: SELECT COUNT(*) AS tp_count FROM `wx_ad_type` WHERE `type_id` = 0 LIMIT 1   [ RunTime:0.0100s ]
SQL: INSERT INTO `wx_ad_type` (`type_name`,`sort`,`status`,`type_id`) VALUES ('测试','0','2','0') [ RunTime:0.0150s ]

[ 2018-10-25T22:08:39+08:00 ] ::1 /jonza/index.php?s=Ad/AdType/forbid
INFO: [ app_begin ] --START--
INFO: Run Behavior\ReadHtmlCacheBehavior [ RunTime:0.001000s ]
INFO: [ app_begin ] --END-- [ RunTime:0.001000s ]
NOTIC: [8192] mysql_connect(): The mysql extension is deprecated and will be removed in the future: use mysqli or PDO instead D:\PHPTest\jonza\Library\Think\Library\Think\Session\Driver\Db.class.php 第 95 行.
SQL: SHOW COLUMNS FROM `wx_ad_type` [ RunTime:0.0300s ]
SQL: UPDATE `wx_ad_type` SET `status`='1' WHERE `type_id` IN ('17') [ RunTime:0.0110s ]

[ 2018-10-25T22:08:46+08:00 ] ::1 /jonza/index.php?s=Ad/AdType/resume
INFO: [ app_begin ] --START--
INFO: Run Behavior\ReadHtmlCacheBehavior [ RunTime:0.000000s ]
INFO: [ app_begin ] --END-- [ RunTime:0.001000s ]
NOTIC: [8192] mysql_connect(): The mysql extension is deprecated and will be removed in the future: use mysqli or PDO instead D:\PHPTest\jonza\Library\Think\Library\Think\Session\Driver\Db.class.php 第 95 行.
SQL: SHOW COLUMNS FROM `wx_ad_type` [ RunTime:0.0340s ]
SQL: UPDATE `wx_ad_type` SET `status`='2' WHERE `type_id` IN ('17') [ RunTime:0.0130s ]

[ 2018-10-25T22:08:53+08:00 ] ::1 /jonza/index.php?s=Ad/AdType/del
INFO: [ app_begin ] --START--
INFO: Run Behavior\ReadHtmlCacheBehavior [ RunTime:0.001000s ]
INFO: [ app_begin ] --END-- [ RunTime:0.001000s ]
NOTIC: [8192] mysql_connect(): The mysql extension is deprecated and will be removed in the future: use mysqli or PDO instead D:\PHPTest\jonza\Library\Think\Library\Think\Session\Driver\Db.class.php 第 95 行.
SQL: SHOW COLUMNS FROM `wx_ad_type` [ RunTime:0.0300s ]
SQL: DELETE FROM `wx_ad_type` WHERE `type_id` IN ('17') [ RunTime:0.0120s ]

