[ 2018-11-23T14:00:28+08:00 ] ::1 /jonza/index.php/Ad/Advertisement/add.shtml
INFO: [ app_begin ] --START--
INFO: Run Behavior\ReadHtmlCacheBehavior [ RunTime:0.000798s ]
INFO: [ app_begin ] --END-- [ RunTime:0.001322s ]
NOTIC: [8192] mysql_connect(): The mysql extension is deprecated and will be removed in the future: use mysqli or PDO instead E:\kejin\jonza\Library\Think\Library\Think\Session\Driver\Db.class.php 第 95 行.
SQL: SHOW COLUMNS FROM `wx_ad` [ RunTime:0.0098s ]
SQL: SHOW COLUMNS FROM `wx_ad_type` [ RunTime:0.0087s ]
SQL: SELECT `type_id`,`type_name` FROM `wx_ad_type` WHERE `status` = 2  [ RunTime:0.0082s ]
SQL: SHOW COLUMNS FROM `wx_advertiser` [ RunTime:0.0092s ]
SQL: SELECT `advertiser_id`,`name` FROM `wx_advertiser`  [ RunTime:0.0089s ]
SQL: SHOW COLUMNS FROM `wx_sys_user` [ RunTime:0.0096s ]
SQL: SELECT `id`,`name` FROM `wx_sys_user` WHERE `status` = 2 AND `role` = 22  [ RunTime:0.0084s ]
INFO: [ view_parse ] --START--
INFO: [ template_filter ] --START--
INFO: Run Behavior\ContentReplaceBehavior [ RunTime:0.000293s ]
INFO: [ template_filter ] --END-- [ RunTime:0.000386s ]
NOTIC: [8] Undefined index: type E:\kejin\jonza\Static\Runtime\Cache\Ad\028c71345f2053a742033cb1facc221e.php 第 17 行.
NOTIC: [8] Undefined index: type E:\kejin\jonza\Static\Runtime\Cache\Ad\028c71345f2053a742033cb1facc221e.php 第 18 行.
NOTIC: [8] Undefined index: advertiser_id E:\kejin\jonza\Static\Runtime\Cache\Ad\028c71345f2053a742033cb1facc221e.php 第 27 行.
NOTIC: [8] Undefined index: advertiser_id E:\kejin\jonza\Static\Runtime\Cache\Ad\028c71345f2053a742033cb1facc221e.php 第 27 行.
NOTIC: [8] Undefined index: advertiser_id E:\kejin\jonza\Static\Runtime\Cache\Ad\028c71345f2053a742033cb1facc221e.php 第 27 行.
NOTIC: [8] Undefined index: user_id E:\kejin\jonza\Static\Runtime\Cache\Ad\028c71345f2053a742033cb1facc221e.php 第 36 行.
NOTIC: [8] Undefined index: user_id E:\kejin\jonza\Static\Runtime\Cache\Ad\028c71345f2053a742033cb1facc221e.php 第 36 行.
NOTIC: [8] Undefined index: user_id E:\kejin\jonza\Static\Runtime\Cache\Ad\028c71345f2053a742033cb1facc221e.php 第 36 行.
NOTIC: [8] Undefined index: ad_name E:\kejin\jonza\Static\Runtime\Cache\Ad\028c71345f2053a742033cb1facc221e.php 第 44 行.
NOTIC: [8] Undefined index: ad_type_id E:\kejin\jonza\Static\Runtime\Cache\Ad\028c71345f2053a742033cb1facc221e.php 第 52 行.
NOTIC: [8] Undefined index: ad_type_id E:\kejin\jonza\Static\Runtime\Cache\Ad\028c71345f2053a742033cb1facc221e.php 第 52 行.
NOTIC: [8] Undefined index: ad_type_id E:\kejin\jonza\Static\Runtime\Cache\Ad\028c71345f2053a742033cb1facc221e.php 第 52 行.
NOTIC: [8] Undefined index: ad_type_id E:\kejin\jonza\Static\Runtime\Cache\Ad\028c71345f2053a742033cb1facc221e.php 第 52 行.
NOTIC: [8] Undefined index: ad_type_id E:\kejin\jonza\Static\Runtime\Cache\Ad\028c71345f2053a742033cb1facc221e.php 第 52 行.
NOTIC: [8] Undefined index: ad_type_id E:\kejin\jonza\Static\Runtime\Cache\Ad\028c71345f2053a742033cb1facc221e.php 第 52 行.
NOTIC: [8] Undefined index: ad_type_id E:\kejin\jonza\Static\Runtime\Cache\Ad\028c71345f2053a742033cb1facc221e.php 第 52 行.
NOTIC: [8] Undefined index: ad_type_id E:\kejin\jonza\Static\Runtime\Cache\Ad\028c71345f2053a742033cb1facc221e.php 第 52 行.
NOTIC: [8] Undefined index: ad_type_id E:\kejin\jonza\Static\Runtime\Cache\Ad\028c71345f2053a742033cb1facc221e.php 第 52 行.
NOTIC: [8] Undefined index: ad_type_id E:\kejin\jonza\Static\Runtime\Cache\Ad\028c71345f2053a742033cb1facc221e.php 第 52 行.
NOTIC: [8] Undefined index: ad_type_id E:\kejin\jonza\Static\Runtime\Cache\Ad\028c71345f2053a742033cb1facc221e.php 第 52 行.
NOTIC: [8] Undefined index: ad_type_id E:\kejin\jonza\Static\Runtime\Cache\Ad\028c71345f2053a742033cb1facc221e.php 第 52 行.
NOTIC: [8] Undefined index: ad_type_id E:\kejin\jonza\Static\Runtime\Cache\Ad\028c71345f2053a742033cb1facc221e.php 第 52 行.
NOTIC: [8] Undefined index: ad_type_id E:\kejin\jonza\Static\Runtime\Cache\Ad\028c71345f2053a742033cb1facc221e.php 第 52 行.
NOTIC: [8] Undefined index: ad_type_id E:\kejin\jonza\Static\Runtime\Cache\Ad\028c71345f2053a742033cb1facc221e.php 第 52 行.
NOTIC: [8] Undefined index: ad_type_id E:\kejin\jonza\Static\Runtime\Cache\Ad\028c71345f2053a742033cb1facc221e.php 第 52 行.
NOTIC: [8] Undefined index: ad_type_id E:\kejin\jonza\Static\Runtime\Cache\Ad\028c71345f2053a742033cb1facc221e.php 第 52 行.
NOTIC: [8] Undefined index: system_type E:\kejin\jonza\Static\Runtime\Cache\Ad\028c71345f2053a742033cb1facc221e.php 第 61 行.
NOTIC: [8] Undefined index: system_type E:\kejin\jonza\Static\Runtime\Cache\Ad\028c71345f2053a742033cb1facc221e.php 第 62 行.
NOTIC: [8] Undefined index: end_time E:\kejin\jonza\Static\Runtime\Cache\Ad\028c71345f2053a742033cb1facc221e.php 第 70 行.
NOTIC: [8] Undefined index: end_time E:\kejin\jonza\Static\Runtime\Cache\Ad\028c71345f2053a742033cb1facc221e.php 第 75 行.
NOTIC: [8] Undefined index: status E:\kejin\jonza\Static\Runtime\Cache\Ad\028c71345f2053a742033cb1facc221e.php 第 86 行.
NOTIC: [8] Undefined index: status E:\kejin\jonza\Static\Runtime\Cache\Ad\028c71345f2053a742033cb1facc221e.php 第 87 行.
NOTIC: [8] Undefined index: apply_switch E:\kejin\jonza\Static\Runtime\Cache\Ad\028c71345f2053a742033cb1facc221e.php 第 96 行.
NOTIC: [8] Undefined index: apply_switch E:\kejin\jonza\Static\Runtime\Cache\Ad\028c71345f2053a742033cb1facc221e.php 第 97 行.
NOTIC: [8] Undefined index: currency_type E:\kejin\jonza\Static\Runtime\Cache\Ad\028c71345f2053a742033cb1facc221e.php 第 106 行.
NOTIC: [8] Undefined index: currency_type E:\kejin\jonza\Static\Runtime\Cache\Ad\028c71345f2053a742033cb1facc221e.php 第 107 行.
NOTIC: [8] Undefined index: settlement_type E:\kejin\jonza\Static\Runtime\Cache\Ad\028c71345f2053a742033cb1facc221e.php 第 117 行.
NOTIC: [8] Undefined index: settlement_type E:\kejin\jonza\Static\Runtime\Cache\Ad\028c71345f2053a742033cb1facc221e.php 第 118 行.
NOTIC: [8] Undefined index: settlement_type E:\kejin\jonza\Static\Runtime\Cache\Ad\028c71345f2053a742033cb1facc221e.php 第 119 行.
NOTIC: [8] Undefined index: settlement_type E:\kejin\jonza\Static\Runtime\Cache\Ad\028c71345f2053a742033cb1facc221e.php 第 120 行.
NOTIC: [8] Undefined index: settlement_type E:\kejin\jonza\Static\Runtime\Cache\Ad\028c71345f2053a742033cb1facc221e.php 第 121 行.
NOTIC: [8] Undefined index: settlement_type E:\kejin\jonza\Static\Runtime\Cache\Ad\028c71345f2053a742033cb1facc221e.php 第 122 行.
NOTIC: [8] Undefined index: browse_link E:\kejin\jonza\Static\Runtime\Cache\Ad\028c71345f2053a742033cb1facc221e.php 第 144 行.
NOTIC: [8] Undefined index: ad_track_link E:\kejin\jonza\Static\Runtime\Cache\Ad\028c71345f2053a742033cb1facc221e.php 第 151 行.
NOTIC: [8] Undefined index: ad_track_link E:\kejin\jonza\Static\Runtime\Cache\Ad\028c71345f2053a742033cb1facc221e.php 第 210 行.
NOTIC: [8] Undefined index: ad_track_link E:\kejin\jonza\Static\Runtime\Cache\Ad\028c71345f2053a742033cb1facc221e.php 第 210 行.
NOTIC: [8] Undefined index: description E:\kejin\jonza\Static\Runtime\Cache\Ad\028c71345f2053a742033cb1facc221e.php 第 217 行.
INFO: Run Behavior\ParseTemplateBehavior [ RunTime:0.045261s ]
INFO: [ view_parse ] --END-- [ RunTime:0.045385s ]
INFO: [ view_filter ] --START--
INFO: Run Behavior\WriteHtmlCacheBehavior [ RunTime:0.001431s ]
INFO: Run Library\Behavior\EmptyImageBehavior [ RunTime:0.003150s ]
INFO: [ view_filter ] --END-- [ RunTime:0.004731s ]
INFO: [ app_end ] --START--
INFO: Run Behavior\ShowPageTraceBehavior [ RunTime:0.002618s ]
INFO: [ app_end ] --END-- [ RunTime:0.002746s ]

[ 2018-11-23T14:18:07+08:00 ] ::1 /jonza/index.php/Ad/Advertisement/edit/id/9.shtml
INFO: [ app_begin ] --START--
INFO: Run Behavior\ReadHtmlCacheBehavior [ RunTime:0.000589s ]
INFO: [ app_begin ] --END-- [ RunTime:0.001063s ]
NOTIC: [8192] mysql_connect(): The mysql extension is deprecated and will be removed in the future: use mysqli or PDO instead E:\kejin\jonza\Library\Think\Library\Think\Session\Driver\Db.class.php 第 95 行.
SQL: SHOW COLUMNS FROM `wx_ad` [ RunTime:0.0080s ]
SQL: SELECT * FROM `wx_ad` WHERE `ad_id` = 9 LIMIT 1   [ RunTime:0.0078s ]
SQL: SHOW COLUMNS FROM `wx_ad_type` [ RunTime:0.0073s ]
SQL: SELECT `type_id`,`type_name` FROM `wx_ad_type` WHERE `status` = 2  [ RunTime:0.0071s ]
SQL: SHOW COLUMNS FROM `wx_advertiser` [ RunTime:0.0080s ]
SQL: SELECT `advertiser_id`,`name` FROM `wx_advertiser`  [ RunTime:0.0068s ]
SQL: SHOW COLUMNS FROM `wx_sys_user` [ RunTime:0.0072s ]
SQL: SELECT `id`,`name` FROM `wx_sys_user` WHERE `status` = 2 AND `role` = 22  [ RunTime:0.0068s ]
INFO: [ view_parse ] --START--
INFO: [ template_filter ] --START--
INFO: Run Behavior\ContentReplaceBehavior [ RunTime:0.000207s ]
INFO: [ template_filter ] --END-- [ RunTime:0.000273s ]
INFO: Run Behavior\ParseTemplateBehavior [ RunTime:0.043422s ]
INFO: [ view_parse ] --END-- [ RunTime:0.043579s ]
INFO: [ view_filter ] --START--
INFO: Run Behavior\WriteHtmlCacheBehavior [ RunTime:0.001103s ]
INFO: Run Library\Behavior\EmptyImageBehavior [ RunTime:0.002862s ]
INFO: [ view_filter ] --END-- [ RunTime:0.004080s ]
INFO: [ app_end ] --START--
INFO: Run Behavior\ShowPageTraceBehavior [ RunTime:0.001520s ]
INFO: [ app_end ] --END-- [ RunTime:0.001667s ]

[ 2018-11-23T16:28:28+08:00 ] ::1 /jonza/index.php/Ad/Postback/index.shtml
ERR: 模板不存在:E:/kejin/jonza/Module/Ad/View/Postback_index.html

[ 2018-11-23T16:39:14+08:00 ] ::1 /jonza/index.php/Ad/Postback/add.shtml
INFO: [ app_begin ] --START--
INFO: Run Behavior\ReadHtmlCacheBehavior [ RunTime:0.000539s ]
INFO: [ app_begin ] --END-- [ RunTime:0.001025s ]
NOTIC: [8192] mysql_connect(): The mysql extension is deprecated and will be removed in the future: use mysqli or PDO instead E:\kejin\jonza\Library\Think\Library\Think\Session\Driver\Db.class.php 第 95 行.
SQL: SHOW COLUMNS FROM `wx_post_back` [ RunTime:0.0092s ]
INFO: [ view_parse ] --START--
INFO: [ template_filter ] --START--
INFO: Run Behavior\ContentReplaceBehavior [ RunTime:0.000147s ]
INFO: [ template_filter ] --END-- [ RunTime:0.000202s ]
NOTIC: [8] Undefined index: type E:\kejin\jonza\Static\Runtime\Cache\Ad\fbf36b05120b06fa9f7318474a26bd06.php 第 17 行.
NOTIC: [8] Undefined index: type E:\kejin\jonza\Static\Runtime\Cache\Ad\fbf36b05120b06fa9f7318474a26bd06.php 第 18 行.
NOTIC: [8] Undefined variable: advList E:\kejin\jonza\Static\Runtime\Cache\Ad\fbf36b05120b06fa9f7318474a26bd06.php 第 27 行.
NOTIC: [8] Undefined variable: userList E:\kejin\jonza\Static\Runtime\Cache\Ad\fbf36b05120b06fa9f7318474a26bd06.php 第 36 行.
NOTIC: [8] Undefined index: ad_name E:\kejin\jonza\Static\Runtime\Cache\Ad\fbf36b05120b06fa9f7318474a26bd06.php 第 44 行.
NOTIC: [8] Undefined variable: adTypeList E:\kejin\jonza\Static\Runtime\Cache\Ad\fbf36b05120b06fa9f7318474a26bd06.php 第 52 行.
NOTIC: [8] Undefined index: system_type E:\kejin\jonza\Static\Runtime\Cache\Ad\fbf36b05120b06fa9f7318474a26bd06.php 第 61 行.
NOTIC: [8] Undefined index: system_type E:\kejin\jonza\Static\Runtime\Cache\Ad\fbf36b05120b06fa9f7318474a26bd06.php 第 62 行.
NOTIC: [8] Undefined index: end_time E:\kejin\jonza\Static\Runtime\Cache\Ad\fbf36b05120b06fa9f7318474a26bd06.php 第 70 行.
NOTIC: [8] Undefined index: end_time E:\kejin\jonza\Static\Runtime\Cache\Ad\fbf36b05120b06fa9f7318474a26bd06.php 第 75 行.
NOTIC: [8] Undefined index: status E:\kejin\jonza\Static\Runtime\Cache\Ad\fbf36b05120b06fa9f7318474a26bd06.php 第 86 行.
NOTIC: [8] Undefined index: status E:\kejin\jonza\Static\Runtime\Cache\Ad\fbf36b05120b06fa9f7318474a26bd06.php 第 87 行.
NOTIC: [8] Undefined index: apply_switch E:\kejin\jonza\Static\Runtime\Cache\Ad\fbf36b05120b06fa9f7318474a26bd06.php 第 96 行.
NOTIC: [8] Undefined index: apply_switch E:\kejin\jonza\Static\Runtime\Cache\Ad\fbf36b05120b06fa9f7318474a26bd06.php 第 97 行.
NOTIC: [8] Undefined index: currency_type E:\kejin\jonza\Static\Runtime\Cache\Ad\fbf36b05120b06fa9f7318474a26bd06.php 第 106 行.
NOTIC: [8] Undefined index: currency_type E:\kejin\jonza\Static\Runtime\Cache\Ad\fbf36b05120b06fa9f7318474a26bd06.php 第 107 行.
NOTIC: [8] Undefined index: settlement_type E:\kejin\jonza\Static\Runtime\Cache\Ad\fbf36b05120b06fa9f7318474a26bd06.php 第 117 行.
NOTIC: [8] Undefined index: settlement_type E:\kejin\jonza\Static\Runtime\Cache\Ad\fbf36b05120b06fa9f7318474a26bd06.php 第 118 行.
NOTIC: [8] Undefined index: settlement_type E:\kejin\jonza\Static\Runtime\Cache\Ad\fbf36b05120b06fa9f7318474a26bd06.php 第 119 行.
NOTIC: [8] Undefined index: settlement_type E:\kejin\jonza\Static\Runtime\Cache\Ad\fbf36b05120b06fa9f7318474a26bd06.php 第 120 行.
NOTIC: [8] Undefined index: settlement_type E:\kejin\jonza\Static\Runtime\Cache\Ad\fbf36b05120b06fa9f7318474a26bd06.php 第 121 行.
NOTIC: [8] Undefined index: settlement_type E:\kejin\jonza\Static\Runtime\Cache\Ad\fbf36b05120b06fa9f7318474a26bd06.php 第 122 行.
NOTIC: [8] Undefined index: browse_link E:\kejin\jonza\Static\Runtime\Cache\Ad\fbf36b05120b06fa9f7318474a26bd06.php 第 144 行.
NOTIC: [8] Undefined index: ad_track_link E:\kejin\jonza\Static\Runtime\Cache\Ad\fbf36b05120b06fa9f7318474a26bd06.php 第 151 行.
NOTIC: [8] Undefined index: ad_track_link E:\kejin\jonza\Static\Runtime\Cache\Ad\fbf36b05120b06fa9f7318474a26bd06.php 第 210 行.
NOTIC: [8] Undefined index: ad_track_link E:\kejin\jonza\Static\Runtime\Cache\Ad\fbf36b05120b06fa9f7318474a26bd06.php 第 210 行.
NOTIC: [8] Undefined index: description E:\kejin\jonza\Static\Runtime\Cache\Ad\fbf36b05120b06fa9f7318474a26bd06.php 第 217 行.
INFO: Run Behavior\ParseTemplateBehavior [ RunTime:0.015709s ]
INFO: [ view_parse ] --END-- [ RunTime:0.015745s ]
INFO: [ view_filter ] --START--
INFO: Run Behavior\WriteHtmlCacheBehavior [ RunTime:0.000496s ]
INFO: Run Library\Behavior\EmptyImageBehavior [ RunTime:0.001030s ]
INFO: [ view_filter ] --END-- [ RunTime:0.001571s ]
INFO: [ app_end ] --START--
INFO: Run Behavior\ShowPageTraceBehavior [ RunTime:0.000696s ]
INFO: [ app_end ] --END-- [ RunTime:0.000742s ]

[ 2018-11-23T16:42:08+08:00 ] ::1 /jonza/index.php/Ad/Postback/add.shtml
INFO: [ app_begin ] --START--
INFO: Run Behavior\ReadHtmlCacheBehavior [ RunTime:0.000629s ]
INFO: [ app_begin ] --END-- [ RunTime:0.001134s ]
NOTIC: [8192] mysql_connect(): The mysql extension is deprecated and will be removed in the future: use mysqli or PDO instead E:\kejin\jonza\Library\Think\Library\Think\Session\Driver\Db.class.php 第 95 行.
SQL: SHOW COLUMNS FROM `wx_post_back` [ RunTime:0.0089s ]
INFO: [ view_parse ] --START--
INFO: [ template_filter ] --START--
INFO: Run Behavior\ContentReplaceBehavior [ RunTime:0.000179s ]
INFO: [ template_filter ] --END-- [ RunTime:0.000249s ]
NOTIC: [8] Undefined variable: advList E:\kejin\jonza\Static\Runtime\Cache\Ad\fbf36b05120b06fa9f7318474a26bd06.php 第 17 行.
NOTIC: [8] Undefined index: type E:\kejin\jonza\Static\Runtime\Cache\Ad\fbf36b05120b06fa9f7318474a26bd06.php 第 26 行.
NOTIC: [8] Undefined index: type E:\kejin\jonza\Static\Runtime\Cache\Ad\fbf36b05120b06fa9f7318474a26bd06.php 第 27 行.
NOTIC: [8] Undefined variable: userList E:\kejin\jonza\Static\Runtime\Cache\Ad\fbf36b05120b06fa9f7318474a26bd06.php 第 36 行.
NOTIC: [8] Undefined variable: userList E:\kejin\jonza\Static\Runtime\Cache\Ad\fbf36b05120b06fa9f7318474a26bd06.php 第 45 行.
NOTIC: [8] Undefined variable: userList E:\kejin\jonza\Static\Runtime\Cache\Ad\fbf36b05120b06fa9f7318474a26bd06.php 第 54 行.
NOTIC: [8] Undefined index: status E:\kejin\jonza\Static\Runtime\Cache\Ad\fbf36b05120b06fa9f7318474a26bd06.php 第 65 行.
NOTIC: [8] Undefined index: status E:\kejin\jonza\Static\Runtime\Cache\Ad\fbf36b05120b06fa9f7318474a26bd06.php 第 66 行.
NOTIC: [8] Undefined index: browse_link E:\kejin\jonza\Static\Runtime\Cache\Ad\fbf36b05120b06fa9f7318474a26bd06.php 第 76 行.
NOTIC: [8] Undefined index: ad_track_link E:\kejin\jonza\Static\Runtime\Cache\Ad\fbf36b05120b06fa9f7318474a26bd06.php 第 83 行.
NOTIC: [8] Undefined index: ad_track_link E:\kejin\jonza\Static\Runtime\Cache\Ad\fbf36b05120b06fa9f7318474a26bd06.php 第 142 行.
NOTIC: [8] Undefined index: ad_track_link E:\kejin\jonza\Static\Runtime\Cache\Ad\fbf36b05120b06fa9f7318474a26bd06.php 第 142 行.
NOTIC: [8] Undefined index: description E:\kejin\jonza\Static\Runtime\Cache\Ad\fbf36b05120b06fa9f7318474a26bd06.php 第 149 行.
INFO: Run Behavior\ParseTemplateBehavior [ RunTime:0.024023s ]
INFO: [ view_parse ] --END-- [ RunTime:0.024099s ]
INFO: [ view_filter ] --START--
INFO: Run Behavior\WriteHtmlCacheBehavior [ RunTime:0.000670s ]
INFO: Run Library\Behavior\EmptyImageBehavior [ RunTime:0.001969s ]
INFO: [ view_filter ] --END-- [ RunTime:0.002733s ]
INFO: [ app_end ] --START--
INFO: Run Behavior\ShowPageTraceBehavior [ RunTime:0.000886s ]
INFO: [ app_end ] --END-- [ RunTime:0.000925s ]

[ 2018-11-23T16:43:21+08:00 ] ::1 /jonza/index.php/Ad/Postback/add.shtml
INFO: [ app_begin ] --START--
INFO: Run Behavior\ReadHtmlCacheBehavior [ RunTime:0.000589s ]
INFO: [ app_begin ] --END-- [ RunTime:0.001142s ]
NOTIC: [8192] mysql_connect(): The mysql extension is deprecated and will be removed in the future: use mysqli or PDO instead E:\kejin\jonza\Library\Think\Library\Think\Session\Driver\Db.class.php 第 95 行.
SQL: SHOW COLUMNS FROM `wx_post_back` [ RunTime:0.0073s ]
INFO: [ view_parse ] --START--
INFO: [ template_filter ] --START--
INFO: Run Behavior\ContentReplaceBehavior [ RunTime:0.000069s ]
INFO: [ template_filter ] --END-- [ RunTime:0.000109s ]
NOTIC: [8] Undefined variable: advList E:\kejin\jonza\Static\Runtime\Cache\Ad\fbf36b05120b06fa9f7318474a26bd06.php 第 17 行.
NOTIC: [8] Undefined index: type E:\kejin\jonza\Static\Runtime\Cache\Ad\fbf36b05120b06fa9f7318474a26bd06.php 第 26 行.
NOTIC: [8] Undefined index: type E:\kejin\jonza\Static\Runtime\Cache\Ad\fbf36b05120b06fa9f7318474a26bd06.php 第 27 行.
NOTIC: [8] Undefined index: type E:\kejin\jonza\Static\Runtime\Cache\Ad\fbf36b05120b06fa9f7318474a26bd06.php 第 28 行.
NOTIC: [8] Undefined variable: userList E:\kejin\jonza\Static\Runtime\Cache\Ad\fbf36b05120b06fa9f7318474a26bd06.php 第 37 行.
NOTIC: [8] Undefined variable: userList E:\kejin\jonza\Static\Runtime\Cache\Ad\fbf36b05120b06fa9f7318474a26bd06.php 第 46 行.
NOTIC: [8] Undefined variable: userList E:\kejin\jonza\Static\Runtime\Cache\Ad\fbf36b05120b06fa9f7318474a26bd06.php 第 55 行.
NOTIC: [8] Undefined index: status E:\kejin\jonza\Static\Runtime\Cache\Ad\fbf36b05120b06fa9f7318474a26bd06.php 第 66 行.
NOTIC: [8] Undefined index: status E:\kejin\jonza\Static\Runtime\Cache\Ad\fbf36b05120b06fa9f7318474a26bd06.php 第 67 行.
NOTIC: [8] Undefined index: browse_link E:\kejin\jonza\Static\Runtime\Cache\Ad\fbf36b05120b06fa9f7318474a26bd06.php 第 77 行.
NOTIC: [8] Undefined index: ad_track_link E:\kejin\jonza\Static\Runtime\Cache\Ad\fbf36b05120b06fa9f7318474a26bd06.php 第 84 行.
NOTIC: [8] Undefined index: ad_track_link E:\kejin\jonza\Static\Runtime\Cache\Ad\fbf36b05120b06fa9f7318474a26bd06.php 第 143 行.
NOTIC: [8] Undefined index: ad_track_link E:\kejin\jonza\Static\Runtime\Cache\Ad\fbf36b05120b06fa9f7318474a26bd06.php 第 143 行.
NOTIC: [8] Undefined index: description E:\kejin\jonza\Static\Runtime\Cache\Ad\fbf36b05120b06fa9f7318474a26bd06.php 第 150 行.
INFO: Run Behavior\ParseTemplateBehavior [ RunTime:0.020396s ]
INFO: [ view_parse ] --END-- [ RunTime:0.020439s ]
INFO: [ view_filter ] --START--
INFO: Run Behavior\WriteHtmlCacheBehavior [ RunTime:0.000559s ]
INFO: Run Library\Behavior\EmptyImageBehavior [ RunTime:0.001432s ]
INFO: [ view_filter ] --END-- [ RunTime:0.002040s ]
INFO: [ app_end ] --START--
INFO: Run Behavior\ShowPageTraceBehavior [ RunTime:0.000671s ]
INFO: [ app_end ] --END-- [ RunTime:0.000699s ]

[ 2018-11-23T16:44:50+08:00 ] ::1 /jonza/index.php/Ad/Postback/add.shtml
INFO: [ app_begin ] --START--
INFO: Run Behavior\ReadHtmlCacheBehavior [ RunTime:0.000921s ]
INFO: [ app_begin ] --END-- [ RunTime:0.001739s ]
NOTIC: [8192] mysql_connect(): The mysql extension is deprecated and will be removed in the future: use mysqli or PDO instead E:\kejin\jonza\Library\Think\Library\Think\Session\Driver\Db.class.php 第 95 行.
SQL: SHOW COLUMNS FROM `wx_post_back` [ RunTime:0.0083s ]
INFO: [ view_parse ] --START--
INFO: [ template_filter ] --START--
INFO: Run Behavior\ContentReplaceBehavior [ RunTime:0.000071s ]
INFO: [ template_filter ] --END-- [ RunTime:0.000106s ]
NOTIC: [8] Undefined variable: advList E:\kejin\jonza\Static\Runtime\Cache\Ad\fbf36b05120b06fa9f7318474a26bd06.php 第 17 行.
NOTIC: [8] Undefined index: type E:\kejin\jonza\Static\Runtime\Cache\Ad\fbf36b05120b06fa9f7318474a26bd06.php 第 26 行.
NOTIC: [8] Undefined index: type E:\kejin\jonza\Static\Runtime\Cache\Ad\fbf36b05120b06fa9f7318474a26bd06.php 第 27 行.
NOTIC: [8] Undefined index: type E:\kejin\jonza\Static\Runtime\Cache\Ad\fbf36b05120b06fa9f7318474a26bd06.php 第 28 行.
NOTIC: [8] Undefined variable: userList E:\kejin\jonza\Static\Runtime\Cache\Ad\fbf36b05120b06fa9f7318474a26bd06.php 第 37 行.
NOTIC: [8] Undefined variable: userList E:\kejin\jonza\Static\Runtime\Cache\Ad\fbf36b05120b06fa9f7318474a26bd06.php 第 46 行.
NOTIC: [8] Undefined variable: userList E:\kejin\jonza\Static\Runtime\Cache\Ad\fbf36b05120b06fa9f7318474a26bd06.php 第 55 行.
NOTIC: [8] Undefined index: status E:\kejin\jonza\Static\Runtime\Cache\Ad\fbf36b05120b06fa9f7318474a26bd06.php 第 66 行.
NOTIC: [8] Undefined index: status E:\kejin\jonza\Static\Runtime\Cache\Ad\fbf36b05120b06fa9f7318474a26bd06.php 第 67 行.
NOTIC: [8] Undefined index: browse_link E:\kejin\jonza\Static\Runtime\Cache\Ad\fbf36b05120b06fa9f7318474a26bd06.php 第 77 行.
NOTIC: [8] Undefined index: ad_track_link E:\kejin\jonza\Static\Runtime\Cache\Ad\fbf36b05120b06fa9f7318474a26bd06.php 第 84 行.
NOTIC: [8] Undefined index: ad_track_link E:\kejin\jonza\Static\Runtime\Cache\Ad\fbf36b05120b06fa9f7318474a26bd06.php 第 84 行.
INFO: Run Behavior\ParseTemplateBehavior [ RunTime:0.010734s ]
INFO: [ view_parse ] --END-- [ RunTime:0.010765s ]
INFO: [ view_filter ] --START--
INFO: Run Behavior\WriteHtmlCacheBehavior [ RunTime:0.000446s ]
INFO: Run Library\Behavior\EmptyImageBehavior [ RunTime:0.000987s ]
INFO: [ view_filter ] --END-- [ RunTime:0.001480s ]
INFO: [ app_end ] --START--
INFO: Run Behavior\ShowPageTraceBehavior [ RunTime:0.000572s ]
INFO: [ app_end ] --END-- [ RunTime:0.000597s ]

[ 2018-11-23T16:45:35+08:00 ] ::1 /jonza/index.php/Ad/Postback/add.shtml
INFO: [ app_begin ] --START--
INFO: Run Behavior\ReadHtmlCacheBehavior [ RunTime:0.000595s ]
INFO: [ app_begin ] --END-- [ RunTime:0.001135s ]
NOTIC: [8192] mysql_connect(): The mysql extension is deprecated and will be removed in the future: use mysqli or PDO instead E:\kejin\jonza\Library\Think\Library\Think\Session\Driver\Db.class.php 第 95 行.
SQL: SHOW COLUMNS FROM `wx_post_back` [ RunTime:0.0084s ]
INFO: [ view_parse ] --START--
INFO: [ template_filter ] --START--
INFO: Run Behavior\ContentReplaceBehavior [ RunTime:0.000103s ]
INFO: [ template_filter ] --END-- [ RunTime:0.000152s ]
NOTIC: [8] Undefined variable: advList E:\kejin\jonza\Static\Runtime\Cache\Ad\fbf36b05120b06fa9f7318474a26bd06.php 第 17 行.
NOTIC: [8] Undefined index: type E:\kejin\jonza\Static\Runtime\Cache\Ad\fbf36b05120b06fa9f7318474a26bd06.php 第 26 行.
NOTIC: [8] Undefined index: type E:\kejin\jonza\Static\Runtime\Cache\Ad\fbf36b05120b06fa9f7318474a26bd06.php 第 27 行.
NOTIC: [8] Undefined index: type E:\kejin\jonza\Static\Runtime\Cache\Ad\fbf36b05120b06fa9f7318474a26bd06.php 第 28 行.
NOTIC: [8] Undefined variable: userList E:\kejin\jonza\Static\Runtime\Cache\Ad\fbf36b05120b06fa9f7318474a26bd06.php 第 37 行.
NOTIC: [8] Undefined variable: userList E:\kejin\jonza\Static\Runtime\Cache\Ad\fbf36b05120b06fa9f7318474a26bd06.php 第 46 行.
NOTIC: [8] Undefined variable: userList E:\kejin\jonza\Static\Runtime\Cache\Ad\fbf36b05120b06fa9f7318474a26bd06.php 第 55 行.
NOTIC: [8] Undefined index: status E:\kejin\jonza\Static\Runtime\Cache\Ad\fbf36b05120b06fa9f7318474a26bd06.php 第 66 行.
NOTIC: [8] Undefined index: status E:\kejin\jonza\Static\Runtime\Cache\Ad\fbf36b05120b06fa9f7318474a26bd06.php 第 67 行.
NOTIC: [8] Undefined index: ad_track_link E:\kejin\jonza\Static\Runtime\Cache\Ad\fbf36b05120b06fa9f7318474a26bd06.php 第 75 行.
NOTIC: [8] Undefined index: ad_track_link E:\kejin\jonza\Static\Runtime\Cache\Ad\fbf36b05120b06fa9f7318474a26bd06.php 第 75 行.
INFO: Run Behavior\ParseTemplateBehavior [ RunTime:0.012727s ]
INFO: [ view_parse ] --END-- [ RunTime:0.012760s ]
INFO: [ view_filter ] --START--
INFO: Run Behavior\WriteHtmlCacheBehavior [ RunTime:0.000429s ]
INFO: Run Library\Behavior\EmptyImageBehavior [ RunTime:0.000910s ]
INFO: [ view_filter ] --END-- [ RunTime:0.001380s ]
INFO: [ app_end ] --START--
INFO: Run Behavior\ShowPageTraceBehavior [ RunTime:0.000548s ]
INFO: [ app_end ] --END-- [ RunTime:0.000573s ]

[ 2018-11-23T16:46:57+08:00 ] ::1 /jonza/index.php/Ad/Advertisement/add.shtml
INFO: [ app_begin ] --START--
INFO: Run Behavior\ReadHtmlCacheBehavior [ RunTime:0.001093s ]
INFO: [ app_begin ] --END-- [ RunTime:0.002029s ]
NOTIC: [8192] mysql_connect(): The mysql extension is deprecated and will be removed in the future: use mysqli or PDO instead E:\kejin\jonza\Library\Think\Library\Think\Session\Driver\Db.class.php 第 95 行.
SQL: SHOW COLUMNS FROM `wx_ad` [ RunTime:0.0094s ]
SQL: SHOW COLUMNS FROM `wx_ad_type` [ RunTime:0.0093s ]
SQL: SELECT `type_id`,`type_name` FROM `wx_ad_type` WHERE `status` = 2  [ RunTime:0.0086s ]
SQL: SHOW COLUMNS FROM `wx_advertiser` [ RunTime:0.0091s ]
SQL: SELECT `advertiser_id`,`name` FROM `wx_advertiser`  [ RunTime:0.0081s ]
SQL: SHOW COLUMNS FROM `wx_sys_user` [ RunTime:0.0095s ]
SQL: SELECT `id`,`name` FROM `wx_sys_user` WHERE `status` = 2 AND `role` = 22  [ RunTime:0.0083s ]
INFO: [ view_parse ] --START--
INFO: [ template_filter ] --START--
INFO: Run Behavior\ContentReplaceBehavior [ RunTime:0.000118s ]
INFO: [ template_filter ] --END-- [ RunTime:0.000162s ]
NOTIC: [8] Undefined index: type E:\kejin\jonza\Static\Runtime\Cache\Ad\028c71345f2053a742033cb1facc221e.php 第 17 行.
NOTIC: [8] Undefined index: type E:\kejin\jonza\Static\Runtime\Cache\Ad\028c71345f2053a742033cb1facc221e.php 第 18 行.
NOTIC: [8] Undefined index: advertiser_id E:\kejin\jonza\Static\Runtime\Cache\Ad\028c71345f2053a742033cb1facc221e.php 第 27 行.
NOTIC: [8] Undefined index: advertiser_id E:\kejin\jonza\Static\Runtime\Cache\Ad\028c71345f2053a742033cb1facc221e.php 第 27 行.
NOTIC: [8] Undefined index: advertiser_id E:\kejin\jonza\Static\Runtime\Cache\Ad\028c71345f2053a742033cb1facc221e.php 第 27 行.
NOTIC: [8] Undefined index: user_id E:\kejin\jonza\Static\Runtime\Cache\Ad\028c71345f2053a742033cb1facc221e.php 第 36 行.
NOTIC: [8] Undefined index: user_id E:\kejin\jonza\Static\Runtime\Cache\Ad\028c71345f2053a742033cb1facc221e.php 第 36 行.
NOTIC: [8] Undefined index: user_id E:\kejin\jonza\Static\Runtime\Cache\Ad\028c71345f2053a742033cb1facc221e.php 第 36 行.
NOTIC: [8] Undefined index: ad_name E:\kejin\jonza\Static\Runtime\Cache\Ad\028c71345f2053a742033cb1facc221e.php 第 44 行.
NOTIC: [8] Undefined index: ad_type_id E:\kejin\jonza\Static\Runtime\Cache\Ad\028c71345f2053a742033cb1facc221e.php 第 52 行.
NOTIC: [8] Undefined index: ad_type_id E:\kejin\jonza\Static\Runtime\Cache\Ad\028c71345f2053a742033cb1facc221e.php 第 52 行.
NOTIC: [8] Undefined index: ad_type_id E:\kejin\jonza\Static\Runtime\Cache\Ad\028c71345f2053a742033cb1facc221e.php 第 52 行.
NOTIC: [8] Undefined index: ad_type_id E:\kejin\jonza\Static\Runtime\Cache\Ad\028c71345f2053a742033cb1facc221e.php 第 52 行.
NOTIC: [8] Undefined index: ad_type_id E:\kejin\jonza\Static\Runtime\Cache\Ad\028c71345f2053a742033cb1facc221e.php 第 52 行.
NOTIC: [8] Undefined index: ad_type_id E:\kejin\jonza\Static\Runtime\Cache\Ad\028c71345f2053a742033cb1facc221e.php 第 52 行.
NOTIC: [8] Undefined index: ad_type_id E:\kejin\jonza\Static\Runtime\Cache\Ad\028c71345f2053a742033cb1facc221e.php 第 52 行.
NOTIC: [8] Undefined index: ad_type_id E:\kejin\jonza\Static\Runtime\Cache\Ad\028c71345f2053a742033cb1facc221e.php 第 52 行.
NOTIC: [8] Undefined index: ad_type_id E:\kejin\jonza\Static\Runtime\Cache\Ad\028c71345f2053a742033cb1facc221e.php 第 52 行.
NOTIC: [8] Undefined index: ad_type_id E:\kejin\jonza\Static\Runtime\Cache\Ad\028c71345f2053a742033cb1facc221e.php 第 52 行.
NOTIC: [8] Undefined index: ad_type_id E:\kejin\jonza\Static\Runtime\Cache\Ad\028c71345f2053a742033cb1facc221e.php 第 52 行.
NOTIC: [8] Undefined index: ad_type_id E:\kejin\jonza\Static\Runtime\Cache\Ad\028c71345f2053a742033cb1facc221e.php 第 52 行.
NOTIC: [8] Undefined index: ad_type_id E:\kejin\jonza\Static\Runtime\Cache\Ad\028c71345f2053a742033cb1facc221e.php 第 52 行.
NOTIC: [8] Undefined index: ad_type_id E:\kejin\jonza\Static\Runtime\Cache\Ad\028c71345f2053a742033cb1facc221e.php 第 52 行.
NOTIC: [8] Undefined index: ad_type_id E:\kejin\jonza\Static\Runtime\Cache\Ad\028c71345f2053a742033cb1facc221e.php 第 52 行.
NOTIC: [8] Undefined index: ad_type_id E:\kejin\jonza\Static\Runtime\Cache\Ad\028c71345f2053a742033cb1facc221e.php 第 52 行.
NOTIC: [8] Undefined index: ad_type_id E:\kejin\jonza\Static\Runtime\Cache\Ad\028c71345f2053a742033cb1facc221e.php 第 52 行.
NOTIC: [8] Undefined index: system_type E:\kejin\jonza\Static\Runtime\Cache\Ad\028c71345f2053a742033cb1facc221e.php 第 61 行.
NOTIC: [8] Undefined index: system_type E:\kejin\jonza\Static\Runtime\Cache\Ad\028c71345f2053a742033cb1facc221e.php 第 62 行.
NOTIC: [8] Undefined index: end_time E:\kejin\jonza\Static\Runtime\Cache\Ad\028c71345f2053a742033cb1facc221e.php 第 70 行.
NOTIC: [8] Undefined index: end_time E:\kejin\jonza\Static\Runtime\Cache\Ad\028c71345f2053a742033cb1facc221e.php 第 75 行.
NOTIC: [8] Undefined index: status E:\kejin\jonza\Static\Runtime\Cache\Ad\028c71345f2053a742033cb1facc221e.php 第 86 行.
NOTIC: [8] Undefined index: status E:\kejin\jonza\Static\Runtime\Cache\Ad\028c71345f2053a742033cb1facc221e.php 第 87 行.
NOTIC: [8] Undefined index: apply_switch E:\kejin\jonza\Static\Runtime\Cache\Ad\028c71345f2053a742033cb1facc221e.php 第 96 行.
NOTIC: [8] Undefined index: apply_switch E:\kejin\jonza\Static\Runtime\Cache\Ad\028c71345f2053a742033cb1facc221e.php 第 97 行.
NOTIC: [8] Undefined index: currency_type E:\kejin\jonza\Static\Runtime\Cache\Ad\028c71345f2053a742033cb1facc221e.php 第 106 行.
NOTIC: [8] Undefined index: currency_type E:\kejin\jonza\Static\Runtime\Cache\Ad\028c71345f2053a742033cb1facc221e.php 第 107 行.
NOTIC: [8] Undefined index: settlement_type E:\kejin\jonza\Static\Runtime\Cache\Ad\028c71345f2053a742033cb1facc221e.php 第 117 行.
NOTIC: [8] Undefined index: settlement_type E:\kejin\jonza\Static\Runtime\Cache\Ad\028c71345f2053a742033cb1facc221e.php 第 118 行.
NOTIC: [8] Undefined index: settlement_type E:\kejin\jonza\Static\Runtime\Cache\Ad\028c71345f2053a742033cb1facc221e.php 第 119 行.
NOTIC: [8] Undefined index: settlement_type E:\kejin\jonza\Static\Runtime\Cache\Ad\028c71345f2053a742033cb1facc221e.php 第 120 行.
NOTIC: [8] Undefined index: settlement_type E:\kejin\jonza\Static\Runtime\Cache\Ad\028c71345f2053a742033cb1facc221e.php 第 121 行.
NOTIC: [8] Undefined index: settlement_type E:\kejin\jonza\Static\Runtime\Cache\Ad\028c71345f2053a742033cb1facc221e.php 第 122 行.
NOTIC: [8] Undefined index: browse_link E:\kejin\jonza\Static\Runtime\Cache\Ad\028c71345f2053a742033cb1facc221e.php 第 144 行.
NOTIC: [8] Undefined index: ad_track_link E:\kejin\jonza\Static\Runtime\Cache\Ad\028c71345f2053a742033cb1facc221e.php 第 151 行.
NOTIC: [8] Undefined index: ad_track_link E:\kejin\jonza\Static\Runtime\Cache\Ad\028c71345f2053a742033cb1facc221e.php 第 210 行.
NOTIC: [8] Undefined index: ad_track_link E:\kejin\jonza\Static\Runtime\Cache\Ad\028c71345f2053a742033cb1facc221e.php 第 210 行.
NOTIC: [8] Undefined index: description E:\kejin\jonza\Static\Runtime\Cache\Ad\028c71345f2053a742033cb1facc221e.php 第 217 行.
INFO: Run Behavior\ParseTemplateBehavior [ RunTime:0.019625s ]
INFO: [ view_parse ] --END-- [ RunTime:0.019685s ]
INFO: [ view_filter ] --START--
INFO: Run Behavior\WriteHtmlCacheBehavior [ RunTime:0.000454s ]
INFO: Run Library\Behavior\EmptyImageBehavior [ RunTime:0.000883s ]
INFO: [ view_filter ] --END-- [ RunTime:0.001379s ]
INFO: [ app_end ] --START--
INFO: Run Behavior\ShowPageTraceBehavior [ RunTime:0.000672s ]
INFO: [ app_end ] --END-- [ RunTime:0.000724s ]

[ 2018-11-23T16:47:05+08:00 ] ::1 /jonza/index.php/Ad/Postback/add.shtml
INFO: [ app_begin ] --START--
INFO: Run Behavior\ReadHtmlCacheBehavior [ RunTime:0.000574s ]
INFO: [ app_begin ] --END-- [ RunTime:0.001041s ]
NOTIC: [8192] mysql_connect(): The mysql extension is deprecated and will be removed in the future: use mysqli or PDO instead E:\kejin\jonza\Library\Think\Library\Think\Session\Driver\Db.class.php 第 95 行.
SQL: SHOW COLUMNS FROM `wx_post_back` [ RunTime:0.0083s ]
INFO: [ view_parse ] --START--
INFO: [ template_filter ] --START--
INFO: Run Behavior\ContentReplaceBehavior [ RunTime:0.000059s ]
INFO: [ template_filter ] --END-- [ RunTime:0.000088s ]
NOTIC: [8] Undefined variable: advList E:\kejin\jonza\Static\Runtime\Cache\Ad\fbf36b05120b06fa9f7318474a26bd06.php 第 17 行.
NOTIC: [8] Undefined index: type E:\kejin\jonza\Static\Runtime\Cache\Ad\fbf36b05120b06fa9f7318474a26bd06.php 第 26 行.
NOTIC: [8] Undefined index: type E:\kejin\jonza\Static\Runtime\Cache\Ad\fbf36b05120b06fa9f7318474a26bd06.php 第 27 行.
NOTIC: [8] Undefined index: type E:\kejin\jonza\Static\Runtime\Cache\Ad\fbf36b05120b06fa9f7318474a26bd06.php 第 28 行.
NOTIC: [8] Undefined variable: userList E:\kejin\jonza\Static\Runtime\Cache\Ad\fbf36b05120b06fa9f7318474a26bd06.php 第 37 行.
NOTIC: [8] Undefined variable: userList E:\kejin\jonza\Static\Runtime\Cache\Ad\fbf36b05120b06fa9f7318474a26bd06.php 第 46 行.
NOTIC: [8] Undefined variable: userList E:\kejin\jonza\Static\Runtime\Cache\Ad\fbf36b05120b06fa9f7318474a26bd06.php 第 55 行.
NOTIC: [8] Undefined index: status E:\kejin\jonza\Static\Runtime\Cache\Ad\fbf36b05120b06fa9f7318474a26bd06.php 第 66 行.
NOTIC: [8] Undefined index: status E:\kejin\jonza\Static\Runtime\Cache\Ad\fbf36b05120b06fa9f7318474a26bd06.php 第 67 行.
NOTIC: [8] Undefined index: ad_track_link E:\kejin\jonza\Static\Runtime\Cache\Ad\fbf36b05120b06fa9f7318474a26bd06.php 第 75 行.
NOTIC: [8] Undefined index: ad_track_link E:\kejin\jonza\Static\Runtime\Cache\Ad\fbf36b05120b06fa9f7318474a26bd06.php 第 75 行.
INFO: Run Behavior\ParseTemplateBehavior [ RunTime:0.010132s ]
INFO: [ view_parse ] --END-- [ RunTime:0.010162s ]
INFO: [ view_filter ] --START--
INFO: Run Behavior\WriteHtmlCacheBehavior [ RunTime:0.000439s ]
INFO: Run Library\Behavior\EmptyImageBehavior [ RunTime:0.000847s ]
INFO: [ view_filter ] --END-- [ RunTime:0.001325s ]
INFO: [ app_end ] --START--
INFO: Run Behavior\ShowPageTraceBehavior [ RunTime:0.000553s ]
INFO: [ app_end ] --END-- [ RunTime:0.000578s ]

[ 2018-11-23T16:52:00+08:00 ] ::1 /jonza/index.php/Ad/Postback/add.shtml
INFO: [ app_begin ] --START--
INFO: Run Behavior\ReadHtmlCacheBehavior [ RunTime:0.000682s ]
INFO: [ app_begin ] --END-- [ RunTime:0.001410s ]
NOTIC: [8192] mysql_connect(): The mysql extension is deprecated and will be removed in the future: use mysqli or PDO instead E:\kejin\jonza\Library\Think\Library\Think\Session\Driver\Db.class.php 第 95 行.
SQL: SHOW COLUMNS FROM `wx_post_back` [ RunTime:0.0098s ]
SQL: SHOW COLUMNS FROM `wx_ad` [ RunTime:0.0090s ]
SQL: SELECT `ad_id`,`ad_name` FROM `wx_ad` WHERE `status` = 2 AND `ad_status` = 1  [ RunTime:0.0089s ]
SQL: SHOW COLUMNS FROM `wx_channel` [ RunTime:0.0093s ]
SQL: SELECT `channel_id`,name as channel_name FROM `wx_channel`  [ RunTime:0.0084s ]
INFO: [ view_parse ] --START--
INFO: [ template_filter ] --START--
INFO: Run Behavior\ContentReplaceBehavior [ RunTime:0.000058s ]
INFO: [ template_filter ] --END-- [ RunTime:0.000088s ]
NOTIC: [8] Undefined index: channel_id E:\kejin\jonza\Static\Runtime\Cache\Ad\fbf36b05120b06fa9f7318474a26bd06.php 第 17 行.
NOTIC: [8] Undefined index: channel_name E:\kejin\jonza\Static\Runtime\Cache\Ad\fbf36b05120b06fa9f7318474a26bd06.php 第 17 行.
NOTIC: [8] Undefined index: channel_id E:\kejin\jonza\Static\Runtime\Cache\Ad\fbf36b05120b06fa9f7318474a26bd06.php 第 17 行.
NOTIC: [8] Undefined index: channel_id E:\kejin\jonza\Static\Runtime\Cache\Ad\fbf36b05120b06fa9f7318474a26bd06.php 第 17 行.
NOTIC: [8] Undefined index: channel_id E:\kejin\jonza\Static\Runtime\Cache\Ad\fbf36b05120b06fa9f7318474a26bd06.php 第 17 行.
NOTIC: [8] Undefined index: type E:\kejin\jonza\Static\Runtime\Cache\Ad\fbf36b05120b06fa9f7318474a26bd06.php 第 26 行.
NOTIC: [8] Undefined index: type E:\kejin\jonza\Static\Runtime\Cache\Ad\fbf36b05120b06fa9f7318474a26bd06.php 第 27 行.
NOTIC: [8] Undefined index: type E:\kejin\jonza\Static\Runtime\Cache\Ad\fbf36b05120b06fa9f7318474a26bd06.php 第 28 行.
NOTIC: [8] Undefined index: ad_id E:\kejin\jonza\Static\Runtime\Cache\Ad\fbf36b05120b06fa9f7318474a26bd06.php 第 37 行.
NOTIC: [8] Undefined index: ad_id E:\kejin\jonza\Static\Runtime\Cache\Ad\fbf36b05120b06fa9f7318474a26bd06.php 第 37 行.
NOTIC: [8] Undefined index: ad_id E:\kejin\jonza\Static\Runtime\Cache\Ad\fbf36b05120b06fa9f7318474a26bd06.php 第 37 行.
NOTIC: [8] Undefined variable: userList E:\kejin\jonza\Static\Runtime\Cache\Ad\fbf36b05120b06fa9f7318474a26bd06.php 第 46 行.
NOTIC: [8] Undefined variable: userList E:\kejin\jonza\Static\Runtime\Cache\Ad\fbf36b05120b06fa9f7318474a26bd06.php 第 55 行.
NOTIC: [8] Undefined index: status E:\kejin\jonza\Static\Runtime\Cache\Ad\fbf36b05120b06fa9f7318474a26bd06.php 第 66 行.
NOTIC: [8] Undefined index: status E:\kejin\jonza\Static\Runtime\Cache\Ad\fbf36b05120b06fa9f7318474a26bd06.php 第 67 行.
NOTIC: [8] Undefined index: ad_track_link E:\kejin\jonza\Static\Runtime\Cache\Ad\fbf36b05120b06fa9f7318474a26bd06.php 第 75 行.
NOTIC: [8] Undefined index: ad_track_link E:\kejin\jonza\Static\Runtime\Cache\Ad\fbf36b05120b06fa9f7318474a26bd06.php 第 75 行.
INFO: Run Behavior\ParseTemplateBehavior [ RunTime:0.012541s ]
INFO: [ view_parse ] --END-- [ RunTime:0.012591s ]
INFO: [ view_filter ] --START--
INFO: Run Behavior\WriteHtmlCacheBehavior [ RunTime:0.000428s ]
INFO: Run Library\Behavior\EmptyImageBehavior [ RunTime:0.000899s ]
INFO: [ view_filter ] --END-- [ RunTime:0.001366s ]
INFO: [ app_end ] --START--
INFO: Run Behavior\ShowPageTraceBehavior [ RunTime:0.000556s ]
INFO: [ app_end ] --END-- [ RunTime:0.000580s ]

[ 2018-11-23T16:52:14+08:00 ] ::1 /jonza/index.php/Ad/Postback/add.shtml
INFO: [ app_begin ] --START--
INFO: Run Behavior\ReadHtmlCacheBehavior [ RunTime:0.000532s ]
INFO: [ app_begin ] --END-- [ RunTime:0.001004s ]
NOTIC: [8192] mysql_connect(): The mysql extension is deprecated and will be removed in the future: use mysqli or PDO instead E:\kejin\jonza\Library\Think\Library\Think\Session\Driver\Db.class.php 第 95 行.
SQL: SHOW COLUMNS FROM `wx_post_back` [ RunTime:0.0093s ]
SQL: SHOW COLUMNS FROM `wx_ad` [ RunTime:0.0086s ]
SQL: SELECT `ad_id`,`ad_name` FROM `wx_ad` WHERE `status` = 2 AND `ad_status` = 1  [ RunTime:0.0076s ]
SQL: SHOW COLUMNS FROM `wx_channel` [ RunTime:0.0079s ]
SQL: SELECT `channel_id`,name as channel_name FROM `wx_channel`  [ RunTime:0.0074s ]
INFO: [ view_parse ] --START--
INFO: [ template_filter ] --START--
INFO: Run Behavior\ContentReplaceBehavior [ RunTime:0.000090s ]
INFO: [ template_filter ] --END-- [ RunTime:0.000133s ]
NOTIC: [8] Undefined index: channel_id E:\kejin\jonza\Static\Runtime\Cache\Ad\fbf36b05120b06fa9f7318474a26bd06.php 第 17 行.
NOTIC: [8] Undefined index: channel_id E:\kejin\jonza\Static\Runtime\Cache\Ad\fbf36b05120b06fa9f7318474a26bd06.php 第 17 行.
NOTIC: [8] Undefined index: channel_id E:\kejin\jonza\Static\Runtime\Cache\Ad\fbf36b05120b06fa9f7318474a26bd06.php 第 17 行.
NOTIC: [8] Undefined index: channel_id E:\kejin\jonza\Static\Runtime\Cache\Ad\fbf36b05120b06fa9f7318474a26bd06.php 第 17 行.
NOTIC: [8] Undefined index: type E:\kejin\jonza\Static\Runtime\Cache\Ad\fbf36b05120b06fa9f7318474a26bd06.php 第 26 行.
NOTIC: [8] Undefined index: type E:\kejin\jonza\Static\Runtime\Cache\Ad\fbf36b05120b06fa9f7318474a26bd06.php 第 27 行.
NOTIC: [8] Undefined index: type E:\kejin\jonza\Static\Runtime\Cache\Ad\fbf36b05120b06fa9f7318474a26bd06.php 第 28 行.
NOTIC: [8] Undefined index: ad_id E:\kejin\jonza\Static\Runtime\Cache\Ad\fbf36b05120b06fa9f7318474a26bd06.php 第 37 行.
NOTIC: [8] Undefined index: ad_id E:\kejin\jonza\Static\Runtime\Cache\Ad\fbf36b05120b06fa9f7318474a26bd06.php 第 37 行.
NOTIC: [8] Undefined index: ad_id E:\kejin\jonza\Static\Runtime\Cache\Ad\fbf36b05120b06fa9f7318474a26bd06.php 第 37 行.
NOTIC: [8] Undefined variable: userList E:\kejin\jonza\Static\Runtime\Cache\Ad\fbf36b05120b06fa9f7318474a26bd06.php 第 46 行.
NOTIC: [8] Undefined variable: userList E:\kejin\jonza\Static\Runtime\Cache\Ad\fbf36b05120b06fa9f7318474a26bd06.php 第 55 行.
NOTIC: [8] Undefined index: status E:\kejin\jonza\Static\Runtime\Cache\Ad\fbf36b05120b06fa9f7318474a26bd06.php 第 66 行.
NOTIC: [8] Undefined index: status E:\kejin\jonza\Static\Runtime\Cache\Ad\fbf36b05120b06fa9f7318474a26bd06.php 第 67 行.
NOTIC: [8] Undefined index: ad_track_link E:\kejin\jonza\Static\Runtime\Cache\Ad\fbf36b05120b06fa9f7318474a26bd06.php 第 75 行.
NOTIC: [8] Undefined index: ad_track_link E:\kejin\jonza\Static\Runtime\Cache\Ad\fbf36b05120b06fa9f7318474a26bd06.php 第 75 行.
INFO: Run Behavior\ParseTemplateBehavior [ RunTime:0.018709s ]
INFO: [ view_parse ] --END-- [ RunTime:0.018761s ]
INFO: [ view_filter ] --START--
INFO: Run Behavior\WriteHtmlCacheBehavior [ RunTime:0.000643s ]
INFO: Run Library\Behavior\EmptyImageBehavior [ RunTime:0.001254s ]
INFO: [ view_filter ] --END-- [ RunTime:0.001970s ]
INFO: [ app_end ] --START--
INFO: Run Behavior\ShowPageTraceBehavior [ RunTime:0.000830s ]
INFO: [ app_end ] --END-- [ RunTime:0.000868s ]

