[ 2019-01-03T22:22:39+08:00 ] 116.22.132.128 /jonza/index.php/Ad/Postback/add.shtml
INFO: [ app_begin ] --START--
INFO: Run Behavior\ReadHtmlCacheBehavior [ RunTime:0.000073s ]
INFO: [ app_begin ] --END-- [ RunTime:0.000113s ]
NOTIC: [8192] mysql_connect(): The mysql extension is deprecated and will be removed in the future: use mysqli or PDO instead /home/www/htdocs/jonza/Library/Think/Library/Think/Session/Driver/Db.class.php 第 95 行.
SQL: SHOW COLUMNS FROM `wx_post_back` [ RunTime:0.0021s ]
SQL: SHOW COLUMNS FROM `wx_ad` [ RunTime:0.0022s ]
SQL: SELECT `ad_id`,`ad_name` FROM `wx_ad` WHERE `status` = 2 AND `ad_status` = 1  [ RunTime:0.0019s ]
SQL: SHOW COLUMNS FROM `wx_channel` [ RunTime:0.0021s ]
SQL: SELECT `channel_id`,name as channel_name FROM `wx_channel`  [ RunTime:0.0019s ]
INFO: [ view_parse ] --START--
INFO: [ template_filter ] --START--
INFO: Run Behavior\ContentReplaceBehavior [ RunTime:0.000058s ]
INFO: [ template_filter ] --END-- [ RunTime:0.000085s ]
NOTIC: [8] Undefined index: channel_id /home/www/htdocs/jonza/Static/Runtime/Cache/Ad/6ac6e3d7cdc0b09c194a59348941a829.php 第 17 行.
NOTIC: [8] Undefined index: channel_id /home/www/htdocs/jonza/Static/Runtime/Cache/Ad/6ac6e3d7cdc0b09c194a59348941a829.php 第 17 行.
NOTIC: [8] Undefined index: channel_id /home/www/htdocs/jonza/Static/Runtime/Cache/Ad/6ac6e3d7cdc0b09c194a59348941a829.php 第 17 行.
NOTIC: [8] Undefined index: channel_id /home/www/htdocs/jonza/Static/Runtime/Cache/Ad/6ac6e3d7cdc0b09c194a59348941a829.php 第 17 行.
NOTIC: [8] Undefined index: type /home/www/htdocs/jonza/Static/Runtime/Cache/Ad/6ac6e3d7cdc0b09c194a59348941a829.php 第 26 行.
NOTIC: [8] Undefined index: type /home/www/htdocs/jonza/Static/Runtime/Cache/Ad/6ac6e3d7cdc0b09c194a59348941a829.php 第 27 行.
NOTIC: [8] Undefined index: type /home/www/htdocs/jonza/Static/Runtime/Cache/Ad/6ac6e3d7cdc0b09c194a59348941a829.php 第 28 行.
NOTIC: [8] Undefined index: ad_id /home/www/htdocs/jonza/Static/Runtime/Cache/Ad/6ac6e3d7cdc0b09c194a59348941a829.php 第 37 行.
NOTIC: [8] Undefined index: ad_id /home/www/htdocs/jonza/Static/Runtime/Cache/Ad/6ac6e3d7cdc0b09c194a59348941a829.php 第 37 行.
NOTIC: [8] Undefined index: ad_id /home/www/htdocs/jonza/Static/Runtime/Cache/Ad/6ac6e3d7cdc0b09c194a59348941a829.php 第 37 行.
NOTIC: [8] Undefined variable: userList /home/www/htdocs/jonza/Static/Runtime/Cache/Ad/6ac6e3d7cdc0b09c194a59348941a829.php 第 46 行.
NOTIC: [8] Undefined variable: userList /home/www/htdocs/jonza/Static/Runtime/Cache/Ad/6ac6e3d7cdc0b09c194a59348941a829.php 第 57 行.
NOTIC: [8] Undefined index: status /home/www/htdocs/jonza/Static/Runtime/Cache/Ad/6ac6e3d7cdc0b09c194a59348941a829.php 第 70 行.
NOTIC: [8] Undefined index: status /home/www/htdocs/jonza/Static/Runtime/Cache/Ad/6ac6e3d7cdc0b09c194a59348941a829.php 第 71 行.
NOTIC: [8] Undefined index: code /home/www/htdocs/jonza/Static/Runtime/Cache/Ad/6ac6e3d7cdc0b09c194a59348941a829.php 第 79 行.
NOTIC: [8] Undefined index: code /home/www/htdocs/jonza/Static/Runtime/Cache/Ad/6ac6e3d7cdc0b09c194a59348941a829.php 第 79 行.
INFO: Run Behavior\ParseTemplateBehavior [ RunTime:0.007274s ]
INFO: [ view_parse ] --END-- [ RunTime:0.007300s ]
INFO: [ view_filter ] --START--
INFO: Run Behavior\WriteHtmlCacheBehavior [ RunTime:0.000099s ]
INFO: Run Library\Behavior\EmptyImageBehavior [ RunTime:0.000188s ]
INFO: [ view_filter ] --END-- [ RunTime:0.000344s ]
INFO: [ app_end ] --START--
INFO: Run Behavior\ShowPageTraceBehavior [ RunTime:0.000069s ]
INFO: [ app_end ] --END-- [ RunTime:0.000089s ]

[ 2019-01-03T22:23:15+08:00 ] 116.22.132.128 /jonza/index.php/Ad/Postback/edit/id/4.shtml
INFO: [ app_begin ] --START--
INFO: Run Behavior\ReadHtmlCacheBehavior [ RunTime:0.000074s ]
INFO: [ app_begin ] --END-- [ RunTime:0.000113s ]
NOTIC: [8192] mysql_connect(): The mysql extension is deprecated and will be removed in the future: use mysqli or PDO instead /home/www/htdocs/jonza/Library/Think/Library/Think/Session/Driver/Db.class.php 第 95 行.
SQL: SHOW COLUMNS FROM `wx_post_back` [ RunTime:0.0024s ]
SQL: SELECT * FROM `wx_post_back` WHERE `click_id` = 4 LIMIT 1   [ RunTime:0.0021s ]
SQL: SHOW COLUMNS FROM `wx_ad` [ RunTime:0.0025s ]
SQL: SELECT `ad_id`,`ad_name` FROM `wx_ad` WHERE `status` = 2 AND `ad_status` = 1  [ RunTime:0.0021s ]
SQL: SHOW COLUMNS FROM `wx_channel` [ RunTime:0.0024s ]
SQL: SELECT `channel_id`,name as channel_name FROM `wx_channel`  [ RunTime:0.0021s ]
INFO: [ view_parse ] --START--
INFO: [ template_filter ] --START--
INFO: Run Behavior\ContentReplaceBehavior [ RunTime:0.000054s ]
INFO: [ template_filter ] --END-- [ RunTime:0.000081s ]
NOTIC: [8] Undefined index: type /home/www/htdocs/jonza/Static/Runtime/Cache/Ad/6ac6e3d7cdc0b09c194a59348941a829.php 第 26 行.
NOTIC: [8] Undefined index: type /home/www/htdocs/jonza/Static/Runtime/Cache/Ad/6ac6e3d7cdc0b09c194a59348941a829.php 第 27 行.
NOTIC: [8] Undefined index: type /home/www/htdocs/jonza/Static/Runtime/Cache/Ad/6ac6e3d7cdc0b09c194a59348941a829.php 第 28 行.
NOTIC: [8] Undefined variable: userList /home/www/htdocs/jonza/Static/Runtime/Cache/Ad/6ac6e3d7cdc0b09c194a59348941a829.php 第 46 行.
NOTIC: [8] Undefined variable: userList /home/www/htdocs/jonza/Static/Runtime/Cache/Ad/6ac6e3d7cdc0b09c194a59348941a829.php 第 57 行.
INFO: Run Behavior\ParseTemplateBehavior [ RunTime:0.007292s ]
INFO: [ view_parse ] --END-- [ RunTime:0.007319s ]
INFO: [ view_filter ] --START--
INFO: Run Behavior\WriteHtmlCacheBehavior [ RunTime:0.000069s ]
INFO: Run Library\Behavior\EmptyImageBehavior [ RunTime:0.000207s ]
INFO: [ view_filter ] --END-- [ RunTime:0.000307s ]
INFO: [ app_end ] --START--
INFO: Run Behavior\ShowPageTraceBehavior [ RunTime:0.000068s ]
INFO: [ app_end ] --END-- [ RunTime:0.000087s ]

[ 2019-01-03T22:35:55+08:00 ] 116.22.132.128 /jonza/index.php/Ad/Postback/edit/id/4.shtml
INFO: [ app_begin ] --START--
INFO: Run Behavior\ReadHtmlCacheBehavior [ RunTime:0.000086s ]
INFO: [ app_begin ] --END-- [ RunTime:0.000131s ]
NOTIC: [8192] mysql_connect(): The mysql extension is deprecated and will be removed in the future: use mysqli or PDO instead /home/www/htdocs/jonza/Library/Think/Library/Think/Session/Driver/Db.class.php 第 95 行.
SQL: SHOW COLUMNS FROM `wx_post_back` [ RunTime:0.0025s ]
SQL: SELECT * FROM `wx_post_back` WHERE `click_id` = 4 LIMIT 1   [ RunTime:0.0023s ]
SQL: SHOW COLUMNS FROM `wx_ad` [ RunTime:0.0026s ]
SQL: SELECT `ad_id`,`ad_name` FROM `wx_ad` WHERE `status` = 2 AND `ad_status` = 1  [ RunTime:0.0022s ]
SQL: SHOW COLUMNS FROM `wx_channel` [ RunTime:0.0025s ]
SQL: SELECT `channel_id`,name as channel_name FROM `wx_channel`  [ RunTime:0.0022s ]
INFO: [ view_parse ] --START--
INFO: [ template_filter ] --START--
INFO: Run Behavior\ContentReplaceBehavior [ RunTime:0.000056s ]
INFO: [ template_filter ] --END-- [ RunTime:0.000083s ]
NOTIC: [8] Undefined index: type /home/www/htdocs/jonza/Static/Runtime/Cache/Ad/6ac6e3d7cdc0b09c194a59348941a829.php 第 26 行.
NOTIC: [8] Undefined index: type /home/www/htdocs/jonza/Static/Runtime/Cache/Ad/6ac6e3d7cdc0b09c194a59348941a829.php 第 27 行.
NOTIC: [8] Undefined index: type /home/www/htdocs/jonza/Static/Runtime/Cache/Ad/6ac6e3d7cdc0b09c194a59348941a829.php 第 28 行.
NOTIC: [8] Undefined variable: userList /home/www/htdocs/jonza/Static/Runtime/Cache/Ad/6ac6e3d7cdc0b09c194a59348941a829.php 第 46 行.
NOTIC: [8] Undefined variable: userList /home/www/htdocs/jonza/Static/Runtime/Cache/Ad/6ac6e3d7cdc0b09c194a59348941a829.php 第 57 行.
INFO: Run Behavior\ParseTemplateBehavior [ RunTime:0.007370s ]
INFO: [ view_parse ] --END-- [ RunTime:0.007397s ]
INFO: [ view_filter ] --START--
INFO: Run Behavior\WriteHtmlCacheBehavior [ RunTime:0.000078s ]
INFO: Run Library\Behavior\EmptyImageBehavior [ RunTime:0.000194s ]
INFO: [ view_filter ] --END-- [ RunTime:0.000302s ]
INFO: [ app_end ] --START--
INFO: Run Behavior\ShowPageTraceBehavior [ RunTime:0.000075s ]
INFO: [ app_end ] --END-- [ RunTime:0.000094s ]

[ 2019-01-03T22:41:24+08:00 ] 116.22.132.128 /jonza/index.php/Ad/Postback/add.shtml
INFO: [ app_begin ] --START--
INFO: Run Behavior\ReadHtmlCacheBehavior [ RunTime:0.000078s ]
INFO: [ app_begin ] --END-- [ RunTime:0.000137s ]
NOTIC: [8192] mysql_connect(): The mysql extension is deprecated and will be removed in the future: use mysqli or PDO instead /home/www/htdocs/jonza/Library/Think/Library/Think/Session/Driver/Db.class.php 第 95 行.
SQL: SHOW COLUMNS FROM `wx_post_back` [ RunTime:0.0021s ]
SQL: SHOW COLUMNS FROM `wx_ad` [ RunTime:0.0021s ]
SQL: SELECT `ad_id`,`ad_name` FROM `wx_ad` WHERE `status` = 2 AND `ad_status` = 1  [ RunTime:0.0018s ]
SQL: SHOW COLUMNS FROM `wx_channel` [ RunTime:0.0021s ]
SQL: SELECT `channel_id`,name as channel_name FROM `wx_channel`  [ RunTime:0.0018s ]
INFO: [ view_parse ] --START--
INFO: [ template_filter ] --START--
INFO: Run Behavior\ContentReplaceBehavior [ RunTime:0.000056s ]
INFO: [ template_filter ] --END-- [ RunTime:0.000081s ]
NOTIC: [8] Undefined index: channel_id /home/www/htdocs/jonza/Static/Runtime/Cache/Ad/6ac6e3d7cdc0b09c194a59348941a829.php 第 17 行.
NOTIC: [8] Undefined index: channel_id /home/www/htdocs/jonza/Static/Runtime/Cache/Ad/6ac6e3d7cdc0b09c194a59348941a829.php 第 17 行.
NOTIC: [8] Undefined index: channel_id /home/www/htdocs/jonza/Static/Runtime/Cache/Ad/6ac6e3d7cdc0b09c194a59348941a829.php 第 17 行.
NOTIC: [8] Undefined index: channel_id /home/www/htdocs/jonza/Static/Runtime/Cache/Ad/6ac6e3d7cdc0b09c194a59348941a829.php 第 17 行.
NOTIC: [8] Undefined index: type /home/www/htdocs/jonza/Static/Runtime/Cache/Ad/6ac6e3d7cdc0b09c194a59348941a829.php 第 26 行.
NOTIC: [8] Undefined index: type /home/www/htdocs/jonza/Static/Runtime/Cache/Ad/6ac6e3d7cdc0b09c194a59348941a829.php 第 27 行.
NOTIC: [8] Undefined index: type /home/www/htdocs/jonza/Static/Runtime/Cache/Ad/6ac6e3d7cdc0b09c194a59348941a829.php 第 28 行.
NOTIC: [8] Undefined index: ad_id /home/www/htdocs/jonza/Static/Runtime/Cache/Ad/6ac6e3d7cdc0b09c194a59348941a829.php 第 37 行.
NOTIC: [8] Undefined index: ad_id /home/www/htdocs/jonza/Static/Runtime/Cache/Ad/6ac6e3d7cdc0b09c194a59348941a829.php 第 37 行.
NOTIC: [8] Undefined index: ad_id /home/www/htdocs/jonza/Static/Runtime/Cache/Ad/6ac6e3d7cdc0b09c194a59348941a829.php 第 37 行.
NOTIC: [8] Undefined variable: userList /home/www/htdocs/jonza/Static/Runtime/Cache/Ad/6ac6e3d7cdc0b09c194a59348941a829.php 第 46 行.
NOTIC: [8] Undefined variable: userList /home/www/htdocs/jonza/Static/Runtime/Cache/Ad/6ac6e3d7cdc0b09c194a59348941a829.php 第 57 行.
NOTIC: [8] Undefined index: status /home/www/htdocs/jonza/Static/Runtime/Cache/Ad/6ac6e3d7cdc0b09c194a59348941a829.php 第 70 行.
NOTIC: [8] Undefined index: status /home/www/htdocs/jonza/Static/Runtime/Cache/Ad/6ac6e3d7cdc0b09c194a59348941a829.php 第 71 行.
NOTIC: [8] Undefined index: code /home/www/htdocs/jonza/Static/Runtime/Cache/Ad/6ac6e3d7cdc0b09c194a59348941a829.php 第 79 行.
NOTIC: [8] Undefined index: code /home/www/htdocs/jonza/Static/Runtime/Cache/Ad/6ac6e3d7cdc0b09c194a59348941a829.php 第 79 行.
INFO: Run Behavior\ParseTemplateBehavior [ RunTime:0.007419s ]
INFO: [ view_parse ] --END-- [ RunTime:0.007444s ]
INFO: [ view_filter ] --START--
INFO: Run Behavior\WriteHtmlCacheBehavior [ RunTime:0.000077s ]
INFO: Run Library\Behavior\EmptyImageBehavior [ RunTime:0.000195s ]
INFO: [ view_filter ] --END-- [ RunTime:0.000302s ]
INFO: [ app_end ] --START--
INFO: Run Behavior\ShowPageTraceBehavior [ RunTime:0.000085s ]
INFO: [ app_end ] --END-- [ RunTime:0.000105s ]

[ 2019-01-03T22:42:49+08:00 ] 116.22.132.128 /jonza/index.php/Ad/Postback/edit/id/4.shtml
INFO: [ app_begin ] --START--
INFO: Run Behavior\ReadHtmlCacheBehavior [ RunTime:0.000078s ]
INFO: [ app_begin ] --END-- [ RunTime:0.000124s ]
NOTIC: [8192] mysql_connect(): The mysql extension is deprecated and will be removed in the future: use mysqli or PDO instead /home/www/htdocs/jonza/Library/Think/Library/Think/Session/Driver/Db.class.php 第 95 行.
SQL: SHOW COLUMNS FROM `wx_post_back` [ RunTime:0.0024s ]
SQL: SELECT * FROM `wx_post_back` WHERE `click_id` = 4 LIMIT 1   [ RunTime:0.0022s ]
SQL: SHOW COLUMNS FROM `wx_ad` [ RunTime:0.0024s ]
SQL: SELECT `ad_id`,`ad_name` FROM `wx_ad` WHERE `status` = 2 AND `ad_status` = 1  [ RunTime:0.0021s ]
SQL: SHOW COLUMNS FROM `wx_channel` [ RunTime:0.0023s ]
SQL: SELECT `channel_id`,name as channel_name FROM `wx_channel`  [ RunTime:0.0021s ]
INFO: [ view_parse ] --START--
INFO: [ template_filter ] --START--
INFO: Run Behavior\ContentReplaceBehavior [ RunTime:0.000059s ]
INFO: [ template_filter ] --END-- [ RunTime:0.000099s ]
NOTIC: [8] Undefined index: type /home/www/htdocs/jonza/Static/Runtime/Cache/Ad/6ac6e3d7cdc0b09c194a59348941a829.php 第 26 行.
NOTIC: [8] Undefined index: type /home/www/htdocs/jonza/Static/Runtime/Cache/Ad/6ac6e3d7cdc0b09c194a59348941a829.php 第 27 行.
NOTIC: [8] Undefined index: type /home/www/htdocs/jonza/Static/Runtime/Cache/Ad/6ac6e3d7cdc0b09c194a59348941a829.php 第 28 行.
NOTIC: [8] Undefined variable: userList /home/www/htdocs/jonza/Static/Runtime/Cache/Ad/6ac6e3d7cdc0b09c194a59348941a829.php 第 46 行.
NOTIC: [8] Undefined variable: userList /home/www/htdocs/jonza/Static/Runtime/Cache/Ad/6ac6e3d7cdc0b09c194a59348941a829.php 第 57 行.
INFO: Run Behavior\ParseTemplateBehavior [ RunTime:0.007331s ]
INFO: [ view_parse ] --END-- [ RunTime:0.007357s ]
INFO: [ view_filter ] --START--
INFO: Run Behavior\WriteHtmlCacheBehavior [ RunTime:0.000078s ]
INFO: Run Library\Behavior\EmptyImageBehavior [ RunTime:0.000238s ]
INFO: [ view_filter ] --END-- [ RunTime:0.000350s ]
INFO: [ app_end ] --START--
INFO: Run Behavior\ShowPageTraceBehavior [ RunTime:0.000092s ]
INFO: [ app_end ] --END-- [ RunTime:0.000115s ]

[ 2019-01-03T22:45:29+08:00 ] 116.22.132.128 /jonza/index.php/Ad/Advertisement/add.shtml
INFO: [ app_begin ] --START--
INFO: Run Behavior\ReadHtmlCacheBehavior [ RunTime:0.000068s ]
INFO: [ app_begin ] --END-- [ RunTime:0.000104s ]
NOTIC: [8192] mysql_connect(): The mysql extension is deprecated and will be removed in the future: use mysqli or PDO instead /home/www/htdocs/jonza/Library/Think/Library/Think/Session/Driver/Db.class.php 第 95 行.
SQL: SHOW COLUMNS FROM `wx_ad` [ RunTime:0.0020s ]
SQL: SHOW COLUMNS FROM `wx_ad_type` [ RunTime:0.0017s ]
SQL: SELECT `type_id`,`type_name` FROM `wx_ad_type` WHERE `status` = 2  [ RunTime:0.0016s ]
SQL: SHOW COLUMNS FROM `wx_advertiser` [ RunTime:0.0019s ]
SQL: SELECT `advertiser_id`,`name` FROM `wx_advertiser`  [ RunTime:0.0015s ]
SQL: SHOW COLUMNS FROM `wx_sys_user` [ RunTime:0.0018s ]
SQL: SELECT `id`,`name` FROM `wx_sys_user` WHERE `status` = 2 AND `role` = 22  [ RunTime:0.0016s ]
INFO: [ view_parse ] --START--
INFO: [ template_filter ] --START--
INFO: Run Behavior\ContentReplaceBehavior [ RunTime:0.000073s ]
INFO: [ template_filter ] --END-- [ RunTime:0.000101s ]
NOTIC: [8] Undefined index: type /home/www/htdocs/jonza/Static/Runtime/Cache/Ad/7b7962b613de179535acd8eff6702440.php 第 17 行.
NOTIC: [8] Undefined index: type /home/www/htdocs/jonza/Static/Runtime/Cache/Ad/7b7962b613de179535acd8eff6702440.php 第 18 行.
NOTIC: [8] Undefined index: advertiser_id /home/www/htdocs/jonza/Static/Runtime/Cache/Ad/7b7962b613de179535acd8eff6702440.php 第 27 行.
NOTIC: [8] Undefined index: advertiser_id /home/www/htdocs/jonza/Static/Runtime/Cache/Ad/7b7962b613de179535acd8eff6702440.php 第 27 行.
NOTIC: [8] Undefined index: advertiser_id /home/www/htdocs/jonza/Static/Runtime/Cache/Ad/7b7962b613de179535acd8eff6702440.php 第 27 行.
NOTIC: [8] Undefined index: user_id /home/www/htdocs/jonza/Static/Runtime/Cache/Ad/7b7962b613de179535acd8eff6702440.php 第 36 行.
NOTIC: [8] Undefined index: user_id /home/www/htdocs/jonza/Static/Runtime/Cache/Ad/7b7962b613de179535acd8eff6702440.php 第 36 行.
NOTIC: [8] Undefined index: user_id /home/www/htdocs/jonza/Static/Runtime/Cache/Ad/7b7962b613de179535acd8eff6702440.php 第 36 行.
NOTIC: [8] Undefined index: ad_name /home/www/htdocs/jonza/Static/Runtime/Cache/Ad/7b7962b613de179535acd8eff6702440.php 第 44 行.
NOTIC: [8] Undefined index: ad_type_id /home/www/htdocs/jonza/Static/Runtime/Cache/Ad/7b7962b613de179535acd8eff6702440.php 第 52 行.
NOTIC: [8] Undefined index: ad_type_id /home/www/htdocs/jonza/Static/Runtime/Cache/Ad/7b7962b613de179535acd8eff6702440.php 第 52 行.
NOTIC: [8] Undefined index: ad_type_id /home/www/htdocs/jonza/Static/Runtime/Cache/Ad/7b7962b613de179535acd8eff6702440.php 第 52 行.
NOTIC: [8] Undefined index: ad_type_id /home/www/htdocs/jonza/Static/Runtime/Cache/Ad/7b7962b613de179535acd8eff6702440.php 第 52 行.
NOTIC: [8] Undefined index: ad_type_id /home/www/htdocs/jonza/Static/Runtime/Cache/Ad/7b7962b613de179535acd8eff6702440.php 第 52 行.
NOTIC: [8] Undefined index: ad_type_id /home/www/htdocs/jonza/Static/Runtime/Cache/Ad/7b7962b613de179535acd8eff6702440.php 第 52 行.
NOTIC: [8] Undefined index: ad_type_id /home/www/htdocs/jonza/Static/Runtime/Cache/Ad/7b7962b613de179535acd8eff6702440.php 第 52 行.
NOTIC: [8] Undefined index: ad_type_id /home/www/htdocs/jonza/Static/Runtime/Cache/Ad/7b7962b613de179535acd8eff6702440.php 第 52 行.
NOTIC: [8] Undefined index: ad_type_id /home/www/htdocs/jonza/Static/Runtime/Cache/Ad/7b7962b613de179535acd8eff6702440.php 第 52 行.
NOTIC: [8] Undefined index: ad_type_id /home/www/htdocs/jonza/Static/Runtime/Cache/Ad/7b7962b613de179535acd8eff6702440.php 第 52 行.
NOTIC: [8] Undefined index: ad_type_id /home/www/htdocs/jonza/Static/Runtime/Cache/Ad/7b7962b613de179535acd8eff6702440.php 第 52 行.
NOTIC: [8] Undefined index: ad_type_id /home/www/htdocs/jonza/Static/Runtime/Cache/Ad/7b7962b613de179535acd8eff6702440.php 第 52 行.
NOTIC: [8] Undefined index: ad_type_id /home/www/htdocs/jonza/Static/Runtime/Cache/Ad/7b7962b613de179535acd8eff6702440.php 第 52 行.
NOTIC: [8] Undefined index: ad_type_id /home/www/htdocs/jonza/Static/Runtime/Cache/Ad/7b7962b613de179535acd8eff6702440.php 第 52 行.
NOTIC: [8] Undefined index: ad_type_id /home/www/htdocs/jonza/Static/Runtime/Cache/Ad/7b7962b613de179535acd8eff6702440.php 第 52 行.
NOTIC: [8] Undefined index: ad_type_id /home/www/htdocs/jonza/Static/Runtime/Cache/Ad/7b7962b613de179535acd8eff6702440.php 第 52 行.
NOTIC: [8] Undefined index: ad_type_id /home/www/htdocs/jonza/Static/Runtime/Cache/Ad/7b7962b613de179535acd8eff6702440.php 第 52 行.
NOTIC: [8] Undefined index: system_type /home/www/htdocs/jonza/Static/Runtime/Cache/Ad/7b7962b613de179535acd8eff6702440.php 第 61 行.
NOTIC: [8] Undefined index: system_type /home/www/htdocs/jonza/Static/Runtime/Cache/Ad/7b7962b613de179535acd8eff6702440.php 第 62 行.
NOTIC: [8] Undefined index: end_time /home/www/htdocs/jonza/Static/Runtime/Cache/Ad/7b7962b613de179535acd8eff6702440.php 第 70 行.
NOTIC: [8] Undefined index: end_time /home/www/htdocs/jonza/Static/Runtime/Cache/Ad/7b7962b613de179535acd8eff6702440.php 第 75 行.
NOTIC: [8] Undefined index: status /home/www/htdocs/jonza/Static/Runtime/Cache/Ad/7b7962b613de179535acd8eff6702440.php 第 86 行.
NOTIC: [8] Undefined index: status /home/www/htdocs/jonza/Static/Runtime/Cache/Ad/7b7962b613de179535acd8eff6702440.php 第 87 行.
NOTIC: [8] Undefined index: apply_switch /home/www/htdocs/jonza/Static/Runtime/Cache/Ad/7b7962b613de179535acd8eff6702440.php 第 96 行.
NOTIC: [8] Undefined index: apply_switch /home/www/htdocs/jonza/Static/Runtime/Cache/Ad/7b7962b613de179535acd8eff6702440.php 第 97 行.
NOTIC: [8] Undefined index: currency_type /home/www/htdocs/jonza/Static/Runtime/Cache/Ad/7b7962b613de179535acd8eff6702440.php 第 106 行.
NOTIC: [8] Undefined index: currency_type /home/www/htdocs/jonza/Static/Runtime/Cache/Ad/7b7962b613de179535acd8eff6702440.php 第 107 行.
NOTIC: [8] Undefined index: settlement_type /home/www/htdocs/jonza/Static/Runtime/Cache/Ad/7b7962b613de179535acd8eff6702440.php 第 117 行.
NOTIC: [8] Undefined index: settlement_type /home/www/htdocs/jonza/Static/Runtime/Cache/Ad/7b7962b613de179535acd8eff6702440.php 第 118 行.
NOTIC: [8] Undefined index: settlement_type /home/www/htdocs/jonza/Static/Runtime/Cache/Ad/7b7962b613de179535acd8eff6702440.php 第 119 行.
NOTIC: [8] Undefined index: settlement_type /home/www/htdocs/jonza/Static/Runtime/Cache/Ad/7b7962b613de179535acd8eff6702440.php 第 120 行.
NOTIC: [8] Undefined index: settlement_type /home/www/htdocs/jonza/Static/Runtime/Cache/Ad/7b7962b613de179535acd8eff6702440.php 第 121 行.
NOTIC: [8] Undefined index: settlement_type /home/www/htdocs/jonza/Static/Runtime/Cache/Ad/7b7962b613de179535acd8eff6702440.php 第 122 行.
NOTIC: [8] Undefined index: browse_link /home/www/htdocs/jonza/Static/Runtime/Cache/Ad/7b7962b613de179535acd8eff6702440.php 第 147 行.
NOTIC: [8] Undefined index: ad_track_link /home/www/htdocs/jonza/Static/Runtime/Cache/Ad/7b7962b613de179535acd8eff6702440.php 第 157 行.
NOTIC: [8] Undefined index: ad_track_link /home/www/htdocs/jonza/Static/Runtime/Cache/Ad/7b7962b613de179535acd8eff6702440.php 第 219 行.
NOTIC: [8] Undefined index: ad_track_link /home/www/htdocs/jonza/Static/Runtime/Cache/Ad/7b7962b613de179535acd8eff6702440.php 第 219 行.
NOTIC: [8] Undefined index: description /home/www/htdocs/jonza/Static/Runtime/Cache/Ad/7b7962b613de179535acd8eff6702440.php 第 226 行.
INFO: Run Behavior\ParseTemplateBehavior [ RunTime:0.009593s ]
INFO: [ view_parse ] --END-- [ RunTime:0.009620s ]
INFO: [ view_filter ] --START--
INFO: Run Behavior\WriteHtmlCacheBehavior [ RunTime:0.000092s ]
INFO: Run Library\Behavior\EmptyImageBehavior [ RunTime:0.000197s ]
INFO: [ view_filter ] --END-- [ RunTime:0.000322s ]
INFO: [ app_end ] --START--
INFO: Run Behavior\ShowPageTraceBehavior [ RunTime:0.000070s ]
INFO: [ app_end ] --END-- [ RunTime:0.000089s ]

[ 2019-01-03T22:45:52+08:00 ] 116.22.132.128 /jonza/index.php/Ad/Postback/add.shtml
INFO: [ app_begin ] --START--
INFO: Run Behavior\ReadHtmlCacheBehavior [ RunTime:0.000086s ]
INFO: [ app_begin ] --END-- [ RunTime:0.000145s ]
NOTIC: [8192] mysql_connect(): The mysql extension is deprecated and will be removed in the future: use mysqli or PDO instead /home/www/htdocs/jonza/Library/Think/Library/Think/Session/Driver/Db.class.php 第 95 行.
SQL: SHOW COLUMNS FROM `wx_post_back` [ RunTime:0.0020s ]
SQL: SHOW COLUMNS FROM `wx_ad` [ RunTime:0.0020s ]
SQL: SELECT `ad_id`,`ad_name` FROM `wx_ad` WHERE `status` = 2 AND `ad_status` = 1  [ RunTime:0.0018s ]
SQL: SHOW COLUMNS FROM `wx_channel` [ RunTime:0.0020s ]
SQL: SELECT `channel_id`,name as channel_name FROM `wx_channel`  [ RunTime:0.0018s ]
INFO: [ view_parse ] --START--
INFO: [ template_filter ] --START--
INFO: Run Behavior\ContentReplaceBehavior [ RunTime:0.000060s ]
INFO: [ template_filter ] --END-- [ RunTime:0.000098s ]
NOTIC: [8] Undefined index: channel_id /home/www/htdocs/jonza/Static/Runtime/Cache/Ad/6ac6e3d7cdc0b09c194a59348941a829.php 第 17 行.
NOTIC: [8] Undefined index: channel_id /home/www/htdocs/jonza/Static/Runtime/Cache/Ad/6ac6e3d7cdc0b09c194a59348941a829.php 第 17 行.
NOTIC: [8] Undefined index: channel_id /home/www/htdocs/jonza/Static/Runtime/Cache/Ad/6ac6e3d7cdc0b09c194a59348941a829.php 第 17 行.
NOTIC: [8] Undefined index: channel_id /home/www/htdocs/jonza/Static/Runtime/Cache/Ad/6ac6e3d7cdc0b09c194a59348941a829.php 第 17 行.
NOTIC: [8] Undefined index: type /home/www/htdocs/jonza/Static/Runtime/Cache/Ad/6ac6e3d7cdc0b09c194a59348941a829.php 第 26 行.
NOTIC: [8] Undefined index: type /home/www/htdocs/jonza/Static/Runtime/Cache/Ad/6ac6e3d7cdc0b09c194a59348941a829.php 第 27 行.
NOTIC: [8] Undefined index: type /home/www/htdocs/jonza/Static/Runtime/Cache/Ad/6ac6e3d7cdc0b09c194a59348941a829.php 第 28 行.
NOTIC: [8] Undefined index: ad_id /home/www/htdocs/jonza/Static/Runtime/Cache/Ad/6ac6e3d7cdc0b09c194a59348941a829.php 第 37 行.
NOTIC: [8] Undefined index: ad_id /home/www/htdocs/jonza/Static/Runtime/Cache/Ad/6ac6e3d7cdc0b09c194a59348941a829.php 第 37 行.
NOTIC: [8] Undefined index: ad_id /home/www/htdocs/jonza/Static/Runtime/Cache/Ad/6ac6e3d7cdc0b09c194a59348941a829.php 第 37 行.
NOTIC: [8] Undefined variable: userList /home/www/htdocs/jonza/Static/Runtime/Cache/Ad/6ac6e3d7cdc0b09c194a59348941a829.php 第 46 行.
NOTIC: [8] Undefined variable: userList /home/www/htdocs/jonza/Static/Runtime/Cache/Ad/6ac6e3d7cdc0b09c194a59348941a829.php 第 57 行.
NOTIC: [8] Undefined index: status /home/www/htdocs/jonza/Static/Runtime/Cache/Ad/6ac6e3d7cdc0b09c194a59348941a829.php 第 70 行.
NOTIC: [8] Undefined index: status /home/www/htdocs/jonza/Static/Runtime/Cache/Ad/6ac6e3d7cdc0b09c194a59348941a829.php 第 71 行.
NOTIC: [8] Undefined index: code /home/www/htdocs/jonza/Static/Runtime/Cache/Ad/6ac6e3d7cdc0b09c194a59348941a829.php 第 79 行.
NOTIC: [8] Undefined index: code /home/www/htdocs/jonza/Static/Runtime/Cache/Ad/6ac6e3d7cdc0b09c194a59348941a829.php 第 79 行.
INFO: Run Behavior\ParseTemplateBehavior [ RunTime:0.006877s ]
INFO: [ view_parse ] --END-- [ RunTime:0.006904s ]
INFO: [ view_filter ] --START--
INFO: Run Behavior\WriteHtmlCacheBehavior [ RunTime:0.000070s ]
INFO: Run Library\Behavior\EmptyImageBehavior [ RunTime:0.000198s ]
INFO: [ view_filter ] --END-- [ RunTime:0.000295s ]
INFO: [ app_end ] --START--
INFO: Run Behavior\ShowPageTraceBehavior [ RunTime:0.000095s ]
INFO: [ app_end ] --END-- [ RunTime:0.000113s ]

[ 2019-01-03T22:46:02+08:00 ] 116.22.132.128 /jonza/index.php/Ad/Postback/edit/id/4.shtml
INFO: [ app_begin ] --START--
INFO: Run Behavior\ReadHtmlCacheBehavior [ RunTime:0.000086s ]
INFO: [ app_begin ] --END-- [ RunTime:0.000139s ]
NOTIC: [8192] mysql_connect(): The mysql extension is deprecated and will be removed in the future: use mysqli or PDO instead /home/www/htdocs/jonza/Library/Think/Library/Think/Session/Driver/Db.class.php 第 95 行.
SQL: SHOW COLUMNS FROM `wx_post_back` [ RunTime:0.0021s ]
SQL: SELECT * FROM `wx_post_back` WHERE `click_id` = 4 LIMIT 1   [ RunTime:0.0018s ]
SQL: SHOW COLUMNS FROM `wx_ad` [ RunTime:0.0021s ]
SQL: SELECT `ad_id`,`ad_name` FROM `wx_ad` WHERE `status` = 2 AND `ad_status` = 1  [ RunTime:0.0018s ]
SQL: SHOW COLUMNS FROM `wx_channel` [ RunTime:0.0020s ]
SQL: SELECT `channel_id`,name as channel_name FROM `wx_channel`  [ RunTime:0.0018s ]
INFO: [ view_parse ] --START--
INFO: [ template_filter ] --START--
INFO: Run Behavior\ContentReplaceBehavior [ RunTime:0.000057s ]
INFO: [ template_filter ] --END-- [ RunTime:0.000085s ]
NOTIC: [8] Undefined index: type /home/www/htdocs/jonza/Static/Runtime/Cache/Ad/6ac6e3d7cdc0b09c194a59348941a829.php 第 26 行.
NOTIC: [8] Undefined index: type /home/www/htdocs/jonza/Static/Runtime/Cache/Ad/6ac6e3d7cdc0b09c194a59348941a829.php 第 27 行.
NOTIC: [8] Undefined index: type /home/www/htdocs/jonza/Static/Runtime/Cache/Ad/6ac6e3d7cdc0b09c194a59348941a829.php 第 28 行.
NOTIC: [8] Undefined variable: userList /home/www/htdocs/jonza/Static/Runtime/Cache/Ad/6ac6e3d7cdc0b09c194a59348941a829.php 第 46 行.
NOTIC: [8] Undefined variable: userList /home/www/htdocs/jonza/Static/Runtime/Cache/Ad/6ac6e3d7cdc0b09c194a59348941a829.php 第 57 行.
INFO: Run Behavior\ParseTemplateBehavior [ RunTime:0.008755s ]
INFO: [ view_parse ] --END-- [ RunTime:0.008794s ]
INFO: [ view_filter ] --START--
INFO: Run Behavior\WriteHtmlCacheBehavior [ RunTime:0.000147s ]
INFO: Run Library\Behavior\EmptyImageBehavior [ RunTime:0.000342s ]
INFO: [ view_filter ] --END-- [ RunTime:0.000543s ]
INFO: [ app_end ] --START--
INFO: Run Behavior\ShowPageTraceBehavior [ RunTime:0.000127s ]
INFO: [ app_end ] --END-- [ RunTime:0.000163s ]

[ 2019-01-03T22:47:26+08:00 ] 116.22.132.128 /jonza/index.php/Ad/Postback/edit/id/4.shtml
INFO: [ app_begin ] --START--
INFO: Run Behavior\ReadHtmlCacheBehavior [ RunTime:0.000079s ]
INFO: [ app_begin ] --END-- [ RunTime:0.000124s ]
NOTIC: [8192] mysql_connect(): The mysql extension is deprecated and will be removed in the future: use mysqli or PDO instead /home/www/htdocs/jonza/Library/Think/Library/Think/Session/Driver/Db.class.php 第 95 行.
SQL: SHOW COLUMNS FROM `wx_post_back` [ RunTime:0.0024s ]
SQL: SELECT * FROM `wx_post_back` WHERE `click_id` = 4 LIMIT 1   [ RunTime:0.0022s ]
SQL: SHOW COLUMNS FROM `wx_ad` [ RunTime:0.0024s ]
SQL: SELECT `ad_id`,`ad_name` FROM `wx_ad` WHERE `status` = 2 AND `ad_status` = 1  [ RunTime:0.0022s ]
SQL: SHOW COLUMNS FROM `wx_channel` [ RunTime:0.0024s ]
SQL: SELECT `channel_id`,name as channel_name FROM `wx_channel`  [ RunTime:0.0021s ]
INFO: [ view_parse ] --START--
INFO: [ template_filter ] --START--
INFO: Run Behavior\ContentReplaceBehavior [ RunTime:0.000053s ]
INFO: [ template_filter ] --END-- [ RunTime:0.000080s ]
NOTIC: [8] Undefined index: type /home/www/htdocs/jonza/Static/Runtime/Cache/Ad/6ac6e3d7cdc0b09c194a59348941a829.php 第 26 行.
NOTIC: [8] Undefined index: type /home/www/htdocs/jonza/Static/Runtime/Cache/Ad/6ac6e3d7cdc0b09c194a59348941a829.php 第 27 行.
NOTIC: [8] Undefined index: type /home/www/htdocs/jonza/Static/Runtime/Cache/Ad/6ac6e3d7cdc0b09c194a59348941a829.php 第 28 行.
NOTIC: [8] Undefined variable: userList /home/www/htdocs/jonza/Static/Runtime/Cache/Ad/6ac6e3d7cdc0b09c194a59348941a829.php 第 46 行.
NOTIC: [8] Undefined variable: userList /home/www/htdocs/jonza/Static/Runtime/Cache/Ad/6ac6e3d7cdc0b09c194a59348941a829.php 第 57 行.
INFO: Run Behavior\ParseTemplateBehavior [ RunTime:0.007480s ]
INFO: [ view_parse ] --END-- [ RunTime:0.007506s ]
INFO: [ view_filter ] --START--
INFO: Run Behavior\WriteHtmlCacheBehavior [ RunTime:0.000078s ]
INFO: Run Library\Behavior\EmptyImageBehavior [ RunTime:0.000205s ]
INFO: [ view_filter ] --END-- [ RunTime:0.000314s ]
INFO: [ app_end ] --START--
INFO: Run Behavior\ShowPageTraceBehavior [ RunTime:0.000076s ]
INFO: [ app_end ] --END-- [ RunTime:0.000094s ]

[ 2019-01-03T22:48:42+08:00 ] 116.22.132.128 /jonza/index.php/Ad/Postback/edit/id/4.shtml
INFO: [ app_begin ] --START--
INFO: Run Behavior\ReadHtmlCacheBehavior [ RunTime:0.000080s ]
INFO: [ app_begin ] --END-- [ RunTime:0.000128s ]
NOTIC: [8192] mysql_connect(): The mysql extension is deprecated and will be removed in the future: use mysqli or PDO instead /home/www/htdocs/jonza/Library/Think/Library/Think/Session/Driver/Db.class.php 第 95 行.
SQL: SHOW COLUMNS FROM `wx_post_back` [ RunTime:0.0026s ]
SQL: SELECT * FROM `wx_post_back` WHERE `click_id` = 4 LIMIT 1   [ RunTime:0.0024s ]
SQL: SHOW COLUMNS FROM `wx_ad` [ RunTime:0.0026s ]
SQL: SELECT `ad_id`,`ad_name` FROM `wx_ad` WHERE `status` = 2 AND `ad_status` = 1  [ RunTime:0.0023s ]
SQL: SHOW COLUMNS FROM `wx_channel` [ RunTime:0.0026s ]
SQL: SELECT `channel_id`,name as channel_name FROM `wx_channel`  [ RunTime:0.0023s ]
INFO: [ view_parse ] --START--
INFO: [ template_filter ] --START--
INFO: Run Behavior\ContentReplaceBehavior [ RunTime:0.000057s ]
INFO: [ template_filter ] --END-- [ RunTime:0.000088s ]
NOTIC: [8] Undefined index: type /home/www/htdocs/jonza/Static/Runtime/Cache/Ad/6ac6e3d7cdc0b09c194a59348941a829.php 第 26 行.
NOTIC: [8] Undefined index: type /home/www/htdocs/jonza/Static/Runtime/Cache/Ad/6ac6e3d7cdc0b09c194a59348941a829.php 第 27 行.
NOTIC: [8] Undefined index: type /home/www/htdocs/jonza/Static/Runtime/Cache/Ad/6ac6e3d7cdc0b09c194a59348941a829.php 第 28 行.
NOTIC: [8] Undefined variable: userList /home/www/htdocs/jonza/Static/Runtime/Cache/Ad/6ac6e3d7cdc0b09c194a59348941a829.php 第 46 行.
NOTIC: [8] Undefined variable: userList /home/www/htdocs/jonza/Static/Runtime/Cache/Ad/6ac6e3d7cdc0b09c194a59348941a829.php 第 57 行.
INFO: Run Behavior\ParseTemplateBehavior [ RunTime:0.007666s ]
INFO: [ view_parse ] --END-- [ RunTime:0.007695s ]
INFO: [ view_filter ] --START--
INFO: Run Behavior\WriteHtmlCacheBehavior [ RunTime:0.000079s ]
INFO: Run Library\Behavior\EmptyImageBehavior [ RunTime:0.000237s ]
INFO: [ view_filter ] --END-- [ RunTime:0.000350s ]
INFO: [ app_end ] --START--
INFO: Run Behavior\ShowPageTraceBehavior [ RunTime:0.000078s ]
INFO: [ app_end ] --END-- [ RunTime:0.000098s ]

[ 2019-01-03T23:09:07+08:00 ] 116.22.132.128 /jonza/index.php/Ad/Postback/add.shtml
INFO: [ app_begin ] --START--
INFO: Run Behavior\ReadHtmlCacheBehavior [ RunTime:0.000095s ]
INFO: [ app_begin ] --END-- [ RunTime:0.000145s ]
NOTIC: [8192] mysql_connect(): The mysql extension is deprecated and will be removed in the future: use mysqli or PDO instead /home/www/htdocs/jonza/Library/Think/Library/Think/Session/Driver/Db.class.php 第 95 行.
SQL: SHOW COLUMNS FROM `wx_post_back` [ RunTime:0.0029s ]
SQL: SHOW COLUMNS FROM `wx_ad` [ RunTime:0.0028s ]
SQL: SELECT `ad_id`,`ad_name` FROM `wx_ad` WHERE `status` = 2 AND `ad_status` = 1  [ RunTime:0.0026s ]
SQL: SHOW COLUMNS FROM `wx_channel` [ RunTime:0.0028s ]
SQL: SELECT `channel_id`,name as channel_name FROM `wx_channel`  [ RunTime:0.0025s ]
INFO: [ view_parse ] --START--
INFO: [ template_filter ] --START--
INFO: Run Behavior\ContentReplaceBehavior [ RunTime:0.000056s ]
INFO: [ template_filter ] --END-- [ RunTime:0.000083s ]
NOTIC: [8] Undefined index: channel_id /home/www/htdocs/jonza/Static/Runtime/Cache/Ad/6ac6e3d7cdc0b09c194a59348941a829.php 第 17 行.
NOTIC: [8] Undefined index: channel_id /home/www/htdocs/jonza/Static/Runtime/Cache/Ad/6ac6e3d7cdc0b09c194a59348941a829.php 第 17 行.
NOTIC: [8] Undefined index: channel_id /home/www/htdocs/jonza/Static/Runtime/Cache/Ad/6ac6e3d7cdc0b09c194a59348941a829.php 第 17 行.
NOTIC: [8] Undefined index: channel_id /home/www/htdocs/jonza/Static/Runtime/Cache/Ad/6ac6e3d7cdc0b09c194a59348941a829.php 第 17 行.
NOTIC: [8] Undefined index: type /home/www/htdocs/jonza/Static/Runtime/Cache/Ad/6ac6e3d7cdc0b09c194a59348941a829.php 第 26 行.
NOTIC: [8] Undefined index: type /home/www/htdocs/jonza/Static/Runtime/Cache/Ad/6ac6e3d7cdc0b09c194a59348941a829.php 第 27 行.
NOTIC: [8] Undefined index: type /home/www/htdocs/jonza/Static/Runtime/Cache/Ad/6ac6e3d7cdc0b09c194a59348941a829.php 第 28 行.
NOTIC: [8] Undefined index: ad_id /home/www/htdocs/jonza/Static/Runtime/Cache/Ad/6ac6e3d7cdc0b09c194a59348941a829.php 第 37 行.
NOTIC: [8] Undefined index: ad_id /home/www/htdocs/jonza/Static/Runtime/Cache/Ad/6ac6e3d7cdc0b09c194a59348941a829.php 第 37 行.
NOTIC: [8] Undefined index: ad_id /home/www/htdocs/jonza/Static/Runtime/Cache/Ad/6ac6e3d7cdc0b09c194a59348941a829.php 第 37 行.
NOTIC: [8] Undefined variable: userList /home/www/htdocs/jonza/Static/Runtime/Cache/Ad/6ac6e3d7cdc0b09c194a59348941a829.php 第 46 行.
NOTIC: [8] Undefined variable: userList /home/www/htdocs/jonza/Static/Runtime/Cache/Ad/6ac6e3d7cdc0b09c194a59348941a829.php 第 57 行.
NOTIC: [8] Undefined index: status /home/www/htdocs/jonza/Static/Runtime/Cache/Ad/6ac6e3d7cdc0b09c194a59348941a829.php 第 70 行.
NOTIC: [8] Undefined index: status /home/www/htdocs/jonza/Static/Runtime/Cache/Ad/6ac6e3d7cdc0b09c194a59348941a829.php 第 71 行.
NOTIC: [8] Undefined index: code /home/www/htdocs/jonza/Static/Runtime/Cache/Ad/6ac6e3d7cdc0b09c194a59348941a829.php 第 79 行.
NOTIC: [8] Undefined index: code /home/www/htdocs/jonza/Static/Runtime/Cache/Ad/6ac6e3d7cdc0b09c194a59348941a829.php 第 79 行.
INFO: Run Behavior\ParseTemplateBehavior [ RunTime:0.007663s ]
INFO: [ view_parse ] --END-- [ RunTime:0.007693s ]
INFO: [ view_filter ] --START--
INFO: Run Behavior\WriteHtmlCacheBehavior [ RunTime:0.000079s ]
INFO: Run Library\Behavior\EmptyImageBehavior [ RunTime:0.000196s ]
INFO: [ view_filter ] --END-- [ RunTime:0.000306s ]
INFO: [ app_end ] --START--
INFO: Run Behavior\ShowPageTraceBehavior [ RunTime:0.000074s ]
INFO: [ app_end ] --END-- [ RunTime:0.000094s ]

