[ 2019-01-08T10:09:20+08:00 ] 219.137.49.139 /jonza/index.php/Ad/Postback/add.shtml
INFO: [ app_begin ] --START--
INFO: Run Behavior\ReadHtmlCacheBehavior [ RunTime:0.000093s ]
INFO: [ app_begin ] --END-- [ RunTime:0.000133s ]
NOTIC: [8192] mysql_connect(): The mysql extension is deprecated and will be removed in the future: use mysqli or PDO instead /home/www/htdocs/jonza/Library/Think/Library/Think/Session/Driver/Db.class.php 第 95 行.
SQL: SHOW COLUMNS FROM `wx_post_back` [ RunTime:0.0032s ]
SQL: SHOW COLUMNS FROM `wx_ad` [ RunTime:0.0032s ]
SQL: SELECT `ad_id`,`ad_name` FROM `wx_ad` WHERE `status` = 2 AND `ad_status` = 1  [ RunTime:0.0029s ]
SQL: SHOW COLUMNS FROM `wx_channel` [ RunTime:0.0031s ]
SQL: SELECT `channel_id`,name as channel_name FROM `wx_channel`  [ RunTime:0.0028s ]
INFO: [ view_parse ] --START--
INFO: [ template_filter ] --START--
INFO: Run Behavior\ContentReplaceBehavior [ RunTime:0.000060s ]
INFO: [ template_filter ] --END-- [ RunTime:0.000087s ]
NOTIC: [8] Undefined index: channel_id /home/www/htdocs/jonza/Static/Runtime/Cache/Ad/6ac6e3d7cdc0b09c194a59348941a829.php 第 17 行.
NOTIC: [8] Undefined index: channel_id /home/www/htdocs/jonza/Static/Runtime/Cache/Ad/6ac6e3d7cdc0b09c194a59348941a829.php 第 17 行.
NOTIC: [8] Undefined index: channel_id /home/www/htdocs/jonza/Static/Runtime/Cache/Ad/6ac6e3d7cdc0b09c194a59348941a829.php 第 17 行.
NOTIC: [8] Undefined index: channel_id /home/www/htdocs/jonza/Static/Runtime/Cache/Ad/6ac6e3d7cdc0b09c194a59348941a829.php 第 17 行.
NOTIC: [8] Undefined index: type /home/www/htdocs/jonza/Static/Runtime/Cache/Ad/6ac6e3d7cdc0b09c194a59348941a829.php 第 26 行.
NOTIC: [8] Undefined index: type /home/www/htdocs/jonza/Static/Runtime/Cache/Ad/6ac6e3d7cdc0b09c194a59348941a829.php 第 27 行.
NOTIC: [8] Undefined index: type /home/www/htdocs/jonza/Static/Runtime/Cache/Ad/6ac6e3d7cdc0b09c194a59348941a829.php 第 28 行.
NOTIC: [8] Undefined index: ad_id /home/www/htdocs/jonza/Static/Runtime/Cache/Ad/6ac6e3d7cdc0b09c194a59348941a829.php 第 37 行.
NOTIC: [8] Undefined index: ad_id /home/www/htdocs/jonza/Static/Runtime/Cache/Ad/6ac6e3d7cdc0b09c194a59348941a829.php 第 37 行.
NOTIC: [8] Undefined index: ad_id /home/www/htdocs/jonza/Static/Runtime/Cache/Ad/6ac6e3d7cdc0b09c194a59348941a829.php 第 37 行.
NOTIC: [8] Undefined variable: userList /home/www/htdocs/jonza/Static/Runtime/Cache/Ad/6ac6e3d7cdc0b09c194a59348941a829.php 第 46 行.
NOTIC: [8] Undefined variable: userList /home/www/htdocs/jonza/Static/Runtime/Cache/Ad/6ac6e3d7cdc0b09c194a59348941a829.php 第 57 行.
NOTIC: [8] Undefined index: status /home/www/htdocs/jonza/Static/Runtime/Cache/Ad/6ac6e3d7cdc0b09c194a59348941a829.php 第 70 行.
NOTIC: [8] Undefined index: status /home/www/htdocs/jonza/Static/Runtime/Cache/Ad/6ac6e3d7cdc0b09c194a59348941a829.php 第 71 行.
NOTIC: [8] Undefined index: code /home/www/htdocs/jonza/Static/Runtime/Cache/Ad/6ac6e3d7cdc0b09c194a59348941a829.php 第 79 行.
NOTIC: [8] Undefined index: code /home/www/htdocs/jonza/Static/Runtime/Cache/Ad/6ac6e3d7cdc0b09c194a59348941a829.php 第 79 行.
INFO: Run Behavior\ParseTemplateBehavior [ RunTime:0.008113s ]
INFO: [ view_parse ] --END-- [ RunTime:0.008145s ]
INFO: [ view_filter ] --START--
INFO: Run Behavior\WriteHtmlCacheBehavior [ RunTime:0.000071s ]
INFO: Run Library\Behavior\EmptyImageBehavior [ RunTime:0.000193s ]
INFO: [ view_filter ] --END-- [ RunTime:0.000296s ]
INFO: [ app_end ] --START--
INFO: Run Behavior\ShowPageTraceBehavior [ RunTime:0.000116s ]
INFO: [ app_end ] --END-- [ RunTime:0.000146s ]

[ 2019-01-08T10:25:35+08:00 ] 113.109.160.133 /jonza/index.php/Ad/Postback/test/id/4.shtml
INFO: [ app_begin ] --START--
INFO: Run Behavior\ReadHtmlCacheBehavior [ RunTime:0.000071s ]
INFO: [ app_begin ] --END-- [ RunTime:0.000108s ]
NOTIC: [8192] mysql_connect(): The mysql extension is deprecated and will be removed in the future: use mysqli or PDO instead /home/www/htdocs/jonza/Library/Think/Library/Think/Session/Driver/Db.class.php 第 95 行.
ERR: 非法操作:test

[ 2019-01-08T10:25:39+08:00 ] 113.109.160.133 /jonza/index.php/Ad/Postback/edit/id/4.shtml
INFO: [ app_begin ] --START--
INFO: Run Behavior\ReadHtmlCacheBehavior [ RunTime:0.000071s ]
INFO: [ app_begin ] --END-- [ RunTime:0.000108s ]
NOTIC: [8192] mysql_connect(): The mysql extension is deprecated and will be removed in the future: use mysqli or PDO instead /home/www/htdocs/jonza/Library/Think/Library/Think/Session/Driver/Db.class.php 第 95 行.
SQL: SHOW COLUMNS FROM `wx_post_back` [ RunTime:0.0028s ]
SQL: SELECT * FROM `wx_post_back` WHERE `click_id` = 4 LIMIT 1   [ RunTime:0.0025s ]
SQL: SHOW COLUMNS FROM `wx_ad` [ RunTime:0.0028s ]
SQL: SELECT `ad_id`,`ad_name` FROM `wx_ad` WHERE `status` = 2 AND `ad_status` = 1  [ RunTime:0.0025s ]
SQL: SHOW COLUMNS FROM `wx_channel` [ RunTime:0.0027s ]
SQL: SELECT `channel_id`,name as channel_name FROM `wx_channel`  [ RunTime:0.0025s ]
INFO: [ view_parse ] --START--
INFO: [ template_filter ] --START--
INFO: Run Behavior\ContentReplaceBehavior [ RunTime:0.000057s ]
INFO: [ template_filter ] --END-- [ RunTime:0.000086s ]
NOTIC: [8] Undefined index: type /home/www/htdocs/jonza/Static/Runtime/Cache/Ad/6ac6e3d7cdc0b09c194a59348941a829.php 第 26 行.
NOTIC: [8] Undefined index: type /home/www/htdocs/jonza/Static/Runtime/Cache/Ad/6ac6e3d7cdc0b09c194a59348941a829.php 第 27 行.
NOTIC: [8] Undefined index: type /home/www/htdocs/jonza/Static/Runtime/Cache/Ad/6ac6e3d7cdc0b09c194a59348941a829.php 第 28 行.
NOTIC: [8] Undefined variable: userList /home/www/htdocs/jonza/Static/Runtime/Cache/Ad/6ac6e3d7cdc0b09c194a59348941a829.php 第 46 行.
NOTIC: [8] Undefined variable: userList /home/www/htdocs/jonza/Static/Runtime/Cache/Ad/6ac6e3d7cdc0b09c194a59348941a829.php 第 57 行.
INFO: Run Behavior\ParseTemplateBehavior [ RunTime:0.007833s ]
INFO: [ view_parse ] --END-- [ RunTime:0.007863s ]
INFO: [ view_filter ] --START--
INFO: Run Behavior\WriteHtmlCacheBehavior [ RunTime:0.000071s ]
INFO: Run Library\Behavior\EmptyImageBehavior [ RunTime:0.000193s ]
INFO: [ view_filter ] --END-- [ RunTime:0.000294s ]
INFO: [ app_end ] --START--
INFO: Run Behavior\ShowPageTraceBehavior [ RunTime:0.000068s ]
INFO: [ app_end ] --END-- [ RunTime:0.000087s ]

[ 2019-01-08T11:34:56+08:00 ] 113.109.160.133 /jonza/index.php/Ad/img/zoomin.cur
ERR: 无法加载控制器:Img

[ 2019-01-08T11:35:11+08:00 ] 113.109.160.133 /jonza/index.php/Ad/img/zoomin.cur
ERR: 无法加载控制器:Img

[ 2019-01-08T11:37:18+08:00 ] 113.109.160.133 /jonza/index.php/Ad/img/zoomin.cur
ERR: 无法加载控制器:Img

[ 2019-01-08T13:24:57+08:00 ] 113.109.160.133 /jonza/index.php/Ad/img/zoomin.cur
ERR: 无法加载控制器:Img

