[ 2019-01-12T00:52:57+08:00 ] ::1 /jonza/index.php/Ad/Advertisement/edit/id/8.shtml
INFO: [ app_begin ] --START--
INFO: Run Behavior\ReadHtmlCacheBehavior [ RunTime:0.000000s ]
INFO: [ app_begin ] --END-- [ RunTime:0.000000s ]
NOTIC: [8192] mysql_connect(): The mysql extension is deprecated and will be removed in the future: use mysqli or PDO instead G:\PHPTest\jonza\Library\Think\Library\Think\Session\Driver\Db.class.php 第 95 行.
SQL: SHOW COLUMNS FROM `wx_ad` [ RunTime:0.0310s ]
SQL: SELECT * FROM `wx_ad` WHERE `ad_id` = 8 LIMIT 1   [ RunTime:0.0140s ]
SQL: SHOW COLUMNS FROM `wx_ad_type` [ RunTime:0.0090s ]
SQL: SELECT `type_id`,`type_name` FROM `wx_ad_type` WHERE `status` = 2  [ RunTime:0.0090s ]
SQL: SHOW COLUMNS FROM `wx_advertiser` [ RunTime:0.0120s ]
SQL: SELECT `advertiser_id`,`name` FROM `wx_advertiser`  [ RunTime:0.0120s ]
SQL: SHOW COLUMNS FROM `wx_sys_user` [ RunTime:0.0090s ]
SQL: SELECT `id`,`name` FROM `wx_sys_user` WHERE `status` = 2 AND `role` = 22  [ RunTime:0.0110s ]
INFO: [ view_parse ] --START--
INFO: [ template_filter ] --START--
INFO: Run Behavior\ContentReplaceBehavior [ RunTime:0.000000s ]
INFO: [ template_filter ] --END-- [ RunTime:0.000000s ]
INFO: Run Behavior\ParseTemplateBehavior [ RunTime:0.010000s ]
INFO: [ view_parse ] --END-- [ RunTime:0.010000s ]
INFO: [ view_filter ] --START--
INFO: Run Behavior\WriteHtmlCacheBehavior [ RunTime:0.000000s ]
INFO: Run Library\Behavior\EmptyImageBehavior [ RunTime:0.001000s ]
INFO: [ view_filter ] --END-- [ RunTime:0.001000s ]
INFO: [ app_end ] --START--
INFO: Run Behavior\ShowPageTraceBehavior [ RunTime:0.000000s ]
INFO: [ app_end ] --END-- [ RunTime:0.000000s ]

[ 2019-01-12T01:05:47+08:00 ] ::1 /jonza/index.php/Ad/Advertisement/edit/id/9.shtml
INFO: [ app_begin ] --START--
INFO: Run Behavior\ReadHtmlCacheBehavior [ RunTime:0.000000s ]
INFO: [ app_begin ] --END-- [ RunTime:0.000000s ]
NOTIC: [8192] mysql_connect(): The mysql extension is deprecated and will be removed in the future: use mysqli or PDO instead G:\PHPTest\jonza\Library\Think\Library\Think\Session\Driver\Db.class.php 第 95 行.
SQL: SHOW COLUMNS FROM `wx_ad` [ RunTime:0.0170s ]
SQL: SELECT * FROM `wx_ad` WHERE `ad_id` = 9 LIMIT 1   [ RunTime:0.0190s ]
SQL: SHOW COLUMNS FROM `wx_ad_type` [ RunTime:0.0250s ]
SQL: SELECT `type_id`,`type_name` FROM `wx_ad_type` WHERE `status` = 2  [ RunTime:0.0260s ]
SQL: SHOW COLUMNS FROM `wx_advertiser` [ RunTime:0.0250s ]
SQL: SELECT `advertiser_id`,`name` FROM `wx_advertiser`  [ RunTime:0.0260s ]
SQL: SHOW COLUMNS FROM `wx_sys_user` [ RunTime:0.0200s ]
SQL: SELECT `id`,`name` FROM `wx_sys_user` WHERE `status` = 2 AND `role` = 22  [ RunTime:0.1590s ]
INFO: [ view_parse ] --START--
INFO: [ template_filter ] --START--
INFO: Run Behavior\ContentReplaceBehavior [ RunTime:0.000000s ]
INFO: [ template_filter ] --END-- [ RunTime:0.000000s ]
INFO: Run Behavior\ParseTemplateBehavior [ RunTime:0.010001s ]
INFO: [ view_parse ] --END-- [ RunTime:0.010001s ]
INFO: [ view_filter ] --START--
INFO: Run Behavior\WriteHtmlCacheBehavior [ RunTime:0.000000s ]
INFO: Run Library\Behavior\EmptyImageBehavior [ RunTime:0.001000s ]
INFO: [ view_filter ] --END-- [ RunTime:0.001000s ]
INFO: [ app_end ] --START--
INFO: Run Behavior\ShowPageTraceBehavior [ RunTime:0.000000s ]
INFO: [ app_end ] --END-- [ RunTime:0.000000s ]

[ 2019-01-12T01:43:03+08:00 ] ::1 /jonza/index.php/Ad/Postback/edit/id/4.shtml
INFO: [ app_begin ] --START--
INFO: Run Behavior\ReadHtmlCacheBehavior [ RunTime:0.000000s ]
INFO: [ app_begin ] --END-- [ RunTime:0.001000s ]
NOTIC: [8192] mysql_connect(): The mysql extension is deprecated and will be removed in the future: use mysqli or PDO instead G:\PHPTest\jonza\Library\Think\Library\Think\Session\Driver\Db.class.php 第 95 行.
SQL: SHOW COLUMNS FROM `wx_post_back` [ RunTime:0.0300s ]
SQL: SELECT * FROM `wx_post_back` WHERE `click_id` = 4 LIMIT 1   [ RunTime:0.0120s ]
SQL: SHOW COLUMNS FROM `wx_ad` [ RunTime:0.0140s ]
SQL: SELECT `ad_id`,`ad_name` FROM `wx_ad` WHERE `status` = 2 AND `ad_status` = 1  [ RunTime:0.0140s ]
SQL: SHOW COLUMNS FROM `wx_channel` [ RunTime:0.0100s ]
SQL: SELECT `channel_id`,name as channel_name FROM `wx_channel`  [ RunTime:0.0100s ]
INFO: [ view_parse ] --START--
INFO: [ template_filter ] --START--
INFO: Run Behavior\ContentReplaceBehavior [ RunTime:0.000000s ]
INFO: [ template_filter ] --END-- [ RunTime:0.000000s ]
NOTIC: [8] Undefined index: type G:\PHPTest\jonza\Static\Runtime\Cache\Ad\5de36208bf635bff299ff915dfb9ee3e.php 第 26 行.
NOTIC: [8] Undefined index: type G:\PHPTest\jonza\Static\Runtime\Cache\Ad\5de36208bf635bff299ff915dfb9ee3e.php 第 27 行.
NOTIC: [8] Undefined index: type G:\PHPTest\jonza\Static\Runtime\Cache\Ad\5de36208bf635bff299ff915dfb9ee3e.php 第 28 行.
NOTIC: [8] Undefined variable: userList G:\PHPTest\jonza\Static\Runtime\Cache\Ad\5de36208bf635bff299ff915dfb9ee3e.php 第 46 行.
NOTIC: [8] Undefined variable: userList G:\PHPTest\jonza\Static\Runtime\Cache\Ad\5de36208bf635bff299ff915dfb9ee3e.php 第 57 行.
INFO: Run Behavior\ParseTemplateBehavior [ RunTime:0.011001s ]
INFO: [ view_parse ] --END-- [ RunTime:0.011001s ]
INFO: [ view_filter ] --START--
INFO: Run Behavior\WriteHtmlCacheBehavior [ RunTime:0.000000s ]
INFO: Run Library\Behavior\EmptyImageBehavior [ RunTime:0.001000s ]
INFO: [ view_filter ] --END-- [ RunTime:0.001000s ]
INFO: [ app_end ] --START--
INFO: Run Behavior\ShowPageTraceBehavior [ RunTime:0.000000s ]
INFO: [ app_end ] --END-- [ RunTime:0.000000s ]

[ 2019-01-12T01:45:00+08:00 ] ::1 /jonza/index.php/Ad/Postback/edit/id/4.shtml
INFO: [ app_begin ] --START--
INFO: Run Behavior\ReadHtmlCacheBehavior [ RunTime:0.001000s ]
INFO: [ app_begin ] --END-- [ RunTime:0.001000s ]
NOTIC: [8192] mysql_connect(): The mysql extension is deprecated and will be removed in the future: use mysqli or PDO instead G:\PHPTest\jonza\Library\Think\Library\Think\Session\Driver\Db.class.php 第 95 行.
SQL: SHOW COLUMNS FROM `wx_post_back` [ RunTime:0.0340s ]
NOTIC: [2] call_user_func_array() expects parameter 1 to be a valid callback, function 'get_now_time' not found or invalid function name G:\PHPTest\jonza\Library\Think\Library\Think\Model.class.php 第 1149 行.
SQL: SELECT COUNT(*) AS tp_count FROM `wx_post_back` WHERE `click_id` = 4 LIMIT 1   [ RunTime:0.0140s ]
NOTIC: [2] call_user_func_array() expects parameter 1 to be a valid callback, function 'get_now_time' not found or invalid function name G:\PHPTest\jonza\Library\Think\Library\Think\Model.class.php 第 1149 行.
ERR: SQLSTATE[23000]: Integrity constraint violation: 1048 Column 'add_time' cannot be null

[ 2019-01-12T01:45:05+08:00 ] ::1 /jonza/index.php/Ad/Postback/edit/id/4.shtml
INFO: [ app_begin ] --START--
INFO: Run Behavior\ReadHtmlCacheBehavior [ RunTime:0.000000s ]
INFO: [ app_begin ] --END-- [ RunTime:0.001000s ]
NOTIC: [8192] mysql_connect(): The mysql extension is deprecated and will be removed in the future: use mysqli or PDO instead G:\PHPTest\jonza\Library\Think\Library\Think\Session\Driver\Db.class.php 第 95 行.
SQL: SHOW COLUMNS FROM `wx_post_back` [ RunTime:0.0300s ]
SQL: SELECT * FROM `wx_post_back` WHERE `click_id` = 4 LIMIT 1   [ RunTime:0.0130s ]
SQL: SHOW COLUMNS FROM `wx_ad` [ RunTime:0.0110s ]
SQL: SELECT `ad_id`,`ad_name` FROM `wx_ad` WHERE `status` = 2 AND `ad_status` = 1  [ RunTime:0.0120s ]
SQL: SHOW COLUMNS FROM `wx_channel` [ RunTime:0.0090s ]
SQL: SELECT `channel_id`,name as channel_name FROM `wx_channel`  [ RunTime:0.0160s ]
INFO: [ view_parse ] --START--
INFO: [ template_filter ] --START--
INFO: Run Behavior\ContentReplaceBehavior [ RunTime:0.000000s ]
INFO: [ template_filter ] --END-- [ RunTime:0.000000s ]
NOTIC: [8] Undefined index: type G:\PHPTest\jonza\Static\Runtime\Cache\Ad\5de36208bf635bff299ff915dfb9ee3e.php 第 26 行.
NOTIC: [8] Undefined index: type G:\PHPTest\jonza\Static\Runtime\Cache\Ad\5de36208bf635bff299ff915dfb9ee3e.php 第 27 行.
NOTIC: [8] Undefined index: type G:\PHPTest\jonza\Static\Runtime\Cache\Ad\5de36208bf635bff299ff915dfb9ee3e.php 第 28 行.
NOTIC: [8] Undefined variable: userList G:\PHPTest\jonza\Static\Runtime\Cache\Ad\5de36208bf635bff299ff915dfb9ee3e.php 第 46 行.
NOTIC: [8] Undefined variable: userList G:\PHPTest\jonza\Static\Runtime\Cache\Ad\5de36208bf635bff299ff915dfb9ee3e.php 第 57 行.
INFO: Run Behavior\ParseTemplateBehavior [ RunTime:0.011001s ]
INFO: [ view_parse ] --END-- [ RunTime:0.011001s ]
INFO: [ view_filter ] --START--
INFO: Run Behavior\WriteHtmlCacheBehavior [ RunTime:0.000000s ]
INFO: Run Library\Behavior\EmptyImageBehavior [ RunTime:0.001000s ]
INFO: [ view_filter ] --END-- [ RunTime:0.001000s ]
INFO: [ app_end ] --START--
INFO: Run Behavior\ShowPageTraceBehavior [ RunTime:0.000000s ]
INFO: [ app_end ] --END-- [ RunTime:0.000000s ]

[ 2019-01-12T01:45:08+08:00 ] ::1 /jonza/index.php/Ad/Postback/edit/id/4.shtml
INFO: [ app_begin ] --START--
INFO: Run Behavior\ReadHtmlCacheBehavior [ RunTime:0.000000s ]
INFO: [ app_begin ] --END-- [ RunTime:0.001001s ]
NOTIC: [8192] mysql_connect(): The mysql extension is deprecated and will be removed in the future: use mysqli or PDO instead G:\PHPTest\jonza\Library\Think\Library\Think\Session\Driver\Db.class.php 第 95 行.
SQL: SHOW COLUMNS FROM `wx_post_back` [ RunTime:0.0310s ]
NOTIC: [2] call_user_func_array() expects parameter 1 to be a valid callback, function 'get_now_time' not found or invalid function name G:\PHPTest\jonza\Library\Think\Library\Think\Model.class.php 第 1149 行.
SQL: SELECT COUNT(*) AS tp_count FROM `wx_post_back` WHERE `click_id` = 4 LIMIT 1   [ RunTime:0.0100s ]
NOTIC: [2] call_user_func_array() expects parameter 1 to be a valid callback, function 'get_now_time' not found or invalid function name G:\PHPTest\jonza\Library\Think\Library\Think\Model.class.php 第 1149 行.
ERR: SQLSTATE[23000]: Integrity constraint violation: 1048 Column 'add_time' cannot be null

[ 2019-01-12T01:51:56+08:00 ] ::1 /jonza/index.php/Ad/Postback/edit/id/4.shtml
INFO: [ app_begin ] --START--
INFO: Run Behavior\ReadHtmlCacheBehavior [ RunTime:0.000000s ]
INFO: [ app_begin ] --END-- [ RunTime:0.000000s ]
NOTIC: [8192] mysql_connect(): The mysql extension is deprecated and will be removed in the future: use mysqli or PDO instead G:\PHPTest\jonza\Library\Think\Library\Think\Session\Driver\Db.class.php 第 95 行.
SQL: SHOW COLUMNS FROM `wx_post_back` [ RunTime:0.0290s ]
SQL: SELECT * FROM `wx_post_back` WHERE `click_id` = 4 LIMIT 1   [ RunTime:0.0100s ]
SQL: SHOW COLUMNS FROM `wx_ad` [ RunTime:0.0090s ]
SQL: SELECT `ad_id`,`ad_name` FROM `wx_ad` WHERE `status` = 2 AND `ad_status` = 1  [ RunTime:0.0100s ]
SQL: SHOW COLUMNS FROM `wx_channel` [ RunTime:0.0110s ]
SQL: SELECT `channel_id`,name as channel_name FROM `wx_channel`  [ RunTime:0.0100s ]
INFO: [ view_parse ] --START--
INFO: [ template_filter ] --START--
INFO: Run Behavior\ContentReplaceBehavior [ RunTime:0.000000s ]
INFO: [ template_filter ] --END-- [ RunTime:0.000000s ]
NOTIC: [8] Undefined index: type G:\PHPTest\jonza\Static\Runtime\Cache\Ad\5de36208bf635bff299ff915dfb9ee3e.php 第 26 行.
NOTIC: [8] Undefined index: type G:\PHPTest\jonza\Static\Runtime\Cache\Ad\5de36208bf635bff299ff915dfb9ee3e.php 第 27 行.
NOTIC: [8] Undefined index: type G:\PHPTest\jonza\Static\Runtime\Cache\Ad\5de36208bf635bff299ff915dfb9ee3e.php 第 28 行.
NOTIC: [8] Undefined variable: userList G:\PHPTest\jonza\Static\Runtime\Cache\Ad\5de36208bf635bff299ff915dfb9ee3e.php 第 46 行.
NOTIC: [8] Undefined variable: userList G:\PHPTest\jonza\Static\Runtime\Cache\Ad\5de36208bf635bff299ff915dfb9ee3e.php 第 57 行.
INFO: Run Behavior\ParseTemplateBehavior [ RunTime:0.010001s ]
INFO: [ view_parse ] --END-- [ RunTime:0.010001s ]
INFO: [ view_filter ] --START--
INFO: Run Behavior\WriteHtmlCacheBehavior [ RunTime:0.001000s ]
INFO: Run Library\Behavior\EmptyImageBehavior [ RunTime:0.000000s ]
INFO: [ view_filter ] --END-- [ RunTime:0.001000s ]
INFO: [ app_end ] --START--
INFO: Run Behavior\ShowPageTraceBehavior [ RunTime:0.000000s ]
INFO: [ app_end ] --END-- [ RunTime:0.000000s ]

[ 2019-01-12T01:51:58+08:00 ] ::1 /jonza/index.php/Ad/Postback/edit/id/4.shtml
INFO: [ app_begin ] --START--
INFO: Run Behavior\ReadHtmlCacheBehavior [ RunTime:0.000000s ]
INFO: [ app_begin ] --END-- [ RunTime:0.000000s ]
NOTIC: [8192] mysql_connect(): The mysql extension is deprecated and will be removed in the future: use mysqli or PDO instead G:\PHPTest\jonza\Library\Think\Library\Think\Session\Driver\Db.class.php 第 95 行.
SQL: SHOW COLUMNS FROM `wx_post_back` [ RunTime:0.0320s ]

[ 2019-01-12T01:53:03+08:00 ] ::1 /jonza/index.php/Ad/Postback/edit/id/4.shtml
INFO: [ app_begin ] --START--
INFO: Run Behavior\ReadHtmlCacheBehavior [ RunTime:0.000000s ]
INFO: [ app_begin ] --END-- [ RunTime:0.001000s ]
NOTIC: [8192] mysql_connect(): The mysql extension is deprecated and will be removed in the future: use mysqli or PDO instead G:\PHPTest\jonza\Library\Think\Library\Think\Session\Driver\Db.class.php 第 95 行.
SQL: SHOW COLUMNS FROM `wx_post_back` [ RunTime:0.0340s ]
SQL: SELECT * FROM `wx_post_back` WHERE `click_id` = 4 LIMIT 1   [ RunTime:0.0110s ]
SQL: SHOW COLUMNS FROM `wx_ad` [ RunTime:0.0140s ]
SQL: SELECT `ad_id`,`ad_name` FROM `wx_ad` WHERE `status` = 2 AND `ad_status` = 1  [ RunTime:0.0170s ]
SQL: SHOW COLUMNS FROM `wx_channel` [ RunTime:0.0130s ]
SQL: SELECT `channel_id`,name as channel_name FROM `wx_channel`  [ RunTime:0.0120s ]
INFO: [ view_parse ] --START--
INFO: [ template_filter ] --START--
INFO: Run Behavior\ContentReplaceBehavior [ RunTime:0.000000s ]
INFO: [ template_filter ] --END-- [ RunTime:0.000000s ]
NOTIC: [8] Undefined index: type G:\PHPTest\jonza\Static\Runtime\Cache\Ad\5de36208bf635bff299ff915dfb9ee3e.php 第 26 行.
NOTIC: [8] Undefined index: type G:\PHPTest\jonza\Static\Runtime\Cache\Ad\5de36208bf635bff299ff915dfb9ee3e.php 第 27 行.
NOTIC: [8] Undefined index: type G:\PHPTest\jonza\Static\Runtime\Cache\Ad\5de36208bf635bff299ff915dfb9ee3e.php 第 28 行.
NOTIC: [8] Undefined variable: userList G:\PHPTest\jonza\Static\Runtime\Cache\Ad\5de36208bf635bff299ff915dfb9ee3e.php 第 46 行.
NOTIC: [8] Undefined variable: userList G:\PHPTest\jonza\Static\Runtime\Cache\Ad\5de36208bf635bff299ff915dfb9ee3e.php 第 57 行.
INFO: Run Behavior\ParseTemplateBehavior [ RunTime:0.011000s ]
INFO: [ view_parse ] --END-- [ RunTime:0.011000s ]
INFO: [ view_filter ] --START--
INFO: Run Behavior\WriteHtmlCacheBehavior [ RunTime:0.000000s ]
INFO: Run Library\Behavior\EmptyImageBehavior [ RunTime:0.001000s ]
INFO: [ view_filter ] --END-- [ RunTime:0.001000s ]
INFO: [ app_end ] --START--
INFO: Run Behavior\ShowPageTraceBehavior [ RunTime:0.000000s ]
INFO: [ app_end ] --END-- [ RunTime:0.000000s ]

[ 2019-01-12T01:53:06+08:00 ] ::1 /jonza/index.php/Ad/Postback/edit/id/4.shtml
INFO: [ app_begin ] --START--
INFO: Run Behavior\ReadHtmlCacheBehavior [ RunTime:0.000000s ]
INFO: [ app_begin ] --END-- [ RunTime:0.000000s ]
NOTIC: [8192] mysql_connect(): The mysql extension is deprecated and will be removed in the future: use mysqli or PDO instead G:\PHPTest\jonza\Library\Think\Library\Think\Session\Driver\Db.class.php 第 95 行.
SQL: SHOW COLUMNS FROM `wx_post_back` [ RunTime:0.0320s ]
SQL: SELECT COUNT(*) AS tp_count FROM `wx_post_back` WHERE `click_id` = 4 LIMIT 1   [ RunTime:0.0140s ]
SQL: UPDATE `wx_post_back` SET `channel_id`='10',`ad_id`='8',`code`='http://api.17ads.net/click?affid=89702&offid=5853522&track=t1&idfa={idfa}&ip={$ip}&callback={$callback}',`click_id`='4',`add_time`='1547229186' WHERE `click_id` = 4 [ RunTime:0.0180s ]

[ 2019-01-12T02:10:50+08:00 ] ::1 /jonza/index.php/Ad/Advertisement/edit/id/9.shtml
INFO: [ app_begin ] --START--
INFO: Run Behavior\ReadHtmlCacheBehavior [ RunTime:0.001000s ]
INFO: [ app_begin ] --END-- [ RunTime:0.001000s ]
NOTIC: [8192] mysql_connect(): The mysql extension is deprecated and will be removed in the future: use mysqli or PDO instead G:\PHPTest\jonza\Library\Think\Library\Think\Session\Driver\Db.class.php 第 95 行.
SQL: SHOW COLUMNS FROM `wx_ad` [ RunTime:0.0300s ]
SQL: SELECT * FROM `wx_ad` WHERE `ad_id` = 9 LIMIT 1   [ RunTime:0.0120s ]
SQL: SHOW COLUMNS FROM `wx_ad_type` [ RunTime:0.0110s ]
SQL: SELECT `type_id`,`type_name` FROM `wx_ad_type` WHERE `status` = 2  [ RunTime:0.0120s ]
SQL: SHOW COLUMNS FROM `wx_advertiser` [ RunTime:0.0120s ]
SQL: SELECT `advertiser_id`,`name` FROM `wx_advertiser`  [ RunTime:0.0120s ]
SQL: SHOW COLUMNS FROM `wx_sys_user` [ RunTime:0.0130s ]
SQL: SELECT `id`,`name` FROM `wx_sys_user` WHERE `status` = 2 AND `role` = 22  [ RunTime:0.0160s ]
INFO: [ view_parse ] --START--
INFO: [ template_filter ] --START--
INFO: Run Behavior\ContentReplaceBehavior [ RunTime:0.000000s ]
INFO: [ template_filter ] --END-- [ RunTime:0.000000s ]
INFO: Run Behavior\ParseTemplateBehavior [ RunTime:0.011001s ]
INFO: [ view_parse ] --END-- [ RunTime:0.011001s ]
INFO: [ view_filter ] --START--
INFO: Run Behavior\WriteHtmlCacheBehavior [ RunTime:0.001000s ]
INFO: Run Library\Behavior\EmptyImageBehavior [ RunTime:0.000000s ]
INFO: [ view_filter ] --END-- [ RunTime:0.001000s ]
INFO: [ app_end ] --START--
INFO: Run Behavior\ShowPageTraceBehavior [ RunTime:0.001000s ]
INFO: [ app_end ] --END-- [ RunTime:0.001000s ]

[ 2019-01-12T02:11:14+08:00 ] ::1 /jonza/index.php/Ad/Advertisement/edit/id/8.shtml
INFO: [ app_begin ] --START--
INFO: Run Behavior\ReadHtmlCacheBehavior [ RunTime:0.000000s ]
INFO: [ app_begin ] --END-- [ RunTime:0.000000s ]
NOTIC: [8192] mysql_connect(): The mysql extension is deprecated and will be removed in the future: use mysqli or PDO instead G:\PHPTest\jonza\Library\Think\Library\Think\Session\Driver\Db.class.php 第 95 行.
SQL: SHOW COLUMNS FROM `wx_ad` [ RunTime:0.0310s ]
SQL: SELECT * FROM `wx_ad` WHERE `ad_id` = 8 LIMIT 1   [ RunTime:0.0130s ]
SQL: SHOW COLUMNS FROM `wx_ad_type` [ RunTime:0.0100s ]
SQL: SELECT `type_id`,`type_name` FROM `wx_ad_type` WHERE `status` = 2  [ RunTime:0.0120s ]
SQL: SHOW COLUMNS FROM `wx_advertiser` [ RunTime:0.0130s ]
SQL: SELECT `advertiser_id`,`name` FROM `wx_advertiser`  [ RunTime:0.0100s ]
SQL: SHOW COLUMNS FROM `wx_sys_user` [ RunTime:0.0110s ]
SQL: SELECT `id`,`name` FROM `wx_sys_user` WHERE `status` = 2 AND `role` = 22  [ RunTime:0.0140s ]
INFO: [ view_parse ] --START--
INFO: [ template_filter ] --START--
INFO: Run Behavior\ContentReplaceBehavior [ RunTime:0.000000s ]
INFO: [ template_filter ] --END-- [ RunTime:0.000000s ]
INFO: Run Behavior\ParseTemplateBehavior [ RunTime:0.012001s ]
INFO: [ view_parse ] --END-- [ RunTime:0.012001s ]
INFO: [ view_filter ] --START--
INFO: Run Behavior\WriteHtmlCacheBehavior [ RunTime:0.000000s ]
INFO: Run Library\Behavior\EmptyImageBehavior [ RunTime:0.000000s ]
INFO: [ view_filter ] --END-- [ RunTime:0.000000s ]
INFO: [ app_end ] --START--
INFO: Run Behavior\ShowPageTraceBehavior [ RunTime:0.001000s ]
INFO: [ app_end ] --END-- [ RunTime:0.001000s ]

[ 2019-01-12T02:12:01+08:00 ] ::1 /jonza/index.php/Ad/Advertisement/edit/id/9.shtml
INFO: [ app_begin ] --START--
INFO: Run Behavior\ReadHtmlCacheBehavior [ RunTime:0.000000s ]
INFO: [ app_begin ] --END-- [ RunTime:0.000000s ]
NOTIC: [8192] mysql_connect(): The mysql extension is deprecated and will be removed in the future: use mysqli or PDO instead G:\PHPTest\jonza\Library\Think\Library\Think\Session\Driver\Db.class.php 第 95 行.
SQL: SHOW COLUMNS FROM `wx_ad` [ RunTime:0.0310s ]
SQL: SELECT * FROM `wx_ad` WHERE `ad_id` = 9 LIMIT 1   [ RunTime:0.0110s ]
SQL: SHOW COLUMNS FROM `wx_ad_type` [ RunTime:0.0130s ]
SQL: SELECT `type_id`,`type_name` FROM `wx_ad_type` WHERE `status` = 2  [ RunTime:0.0100s ]
SQL: SHOW COLUMNS FROM `wx_advertiser` [ RunTime:0.0110s ]
SQL: SELECT `advertiser_id`,`name` FROM `wx_advertiser`  [ RunTime:0.0090s ]
SQL: SHOW COLUMNS FROM `wx_sys_user` [ RunTime:0.0110s ]
SQL: SELECT `id`,`name` FROM `wx_sys_user` WHERE `status` = 2 AND `role` = 22  [ RunTime:0.0120s ]
INFO: [ view_parse ] --START--
INFO: [ template_filter ] --START--
INFO: Run Behavior\ContentReplaceBehavior [ RunTime:0.000000s ]
INFO: [ template_filter ] --END-- [ RunTime:0.000000s ]
INFO: Run Behavior\ParseTemplateBehavior [ RunTime:0.012001s ]
INFO: [ view_parse ] --END-- [ RunTime:0.012001s ]
INFO: [ view_filter ] --START--
INFO: Run Behavior\WriteHtmlCacheBehavior [ RunTime:0.000000s ]
INFO: Run Library\Behavior\EmptyImageBehavior [ RunTime:0.001000s ]
INFO: [ view_filter ] --END-- [ RunTime:0.001000s ]
INFO: [ app_end ] --START--
INFO: Run Behavior\ShowPageTraceBehavior [ RunTime:0.000000s ]
INFO: [ app_end ] --END-- [ RunTime:0.000000s ]

[ 2019-01-12T02:13:39+08:00 ] ::1 /jonza/index.php/Ad/Advertisement/add.shtml
INFO: [ app_begin ] --START--
INFO: Run Behavior\ReadHtmlCacheBehavior [ RunTime:0.000000s ]
INFO: [ app_begin ] --END-- [ RunTime:0.000000s ]
NOTIC: [8192] mysql_connect(): The mysql extension is deprecated and will be removed in the future: use mysqli or PDO instead G:\PHPTest\jonza\Library\Think\Library\Think\Session\Driver\Db.class.php 第 95 行.
SQL: SHOW COLUMNS FROM `wx_ad` [ RunTime:0.0330s ]
SQL: SHOW COLUMNS FROM `wx_ad_type` [ RunTime:0.0180s ]
SQL: SELECT `type_id`,`type_name` FROM `wx_ad_type` WHERE `status` = 2  [ RunTime:0.0120s ]
SQL: SHOW COLUMNS FROM `wx_advertiser` [ RunTime:0.0140s ]
SQL: SELECT `advertiser_id`,`name` FROM `wx_advertiser`  [ RunTime:0.0090s ]
SQL: SHOW COLUMNS FROM `wx_sys_user` [ RunTime:0.0100s ]
SQL: SELECT `id`,`name` FROM `wx_sys_user` WHERE `status` = 2 AND `role` = 22  [ RunTime:0.0090s ]
INFO: [ view_parse ] --START--
INFO: [ template_filter ] --START--
INFO: Run Behavior\ContentReplaceBehavior [ RunTime:0.000000s ]
INFO: [ template_filter ] --END-- [ RunTime:0.001000s ]
NOTIC: [8] Undefined index: type G:\PHPTest\jonza\Static\Runtime\Cache\Ad\e717bec89a1f64f83e589ba594308eef.php 第 17 行.
NOTIC: [8] Undefined index: type G:\PHPTest\jonza\Static\Runtime\Cache\Ad\e717bec89a1f64f83e589ba594308eef.php 第 18 行.
NOTIC: [8] Undefined index: advertiser_id G:\PHPTest\jonza\Static\Runtime\Cache\Ad\e717bec89a1f64f83e589ba594308eef.php 第 27 行.
NOTIC: [8] Undefined index: advertiser_id G:\PHPTest\jonza\Static\Runtime\Cache\Ad\e717bec89a1f64f83e589ba594308eef.php 第 27 行.
NOTIC: [8] Undefined index: advertiser_id G:\PHPTest\jonza\Static\Runtime\Cache\Ad\e717bec89a1f64f83e589ba594308eef.php 第 27 行.
NOTIC: [8] Undefined index: user_id G:\PHPTest\jonza\Static\Runtime\Cache\Ad\e717bec89a1f64f83e589ba594308eef.php 第 36 行.
NOTIC: [8] Undefined index: user_id G:\PHPTest\jonza\Static\Runtime\Cache\Ad\e717bec89a1f64f83e589ba594308eef.php 第 36 行.
NOTIC: [8] Undefined index: user_id G:\PHPTest\jonza\Static\Runtime\Cache\Ad\e717bec89a1f64f83e589ba594308eef.php 第 36 行.
NOTIC: [8] Undefined index: ad_name G:\PHPTest\jonza\Static\Runtime\Cache\Ad\e717bec89a1f64f83e589ba594308eef.php 第 44 行.
NOTIC: [8] Undefined index: ad_type_id G:\PHPTest\jonza\Static\Runtime\Cache\Ad\e717bec89a1f64f83e589ba594308eef.php 第 52 行.
NOTIC: [8] Undefined index: ad_type_id G:\PHPTest\jonza\Static\Runtime\Cache\Ad\e717bec89a1f64f83e589ba594308eef.php 第 52 行.
NOTIC: [8] Undefined index: ad_type_id G:\PHPTest\jonza\Static\Runtime\Cache\Ad\e717bec89a1f64f83e589ba594308eef.php 第 52 行.
NOTIC: [8] Undefined index: ad_type_id G:\PHPTest\jonza\Static\Runtime\Cache\Ad\e717bec89a1f64f83e589ba594308eef.php 第 52 行.
NOTIC: [8] Undefined index: ad_type_id G:\PHPTest\jonza\Static\Runtime\Cache\Ad\e717bec89a1f64f83e589ba594308eef.php 第 52 行.
NOTIC: [8] Undefined index: ad_type_id G:\PHPTest\jonza\Static\Runtime\Cache\Ad\e717bec89a1f64f83e589ba594308eef.php 第 52 行.
NOTIC: [8] Undefined index: ad_type_id G:\PHPTest\jonza\Static\Runtime\Cache\Ad\e717bec89a1f64f83e589ba594308eef.php 第 52 行.
NOTIC: [8] Undefined index: ad_type_id G:\PHPTest\jonza\Static\Runtime\Cache\Ad\e717bec89a1f64f83e589ba594308eef.php 第 52 行.
NOTIC: [8] Undefined index: ad_type_id G:\PHPTest\jonza\Static\Runtime\Cache\Ad\e717bec89a1f64f83e589ba594308eef.php 第 52 行.
NOTIC: [8] Undefined index: ad_type_id G:\PHPTest\jonza\Static\Runtime\Cache\Ad\e717bec89a1f64f83e589ba594308eef.php 第 52 行.
NOTIC: [8] Undefined index: ad_type_id G:\PHPTest\jonza\Static\Runtime\Cache\Ad\e717bec89a1f64f83e589ba594308eef.php 第 52 行.
NOTIC: [8] Undefined index: ad_type_id G:\PHPTest\jonza\Static\Runtime\Cache\Ad\e717bec89a1f64f83e589ba594308eef.php 第 52 行.
NOTIC: [8] Undefined index: ad_type_id G:\PHPTest\jonza\Static\Runtime\Cache\Ad\e717bec89a1f64f83e589ba594308eef.php 第 52 行.
NOTIC: [8] Undefined index: ad_type_id G:\PHPTest\jonza\Static\Runtime\Cache\Ad\e717bec89a1f64f83e589ba594308eef.php 第 52 行.
NOTIC: [8] Undefined index: ad_type_id G:\PHPTest\jonza\Static\Runtime\Cache\Ad\e717bec89a1f64f83e589ba594308eef.php 第 52 行.
NOTIC: [8] Undefined index: ad_type_id G:\PHPTest\jonza\Static\Runtime\Cache\Ad\e717bec89a1f64f83e589ba594308eef.php 第 52 行.
NOTIC: [8] Undefined index: ad_type_id G:\PHPTest\jonza\Static\Runtime\Cache\Ad\e717bec89a1f64f83e589ba594308eef.php 第 52 行.
NOTIC: [8] Undefined index: system_type G:\PHPTest\jonza\Static\Runtime\Cache\Ad\e717bec89a1f64f83e589ba594308eef.php 第 61 行.
NOTIC: [8] Undefined index: system_type G:\PHPTest\jonza\Static\Runtime\Cache\Ad\e717bec89a1f64f83e589ba594308eef.php 第 62 行.
NOTIC: [8] Undefined index: end_time G:\PHPTest\jonza\Static\Runtime\Cache\Ad\e717bec89a1f64f83e589ba594308eef.php 第 70 行.
NOTIC: [8] Undefined index: end_time G:\PHPTest\jonza\Static\Runtime\Cache\Ad\e717bec89a1f64f83e589ba594308eef.php 第 75 行.
NOTIC: [8] Undefined index: status G:\PHPTest\jonza\Static\Runtime\Cache\Ad\e717bec89a1f64f83e589ba594308eef.php 第 86 行.
NOTIC: [8] Undefined index: status G:\PHPTest\jonza\Static\Runtime\Cache\Ad\e717bec89a1f64f83e589ba594308eef.php 第 87 行.
NOTIC: [8] Undefined index: apply_switch G:\PHPTest\jonza\Static\Runtime\Cache\Ad\e717bec89a1f64f83e589ba594308eef.php 第 96 行.
NOTIC: [8] Undefined index: apply_switch G:\PHPTest\jonza\Static\Runtime\Cache\Ad\e717bec89a1f64f83e589ba594308eef.php 第 97 行.
NOTIC: [8] Undefined index: currency_type G:\PHPTest\jonza\Static\Runtime\Cache\Ad\e717bec89a1f64f83e589ba594308eef.php 第 106 行.
NOTIC: [8] Undefined index: currency_type G:\PHPTest\jonza\Static\Runtime\Cache\Ad\e717bec89a1f64f83e589ba594308eef.php 第 107 行.
NOTIC: [8] Undefined index: settlement_type G:\PHPTest\jonza\Static\Runtime\Cache\Ad\e717bec89a1f64f83e589ba594308eef.php 第 117 行.
NOTIC: [8] Undefined index: settlement_type G:\PHPTest\jonza\Static\Runtime\Cache\Ad\e717bec89a1f64f83e589ba594308eef.php 第 118 行.
NOTIC: [8] Undefined index: settlement_type G:\PHPTest\jonza\Static\Runtime\Cache\Ad\e717bec89a1f64f83e589ba594308eef.php 第 119 行.
NOTIC: [8] Undefined index: settlement_type G:\PHPTest\jonza\Static\Runtime\Cache\Ad\e717bec89a1f64f83e589ba594308eef.php 第 120 行.
NOTIC: [8] Undefined index: settlement_type G:\PHPTest\jonza\Static\Runtime\Cache\Ad\e717bec89a1f64f83e589ba594308eef.php 第 121 行.
NOTIC: [8] Undefined index: settlement_type G:\PHPTest\jonza\Static\Runtime\Cache\Ad\e717bec89a1f64f83e589ba594308eef.php 第 122 行.
NOTIC: [8] Undefined index: browse_link G:\PHPTest\jonza\Static\Runtime\Cache\Ad\e717bec89a1f64f83e589ba594308eef.php 第 147 行.
NOTIC: [8] Undefined index: ad_track_link G:\PHPTest\jonza\Static\Runtime\Cache\Ad\e717bec89a1f64f83e589ba594308eef.php 第 157 行.
NOTIC: [8] Undefined index: ad_track_link G:\PHPTest\jonza\Static\Runtime\Cache\Ad\e717bec89a1f64f83e589ba594308eef.php 第 219 行.
NOTIC: [8] Undefined index: ad_track_link G:\PHPTest\jonza\Static\Runtime\Cache\Ad\e717bec89a1f64f83e589ba594308eef.php 第 219 行.
NOTIC: [8] Undefined index: description G:\PHPTest\jonza\Static\Runtime\Cache\Ad\e717bec89a1f64f83e589ba594308eef.php 第 226 行.
INFO: Run Behavior\ParseTemplateBehavior [ RunTime:0.011000s ]
INFO: [ view_parse ] --END-- [ RunTime:0.011000s ]
INFO: [ view_filter ] --START--
INFO: Run Behavior\WriteHtmlCacheBehavior [ RunTime:0.001000s ]
INFO: Run Library\Behavior\EmptyImageBehavior [ RunTime:0.000000s ]
INFO: [ view_filter ] --END-- [ RunTime:0.001000s ]
INFO: [ app_end ] --START--
INFO: Run Behavior\ShowPageTraceBehavior [ RunTime:0.000000s ]
INFO: [ app_end ] --END-- [ RunTime:0.000000s ]

[ 2019-01-12T02:14:18+08:00 ] ::1 /jonza/index.php/Ad/Advertisement/edit/id/9.shtml
INFO: [ app_begin ] --START--
INFO: Run Behavior\ReadHtmlCacheBehavior [ RunTime:0.001000s ]
INFO: [ app_begin ] --END-- [ RunTime:0.001000s ]
NOTIC: [8192] mysql_connect(): The mysql extension is deprecated and will be removed in the future: use mysqli or PDO instead G:\PHPTest\jonza\Library\Think\Library\Think\Session\Driver\Db.class.php 第 95 行.
SQL: SHOW COLUMNS FROM `wx_ad` [ RunTime:0.0310s ]
SQL: SELECT * FROM `wx_ad` WHERE `ad_id` = 9 LIMIT 1   [ RunTime:0.0110s ]
SQL: SHOW COLUMNS FROM `wx_ad_type` [ RunTime:0.0120s ]
SQL: SELECT `type_id`,`type_name` FROM `wx_ad_type` WHERE `status` = 2  [ RunTime:0.0190s ]
SQL: SHOW COLUMNS FROM `wx_advertiser` [ RunTime:0.0130s ]
SQL: SELECT `advertiser_id`,`name` FROM `wx_advertiser`  [ RunTime:0.0110s ]
SQL: SHOW COLUMNS FROM `wx_sys_user` [ RunTime:0.0120s ]
SQL: SELECT `id`,`name` FROM `wx_sys_user` WHERE `status` = 2 AND `role` = 22  [ RunTime:0.0110s ]
INFO: [ view_parse ] --START--
INFO: [ template_filter ] --START--
INFO: Run Behavior\ContentReplaceBehavior [ RunTime:0.000000s ]
INFO: [ template_filter ] --END-- [ RunTime:0.000000s ]
INFO: Run Behavior\ParseTemplateBehavior [ RunTime:0.011000s ]
INFO: [ view_parse ] --END-- [ RunTime:0.011000s ]
INFO: [ view_filter ] --START--
INFO: Run Behavior\WriteHtmlCacheBehavior [ RunTime:0.000000s ]
INFO: Run Library\Behavior\EmptyImageBehavior [ RunTime:0.001001s ]
INFO: [ view_filter ] --END-- [ RunTime:0.001001s ]
INFO: [ app_end ] --START--
INFO: Run Behavior\ShowPageTraceBehavior [ RunTime:0.000000s ]
INFO: [ app_end ] --END-- [ RunTime:0.000000s ]

[ 2019-01-12T02:14:42+08:00 ] ::1 /jonza/index.php/Ad/Advertiser/add.shtml
INFO: [ app_begin ] --START--
INFO: Run Behavior\ReadHtmlCacheBehavior [ RunTime:0.000000s ]
INFO: [ app_begin ] --END-- [ RunTime:0.000000s ]
NOTIC: [8192] mysql_connect(): The mysql extension is deprecated and will be removed in the future: use mysqli or PDO instead G:\PHPTest\jonza\Library\Think\Library\Think\Session\Driver\Db.class.php 第 95 行.
SQL: SHOW COLUMNS FROM `wx_advertiser` [ RunTime:0.0300s ]
INFO: [ view_parse ] --START--
INFO: [ template_filter ] --START--
INFO: Run Behavior\ContentReplaceBehavior [ RunTime:0.000000s ]
INFO: [ template_filter ] --END-- [ RunTime:0.000000s ]
NOTIC: [8] Undefined index: name G:\PHPTest\jonza\Static\Runtime\Cache\Ad\4f11973d0156c93cccfba0b120cbc0e9.php 第 16 行.
NOTIC: [8] Undefined index: email G:\PHPTest\jonza\Static\Runtime\Cache\Ad\4f11973d0156c93cccfba0b120cbc0e9.php 第 23 行.
NOTIC: [8] Undefined index: portrait G:\PHPTest\jonza\Static\Runtime\Cache\Ad\4f11973d0156c93cccfba0b120cbc0e9.php 第 30 行.
NOTIC: [8] Undefined index: portrait G:\PHPTest\jonza\Static\Runtime\Cache\Ad\4f11973d0156c93cccfba0b120cbc0e9.php 第 32 行.
NOTIC: [8] Undefined index: identity G:\PHPTest\jonza\Static\Runtime\Cache\Ad\4f11973d0156c93cccfba0b120cbc0e9.php 第 40 行.
NOTIC: [8] Undefined index: identity G:\PHPTest\jonza\Static\Runtime\Cache\Ad\4f11973d0156c93cccfba0b120cbc0e9.php 第 41 行.
NOTIC: [8] Undefined index: type G:\PHPTest\jonza\Static\Runtime\Cache\Ad\4f11973d0156c93cccfba0b120cbc0e9.php 第 51 行.
NOTIC: [8] Undefined index: type G:\PHPTest\jonza\Static\Runtime\Cache\Ad\4f11973d0156c93cccfba0b120cbc0e9.php 第 52 行.
NOTIC: [8] Undefined index: type G:\PHPTest\jonza\Static\Runtime\Cache\Ad\4f11973d0156c93cccfba0b120cbc0e9.php 第 53 行.
NOTIC: [8] Undefined index: type G:\PHPTest\jonza\Static\Runtime\Cache\Ad\4f11973d0156c93cccfba0b120cbc0e9.php 第 54 行.
NOTIC: [8] Undefined index: type G:\PHPTest\jonza\Static\Runtime\Cache\Ad\4f11973d0156c93cccfba0b120cbc0e9.php 第 55 行.
NOTIC: [8] Undefined index: network G:\PHPTest\jonza\Static\Runtime\Cache\Ad\4f11973d0156c93cccfba0b120cbc0e9.php 第 63 行.
NOTIC: [8] Undefined index: logo G:\PHPTest\jonza\Static\Runtime\Cache\Ad\4f11973d0156c93cccfba0b120cbc0e9.php 第 70 行.
NOTIC: [8] Undefined index: logo G:\PHPTest\jonza\Static\Runtime\Cache\Ad\4f11973d0156c93cccfba0b120cbc0e9.php 第 72 行.
NOTIC: [8] Undefined index: contacts_name G:\PHPTest\jonza\Static\Runtime\Cache\Ad\4f11973d0156c93cccfba0b120cbc0e9.php 第 79 行.
NOTIC: [8] Undefined index: contacts_emali G:\PHPTest\jonza\Static\Runtime\Cache\Ad\4f11973d0156c93cccfba0b120cbc0e9.php 第 86 行.
NOTIC: [8] Undefined index: contacts_mobile G:\PHPTest\jonza\Static\Runtime\Cache\Ad\4f11973d0156c93cccfba0b120cbc0e9.php 第 94 行.
NOTIC: [8] Undefined index: contacts_qq G:\PHPTest\jonza\Static\Runtime\Cache\Ad\4f11973d0156c93cccfba0b120cbc0e9.php 第 101 行.
NOTIC: [8] Undefined index: contacts_wechat G:\PHPTest\jonza\Static\Runtime\Cache\Ad\4f11973d0156c93cccfba0b120cbc0e9.php 第 108 行.
NOTIC: [8] Undefined index: status G:\PHPTest\jonza\Static\Runtime\Cache\Ad\4f11973d0156c93cccfba0b120cbc0e9.php 第 116 行.
NOTIC: [8] Undefined index: status G:\PHPTest\jonza\Static\Runtime\Cache\Ad\4f11973d0156c93cccfba0b120cbc0e9.php 第 117 行.
INFO: Run Behavior\ParseTemplateBehavior [ RunTime:0.009001s ]
INFO: [ view_parse ] --END-- [ RunTime:0.009001s ]
INFO: [ view_filter ] --START--
INFO: Run Behavior\WriteHtmlCacheBehavior [ RunTime:0.000000s ]
INFO: Run Library\Behavior\EmptyImageBehavior [ RunTime:0.000000s ]
INFO: [ view_filter ] --END-- [ RunTime:0.000000s ]
INFO: [ app_end ] --START--
INFO: Run Behavior\ShowPageTraceBehavior [ RunTime:0.001000s ]
INFO: [ app_end ] --END-- [ RunTime:0.001000s ]

[ 2019-01-12T02:14:50+08:00 ] ::1 /jonza/index.php/Ad/Channel/add.shtml
INFO: [ app_begin ] --START--
INFO: Run Behavior\ReadHtmlCacheBehavior [ RunTime:0.000000s ]
INFO: [ app_begin ] --END-- [ RunTime:0.000000s ]
NOTIC: [8192] mysql_connect(): The mysql extension is deprecated and will be removed in the future: use mysqli or PDO instead G:\PHPTest\jonza\Library\Think\Library\Think\Session\Driver\Db.class.php 第 95 行.
SQL: SHOW COLUMNS FROM `wx_channel` [ RunTime:0.0340s ]
INFO: [ view_parse ] --START--
INFO: [ template_filter ] --START--
INFO: Run Behavior\ContentReplaceBehavior [ RunTime:0.000000s ]
INFO: [ template_filter ] --END-- [ RunTime:0.000000s ]
NOTIC: [8] Undefined index: name G:\PHPTest\jonza\Static\Runtime\Cache\Ad\989ffc6523b26758d882147ed4b72729.php 第 16 行.
NOTIC: [8] Undefined index: email G:\PHPTest\jonza\Static\Runtime\Cache\Ad\989ffc6523b26758d882147ed4b72729.php 第 23 行.
NOTIC: [8] Undefined index: portrait G:\PHPTest\jonza\Static\Runtime\Cache\Ad\989ffc6523b26758d882147ed4b72729.php 第 30 行.
NOTIC: [8] Undefined index: portrait G:\PHPTest\jonza\Static\Runtime\Cache\Ad\989ffc6523b26758d882147ed4b72729.php 第 32 行.
NOTIC: [8] Undefined index: identity G:\PHPTest\jonza\Static\Runtime\Cache\Ad\989ffc6523b26758d882147ed4b72729.php 第 40 行.
NOTIC: [8] Undefined index: identity G:\PHPTest\jonza\Static\Runtime\Cache\Ad\989ffc6523b26758d882147ed4b72729.php 第 41 行.
NOTIC: [8] Undefined index: type G:\PHPTest\jonza\Static\Runtime\Cache\Ad\989ffc6523b26758d882147ed4b72729.php 第 51 行.
NOTIC: [8] Undefined index: type G:\PHPTest\jonza\Static\Runtime\Cache\Ad\989ffc6523b26758d882147ed4b72729.php 第 52 行.
NOTIC: [8] Undefined index: type G:\PHPTest\jonza\Static\Runtime\Cache\Ad\989ffc6523b26758d882147ed4b72729.php 第 53 行.
NOTIC: [8] Undefined index: type G:\PHPTest\jonza\Static\Runtime\Cache\Ad\989ffc6523b26758d882147ed4b72729.php 第 54 行.
NOTIC: [8] Undefined index: type G:\PHPTest\jonza\Static\Runtime\Cache\Ad\989ffc6523b26758d882147ed4b72729.php 第 55 行.
NOTIC: [8] Undefined index: network G:\PHPTest\jonza\Static\Runtime\Cache\Ad\989ffc6523b26758d882147ed4b72729.php 第 63 行.
NOTIC: [8] Undefined index: logo G:\PHPTest\jonza\Static\Runtime\Cache\Ad\989ffc6523b26758d882147ed4b72729.php 第 70 行.
NOTIC: [8] Undefined index: logo G:\PHPTest\jonza\Static\Runtime\Cache\Ad\989ffc6523b26758d882147ed4b72729.php 第 72 行.
NOTIC: [8] Undefined index: contacts_name G:\PHPTest\jonza\Static\Runtime\Cache\Ad\989ffc6523b26758d882147ed4b72729.php 第 79 行.
NOTIC: [8] Undefined index: contacts_emali G:\PHPTest\jonza\Static\Runtime\Cache\Ad\989ffc6523b26758d882147ed4b72729.php 第 86 行.
NOTIC: [8] Undefined index: contacts_mobile G:\PHPTest\jonza\Static\Runtime\Cache\Ad\989ffc6523b26758d882147ed4b72729.php 第 94 行.
NOTIC: [8] Undefined index: contacts_qq G:\PHPTest\jonza\Static\Runtime\Cache\Ad\989ffc6523b26758d882147ed4b72729.php 第 101 行.
NOTIC: [8] Undefined index: contacts_wechat G:\PHPTest\jonza\Static\Runtime\Cache\Ad\989ffc6523b26758d882147ed4b72729.php 第 108 行.
NOTIC: [8] Undefined index: status G:\PHPTest\jonza\Static\Runtime\Cache\Ad\989ffc6523b26758d882147ed4b72729.php 第 116 行.
NOTIC: [8] Undefined index: status G:\PHPTest\jonza\Static\Runtime\Cache\Ad\989ffc6523b26758d882147ed4b72729.php 第 117 行.
INFO: Run Behavior\ParseTemplateBehavior [ RunTime:0.008001s ]
INFO: [ view_parse ] --END-- [ RunTime:0.008001s ]
INFO: [ view_filter ] --START--
INFO: Run Behavior\WriteHtmlCacheBehavior [ RunTime:0.000000s ]
INFO: Run Library\Behavior\EmptyImageBehavior [ RunTime:0.000000s ]
INFO: [ view_filter ] --END-- [ RunTime:0.000000s ]
INFO: [ app_end ] --START--
INFO: Run Behavior\ShowPageTraceBehavior [ RunTime:0.001000s ]
INFO: [ app_end ] --END-- [ RunTime:0.001000s ]

