[ 2019-01-11T13:10:35+08:00 ] 116.22.208.41 /jonza/index.php/Ad/Advertisement/edit/id/8.shtml
INFO: [ app_begin ] --START--
INFO: Run Behavior\ReadHtmlCacheBehavior [ RunTime:0.000072s ]
INFO: [ app_begin ] --END-- [ RunTime:0.000109s ]
NOTIC: [8192] mysql_connect(): The mysql extension is deprecated and will be removed in the future: use mysqli or PDO instead /home/www/htdocs/jonza/Library/Think/Library/Think/Session/Driver/Db.class.php 第 95 行.
SQL: SHOW COLUMNS FROM `wx_ad` [ RunTime:0.0024s ]
SQL: SELECT * FROM `wx_ad` WHERE `ad_id` = 8 LIMIT 1   [ RunTime:0.0020s ]
SQL: SHOW COLUMNS FROM `wx_ad_type` [ RunTime:0.0020s ]
SQL: SELECT `type_id`,`type_name` FROM `wx_ad_type` WHERE `status` = 2  [ RunTime:0.0019s ]
SQL: SHOW COLUMNS FROM `wx_advertiser` [ RunTime:0.0021s ]
SQL: SELECT `advertiser_id`,`name` FROM `wx_advertiser`  [ RunTime:0.0019s ]
SQL: SHOW COLUMNS FROM `wx_sys_user` [ RunTime:0.0021s ]
SQL: SELECT `id`,`name` FROM `wx_sys_user` WHERE `status` = 2 AND `role` = 22  [ RunTime:0.0019s ]
INFO: [ view_parse ] --START--
INFO: [ template_filter ] --START--
INFO: Run Behavior\ContentReplaceBehavior [ RunTime:0.000103s ]
INFO: [ template_filter ] --END-- [ RunTime:0.000137s ]
INFO: Run Behavior\ParseTemplateBehavior [ RunTime:0.009732s ]
INFO: [ view_parse ] --END-- [ RunTime:0.009767s ]
INFO: [ view_filter ] --START--
INFO: Run Behavior\WriteHtmlCacheBehavior [ RunTime:0.000075s ]
INFO: Run Library\Behavior\EmptyImageBehavior [ RunTime:0.000236s ]
INFO: [ view_filter ] --END-- [ RunTime:0.000355s ]
INFO: [ app_end ] --START--
INFO: Run Behavior\ShowPageTraceBehavior [ RunTime:0.000071s ]
INFO: [ app_end ] --END-- [ RunTime:0.000092s ]

