[ 2015-05-26T10:10:39+08:00 ] 127.0.0.1 /jonza/index.php/Store/Stores/extension.shtml
INFO: [ app_begin ] --START--
INFO: Run Behavior\ReadHtmlCacheBehavior [ RunTime:0.002000s ]
INFO: [ app_begin ] --END-- [ RunTime:0.003000s ]
NOTIC: [8192] mysql_connect(): The mysql extension is deprecated and will be removed in the future: use mysqli or PDO instead E:\cucisvn\01-code\jonza\Library\Think\Library\Think\Session\Driver\Db.class.php 第 95 行.
SQL: SHOW COLUMNS FROM `wx_stores` [ RunTime:0.0080s ]
SQL: SELECT * FROM `wx_stores` WHERE `id` = null LIMIT 1   [ RunTime:0.0010s ]

[ 2015-05-26T10:11:04+08:00 ] 127.0.0.1 /jonza/index.php/Store/Stores/extension.shtml
INFO: [ app_begin ] --START--
INFO: Run Behavior\ReadHtmlCacheBehavior [ RunTime:0.001000s ]
INFO: [ app_begin ] --END-- [ RunTime:0.002000s ]
NOTIC: [8192] mysql_connect(): The mysql extension is deprecated and will be removed in the future: use mysqli or PDO instead E:\cucisvn\01-code\jonza\Library\Think\Library\Think\Session\Driver\Db.class.php 第 95 行.
SQL: SHOW COLUMNS FROM `wx_sys_role_node` [ RunTime:0.0070s ]
SQL: SELECT `node` FROM `wx_sys_role_node` WHERE `role_id` = '24'  [ RunTime:0.0010s ]
SQL: SHOW COLUMNS FROM `wx_stores` [ RunTime:0.0080s ]
SQL: SELECT * FROM `wx_stores` WHERE `id` = 1 LIMIT 1   [ RunTime:0.0010s ]
SQL: SHOW COLUMNS FROM `wx_promotion_info` [ RunTime:0.0150s ]
SQL: SELECT * FROM `wx_promotion_info` WHERE `cdkey` = '5555c17c2ac86' LIMIT 1   [ RunTime:0.0000s ]
SQL: SHOW COLUMNS FROM `wx_exchange_record` [ RunTime:0.0090s ]
SQL: SELECT * FROM `wx_exchange_record` WHERE `openid` = 'oAeaZjr6t24fvxLGPbn2SJ9rG_fI' LIMIT 1   [ RunTime:0.0000s ]
SQL: SELECT * FROM `wx_stores` WHERE `number` = '1001' LIMIT 1   [ RunTime:0.0090s ]
SQL: SELECT * FROM `wx_promotion_info` WHERE `cdkey` = '5555c17c2ac86' AND `status` = 1 LIMIT 1   [ RunTime:0.0000s ]

[ 2015-05-26T10:11:15+08:00 ] 127.0.0.1 /jonza/index.php/Store/Stores/exchange.shtml
INFO: [ app_begin ] --START--
INFO: Run Behavior\ReadHtmlCacheBehavior [ RunTime:0.002000s ]
INFO: [ app_begin ] --END-- [ RunTime:0.004000s ]
NOTIC: [8192] mysql_connect(): The mysql extension is deprecated and will be removed in the future: use mysqli or PDO instead E:\cucisvn\01-code\jonza\Library\Think\Library\Think\Session\Driver\Db.class.php 第 95 行.
SQL: SHOW COLUMNS FROM `wx_sys_role_node` [ RunTime:0.0070s ]
SQL: SELECT `node` FROM `wx_sys_role_node` WHERE `role_id` = '24'  [ RunTime:0.0010s ]
SQL: SHOW COLUMNS FROM `wx_stores` [ RunTime:0.0090s ]
SQL: SELECT * FROM `wx_stores` WHERE `number` = '1001' LIMIT 1   [ RunTime:0.0000s ]
SQL: SHOW COLUMNS FROM `wx_prize_peizhi` [ RunTime:0.0080s ]
SQL: SELECT * FROM `wx_prize_peizhi` LIMIT 1   [ RunTime:0.0010s ]
SQL: SHOW COLUMNS FROM `wx_promotion_info` [ RunTime:0.0070s ]
SQL: SELECT pi.*,m.name,m.openid FROM wx_promotion_info pi left join wx_member m on pi.uid = m.id  WHERE `cdkey` = '5555c17c2ac86' LIMIT 1   [ RunTime:0.0120s ]
SQL: UPDATE `wx_promotion_info` SET `status`='2',`stores`='1001',`use_time`='2015-05-26 10-11:14' WHERE `cdkey` = '5555c17c2ac86' [ RunTime:0.0520s ]
SQL: SHOW COLUMNS FROM `wx_exchange_record` [ RunTime:0.0070s ]
SQL: INSERT INTO `wx_exchange_record` (`code`,`store_id`,`username`,`openid`,`store_name`,`prize_name`,`prize_img`,`create_date`,`result`) VALUES ('5555c17c2ac86','1','给您','oAeaZjr6t24fvxLGPbn2SJ9rG_fI','精典妆家怀远县1店','焕采雪颜面膜','http://www.qjis.com/uploads/allimg/121126/10422545O-34.jpg','2015-05-26 10-11:14','1') [ RunTime:0.0980s ]

[ 2015-05-26T15:13:33+08:00 ] 127.0.0.1 /jonza/index.php/Store/Financial/index.shtml
ERR: SQLSTATE[42S22]: Column not found: 1054 Champ 'so.status' inconnu dans where clause

