[ 2015-05-22T09:35:41+08:00 ] 127.0.0.1 /jonza/index.php/Store/Stores/score.shtml?start_time=2015-05-19&end_time=2015-05-22
ERR: SQLSTATE[42000]: Syntax error or access violation: 1064 Erreur de syntaxe près de ') GROUP BY m.openid ORDER BY m.create_date DESC' à la ligne 1

[ 2015-05-22T09:36:50+08:00 ] 127.0.0.1 /jonza/index.php/Store/Stores/score.shtml?start_time=2015-05-19&end_time=2015-05-22
ERR: SQLSTATE[42000]: Syntax error or access violation: 1064 Erreur de syntaxe près de ') GROUP BY m.openid ORDER BY m.create_date DESC' à la ligne 1

[ 2015-05-22T09:43:59+08:00 ] 127.0.0.1 /jonza/index.php/Store/Stores/score.shtml?start_time=2015-05-19&end_time=2015-05-22
ERR: 表达式错误:between 

[ 2015-05-22T10:50:45+08:00 ] 127.0.0.1 /jonza/index.php/Store/Stores/extension.shtml
INFO: [ app_begin ] --START--
INFO: Run Behavior\ReadHtmlCacheBehavior [ RunTime:0.001000s ]
INFO: [ app_begin ] --END-- [ RunTime:0.003000s ]
NOTIC: [8192] mysql_connect(): The mysql extension is deprecated and will be removed in the future: use mysqli or PDO instead E:\cucisvn\01-code\jonza\Library\Think\Library\Think\Session\Driver\Db.class.php 第 95 行.
SQL: SHOW COLUMNS FROM `wx_stores` [ RunTime:0.0070s ]
SQL: SELECT * FROM `wx_stores` WHERE `id` = null LIMIT 1   [ RunTime:0.0000s ]

[ 2015-05-22T10:53:26+08:00 ] 127.0.0.1 /jonza/index.php/Store/Stores/extension.shtml
INFO: [ app_begin ] --START--
INFO: Run Behavior\ReadHtmlCacheBehavior [ RunTime:0.001000s ]
INFO: [ app_begin ] --END-- [ RunTime:0.003000s ]
NOTIC: [8192] mysql_connect(): The mysql extension is deprecated and will be removed in the future: use mysqli or PDO instead E:\cucisvn\01-code\jonza\Library\Think\Library\Think\Session\Driver\Db.class.php 第 95 行.
SQL: SHOW COLUMNS FROM `wx_sys_role_node` [ RunTime:0.0090s ]
SQL: SELECT `node` FROM `wx_sys_role_node` WHERE `role_id` = '24'  [ RunTime:0.0010s ]
SQL: SHOW COLUMNS FROM `wx_stores` [ RunTime:0.0080s ]
SQL: SELECT * FROM `wx_stores` WHERE `id` = 1 LIMIT 1   [ RunTime:0.0010s ]

[ 2015-05-22T10:54:37+08:00 ] 127.0.0.1 /jonza/index.php/Store/Stores/extension.shtml
INFO: [ app_begin ] --START--
INFO: Run Behavior\ReadHtmlCacheBehavior [ RunTime:0.002000s ]
INFO: [ app_begin ] --END-- [ RunTime:0.002000s ]
NOTIC: [8192] mysql_connect(): The mysql extension is deprecated and will be removed in the future: use mysqli or PDO instead E:\cucisvn\01-code\jonza\Library\Think\Library\Think\Session\Driver\Db.class.php 第 95 行.
SQL: SHOW COLUMNS FROM `wx_sys_role_node` [ RunTime:0.0090s ]
SQL: SELECT `node` FROM `wx_sys_role_node` WHERE `role_id` = '24'  [ RunTime:0.0020s ]
SQL: SHOW COLUMNS FROM `wx_stores` [ RunTime:0.0080s ]
SQL: SELECT * FROM `wx_stores` WHERE `id` = 1 LIMIT 1   [ RunTime:0.0010s ]

[ 2015-05-22T10:54:56+08:00 ] 127.0.0.1 /jonza/index.php/Store/Stores/extension.shtml
INFO: [ app_begin ] --START--
INFO: Run Behavior\ReadHtmlCacheBehavior [ RunTime:0.000000s ]
INFO: [ app_begin ] --END-- [ RunTime:0.002000s ]
NOTIC: [8192] mysql_connect(): The mysql extension is deprecated and will be removed in the future: use mysqli or PDO instead E:\cucisvn\01-code\jonza\Library\Think\Library\Think\Session\Driver\Db.class.php 第 95 行.
SQL: SHOW COLUMNS FROM `wx_sys_role_node` [ RunTime:0.0080s ]
SQL: SELECT `node` FROM `wx_sys_role_node` WHERE `role_id` = '24'  [ RunTime:0.0020s ]
SQL: SHOW COLUMNS FROM `wx_stores` [ RunTime:0.0080s ]
SQL: SELECT * FROM `wx_stores` WHERE `id` = 1 LIMIT 1   [ RunTime:0.0010s ]

[ 2015-05-22T10:55:14+08:00 ] 127.0.0.1 /jonza/index.php/Store/Stores/extension.shtml
INFO: [ app_begin ] --START--
INFO: Run Behavior\ReadHtmlCacheBehavior [ RunTime:0.002000s ]
INFO: [ app_begin ] --END-- [ RunTime:0.002000s ]
NOTIC: [8192] mysql_connect(): The mysql extension is deprecated and will be removed in the future: use mysqli or PDO instead E:\cucisvn\01-code\jonza\Library\Think\Library\Think\Session\Driver\Db.class.php 第 95 行.
SQL: SHOW COLUMNS FROM `wx_sys_role_node` [ RunTime:0.0060s ]
SQL: SELECT `node` FROM `wx_sys_role_node` WHERE `role_id` = '24'  [ RunTime:0.0020s ]
SQL: SHOW COLUMNS FROM `wx_stores` [ RunTime:0.0100s ]
SQL: SELECT * FROM `wx_stores` WHERE `id` = 1 LIMIT 1   [ RunTime:0.0010s ]

[ 2015-05-22T10:57:58+08:00 ] 127.0.0.1 /jonza/index.php/Store/Stores/extension.shtml
INFO: [ app_begin ] --START--
INFO: Run Behavior\ReadHtmlCacheBehavior [ RunTime:0.001000s ]
INFO: [ app_begin ] --END-- [ RunTime:0.003000s ]
NOTIC: [8192] mysql_connect(): The mysql extension is deprecated and will be removed in the future: use mysqli or PDO instead E:\cucisvn\01-code\jonza\Library\Think\Library\Think\Session\Driver\Db.class.php 第 95 行.
SQL: SHOW COLUMNS FROM `wx_sys_role_node` [ RunTime:0.0090s ]
SQL: SELECT `node` FROM `wx_sys_role_node` WHERE `role_id` = '24'  [ RunTime:0.0020s ]
SQL: SHOW COLUMNS FROM `wx_stores` [ RunTime:0.0090s ]
SQL: SELECT * FROM `wx_stores` WHERE `id` = 1 LIMIT 1   [ RunTime:0.0020s ]

[ 2015-05-22T10:58:58+08:00 ] 127.0.0.1 /jonza/index.php/Store/Stores/extension.shtml
INFO: [ app_begin ] --START--
INFO: Run Behavior\ReadHtmlCacheBehavior [ RunTime:0.001000s ]
INFO: [ app_begin ] --END-- [ RunTime:0.002000s ]
NOTIC: [8192] mysql_connect(): The mysql extension is deprecated and will be removed in the future: use mysqli or PDO instead E:\cucisvn\01-code\jonza\Library\Think\Library\Think\Session\Driver\Db.class.php 第 95 行.
SQL: SHOW COLUMNS FROM `wx_sys_role_node` [ RunTime:0.0060s ]
SQL: SELECT `node` FROM `wx_sys_role_node` WHERE `role_id` = '24'  [ RunTime:0.0010s ]
SQL: SHOW COLUMNS FROM `wx_stores` [ RunTime:0.0080s ]
SQL: SELECT * FROM `wx_stores` WHERE `id` = 1 LIMIT 1   [ RunTime:0.0010s ]

[ 2015-05-22T11:00:33+08:00 ] 127.0.0.1 /jonza/index.php/Store/Stores/extension.shtml
INFO: [ app_begin ] --START--
INFO: Run Behavior\ReadHtmlCacheBehavior [ RunTime:0.001000s ]
INFO: [ app_begin ] --END-- [ RunTime:0.003000s ]
NOTIC: [8192] mysql_connect(): The mysql extension is deprecated and will be removed in the future: use mysqli or PDO instead E:\cucisvn\01-code\jonza\Library\Think\Library\Think\Session\Driver\Db.class.php 第 95 行.
SQL: SHOW COLUMNS FROM `wx_sys_role_node` [ RunTime:0.0070s ]
SQL: SELECT `node` FROM `wx_sys_role_node` WHERE `role_id` = '24'  [ RunTime:0.0010s ]
SQL: SHOW COLUMNS FROM `wx_stores` [ RunTime:0.0080s ]
SQL: SELECT * FROM `wx_stores` WHERE `id` = 1 LIMIT 1   [ RunTime:0.0010s ]

[ 2015-05-22T11:00:40+08:00 ] 127.0.0.1 /jonza/index.php/Store/Stores/extension.shtml
INFO: [ app_begin ] --START--
INFO: Run Behavior\ReadHtmlCacheBehavior [ RunTime:0.001000s ]
INFO: [ app_begin ] --END-- [ RunTime:0.002000s ]
NOTIC: [8192] mysql_connect(): The mysql extension is deprecated and will be removed in the future: use mysqli or PDO instead E:\cucisvn\01-code\jonza\Library\Think\Library\Think\Session\Driver\Db.class.php 第 95 行.
SQL: SHOW COLUMNS FROM `wx_sys_role_node` [ RunTime:0.0070s ]
SQL: SELECT `node` FROM `wx_sys_role_node` WHERE `role_id` = '24'  [ RunTime:0.0020s ]
SQL: SHOW COLUMNS FROM `wx_stores` [ RunTime:0.0080s ]
SQL: SELECT * FROM `wx_stores` WHERE `id` = 1 LIMIT 1   [ RunTime:0.0000s ]
SQL: SHOW COLUMNS FROM `wx_promotion_info` [ RunTime:0.0070s ]
SQL: SELECT * FROM `wx_promotion_info` WHERE `cdkey` = '5552b1ae1301a' LIMIT 1   [ RunTime:0.0010s ]
SQL: SELECT * FROM `wx_stores` WHERE `number` = '1001' LIMIT 1   [ RunTime:0.0010s ]

[ 2015-05-22T11:00:56+08:00 ] 127.0.0.1 /jonza/index.php/Store/Stores/extension.shtml
INFO: [ app_begin ] --START--
INFO: Run Behavior\ReadHtmlCacheBehavior [ RunTime:0.001000s ]
INFO: [ app_begin ] --END-- [ RunTime:0.002001s ]
NOTIC: [8192] mysql_connect(): The mysql extension is deprecated and will be removed in the future: use mysqli or PDO instead E:\cucisvn\01-code\jonza\Library\Think\Library\Think\Session\Driver\Db.class.php 第 95 行.
SQL: SHOW COLUMNS FROM `wx_sys_role_node` [ RunTime:0.0070s ]
SQL: SELECT `node` FROM `wx_sys_role_node` WHERE `role_id` = '24'  [ RunTime:0.0010s ]
SQL: SHOW COLUMNS FROM `wx_stores` [ RunTime:0.0080s ]
SQL: SELECT * FROM `wx_stores` WHERE `id` = 1 LIMIT 1   [ RunTime:0.0010s ]
SQL: SHOW COLUMNS FROM `wx_promotion_info` [ RunTime:0.0070s ]
SQL: SELECT * FROM `wx_promotion_info` WHERE `cdkey` = '55559b8de6c0a' LIMIT 1   [ RunTime:0.0010s ]
SQL: SELECT * FROM `wx_stores` WHERE `number` = '1001' LIMIT 1   [ RunTime:0.0010s ]
SQL: SELECT * FROM `wx_promotion_info` WHERE `cdkey` = '55559b8de6c0a' AND `status` = 1 LIMIT 1   [ RunTime:0.0010s ]

[ 2015-05-22T11:03:27+08:00 ] 127.0.0.1 /jonza/index.php/Store/Order/edit/id/29.shtml
INFO: [ app_begin ] --START--
INFO: Run Behavior\ReadHtmlCacheBehavior [ RunTime:0.001000s ]
INFO: [ app_begin ] --END-- [ RunTime:0.002000s ]
NOTIC: [8192] mysql_connect(): The mysql extension is deprecated and will be removed in the future: use mysqli or PDO instead E:\cucisvn\01-code\jonza\Library\Think\Library\Think\Session\Driver\Db.class.php 第 95 行.
SQL: SHOW COLUMNS FROM `wx_store_order` [ RunTime:0.0080s ]
SQL: SELECT * FROM `wx_store_order` WHERE `id` = '29' LIMIT 1   [ RunTime:0.0010s ]
SQL: SHOW COLUMNS FROM `wx_store_freight_company` [ RunTime:0.0650s ]
SQL: SELECT * FROM `wx_store_freight_company` WHERE `status` = 2  [ RunTime:0.0010s ]
SQL: SHOW COLUMNS FROM `wx_store_order_product` [ RunTime:0.0320s ]
SQL: SELECT * FROM `wx_store_order_product` WHERE `order_id` = '29'  [ RunTime:0.0160s ]
SQL: SHOW COLUMNS FROM `wx_store_product` [ RunTime:0.0490s ]
NOTIC: [8] Undefined index: cid E:\cucisvn\01-code\jonza\Module\Store\Controller\OrderController.class.php 第 66 行.
SQL: SELECT * FROM `wx_store_product` LIMIT 1   [ RunTime:0.0790s ]
INFO: [ view_parse ] --START--
INFO: [ template_filter ] --START--
INFO: Run Behavior\ContentReplaceBehavior [ RunTime:0.001000s ]
INFO: [ template_filter ] --END-- [ RunTime:0.001000s ]
NOTIC: [8] Undefined index: freight_url E:\cucisvn\01-code\jonza\Static\Runtime\Cache\Store\d133d56bfe4406744f2c1c8f95de77c6.php 第 104 行.
INFO: Run Behavior\ParseTemplateBehavior [ RunTime:0.152008s ]
INFO: [ view_parse ] --END-- [ RunTime:0.153008s ]
INFO: [ view_filter ] --START--
INFO: Run Behavior\WriteHtmlCacheBehavior [ RunTime:0.001000s ]
INFO: Run Library\Behavior\EmptyImageBehavior [ RunTime:0.002001s ]
INFO: [ view_filter ] --END-- [ RunTime:0.004001s ]
INFO: [ app_end ] --START--
INFO: Run Behavior\ShowPageTraceBehavior [ RunTime:0.002000s ]
INFO: [ app_end ] --END-- [ RunTime:0.003000s ]

[ 2015-05-22T11:09:54+08:00 ] 127.0.0.1 /jonza/index.php/Store/Stores/extension.shtml
INFO: [ app_begin ] --START--
INFO: Run Behavior\ReadHtmlCacheBehavior [ RunTime:0.001000s ]
INFO: [ app_begin ] --END-- [ RunTime:0.003000s ]
NOTIC: [8192] mysql_connect(): The mysql extension is deprecated and will be removed in the future: use mysqli or PDO instead E:\cucisvn\01-code\jonza\Library\Think\Library\Think\Session\Driver\Db.class.php 第 95 行.
SQL: SHOW COLUMNS FROM `wx_sys_role_node` [ RunTime:0.0100s ]
SQL: SELECT `node` FROM `wx_sys_role_node` WHERE `role_id` = '24'  [ RunTime:0.0010s ]
INFO: [ view_parse ] --START--
SQL: SELECT `data`,`datacrc` FROM `think_cache` WHERE `cachekey`='sysconfig' AND (`expire` =0 OR `expire`>1432264194) LIMIT 0,1 [ RunTime:0.0010s ]
SQL: SHOW COLUMNS FROM `wx_sys_config` [ RunTime:0.0090s ]
SQL: SELECT * FROM `wx_sys_config`  [ RunTime:0.0010s ]
SQL: select `cachekey` from `think_cache` where `cachekey`='sysconfig' limit 0,1 [ RunTime:0.0000s ]
SQL: UPDATE think_cache SET data='a:25:{s:9:"site_name";s:24:"精典妆家微信管理";s:11:"site_domain";s:22:"yuanpeishop.wx.cuci.cc";s:13:"site_keywords";s:0:"";s:9:"site_desc";s:0:"";s:12:"site_contact";s:0:"";s:9:"site_mail";s:0:"";s:7:"site_qq";s:0:"";s:12:"site_company";s:39:"广州市鑫浪信息科技有限公司";s:8:"app_name";s:24:"精典妆家微信管理";s:11:"app_version";s:8:"1.0 beta";s:8:"app_logo";s:25:"glyphicon glyphicon-apple";s:12:"qiniu_bucket";s:7:"jonzawx";s:15:"qiniu_accesskey";s:40:"fWcSm1smy1_IlRMXfroFo_6Gdee3eNC0f9IGdsjY";s:15:"qiniu_secretkey";s:40:"0mHG6krKEjxzrovZkvJJc3W0Be4nzNZxveIZFJuO";s:12:"qiniu_domain";s:30:"7xj4ba.com1.z0.glb.clouddn.com";s:9:"mail_smtp";s:11:"smtp.qq.com";s:13:"mail_username";s:10:"pm@cuci.cc";s:9:"mail_port";s:3:"465";s:13:"mail_password";s:9:"Test12345";s:14:"mail_smtp_auth";s:1:"1";s:9:"mail_from";s:10:"pm@cuci.cc";s:14:"mail_from_name";s:21:"楚才API管理中心";s:11:"mail_secure";s:3:"ssl";s:10:"mail_reply";s:16:"zoujingli@qq.com";s:20:"app_baidu_tongji_key";s:32:"df31b90409cbd7237728ca1a770d72e6";}' ,datacrc='',expire=0 WHERE `cachekey`='sysconfig' [ RunTime:0.0410s ]
INFO: [ template_filter ] --START--
INFO: Run Behavior\ContentReplaceBehavior [ RunTime:0.001000s ]
INFO: [ template_filter ] --END-- [ RunTime:0.001000s ]
NOTIC: [8] Undefined variable: site E:\cucisvn\01-code\jonza\Static\Runtime\Cache\Store\7ee0375f359275b031e00bd4a1f3039b.php 第 11 行.
NOTIC: [8] Undefined variable: site E:\cucisvn\01-code\jonza\Static\Runtime\Cache\Store\7ee0375f359275b031e00bd4a1f3039b.php 第 12 行.
NOTIC: [8] Undefined variable: site E:\cucisvn\01-code\jonza\Static\Runtime\Cache\Store\7ee0375f359275b031e00bd4a1f3039b.php 第 13 行.
SQL: SHOW COLUMNS FROM `wx_sys_menu` [ RunTime:0.0100s ]
SQL: SELECT * FROM `wx_sys_menu` WHERE `status` = 2  [ RunTime:0.0030s ]
NOTIC: [8] Undefined index: url E:\cucisvn\01-code\jonza\Module\Admin\Model\SysMenuModel.class.php 第 62 行.
NOTIC: [8] Undefined index: url E:\cucisvn\01-code\jonza\Module\Admin\Model\SysMenuModel.class.php 第 62 行.
NOTIC: [8] Undefined index: url E:\cucisvn\01-code\jonza\Module\Admin\Model\SysMenuModel.class.php 第 62 行.
NOTIC: [8] Undefined index: url E:\cucisvn\01-code\jonza\Module\Admin\Model\SysMenuModel.class.php 第 62 行.
NOTIC: [8] Undefined index: url E:\cucisvn\01-code\jonza\Module\Admin\Model\SysMenuModel.class.php 第 62 行.
INFO: [ view_parse ] --START--
INFO: [ template_filter ] --START--
INFO: Run Behavior\ContentReplaceBehavior [ RunTime:0.001001s ]
INFO: [ template_filter ] --END-- [ RunTime:-0.153008s ]
NOTIC: [8] Undefined variable: site E:\cucisvn\01-code\jonza\Static\Runtime\Cache\Store\3ebe650ab82c31f08aea049c2cd4df39.php 第 12 行.
NOTIC: [8] Undefined variable: site E:\cucisvn\01-code\jonza\Static\Runtime\Cache\Store\3ebe650ab82c31f08aea049c2cd4df39.php 第 13 行.
INFO: Run Behavior\ParseTemplateBehavior [ RunTime:0.086005s ]
INFO: [ view_parse ] --END-- [ RunTime:0.087005s ]
INFO: [ view_filter ] --START--
INFO: Run Behavior\WriteHtmlCacheBehavior [ RunTime:0.001000s ]
INFO: Run Library\Behavior\EmptyImageBehavior [ RunTime:0.002000s ]
INFO: [ view_filter ] --END-- [ RunTime:0.003000s ]
INFO: [ view_parse ] --START--
INFO: [ template_filter ] --START--
INFO: Run Behavior\ContentReplaceBehavior [ RunTime:0.001000s ]
INFO: [ template_filter ] --END-- [ RunTime:-0.215012s ]
NOTIC: [8] Undefined index: _class E:\cucisvn\01-code\jonza\Static\Runtime\Cache\Store\0c3289763f252ee7ee4f83ea966ea522.php 第 7 行.
NOTIC: [8] Undefined index: _class E:\cucisvn\01-code\jonza\Static\Runtime\Cache\Store\0c3289763f252ee7ee4f83ea966ea522.php 第 8 行.
NOTIC: [8] Undefined index: _class E:\cucisvn\01-code\jonza\Static\Runtime\Cache\Store\0c3289763f252ee7ee4f83ea966ea522.php 第 8 行.
NOTIC: [8] Undefined index: url E:\cucisvn\01-code\jonza\Static\Runtime\Cache\Store\0c3289763f252ee7ee4f83ea966ea522.php 第 7 行.
NOTIC: [8] Undefined index: _class E:\cucisvn\01-code\jonza\Static\Runtime\Cache\Store\0c3289763f252ee7ee4f83ea966ea522.php 第 10 行.
NOTIC: [8] Undefined index: _class E:\cucisvn\01-code\jonza\Static\Runtime\Cache\Store\0c3289763f252ee7ee4f83ea966ea522.php 第 10 行.
NOTIC: [8] Undefined index: _class E:\cucisvn\01-code\jonza\Static\Runtime\Cache\Store\0c3289763f252ee7ee4f83ea966ea522.php 第 10 行.
NOTIC: [8] Undefined index: _class E:\cucisvn\01-code\jonza\Static\Runtime\Cache\Store\0c3289763f252ee7ee4f83ea966ea522.php 第 10 行.
NOTIC: [8] Undefined index: _class E:\cucisvn\01-code\jonza\Static\Runtime\Cache\Store\0c3289763f252ee7ee4f83ea966ea522.php 第 7 行.
NOTIC: [8] Undefined index: _class E:\cucisvn\01-code\jonza\Static\Runtime\Cache\Store\0c3289763f252ee7ee4f83ea966ea522.php 第 8 行.
NOTIC: [8] Undefined index: _class E:\cucisvn\01-code\jonza\Static\Runtime\Cache\Store\0c3289763f252ee7ee4f83ea966ea522.php 第 8 行.
NOTIC: [8] Undefined index: _class E:\cucisvn\01-code\jonza\Static\Runtime\Cache\Store\0c3289763f252ee7ee4f83ea966ea522.php 第 7 行.
NOTIC: [8] Undefined index: _class E:\cucisvn\01-code\jonza\Static\Runtime\Cache\Store\0c3289763f252ee7ee4f83ea966ea522.php 第 8 行.
NOTIC: [8] Undefined index: _class E:\cucisvn\01-code\jonza\Static\Runtime\Cache\Store\0c3289763f252ee7ee4f83ea966ea522.php 第 8 行.
NOTIC: [8] Undefined index: _class E:\cucisvn\01-code\jonza\Static\Runtime\Cache\Store\0c3289763f252ee7ee4f83ea966ea522.php 第 7 行.
NOTIC: [8] Undefined index: _class E:\cucisvn\01-code\jonza\Static\Runtime\Cache\Store\0c3289763f252ee7ee4f83ea966ea522.php 第 8 行.
NOTIC: [8] Undefined index: _class E:\cucisvn\01-code\jonza\Static\Runtime\Cache\Store\0c3289763f252ee7ee4f83ea966ea522.php 第 8 行.
INFO: Run Behavior\ParseTemplateBehavior [ RunTime:0.041002s ]
INFO: [ view_parse ] --END-- [ RunTime:-0.006001s ]
INFO: [ view_filter ] --START--
INFO: Run Behavior\WriteHtmlCacheBehavior [ RunTime:0.000000s ]
INFO: Run Library\Behavior\EmptyImageBehavior [ RunTime:0.000000s ]
INFO: [ view_filter ] --END-- [ RunTime:-0.045003s ]
NOTIC: [8] Undefined variable: site E:\cucisvn\01-code\jonza\Static\Runtime\Cache\Store\7ee0375f359275b031e00bd4a1f3039b.php 第 88 行.
INFO: Run Behavior\ParseTemplateBehavior [ RunTime:0.047002s ]
INFO: [ view_parse ] --END-- [ RunTime:-0.006001s ]
INFO: [ view_filter ] --START--
INFO: Run Behavior\WriteHtmlCacheBehavior [ RunTime:0.000000s ]
INFO: Run Library\Behavior\EmptyImageBehavior [ RunTime:0.000000s ]
INFO: [ view_filter ] --END-- [ RunTime:-0.050003s ]
INFO: [ app_end ] --START--
INFO: Run Behavior\ShowPageTraceBehavior [ RunTime:0.004001s ]
INFO: [ app_end ] --END-- [ RunTime:0.004001s ]

[ 2015-05-22T11:10:23+08:00 ] 127.0.0.1 /jonza/index.php/Store/Stores/extension.shtml
INFO: [ app_begin ] --START--
INFO: Run Behavior\ReadHtmlCacheBehavior [ RunTime:0.001000s ]
INFO: [ app_begin ] --END-- [ RunTime:0.003000s ]
NOTIC: [8192] mysql_connect(): The mysql extension is deprecated and will be removed in the future: use mysqli or PDO instead E:\cucisvn\01-code\jonza\Library\Think\Library\Think\Session\Driver\Db.class.php 第 95 行.
SQL: SHOW COLUMNS FROM `wx_sys_role_node` [ RunTime:0.0070s ]
SQL: SELECT `node` FROM `wx_sys_role_node` WHERE `role_id` = '24'  [ RunTime:0.0010s ]
SQL: SHOW COLUMNS FROM `wx_stores` [ RunTime:0.0080s ]
SQL: SELECT * FROM `wx_stores` WHERE `id` = 1 LIMIT 1   [ RunTime:0.0010s ]
SQL: SHOW COLUMNS FROM `wx_promotion_info` [ RunTime:0.0080s ]
SQL: SELECT * FROM `wx_promotion_info` WHERE `cdkey` = '' LIMIT 1   [ RunTime:0.0010s ]
SQL: SELECT * FROM `wx_stores` WHERE `number` = '1001' LIMIT 1   [ RunTime:0.0010s ]

[ 2015-05-22T11:10:36+08:00 ] 127.0.0.1 /jonza/index.php/Store/Stores/extension.shtml
INFO: [ app_begin ] --START--
INFO: Run Behavior\ReadHtmlCacheBehavior [ RunTime:0.001000s ]
INFO: [ app_begin ] --END-- [ RunTime:0.003001s ]
NOTIC: [8192] mysql_connect(): The mysql extension is deprecated and will be removed in the future: use mysqli or PDO instead E:\cucisvn\01-code\jonza\Library\Think\Library\Think\Session\Driver\Db.class.php 第 95 行.
SQL: SHOW COLUMNS FROM `wx_sys_role_node` [ RunTime:0.0070s ]
SQL: SELECT `node` FROM `wx_sys_role_node` WHERE `role_id` = '24'  [ RunTime:0.0020s ]
SQL: SHOW COLUMNS FROM `wx_stores` [ RunTime:0.0080s ]
SQL: SELECT * FROM `wx_stores` WHERE `id` = 1 LIMIT 1   [ RunTime:0.0010s ]
SQL: SHOW COLUMNS FROM `wx_promotion_info` [ RunTime:0.0070s ]
SQL: SELECT * FROM `wx_promotion_info` WHERE `cdkey` = '5552b1ae1301a' LIMIT 1   [ RunTime:0.0020s ]
SQL: SELECT * FROM `wx_stores` WHERE `number` = '1001' LIMIT 1   [ RunTime:0.0010s ]

[ 2015-05-22T11:10:42+08:00 ] 127.0.0.1 /jonza/index.php/Store/Stores/extension.shtml
INFO: [ app_begin ] --START--
INFO: Run Behavior\ReadHtmlCacheBehavior [ RunTime:0.001000s ]
INFO: [ app_begin ] --END-- [ RunTime:0.002000s ]
NOTIC: [8192] mysql_connect(): The mysql extension is deprecated and will be removed in the future: use mysqli or PDO instead E:\cucisvn\01-code\jonza\Library\Think\Library\Think\Session\Driver\Db.class.php 第 95 行.
SQL: SHOW COLUMNS FROM `wx_sys_role_node` [ RunTime:0.0070s ]
SQL: SELECT `node` FROM `wx_sys_role_node` WHERE `role_id` = '24'  [ RunTime:0.0010s ]
SQL: SHOW COLUMNS FROM `wx_stores` [ RunTime:0.0090s ]
SQL: SELECT * FROM `wx_stores` WHERE `id` = 1 LIMIT 1   [ RunTime:0.0020s ]
SQL: SHOW COLUMNS FROM `wx_promotion_info` [ RunTime:0.0090s ]
SQL: SELECT * FROM `wx_promotion_info` WHERE `cdkey` = '55559b8de6c0a' LIMIT 1   [ RunTime:0.0000s ]
SQL: SELECT * FROM `wx_stores` WHERE `number` = '1001' LIMIT 1   [ RunTime:0.0000s ]
SQL: SELECT * FROM `wx_promotion_info` WHERE `cdkey` = '55559b8de6c0a' AND `status` = 1 LIMIT 1   [ RunTime:0.0010s ]

[ 2015-05-22T11:12:59+08:00 ] 127.0.0.1 /jonza/index.php/Store/Stores/extension.shtml
INFO: [ app_begin ] --START--
INFO: Run Behavior\ReadHtmlCacheBehavior [ RunTime:0.001000s ]
INFO: [ app_begin ] --END-- [ RunTime:0.003000s ]
NOTIC: [8192] mysql_connect(): The mysql extension is deprecated and will be removed in the future: use mysqli or PDO instead E:\cucisvn\01-code\jonza\Library\Think\Library\Think\Session\Driver\Db.class.php 第 95 行.
SQL: SHOW COLUMNS FROM `wx_sys_role_node` [ RunTime:0.0090s ]
SQL: SELECT `node` FROM `wx_sys_role_node` WHERE `role_id` = '24'  [ RunTime:0.0010s ]
SQL: SHOW COLUMNS FROM `wx_stores` [ RunTime:0.0080s ]
SQL: SELECT * FROM `wx_stores` WHERE `id` = 1 LIMIT 1   [ RunTime:0.0010s ]
SQL: SHOW COLUMNS FROM `wx_promotion_info` [ RunTime:0.0080s ]
SQL: SELECT * FROM `wx_promotion_info` WHERE `cdkey` = '55559b8de6c0a' LIMIT 1   [ RunTime:0.0010s ]
SQL: SELECT * FROM `wx_stores` WHERE `number` = '1001' LIMIT 1   [ RunTime:0.0010s ]
SQL: SELECT * FROM `wx_promotion_info` WHERE `cdkey` = '55559b8de6c0a' AND `status` = 1 LIMIT 1   [ RunTime:0.0010s ]

[ 2015-05-22T11:19:40+08:00 ] 127.0.0.1 /jonza/index.php/Store/Order/edit/id/29.shtml
INFO: [ app_begin ] --START--
INFO: Run Behavior\ReadHtmlCacheBehavior [ RunTime:0.001000s ]
INFO: [ app_begin ] --END-- [ RunTime:0.003000s ]
NOTIC: [8192] mysql_connect(): The mysql extension is deprecated and will be removed in the future: use mysqli or PDO instead E:\cucisvn\01-code\jonza\Library\Think\Library\Think\Session\Driver\Db.class.php 第 95 行.
SQL: SHOW COLUMNS FROM `wx_store_order` [ RunTime:0.0090s ]
SQL: SELECT * FROM `wx_store_order` WHERE `id` = '29' LIMIT 1   [ RunTime:0.0030s ]
SQL: SHOW COLUMNS FROM `wx_store_freight_company` [ RunTime:0.0180s ]
SQL: SELECT * FROM `wx_store_freight_company` WHERE `status` = 2  [ RunTime:0.0020s ]
SQL: SHOW COLUMNS FROM `wx_store_order_product` [ RunTime:0.0090s ]
SQL: SELECT * FROM `wx_store_order_product` WHERE `order_id` = '29'  [ RunTime:0.0010s ]
SQL: SHOW COLUMNS FROM `wx_store_product` [ RunTime:0.0100s ]
NOTIC: [8] Undefined index: cid E:\cucisvn\01-code\jonza\Module\Store\Controller\OrderController.class.php 第 66 行.
SQL: SELECT * FROM `wx_store_product` LIMIT 1   [ RunTime:0.0020s ]
INFO: [ view_parse ] --START--
INFO: [ template_filter ] --START--
INFO: Run Behavior\ContentReplaceBehavior [ RunTime:0.001000s ]
INFO: [ template_filter ] --END-- [ RunTime:0.002000s ]
NOTIC: [8] Undefined index: freight_url E:\cucisvn\01-code\jonza\Static\Runtime\Cache\Store\d133d56bfe4406744f2c1c8f95de77c6.php 第 104 行.
INFO: Run Behavior\ParseTemplateBehavior [ RunTime:0.081005s ]
INFO: [ view_parse ] --END-- [ RunTime:0.082005s ]
INFO: [ view_filter ] --START--
INFO: Run Behavior\WriteHtmlCacheBehavior [ RunTime:0.001000s ]
INFO: Run Library\Behavior\EmptyImageBehavior [ RunTime:0.004000s ]
INFO: [ view_filter ] --END-- [ RunTime:0.005000s ]
INFO: [ app_end ] --START--
INFO: Run Behavior\ShowPageTraceBehavior [ RunTime:0.002000s ]
INFO: [ app_end ] --END-- [ RunTime:0.002000s ]

[ 2015-05-22T11:30:04+08:00 ] 127.0.0.1 /jonza/index.php/Store/Order/edit/id/29.shtml
INFO: [ app_begin ] --START--
INFO: Run Behavior\ReadHtmlCacheBehavior [ RunTime:0.002000s ]
INFO: [ app_begin ] --END-- [ RunTime:0.003000s ]
NOTIC: [8192] mysql_connect(): The mysql extension is deprecated and will be removed in the future: use mysqli or PDO instead E:\cucisvn\01-code\jonza\Library\Think\Library\Think\Session\Driver\Db.class.php 第 95 行.
SQL: SHOW COLUMNS FROM `wx_store_order` [ RunTime:0.0080s ]
SQL: SELECT * FROM `wx_store_order` WHERE `id` = '29' LIMIT 1   [ RunTime:0.0010s ]
SQL: SHOW COLUMNS FROM `wx_store_freight_company` [ RunTime:0.0070s ]
SQL: SELECT * FROM `wx_store_freight_company` WHERE `status` = 2  [ RunTime:0.0020s ]
SQL: SHOW COLUMNS FROM `wx_store_order_product` [ RunTime:0.0090s ]
SQL: SELECT * FROM `wx_store_order_product` WHERE `order_id` = '29'  [ RunTime:0.0010s ]
SQL: SHOW COLUMNS FROM `wx_store_product` [ RunTime:0.0090s ]
NOTIC: [8] Undefined index: cid E:\cucisvn\01-code\jonza\Module\Store\Controller\OrderController.class.php 第 66 行.
SQL: SELECT * FROM `wx_store_product` LIMIT 1   [ RunTime:0.0010s ]
INFO: [ view_parse ] --START--
INFO: [ template_filter ] --START--
INFO: Run Behavior\ContentReplaceBehavior [ RunTime:0.001000s ]
INFO: [ template_filter ] --END-- [ RunTime:0.001000s ]
NOTIC: [8] Undefined index: freight_url E:\cucisvn\01-code\jonza\Static\Runtime\Cache\Store\d133d56bfe4406744f2c1c8f95de77c6.php 第 104 行.
INFO: Run Behavior\ParseTemplateBehavior [ RunTime:0.066004s ]
INFO: [ view_parse ] --END-- [ RunTime:0.067004s ]
INFO: [ view_filter ] --START--
INFO: Run Behavior\WriteHtmlCacheBehavior [ RunTime:0.001000s ]
INFO: Run Library\Behavior\EmptyImageBehavior [ RunTime:0.003000s ]
INFO: [ view_filter ] --END-- [ RunTime:0.005000s ]
INFO: [ app_end ] --START--
INFO: Run Behavior\ShowPageTraceBehavior [ RunTime:0.003000s ]
INFO: [ app_end ] --END-- [ RunTime:0.003000s ]

[ 2015-05-22T11:36:01+08:00 ] 127.0.0.1 /jonza/index.php/Store/Stores/extension.shtml
INFO: [ app_begin ] --START--
INFO: Run Behavior\ReadHtmlCacheBehavior [ RunTime:0.001000s ]
INFO: [ app_begin ] --END-- [ RunTime:0.002000s ]
NOTIC: [8192] mysql_connect(): The mysql extension is deprecated and will be removed in the future: use mysqli or PDO instead E:\cucisvn\01-code\jonza\Library\Think\Library\Think\Session\Driver\Db.class.php 第 95 行.
SQL: SHOW COLUMNS FROM `wx_sys_role_node` [ RunTime:0.0070s ]
SQL: SELECT `node` FROM `wx_sys_role_node` WHERE `role_id` = '24'  [ RunTime:0.0010s ]
SQL: SHOW COLUMNS FROM `wx_stores` [ RunTime:0.0080s ]
SQL: SELECT * FROM `wx_stores` WHERE `id` = 1 LIMIT 1   [ RunTime:0.0020s ]
SQL: SHOW COLUMNS FROM `wx_promotion_info` [ RunTime:0.0080s ]
SQL: SELECT * FROM `wx_promotion_info` WHERE `cdkey` = '5555974b78c09' LIMIT 1   [ RunTime:0.0010s ]
SQL: SELECT * FROM `wx_stores` WHERE `number` = '1001' LIMIT 1   [ RunTime:0.0010s ]
SQL: SELECT * FROM `wx_promotion_info` WHERE `cdkey` = '5555974b78c09' AND `status` = 1 LIMIT 1   [ RunTime:0.0000s ]

[ 2015-05-22T13:42:24+08:00 ] 127.0.0.1 /jonza/index.php/Store/Stores/exchange.shtml
INFO: [ app_begin ] --START--
INFO: Run Behavior\ReadHtmlCacheBehavior [ RunTime:0.000000s ]
INFO: [ app_begin ] --END-- [ RunTime:0.003001s ]
NOTIC: [8192] mysql_connect(): The mysql extension is deprecated and will be removed in the future: use mysqli or PDO instead E:\cucisvn\01-code\jonza\Library\Think\Library\Think\Session\Driver\Db.class.php 第 95 行.
SQL: SHOW COLUMNS FROM `wx_sys_role_node` [ RunTime:0.0340s ]
SQL: SELECT `node` FROM `wx_sys_role_node` WHERE `role_id` = '24'  [ RunTime:0.0020s ]
SQL: SHOW COLUMNS FROM `wx_stores` [ RunTime:0.0430s ]
SQL: SELECT * FROM `wx_stores` WHERE `number` = '' LIMIT 1   [ RunTime:0.1590s ]
SQL: SHOW COLUMNS FROM `wx_promotion_info` [ RunTime:0.0100s ]
SQL: SELECT * FROM `wx_promotion_info` WHERE `cdkey` = '' LIMIT 1   [ RunTime:0.0520s ]
NOTIC: [8] Undefined variable: user E:\cucisvn\01-code\jonza\Module\Store\Controller\StoresController.class.php 第 191 行.
SQL: UPDATE `wx_promotion_info` SET `status`='2',`stores`='',`use_time`='2015-05-22 13-42:24' WHERE `cdkey` = '' [ RunTime:0.0130s ]

[ 2015-05-22T13:42:45+08:00 ] 127.0.0.1 /jonza/index.php/Store/Stores/extension.shtml
INFO: [ app_begin ] --START--
INFO: Run Behavior\ReadHtmlCacheBehavior [ RunTime:0.002000s ]
INFO: [ app_begin ] --END-- [ RunTime:0.003000s ]
NOTIC: [8192] mysql_connect(): The mysql extension is deprecated and will be removed in the future: use mysqli or PDO instead E:\cucisvn\01-code\jonza\Library\Think\Library\Think\Session\Driver\Db.class.php 第 95 行.
SQL: SHOW COLUMNS FROM `wx_sys_role_node` [ RunTime:0.0080s ]
SQL: SELECT `node` FROM `wx_sys_role_node` WHERE `role_id` = '24'  [ RunTime:0.0010s ]
SQL: SHOW COLUMNS FROM `wx_stores` [ RunTime:0.0070s ]
SQL: SELECT * FROM `wx_stores` WHERE `id` = 1 LIMIT 1   [ RunTime:0.0490s ]
SQL: SHOW COLUMNS FROM `wx_promotion_info` [ RunTime:0.0210s ]
SQL: SELECT * FROM `wx_promotion_info` WHERE `cdkey` = '5555974b78c09' LIMIT 1   [ RunTime:0.0010s ]

[ 2015-05-22T13:47:09+08:00 ] 127.0.0.1 /jonza/index.php/Store/Stores/extension.shtml
INFO: [ app_begin ] --START--
INFO: Run Behavior\ReadHtmlCacheBehavior [ RunTime:0.002000s ]
INFO: [ app_begin ] --END-- [ RunTime:0.003000s ]
NOTIC: [8192] mysql_connect(): The mysql extension is deprecated and will be removed in the future: use mysqli or PDO instead E:\cucisvn\01-code\jonza\Library\Think\Library\Think\Session\Driver\Db.class.php 第 95 行.
SQL: SHOW COLUMNS FROM `wx_sys_role_node` [ RunTime:0.0230s ]
SQL: SELECT `node` FROM `wx_sys_role_node` WHERE `role_id` = '24'  [ RunTime:0.0010s ]
SQL: SHOW COLUMNS FROM `wx_stores` [ RunTime:0.0130s ]
SQL: SELECT * FROM `wx_stores` WHERE `id` = 1 LIMIT 1   [ RunTime:0.0020s ]
SQL: SHOW COLUMNS FROM `wx_promotion_info` [ RunTime:0.0080s ]
SQL: SELECT * FROM `wx_promotion_info` WHERE `cdkey` = '5555974b78c09' LIMIT 1   [ RunTime:0.0020s ]
SQL: SHOW COLUMNS FROM `wx_exchange_record` [ RunTime:0.0090s ]
SQL: SELECT * FROM `wx_exchange_record` WHERE `openid` = 'oAeaZjnXiv7BIVJUidQODQMM74co' LIMIT 1   [ RunTime:0.0010s ]

[ 2015-05-22T13:47:32+08:00 ] 127.0.0.1 /jonza/index.php/Store/Stores/extension.shtml
INFO: [ app_begin ] --START--
INFO: Run Behavior\ReadHtmlCacheBehavior [ RunTime:0.001000s ]
INFO: [ app_begin ] --END-- [ RunTime:0.002000s ]
NOTIC: [8192] mysql_connect(): The mysql extension is deprecated and will be removed in the future: use mysqli or PDO instead E:\cucisvn\01-code\jonza\Library\Think\Library\Think\Session\Driver\Db.class.php 第 95 行.
SQL: SHOW COLUMNS FROM `wx_sys_role_node` [ RunTime:0.0100s ]
SQL: SELECT `node` FROM `wx_sys_role_node` WHERE `role_id` = '24'  [ RunTime:0.0030s ]
SQL: SHOW COLUMNS FROM `wx_stores` [ RunTime:0.0110s ]
SQL: SELECT * FROM `wx_stores` WHERE `id` = 1 LIMIT 1   [ RunTime:0.0020s ]
SQL: SHOW COLUMNS FROM `wx_promotion_info` [ RunTime:0.0100s ]
SQL: SELECT * FROM `wx_promotion_info` WHERE `cdkey` = '5555974b78c09' LIMIT 1   [ RunTime:0.0010s ]
SQL: SHOW COLUMNS FROM `wx_exchange_record` [ RunTime:0.0080s ]
SQL: SELECT * FROM `wx_exchange_record` WHERE `openid` = 'oAeaZjnXiv7BIVJUidQODQMM74co' LIMIT 1   [ RunTime:0.0010s ]

[ 2015-05-22T13:49:51+08:00 ] 127.0.0.1 /jonza/index.php/Store/Stores/extension.shtml
INFO: [ app_begin ] --START--
INFO: Run Behavior\ReadHtmlCacheBehavior [ RunTime:0.002000s ]
INFO: [ app_begin ] --END-- [ RunTime:0.002000s ]
NOTIC: [8192] mysql_connect(): The mysql extension is deprecated and will be removed in the future: use mysqli or PDO instead E:\cucisvn\01-code\jonza\Library\Think\Library\Think\Session\Driver\Db.class.php 第 95 行.
SQL: SHOW COLUMNS FROM `wx_sys_role_node` [ RunTime:0.0090s ]
SQL: SELECT `node` FROM `wx_sys_role_node` WHERE `role_id` = '24'  [ RunTime:0.0010s ]
SQL: SHOW COLUMNS FROM `wx_stores` [ RunTime:0.0100s ]
SQL: SELECT * FROM `wx_stores` WHERE `id` = 1 LIMIT 1   [ RunTime:0.0010s ]
SQL: SHOW COLUMNS FROM `wx_promotion_info` [ RunTime:0.0080s ]
SQL: SELECT * FROM `wx_promotion_info` WHERE `cdkey` = '5555974b78c09' LIMIT 1   [ RunTime:0.0010s ]
SQL: SHOW COLUMNS FROM `wx_exchange_record` [ RunTime:0.0090s ]
SQL: SELECT * FROM `wx_exchange_record` WHERE `openid` = 'oAeaZjnXiv7BIVJUidQODQMM74co' LIMIT 1   [ RunTime:0.0010s ]
SQL: SELECT * FROM `wx_stores` WHERE `number` = '1001' LIMIT 1   [ RunTime:0.0010s ]
SQL: SELECT * FROM `wx_promotion_info` WHERE `cdkey` = '5555974b78c09' AND `status` = 1 LIMIT 1   [ RunTime:0.0010s ]

[ 2015-05-22T13:50:14+08:00 ] 127.0.0.1 /jonza/index.php/Store/Stores/extension.shtml
INFO: [ app_begin ] --START--
INFO: Run Behavior\ReadHtmlCacheBehavior [ RunTime:0.002000s ]
INFO: [ app_begin ] --END-- [ RunTime:0.004000s ]
NOTIC: [8192] mysql_connect(): The mysql extension is deprecated and will be removed in the future: use mysqli or PDO instead E:\cucisvn\01-code\jonza\Library\Think\Library\Think\Session\Driver\Db.class.php 第 95 行.
SQL: SHOW COLUMNS FROM `wx_sys_role_node` [ RunTime:0.0080s ]
SQL: SELECT `node` FROM `wx_sys_role_node` WHERE `role_id` = '24'  [ RunTime:0.0010s ]
SQL: SHOW COLUMNS FROM `wx_stores` [ RunTime:0.0100s ]
SQL: SELECT * FROM `wx_stores` WHERE `id` = 1 LIMIT 1   [ RunTime:0.0010s ]
SQL: SHOW COLUMNS FROM `wx_promotion_info` [ RunTime:0.0110s ]
SQL: SELECT * FROM `wx_promotion_info` WHERE `cdkey` = '5555c17c2ac86' LIMIT 1   [ RunTime:0.0010s ]
SQL: SHOW COLUMNS FROM `wx_exchange_record` [ RunTime:0.0110s ]
SQL: SELECT * FROM `wx_exchange_record` WHERE `openid` = 'oAeaZjr6t24fvxLGPbn2SJ9rG_fI' LIMIT 1   [ RunTime:0.0010s ]
SQL: SELECT * FROM `wx_stores` WHERE `number` = '1001' LIMIT 1   [ RunTime:0.0010s ]
SQL: SELECT * FROM `wx_promotion_info` WHERE `cdkey` = '5555c17c2ac86' AND `status` = 1 LIMIT 1   [ RunTime:0.0020s ]

[ 2015-05-22T13:50:30+08:00 ] 127.0.0.1 /jonza/index.php/Store/Stores/extension.shtml
INFO: [ app_begin ] --START--
INFO: Run Behavior\ReadHtmlCacheBehavior [ RunTime:0.001000s ]
INFO: [ app_begin ] --END-- [ RunTime:0.003000s ]
NOTIC: [8192] mysql_connect(): The mysql extension is deprecated and will be removed in the future: use mysqli or PDO instead E:\cucisvn\01-code\jonza\Library\Think\Library\Think\Session\Driver\Db.class.php 第 95 行.
SQL: SHOW COLUMNS FROM `wx_sys_role_node` [ RunTime:0.0080s ]
SQL: SELECT `node` FROM `wx_sys_role_node` WHERE `role_id` = '24'  [ RunTime:0.0010s ]
SQL: SHOW COLUMNS FROM `wx_stores` [ RunTime:0.0100s ]
SQL: SELECT * FROM `wx_stores` WHERE `id` = 1 LIMIT 1   [ RunTime:0.0020s ]
SQL: SHOW COLUMNS FROM `wx_promotion_info` [ RunTime:0.0090s ]
SQL: SELECT * FROM `wx_promotion_info` WHERE `cdkey` = '55559b8de6c0a' LIMIT 1   [ RunTime:0.0010s ]
SQL: SHOW COLUMNS FROM `wx_exchange_record` [ RunTime:0.0110s ]
SQL: SELECT * FROM `wx_exchange_record` WHERE `openid` = 'oAeaZjkJR9yIIawfwsyES-u4G0rM' LIMIT 1   [ RunTime:0.0010s ]
SQL: SELECT * FROM `wx_stores` WHERE `number` = '1001' LIMIT 1   [ RunTime:0.0010s ]
SQL: SELECT * FROM `wx_promotion_info` WHERE `cdkey` = '55559b8de6c0a' AND `status` = 1 LIMIT 1   [ RunTime:0.0010s ]

[ 2015-05-22T13:51:00+08:00 ] 127.0.0.1 /jonza/index.php/Store/Stores/extension.shtml
INFO: [ app_begin ] --START--
INFO: Run Behavior\ReadHtmlCacheBehavior [ RunTime:0.002000s ]
INFO: [ app_begin ] --END-- [ RunTime:0.004000s ]
NOTIC: [8192] mysql_connect(): The mysql extension is deprecated and will be removed in the future: use mysqli or PDO instead E:\cucisvn\01-code\jonza\Library\Think\Library\Think\Session\Driver\Db.class.php 第 95 行.
SQL: SHOW COLUMNS FROM `wx_sys_role_node` [ RunTime:0.0190s ]
SQL: SELECT `node` FROM `wx_sys_role_node` WHERE `role_id` = '24'  [ RunTime:0.0010s ]
SQL: SHOW COLUMNS FROM `wx_stores` [ RunTime:0.0090s ]
SQL: SELECT * FROM `wx_stores` WHERE `id` = 1 LIMIT 1   [ RunTime:0.0010s ]
SQL: SHOW COLUMNS FROM `wx_promotion_info` [ RunTime:0.0080s ]
SQL: SELECT * FROM `wx_promotion_info` WHERE `cdkey` = '55559b8de6c0a' LIMIT 1   [ RunTime:0.0010s ]
SQL: SHOW COLUMNS FROM `wx_exchange_record` [ RunTime:0.0100s ]
SQL: SELECT * FROM `wx_exchange_record` WHERE `openid` = 'oAeaZjkJR9yIIawfwsyES-u4G0rM' LIMIT 1   [ RunTime:0.0000s ]
SQL: SELECT * FROM `wx_stores` WHERE `number` = '1001' LIMIT 1   [ RunTime:0.0010s ]
SQL: SELECT * FROM `wx_promotion_info` WHERE `cdkey` = '55559b8de6c0a' AND `status` = 1 LIMIT 1   [ RunTime:0.0010s ]

[ 2015-05-22T13:51:35+08:00 ] 127.0.0.1 /jonza/index.php/Store/Stores/extension.shtml
INFO: [ app_begin ] --START--
INFO: Run Behavior\ReadHtmlCacheBehavior [ RunTime:0.001000s ]
INFO: [ app_begin ] --END-- [ RunTime:0.002001s ]
NOTIC: [8192] mysql_connect(): The mysql extension is deprecated and will be removed in the future: use mysqli or PDO instead E:\cucisvn\01-code\jonza\Library\Think\Library\Think\Session\Driver\Db.class.php 第 95 行.
SQL: SHOW COLUMNS FROM `wx_sys_role_node` [ RunTime:0.0100s ]
SQL: SELECT `node` FROM `wx_sys_role_node` WHERE `role_id` = '24'  [ RunTime:0.0030s ]
SQL: SHOW COLUMNS FROM `wx_stores` [ RunTime:0.0110s ]
SQL: SELECT * FROM `wx_stores` WHERE `id` = 1 LIMIT 1   [ RunTime:0.0010s ]
SQL: SHOW COLUMNS FROM `wx_promotion_info` [ RunTime:0.0080s ]
SQL: SELECT * FROM `wx_promotion_info` WHERE `cdkey` = '5559b57f4a5d5' LIMIT 1   [ RunTime:0.0010s ]
SQL: SHOW COLUMNS FROM `wx_exchange_record` [ RunTime:0.0080s ]
SQL: SELECT * FROM `wx_exchange_record` WHERE `openid` = 'ozlL_spkINkuIkL8aez3LLpAyiQE' LIMIT 1   [ RunTime:0.0020s ]
SQL: SELECT * FROM `wx_stores` WHERE `number` = '1001' LIMIT 1   [ RunTime:0.0010s ]

[ 2015-05-22T13:52:14+08:00 ] 127.0.0.1 /jonza/index.php/Store/Stores/extension.shtml
INFO: [ app_begin ] --START--
INFO: Run Behavior\ReadHtmlCacheBehavior [ RunTime:0.001000s ]
INFO: [ app_begin ] --END-- [ RunTime:0.003000s ]
NOTIC: [8192] mysql_connect(): The mysql extension is deprecated and will be removed in the future: use mysqli or PDO instead E:\cucisvn\01-code\jonza\Library\Think\Library\Think\Session\Driver\Db.class.php 第 95 行.
SQL: SHOW COLUMNS FROM `wx_sys_role_node` [ RunTime:0.0070s ]
SQL: SELECT `node` FROM `wx_sys_role_node` WHERE `role_id` = '24'  [ RunTime:0.0020s ]
SQL: SHOW COLUMNS FROM `wx_stores` [ RunTime:0.0080s ]
SQL: SELECT * FROM `wx_stores` WHERE `id` = 1 LIMIT 1   [ RunTime:0.0010s ]
SQL: SHOW COLUMNS FROM `wx_promotion_info` [ RunTime:0.0090s ]
SQL: SELECT * FROM `wx_promotion_info` WHERE `cdkey` = '' LIMIT 1   [ RunTime:0.0010s ]
SQL: SHOW COLUMNS FROM `wx_exchange_record` [ RunTime:0.0080s ]
SQL: SELECT * FROM `wx_exchange_record` WHERE `openid` = null LIMIT 1   [ RunTime:0.0010s ]
SQL: SELECT * FROM `wx_stores` WHERE `number` = '1001' LIMIT 1   [ RunTime:0.0010s ]

[ 2015-05-22T14:52:18+08:00 ] 127.0.0.1 /jonza/index.php/Store/Sales/index.shtml
ERR: SQLSTATE[42S02]: Base table or view not found: 1146 La table 'jonza.wx_sales' n'existe pas

[ 2015-05-22T15:06:37+08:00 ] 127.0.0.1 /jonza/index.php/Store/Sales/index.shtml
ERR: SQLSTATE[42S22]: Column not found: 1054 Champ 'ss.name' inconnu dans field list

[ 2015-05-22T15:06:48+08:00 ] 127.0.0.1 /jonza/index.php/Store/Sales/index.shtml
ERR: SQLSTATE[42S22]: Column not found: 1054 Champ 'so.store_id' inconnu dans on clause

[ 2015-05-22T15:07:14+08:00 ] 127.0.0.1 /jonza/index.php/Store/Sales/index.shtml
ERR: SQLSTATE[42S22]: Column not found: 1054 Champ 'so.store_id' inconnu dans on clause

[ 2015-05-22T16:01:00+08:00 ] 127.0.0.1 /jonza/index.php/Store/Order/orderaccount.shtml
ERR: 模板不存在:E:/cucisvn/01-code/jonza/Module/Store/View/Order_orderaccount.html

[ 2015-05-22T16:10:59+08:00 ] 127.0.0.1 /jonza/index.php/Store/Order/details/store_id/18.shtml
INFO: [ app_begin ] --START--
INFO: Run Behavior\ReadHtmlCacheBehavior [ RunTime:0.002000s ]
INFO: [ app_begin ] --END-- [ RunTime:0.004000s ]
NOTIC: [8192] mysql_connect(): The mysql extension is deprecated and will be removed in the future: use mysqli or PDO instead E:\cucisvn\01-code\jonza\Library\Think\Library\Think\Session\Driver\Db.class.php 第 95 行.
ERR: 非法操作:details

[ 2015-05-22T16:20:32+08:00 ] 127.0.0.1 /jonza/index.php/Store/Order/details/store_id/18.shtml
INFO: [ app_begin ] --START--
INFO: Run Behavior\ReadHtmlCacheBehavior [ RunTime:0.001000s ]
INFO: [ app_begin ] --END-- [ RunTime:0.002000s ]
NOTIC: [8192] mysql_connect(): The mysql extension is deprecated and will be removed in the future: use mysqli or PDO instead E:\cucisvn\01-code\jonza\Library\Think\Library\Think\Session\Driver\Db.class.php 第 95 行.

[ 2015-05-22T16:20:52+08:00 ] 127.0.0.1 /jonza/index.php/Store/Order/details/store_id/18.shtml
INFO: [ app_begin ] --START--
INFO: Run Behavior\ReadHtmlCacheBehavior [ RunTime:0.001000s ]
INFO: [ app_begin ] --END-- [ RunTime:0.002000s ]
NOTIC: [8192] mysql_connect(): The mysql extension is deprecated and will be removed in the future: use mysqli or PDO instead E:\cucisvn\01-code\jonza\Library\Think\Library\Think\Session\Driver\Db.class.php 第 95 行.

[ 2015-05-22T16:29:43+08:00 ] 127.0.0.1 /jonza/index.php/Store/Order/details/store_id/18.shtml
INFO: [ app_begin ] --START--
INFO: Run Behavior\ReadHtmlCacheBehavior [ RunTime:0.002000s ]
INFO: [ app_begin ] --END-- [ RunTime:0.003000s ]
NOTIC: [8192] mysql_connect(): The mysql extension is deprecated and will be removed in the future: use mysqli or PDO instead E:\cucisvn\01-code\jonza\Library\Think\Library\Think\Session\Driver\Db.class.php 第 95 行.
SQL: SHOW COLUMNS FROM `wx_store_order` [ RunTime:0.0100s ]
SQL: SELECT so.order_no,so.total_fee,so.accept_name,so.phone,so.status,so.create_date FROM wx_store_order so WHERE so.store_id = '18'  [ RunTime:0.0010s ]
INFO: [ view_parse ] --START--
INFO: [ template_filter ] --START--
INFO: Run Behavior\ContentReplaceBehavior [ RunTime:0.001000s ]
INFO: [ template_filter ] --END-- [ RunTime:0.001000s ]
INFO: Run Behavior\ParseTemplateBehavior [ RunTime:0.031002s ]
INFO: [ view_parse ] --END-- [ RunTime:0.031002s ]
INFO: [ view_filter ] --START--
INFO: Run Behavior\WriteHtmlCacheBehavior [ RunTime:0.001000s ]
INFO: Run Library\Behavior\EmptyImageBehavior [ RunTime:0.002000s ]
INFO: [ view_filter ] --END-- [ RunTime:0.005000s ]
INFO: [ app_end ] --START--
INFO: Run Behavior\ShowPageTraceBehavior [ RunTime:0.002000s ]
INFO: [ app_end ] --END-- [ RunTime:0.002000s ]

[ 2015-05-22T16:30:08+08:00 ] 127.0.0.1 /jonza/index.php/Store/Order/details/store_id/19.shtml
INFO: [ app_begin ] --START--
INFO: Run Behavior\ReadHtmlCacheBehavior [ RunTime:0.001000s ]
INFO: [ app_begin ] --END-- [ RunTime:0.003000s ]
NOTIC: [8192] mysql_connect(): The mysql extension is deprecated and will be removed in the future: use mysqli or PDO instead E:\cucisvn\01-code\jonza\Library\Think\Library\Think\Session\Driver\Db.class.php 第 95 行.
SQL: SHOW COLUMNS FROM `wx_store_order` [ RunTime:0.0090s ]
SQL: SELECT so.order_no,so.total_fee,so.accept_name,so.phone,so.status,so.create_date FROM wx_store_order so WHERE so.store_id = '19'  [ RunTime:0.0000s ]
INFO: [ view_parse ] --START--
INFO: [ template_filter ] --START--
INFO: Run Behavior\ContentReplaceBehavior [ RunTime:0.000000s ]
INFO: [ template_filter ] --END-- [ RunTime:0.000000s ]
INFO: Run Behavior\ParseTemplateBehavior [ RunTime:0.027002s ]
INFO: [ view_parse ] --END-- [ RunTime:0.028002s ]
INFO: [ view_filter ] --START--
INFO: Run Behavior\WriteHtmlCacheBehavior [ RunTime:0.001000s ]
INFO: Run Library\Behavior\EmptyImageBehavior [ RunTime:0.004000s ]
INFO: [ view_filter ] --END-- [ RunTime:0.005000s ]
INFO: [ app_end ] --START--
INFO: Run Behavior\ShowPageTraceBehavior [ RunTime:0.002000s ]
INFO: [ app_end ] --END-- [ RunTime:0.002000s ]

[ 2015-05-22T16:31:25+08:00 ] 127.0.0.1 /jonza/index.php/Store/Order/details/store_id/18.shtml
INFO: [ app_begin ] --START--
INFO: Run Behavior\ReadHtmlCacheBehavior [ RunTime:0.002000s ]
INFO: [ app_begin ] --END-- [ RunTime:0.005001s ]
NOTIC: [8192] mysql_connect(): The mysql extension is deprecated and will be removed in the future: use mysqli or PDO instead E:\cucisvn\01-code\jonza\Library\Think\Library\Think\Session\Driver\Db.class.php 第 95 行.
NOTIC: [8] Undefined variable: date E:\cucisvn\01-code\jonza\Module\Store\Controller\OrderController.class.php 第 190 行.
SQL: SHOW COLUMNS FROM `wx_store_order` [ RunTime:0.0100s ]
SQL: SELECT so.order_no,so.total_fee,so.accept_name,so.phone,so.status,so.create_date FROM wx_store_order so WHERE so.status = 5 AND so.create_date LIKE '%' AND so.store_id = '18'  [ RunTime:0.0630s ]
INFO: [ view_parse ] --START--
INFO: [ template_filter ] --START--
INFO: Run Behavior\ContentReplaceBehavior [ RunTime:0.001000s ]
INFO: [ template_filter ] --END-- [ RunTime:0.001000s ]
INFO: Run Behavior\ParseTemplateBehavior [ RunTime:0.030002s ]
INFO: [ view_parse ] --END-- [ RunTime:0.031002s ]
INFO: [ view_filter ] --START--
INFO: Run Behavior\WriteHtmlCacheBehavior [ RunTime:0.001000s ]
INFO: Run Library\Behavior\EmptyImageBehavior [ RunTime:0.003000s ]
INFO: [ view_filter ] --END-- [ RunTime:0.004000s ]
INFO: [ app_end ] --START--
INFO: Run Behavior\ShowPageTraceBehavior [ RunTime:0.002000s ]
INFO: [ app_end ] --END-- [ RunTime:0.002000s ]

[ 2015-05-22T16:31:28+08:00 ] 127.0.0.1 /jonza/index.php/Store/Order/details/store_id/19.shtml
INFO: [ app_begin ] --START--
INFO: Run Behavior\ReadHtmlCacheBehavior [ RunTime:0.002000s ]
INFO: [ app_begin ] --END-- [ RunTime:0.004000s ]
NOTIC: [8192] mysql_connect(): The mysql extension is deprecated and will be removed in the future: use mysqli or PDO instead E:\cucisvn\01-code\jonza\Library\Think\Library\Think\Session\Driver\Db.class.php 第 95 行.
NOTIC: [8] Undefined variable: date E:\cucisvn\01-code\jonza\Module\Store\Controller\OrderController.class.php 第 190 行.
SQL: SHOW COLUMNS FROM `wx_store_order` [ RunTime:0.0090s ]
SQL: SELECT so.order_no,so.total_fee,so.accept_name,so.phone,so.status,so.create_date FROM wx_store_order so WHERE so.status = 5 AND so.create_date LIKE '%' AND so.store_id = '19'  [ RunTime:0.0010s ]
INFO: [ view_parse ] --START--
INFO: [ template_filter ] --START--
INFO: Run Behavior\ContentReplaceBehavior [ RunTime:0.000000s ]
INFO: [ template_filter ] --END-- [ RunTime:0.001000s ]
INFO: Run Behavior\ParseTemplateBehavior [ RunTime:0.028002s ]
INFO: [ view_parse ] --END-- [ RunTime:0.028002s ]
INFO: [ view_filter ] --START--
INFO: Run Behavior\WriteHtmlCacheBehavior [ RunTime:0.001000s ]
INFO: Run Library\Behavior\EmptyImageBehavior [ RunTime:0.002000s ]
INFO: [ view_filter ] --END-- [ RunTime:0.005000s ]
INFO: [ app_end ] --START--
INFO: Run Behavior\ShowPageTraceBehavior [ RunTime:0.001000s ]
INFO: [ app_end ] --END-- [ RunTime:0.002000s ]

[ 2015-05-22T16:31:44+08:00 ] 127.0.0.1 /jonza/index.php/Store/Order/details/store_id/19.shtml
INFO: [ app_begin ] --START--
INFO: Run Behavior\ReadHtmlCacheBehavior [ RunTime:0.001000s ]
INFO: [ app_begin ] --END-- [ RunTime:0.002001s ]
NOTIC: [8192] mysql_connect(): The mysql extension is deprecated and will be removed in the future: use mysqli or PDO instead E:\cucisvn\01-code\jonza\Library\Think\Library\Think\Session\Driver\Db.class.php 第 95 行.
NOTIC: [8] Undefined variable: date E:\cucisvn\01-code\jonza\Module\Store\Controller\OrderController.class.php 第 190 行.
SQL: SHOW COLUMNS FROM `wx_store_order` [ RunTime:0.0100s ]
SQL: SELECT so.order_no,so.total_fee,so.accept_name,so.phone,so.status,so.create_date FROM wx_store_order so WHERE so.status = 5 AND so.create_date LIKE '%' AND so.store_id = '19'  [ RunTime:0.0010s ]
INFO: [ view_parse ] --START--
INFO: [ template_filter ] --START--
INFO: Run Behavior\ContentReplaceBehavior [ RunTime:0.001001s ]
INFO: [ template_filter ] --END-- [ RunTime:0.001001s ]
INFO: Run Behavior\ParseTemplateBehavior [ RunTime:0.028002s ]
INFO: [ view_parse ] --END-- [ RunTime:0.029002s ]
INFO: [ view_filter ] --START--
INFO: Run Behavior\WriteHtmlCacheBehavior [ RunTime:0.001000s ]
INFO: Run Library\Behavior\EmptyImageBehavior [ RunTime:0.003000s ]
INFO: [ view_filter ] --END-- [ RunTime:0.004000s ]
INFO: [ app_end ] --START--
INFO: Run Behavior\ShowPageTraceBehavior [ RunTime:0.001000s ]
INFO: [ app_end ] --END-- [ RunTime:0.002000s ]

[ 2015-05-22T16:33:12+08:00 ] 127.0.0.1 /jonza/index.php/Store/Order/details/store_id/19.shtml
INFO: [ app_begin ] --START--
INFO: Run Behavior\ReadHtmlCacheBehavior [ RunTime:0.001000s ]
INFO: [ app_begin ] --END-- [ RunTime:0.002000s ]
NOTIC: [8192] mysql_connect(): The mysql extension is deprecated and will be removed in the future: use mysqli or PDO instead E:\cucisvn\01-code\jonza\Library\Think\Library\Think\Session\Driver\Db.class.php 第 95 行.
NOTIC: [8] Undefined variable: date E:\cucisvn\01-code\jonza\Module\Store\Controller\OrderController.class.php 第 190 行.
SQL: SHOW COLUMNS FROM `wx_store_order` [ RunTime:0.0100s ]
SQL: SELECT so.order_no,so.total_fee,so.accept_name,so.phone,so.status,so.create_date FROM wx_store_order so WHERE so.status = 5 AND so.create_date LIKE '%' AND so.store_id = '19'  [ RunTime:0.0010s ]
INFO: [ view_parse ] --START--
INFO: [ template_filter ] --START--
INFO: Run Behavior\ContentReplaceBehavior [ RunTime:0.000000s ]
INFO: [ template_filter ] --END-- [ RunTime:0.001000s ]
INFO: Run Behavior\ParseTemplateBehavior [ RunTime:0.027001s ]
INFO: [ view_parse ] --END-- [ RunTime:0.027001s ]
INFO: [ view_filter ] --START--
INFO: Run Behavior\WriteHtmlCacheBehavior [ RunTime:0.000000s ]
INFO: Run Library\Behavior\EmptyImageBehavior [ RunTime:0.002000s ]
INFO: [ view_filter ] --END-- [ RunTime:0.004001s ]
INFO: [ app_end ] --START--
INFO: Run Behavior\ShowPageTraceBehavior [ RunTime:0.001000s ]
INFO: [ app_end ] --END-- [ RunTime:0.002000s ]

[ 2015-05-22T16:33:30+08:00 ] 127.0.0.1 /jonza/index.php/Store/Order/details/store_id/18.shtml
INFO: [ app_begin ] --START--
INFO: Run Behavior\ReadHtmlCacheBehavior [ RunTime:0.001000s ]
INFO: [ app_begin ] --END-- [ RunTime:0.002000s ]
NOTIC: [8192] mysql_connect(): The mysql extension is deprecated and will be removed in the future: use mysqli or PDO instead E:\cucisvn\01-code\jonza\Library\Think\Library\Think\Session\Driver\Db.class.php 第 95 行.
NOTIC: [8] Undefined variable: date E:\cucisvn\01-code\jonza\Module\Store\Controller\OrderController.class.php 第 190 行.
SQL: SHOW COLUMNS FROM `wx_store_order` [ RunTime:0.0090s ]
SQL: SELECT so.order_no,so.total_fee,so.accept_name,so.phone,so.status,so.create_date FROM wx_store_order so WHERE so.status = 5 AND so.create_date LIKE '%' AND so.store_id = '18'  [ RunTime:0.0010s ]
INFO: [ view_parse ] --START--
INFO: [ template_filter ] --START--
INFO: Run Behavior\ContentReplaceBehavior [ RunTime:0.001000s ]
INFO: [ template_filter ] --END-- [ RunTime:0.001000s ]
INFO: Run Behavior\ParseTemplateBehavior [ RunTime:0.026002s ]
INFO: [ view_parse ] --END-- [ RunTime:0.026002s ]
INFO: [ view_filter ] --START--
INFO: Run Behavior\WriteHtmlCacheBehavior [ RunTime:0.001000s ]
INFO: Run Library\Behavior\EmptyImageBehavior [ RunTime:0.002000s ]
INFO: [ view_filter ] --END-- [ RunTime:0.003000s ]
INFO: [ app_end ] --START--
INFO: Run Behavior\ShowPageTraceBehavior [ RunTime:0.002000s ]
INFO: [ app_end ] --END-- [ RunTime:0.003000s ]

[ 2015-05-22T16:39:06+08:00 ] 127.0.0.1 /jonza/index.php/Store/Order/orderaccount.shtml?order_time=2015-05-21
ERR: SQLSTATE[42000]: Syntax error or access violation: 1064 Erreur de syntaxe près de ') AND (  (  like ) AND (  2015-05-21% ) ) GROUP BY so.store_id' à la ligne 1

[ 2015-05-22T16:46:09+08:00 ] 127.0.0.1 /jonza/index.php/Store/Order/details/store_id/19.shtml
INFO: [ app_begin ] --START--
INFO: Run Behavior\ReadHtmlCacheBehavior [ RunTime:0.002000s ]
INFO: [ app_begin ] --END-- [ RunTime:0.004000s ]
NOTIC: [8192] mysql_connect(): The mysql extension is deprecated and will be removed in the future: use mysqli or PDO instead E:\cucisvn\01-code\jonza\Library\Think\Library\Think\Session\Driver\Db.class.php 第 95 行.
NOTIC: [8] Undefined variable: date E:\cucisvn\01-code\jonza\Module\Store\Controller\OrderController.class.php 第 191 行.
SQL: SHOW COLUMNS FROM `wx_store_order` [ RunTime:0.0090s ]
SQL: SELECT so.order_no,so.total_fee,so.accept_name,so.phone,so.status,so.create_date FROM wx_store_order so WHERE so.status = 5 AND so.create_date LIKE '%' AND so.store_id = '19'  [ RunTime:0.0010s ]
INFO: [ view_parse ] --START--
INFO: [ template_filter ] --START--
INFO: Run Behavior\ContentReplaceBehavior [ RunTime:0.000000s ]
INFO: [ template_filter ] --END-- [ RunTime:0.001000s ]
INFO: Run Behavior\ParseTemplateBehavior [ RunTime:0.028001s ]
INFO: [ view_parse ] --END-- [ RunTime:0.028001s ]
INFO: [ view_filter ] --START--
INFO: Run Behavior\WriteHtmlCacheBehavior [ RunTime:0.001000s ]
INFO: Run Library\Behavior\EmptyImageBehavior [ RunTime:0.003000s ]
INFO: [ view_filter ] --END-- [ RunTime:0.004000s ]
INFO: [ app_end ] --START--
INFO: Run Behavior\ShowPageTraceBehavior [ RunTime:0.003000s ]
INFO: [ app_end ] --END-- [ RunTime:0.003000s ]

[ 2015-05-22T16:46:32+08:00 ] 127.0.0.1 /jonza/index.php/Store/Order/details/store_id/19.shtml
INFO: [ app_begin ] --START--
INFO: Run Behavior\ReadHtmlCacheBehavior [ RunTime:0.001000s ]
INFO: [ app_begin ] --END-- [ RunTime:0.002000s ]
NOTIC: [8192] mysql_connect(): The mysql extension is deprecated and will be removed in the future: use mysqli or PDO instead E:\cucisvn\01-code\jonza\Library\Think\Library\Think\Session\Driver\Db.class.php 第 95 行.
NOTIC: [8] Undefined variable: date E:\cucisvn\01-code\jonza\Module\Store\Controller\OrderController.class.php 第 191 行.
SQL: SHOW COLUMNS FROM `wx_store_order` [ RunTime:0.0090s ]
SQL: SELECT so.order_no,so.total_fee,so.accept_name,so.phone,so.status,so.create_date FROM wx_store_order so WHERE so.status <> 3 AND so.create_date LIKE '%' AND so.store_id = '19'  [ RunTime:0.0010s ]
INFO: [ view_parse ] --START--
INFO: [ template_filter ] --START--
INFO: Run Behavior\ContentReplaceBehavior [ RunTime:0.001000s ]
INFO: [ template_filter ] --END-- [ RunTime:0.001000s ]
INFO: Run Behavior\ParseTemplateBehavior [ RunTime:0.027002s ]
INFO: [ view_parse ] --END-- [ RunTime:0.029002s ]
INFO: [ view_filter ] --START--
INFO: Run Behavior\WriteHtmlCacheBehavior [ RunTime:0.001000s ]
INFO: Run Library\Behavior\EmptyImageBehavior [ RunTime:0.002000s ]
INFO: [ view_filter ] --END-- [ RunTime:0.004000s ]
INFO: [ app_end ] --START--
INFO: Run Behavior\ShowPageTraceBehavior [ RunTime:0.002000s ]
INFO: [ app_end ] --END-- [ RunTime:0.003000s ]

[ 2015-05-22T16:47:10+08:00 ] 127.0.0.1 /jonza/index.php/Store/Order/details/store_id/19.shtml
INFO: [ app_begin ] --START--
INFO: Run Behavior\ReadHtmlCacheBehavior [ RunTime:0.001000s ]
INFO: [ app_begin ] --END-- [ RunTime:0.003001s ]
NOTIC: [8192] mysql_connect(): The mysql extension is deprecated and will be removed in the future: use mysqli or PDO instead E:\cucisvn\01-code\jonza\Library\Think\Library\Think\Session\Driver\Db.class.php 第 95 行.
NOTIC: [8] Undefined variable: date E:\cucisvn\01-code\jonza\Module\Store\Controller\OrderController.class.php 第 191 行.
SQL: SHOW COLUMNS FROM `wx_store_order` [ RunTime:0.0080s ]
SQL: SELECT so.order_no,so.total_fee,so.accept_name,so.phone,so.status,so.create_date FROM wx_store_order so WHERE so.status <> 3 AND so.create_date LIKE '%' AND so.store_id = '19'  [ RunTime:0.0030s ]
INFO: [ view_parse ] --START--
INFO: [ template_filter ] --START--
INFO: Run Behavior\ContentReplaceBehavior [ RunTime:0.000000s ]
INFO: [ template_filter ] --END-- [ RunTime:0.001000s ]
INFO: Run Behavior\ParseTemplateBehavior [ RunTime:0.029001s ]
INFO: [ view_parse ] --END-- [ RunTime:0.030001s ]
INFO: [ view_filter ] --START--
INFO: Run Behavior\WriteHtmlCacheBehavior [ RunTime:0.002001s ]
INFO: Run Library\Behavior\EmptyImageBehavior [ RunTime:0.002000s ]
INFO: [ view_filter ] --END-- [ RunTime:0.004001s ]
INFO: [ app_end ] --START--
INFO: Run Behavior\ShowPageTraceBehavior [ RunTime:0.002000s ]
INFO: [ app_end ] --END-- [ RunTime:0.002000s ]

[ 2015-05-22T16:47:13+08:00 ] 127.0.0.1 /jonza/index.php/Store/Order/details/store_id/18.shtml
INFO: [ app_begin ] --START--
INFO: Run Behavior\ReadHtmlCacheBehavior [ RunTime:0.001000s ]
INFO: [ app_begin ] --END-- [ RunTime:0.002000s ]
NOTIC: [8192] mysql_connect(): The mysql extension is deprecated and will be removed in the future: use mysqli or PDO instead E:\cucisvn\01-code\jonza\Library\Think\Library\Think\Session\Driver\Db.class.php 第 95 行.
NOTIC: [8] Undefined variable: date E:\cucisvn\01-code\jonza\Module\Store\Controller\OrderController.class.php 第 191 行.
SQL: SHOW COLUMNS FROM `wx_store_order` [ RunTime:0.0100s ]
SQL: SELECT so.order_no,so.total_fee,so.accept_name,so.phone,so.status,so.create_date FROM wx_store_order so WHERE so.status <> 3 AND so.create_date LIKE '%' AND so.store_id = '18'  [ RunTime:0.0010s ]
INFO: [ view_parse ] --START--
INFO: [ template_filter ] --START--
INFO: Run Behavior\ContentReplaceBehavior [ RunTime:0.000000s ]
INFO: [ template_filter ] --END-- [ RunTime:0.001000s ]
INFO: Run Behavior\ParseTemplateBehavior [ RunTime:0.025001s ]
INFO: [ view_parse ] --END-- [ RunTime:0.027001s ]
INFO: [ view_filter ] --START--
INFO: Run Behavior\WriteHtmlCacheBehavior [ RunTime:0.001001s ]
INFO: Run Library\Behavior\EmptyImageBehavior [ RunTime:0.002000s ]
INFO: [ view_filter ] --END-- [ RunTime:0.003001s ]
INFO: [ app_end ] --START--
INFO: Run Behavior\ShowPageTraceBehavior [ RunTime:0.002000s ]
INFO: [ app_end ] --END-- [ RunTime:0.003000s ]

[ 2015-05-22T16:47:16+08:00 ] 127.0.0.1 /jonza/index.php/Store/Order/details/store_id/19.shtml
INFO: [ app_begin ] --START--
INFO: Run Behavior\ReadHtmlCacheBehavior [ RunTime:0.001000s ]
INFO: [ app_begin ] --END-- [ RunTime:0.004000s ]
NOTIC: [8192] mysql_connect(): The mysql extension is deprecated and will be removed in the future: use mysqli or PDO instead E:\cucisvn\01-code\jonza\Library\Think\Library\Think\Session\Driver\Db.class.php 第 95 行.
NOTIC: [8] Undefined variable: date E:\cucisvn\01-code\jonza\Module\Store\Controller\OrderController.class.php 第 191 行.
SQL: SHOW COLUMNS FROM `wx_store_order` [ RunTime:0.0100s ]
SQL: SELECT so.order_no,so.total_fee,so.accept_name,so.phone,so.status,so.create_date FROM wx_store_order so WHERE so.status <> 3 AND so.create_date LIKE '%' AND so.store_id = '19'  [ RunTime:0.0020s ]
INFO: [ view_parse ] --START--
INFO: [ template_filter ] --START--
INFO: Run Behavior\ContentReplaceBehavior [ RunTime:0.000000s ]
INFO: [ template_filter ] --END-- [ RunTime:0.001000s ]
INFO: Run Behavior\ParseTemplateBehavior [ RunTime:0.030002s ]
INFO: [ view_parse ] --END-- [ RunTime:0.030002s ]
INFO: [ view_filter ] --START--
INFO: Run Behavior\WriteHtmlCacheBehavior [ RunTime:0.001000s ]
INFO: Run Library\Behavior\EmptyImageBehavior [ RunTime:0.002000s ]
INFO: [ view_filter ] --END-- [ RunTime:0.004000s ]
INFO: [ app_end ] --START--
INFO: Run Behavior\ShowPageTraceBehavior [ RunTime:0.001000s ]
INFO: [ app_end ] --END-- [ RunTime:0.002000s ]

[ 2015-05-22T16:52:03+08:00 ] 127.0.0.1 /jonza/index.php/Store/Order/details/date/
INFO: [ app_begin ] --START--
INFO: Run Behavior\ReadHtmlCacheBehavior [ RunTime:0.001000s ]
INFO: [ app_begin ] --END-- [ RunTime:0.002000s ]
NOTIC: [8192] mysql_connect(): The mysql extension is deprecated and will be removed in the future: use mysqli or PDO instead E:\cucisvn\01-code\jonza\Library\Think\Library\Think\Session\Driver\Db.class.php 第 95 行.
SQL: SHOW COLUMNS FROM `wx_store_order` [ RunTime:0.0080s ]
SQL: SELECT so.order_no,so.total_fee,so.accept_name,so.phone,so.status,so.create_date FROM wx_store_order so WHERE so.status <> 3 AND so.create_date LIKE '%' AND so.store_id = ''  [ RunTime:0.0010s ]
INFO: [ view_parse ] --START--
INFO: [ template_filter ] --START--
INFO: Run Behavior\ContentReplaceBehavior [ RunTime:0.000000s ]
INFO: [ template_filter ] --END-- [ RunTime:0.000000s ]
INFO: Run Behavior\ParseTemplateBehavior [ RunTime:0.051003s ]
INFO: [ view_parse ] --END-- [ RunTime:0.051003s ]
INFO: [ view_filter ] --START--
INFO: Run Behavior\WriteHtmlCacheBehavior [ RunTime:0.000000s ]
INFO: Run Library\Behavior\EmptyImageBehavior [ RunTime:0.002000s ]
INFO: [ view_filter ] --END-- [ RunTime:0.004000s ]
INFO: [ app_end ] --START--
INFO: Run Behavior\ShowPageTraceBehavior [ RunTime:0.001000s ]
INFO: [ app_end ] --END-- [ RunTime:0.002001s ]

[ 2015-05-22T16:52:23+08:00 ] 127.0.0.1 /jonza/index.php/Store/Order/details/date/
INFO: [ app_begin ] --START--
INFO: Run Behavior\ReadHtmlCacheBehavior [ RunTime:0.001000s ]
INFO: [ app_begin ] --END-- [ RunTime:0.002000s ]
NOTIC: [8192] mysql_connect(): The mysql extension is deprecated and will be removed in the future: use mysqli or PDO instead E:\cucisvn\01-code\jonza\Library\Think\Library\Think\Session\Driver\Db.class.php 第 95 行.
SQL: SHOW COLUMNS FROM `wx_store_order` [ RunTime:0.0110s ]
SQL: SELECT so.order_no,so.total_fee,so.accept_name,so.phone,so.status,so.create_date FROM wx_store_order so WHERE so.status <> 3 AND so.create_date LIKE '%' AND so.store_id = ''  [ RunTime:0.0010s ]
INFO: [ view_parse ] --START--
INFO: [ template_filter ] --START--
INFO: Run Behavior\ContentReplaceBehavior [ RunTime:0.000000s ]
INFO: [ template_filter ] --END-- [ RunTime:0.001000s ]
INFO: Run Behavior\ParseTemplateBehavior [ RunTime:0.027001s ]
INFO: [ view_parse ] --END-- [ RunTime:0.027001s ]
INFO: [ view_filter ] --START--
INFO: Run Behavior\WriteHtmlCacheBehavior [ RunTime:0.001001s ]
INFO: Run Library\Behavior\EmptyImageBehavior [ RunTime:0.002000s ]
INFO: [ view_filter ] --END-- [ RunTime:0.004001s ]
INFO: [ app_end ] --START--
INFO: Run Behavior\ShowPageTraceBehavior [ RunTime:0.001000s ]
INFO: [ app_end ] --END-- [ RunTime:0.002000s ]

[ 2015-05-22T16:52:33+08:00 ] 127.0.0.1 /jonza/index.php/Store/Order/details/date/
INFO: [ app_begin ] --START--
INFO: Run Behavior\ReadHtmlCacheBehavior [ RunTime:0.001000s ]
INFO: [ app_begin ] --END-- [ RunTime:0.002000s ]
NOTIC: [8192] mysql_connect(): The mysql extension is deprecated and will be removed in the future: use mysqli or PDO instead E:\cucisvn\01-code\jonza\Library\Think\Library\Think\Session\Driver\Db.class.php 第 95 行.
SQL: SHOW COLUMNS FROM `wx_store_order` [ RunTime:0.0110s ]
SQL: SELECT so.order_no,so.total_fee,so.accept_name,so.phone,so.status,so.create_date FROM wx_store_order so WHERE so.status <> 3 AND so.create_date LIKE '%' AND so.store_id = ''  [ RunTime:0.0010s ]
INFO: [ view_parse ] --START--
INFO: [ template_filter ] --START--
INFO: Run Behavior\ContentReplaceBehavior [ RunTime:0.001000s ]
INFO: [ template_filter ] --END-- [ RunTime:0.001000s ]
INFO: Run Behavior\ParseTemplateBehavior [ RunTime:0.029001s ]
INFO: [ view_parse ] --END-- [ RunTime:0.029001s ]
INFO: [ view_filter ] --START--
INFO: Run Behavior\WriteHtmlCacheBehavior [ RunTime:0.002000s ]
INFO: Run Library\Behavior\EmptyImageBehavior [ RunTime:0.003000s ]
INFO: [ view_filter ] --END-- [ RunTime:0.005000s ]
INFO: [ app_end ] --START--
INFO: Run Behavior\ShowPageTraceBehavior [ RunTime:0.001000s ]
INFO: [ app_end ] --END-- [ RunTime:0.002000s ]

[ 2015-05-22T16:56:49+08:00 ] 127.0.0.1 /jonza/index.php/Store/Order/details/store_id/18.shtml
INFO: [ app_begin ] --START--
INFO: Run Behavior\ReadHtmlCacheBehavior [ RunTime:0.001000s ]
INFO: [ app_begin ] --END-- [ RunTime:0.002000s ]
NOTIC: [8192] mysql_connect(): The mysql extension is deprecated and will be removed in the future: use mysqli or PDO instead E:\cucisvn\01-code\jonza\Library\Think\Library\Think\Session\Driver\Db.class.php 第 95 行.
SQL: SHOW COLUMNS FROM `wx_store_order` [ RunTime:0.0090s ]
SQL: SELECT so.order_no,so.total_fee,so.accept_name,so.phone,so.status,so.create_date FROM wx_store_order so WHERE so.status <> 3 AND so.create_date LIKE '%' AND so.store_id = '18'  [ RunTime:0.0010s ]
INFO: [ view_parse ] --START--
INFO: [ template_filter ] --START--
INFO: Run Behavior\ContentReplaceBehavior [ RunTime:0.001000s ]
INFO: [ template_filter ] --END-- [ RunTime:0.001000s ]
INFO: Run Behavior\ParseTemplateBehavior [ RunTime:0.028002s ]
INFO: [ view_parse ] --END-- [ RunTime:0.029002s ]
INFO: [ view_filter ] --START--
INFO: Run Behavior\WriteHtmlCacheBehavior [ RunTime:0.001000s ]
INFO: Run Library\Behavior\EmptyImageBehavior [ RunTime:0.002000s ]
INFO: [ view_filter ] --END-- [ RunTime:0.004000s ]
INFO: [ app_end ] --START--
INFO: Run Behavior\ShowPageTraceBehavior [ RunTime:0.001000s ]
INFO: [ app_end ] --END-- [ RunTime:0.002000s ]

[ 2015-05-22T16:57:34+08:00 ] 127.0.0.1 /jonza/index.php/Store/Order/details/store_id/18.shtml
INFO: [ app_begin ] --START--
INFO: Run Behavior\ReadHtmlCacheBehavior [ RunTime:0.001000s ]
INFO: [ app_begin ] --END-- [ RunTime:0.003000s ]
NOTIC: [8192] mysql_connect(): The mysql extension is deprecated and will be removed in the future: use mysqli or PDO instead E:\cucisvn\01-code\jonza\Library\Think\Library\Think\Session\Driver\Db.class.php 第 95 行.
SQL: SHOW COLUMNS FROM `wx_store_order` [ RunTime:0.0110s ]
SQL: SELECT so.order_no,so.total_fee,so.accept_name,so.phone,so.status,so.create_date FROM wx_store_order so WHERE so.status <> 3 AND so.create_date LIKE '%' AND so.store_id = '18'  [ RunTime:0.0010s ]
INFO: [ view_parse ] --START--
INFO: [ template_filter ] --START--
INFO: Run Behavior\ContentReplaceBehavior [ RunTime:0.000000s ]
INFO: [ template_filter ] --END-- [ RunTime:0.000000s ]
INFO: Run Behavior\ParseTemplateBehavior [ RunTime:0.028002s ]
INFO: [ view_parse ] --END-- [ RunTime:0.029002s ]
INFO: [ view_filter ] --START--
INFO: Run Behavior\WriteHtmlCacheBehavior [ RunTime:0.001000s ]
INFO: Run Library\Behavior\EmptyImageBehavior [ RunTime:0.002000s ]
INFO: [ view_filter ] --END-- [ RunTime:0.004000s ]
INFO: [ app_end ] --START--
INFO: Run Behavior\ShowPageTraceBehavior [ RunTime:0.001000s ]
INFO: [ app_end ] --END-- [ RunTime:0.002000s ]

[ 2015-05-22T16:59:02+08:00 ] 127.0.0.1 /jonza/index.php/Store/Order/details/store_id/18.shtml
INFO: [ app_begin ] --START--
INFO: Run Behavior\ReadHtmlCacheBehavior [ RunTime:0.001000s ]
INFO: [ app_begin ] --END-- [ RunTime:0.002001s ]
NOTIC: [8192] mysql_connect(): The mysql extension is deprecated and will be removed in the future: use mysqli or PDO instead E:\cucisvn\01-code\jonza\Library\Think\Library\Think\Session\Driver\Db.class.php 第 95 行.
SQL: SHOW COLUMNS FROM `wx_store_order` [ RunTime:0.0110s ]
SQL: SELECT so.order_no,so.total_fee,so.accept_name,so.phone,so.status,so.create_date FROM wx_store_order so WHERE so.status <> 3 AND so.create_date LIKE '%' AND so.store_id = '18'  [ RunTime:0.0010s ]
INFO: [ view_parse ] --START--
INFO: [ template_filter ] --START--
INFO: Run Behavior\ContentReplaceBehavior [ RunTime:0.000000s ]
INFO: [ template_filter ] --END-- [ RunTime:0.001000s ]
INFO: Run Behavior\ParseTemplateBehavior [ RunTime:0.027001s ]
INFO: [ view_parse ] --END-- [ RunTime:0.027001s ]
INFO: [ view_filter ] --START--
INFO: Run Behavior\WriteHtmlCacheBehavior [ RunTime:0.001000s ]
INFO: Run Library\Behavior\EmptyImageBehavior [ RunTime:0.002000s ]
INFO: [ view_filter ] --END-- [ RunTime:0.004001s ]
INFO: [ app_end ] --START--
INFO: Run Behavior\ShowPageTraceBehavior [ RunTime:0.001000s ]
INFO: [ app_end ] --END-- [ RunTime:0.002000s ]

[ 2015-05-22T16:59:11+08:00 ] 127.0.0.1 /jonza/index.php/Store/Order/details/store_id/19.shtml
INFO: [ app_begin ] --START--
INFO: Run Behavior\ReadHtmlCacheBehavior [ RunTime:0.001000s ]
INFO: [ app_begin ] --END-- [ RunTime:0.002000s ]
NOTIC: [8192] mysql_connect(): The mysql extension is deprecated and will be removed in the future: use mysqli or PDO instead E:\cucisvn\01-code\jonza\Library\Think\Library\Think\Session\Driver\Db.class.php 第 95 行.
SQL: SHOW COLUMNS FROM `wx_store_order` [ RunTime:0.0080s ]
SQL: SELECT so.order_no,so.total_fee,so.accept_name,so.phone,so.status,so.create_date FROM wx_store_order so WHERE so.status <> 3 AND so.create_date LIKE '%' AND so.store_id = '19'  [ RunTime:0.0020s ]
INFO: [ view_parse ] --START--
INFO: [ template_filter ] --START--
INFO: Run Behavior\ContentReplaceBehavior [ RunTime:0.000000s ]
INFO: [ template_filter ] --END-- [ RunTime:0.001000s ]
INFO: Run Behavior\ParseTemplateBehavior [ RunTime:0.030002s ]
INFO: [ view_parse ] --END-- [ RunTime:0.031002s ]
INFO: [ view_filter ] --START--
INFO: Run Behavior\WriteHtmlCacheBehavior [ RunTime:0.001000s ]
INFO: Run Library\Behavior\EmptyImageBehavior [ RunTime:0.002000s ]
INFO: [ view_filter ] --END-- [ RunTime:0.004000s ]
INFO: [ app_end ] --START--
INFO: Run Behavior\ShowPageTraceBehavior [ RunTime:0.002000s ]
INFO: [ app_end ] --END-- [ RunTime:0.002000s ]

