[ 2015-06-26T16:23:52+08:00 ] 127.0.0.1 /jonza/index.php/Store/Order/edit/id/192.shtml
INFO: [ app_begin ] --START--
INFO: Run Behavior\ReadHtmlCacheBehavior [ RunTime:0.002000s ]
INFO: [ app_begin ] --END-- [ RunTime:0.003000s ]
NOTIC: [8192] mysql_connect(): The mysql extension is deprecated and will be removed in the future: use mysqli or PDO instead E:\cucisvn\01-code\jonza\Library\Think\Library\Think\Session\Driver\Db.class.php 第 95 行.
SQL: SHOW COLUMNS FROM `wx_store_order` [ RunTime:0.0170s ]
SQL: SELECT * FROM `wx_store_order` WHERE `id` = '192' LIMIT 1   [ RunTime:0.0220s ]
SQL: SHOW COLUMNS FROM `wx_store_delivery` [ RunTime:0.0870s ]
SQL: SELECT * FROM `wx_store_delivery` WHERE `status` = 2  [ RunTime:0.0020s ]
NOTIC: [8] Undefined index: url E:\cucisvn\01-code\jonza\Module\Store\Controller\OrderController.class.php 第 92 行.
SQL: SHOW COLUMNS FROM `wx_store_order_product` [ RunTime:0.0730s ]
SQL: SELECT * FROM `wx_store_order_product` WHERE `order_id` = '192'  [ RunTime:0.0320s ]
SQL: SHOW COLUMNS FROM `wx_store_product` [ RunTime:0.0806s ]
NOTIC: [8] Undefined index: cid E:\cucisvn\01-code\jonza\Module\Store\Controller\OrderController.class.php 第 97 行.
SQL: SELECT * FROM `wx_store_product` LIMIT 1   [ RunTime:0.0130s ]
INFO: [ view_parse ] --START--
INFO: [ template_filter ] --START--
INFO: Run Behavior\ContentReplaceBehavior [ RunTime:0.000000s ]
INFO: [ template_filter ] --END-- [ RunTime:0.000000s ]
INFO: Run Behavior\ParseTemplateBehavior [ RunTime:0.084802s ]
INFO: [ view_parse ] --END-- [ RunTime:0.086802s ]
INFO: [ view_filter ] --START--
INFO: Run Behavior\WriteHtmlCacheBehavior [ RunTime:0.002000s ]
INFO: Run Library\Behavior\EmptyImageBehavior [ RunTime:0.003000s ]
INFO: [ view_filter ] --END-- [ RunTime:0.005000s ]
INFO: [ app_end ] --START--
INFO: Run Behavior\ShowPageTraceBehavior [ RunTime:0.003000s ]
INFO: [ app_end ] --END-- [ RunTime:0.004001s ]

[ 2015-06-26T16:25:28+08:00 ] 127.0.0.1 /jonza/index.php/Store/Order/edit/id/188.shtml
INFO: [ app_begin ] --START--
INFO: Run Behavior\ReadHtmlCacheBehavior [ RunTime:0.001000s ]
INFO: [ app_begin ] --END-- [ RunTime:0.002000s ]
NOTIC: [8192] mysql_connect(): The mysql extension is deprecated and will be removed in the future: use mysqli or PDO instead E:\cucisvn\01-code\jonza\Library\Think\Library\Think\Session\Driver\Db.class.php 第 95 行.
SQL: SHOW COLUMNS FROM `wx_store_order` [ RunTime:0.0080s ]
SQL: SELECT * FROM `wx_store_order` WHERE `id` = '188' LIMIT 1   [ RunTime:0.0010s ]
SQL: SHOW COLUMNS FROM `wx_store_delivery` [ RunTime:0.0060s ]
SQL: SELECT * FROM `wx_store_delivery` WHERE `status` = 2  [ RunTime:0.0020s ]
NOTIC: [8] Undefined index: url E:\cucisvn\01-code\jonza\Module\Store\Controller\OrderController.class.php 第 94 行.
SQL: SHOW COLUMNS FROM `wx_store_order_product` [ RunTime:0.0080s ]
SQL: SELECT * FROM `wx_store_order_product` WHERE `order_id` = '188'  [ RunTime:0.0020s ]
SQL: SHOW COLUMNS FROM `wx_store_product` [ RunTime:0.0110s ]
NOTIC: [8] Undefined index: cid E:\cucisvn\01-code\jonza\Module\Store\Controller\OrderController.class.php 第 99 行.
SQL: SELECT * FROM `wx_store_product` LIMIT 1   [ RunTime:0.0010s ]
NOTIC: [8] Undefined index: cid E:\cucisvn\01-code\jonza\Module\Store\Controller\OrderController.class.php 第 99 行.
SQL: SELECT * FROM `wx_store_product` LIMIT 1   [ RunTime:0.0010s ]
INFO: [ view_parse ] --START--
INFO: [ template_filter ] --START--
INFO: Run Behavior\ContentReplaceBehavior [ RunTime:0.001000s ]
INFO: [ template_filter ] --END-- [ RunTime:0.001000s ]
INFO: Run Behavior\ParseTemplateBehavior [ RunTime:0.069004s ]
INFO: [ view_parse ] --END-- [ RunTime:0.069004s ]
INFO: [ view_filter ] --START--
INFO: Run Behavior\WriteHtmlCacheBehavior [ RunTime:0.001000s ]
INFO: Run Library\Behavior\EmptyImageBehavior [ RunTime:0.005000s ]
INFO: [ view_filter ] --END-- [ RunTime:0.007001s ]
INFO: [ app_end ] --START--
INFO: Run Behavior\ShowPageTraceBehavior [ RunTime:0.002000s ]
INFO: [ app_end ] --END-- [ RunTime:0.003000s ]

[ 2015-06-26T16:25:50+08:00 ] 127.0.0.1 /jonza/index.php/Store/Order/edit/id/188.shtml
INFO: [ app_begin ] --START--
INFO: Run Behavior\ReadHtmlCacheBehavior [ RunTime:0.001000s ]
INFO: [ app_begin ] --END-- [ RunTime:0.003001s ]
NOTIC: [8192] mysql_connect(): The mysql extension is deprecated and will be removed in the future: use mysqli or PDO instead E:\cucisvn\01-code\jonza\Library\Think\Library\Think\Session\Driver\Db.class.php 第 95 行.
SQL: SHOW COLUMNS FROM `wx_store_order` [ RunTime:0.0090s ]
SQL: SELECT * FROM `wx_store_order` WHERE `id` = '188' LIMIT 1   [ RunTime:0.0010s ]
SQL: SHOW COLUMNS FROM `wx_store_delivery` [ RunTime:0.0080s ]
SQL: SELECT * FROM `wx_store_delivery` WHERE `status` = 2  [ RunTime:0.0010s ]
NOTIC: [8] Undefined index: url E:\cucisvn\01-code\jonza\Module\Store\Controller\OrderController.class.php 第 94 行.
SQL: SHOW COLUMNS FROM `wx_store_order_product` [ RunTime:0.0070s ]
SQL: SELECT * FROM `wx_store_order_product` WHERE `order_id` = '188'  [ RunTime:0.0010s ]
SQL: SHOW COLUMNS FROM `wx_store_product` [ RunTime:0.0100s ]
NOTIC: [8] Undefined index: cid E:\cucisvn\01-code\jonza\Module\Store\Controller\OrderController.class.php 第 99 行.
SQL: SELECT * FROM `wx_store_product` LIMIT 1   [ RunTime:0.0010s ]
NOTIC: [8] Undefined index: cid E:\cucisvn\01-code\jonza\Module\Store\Controller\OrderController.class.php 第 99 行.
SQL: SELECT * FROM `wx_store_product` LIMIT 1   [ RunTime:0.0010s ]
INFO: [ view_parse ] --START--
INFO: [ template_filter ] --START--
INFO: Run Behavior\ContentReplaceBehavior [ RunTime:0.000000s ]
INFO: [ template_filter ] --END-- [ RunTime:0.001000s ]
INFO: Run Behavior\ParseTemplateBehavior [ RunTime:0.068003s ]
INFO: [ view_parse ] --END-- [ RunTime:0.069003s ]
INFO: [ view_filter ] --START--
INFO: Run Behavior\WriteHtmlCacheBehavior [ RunTime:0.001000s ]
INFO: Run Library\Behavior\EmptyImageBehavior [ RunTime:0.005000s ]
INFO: [ view_filter ] --END-- [ RunTime:0.007001s ]
INFO: [ app_end ] --START--
INFO: Run Behavior\ShowPageTraceBehavior [ RunTime:0.002000s ]
INFO: [ app_end ] --END-- [ RunTime:0.002000s ]

[ 2015-06-26T16:26:44+08:00 ] 127.0.0.1 /jonza/index.php/Store/Order/edit/id/188.shtml
INFO: [ app_begin ] --START--
INFO: Run Behavior\ReadHtmlCacheBehavior [ RunTime:0.001000s ]
INFO: [ app_begin ] --END-- [ RunTime:0.002000s ]
NOTIC: [8192] mysql_connect(): The mysql extension is deprecated and will be removed in the future: use mysqli or PDO instead E:\cucisvn\01-code\jonza\Library\Think\Library\Think\Session\Driver\Db.class.php 第 95 行.
SQL: SHOW COLUMNS FROM `wx_store_order` [ RunTime:0.0100s ]
SQL: SELECT * FROM `wx_store_order` WHERE `id` = '188' LIMIT 1   [ RunTime:0.0020s ]
SQL: SHOW COLUMNS FROM `wx_store_delivery` [ RunTime:0.0100s ]
SQL: SELECT * FROM `wx_store_delivery` WHERE `status` = 2  [ RunTime:0.0010s ]
NOTIC: [8] Undefined index: url E:\cucisvn\01-code\jonza\Module\Store\Controller\OrderController.class.php 第 94 行.
SQL: SHOW COLUMNS FROM `wx_store_order_product` [ RunTime:0.0080s ]
SQL: SELECT * FROM `wx_store_order_product` WHERE `order_id` = '188'  [ RunTime:0.0010s ]
SQL: SHOW COLUMNS FROM `wx_store_product` [ RunTime:0.0090s ]
NOTIC: [8] Undefined index: cid E:\cucisvn\01-code\jonza\Module\Store\Controller\OrderController.class.php 第 99 行.
SQL: SELECT * FROM `wx_store_product` LIMIT 1   [ RunTime:0.0020s ]
NOTIC: [8] Undefined index: cid E:\cucisvn\01-code\jonza\Module\Store\Controller\OrderController.class.php 第 99 行.
SQL: SELECT * FROM `wx_store_product` LIMIT 1   [ RunTime:0.0010s ]
INFO: [ view_parse ] --START--
INFO: [ template_filter ] --START--
INFO: Run Behavior\ContentReplaceBehavior [ RunTime:0.001000s ]
INFO: [ template_filter ] --END-- [ RunTime:0.001000s ]
INFO: Run Behavior\ParseTemplateBehavior [ RunTime:0.069004s ]
INFO: [ view_parse ] --END-- [ RunTime:0.070004s ]
INFO: [ view_filter ] --START--
INFO: Run Behavior\WriteHtmlCacheBehavior [ RunTime:0.002000s ]
INFO: Run Library\Behavior\EmptyImageBehavior [ RunTime:0.002000s ]
INFO: [ view_filter ] --END-- [ RunTime:0.005000s ]
INFO: [ app_end ] --START--
INFO: Run Behavior\ShowPageTraceBehavior [ RunTime:0.002000s ]
INFO: [ app_end ] --END-- [ RunTime:0.002000s ]

[ 2015-06-26T16:28:18+08:00 ] 127.0.0.1 /jonza/index.php/Store/Order/edit/id/188.shtml
INFO: [ app_begin ] --START--
INFO: Run Behavior\ReadHtmlCacheBehavior [ RunTime:0.002001s ]
INFO: [ app_begin ] --END-- [ RunTime:0.003001s ]
NOTIC: [8192] mysql_connect(): The mysql extension is deprecated and will be removed in the future: use mysqli or PDO instead E:\cucisvn\01-code\jonza\Library\Think\Library\Think\Session\Driver\Db.class.php 第 95 行.
SQL: SHOW COLUMNS FROM `wx_store_order` [ RunTime:0.0090s ]
SQL: SELECT * FROM `wx_store_order` WHERE `id` = '188' LIMIT 1   [ RunTime:0.0010s ]
SQL: SHOW COLUMNS FROM `wx_store_order` [ RunTime:0.0110s ]
SQL: SELECT * FROM `wx_store_order` WHERE `id` = '188' LIMIT 1   [ RunTime:0.0020s ]
SQL: SHOW COLUMNS FROM `wx_store_delivery` [ RunTime:0.0070s ]
SQL: SELECT * FROM `wx_store_delivery` WHERE `status` = 2  [ RunTime:0.0000s ]
NOTIC: [8] Undefined index: url E:\cucisvn\01-code\jonza\Module\Store\Controller\OrderController.class.php 第 95 行.
SQL: SHOW COLUMNS FROM `wx_store_order_product` [ RunTime:0.0080s ]
SQL: SELECT * FROM `wx_store_order_product` WHERE `order_id` = '188'  [ RunTime:0.0010s ]
SQL: SHOW COLUMNS FROM `wx_store_product` [ RunTime:0.0090s ]
NOTIC: [8] Undefined index: cid E:\cucisvn\01-code\jonza\Module\Store\Controller\OrderController.class.php 第 100 行.
SQL: SELECT * FROM `wx_store_product` LIMIT 1   [ RunTime:0.0010s ]
NOTIC: [8] Undefined index: cid E:\cucisvn\01-code\jonza\Module\Store\Controller\OrderController.class.php 第 100 行.
SQL: SELECT * FROM `wx_store_product` LIMIT 1   [ RunTime:0.0010s ]
INFO: [ view_parse ] --START--
INFO: [ template_filter ] --START--
INFO: Run Behavior\ContentReplaceBehavior [ RunTime:0.001000s ]
INFO: [ template_filter ] --END-- [ RunTime:0.001000s ]
INFO: Run Behavior\ParseTemplateBehavior [ RunTime:0.066004s ]
INFO: [ view_parse ] --END-- [ RunTime:0.067004s ]
INFO: [ view_filter ] --START--
INFO: Run Behavior\WriteHtmlCacheBehavior [ RunTime:0.002000s ]
INFO: Run Library\Behavior\EmptyImageBehavior [ RunTime:0.002000s ]
INFO: [ view_filter ] --END-- [ RunTime:0.004000s ]
INFO: [ app_end ] --START--
INFO: Run Behavior\ShowPageTraceBehavior [ RunTime:0.002000s ]
INFO: [ app_end ] --END-- [ RunTime:0.003000s ]

[ 2015-06-26T16:29:21+08:00 ] 127.0.0.1 /jonza/index.php/Store/Order/edit/id/196.shtml
INFO: [ app_begin ] --START--
INFO: Run Behavior\ReadHtmlCacheBehavior [ RunTime:0.002000s ]
INFO: [ app_begin ] --END-- [ RunTime:0.004000s ]
NOTIC: [8192] mysql_connect(): The mysql extension is deprecated and will be removed in the future: use mysqli or PDO instead E:\cucisvn\01-code\jonza\Library\Think\Library\Think\Session\Driver\Db.class.php 第 95 行.
SQL: SHOW COLUMNS FROM `wx_store_order` [ RunTime:0.0090s ]
SQL: SELECT * FROM `wx_store_order` WHERE `id` = '196' LIMIT 1   [ RunTime:0.0010s ]
SQL: SHOW COLUMNS FROM `wx_store_order` [ RunTime:0.0090s ]
SQL: SELECT * FROM `wx_store_order` WHERE `id` = '196' LIMIT 1   [ RunTime:0.0020s ]
SQL: SHOW COLUMNS FROM `wx_store_delivery` [ RunTime:0.0080s ]
SQL: SELECT * FROM `wx_store_delivery` WHERE `status` = 2  [ RunTime:0.0020s ]
SQL: SHOW COLUMNS FROM `wx_store_order_product` [ RunTime:0.0070s ]
SQL: SELECT * FROM `wx_store_order_product` WHERE `order_id` = '196'  [ RunTime:0.0010s ]
SQL: SHOW COLUMNS FROM `wx_store_product` [ RunTime:0.0100s ]
NOTIC: [8] Undefined index: cid E:\cucisvn\01-code\jonza\Module\Store\Controller\OrderController.class.php 第 102 行.
SQL: SELECT * FROM `wx_store_product` LIMIT 1   [ RunTime:0.0010s ]
NOTIC: [8] Undefined index: cid E:\cucisvn\01-code\jonza\Module\Store\Controller\OrderController.class.php 第 102 行.
SQL: SELECT * FROM `wx_store_product` LIMIT 1   [ RunTime:0.0010s ]
INFO: [ view_parse ] --START--
INFO: [ template_filter ] --START--
INFO: Run Behavior\ContentReplaceBehavior [ RunTime:0.001000s ]
INFO: [ template_filter ] --END-- [ RunTime:0.002000s ]
NOTIC: [8] Undefined index: freight_url E:\cucisvn\01-code\jonza\Static\Runtime\Cache\Store\d133d56bfe4406744f2c1c8f95de77c6.php 第 113 行.
NOTIC: [8] Undefined variable: role E:\cucisvn\01-code\jonza\Static\Runtime\Cache\Store\d133d56bfe4406744f2c1c8f95de77c6.php 第 219 行.
INFO: Run Behavior\ParseTemplateBehavior [ RunTime:0.072004s ]
INFO: [ view_parse ] --END-- [ RunTime:0.073004s ]
INFO: [ view_filter ] --START--
INFO: Run Behavior\WriteHtmlCacheBehavior [ RunTime:0.001000s ]
INFO: Run Library\Behavior\EmptyImageBehavior [ RunTime:0.002000s ]
INFO: [ view_filter ] --END-- [ RunTime:0.004001s ]
INFO: [ app_end ] --START--
INFO: Run Behavior\ShowPageTraceBehavior [ RunTime:0.002000s ]
INFO: [ app_end ] --END-- [ RunTime:0.003000s ]

[ 2015-06-26T16:29:25+08:00 ] 127.0.0.1 /jonza/index.php/Store/Order/edit/id/188.shtml
INFO: [ app_begin ] --START--
INFO: Run Behavior\ReadHtmlCacheBehavior [ RunTime:0.002001s ]
INFO: [ app_begin ] --END-- [ RunTime:0.004001s ]
NOTIC: [8192] mysql_connect(): The mysql extension is deprecated and will be removed in the future: use mysqli or PDO instead E:\cucisvn\01-code\jonza\Library\Think\Library\Think\Session\Driver\Db.class.php 第 95 行.
SQL: SHOW COLUMNS FROM `wx_store_order` [ RunTime:0.0100s ]
SQL: SELECT * FROM `wx_store_order` WHERE `id` = '188' LIMIT 1   [ RunTime:0.0010s ]
SQL: SHOW COLUMNS FROM `wx_store_order` [ RunTime:0.0100s ]
SQL: SELECT * FROM `wx_store_order` WHERE `id` = '188' LIMIT 1   [ RunTime:0.0010s ]
SQL: SHOW COLUMNS FROM `wx_store_delivery` [ RunTime:0.0090s ]
SQL: SELECT * FROM `wx_store_delivery` WHERE `status` = 2  [ RunTime:0.0010s ]
NOTIC: [8] Undefined index: url E:\cucisvn\01-code\jonza\Module\Store\Controller\OrderController.class.php 第 97 行.
SQL: SHOW COLUMNS FROM `wx_store_order_product` [ RunTime:0.0080s ]
SQL: SELECT * FROM `wx_store_order_product` WHERE `order_id` = '188'  [ RunTime:0.0010s ]
SQL: SHOW COLUMNS FROM `wx_store_product` [ RunTime:0.0080s ]
NOTIC: [8] Undefined index: cid E:\cucisvn\01-code\jonza\Module\Store\Controller\OrderController.class.php 第 102 行.
SQL: SELECT * FROM `wx_store_product` LIMIT 1   [ RunTime:0.0020s ]
NOTIC: [8] Undefined index: cid E:\cucisvn\01-code\jonza\Module\Store\Controller\OrderController.class.php 第 102 行.
SQL: SELECT * FROM `wx_store_product` LIMIT 1   [ RunTime:0.0010s ]
INFO: [ view_parse ] --START--
INFO: [ template_filter ] --START--
INFO: Run Behavior\ContentReplaceBehavior [ RunTime:0.001000s ]
INFO: [ template_filter ] --END-- [ RunTime:0.001000s ]
INFO: Run Behavior\ParseTemplateBehavior [ RunTime:0.076005s ]
INFO: [ view_parse ] --END-- [ RunTime:0.077005s ]
INFO: [ view_filter ] --START--
INFO: Run Behavior\WriteHtmlCacheBehavior [ RunTime:0.001000s ]
INFO: Run Library\Behavior\EmptyImageBehavior [ RunTime:0.002000s ]
INFO: [ view_filter ] --END-- [ RunTime:0.004000s ]
INFO: [ app_end ] --START--
INFO: Run Behavior\ShowPageTraceBehavior [ RunTime:0.003000s ]
INFO: [ app_end ] --END-- [ RunTime:0.003000s ]

