[ 2015-08-24T17:08:39+08:00 ] 127.0.0.1 /jonza/index.php/Store/Product/edit/id/260.shtml
INFO: [ app_begin ] --START--
INFO: Run Behavior\ReadHtmlCacheBehavior [ RunTime:0.002000s ]
INFO: [ app_begin ] --END-- [ RunTime:0.004000s ]
NOTIC: [8192] mysql_connect(): The mysql extension is deprecated and will be removed in the future: use mysqli or PDO instead E:\cucisvn\01-code\jonza\Library\Think\Library\Think\Session\Driver\Db.class.php 第 95 行.
SQL: SHOW COLUMNS FROM `wx_store_product` [ RunTime:0.0100s ]
SQL: SELECT * FROM `wx_store_product` WHERE `id` = '260' LIMIT 1   [ RunTime:0.0020s ]
NOTIC: [2] array_unique() expects parameter 1 to be array, string given E:\cucisvn\01-code\jonza\Module\Store\Controller\ProductController.class.php 第 54 行.
NOTIC: [2] implode(): Invalid arguments passed E:\cucisvn\01-code\jonza\Module\Store\Controller\ProductController.class.php 第 55 行.
SQL: SHOW COLUMNS FROM `wx_store_product_cat` [ RunTime:0.0100s ]
SQL: SELECT * FROM `wx_store_product_cat` WHERE `status` = 2 AND `id` <> 260  [ RunTime:0.0020s ]
SQL: SHOW COLUMNS FROM `wx_store_product` [ RunTime:0.0170s ]
SQL: SELECT `extend_cat` FROM `wx_store_product` WHERE `id` = '260' LIMIT 1   [ RunTime:0.0010s ]
SQL: SHOW COLUMNS FROM `wx_store_product_model` [ RunTime:0.1480s ]
SQL: SELECT * FROM `wx_store_product_model` WHERE `status` = 2  [ RunTime:0.0390s ]
INFO: [ view_parse ] --START--
INFO: [ template_filter ] --START--
INFO: Run Behavior\ContentReplaceBehavior [ RunTime:0.001000s ]
INFO: [ template_filter ] --END-- [ RunTime:0.001000s ]
NOTIC: [8] Undefined variable: extendCat E:\cucisvn\01-code\jonza\Static\Runtime\Cache\Store\79409b6f98c00fca851e0e3095b35d02.php 第 27 行.
NOTIC: [8] Undefined index: spl E:\cucisvn\01-code\jonza\Static\Runtime\Cache\Store\79409b6f98c00fca851e0e3095b35d02.php 第 189 行.
NOTIC: [8] Undefined index: spl E:\cucisvn\01-code\jonza\Static\Runtime\Cache\Store\79409b6f98c00fca851e0e3095b35d02.php 第 189 行.
NOTIC: [8] Undefined index: spl E:\cucisvn\01-code\jonza\Static\Runtime\Cache\Store\79409b6f98c00fca851e0e3095b35d02.php 第 189 行.
NOTIC: [8] Undefined index: spl E:\cucisvn\01-code\jonza\Static\Runtime\Cache\Store\79409b6f98c00fca851e0e3095b35d02.php 第 189 行.
NOTIC: [8] Undefined index: spl E:\cucisvn\01-code\jonza\Static\Runtime\Cache\Store\79409b6f98c00fca851e0e3095b35d02.php 第 189 行.
NOTIC: [8] Undefined index: spl E:\cucisvn\01-code\jonza\Static\Runtime\Cache\Store\79409b6f98c00fca851e0e3095b35d02.php 第 189 行.
NOTIC: [8] Undefined index: spl E:\cucisvn\01-code\jonza\Static\Runtime\Cache\Store\79409b6f98c00fca851e0e3095b35d02.php 第 189 行.
NOTIC: [8] Undefined index: spl E:\cucisvn\01-code\jonza\Static\Runtime\Cache\Store\79409b6f98c00fca851e0e3095b35d02.php 第 189 行.
NOTIC: [8] Undefined index: spl E:\cucisvn\01-code\jonza\Static\Runtime\Cache\Store\79409b6f98c00fca851e0e3095b35d02.php 第 189 行.
NOTIC: [8] Undefined index: spl E:\cucisvn\01-code\jonza\Static\Runtime\Cache\Store\79409b6f98c00fca851e0e3095b35d02.php 第 189 行.
NOTIC: [8] Undefined index: spl E:\cucisvn\01-code\jonza\Static\Runtime\Cache\Store\79409b6f98c00fca851e0e3095b35d02.php 第 189 行.
NOTIC: [8] Undefined index: spl E:\cucisvn\01-code\jonza\Static\Runtime\Cache\Store\79409b6f98c00fca851e0e3095b35d02.php 第 189 行.
NOTIC: [8] Undefined index: spl E:\cucisvn\01-code\jonza\Static\Runtime\Cache\Store\79409b6f98c00fca851e0e3095b35d02.php 第 189 行.
NOTIC: [8] Undefined index: spl E:\cucisvn\01-code\jonza\Static\Runtime\Cache\Store\79409b6f98c00fca851e0e3095b35d02.php 第 189 行.
NOTIC: [8] Undefined index: spl E:\cucisvn\01-code\jonza\Static\Runtime\Cache\Store\79409b6f98c00fca851e0e3095b35d02.php 第 189 行.
NOTIC: [8] Undefined index: spl E:\cucisvn\01-code\jonza\Static\Runtime\Cache\Store\79409b6f98c00fca851e0e3095b35d02.php 第 189 行.
NOTIC: [8] Undefined index: spl E:\cucisvn\01-code\jonza\Static\Runtime\Cache\Store\79409b6f98c00fca851e0e3095b35d02.php 第 189 行.
NOTIC: [8] Undefined index: spl E:\cucisvn\01-code\jonza\Static\Runtime\Cache\Store\79409b6f98c00fca851e0e3095b35d02.php 第 189 行.
NOTIC: [8] Undefined index: spl E:\cucisvn\01-code\jonza\Static\Runtime\Cache\Store\79409b6f98c00fca851e0e3095b35d02.php 第 189 行.
NOTIC: [8] Undefined index: spl E:\cucisvn\01-code\jonza\Static\Runtime\Cache\Store\79409b6f98c00fca851e0e3095b35d02.php 第 189 行.
NOTIC: [8] Undefined index: spl E:\cucisvn\01-code\jonza\Static\Runtime\Cache\Store\79409b6f98c00fca851e0e3095b35d02.php 第 189 行.
NOTIC: [8] Undefined index: spl E:\cucisvn\01-code\jonza\Static\Runtime\Cache\Store\79409b6f98c00fca851e0e3095b35d02.php 第 189 行.
NOTIC: [8] Undefined index: spl E:\cucisvn\01-code\jonza\Static\Runtime\Cache\Store\79409b6f98c00fca851e0e3095b35d02.php 第 189 行.
NOTIC: [8] Undefined index: spl E:\cucisvn\01-code\jonza\Static\Runtime\Cache\Store\79409b6f98c00fca851e0e3095b35d02.php 第 189 行.
NOTIC: [8] Undefined index: spl E:\cucisvn\01-code\jonza\Static\Runtime\Cache\Store\79409b6f98c00fca851e0e3095b35d02.php 第 189 行.
NOTIC: [8] Undefined index: spl E:\cucisvn\01-code\jonza\Static\Runtime\Cache\Store\79409b6f98c00fca851e0e3095b35d02.php 第 189 行.
NOTIC: [8] Undefined index: spl E:\cucisvn\01-code\jonza\Static\Runtime\Cache\Store\79409b6f98c00fca851e0e3095b35d02.php 第 189 行.
NOTIC: [8] Undefined index: spl E:\cucisvn\01-code\jonza\Static\Runtime\Cache\Store\79409b6f98c00fca851e0e3095b35d02.php 第 189 行.
NOTIC: [8] Undefined index: spl E:\cucisvn\01-code\jonza\Static\Runtime\Cache\Store\79409b6f98c00fca851e0e3095b35d02.php 第 189 行.
NOTIC: [8] Undefined index: spl E:\cucisvn\01-code\jonza\Static\Runtime\Cache\Store\79409b6f98c00fca851e0e3095b35d02.php 第 189 行.
NOTIC: [8] Undefined index: spl E:\cucisvn\01-code\jonza\Static\Runtime\Cache\Store\79409b6f98c00fca851e0e3095b35d02.php 第 189 行.
NOTIC: [8] Undefined index: spl E:\cucisvn\01-code\jonza\Static\Runtime\Cache\Store\79409b6f98c00fca851e0e3095b35d02.php 第 189 行.
NOTIC: [8] Undefined index: spl E:\cucisvn\01-code\jonza\Static\Runtime\Cache\Store\79409b6f98c00fca851e0e3095b35d02.php 第 189 行.
NOTIC: [8] Undefined index: spl E:\cucisvn\01-code\jonza\Static\Runtime\Cache\Store\79409b6f98c00fca851e0e3095b35d02.php 第 189 行.
NOTIC: [8] Undefined index: spl E:\cucisvn\01-code\jonza\Static\Runtime\Cache\Store\79409b6f98c00fca851e0e3095b35d02.php 第 189 行.
NOTIC: [8] Undefined index: spl E:\cucisvn\01-code\jonza\Static\Runtime\Cache\Store\79409b6f98c00fca851e0e3095b35d02.php 第 189 行.
NOTIC: [8] Undefined index: spl E:\cucisvn\01-code\jonza\Static\Runtime\Cache\Store\79409b6f98c00fca851e0e3095b35d02.php 第 189 行.
NOTIC: [8] Undefined index: spl E:\cucisvn\01-code\jonza\Static\Runtime\Cache\Store\79409b6f98c00fca851e0e3095b35d02.php 第 189 行.
NOTIC: [8] Undefined index: spl E:\cucisvn\01-code\jonza\Static\Runtime\Cache\Store\79409b6f98c00fca851e0e3095b35d02.php 第 189 行.
NOTIC: [8] Undefined index: spl E:\cucisvn\01-code\jonza\Static\Runtime\Cache\Store\79409b6f98c00fca851e0e3095b35d02.php 第 189 行.
NOTIC: [8] Undefined index: spl E:\cucisvn\01-code\jonza\Static\Runtime\Cache\Store\79409b6f98c00fca851e0e3095b35d02.php 第 189 行.
NOTIC: [8] Undefined index: spl E:\cucisvn\01-code\jonza\Static\Runtime\Cache\Store\79409b6f98c00fca851e0e3095b35d02.php 第 189 行.
NOTIC: [8] Undefined index: spl E:\cucisvn\01-code\jonza\Static\Runtime\Cache\Store\79409b6f98c00fca851e0e3095b35d02.php 第 189 行.
NOTIC: [8] Undefined index: spl E:\cucisvn\01-code\jonza\Static\Runtime\Cache\Store\79409b6f98c00fca851e0e3095b35d02.php 第 189 行.
NOTIC: [8] Undefined index: spl E:\cucisvn\01-code\jonza\Static\Runtime\Cache\Store\79409b6f98c00fca851e0e3095b35d02.php 第 189 行.
NOTIC: [8] Undefined index: spl E:\cucisvn\01-code\jonza\Static\Runtime\Cache\Store\79409b6f98c00fca851e0e3095b35d02.php 第 189 行.
NOTIC: [8] Undefined index: spl E:\cucisvn\01-code\jonza\Static\Runtime\Cache\Store\79409b6f98c00fca851e0e3095b35d02.php 第 189 行.
NOTIC: [8] Undefined index: spl E:\cucisvn\01-code\jonza\Static\Runtime\Cache\Store\79409b6f98c00fca851e0e3095b35d02.php 第 189 行.
NOTIC: [8] Undefined index: spl E:\cucisvn\01-code\jonza\Static\Runtime\Cache\Store\79409b6f98c00fca851e0e3095b35d02.php 第 189 行.
INFO: Run Behavior\ParseTemplateBehavior [ RunTime:0.108803s ]
INFO: [ view_parse ] --END-- [ RunTime:0.108803s ]
INFO: [ view_filter ] --START--
INFO: Run Behavior\WriteHtmlCacheBehavior [ RunTime:0.016600s ]
INFO: Run Library\Behavior\EmptyImageBehavior [ RunTime:0.002001s ]
INFO: [ view_filter ] --END-- [ RunTime:0.020601s ]
INFO: [ app_end ] --START--
INFO: Run Behavior\ShowPageTraceBehavior [ RunTime:0.002000s ]
INFO: [ app_end ] --END-- [ RunTime:0.002000s ]

[ 2015-08-24T17:08:40+08:00 ] 127.0.0.1 /jonza/index.php/Store/Product/edit/id/260.shtml?model_id=31&action=getModelJSON
INFO: [ app_begin ] --START--
INFO: Run Behavior\ReadHtmlCacheBehavior [ RunTime:0.002001s ]
INFO: [ app_begin ] --END-- [ RunTime:0.003001s ]
NOTIC: [8192] mysql_connect(): The mysql extension is deprecated and will be removed in the future: use mysqli or PDO instead E:\cucisvn\01-code\jonza\Library\Think\Library\Think\Session\Driver\Db.class.php 第 95 行.
SQL: SHOW COLUMNS FROM `wx_store_product` [ RunTime:0.0320s ]
SQL: SELECT * FROM `wx_store_product` WHERE `id` = '260' LIMIT 1   [ RunTime:0.0010s ]
NOTIC: [2] array_unique() expects parameter 1 to be array, string given E:\cucisvn\01-code\jonza\Module\Store\Controller\ProductController.class.php 第 54 行.
NOTIC: [2] implode(): Invalid arguments passed E:\cucisvn\01-code\jonza\Module\Store\Controller\ProductController.class.php 第 55 行.
SQL: SHOW COLUMNS FROM `wx_store_product_model` [ RunTime:0.0070s ]
SQL: SELECT `params` FROM `wx_store_product_model` WHERE `id` = 31 AND `status` = 2 LIMIT 1   [ RunTime:0.0010s ]

[ 2015-08-24T17:16:43+08:00 ] 127.0.0.1 /jonza/index.php/Store/Product/edit/id/260.shtml
INFO: [ app_begin ] --START--
INFO: Run Behavior\ReadHtmlCacheBehavior [ RunTime:0.002000s ]
INFO: [ app_begin ] --END-- [ RunTime:0.003000s ]
NOTIC: [8192] mysql_connect(): The mysql extension is deprecated and will be removed in the future: use mysqli or PDO instead E:\cucisvn\01-code\jonza\Library\Think\Library\Think\Session\Driver\Db.class.php 第 95 行.
SQL: SHOW COLUMNS FROM `wx_store_product` [ RunTime:0.0642s ]
SQL: SELECT * FROM `wx_store_product` WHERE `id` = '260' LIMIT 1   [ RunTime:0.0010s ]
NOTIC: [2] array_unique() expects parameter 1 to be array, string given E:\cucisvn\01-code\jonza\Module\Store\Controller\ProductController.class.php 第 54 行.
NOTIC: [2] implode(): Invalid arguments passed E:\cucisvn\01-code\jonza\Module\Store\Controller\ProductController.class.php 第 55 行.
SQL: SHOW COLUMNS FROM `wx_store_product_cat` [ RunTime:0.0060s ]
SQL: SELECT * FROM `wx_store_product_cat` WHERE `status` = 2 AND `id` <> 260  [ RunTime:0.0000s ]
SQL: SHOW COLUMNS FROM `wx_store_product` [ RunTime:0.0110s ]
SQL: SELECT `extend_cat` FROM `wx_store_product` WHERE `id` = '260' LIMIT 1   [ RunTime:0.0010s ]
SQL: SHOW COLUMNS FROM `wx_store_product_model` [ RunTime:0.0080s ]
SQL: SELECT * FROM `wx_store_product_model` WHERE `status` = 2  [ RunTime:0.0020s ]
INFO: [ view_parse ] --START--
INFO: [ template_filter ] --START--
INFO: Run Behavior\ContentReplaceBehavior [ RunTime:0.001001s ]
INFO: [ template_filter ] --END-- [ RunTime:0.001001s ]
NOTIC: [8] Undefined variable: extendCat E:\cucisvn\01-code\jonza\Static\Runtime\Cache\Store\79409b6f98c00fca851e0e3095b35d02.php 第 27 行.
NOTIC: [8] Undefined index: spl E:\cucisvn\01-code\jonza\Static\Runtime\Cache\Store\79409b6f98c00fca851e0e3095b35d02.php 第 189 行.
NOTIC: [8] Undefined index: spl E:\cucisvn\01-code\jonza\Static\Runtime\Cache\Store\79409b6f98c00fca851e0e3095b35d02.php 第 189 行.
NOTIC: [8] Undefined index: spl E:\cucisvn\01-code\jonza\Static\Runtime\Cache\Store\79409b6f98c00fca851e0e3095b35d02.php 第 189 行.
NOTIC: [8] Undefined index: spl E:\cucisvn\01-code\jonza\Static\Runtime\Cache\Store\79409b6f98c00fca851e0e3095b35d02.php 第 189 行.
NOTIC: [8] Undefined index: spl E:\cucisvn\01-code\jonza\Static\Runtime\Cache\Store\79409b6f98c00fca851e0e3095b35d02.php 第 189 行.
NOTIC: [8] Undefined index: spl E:\cucisvn\01-code\jonza\Static\Runtime\Cache\Store\79409b6f98c00fca851e0e3095b35d02.php 第 189 行.
NOTIC: [8] Undefined index: spl E:\cucisvn\01-code\jonza\Static\Runtime\Cache\Store\79409b6f98c00fca851e0e3095b35d02.php 第 189 行.
NOTIC: [8] Undefined index: spl E:\cucisvn\01-code\jonza\Static\Runtime\Cache\Store\79409b6f98c00fca851e0e3095b35d02.php 第 189 行.
NOTIC: [8] Undefined index: spl E:\cucisvn\01-code\jonza\Static\Runtime\Cache\Store\79409b6f98c00fca851e0e3095b35d02.php 第 189 行.
NOTIC: [8] Undefined index: spl E:\cucisvn\01-code\jonza\Static\Runtime\Cache\Store\79409b6f98c00fca851e0e3095b35d02.php 第 189 行.
NOTIC: [8] Undefined index: spl E:\cucisvn\01-code\jonza\Static\Runtime\Cache\Store\79409b6f98c00fca851e0e3095b35d02.php 第 189 行.
NOTIC: [8] Undefined index: spl E:\cucisvn\01-code\jonza\Static\Runtime\Cache\Store\79409b6f98c00fca851e0e3095b35d02.php 第 189 行.
NOTIC: [8] Undefined index: spl E:\cucisvn\01-code\jonza\Static\Runtime\Cache\Store\79409b6f98c00fca851e0e3095b35d02.php 第 189 行.
NOTIC: [8] Undefined index: spl E:\cucisvn\01-code\jonza\Static\Runtime\Cache\Store\79409b6f98c00fca851e0e3095b35d02.php 第 189 行.
NOTIC: [8] Undefined index: spl E:\cucisvn\01-code\jonza\Static\Runtime\Cache\Store\79409b6f98c00fca851e0e3095b35d02.php 第 189 行.
NOTIC: [8] Undefined index: spl E:\cucisvn\01-code\jonza\Static\Runtime\Cache\Store\79409b6f98c00fca851e0e3095b35d02.php 第 189 行.
NOTIC: [8] Undefined index: spl E:\cucisvn\01-code\jonza\Static\Runtime\Cache\Store\79409b6f98c00fca851e0e3095b35d02.php 第 189 行.
NOTIC: [8] Undefined index: spl E:\cucisvn\01-code\jonza\Static\Runtime\Cache\Store\79409b6f98c00fca851e0e3095b35d02.php 第 189 行.
NOTIC: [8] Undefined index: spl E:\cucisvn\01-code\jonza\Static\Runtime\Cache\Store\79409b6f98c00fca851e0e3095b35d02.php 第 189 行.
NOTIC: [8] Undefined index: spl E:\cucisvn\01-code\jonza\Static\Runtime\Cache\Store\79409b6f98c00fca851e0e3095b35d02.php 第 189 行.
NOTIC: [8] Undefined index: spl E:\cucisvn\01-code\jonza\Static\Runtime\Cache\Store\79409b6f98c00fca851e0e3095b35d02.php 第 189 行.
NOTIC: [8] Undefined index: spl E:\cucisvn\01-code\jonza\Static\Runtime\Cache\Store\79409b6f98c00fca851e0e3095b35d02.php 第 189 行.
NOTIC: [8] Undefined index: spl E:\cucisvn\01-code\jonza\Static\Runtime\Cache\Store\79409b6f98c00fca851e0e3095b35d02.php 第 189 行.
NOTIC: [8] Undefined index: spl E:\cucisvn\01-code\jonza\Static\Runtime\Cache\Store\79409b6f98c00fca851e0e3095b35d02.php 第 189 行.
NOTIC: [8] Undefined index: spl E:\cucisvn\01-code\jonza\Static\Runtime\Cache\Store\79409b6f98c00fca851e0e3095b35d02.php 第 189 行.
NOTIC: [8] Undefined index: spl E:\cucisvn\01-code\jonza\Static\Runtime\Cache\Store\79409b6f98c00fca851e0e3095b35d02.php 第 189 行.
NOTIC: [8] Undefined index: spl E:\cucisvn\01-code\jonza\Static\Runtime\Cache\Store\79409b6f98c00fca851e0e3095b35d02.php 第 189 行.
NOTIC: [8] Undefined index: spl E:\cucisvn\01-code\jonza\Static\Runtime\Cache\Store\79409b6f98c00fca851e0e3095b35d02.php 第 189 行.
NOTIC: [8] Undefined index: spl E:\cucisvn\01-code\jonza\Static\Runtime\Cache\Store\79409b6f98c00fca851e0e3095b35d02.php 第 189 行.
NOTIC: [8] Undefined index: spl E:\cucisvn\01-code\jonza\Static\Runtime\Cache\Store\79409b6f98c00fca851e0e3095b35d02.php 第 189 行.
NOTIC: [8] Undefined index: spl E:\cucisvn\01-code\jonza\Static\Runtime\Cache\Store\79409b6f98c00fca851e0e3095b35d02.php 第 189 行.
NOTIC: [8] Undefined index: spl E:\cucisvn\01-code\jonza\Static\Runtime\Cache\Store\79409b6f98c00fca851e0e3095b35d02.php 第 189 行.
NOTIC: [8] Undefined index: spl E:\cucisvn\01-code\jonza\Static\Runtime\Cache\Store\79409b6f98c00fca851e0e3095b35d02.php 第 189 行.
NOTIC: [8] Undefined index: spl E:\cucisvn\01-code\jonza\Static\Runtime\Cache\Store\79409b6f98c00fca851e0e3095b35d02.php 第 189 行.
NOTIC: [8] Undefined index: spl E:\cucisvn\01-code\jonza\Static\Runtime\Cache\Store\79409b6f98c00fca851e0e3095b35d02.php 第 189 行.
NOTIC: [8] Undefined index: spl E:\cucisvn\01-code\jonza\Static\Runtime\Cache\Store\79409b6f98c00fca851e0e3095b35d02.php 第 189 行.
NOTIC: [8] Undefined index: spl E:\cucisvn\01-code\jonza\Static\Runtime\Cache\Store\79409b6f98c00fca851e0e3095b35d02.php 第 189 行.
NOTIC: [8] Undefined index: spl E:\cucisvn\01-code\jonza\Static\Runtime\Cache\Store\79409b6f98c00fca851e0e3095b35d02.php 第 189 行.
NOTIC: [8] Undefined index: spl E:\cucisvn\01-code\jonza\Static\Runtime\Cache\Store\79409b6f98c00fca851e0e3095b35d02.php 第 189 行.
NOTIC: [8] Undefined index: spl E:\cucisvn\01-code\jonza\Static\Runtime\Cache\Store\79409b6f98c00fca851e0e3095b35d02.php 第 189 行.
NOTIC: [8] Undefined index: spl E:\cucisvn\01-code\jonza\Static\Runtime\Cache\Store\79409b6f98c00fca851e0e3095b35d02.php 第 189 行.
NOTIC: [8] Undefined index: spl E:\cucisvn\01-code\jonza\Static\Runtime\Cache\Store\79409b6f98c00fca851e0e3095b35d02.php 第 189 行.
NOTIC: [8] Undefined index: spl E:\cucisvn\01-code\jonza\Static\Runtime\Cache\Store\79409b6f98c00fca851e0e3095b35d02.php 第 189 行.
NOTIC: [8] Undefined index: spl E:\cucisvn\01-code\jonza\Static\Runtime\Cache\Store\79409b6f98c00fca851e0e3095b35d02.php 第 189 行.
NOTIC: [8] Undefined index: spl E:\cucisvn\01-code\jonza\Static\Runtime\Cache\Store\79409b6f98c00fca851e0e3095b35d02.php 第 189 行.
NOTIC: [8] Undefined index: spl E:\cucisvn\01-code\jonza\Static\Runtime\Cache\Store\79409b6f98c00fca851e0e3095b35d02.php 第 189 行.
NOTIC: [8] Undefined index: spl E:\cucisvn\01-code\jonza\Static\Runtime\Cache\Store\79409b6f98c00fca851e0e3095b35d02.php 第 189 行.
NOTIC: [8] Undefined index: spl E:\cucisvn\01-code\jonza\Static\Runtime\Cache\Store\79409b6f98c00fca851e0e3095b35d02.php 第 189 行.
NOTIC: [8] Undefined index: spl E:\cucisvn\01-code\jonza\Static\Runtime\Cache\Store\79409b6f98c00fca851e0e3095b35d02.php 第 189 行.
INFO: Run Behavior\ParseTemplateBehavior [ RunTime:0.100803s ]
INFO: [ view_parse ] --END-- [ RunTime:0.101803s ]
INFO: [ view_filter ] --START--
INFO: Run Behavior\WriteHtmlCacheBehavior [ RunTime:0.000000s ]
INFO: Run Library\Behavior\EmptyImageBehavior [ RunTime:0.000000s ]
INFO: [ view_filter ] --END-- [ RunTime:0.000000s ]
INFO: [ app_end ] --START--
INFO: Run Behavior\ShowPageTraceBehavior [ RunTime:0.000000s ]
INFO: [ app_end ] --END-- [ RunTime:0.000000s ]

[ 2015-08-24T17:16:43+08:00 ] 127.0.0.1 /jonza/index.php/Store/Product/edit/id/260.shtml?model_id=31&action=getModelJSON
INFO: [ app_begin ] --START--
INFO: Run Behavior\ReadHtmlCacheBehavior [ RunTime:0.002000s ]
INFO: [ app_begin ] --END-- [ RunTime:0.004000s ]
NOTIC: [8192] mysql_connect(): The mysql extension is deprecated and will be removed in the future: use mysqli or PDO instead E:\cucisvn\01-code\jonza\Library\Think\Library\Think\Session\Driver\Db.class.php 第 95 行.
SQL: SHOW COLUMNS FROM `wx_store_product` [ RunTime:0.0180s ]
SQL: SELECT * FROM `wx_store_product` WHERE `id` = '260' LIMIT 1   [ RunTime:0.0020s ]
NOTIC: [2] array_unique() expects parameter 1 to be array, string given E:\cucisvn\01-code\jonza\Module\Store\Controller\ProductController.class.php 第 54 行.
NOTIC: [2] implode(): Invalid arguments passed E:\cucisvn\01-code\jonza\Module\Store\Controller\ProductController.class.php 第 55 行.
SQL: SHOW COLUMNS FROM `wx_store_product_model` [ RunTime:0.0080s ]
SQL: SELECT `params` FROM `wx_store_product_model` WHERE `id` = 31 AND `status` = 2 LIMIT 1   [ RunTime:0.0000s ]

[ 2015-08-24T17:17:27+08:00 ] 127.0.0.1 /jonza/index.php/Store/Product/edit/id/260.shtml
INFO: [ app_begin ] --START--
INFO: Run Behavior\ReadHtmlCacheBehavior [ RunTime:0.001000s ]
INFO: [ app_begin ] --END-- [ RunTime:0.004000s ]
NOTIC: [8192] mysql_connect(): The mysql extension is deprecated and will be removed in the future: use mysqli or PDO instead E:\cucisvn\01-code\jonza\Library\Think\Library\Think\Session\Driver\Db.class.php 第 95 行.
SQL: SHOW COLUMNS FROM `wx_store_product` [ RunTime:0.0110s ]
SQL: SELECT * FROM `wx_store_product` WHERE `id` = '260' LIMIT 1   [ RunTime:0.0020s ]
NOTIC: [2] array_unique() expects parameter 1 to be array, string given E:\cucisvn\01-code\jonza\Module\Store\Controller\ProductController.class.php 第 54 行.
NOTIC: [2] implode(): Invalid arguments passed E:\cucisvn\01-code\jonza\Module\Store\Controller\ProductController.class.php 第 55 行.
SQL: SHOW COLUMNS FROM `wx_store_product_cat` [ RunTime:0.0090s ]
SQL: SELECT * FROM `wx_store_product_cat` WHERE `status` = 2 AND `id` <> 260  [ RunTime:0.0020s ]
SQL: SHOW COLUMNS FROM `wx_store_product` [ RunTime:0.0100s ]
SQL: SELECT `extend_cat` FROM `wx_store_product` WHERE `id` = '260' LIMIT 1   [ RunTime:0.0010s ]
SQL: SHOW COLUMNS FROM `wx_store_product_model` [ RunTime:0.0080s ]
SQL: SELECT * FROM `wx_store_product_model` WHERE `status` = 2  [ RunTime:0.0010s ]
INFO: [ view_parse ] --START--
INFO: [ template_filter ] --START--
INFO: Run Behavior\ContentReplaceBehavior [ RunTime:0.001000s ]
INFO: [ template_filter ] --END-- [ RunTime:0.002000s ]
NOTIC: [8] Undefined variable: extendCat E:\cucisvn\01-code\jonza\Static\Runtime\Cache\Store\79409b6f98c00fca851e0e3095b35d02.php 第 27 行.
NOTIC: [8] Undefined index: spl E:\cucisvn\01-code\jonza\Static\Runtime\Cache\Store\79409b6f98c00fca851e0e3095b35d02.php 第 189 行.
NOTIC: [8] Undefined index: spl E:\cucisvn\01-code\jonza\Static\Runtime\Cache\Store\79409b6f98c00fca851e0e3095b35d02.php 第 189 行.
NOTIC: [8] Undefined index: spl E:\cucisvn\01-code\jonza\Static\Runtime\Cache\Store\79409b6f98c00fca851e0e3095b35d02.php 第 189 行.
NOTIC: [8] Undefined index: spl E:\cucisvn\01-code\jonza\Static\Runtime\Cache\Store\79409b6f98c00fca851e0e3095b35d02.php 第 189 行.
NOTIC: [8] Undefined index: spl E:\cucisvn\01-code\jonza\Static\Runtime\Cache\Store\79409b6f98c00fca851e0e3095b35d02.php 第 189 行.
NOTIC: [8] Undefined index: spl E:\cucisvn\01-code\jonza\Static\Runtime\Cache\Store\79409b6f98c00fca851e0e3095b35d02.php 第 189 行.
NOTIC: [8] Undefined index: spl E:\cucisvn\01-code\jonza\Static\Runtime\Cache\Store\79409b6f98c00fca851e0e3095b35d02.php 第 189 行.
NOTIC: [8] Undefined index: spl E:\cucisvn\01-code\jonza\Static\Runtime\Cache\Store\79409b6f98c00fca851e0e3095b35d02.php 第 189 行.
NOTIC: [8] Undefined index: spl E:\cucisvn\01-code\jonza\Static\Runtime\Cache\Store\79409b6f98c00fca851e0e3095b35d02.php 第 189 行.
NOTIC: [8] Undefined index: spl E:\cucisvn\01-code\jonza\Static\Runtime\Cache\Store\79409b6f98c00fca851e0e3095b35d02.php 第 189 行.
NOTIC: [8] Undefined index: spl E:\cucisvn\01-code\jonza\Static\Runtime\Cache\Store\79409b6f98c00fca851e0e3095b35d02.php 第 189 行.
NOTIC: [8] Undefined index: spl E:\cucisvn\01-code\jonza\Static\Runtime\Cache\Store\79409b6f98c00fca851e0e3095b35d02.php 第 189 行.
NOTIC: [8] Undefined index: spl E:\cucisvn\01-code\jonza\Static\Runtime\Cache\Store\79409b6f98c00fca851e0e3095b35d02.php 第 189 行.
NOTIC: [8] Undefined index: spl E:\cucisvn\01-code\jonza\Static\Runtime\Cache\Store\79409b6f98c00fca851e0e3095b35d02.php 第 189 行.
NOTIC: [8] Undefined index: spl E:\cucisvn\01-code\jonza\Static\Runtime\Cache\Store\79409b6f98c00fca851e0e3095b35d02.php 第 189 行.
NOTIC: [8] Undefined index: spl E:\cucisvn\01-code\jonza\Static\Runtime\Cache\Store\79409b6f98c00fca851e0e3095b35d02.php 第 189 行.
NOTIC: [8] Undefined index: spl E:\cucisvn\01-code\jonza\Static\Runtime\Cache\Store\79409b6f98c00fca851e0e3095b35d02.php 第 189 行.
NOTIC: [8] Undefined index: spl E:\cucisvn\01-code\jonza\Static\Runtime\Cache\Store\79409b6f98c00fca851e0e3095b35d02.php 第 189 行.
NOTIC: [8] Undefined index: spl E:\cucisvn\01-code\jonza\Static\Runtime\Cache\Store\79409b6f98c00fca851e0e3095b35d02.php 第 189 行.
NOTIC: [8] Undefined index: spl E:\cucisvn\01-code\jonza\Static\Runtime\Cache\Store\79409b6f98c00fca851e0e3095b35d02.php 第 189 行.
NOTIC: [8] Undefined index: spl E:\cucisvn\01-code\jonza\Static\Runtime\Cache\Store\79409b6f98c00fca851e0e3095b35d02.php 第 189 行.
NOTIC: [8] Undefined index: spl E:\cucisvn\01-code\jonza\Static\Runtime\Cache\Store\79409b6f98c00fca851e0e3095b35d02.php 第 189 行.
NOTIC: [8] Undefined index: spl E:\cucisvn\01-code\jonza\Static\Runtime\Cache\Store\79409b6f98c00fca851e0e3095b35d02.php 第 189 行.
NOTIC: [8] Undefined index: spl E:\cucisvn\01-code\jonza\Static\Runtime\Cache\Store\79409b6f98c00fca851e0e3095b35d02.php 第 189 行.
NOTIC: [8] Undefined index: spl E:\cucisvn\01-code\jonza\Static\Runtime\Cache\Store\79409b6f98c00fca851e0e3095b35d02.php 第 189 行.
NOTIC: [8] Undefined index: spl E:\cucisvn\01-code\jonza\Static\Runtime\Cache\Store\79409b6f98c00fca851e0e3095b35d02.php 第 189 行.
NOTIC: [8] Undefined index: spl E:\cucisvn\01-code\jonza\Static\Runtime\Cache\Store\79409b6f98c00fca851e0e3095b35d02.php 第 189 行.
NOTIC: [8] Undefined index: spl E:\cucisvn\01-code\jonza\Static\Runtime\Cache\Store\79409b6f98c00fca851e0e3095b35d02.php 第 189 行.
NOTIC: [8] Undefined index: spl E:\cucisvn\01-code\jonza\Static\Runtime\Cache\Store\79409b6f98c00fca851e0e3095b35d02.php 第 189 行.
NOTIC: [8] Undefined index: spl E:\cucisvn\01-code\jonza\Static\Runtime\Cache\Store\79409b6f98c00fca851e0e3095b35d02.php 第 189 行.
NOTIC: [8] Undefined index: spl E:\cucisvn\01-code\jonza\Static\Runtime\Cache\Store\79409b6f98c00fca851e0e3095b35d02.php 第 189 行.
NOTIC: [8] Undefined index: spl E:\cucisvn\01-code\jonza\Static\Runtime\Cache\Store\79409b6f98c00fca851e0e3095b35d02.php 第 189 行.
NOTIC: [8] Undefined index: spl E:\cucisvn\01-code\jonza\Static\Runtime\Cache\Store\79409b6f98c00fca851e0e3095b35d02.php 第 189 行.
NOTIC: [8] Undefined index: spl E:\cucisvn\01-code\jonza\Static\Runtime\Cache\Store\79409b6f98c00fca851e0e3095b35d02.php 第 189 行.
NOTIC: [8] Undefined index: spl E:\cucisvn\01-code\jonza\Static\Runtime\Cache\Store\79409b6f98c00fca851e0e3095b35d02.php 第 189 行.
NOTIC: [8] Undefined index: spl E:\cucisvn\01-code\jonza\Static\Runtime\Cache\Store\79409b6f98c00fca851e0e3095b35d02.php 第 189 行.
NOTIC: [8] Undefined index: spl E:\cucisvn\01-code\jonza\Static\Runtime\Cache\Store\79409b6f98c00fca851e0e3095b35d02.php 第 189 行.
NOTIC: [8] Undefined index: spl E:\cucisvn\01-code\jonza\Static\Runtime\Cache\Store\79409b6f98c00fca851e0e3095b35d02.php 第 189 行.
NOTIC: [8] Undefined index: spl E:\cucisvn\01-code\jonza\Static\Runtime\Cache\Store\79409b6f98c00fca851e0e3095b35d02.php 第 189 行.
NOTIC: [8] Undefined index: spl E:\cucisvn\01-code\jonza\Static\Runtime\Cache\Store\79409b6f98c00fca851e0e3095b35d02.php 第 189 行.
NOTIC: [8] Undefined index: spl E:\cucisvn\01-code\jonza\Static\Runtime\Cache\Store\79409b6f98c00fca851e0e3095b35d02.php 第 189 行.
NOTIC: [8] Undefined index: spl E:\cucisvn\01-code\jonza\Static\Runtime\Cache\Store\79409b6f98c00fca851e0e3095b35d02.php 第 189 行.
NOTIC: [8] Undefined index: spl E:\cucisvn\01-code\jonza\Static\Runtime\Cache\Store\79409b6f98c00fca851e0e3095b35d02.php 第 189 行.
NOTIC: [8] Undefined index: spl E:\cucisvn\01-code\jonza\Static\Runtime\Cache\Store\79409b6f98c00fca851e0e3095b35d02.php 第 189 行.
NOTIC: [8] Undefined index: spl E:\cucisvn\01-code\jonza\Static\Runtime\Cache\Store\79409b6f98c00fca851e0e3095b35d02.php 第 189 行.
NOTIC: [8] Undefined index: spl E:\cucisvn\01-code\jonza\Static\Runtime\Cache\Store\79409b6f98c00fca851e0e3095b35d02.php 第 189 行.
NOTIC: [8] Undefined index: spl E:\cucisvn\01-code\jonza\Static\Runtime\Cache\Store\79409b6f98c00fca851e0e3095b35d02.php 第 189 行.
NOTIC: [8] Undefined index: spl E:\cucisvn\01-code\jonza\Static\Runtime\Cache\Store\79409b6f98c00fca851e0e3095b35d02.php 第 189 行.
NOTIC: [8] Undefined index: spl E:\cucisvn\01-code\jonza\Static\Runtime\Cache\Store\79409b6f98c00fca851e0e3095b35d02.php 第 189 行.
INFO: Run Behavior\ParseTemplateBehavior [ RunTime:0.131008s ]
INFO: [ view_parse ] --END-- [ RunTime:0.132008s ]
INFO: [ view_filter ] --START--
INFO: Run Behavior\WriteHtmlCacheBehavior [ RunTime:0.002000s ]
INFO: Run Library\Behavior\EmptyImageBehavior [ RunTime:0.003000s ]
INFO: [ view_filter ] --END-- [ RunTime:0.006000s ]
INFO: [ app_end ] --START--
INFO: Run Behavior\ShowPageTraceBehavior [ RunTime:0.003001s ]
INFO: [ app_end ] --END-- [ RunTime:0.003001s ]

[ 2015-08-24T17:17:27+08:00 ] 127.0.0.1 /jonza/index.php/Store/Product/edit/id/260.shtml?model_id=31&action=getModelJSON
INFO: [ app_begin ] --START--
INFO: Run Behavior\ReadHtmlCacheBehavior [ RunTime:0.001000s ]
INFO: [ app_begin ] --END-- [ RunTime:0.002000s ]
NOTIC: [8192] mysql_connect(): The mysql extension is deprecated and will be removed in the future: use mysqli or PDO instead E:\cucisvn\01-code\jonza\Library\Think\Library\Think\Session\Driver\Db.class.php 第 95 行.
SQL: SHOW COLUMNS FROM `wx_store_product` [ RunTime:0.0110s ]
SQL: SELECT * FROM `wx_store_product` WHERE `id` = '260' LIMIT 1   [ RunTime:0.0010s ]
NOTIC: [2] array_unique() expects parameter 1 to be array, string given E:\cucisvn\01-code\jonza\Module\Store\Controller\ProductController.class.php 第 54 行.
NOTIC: [2] implode(): Invalid arguments passed E:\cucisvn\01-code\jonza\Module\Store\Controller\ProductController.class.php 第 55 行.
SQL: SHOW COLUMNS FROM `wx_store_product_model` [ RunTime:0.0070s ]
SQL: SELECT `params` FROM `wx_store_product_model` WHERE `id` = 31 AND `status` = 2 LIMIT 1   [ RunTime:0.0020s ]

[ 2015-08-24T17:18:00+08:00 ] 127.0.0.1 /jonza/index.php/Store/Product/edit/id/260.shtml
INFO: [ app_begin ] --START--
INFO: Run Behavior\ReadHtmlCacheBehavior [ RunTime:0.004000s ]
INFO: [ app_begin ] --END-- [ RunTime:0.006001s ]
NOTIC: [8192] mysql_connect(): The mysql extension is deprecated and will be removed in the future: use mysqli or PDO instead E:\cucisvn\01-code\jonza\Library\Think\Library\Think\Session\Driver\Db.class.php 第 95 行.
SQL: SHOW COLUMNS FROM `wx_store_product` [ RunTime:0.0100s ]
SQL: SELECT * FROM `wx_store_product` WHERE `id` = '260' LIMIT 1   [ RunTime:0.0020s ]
NOTIC: [2] array_unique() expects parameter 1 to be array, string given E:\cucisvn\01-code\jonza\Module\Store\Controller\ProductController.class.php 第 54 行.
NOTIC: [2] implode(): Invalid arguments passed E:\cucisvn\01-code\jonza\Module\Store\Controller\ProductController.class.php 第 55 行.
SQL: SHOW COLUMNS FROM `wx_store_product_cat` [ RunTime:0.0090s ]
SQL: SELECT * FROM `wx_store_product_cat` WHERE `status` = 2 AND `id` <> 260  [ RunTime:0.0020s ]
SQL: SHOW COLUMNS FROM `wx_store_product` [ RunTime:0.0180s ]
SQL: SELECT `extend_cat` FROM `wx_store_product` WHERE `id` = '260' LIMIT 1   [ RunTime:0.0010s ]
SQL: SHOW COLUMNS FROM `wx_store_product_model` [ RunTime:0.0080s ]
SQL: SELECT * FROM `wx_store_product_model` WHERE `status` = 2  [ RunTime:0.0020s ]
INFO: [ view_parse ] --START--
INFO: [ template_filter ] --START--
INFO: Run Behavior\ContentReplaceBehavior [ RunTime:0.001000s ]
INFO: [ template_filter ] --END-- [ RunTime:0.001000s ]
NOTIC: [8] Undefined variable: extendCat E:\cucisvn\01-code\jonza\Static\Runtime\Cache\Store\79409b6f98c00fca851e0e3095b35d02.php 第 27 行.
NOTIC: [8] Undefined index: spl E:\cucisvn\01-code\jonza\Static\Runtime\Cache\Store\79409b6f98c00fca851e0e3095b35d02.php 第 189 行.
NOTIC: [8] Undefined index: spl E:\cucisvn\01-code\jonza\Static\Runtime\Cache\Store\79409b6f98c00fca851e0e3095b35d02.php 第 189 行.
NOTIC: [8] Undefined index: spl E:\cucisvn\01-code\jonza\Static\Runtime\Cache\Store\79409b6f98c00fca851e0e3095b35d02.php 第 189 行.
NOTIC: [8] Undefined index: spl E:\cucisvn\01-code\jonza\Static\Runtime\Cache\Store\79409b6f98c00fca851e0e3095b35d02.php 第 189 行.
NOTIC: [8] Undefined index: spl E:\cucisvn\01-code\jonza\Static\Runtime\Cache\Store\79409b6f98c00fca851e0e3095b35d02.php 第 189 行.
NOTIC: [8] Undefined index: spl E:\cucisvn\01-code\jonza\Static\Runtime\Cache\Store\79409b6f98c00fca851e0e3095b35d02.php 第 189 行.
NOTIC: [8] Undefined index: spl E:\cucisvn\01-code\jonza\Static\Runtime\Cache\Store\79409b6f98c00fca851e0e3095b35d02.php 第 189 行.
NOTIC: [8] Undefined index: spl E:\cucisvn\01-code\jonza\Static\Runtime\Cache\Store\79409b6f98c00fca851e0e3095b35d02.php 第 189 行.
NOTIC: [8] Undefined index: spl E:\cucisvn\01-code\jonza\Static\Runtime\Cache\Store\79409b6f98c00fca851e0e3095b35d02.php 第 189 行.
NOTIC: [8] Undefined index: spl E:\cucisvn\01-code\jonza\Static\Runtime\Cache\Store\79409b6f98c00fca851e0e3095b35d02.php 第 189 行.
NOTIC: [8] Undefined index: spl E:\cucisvn\01-code\jonza\Static\Runtime\Cache\Store\79409b6f98c00fca851e0e3095b35d02.php 第 189 行.
NOTIC: [8] Undefined index: spl E:\cucisvn\01-code\jonza\Static\Runtime\Cache\Store\79409b6f98c00fca851e0e3095b35d02.php 第 189 行.
NOTIC: [8] Undefined index: spl E:\cucisvn\01-code\jonza\Static\Runtime\Cache\Store\79409b6f98c00fca851e0e3095b35d02.php 第 189 行.
NOTIC: [8] Undefined index: spl E:\cucisvn\01-code\jonza\Static\Runtime\Cache\Store\79409b6f98c00fca851e0e3095b35d02.php 第 189 行.
NOTIC: [8] Undefined index: spl E:\cucisvn\01-code\jonza\Static\Runtime\Cache\Store\79409b6f98c00fca851e0e3095b35d02.php 第 189 行.
NOTIC: [8] Undefined index: spl E:\cucisvn\01-code\jonza\Static\Runtime\Cache\Store\79409b6f98c00fca851e0e3095b35d02.php 第 189 行.
NOTIC: [8] Undefined index: spl E:\cucisvn\01-code\jonza\Static\Runtime\Cache\Store\79409b6f98c00fca851e0e3095b35d02.php 第 189 行.
NOTIC: [8] Undefined index: spl E:\cucisvn\01-code\jonza\Static\Runtime\Cache\Store\79409b6f98c00fca851e0e3095b35d02.php 第 189 行.
NOTIC: [8] Undefined index: spl E:\cucisvn\01-code\jonza\Static\Runtime\Cache\Store\79409b6f98c00fca851e0e3095b35d02.php 第 189 行.
NOTIC: [8] Undefined index: spl E:\cucisvn\01-code\jonza\Static\Runtime\Cache\Store\79409b6f98c00fca851e0e3095b35d02.php 第 189 行.
NOTIC: [8] Undefined index: spl E:\cucisvn\01-code\jonza\Static\Runtime\Cache\Store\79409b6f98c00fca851e0e3095b35d02.php 第 189 行.
NOTIC: [8] Undefined index: spl E:\cucisvn\01-code\jonza\Static\Runtime\Cache\Store\79409b6f98c00fca851e0e3095b35d02.php 第 189 行.
NOTIC: [8] Undefined index: spl E:\cucisvn\01-code\jonza\Static\Runtime\Cache\Store\79409b6f98c00fca851e0e3095b35d02.php 第 189 行.
NOTIC: [8] Undefined index: spl E:\cucisvn\01-code\jonza\Static\Runtime\Cache\Store\79409b6f98c00fca851e0e3095b35d02.php 第 189 行.
NOTIC: [8] Undefined index: spl E:\cucisvn\01-code\jonza\Static\Runtime\Cache\Store\79409b6f98c00fca851e0e3095b35d02.php 第 189 行.
NOTIC: [8] Undefined index: spl E:\cucisvn\01-code\jonza\Static\Runtime\Cache\Store\79409b6f98c00fca851e0e3095b35d02.php 第 189 行.
NOTIC: [8] Undefined index: spl E:\cucisvn\01-code\jonza\Static\Runtime\Cache\Store\79409b6f98c00fca851e0e3095b35d02.php 第 189 行.
NOTIC: [8] Undefined index: spl E:\cucisvn\01-code\jonza\Static\Runtime\Cache\Store\79409b6f98c00fca851e0e3095b35d02.php 第 189 行.
NOTIC: [8] Undefined index: spl E:\cucisvn\01-code\jonza\Static\Runtime\Cache\Store\79409b6f98c00fca851e0e3095b35d02.php 第 189 行.
NOTIC: [8] Undefined index: spl E:\cucisvn\01-code\jonza\Static\Runtime\Cache\Store\79409b6f98c00fca851e0e3095b35d02.php 第 189 行.
NOTIC: [8] Undefined index: spl E:\cucisvn\01-code\jonza\Static\Runtime\Cache\Store\79409b6f98c00fca851e0e3095b35d02.php 第 189 行.
NOTIC: [8] Undefined index: spl E:\cucisvn\01-code\jonza\Static\Runtime\Cache\Store\79409b6f98c00fca851e0e3095b35d02.php 第 189 行.
NOTIC: [8] Undefined index: spl E:\cucisvn\01-code\jonza\Static\Runtime\Cache\Store\79409b6f98c00fca851e0e3095b35d02.php 第 189 行.
NOTIC: [8] Undefined index: spl E:\cucisvn\01-code\jonza\Static\Runtime\Cache\Store\79409b6f98c00fca851e0e3095b35d02.php 第 189 行.
NOTIC: [8] Undefined index: spl E:\cucisvn\01-code\jonza\Static\Runtime\Cache\Store\79409b6f98c00fca851e0e3095b35d02.php 第 189 行.
NOTIC: [8] Undefined index: spl E:\cucisvn\01-code\jonza\Static\Runtime\Cache\Store\79409b6f98c00fca851e0e3095b35d02.php 第 189 行.
NOTIC: [8] Undefined index: spl E:\cucisvn\01-code\jonza\Static\Runtime\Cache\Store\79409b6f98c00fca851e0e3095b35d02.php 第 189 行.
NOTIC: [8] Undefined index: spl E:\cucisvn\01-code\jonza\Static\Runtime\Cache\Store\79409b6f98c00fca851e0e3095b35d02.php 第 189 行.
NOTIC: [8] Undefined index: spl E:\cucisvn\01-code\jonza\Static\Runtime\Cache\Store\79409b6f98c00fca851e0e3095b35d02.php 第 189 行.
NOTIC: [8] Undefined index: spl E:\cucisvn\01-code\jonza\Static\Runtime\Cache\Store\79409b6f98c00fca851e0e3095b35d02.php 第 189 行.
NOTIC: [8] Undefined index: spl E:\cucisvn\01-code\jonza\Static\Runtime\Cache\Store\79409b6f98c00fca851e0e3095b35d02.php 第 189 行.
NOTIC: [8] Undefined index: spl E:\cucisvn\01-code\jonza\Static\Runtime\Cache\Store\79409b6f98c00fca851e0e3095b35d02.php 第 189 行.
NOTIC: [8] Undefined index: spl E:\cucisvn\01-code\jonza\Static\Runtime\Cache\Store\79409b6f98c00fca851e0e3095b35d02.php 第 189 行.
NOTIC: [8] Undefined index: spl E:\cucisvn\01-code\jonza\Static\Runtime\Cache\Store\79409b6f98c00fca851e0e3095b35d02.php 第 189 行.
NOTIC: [8] Undefined index: spl E:\cucisvn\01-code\jonza\Static\Runtime\Cache\Store\79409b6f98c00fca851e0e3095b35d02.php 第 189 行.
NOTIC: [8] Undefined index: spl E:\cucisvn\01-code\jonza\Static\Runtime\Cache\Store\79409b6f98c00fca851e0e3095b35d02.php 第 189 行.
NOTIC: [8] Undefined index: spl E:\cucisvn\01-code\jonza\Static\Runtime\Cache\Store\79409b6f98c00fca851e0e3095b35d02.php 第 189 行.
NOTIC: [8] Undefined index: spl E:\cucisvn\01-code\jonza\Static\Runtime\Cache\Store\79409b6f98c00fca851e0e3095b35d02.php 第 189 行.
NOTIC: [8] Undefined index: spl E:\cucisvn\01-code\jonza\Static\Runtime\Cache\Store\79409b6f98c00fca851e0e3095b35d02.php 第 189 行.
INFO: Run Behavior\ParseTemplateBehavior [ RunTime:0.098006s ]
INFO: [ view_parse ] --END-- [ RunTime:0.098006s ]
INFO: [ view_filter ] --START--
INFO: Run Behavior\WriteHtmlCacheBehavior [ RunTime:0.002000s ]
INFO: Run Library\Behavior\EmptyImageBehavior [ RunTime:0.003000s ]
INFO: [ view_filter ] --END-- [ RunTime:0.005000s ]
INFO: [ app_end ] --START--
INFO: Run Behavior\ShowPageTraceBehavior [ RunTime:0.002001s ]
INFO: [ app_end ] --END-- [ RunTime:0.003001s ]

[ 2015-08-24T17:18:01+08:00 ] 127.0.0.1 /jonza/index.php/Store/Product/edit/id/260.shtml?model_id=31&action=getModelJSON
INFO: [ app_begin ] --START--
INFO: Run Behavior\ReadHtmlCacheBehavior [ RunTime:0.001000s ]
INFO: [ app_begin ] --END-- [ RunTime:0.002000s ]
NOTIC: [8192] mysql_connect(): The mysql extension is deprecated and will be removed in the future: use mysqli or PDO instead E:\cucisvn\01-code\jonza\Library\Think\Library\Think\Session\Driver\Db.class.php 第 95 行.
SQL: SHOW COLUMNS FROM `wx_store_product` [ RunTime:0.0160s ]
SQL: SELECT * FROM `wx_store_product` WHERE `id` = '260' LIMIT 1   [ RunTime:0.0090s ]
NOTIC: [2] array_unique() expects parameter 1 to be array, string given E:\cucisvn\01-code\jonza\Module\Store\Controller\ProductController.class.php 第 54 行.
NOTIC: [2] implode(): Invalid arguments passed E:\cucisvn\01-code\jonza\Module\Store\Controller\ProductController.class.php 第 55 行.
SQL: SHOW COLUMNS FROM `wx_store_product_model` [ RunTime:0.0120s ]
SQL: SELECT `params` FROM `wx_store_product_model` WHERE `id` = 31 AND `status` = 2 LIMIT 1   [ RunTime:0.0010s ]

[ 2015-08-24T17:20:14+08:00 ] 127.0.0.1 /jonza/index.php/Store/Order/edit/id/354.shtml
INFO: [ app_begin ] --START--
INFO: Run Behavior\ReadHtmlCacheBehavior [ RunTime:0.003000s ]
INFO: [ app_begin ] --END-- [ RunTime:0.003000s ]
NOTIC: [8192] mysql_connect(): The mysql extension is deprecated and will be removed in the future: use mysqli or PDO instead E:\cucisvn\01-code\jonza\Library\Think\Library\Think\Session\Driver\Db.class.php 第 95 行.
SQL: SHOW COLUMNS FROM `wx_store_order` [ RunTime:0.0110s ]
SQL: SELECT * FROM `wx_store_order` WHERE `id` = '354' LIMIT 1   [ RunTime:0.0010s ]
SQL: SHOW COLUMNS FROM `wx_store_order` [ RunTime:0.0100s ]
SQL: SELECT * FROM `wx_store_order` WHERE `id` = '354' LIMIT 1   [ RunTime:0.0010s ]
SQL: SHOW COLUMNS FROM `wx_store_delivery` [ RunTime:0.1080s ]
SQL: SELECT * FROM `wx_store_delivery` WHERE `status` = 2  [ RunTime:0.0090s ]
NOTIC: [8] Undefined index: url E:\cucisvn\01-code\jonza\Module\Store\Controller\OrderController.class.php 第 97 行.
SQL: SHOW COLUMNS FROM `wx_store_order_product` [ RunTime:0.0830s ]
SQL: SELECT * FROM `wx_store_order_product` WHERE `order_id` = '354'  [ RunTime:0.0500s ]
SQL: SHOW COLUMNS FROM `wx_store_product` [ RunTime:0.0100s ]
NOTIC: [8] Undefined index: cid E:\cucisvn\01-code\jonza\Module\Store\Controller\OrderController.class.php 第 102 行.
SQL: SELECT * FROM `wx_store_product` LIMIT 1   [ RunTime:0.0390s ]
NOTIC: [8] Undefined index: cid E:\cucisvn\01-code\jonza\Module\Store\Controller\OrderController.class.php 第 102 行.
SQL: SELECT * FROM `wx_store_product` LIMIT 1   [ RunTime:0.0020s ]
INFO: [ view_parse ] --START--
INFO: [ template_filter ] --START--
INFO: Run Behavior\ContentReplaceBehavior [ RunTime:0.000000s ]
INFO: [ template_filter ] --END-- [ RunTime:0.002000s ]
INFO: Run Behavior\ParseTemplateBehavior [ RunTime:0.143008s ]
INFO: [ view_parse ] --END-- [ RunTime:0.144008s ]
INFO: [ view_filter ] --START--
INFO: Run Behavior\WriteHtmlCacheBehavior [ RunTime:0.001000s ]
INFO: Run Library\Behavior\EmptyImageBehavior [ RunTime:0.003000s ]
INFO: [ view_filter ] --END-- [ RunTime:0.004000s ]
INFO: [ app_end ] --START--
INFO: Run Behavior\ShowPageTraceBehavior [ RunTime:0.002000s ]
INFO: [ app_end ] --END-- [ RunTime:0.002000s ]

[ 2015-08-24T17:50:21+08:00 ] 127.0.0.1 /jonza/index.php/Store/Product/edit/id/260.shtml
INFO: [ app_begin ] --START--
INFO: Run Behavior\ReadHtmlCacheBehavior [ RunTime:0.003001s ]
INFO: [ app_begin ] --END-- [ RunTime:0.004001s ]
NOTIC: [8192] mysql_connect(): The mysql extension is deprecated and will be removed in the future: use mysqli or PDO instead E:\cucisvn\01-code\jonza\Library\Think\Library\Think\Session\Driver\Db.class.php 第 95 行.
SQL: SHOW COLUMNS FROM `wx_store_product` [ RunTime:0.0140s ]
SQL: SELECT * FROM `wx_store_product` WHERE `id` = '260' LIMIT 1   [ RunTime:0.0010s ]
NOTIC: [2] array_unique() expects parameter 1 to be array, string given E:\cucisvn\01-code\jonza\Module\Store\Controller\ProductController.class.php 第 54 行.
NOTIC: [2] implode(): Invalid arguments passed E:\cucisvn\01-code\jonza\Module\Store\Controller\ProductController.class.php 第 55 行.
SQL: SHOW COLUMNS FROM `wx_store_product_cat` [ RunTime:0.0090s ]
SQL: SELECT * FROM `wx_store_product_cat` WHERE `status` = 2 AND `id` <> 260  [ RunTime:0.0020s ]
SQL: SHOW COLUMNS FROM `wx_store_product` [ RunTime:0.0100s ]
SQL: SELECT `extend_cat` FROM `wx_store_product` WHERE `id` = '260' LIMIT 1   [ RunTime:0.0000s ]
SQL: SHOW COLUMNS FROM `wx_store_product_model` [ RunTime:0.0080s ]
SQL: SELECT * FROM `wx_store_product_model` WHERE `status` = 2  [ RunTime:0.0020s ]
INFO: [ view_parse ] --START--
INFO: [ template_filter ] --START--
INFO: Run Behavior\ContentReplaceBehavior [ RunTime:0.001000s ]
INFO: [ template_filter ] --END-- [ RunTime:0.001000s ]
NOTIC: [8] Undefined variable: extendCat E:\cucisvn\01-code\jonza\Static\Runtime\Cache\Store\79409b6f98c00fca851e0e3095b35d02.php 第 27 行.
NOTIC: [8] Undefined index: spl E:\cucisvn\01-code\jonza\Static\Runtime\Cache\Store\79409b6f98c00fca851e0e3095b35d02.php 第 189 行.
NOTIC: [8] Undefined index: spl E:\cucisvn\01-code\jonza\Static\Runtime\Cache\Store\79409b6f98c00fca851e0e3095b35d02.php 第 189 行.
NOTIC: [8] Undefined index: spl E:\cucisvn\01-code\jonza\Static\Runtime\Cache\Store\79409b6f98c00fca851e0e3095b35d02.php 第 189 行.
NOTIC: [8] Undefined index: spl E:\cucisvn\01-code\jonza\Static\Runtime\Cache\Store\79409b6f98c00fca851e0e3095b35d02.php 第 189 行.
NOTIC: [8] Undefined index: spl E:\cucisvn\01-code\jonza\Static\Runtime\Cache\Store\79409b6f98c00fca851e0e3095b35d02.php 第 189 行.
NOTIC: [8] Undefined index: spl E:\cucisvn\01-code\jonza\Static\Runtime\Cache\Store\79409b6f98c00fca851e0e3095b35d02.php 第 189 行.
NOTIC: [8] Undefined index: spl E:\cucisvn\01-code\jonza\Static\Runtime\Cache\Store\79409b6f98c00fca851e0e3095b35d02.php 第 189 行.
NOTIC: [8] Undefined index: spl E:\cucisvn\01-code\jonza\Static\Runtime\Cache\Store\79409b6f98c00fca851e0e3095b35d02.php 第 189 行.
NOTIC: [8] Undefined index: spl E:\cucisvn\01-code\jonza\Static\Runtime\Cache\Store\79409b6f98c00fca851e0e3095b35d02.php 第 189 行.
NOTIC: [8] Undefined index: spl E:\cucisvn\01-code\jonza\Static\Runtime\Cache\Store\79409b6f98c00fca851e0e3095b35d02.php 第 189 行.
NOTIC: [8] Undefined index: spl E:\cucisvn\01-code\jonza\Static\Runtime\Cache\Store\79409b6f98c00fca851e0e3095b35d02.php 第 189 行.
NOTIC: [8] Undefined index: spl E:\cucisvn\01-code\jonza\Static\Runtime\Cache\Store\79409b6f98c00fca851e0e3095b35d02.php 第 189 行.
NOTIC: [8] Undefined index: spl E:\cucisvn\01-code\jonza\Static\Runtime\Cache\Store\79409b6f98c00fca851e0e3095b35d02.php 第 189 行.
NOTIC: [8] Undefined index: spl E:\cucisvn\01-code\jonza\Static\Runtime\Cache\Store\79409b6f98c00fca851e0e3095b35d02.php 第 189 行.
NOTIC: [8] Undefined index: spl E:\cucisvn\01-code\jonza\Static\Runtime\Cache\Store\79409b6f98c00fca851e0e3095b35d02.php 第 189 行.
NOTIC: [8] Undefined index: spl E:\cucisvn\01-code\jonza\Static\Runtime\Cache\Store\79409b6f98c00fca851e0e3095b35d02.php 第 189 行.
NOTIC: [8] Undefined index: spl E:\cucisvn\01-code\jonza\Static\Runtime\Cache\Store\79409b6f98c00fca851e0e3095b35d02.php 第 189 行.
NOTIC: [8] Undefined index: spl E:\cucisvn\01-code\jonza\Static\Runtime\Cache\Store\79409b6f98c00fca851e0e3095b35d02.php 第 189 行.
NOTIC: [8] Undefined index: spl E:\cucisvn\01-code\jonza\Static\Runtime\Cache\Store\79409b6f98c00fca851e0e3095b35d02.php 第 189 行.
NOTIC: [8] Undefined index: spl E:\cucisvn\01-code\jonza\Static\Runtime\Cache\Store\79409b6f98c00fca851e0e3095b35d02.php 第 189 行.
NOTIC: [8] Undefined index: spl E:\cucisvn\01-code\jonza\Static\Runtime\Cache\Store\79409b6f98c00fca851e0e3095b35d02.php 第 189 行.
NOTIC: [8] Undefined index: spl E:\cucisvn\01-code\jonza\Static\Runtime\Cache\Store\79409b6f98c00fca851e0e3095b35d02.php 第 189 行.
NOTIC: [8] Undefined index: spl E:\cucisvn\01-code\jonza\Static\Runtime\Cache\Store\79409b6f98c00fca851e0e3095b35d02.php 第 189 行.
NOTIC: [8] Undefined index: spl E:\cucisvn\01-code\jonza\Static\Runtime\Cache\Store\79409b6f98c00fca851e0e3095b35d02.php 第 189 行.
NOTIC: [8] Undefined index: spl E:\cucisvn\01-code\jonza\Static\Runtime\Cache\Store\79409b6f98c00fca851e0e3095b35d02.php 第 189 行.
NOTIC: [8] Undefined index: spl E:\cucisvn\01-code\jonza\Static\Runtime\Cache\Store\79409b6f98c00fca851e0e3095b35d02.php 第 189 行.
NOTIC: [8] Undefined index: spl E:\cucisvn\01-code\jonza\Static\Runtime\Cache\Store\79409b6f98c00fca851e0e3095b35d02.php 第 189 行.
NOTIC: [8] Undefined index: spl E:\cucisvn\01-code\jonza\Static\Runtime\Cache\Store\79409b6f98c00fca851e0e3095b35d02.php 第 189 行.
NOTIC: [8] Undefined index: spl E:\cucisvn\01-code\jonza\Static\Runtime\Cache\Store\79409b6f98c00fca851e0e3095b35d02.php 第 189 行.
NOTIC: [8] Undefined index: spl E:\cucisvn\01-code\jonza\Static\Runtime\Cache\Store\79409b6f98c00fca851e0e3095b35d02.php 第 189 行.
NOTIC: [8] Undefined index: spl E:\cucisvn\01-code\jonza\Static\Runtime\Cache\Store\79409b6f98c00fca851e0e3095b35d02.php 第 189 行.
NOTIC: [8] Undefined index: spl E:\cucisvn\01-code\jonza\Static\Runtime\Cache\Store\79409b6f98c00fca851e0e3095b35d02.php 第 189 行.
NOTIC: [8] Undefined index: spl E:\cucisvn\01-code\jonza\Static\Runtime\Cache\Store\79409b6f98c00fca851e0e3095b35d02.php 第 189 行.
NOTIC: [8] Undefined index: spl E:\cucisvn\01-code\jonza\Static\Runtime\Cache\Store\79409b6f98c00fca851e0e3095b35d02.php 第 189 行.
NOTIC: [8] Undefined index: spl E:\cucisvn\01-code\jonza\Static\Runtime\Cache\Store\79409b6f98c00fca851e0e3095b35d02.php 第 189 行.
NOTIC: [8] Undefined index: spl E:\cucisvn\01-code\jonza\Static\Runtime\Cache\Store\79409b6f98c00fca851e0e3095b35d02.php 第 189 行.
NOTIC: [8] Undefined index: spl E:\cucisvn\01-code\jonza\Static\Runtime\Cache\Store\79409b6f98c00fca851e0e3095b35d02.php 第 189 行.
NOTIC: [8] Undefined index: spl E:\cucisvn\01-code\jonza\Static\Runtime\Cache\Store\79409b6f98c00fca851e0e3095b35d02.php 第 189 行.
NOTIC: [8] Undefined index: spl E:\cucisvn\01-code\jonza\Static\Runtime\Cache\Store\79409b6f98c00fca851e0e3095b35d02.php 第 189 行.
NOTIC: [8] Undefined index: spl E:\cucisvn\01-code\jonza\Static\Runtime\Cache\Store\79409b6f98c00fca851e0e3095b35d02.php 第 189 行.
NOTIC: [8] Undefined index: spl E:\cucisvn\01-code\jonza\Static\Runtime\Cache\Store\79409b6f98c00fca851e0e3095b35d02.php 第 189 行.
NOTIC: [8] Undefined index: spl E:\cucisvn\01-code\jonza\Static\Runtime\Cache\Store\79409b6f98c00fca851e0e3095b35d02.php 第 189 行.
NOTIC: [8] Undefined index: spl E:\cucisvn\01-code\jonza\Static\Runtime\Cache\Store\79409b6f98c00fca851e0e3095b35d02.php 第 189 行.
NOTIC: [8] Undefined index: spl E:\cucisvn\01-code\jonza\Static\Runtime\Cache\Store\79409b6f98c00fca851e0e3095b35d02.php 第 189 行.
NOTIC: [8] Undefined index: spl E:\cucisvn\01-code\jonza\Static\Runtime\Cache\Store\79409b6f98c00fca851e0e3095b35d02.php 第 189 行.
NOTIC: [8] Undefined index: spl E:\cucisvn\01-code\jonza\Static\Runtime\Cache\Store\79409b6f98c00fca851e0e3095b35d02.php 第 189 行.
NOTIC: [8] Undefined index: spl E:\cucisvn\01-code\jonza\Static\Runtime\Cache\Store\79409b6f98c00fca851e0e3095b35d02.php 第 189 行.
NOTIC: [8] Undefined index: spl E:\cucisvn\01-code\jonza\Static\Runtime\Cache\Store\79409b6f98c00fca851e0e3095b35d02.php 第 189 行.
NOTIC: [8] Undefined index: spl E:\cucisvn\01-code\jonza\Static\Runtime\Cache\Store\79409b6f98c00fca851e0e3095b35d02.php 第 189 行.
INFO: Run Behavior\ParseTemplateBehavior [ RunTime:0.261011s ]
INFO: [ view_parse ] --END-- [ RunTime:0.261011s ]
INFO: [ view_filter ] --START--
INFO: Run Behavior\WriteHtmlCacheBehavior [ RunTime:0.000000s ]
INFO: Run Library\Behavior\EmptyImageBehavior [ RunTime:0.000000s ]
INFO: [ view_filter ] --END-- [ RunTime:0.000000s ]
INFO: [ app_end ] --START--
INFO: Run Behavior\ShowPageTraceBehavior [ RunTime:0.000000s ]
INFO: [ app_end ] --END-- [ RunTime:0.000000s ]

[ 2015-08-24T17:50:22+08:00 ] 127.0.0.1 /jonza/index.php/Store/Product/edit/id/260.shtml?model_id=31&action=getModelJSON
INFO: [ app_begin ] --START--
INFO: Run Behavior\ReadHtmlCacheBehavior [ RunTime:0.001000s ]
INFO: [ app_begin ] --END-- [ RunTime:0.003000s ]
NOTIC: [8192] mysql_connect(): The mysql extension is deprecated and will be removed in the future: use mysqli or PDO instead E:\cucisvn\01-code\jonza\Library\Think\Library\Think\Session\Driver\Db.class.php 第 95 行.
SQL: SHOW COLUMNS FROM `wx_store_product` [ RunTime:0.0100s ]
SQL: SELECT * FROM `wx_store_product` WHERE `id` = '260' LIMIT 1   [ RunTime:0.0020s ]
NOTIC: [2] array_unique() expects parameter 1 to be array, string given E:\cucisvn\01-code\jonza\Module\Store\Controller\ProductController.class.php 第 54 行.
NOTIC: [2] implode(): Invalid arguments passed E:\cucisvn\01-code\jonza\Module\Store\Controller\ProductController.class.php 第 55 行.
SQL: SHOW COLUMNS FROM `wx_store_product_model` [ RunTime:0.0100s ]
SQL: SELECT `params` FROM `wx_store_product_model` WHERE `id` = 31 AND `status` = 2 LIMIT 1   [ RunTime:0.0030s ]

[ 2015-08-24T18:01:09+08:00 ] 127.0.0.1 /jonza/index.php/Store/Product/edit/id/260.shtml
INFO: [ app_begin ] --START--
INFO: Run Behavior\ReadHtmlCacheBehavior [ RunTime:0.002000s ]
INFO: [ app_begin ] --END-- [ RunTime:0.004000s ]
NOTIC: [8192] mysql_connect(): The mysql extension is deprecated and will be removed in the future: use mysqli or PDO instead E:\cucisvn\01-code\jonza\Library\Think\Library\Think\Session\Driver\Db.class.php 第 95 行.
SQL: SHOW COLUMNS FROM `wx_store_product` [ RunTime:0.0090s ]
SQL: SELECT * FROM `wx_store_product` WHERE `id` = '260' LIMIT 1   [ RunTime:0.0020s ]
NOTIC: [2] array_unique() expects parameter 1 to be array, string given E:\cucisvn\01-code\jonza\Module\Store\Controller\ProductController.class.php 第 54 行.
NOTIC: [2] implode(): Invalid arguments passed E:\cucisvn\01-code\jonza\Module\Store\Controller\ProductController.class.php 第 55 行.
SQL: SHOW COLUMNS FROM `wx_store_product_cat` [ RunTime:0.0080s ]
SQL: SELECT * FROM `wx_store_product_cat` WHERE `status` = 2 AND `id` <> 260  [ RunTime:0.0020s ]
SQL: SHOW COLUMNS FROM `wx_store_product` [ RunTime:0.0090s ]
SQL: SELECT `extend_cat` FROM `wx_store_product` WHERE `id` = '260' LIMIT 1   [ RunTime:0.0010s ]
SQL: SHOW COLUMNS FROM `wx_store_product_model` [ RunTime:0.0080s ]
SQL: SELECT * FROM `wx_store_product_model` WHERE `status` = 2  [ RunTime:0.0010s ]
INFO: [ view_parse ] --START--
INFO: [ template_filter ] --START--
INFO: Run Behavior\ContentReplaceBehavior [ RunTime:0.001000s ]
INFO: [ template_filter ] --END-- [ RunTime:0.002000s ]
NOTIC: [8] Undefined variable: extendCat E:\cucisvn\01-code\jonza\Static\Runtime\Cache\Store\79409b6f98c00fca851e0e3095b35d02.php 第 27 行.
NOTIC: [8] Undefined index: spl E:\cucisvn\01-code\jonza\Static\Runtime\Cache\Store\79409b6f98c00fca851e0e3095b35d02.php 第 189 行.
NOTIC: [8] Undefined index: spl E:\cucisvn\01-code\jonza\Static\Runtime\Cache\Store\79409b6f98c00fca851e0e3095b35d02.php 第 189 行.
NOTIC: [8] Undefined index: spl E:\cucisvn\01-code\jonza\Static\Runtime\Cache\Store\79409b6f98c00fca851e0e3095b35d02.php 第 189 行.
NOTIC: [8] Undefined index: spl E:\cucisvn\01-code\jonza\Static\Runtime\Cache\Store\79409b6f98c00fca851e0e3095b35d02.php 第 189 行.
NOTIC: [8] Undefined index: spl E:\cucisvn\01-code\jonza\Static\Runtime\Cache\Store\79409b6f98c00fca851e0e3095b35d02.php 第 189 行.
NOTIC: [8] Undefined index: spl E:\cucisvn\01-code\jonza\Static\Runtime\Cache\Store\79409b6f98c00fca851e0e3095b35d02.php 第 189 行.
NOTIC: [8] Undefined index: spl E:\cucisvn\01-code\jonza\Static\Runtime\Cache\Store\79409b6f98c00fca851e0e3095b35d02.php 第 189 行.
NOTIC: [8] Undefined index: spl E:\cucisvn\01-code\jonza\Static\Runtime\Cache\Store\79409b6f98c00fca851e0e3095b35d02.php 第 189 行.
NOTIC: [8] Undefined index: spl E:\cucisvn\01-code\jonza\Static\Runtime\Cache\Store\79409b6f98c00fca851e0e3095b35d02.php 第 189 行.
NOTIC: [8] Undefined index: spl E:\cucisvn\01-code\jonza\Static\Runtime\Cache\Store\79409b6f98c00fca851e0e3095b35d02.php 第 189 行.
NOTIC: [8] Undefined index: spl E:\cucisvn\01-code\jonza\Static\Runtime\Cache\Store\79409b6f98c00fca851e0e3095b35d02.php 第 189 行.
NOTIC: [8] Undefined index: spl E:\cucisvn\01-code\jonza\Static\Runtime\Cache\Store\79409b6f98c00fca851e0e3095b35d02.php 第 189 行.
NOTIC: [8] Undefined index: spl E:\cucisvn\01-code\jonza\Static\Runtime\Cache\Store\79409b6f98c00fca851e0e3095b35d02.php 第 189 行.
NOTIC: [8] Undefined index: spl E:\cucisvn\01-code\jonza\Static\Runtime\Cache\Store\79409b6f98c00fca851e0e3095b35d02.php 第 189 行.
NOTIC: [8] Undefined index: spl E:\cucisvn\01-code\jonza\Static\Runtime\Cache\Store\79409b6f98c00fca851e0e3095b35d02.php 第 189 行.
NOTIC: [8] Undefined index: spl E:\cucisvn\01-code\jonza\Static\Runtime\Cache\Store\79409b6f98c00fca851e0e3095b35d02.php 第 189 行.
NOTIC: [8] Undefined index: spl E:\cucisvn\01-code\jonza\Static\Runtime\Cache\Store\79409b6f98c00fca851e0e3095b35d02.php 第 189 行.
NOTIC: [8] Undefined index: spl E:\cucisvn\01-code\jonza\Static\Runtime\Cache\Store\79409b6f98c00fca851e0e3095b35d02.php 第 189 行.
NOTIC: [8] Undefined index: spl E:\cucisvn\01-code\jonza\Static\Runtime\Cache\Store\79409b6f98c00fca851e0e3095b35d02.php 第 189 行.
NOTIC: [8] Undefined index: spl E:\cucisvn\01-code\jonza\Static\Runtime\Cache\Store\79409b6f98c00fca851e0e3095b35d02.php 第 189 行.
NOTIC: [8] Undefined index: spl E:\cucisvn\01-code\jonza\Static\Runtime\Cache\Store\79409b6f98c00fca851e0e3095b35d02.php 第 189 行.
NOTIC: [8] Undefined index: spl E:\cucisvn\01-code\jonza\Static\Runtime\Cache\Store\79409b6f98c00fca851e0e3095b35d02.php 第 189 行.
NOTIC: [8] Undefined index: spl E:\cucisvn\01-code\jonza\Static\Runtime\Cache\Store\79409b6f98c00fca851e0e3095b35d02.php 第 189 行.
NOTIC: [8] Undefined index: spl E:\cucisvn\01-code\jonza\Static\Runtime\Cache\Store\79409b6f98c00fca851e0e3095b35d02.php 第 189 行.
NOTIC: [8] Undefined index: spl E:\cucisvn\01-code\jonza\Static\Runtime\Cache\Store\79409b6f98c00fca851e0e3095b35d02.php 第 189 行.
NOTIC: [8] Undefined index: spl E:\cucisvn\01-code\jonza\Static\Runtime\Cache\Store\79409b6f98c00fca851e0e3095b35d02.php 第 189 行.
NOTIC: [8] Undefined index: spl E:\cucisvn\01-code\jonza\Static\Runtime\Cache\Store\79409b6f98c00fca851e0e3095b35d02.php 第 189 行.
NOTIC: [8] Undefined index: spl E:\cucisvn\01-code\jonza\Static\Runtime\Cache\Store\79409b6f98c00fca851e0e3095b35d02.php 第 189 行.
NOTIC: [8] Undefined index: spl E:\cucisvn\01-code\jonza\Static\Runtime\Cache\Store\79409b6f98c00fca851e0e3095b35d02.php 第 189 行.
NOTIC: [8] Undefined index: spl E:\cucisvn\01-code\jonza\Static\Runtime\Cache\Store\79409b6f98c00fca851e0e3095b35d02.php 第 189 行.
NOTIC: [8] Undefined index: spl E:\cucisvn\01-code\jonza\Static\Runtime\Cache\Store\79409b6f98c00fca851e0e3095b35d02.php 第 189 行.
NOTIC: [8] Undefined index: spl E:\cucisvn\01-code\jonza\Static\Runtime\Cache\Store\79409b6f98c00fca851e0e3095b35d02.php 第 189 行.
NOTIC: [8] Undefined index: spl E:\cucisvn\01-code\jonza\Static\Runtime\Cache\Store\79409b6f98c00fca851e0e3095b35d02.php 第 189 行.
NOTIC: [8] Undefined index: spl E:\cucisvn\01-code\jonza\Static\Runtime\Cache\Store\79409b6f98c00fca851e0e3095b35d02.php 第 189 行.
NOTIC: [8] Undefined index: spl E:\cucisvn\01-code\jonza\Static\Runtime\Cache\Store\79409b6f98c00fca851e0e3095b35d02.php 第 189 行.
NOTIC: [8] Undefined index: spl E:\cucisvn\01-code\jonza\Static\Runtime\Cache\Store\79409b6f98c00fca851e0e3095b35d02.php 第 189 行.
NOTIC: [8] Undefined index: spl E:\cucisvn\01-code\jonza\Static\Runtime\Cache\Store\79409b6f98c00fca851e0e3095b35d02.php 第 189 行.
NOTIC: [8] Undefined index: spl E:\cucisvn\01-code\jonza\Static\Runtime\Cache\Store\79409b6f98c00fca851e0e3095b35d02.php 第 189 行.
NOTIC: [8] Undefined index: spl E:\cucisvn\01-code\jonza\Static\Runtime\Cache\Store\79409b6f98c00fca851e0e3095b35d02.php 第 189 行.
NOTIC: [8] Undefined index: spl E:\cucisvn\01-code\jonza\Static\Runtime\Cache\Store\79409b6f98c00fca851e0e3095b35d02.php 第 189 行.
NOTIC: [8] Undefined index: spl E:\cucisvn\01-code\jonza\Static\Runtime\Cache\Store\79409b6f98c00fca851e0e3095b35d02.php 第 189 行.
NOTIC: [8] Undefined index: spl E:\cucisvn\01-code\jonza\Static\Runtime\Cache\Store\79409b6f98c00fca851e0e3095b35d02.php 第 189 行.
NOTIC: [8] Undefined index: spl E:\cucisvn\01-code\jonza\Static\Runtime\Cache\Store\79409b6f98c00fca851e0e3095b35d02.php 第 189 行.
NOTIC: [8] Undefined index: spl E:\cucisvn\01-code\jonza\Static\Runtime\Cache\Store\79409b6f98c00fca851e0e3095b35d02.php 第 189 行.
NOTIC: [8] Undefined index: spl E:\cucisvn\01-code\jonza\Static\Runtime\Cache\Store\79409b6f98c00fca851e0e3095b35d02.php 第 189 行.
NOTIC: [8] Undefined index: spl E:\cucisvn\01-code\jonza\Static\Runtime\Cache\Store\79409b6f98c00fca851e0e3095b35d02.php 第 189 行.
NOTIC: [8] Undefined index: spl E:\cucisvn\01-code\jonza\Static\Runtime\Cache\Store\79409b6f98c00fca851e0e3095b35d02.php 第 189 行.
NOTIC: [8] Undefined index: spl E:\cucisvn\01-code\jonza\Static\Runtime\Cache\Store\79409b6f98c00fca851e0e3095b35d02.php 第 189 行.
NOTIC: [8] Undefined index: spl E:\cucisvn\01-code\jonza\Static\Runtime\Cache\Store\79409b6f98c00fca851e0e3095b35d02.php 第 189 行.
INFO: Run Behavior\ParseTemplateBehavior [ RunTime:0.102006s ]
INFO: [ view_parse ] --END-- [ RunTime:0.102006s ]
INFO: [ view_filter ] --START--
INFO: Run Behavior\WriteHtmlCacheBehavior [ RunTime:0.001000s ]
INFO: Run Library\Behavior\EmptyImageBehavior [ RunTime:0.002000s ]
INFO: [ view_filter ] --END-- [ RunTime:0.004000s ]
INFO: [ app_end ] --START--
INFO: Run Behavior\ShowPageTraceBehavior [ RunTime:0.003000s ]
INFO: [ app_end ] --END-- [ RunTime:0.003000s ]

[ 2015-08-24T18:01:10+08:00 ] 127.0.0.1 /jonza/index.php/Store/Product/edit/id/260.shtml?model_id=31&action=getModelJSON
INFO: [ app_begin ] --START--
INFO: Run Behavior\ReadHtmlCacheBehavior [ RunTime:0.002000s ]
INFO: [ app_begin ] --END-- [ RunTime:0.003000s ]
NOTIC: [8192] mysql_connect(): The mysql extension is deprecated and will be removed in the future: use mysqli or PDO instead E:\cucisvn\01-code\jonza\Library\Think\Library\Think\Session\Driver\Db.class.php 第 95 行.
SQL: SHOW COLUMNS FROM `wx_store_product` [ RunTime:0.0100s ]
SQL: SELECT * FROM `wx_store_product` WHERE `id` = '260' LIMIT 1   [ RunTime:0.0010s ]
NOTIC: [2] array_unique() expects parameter 1 to be array, string given E:\cucisvn\01-code\jonza\Module\Store\Controller\ProductController.class.php 第 54 行.
NOTIC: [2] implode(): Invalid arguments passed E:\cucisvn\01-code\jonza\Module\Store\Controller\ProductController.class.php 第 55 行.
SQL: SHOW COLUMNS FROM `wx_store_product_model` [ RunTime:0.0080s ]
SQL: SELECT `params` FROM `wx_store_product_model` WHERE `id` = 31 AND `status` = 2 LIMIT 1   [ RunTime:0.0010s ]

