[ 2018-11-22T16:25:20+08:00 ] ::1 /jonza/index.php/Store/ProductModel/add.shtml
INFO: [ app_begin ] --START--
INFO: Run Behavior\ReadHtmlCacheBehavior [ RunTime:0.000536s ]
INFO: [ app_begin ] --END-- [ RunTime:0.000993s ]
NOTIC: [8192] mysql_connect(): The mysql extension is deprecated and will be removed in the future: use mysqli or PDO instead E:\kejin\jonza\Library\Think\Library\Think\Session\Driver\Db.class.php 第 95 行.
SQL: SHOW COLUMNS FROM `wx_store_product_model` [ RunTime:0.0086s ]
INFO: [ view_parse ] --START--
INFO: [ template_filter ] --START--
INFO: Run Behavior\ContentReplaceBehavior [ RunTime:0.000041s ]
INFO: [ template_filter ] --END-- [ RunTime:0.000073s ]
NOTIC: [8] Undefined index: name E:\kejin\jonza\Static\Runtime\Cache\Store\13b89889a83d77670a5cf16140490858.php 第 17 行.
NOTIC: [8] Undefined index: status E:\kejin\jonza\Static\Runtime\Cache\Store\13b89889a83d77670a5cf16140490858.php 第 40 行.
NOTIC: [8] Undefined index: status E:\kejin\jonza\Static\Runtime\Cache\Store\13b89889a83d77670a5cf16140490858.php 第 41 行.
NOTIC: [8] Undefined index: params E:\kejin\jonza\Static\Runtime\Cache\Store\13b89889a83d77670a5cf16140490858.php 第 87 行.
INFO: Run Behavior\ParseTemplateBehavior [ RunTime:0.027722s ]
INFO: [ view_parse ] --END-- [ RunTime:0.027785s ]
INFO: [ view_filter ] --START--
INFO: Run Behavior\WriteHtmlCacheBehavior [ RunTime:0.001183s ]
INFO: Run Library\Behavior\EmptyImageBehavior [ RunTime:0.002549s ]
INFO: [ view_filter ] --END-- [ RunTime:0.003868s ]
INFO: [ app_end ] --START--
INFO: Run Behavior\ShowPageTraceBehavior [ RunTime:0.001535s ]
INFO: [ app_end ] --END-- [ RunTime:0.001607s ]

