[ 2018-10-25T16:27:04+08:00 ] ::1 /jonza/index.php/Store/Delivery/add.shtml
INFO: [ app_begin ] --START--
INFO: Run Behavior\ReadHtmlCacheBehavior [ RunTime:0.000538s ]
INFO: [ app_begin ] --END-- [ RunTime:0.001035s ]
NOTIC: [8192] mysql_connect(): The mysql extension is deprecated and will be removed in the future: use mysqli or PDO instead E:\kejin\jonza\Library\Think\Library\Think\Session\Driver\Db.class.php 第 95 行.
SQL: SHOW COLUMNS FROM `wx_store_delivery` [ RunTime:0.0084s ]
INFO: [ view_parse ] --START--
INFO: [ template_filter ] --START--
INFO: Run Behavior\ContentReplaceBehavior [ RunTime:0.000040s ]
INFO: [ template_filter ] --END-- [ RunTime:0.000080s ]
NOTIC: [8] Undefined index: name E:\kejin\jonza\Static\Runtime\Cache\Store\c6f142c64edf8d0f437cf42cf7cd7c9e.php 第 16 行.
NOTIC: [8] Undefined index: firstprice E:\kejin\jonza\Static\Runtime\Cache\Store\c6f142c64edf8d0f437cf42cf7cd7c9e.php 第 23 行.
NOTIC: [8] Undefined index: area_groupid E:\kejin\jonza\Static\Runtime\Cache\Store\c6f142c64edf8d0f437cf42cf7cd7c9e.php 第 30 行.
NOTIC: [8] Undefined index: status E:\kejin\jonza\Static\Runtime\Cache\Store\c6f142c64edf8d0f437cf42cf7cd7c9e.php 第 45 行.
NOTIC: [8] Undefined index: status E:\kejin\jonza\Static\Runtime\Cache\Store\c6f142c64edf8d0f437cf42cf7cd7c9e.php 第 46 行.
INFO: Run Behavior\ParseTemplateBehavior [ RunTime:0.024606s ]
INFO: [ view_parse ] --END-- [ RunTime:0.024656s ]
INFO: [ view_filter ] --START--
INFO: Run Behavior\WriteHtmlCacheBehavior [ RunTime:0.000568s ]
INFO: Run Library\Behavior\EmptyImageBehavior [ RunTime:0.001194s ]
INFO: [ view_filter ] --END-- [ RunTime:0.001815s ]
INFO: [ app_end ] --START--
INFO: Run Behavior\ShowPageTraceBehavior [ RunTime:0.000745s ]
INFO: [ app_end ] --END-- [ RunTime:0.000779s ]

[ 2018-10-25T16:27:20+08:00 ] ::1 /jonza/index.php/Store/Delivery/add.shtml
INFO: [ app_begin ] --START--
INFO: Run Behavior\ReadHtmlCacheBehavior [ RunTime:0.000856s ]
INFO: [ app_begin ] --END-- [ RunTime:0.001452s ]
NOTIC: [8192] mysql_connect(): The mysql extension is deprecated and will be removed in the future: use mysqli or PDO instead E:\kejin\jonza\Library\Think\Library\Think\Session\Driver\Db.class.php 第 95 行.
SQL: SHOW COLUMNS FROM `wx_store_delivery` [ RunTime:0.0097s ]
SQL: SELECT COUNT(*) AS tp_count FROM `wx_store_delivery` WHERE `id` = 0 LIMIT 1   [ RunTime:0.0085s ]
ERR: SQLSTATE[HY000]: General error: 1364 Field 'first_weight' doesn't have a default value

