[ 2015-06-03T11:21:57+08:00 ] 127.0.0.1 /jonza/index.php/plugin/ueditor.js
SQL: SHOW COLUMNS FROM `wx_app` [ RunTime:1.4251s ]
SQL: SELECT * FROM `wx_app` WHERE `status` = 2 AND ( `id` = null OR `host` = 'localhost' ) LIMIT 1   [ RunTime:0.0760s ]
SQL: SELECT `data`,`datacrc` FROM `think_cache` WHERE `cachekey`='sysconfig' AND (`expire` =0 OR `expire`>1433301714) LIMIT 0,1 [ RunTime:0.0010s ]
SQL: SHOW COLUMNS FROM `wx_sys_config` [ RunTime:0.1540s ]
SQL: SELECT * FROM `wx_sys_config`  [ RunTime:0.0010s ]
SQL: select `cachekey` from `think_cache` where `cachekey`='sysconfig' limit 0,1 [ RunTime:0.0010s ]
SQL: UPDATE think_cache SET data='a:25:{s:9:"site_name";s:24:"精典妆家微信管理";s:11:"site_domain";s:22:"yuanpeishop.wx.cuci.cc";s:13:"site_keywords";s:0:"";s:9:"site_desc";s:0:"";s:12:"site_contact";s:0:"";s:9:"site_mail";s:0:"";s:7:"site_qq";s:0:"";s:12:"site_company";s:39:"广州市鑫浪信息科技有限公司";s:8:"app_name";s:24:"精典妆家微信管理";s:11:"app_version";s:8:"1.0 beta";s:8:"app_logo";s:25:"glyphicon glyphicon-apple";s:12:"qiniu_bucket";s:7:"jonzawx";s:15:"qiniu_accesskey";s:40:"fWcSm1smy1_IlRMXfroFo_6Gdee3eNC0f9IGdsjY";s:15:"qiniu_secretkey";s:40:"0mHG6krKEjxzrovZkvJJc3W0Be4nzNZxveIZFJuO";s:12:"qiniu_domain";s:30:"7xj4ba.com1.z0.glb.clouddn.com";s:9:"mail_smtp";s:11:"smtp.qq.com";s:13:"mail_username";s:10:"pm@cuci.cc";s:9:"mail_port";s:3:"465";s:13:"mail_password";s:9:"Test12345";s:14:"mail_smtp_auth";s:1:"1";s:9:"mail_from";s:10:"pm@cuci.cc";s:14:"mail_from_name";s:21:"楚才API管理中心";s:11:"mail_secure";s:3:"ssl";s:10:"mail_reply";s:16:"zoujingli@qq.com";s:20:"app_baidu_tongji_key";s:32:"df31b90409cbd7237728ca1a770d72e6";}' ,datacrc='',expire=0 WHERE `cachekey`='sysconfig' [ RunTime:0.8530s ]
SQL: SELECT `data`,`datacrc` FROM `think_cache` WHERE `cachekey`='sysconfig' AND (`expire` =0 OR `expire`>1433301715) LIMIT 0,1 [ RunTime:0.0010s ]
SQL: SELECT * FROM `wx_sys_config`  [ RunTime:0.0010s ]
SQL: select `cachekey` from `think_cache` where `cachekey`='sysconfig' limit 0,1 [ RunTime:0.0010s ]
SQL: UPDATE think_cache SET data='a:25:{s:9:"site_name";s:24:"精典妆家微信管理";s:11:"site_domain";s:22:"yuanpeishop.wx.cuci.cc";s:13:"site_keywords";s:0:"";s:9:"site_desc";s:0:"";s:12:"site_contact";s:0:"";s:9:"site_mail";s:0:"";s:7:"site_qq";s:0:"";s:12:"site_company";s:39:"广州市鑫浪信息科技有限公司";s:8:"app_name";s:24:"精典妆家微信管理";s:11:"app_version";s:8:"1.0 beta";s:8:"app_logo";s:25:"glyphicon glyphicon-apple";s:12:"qiniu_bucket";s:7:"jonzawx";s:15:"qiniu_accesskey";s:40:"fWcSm1smy1_IlRMXfroFo_6Gdee3eNC0f9IGdsjY";s:15:"qiniu_secretkey";s:40:"0mHG6krKEjxzrovZkvJJc3W0Be4nzNZxveIZFJuO";s:12:"qiniu_domain";s:30:"7xj4ba.com1.z0.glb.clouddn.com";s:9:"mail_smtp";s:11:"smtp.qq.com";s:13:"mail_username";s:10:"pm@cuci.cc";s:9:"mail_port";s:3:"465";s:13:"mail_password";s:9:"Test12345";s:14:"mail_smtp_auth";s:1:"1";s:9:"mail_from";s:10:"pm@cuci.cc";s:14:"mail_from_name";s:21:"楚才API管理中心";s:11:"mail_secure";s:3:"ssl";s:10:"mail_reply";s:16:"zoujingli@qq.com";s:20:"app_baidu_tongji_key";s:32:"df31b90409cbd7237728ca1a770d72e6";}' ,datacrc='',expire=0 WHERE `cachekey`='sysconfig' [ RunTime:0.5760s ]
SQL: SELECT `data`,`datacrc` FROM `think_cache` WHERE `cachekey`='sysconfig' AND (`expire` =0 OR `expire`>1433301716) LIMIT 0,1 [ RunTime:0.0010s ]
SQL: SELECT * FROM `wx_sys_config`  [ RunTime:0.0010s ]
SQL: select `cachekey` from `think_cache` where `cachekey`='sysconfig' limit 0,1 [ RunTime:0.0010s ]
SQL: UPDATE think_cache SET data='a:25:{s:9:"site_name";s:24:"精典妆家微信管理";s:11:"site_domain";s:22:"yuanpeishop.wx.cuci.cc";s:13:"site_keywords";s:0:"";s:9:"site_desc";s:0:"";s:12:"site_contact";s:0:"";s:9:"site_mail";s:0:"";s:7:"site_qq";s:0:"";s:12:"site_company";s:39:"广州市鑫浪信息科技有限公司";s:8:"app_name";s:24:"精典妆家微信管理";s:11:"app_version";s:8:"1.0 beta";s:8:"app_logo";s:25:"glyphicon glyphicon-apple";s:12:"qiniu_bucket";s:7:"jonzawx";s:15:"qiniu_accesskey";s:40:"fWcSm1smy1_IlRMXfroFo_6Gdee3eNC0f9IGdsjY";s:15:"qiniu_secretkey";s:40:"0mHG6krKEjxzrovZkvJJc3W0Be4nzNZxveIZFJuO";s:12:"qiniu_domain";s:30:"7xj4ba.com1.z0.glb.clouddn.com";s:9:"mail_smtp";s:11:"smtp.qq.com";s:13:"mail_username";s:10:"pm@cuci.cc";s:9:"mail_port";s:3:"465";s:13:"mail_password";s:9:"Test12345";s:14:"mail_smtp_auth";s:1:"1";s:9:"mail_from";s:10:"pm@cuci.cc";s:14:"mail_from_name";s:21:"楚才API管理中心";s:11:"mail_secure";s:3:"ssl";s:10:"mail_reply";s:16:"zoujingli@qq.com";s:20:"app_baidu_tongji_key";s:32:"df31b90409cbd7237728ca1a770d72e6";}' ,datacrc='',expire=0 WHERE `cachekey`='sysconfig' [ RunTime:0.5680s ]
SQL: SELECT `data`,`datacrc` FROM `think_cache` WHERE `cachekey`='sysconfig' AND (`expire` =0 OR `expire`>1433301716) LIMIT 0,1 [ RunTime:0.0010s ]
SQL: SELECT * FROM `wx_sys_config`  [ RunTime:0.0000s ]
SQL: select `cachekey` from `think_cache` where `cachekey`='sysconfig' limit 0,1 [ RunTime:0.0000s ]
SQL: UPDATE think_cache SET data='a:25:{s:9:"site_name";s:24:"精典妆家微信管理";s:11:"site_domain";s:22:"yuanpeishop.wx.cuci.cc";s:13:"site_keywords";s:0:"";s:9:"site_desc";s:0:"";s:12:"site_contact";s:0:"";s:9:"site_mail";s:0:"";s:7:"site_qq";s:0:"";s:12:"site_company";s:39:"广州市鑫浪信息科技有限公司";s:8:"app_name";s:24:"精典妆家微信管理";s:11:"app_version";s:8:"1.0 beta";s:8:"app_logo";s:25:"glyphicon glyphicon-apple";s:12:"qiniu_bucket";s:7:"jonzawx";s:15:"qiniu_accesskey";s:40:"fWcSm1smy1_IlRMXfroFo_6Gdee3eNC0f9IGdsjY";s:15:"qiniu_secretkey";s:40:"0mHG6krKEjxzrovZkvJJc3W0Be4nzNZxveIZFJuO";s:12:"qiniu_domain";s:30:"7xj4ba.com1.z0.glb.clouddn.com";s:9:"mail_smtp";s:11:"smtp.qq.com";s:13:"mail_username";s:10:"pm@cuci.cc";s:9:"mail_port";s:3:"465";s:13:"mail_password";s:9:"Test12345";s:14:"mail_smtp_auth";s:1:"1";s:9:"mail_from";s:10:"pm@cuci.cc";s:14:"mail_from_name";s:21:"楚才API管理中心";s:11:"mail_secure";s:3:"ssl";s:10:"mail_reply";s:16:"zoujingli@qq.com";s:20:"app_baidu_tongji_key";s:32:"df31b90409cbd7237728ca1a770d72e6";}' ,datacrc='',expire=0 WHERE `cachekey`='sysconfig' [ RunTime:0.3990s ]
INFO: [ view_parse ] --START--
INFO: [ template_filter ] --START--
INFO: Run Behavior\ContentReplaceBehavior [ RunTime:0.000000s ]
INFO: [ template_filter ] --END-- [ RunTime:0.001000s ]
INFO: Run Behavior\ParseTemplateBehavior [ RunTime:0.343020s ]
INFO: [ view_parse ] --END-- [ RunTime:0.343020s ]
INFO: [ view_filter ] --START--
INFO: Run Behavior\WriteHtmlCacheBehavior [ RunTime:0.002000s ]
INFO: Run Library\Behavior\EmptyImageBehavior [ RunTime:0.004000s ]
INFO: [ view_filter ] --END-- [ RunTime:0.006000s ]
INFO: [ app_end ] --START--
INFO: Run Behavior\ShowPageTraceBehavior [ RunTime:0.003001s ]
INFO: [ app_end ] --END-- [ RunTime:0.004001s ]

[ 2015-06-03T11:22:12+08:00 ] 127.0.0.1 /jonza/index.php/plugin/ueditor.js
SQL: SHOW COLUMNS FROM `wx_app` [ RunTime:0.0070s ]
SQL: SELECT * FROM `wx_app` WHERE `status` = 2 AND ( `id` = null OR `host` = 'localhost' ) LIMIT 1   [ RunTime:0.0020s ]
SQL: SELECT `data`,`datacrc` FROM `think_cache` WHERE `cachekey`='sysconfig' AND (`expire` =0 OR `expire`>1433301731) LIMIT 0,1 [ RunTime:0.0010s ]
SQL: SHOW COLUMNS FROM `wx_sys_config` [ RunTime:0.0550s ]
SQL: SELECT * FROM `wx_sys_config`  [ RunTime:0.0010s ]
SQL: select `cachekey` from `think_cache` where `cachekey`='sysconfig' limit 0,1 [ RunTime:0.0000s ]
SQL: UPDATE think_cache SET data='a:25:{s:9:"site_name";s:24:"精典妆家微信管理";s:11:"site_domain";s:22:"yuanpeishop.wx.cuci.cc";s:13:"site_keywords";s:0:"";s:9:"site_desc";s:0:"";s:12:"site_contact";s:0:"";s:9:"site_mail";s:0:"";s:7:"site_qq";s:0:"";s:12:"site_company";s:39:"广州市鑫浪信息科技有限公司";s:8:"app_name";s:24:"精典妆家微信管理";s:11:"app_version";s:8:"1.0 beta";s:8:"app_logo";s:25:"glyphicon glyphicon-apple";s:12:"qiniu_bucket";s:7:"jonzawx";s:15:"qiniu_accesskey";s:40:"fWcSm1smy1_IlRMXfroFo_6Gdee3eNC0f9IGdsjY";s:15:"qiniu_secretkey";s:40:"0mHG6krKEjxzrovZkvJJc3W0Be4nzNZxveIZFJuO";s:12:"qiniu_domain";s:30:"7xj4ba.com1.z0.glb.clouddn.com";s:9:"mail_smtp";s:11:"smtp.qq.com";s:13:"mail_username";s:10:"pm@cuci.cc";s:9:"mail_port";s:3:"465";s:13:"mail_password";s:9:"Test12345";s:14:"mail_smtp_auth";s:1:"1";s:9:"mail_from";s:10:"pm@cuci.cc";s:14:"mail_from_name";s:21:"楚才API管理中心";s:11:"mail_secure";s:3:"ssl";s:10:"mail_reply";s:16:"zoujingli@qq.com";s:20:"app_baidu_tongji_key";s:32:"df31b90409cbd7237728ca1a770d72e6";}' ,datacrc='',expire=0 WHERE `cachekey`='sysconfig' [ RunTime:0.1670s ]
SQL: SELECT `data`,`datacrc` FROM `think_cache` WHERE `cachekey`='sysconfig' AND (`expire` =0 OR `expire`>1433301731) LIMIT 0,1 [ RunTime:0.0010s ]
SQL: SELECT * FROM `wx_sys_config`  [ RunTime:0.0020s ]
SQL: select `cachekey` from `think_cache` where `cachekey`='sysconfig' limit 0,1 [ RunTime:0.0010s ]
SQL: UPDATE think_cache SET data='a:25:{s:9:"site_name";s:24:"精典妆家微信管理";s:11:"site_domain";s:22:"yuanpeishop.wx.cuci.cc";s:13:"site_keywords";s:0:"";s:9:"site_desc";s:0:"";s:12:"site_contact";s:0:"";s:9:"site_mail";s:0:"";s:7:"site_qq";s:0:"";s:12:"site_company";s:39:"广州市鑫浪信息科技有限公司";s:8:"app_name";s:24:"精典妆家微信管理";s:11:"app_version";s:8:"1.0 beta";s:8:"app_logo";s:25:"glyphicon glyphicon-apple";s:12:"qiniu_bucket";s:7:"jonzawx";s:15:"qiniu_accesskey";s:40:"fWcSm1smy1_IlRMXfroFo_6Gdee3eNC0f9IGdsjY";s:15:"qiniu_secretkey";s:40:"0mHG6krKEjxzrovZkvJJc3W0Be4nzNZxveIZFJuO";s:12:"qiniu_domain";s:30:"7xj4ba.com1.z0.glb.clouddn.com";s:9:"mail_smtp";s:11:"smtp.qq.com";s:13:"mail_username";s:10:"pm@cuci.cc";s:9:"mail_port";s:3:"465";s:13:"mail_password";s:9:"Test12345";s:14:"mail_smtp_auth";s:1:"1";s:9:"mail_from";s:10:"pm@cuci.cc";s:14:"mail_from_name";s:21:"楚才API管理中心";s:11:"mail_secure";s:3:"ssl";s:10:"mail_reply";s:16:"zoujingli@qq.com";s:20:"app_baidu_tongji_key";s:32:"df31b90409cbd7237728ca1a770d72e6";}' ,datacrc='',expire=0 WHERE `cachekey`='sysconfig' [ RunTime:0.0790s ]
SQL: SELECT `data`,`datacrc` FROM `think_cache` WHERE `cachekey`='sysconfig' AND (`expire` =0 OR `expire`>1433301731) LIMIT 0,1 [ RunTime:0.0010s ]
SQL: SELECT * FROM `wx_sys_config`  [ RunTime:0.0020s ]
SQL: select `cachekey` from `think_cache` where `cachekey`='sysconfig' limit 0,1 [ RunTime:0.0010s ]
SQL: UPDATE think_cache SET data='a:25:{s:9:"site_name";s:24:"精典妆家微信管理";s:11:"site_domain";s:22:"yuanpeishop.wx.cuci.cc";s:13:"site_keywords";s:0:"";s:9:"site_desc";s:0:"";s:12:"site_contact";s:0:"";s:9:"site_mail";s:0:"";s:7:"site_qq";s:0:"";s:12:"site_company";s:39:"广州市鑫浪信息科技有限公司";s:8:"app_name";s:24:"精典妆家微信管理";s:11:"app_version";s:8:"1.0 beta";s:8:"app_logo";s:25:"glyphicon glyphicon-apple";s:12:"qiniu_bucket";s:7:"jonzawx";s:15:"qiniu_accesskey";s:40:"fWcSm1smy1_IlRMXfroFo_6Gdee3eNC0f9IGdsjY";s:15:"qiniu_secretkey";s:40:"0mHG6krKEjxzrovZkvJJc3W0Be4nzNZxveIZFJuO";s:12:"qiniu_domain";s:30:"7xj4ba.com1.z0.glb.clouddn.com";s:9:"mail_smtp";s:11:"smtp.qq.com";s:13:"mail_username";s:10:"pm@cuci.cc";s:9:"mail_port";s:3:"465";s:13:"mail_password";s:9:"Test12345";s:14:"mail_smtp_auth";s:1:"1";s:9:"mail_from";s:10:"pm@cuci.cc";s:14:"mail_from_name";s:21:"楚才API管理中心";s:11:"mail_secure";s:3:"ssl";s:10:"mail_reply";s:16:"zoujingli@qq.com";s:20:"app_baidu_tongji_key";s:32:"df31b90409cbd7237728ca1a770d72e6";}' ,datacrc='',expire=0 WHERE `cachekey`='sysconfig' [ RunTime:0.1080s ]
SQL: SELECT `data`,`datacrc` FROM `think_cache` WHERE `cachekey`='sysconfig' AND (`expire` =0 OR `expire`>1433301731) LIMIT 0,1 [ RunTime:0.0010s ]
SQL: SELECT * FROM `wx_sys_config`  [ RunTime:0.0010s ]
SQL: select `cachekey` from `think_cache` where `cachekey`='sysconfig' limit 0,1 [ RunTime:0.0010s ]
SQL: UPDATE think_cache SET data='a:25:{s:9:"site_name";s:24:"精典妆家微信管理";s:11:"site_domain";s:22:"yuanpeishop.wx.cuci.cc";s:13:"site_keywords";s:0:"";s:9:"site_desc";s:0:"";s:12:"site_contact";s:0:"";s:9:"site_mail";s:0:"";s:7:"site_qq";s:0:"";s:12:"site_company";s:39:"广州市鑫浪信息科技有限公司";s:8:"app_name";s:24:"精典妆家微信管理";s:11:"app_version";s:8:"1.0 beta";s:8:"app_logo";s:25:"glyphicon glyphicon-apple";s:12:"qiniu_bucket";s:7:"jonzawx";s:15:"qiniu_accesskey";s:40:"fWcSm1smy1_IlRMXfroFo_6Gdee3eNC0f9IGdsjY";s:15:"qiniu_secretkey";s:40:"0mHG6krKEjxzrovZkvJJc3W0Be4nzNZxveIZFJuO";s:12:"qiniu_domain";s:30:"7xj4ba.com1.z0.glb.clouddn.com";s:9:"mail_smtp";s:11:"smtp.qq.com";s:13:"mail_username";s:10:"pm@cuci.cc";s:9:"mail_port";s:3:"465";s:13:"mail_password";s:9:"Test12345";s:14:"mail_smtp_auth";s:1:"1";s:9:"mail_from";s:10:"pm@cuci.cc";s:14:"mail_from_name";s:21:"楚才API管理中心";s:11:"mail_secure";s:3:"ssl";s:10:"mail_reply";s:16:"zoujingli@qq.com";s:20:"app_baidu_tongji_key";s:32:"df31b90409cbd7237728ca1a770d72e6";}' ,datacrc='',expire=0 WHERE `cachekey`='sysconfig' [ RunTime:0.1110s ]
INFO: [ view_parse ] --START--
INFO: [ template_filter ] --START--
INFO: Run Behavior\ContentReplaceBehavior [ RunTime:0.001000s ]
INFO: [ template_filter ] --END-- [ RunTime:0.001000s ]
INFO: Run Behavior\ParseTemplateBehavior [ RunTime:0.026001s ]
INFO: [ view_parse ] --END-- [ RunTime:0.027001s ]
INFO: [ view_filter ] --START--
INFO: Run Behavior\WriteHtmlCacheBehavior [ RunTime:0.001000s ]
INFO: Run Library\Behavior\EmptyImageBehavior [ RunTime:0.004001s ]
INFO: [ view_filter ] --END-- [ RunTime:0.006001s ]
INFO: [ app_end ] --START--
INFO: Run Behavior\ShowPageTraceBehavior [ RunTime:0.002000s ]
INFO: [ app_end ] --END-- [ RunTime:0.002000s ]

[ 2015-06-03T11:22:26+08:00 ] 127.0.0.1 /jonza/index.php/plugin/ueditor.js
SQL: SHOW COLUMNS FROM `wx_app` [ RunTime:0.0080s ]
SQL: SELECT * FROM `wx_app` WHERE `status` = 2 AND ( `id` = null OR `host` = 'localhost' ) LIMIT 1   [ RunTime:0.0020s ]
SQL: SELECT `data`,`datacrc` FROM `think_cache` WHERE `cachekey`='sysconfig' AND (`expire` =0 OR `expire`>1433301745) LIMIT 0,1 [ RunTime:0.0010s ]
SQL: SHOW COLUMNS FROM `wx_sys_config` [ RunTime:0.0080s ]
SQL: SELECT * FROM `wx_sys_config`  [ RunTime:0.0010s ]
SQL: select `cachekey` from `think_cache` where `cachekey`='sysconfig' limit 0,1 [ RunTime:0.0020s ]
SQL: UPDATE think_cache SET data='a:25:{s:9:"site_name";s:24:"精典妆家微信管理";s:11:"site_domain";s:22:"yuanpeishop.wx.cuci.cc";s:13:"site_keywords";s:0:"";s:9:"site_desc";s:0:"";s:12:"site_contact";s:0:"";s:9:"site_mail";s:0:"";s:7:"site_qq";s:0:"";s:12:"site_company";s:39:"广州市鑫浪信息科技有限公司";s:8:"app_name";s:24:"精典妆家微信管理";s:11:"app_version";s:8:"1.0 beta";s:8:"app_logo";s:25:"glyphicon glyphicon-apple";s:12:"qiniu_bucket";s:7:"jonzawx";s:15:"qiniu_accesskey";s:40:"fWcSm1smy1_IlRMXfroFo_6Gdee3eNC0f9IGdsjY";s:15:"qiniu_secretkey";s:40:"0mHG6krKEjxzrovZkvJJc3W0Be4nzNZxveIZFJuO";s:12:"qiniu_domain";s:30:"7xj4ba.com1.z0.glb.clouddn.com";s:9:"mail_smtp";s:11:"smtp.qq.com";s:13:"mail_username";s:10:"pm@cuci.cc";s:9:"mail_port";s:3:"465";s:13:"mail_password";s:9:"Test12345";s:14:"mail_smtp_auth";s:1:"1";s:9:"mail_from";s:10:"pm@cuci.cc";s:14:"mail_from_name";s:21:"楚才API管理中心";s:11:"mail_secure";s:3:"ssl";s:10:"mail_reply";s:16:"zoujingli@qq.com";s:20:"app_baidu_tongji_key";s:32:"df31b90409cbd7237728ca1a770d72e6";}' ,datacrc='',expire=0 WHERE `cachekey`='sysconfig' [ RunTime:0.0200s ]
SQL: SELECT `data`,`datacrc` FROM `think_cache` WHERE `cachekey`='sysconfig' AND (`expire` =0 OR `expire`>1433301745) LIMIT 0,1 [ RunTime:0.0010s ]
SQL: SELECT * FROM `wx_sys_config`  [ RunTime:0.0010s ]
SQL: select `cachekey` from `think_cache` where `cachekey`='sysconfig' limit 0,1 [ RunTime:0.0000s ]
SQL: UPDATE think_cache SET data='a:25:{s:9:"site_name";s:24:"精典妆家微信管理";s:11:"site_domain";s:22:"yuanpeishop.wx.cuci.cc";s:13:"site_keywords";s:0:"";s:9:"site_desc";s:0:"";s:12:"site_contact";s:0:"";s:9:"site_mail";s:0:"";s:7:"site_qq";s:0:"";s:12:"site_company";s:39:"广州市鑫浪信息科技有限公司";s:8:"app_name";s:24:"精典妆家微信管理";s:11:"app_version";s:8:"1.0 beta";s:8:"app_logo";s:25:"glyphicon glyphicon-apple";s:12:"qiniu_bucket";s:7:"jonzawx";s:15:"qiniu_accesskey";s:40:"fWcSm1smy1_IlRMXfroFo_6Gdee3eNC0f9IGdsjY";s:15:"qiniu_secretkey";s:40:"0mHG6krKEjxzrovZkvJJc3W0Be4nzNZxveIZFJuO";s:12:"qiniu_domain";s:30:"7xj4ba.com1.z0.glb.clouddn.com";s:9:"mail_smtp";s:11:"smtp.qq.com";s:13:"mail_username";s:10:"pm@cuci.cc";s:9:"mail_port";s:3:"465";s:13:"mail_password";s:9:"Test12345";s:14:"mail_smtp_auth";s:1:"1";s:9:"mail_from";s:10:"pm@cuci.cc";s:14:"mail_from_name";s:21:"楚才API管理中心";s:11:"mail_secure";s:3:"ssl";s:10:"mail_reply";s:16:"zoujingli@qq.com";s:20:"app_baidu_tongji_key";s:32:"df31b90409cbd7237728ca1a770d72e6";}' ,datacrc='',expire=0 WHERE `cachekey`='sysconfig' [ RunTime:0.0310s ]
SQL: SELECT `data`,`datacrc` FROM `think_cache` WHERE `cachekey`='sysconfig' AND (`expire` =0 OR `expire`>1433301745) LIMIT 0,1 [ RunTime:0.0000s ]
SQL: SELECT * FROM `wx_sys_config`  [ RunTime:0.0010s ]
SQL: select `cachekey` from `think_cache` where `cachekey`='sysconfig' limit 0,1 [ RunTime:0.0010s ]
SQL: UPDATE think_cache SET data='a:25:{s:9:"site_name";s:24:"精典妆家微信管理";s:11:"site_domain";s:22:"yuanpeishop.wx.cuci.cc";s:13:"site_keywords";s:0:"";s:9:"site_desc";s:0:"";s:12:"site_contact";s:0:"";s:9:"site_mail";s:0:"";s:7:"site_qq";s:0:"";s:12:"site_company";s:39:"广州市鑫浪信息科技有限公司";s:8:"app_name";s:24:"精典妆家微信管理";s:11:"app_version";s:8:"1.0 beta";s:8:"app_logo";s:25:"glyphicon glyphicon-apple";s:12:"qiniu_bucket";s:7:"jonzawx";s:15:"qiniu_accesskey";s:40:"fWcSm1smy1_IlRMXfroFo_6Gdee3eNC0f9IGdsjY";s:15:"qiniu_secretkey";s:40:"0mHG6krKEjxzrovZkvJJc3W0Be4nzNZxveIZFJuO";s:12:"qiniu_domain";s:30:"7xj4ba.com1.z0.glb.clouddn.com";s:9:"mail_smtp";s:11:"smtp.qq.com";s:13:"mail_username";s:10:"pm@cuci.cc";s:9:"mail_port";s:3:"465";s:13:"mail_password";s:9:"Test12345";s:14:"mail_smtp_auth";s:1:"1";s:9:"mail_from";s:10:"pm@cuci.cc";s:14:"mail_from_name";s:21:"楚才API管理中心";s:11:"mail_secure";s:3:"ssl";s:10:"mail_reply";s:16:"zoujingli@qq.com";s:20:"app_baidu_tongji_key";s:32:"df31b90409cbd7237728ca1a770d72e6";}' ,datacrc='',expire=0 WHERE `cachekey`='sysconfig' [ RunTime:0.0230s ]
SQL: SELECT `data`,`datacrc` FROM `think_cache` WHERE `cachekey`='sysconfig' AND (`expire` =0 OR `expire`>1433301745) LIMIT 0,1 [ RunTime:0.0010s ]
SQL: SELECT * FROM `wx_sys_config`  [ RunTime:0.0020s ]
SQL: select `cachekey` from `think_cache` where `cachekey`='sysconfig' limit 0,1 [ RunTime:0.0010s ]
SQL: UPDATE think_cache SET data='a:25:{s:9:"site_name";s:24:"精典妆家微信管理";s:11:"site_domain";s:22:"yuanpeishop.wx.cuci.cc";s:13:"site_keywords";s:0:"";s:9:"site_desc";s:0:"";s:12:"site_contact";s:0:"";s:9:"site_mail";s:0:"";s:7:"site_qq";s:0:"";s:12:"site_company";s:39:"广州市鑫浪信息科技有限公司";s:8:"app_name";s:24:"精典妆家微信管理";s:11:"app_version";s:8:"1.0 beta";s:8:"app_logo";s:25:"glyphicon glyphicon-apple";s:12:"qiniu_bucket";s:7:"jonzawx";s:15:"qiniu_accesskey";s:40:"fWcSm1smy1_IlRMXfroFo_6Gdee3eNC0f9IGdsjY";s:15:"qiniu_secretkey";s:40:"0mHG6krKEjxzrovZkvJJc3W0Be4nzNZxveIZFJuO";s:12:"qiniu_domain";s:30:"7xj4ba.com1.z0.glb.clouddn.com";s:9:"mail_smtp";s:11:"smtp.qq.com";s:13:"mail_username";s:10:"pm@cuci.cc";s:9:"mail_port";s:3:"465";s:13:"mail_password";s:9:"Test12345";s:14:"mail_smtp_auth";s:1:"1";s:9:"mail_from";s:10:"pm@cuci.cc";s:14:"mail_from_name";s:21:"楚才API管理中心";s:11:"mail_secure";s:3:"ssl";s:10:"mail_reply";s:16:"zoujingli@qq.com";s:20:"app_baidu_tongji_key";s:32:"df31b90409cbd7237728ca1a770d72e6";}' ,datacrc='',expire=0 WHERE `cachekey`='sysconfig' [ RunTime:0.0430s ]
INFO: [ view_parse ] --START--
INFO: [ template_filter ] --START--
INFO: Run Behavior\ContentReplaceBehavior [ RunTime:0.001000s ]
INFO: [ template_filter ] --END-- [ RunTime:0.001000s ]
INFO: Run Behavior\ParseTemplateBehavior [ RunTime:0.022001s ]
INFO: [ view_parse ] --END-- [ RunTime:0.023001s ]
INFO: [ view_filter ] --START--
INFO: Run Behavior\WriteHtmlCacheBehavior [ RunTime:0.002000s ]
INFO: Run Library\Behavior\EmptyImageBehavior [ RunTime:0.002000s ]
INFO: [ view_filter ] --END-- [ RunTime:0.005000s ]
INFO: [ app_end ] --START--
INFO: Run Behavior\ShowPageTraceBehavior [ RunTime:0.002001s ]
INFO: [ app_end ] --END-- [ RunTime:0.004001s ]

[ 2015-06-03T11:22:29+08:00 ] 127.0.0.1 /jonza/index.php/plugin/ueditor.js
SQL: SHOW COLUMNS FROM `wx_app` [ RunTime:0.0190s ]
SQL: SELECT * FROM `wx_app` WHERE `status` = 2 AND ( `id` = null OR `host` = 'localhost' ) LIMIT 1   [ RunTime:0.0010s ]
SQL: SELECT `data`,`datacrc` FROM `think_cache` WHERE `cachekey`='sysconfig' AND (`expire` =0 OR `expire`>1433301749) LIMIT 0,1 [ RunTime:0.0010s ]
SQL: SHOW COLUMNS FROM `wx_sys_config` [ RunTime:0.0120s ]
SQL: SELECT * FROM `wx_sys_config`  [ RunTime:0.0020s ]
SQL: select `cachekey` from `think_cache` where `cachekey`='sysconfig' limit 0,1 [ RunTime:0.0000s ]
SQL: UPDATE think_cache SET data='a:25:{s:9:"site_name";s:24:"精典妆家微信管理";s:11:"site_domain";s:22:"yuanpeishop.wx.cuci.cc";s:13:"site_keywords";s:0:"";s:9:"site_desc";s:0:"";s:12:"site_contact";s:0:"";s:9:"site_mail";s:0:"";s:7:"site_qq";s:0:"";s:12:"site_company";s:39:"广州市鑫浪信息科技有限公司";s:8:"app_name";s:24:"精典妆家微信管理";s:11:"app_version";s:8:"1.0 beta";s:8:"app_logo";s:25:"glyphicon glyphicon-apple";s:12:"qiniu_bucket";s:7:"jonzawx";s:15:"qiniu_accesskey";s:40:"fWcSm1smy1_IlRMXfroFo_6Gdee3eNC0f9IGdsjY";s:15:"qiniu_secretkey";s:40:"0mHG6krKEjxzrovZkvJJc3W0Be4nzNZxveIZFJuO";s:12:"qiniu_domain";s:30:"7xj4ba.com1.z0.glb.clouddn.com";s:9:"mail_smtp";s:11:"smtp.qq.com";s:13:"mail_username";s:10:"pm@cuci.cc";s:9:"mail_port";s:3:"465";s:13:"mail_password";s:9:"Test12345";s:14:"mail_smtp_auth";s:1:"1";s:9:"mail_from";s:10:"pm@cuci.cc";s:14:"mail_from_name";s:21:"楚才API管理中心";s:11:"mail_secure";s:3:"ssl";s:10:"mail_reply";s:16:"zoujingli@qq.com";s:20:"app_baidu_tongji_key";s:32:"df31b90409cbd7237728ca1a770d72e6";}' ,datacrc='',expire=0 WHERE `cachekey`='sysconfig' [ RunTime:0.0240s ]
SQL: SELECT `data`,`datacrc` FROM `think_cache` WHERE `cachekey`='sysconfig' AND (`expire` =0 OR `expire`>1433301749) LIMIT 0,1 [ RunTime:0.0010s ]
SQL: SELECT * FROM `wx_sys_config`  [ RunTime:0.0010s ]
SQL: select `cachekey` from `think_cache` where `cachekey`='sysconfig' limit 0,1 [ RunTime:0.0000s ]
SQL: UPDATE think_cache SET data='a:25:{s:9:"site_name";s:24:"精典妆家微信管理";s:11:"site_domain";s:22:"yuanpeishop.wx.cuci.cc";s:13:"site_keywords";s:0:"";s:9:"site_desc";s:0:"";s:12:"site_contact";s:0:"";s:9:"site_mail";s:0:"";s:7:"site_qq";s:0:"";s:12:"site_company";s:39:"广州市鑫浪信息科技有限公司";s:8:"app_name";s:24:"精典妆家微信管理";s:11:"app_version";s:8:"1.0 beta";s:8:"app_logo";s:25:"glyphicon glyphicon-apple";s:12:"qiniu_bucket";s:7:"jonzawx";s:15:"qiniu_accesskey";s:40:"fWcSm1smy1_IlRMXfroFo_6Gdee3eNC0f9IGdsjY";s:15:"qiniu_secretkey";s:40:"0mHG6krKEjxzrovZkvJJc3W0Be4nzNZxveIZFJuO";s:12:"qiniu_domain";s:30:"7xj4ba.com1.z0.glb.clouddn.com";s:9:"mail_smtp";s:11:"smtp.qq.com";s:13:"mail_username";s:10:"pm@cuci.cc";s:9:"mail_port";s:3:"465";s:13:"mail_password";s:9:"Test12345";s:14:"mail_smtp_auth";s:1:"1";s:9:"mail_from";s:10:"pm@cuci.cc";s:14:"mail_from_name";s:21:"楚才API管理中心";s:11:"mail_secure";s:3:"ssl";s:10:"mail_reply";s:16:"zoujingli@qq.com";s:20:"app_baidu_tongji_key";s:32:"df31b90409cbd7237728ca1a770d72e6";}' ,datacrc='',expire=0 WHERE `cachekey`='sysconfig' [ RunTime:0.0260s ]
SQL: SELECT `data`,`datacrc` FROM `think_cache` WHERE `cachekey`='sysconfig' AND (`expire` =0 OR `expire`>1433301749) LIMIT 0,1 [ RunTime:0.0010s ]
SQL: SELECT * FROM `wx_sys_config`  [ RunTime:0.0030s ]
SQL: select `cachekey` from `think_cache` where `cachekey`='sysconfig' limit 0,1 [ RunTime:0.0010s ]
SQL: UPDATE think_cache SET data='a:25:{s:9:"site_name";s:24:"精典妆家微信管理";s:11:"site_domain";s:22:"yuanpeishop.wx.cuci.cc";s:13:"site_keywords";s:0:"";s:9:"site_desc";s:0:"";s:12:"site_contact";s:0:"";s:9:"site_mail";s:0:"";s:7:"site_qq";s:0:"";s:12:"site_company";s:39:"广州市鑫浪信息科技有限公司";s:8:"app_name";s:24:"精典妆家微信管理";s:11:"app_version";s:8:"1.0 beta";s:8:"app_logo";s:25:"glyphicon glyphicon-apple";s:12:"qiniu_bucket";s:7:"jonzawx";s:15:"qiniu_accesskey";s:40:"fWcSm1smy1_IlRMXfroFo_6Gdee3eNC0f9IGdsjY";s:15:"qiniu_secretkey";s:40:"0mHG6krKEjxzrovZkvJJc3W0Be4nzNZxveIZFJuO";s:12:"qiniu_domain";s:30:"7xj4ba.com1.z0.glb.clouddn.com";s:9:"mail_smtp";s:11:"smtp.qq.com";s:13:"mail_username";s:10:"pm@cuci.cc";s:9:"mail_port";s:3:"465";s:13:"mail_password";s:9:"Test12345";s:14:"mail_smtp_auth";s:1:"1";s:9:"mail_from";s:10:"pm@cuci.cc";s:14:"mail_from_name";s:21:"楚才API管理中心";s:11:"mail_secure";s:3:"ssl";s:10:"mail_reply";s:16:"zoujingli@qq.com";s:20:"app_baidu_tongji_key";s:32:"df31b90409cbd7237728ca1a770d72e6";}' ,datacrc='',expire=0 WHERE `cachekey`='sysconfig' [ RunTime:0.0220s ]
SQL: SELECT `data`,`datacrc` FROM `think_cache` WHERE `cachekey`='sysconfig' AND (`expire` =0 OR `expire`>1433301749) LIMIT 0,1 [ RunTime:0.0020s ]
SQL: SELECT * FROM `wx_sys_config`  [ RunTime:0.0020s ]
SQL: select `cachekey` from `think_cache` where `cachekey`='sysconfig' limit 0,1 [ RunTime:0.0010s ]
SQL: UPDATE think_cache SET data='a:25:{s:9:"site_name";s:24:"精典妆家微信管理";s:11:"site_domain";s:22:"yuanpeishop.wx.cuci.cc";s:13:"site_keywords";s:0:"";s:9:"site_desc";s:0:"";s:12:"site_contact";s:0:"";s:9:"site_mail";s:0:"";s:7:"site_qq";s:0:"";s:12:"site_company";s:39:"广州市鑫浪信息科技有限公司";s:8:"app_name";s:24:"精典妆家微信管理";s:11:"app_version";s:8:"1.0 beta";s:8:"app_logo";s:25:"glyphicon glyphicon-apple";s:12:"qiniu_bucket";s:7:"jonzawx";s:15:"qiniu_accesskey";s:40:"fWcSm1smy1_IlRMXfroFo_6Gdee3eNC0f9IGdsjY";s:15:"qiniu_secretkey";s:40:"0mHG6krKEjxzrovZkvJJc3W0Be4nzNZxveIZFJuO";s:12:"qiniu_domain";s:30:"7xj4ba.com1.z0.glb.clouddn.com";s:9:"mail_smtp";s:11:"smtp.qq.com";s:13:"mail_username";s:10:"pm@cuci.cc";s:9:"mail_port";s:3:"465";s:13:"mail_password";s:9:"Test12345";s:14:"mail_smtp_auth";s:1:"1";s:9:"mail_from";s:10:"pm@cuci.cc";s:14:"mail_from_name";s:21:"楚才API管理中心";s:11:"mail_secure";s:3:"ssl";s:10:"mail_reply";s:16:"zoujingli@qq.com";s:20:"app_baidu_tongji_key";s:32:"df31b90409cbd7237728ca1a770d72e6";}' ,datacrc='',expire=0 WHERE `cachekey`='sysconfig' [ RunTime:0.0250s ]
INFO: [ view_parse ] --START--
INFO: [ template_filter ] --START--
INFO: Run Behavior\ContentReplaceBehavior [ RunTime:0.000000s ]
INFO: [ template_filter ] --END-- [ RunTime:0.001000s ]
INFO: Run Behavior\ParseTemplateBehavior [ RunTime:0.023001s ]
INFO: [ view_parse ] --END-- [ RunTime:0.023001s ]
INFO: [ view_filter ] --START--
INFO: Run Behavior\WriteHtmlCacheBehavior [ RunTime:0.002000s ]
INFO: Run Library\Behavior\EmptyImageBehavior [ RunTime:0.003000s ]
INFO: [ view_filter ] --END-- [ RunTime:0.006000s ]
INFO: [ app_end ] --START--
INFO: Run Behavior\ShowPageTraceBehavior [ RunTime:0.002000s ]
INFO: [ app_end ] --END-- [ RunTime:0.004001s ]

[ 2015-06-03T11:22:31+08:00 ] 127.0.0.1 /jonza/index.php/plugin/ueditor.js
SQL: SHOW COLUMNS FROM `wx_app` [ RunTime:0.0110s ]
SQL: SELECT * FROM `wx_app` WHERE `status` = 2 AND ( `id` = null OR `host` = 'localhost' ) LIMIT 1   [ RunTime:0.0010s ]
SQL: SELECT `data`,`datacrc` FROM `think_cache` WHERE `cachekey`='sysconfig' AND (`expire` =0 OR `expire`>1433301750) LIMIT 0,1 [ RunTime:0.0020s ]
SQL: SHOW COLUMNS FROM `wx_sys_config` [ RunTime:0.0090s ]
SQL: SELECT * FROM `wx_sys_config`  [ RunTime:0.0010s ]
SQL: select `cachekey` from `think_cache` where `cachekey`='sysconfig' limit 0,1 [ RunTime:0.0010s ]
SQL: UPDATE think_cache SET data='a:25:{s:9:"site_name";s:24:"精典妆家微信管理";s:11:"site_domain";s:22:"yuanpeishop.wx.cuci.cc";s:13:"site_keywords";s:0:"";s:9:"site_desc";s:0:"";s:12:"site_contact";s:0:"";s:9:"site_mail";s:0:"";s:7:"site_qq";s:0:"";s:12:"site_company";s:39:"广州市鑫浪信息科技有限公司";s:8:"app_name";s:24:"精典妆家微信管理";s:11:"app_version";s:8:"1.0 beta";s:8:"app_logo";s:25:"glyphicon glyphicon-apple";s:12:"qiniu_bucket";s:7:"jonzawx";s:15:"qiniu_accesskey";s:40:"fWcSm1smy1_IlRMXfroFo_6Gdee3eNC0f9IGdsjY";s:15:"qiniu_secretkey";s:40:"0mHG6krKEjxzrovZkvJJc3W0Be4nzNZxveIZFJuO";s:12:"qiniu_domain";s:30:"7xj4ba.com1.z0.glb.clouddn.com";s:9:"mail_smtp";s:11:"smtp.qq.com";s:13:"mail_username";s:10:"pm@cuci.cc";s:9:"mail_port";s:3:"465";s:13:"mail_password";s:9:"Test12345";s:14:"mail_smtp_auth";s:1:"1";s:9:"mail_from";s:10:"pm@cuci.cc";s:14:"mail_from_name";s:21:"楚才API管理中心";s:11:"mail_secure";s:3:"ssl";s:10:"mail_reply";s:16:"zoujingli@qq.com";s:20:"app_baidu_tongji_key";s:32:"df31b90409cbd7237728ca1a770d72e6";}' ,datacrc='',expire=0 WHERE `cachekey`='sysconfig' [ RunTime:0.0660s ]
SQL: SELECT `data`,`datacrc` FROM `think_cache` WHERE `cachekey`='sysconfig' AND (`expire` =0 OR `expire`>1433301750) LIMIT 0,1 [ RunTime:0.0010s ]
SQL: SELECT * FROM `wx_sys_config`  [ RunTime:0.0010s ]
SQL: select `cachekey` from `think_cache` where `cachekey`='sysconfig' limit 0,1 [ RunTime:0.0010s ]
SQL: UPDATE think_cache SET data='a:25:{s:9:"site_name";s:24:"精典妆家微信管理";s:11:"site_domain";s:22:"yuanpeishop.wx.cuci.cc";s:13:"site_keywords";s:0:"";s:9:"site_desc";s:0:"";s:12:"site_contact";s:0:"";s:9:"site_mail";s:0:"";s:7:"site_qq";s:0:"";s:12:"site_company";s:39:"广州市鑫浪信息科技有限公司";s:8:"app_name";s:24:"精典妆家微信管理";s:11:"app_version";s:8:"1.0 beta";s:8:"app_logo";s:25:"glyphicon glyphicon-apple";s:12:"qiniu_bucket";s:7:"jonzawx";s:15:"qiniu_accesskey";s:40:"fWcSm1smy1_IlRMXfroFo_6Gdee3eNC0f9IGdsjY";s:15:"qiniu_secretkey";s:40:"0mHG6krKEjxzrovZkvJJc3W0Be4nzNZxveIZFJuO";s:12:"qiniu_domain";s:30:"7xj4ba.com1.z0.glb.clouddn.com";s:9:"mail_smtp";s:11:"smtp.qq.com";s:13:"mail_username";s:10:"pm@cuci.cc";s:9:"mail_port";s:3:"465";s:13:"mail_password";s:9:"Test12345";s:14:"mail_smtp_auth";s:1:"1";s:9:"mail_from";s:10:"pm@cuci.cc";s:14:"mail_from_name";s:21:"楚才API管理中心";s:11:"mail_secure";s:3:"ssl";s:10:"mail_reply";s:16:"zoujingli@qq.com";s:20:"app_baidu_tongji_key";s:32:"df31b90409cbd7237728ca1a770d72e6";}' ,datacrc='',expire=0 WHERE `cachekey`='sysconfig' [ RunTime:0.0250s ]
SQL: SELECT `data`,`datacrc` FROM `think_cache` WHERE `cachekey`='sysconfig' AND (`expire` =0 OR `expire`>1433301750) LIMIT 0,1 [ RunTime:0.0010s ]
SQL: SELECT * FROM `wx_sys_config`  [ RunTime:0.0010s ]
SQL: select `cachekey` from `think_cache` where `cachekey`='sysconfig' limit 0,1 [ RunTime:0.0000s ]
SQL: UPDATE think_cache SET data='a:25:{s:9:"site_name";s:24:"精典妆家微信管理";s:11:"site_domain";s:22:"yuanpeishop.wx.cuci.cc";s:13:"site_keywords";s:0:"";s:9:"site_desc";s:0:"";s:12:"site_contact";s:0:"";s:9:"site_mail";s:0:"";s:7:"site_qq";s:0:"";s:12:"site_company";s:39:"广州市鑫浪信息科技有限公司";s:8:"app_name";s:24:"精典妆家微信管理";s:11:"app_version";s:8:"1.0 beta";s:8:"app_logo";s:25:"glyphicon glyphicon-apple";s:12:"qiniu_bucket";s:7:"jonzawx";s:15:"qiniu_accesskey";s:40:"fWcSm1smy1_IlRMXfroFo_6Gdee3eNC0f9IGdsjY";s:15:"qiniu_secretkey";s:40:"0mHG6krKEjxzrovZkvJJc3W0Be4nzNZxveIZFJuO";s:12:"qiniu_domain";s:30:"7xj4ba.com1.z0.glb.clouddn.com";s:9:"mail_smtp";s:11:"smtp.qq.com";s:13:"mail_username";s:10:"pm@cuci.cc";s:9:"mail_port";s:3:"465";s:13:"mail_password";s:9:"Test12345";s:14:"mail_smtp_auth";s:1:"1";s:9:"mail_from";s:10:"pm@cuci.cc";s:14:"mail_from_name";s:21:"楚才API管理中心";s:11:"mail_secure";s:3:"ssl";s:10:"mail_reply";s:16:"zoujingli@qq.com";s:20:"app_baidu_tongji_key";s:32:"df31b90409cbd7237728ca1a770d72e6";}' ,datacrc='',expire=0 WHERE `cachekey`='sysconfig' [ RunTime:0.0270s ]
SQL: SELECT `data`,`datacrc` FROM `think_cache` WHERE `cachekey`='sysconfig' AND (`expire` =0 OR `expire`>1433301750) LIMIT 0,1 [ RunTime:0.0010s ]
SQL: SELECT * FROM `wx_sys_config`  [ RunTime:0.0020s ]
SQL: select `cachekey` from `think_cache` where `cachekey`='sysconfig' limit 0,1 [ RunTime:0.0010s ]
SQL: UPDATE think_cache SET data='a:25:{s:9:"site_name";s:24:"精典妆家微信管理";s:11:"site_domain";s:22:"yuanpeishop.wx.cuci.cc";s:13:"site_keywords";s:0:"";s:9:"site_desc";s:0:"";s:12:"site_contact";s:0:"";s:9:"site_mail";s:0:"";s:7:"site_qq";s:0:"";s:12:"site_company";s:39:"广州市鑫浪信息科技有限公司";s:8:"app_name";s:24:"精典妆家微信管理";s:11:"app_version";s:8:"1.0 beta";s:8:"app_logo";s:25:"glyphicon glyphicon-apple";s:12:"qiniu_bucket";s:7:"jonzawx";s:15:"qiniu_accesskey";s:40:"fWcSm1smy1_IlRMXfroFo_6Gdee3eNC0f9IGdsjY";s:15:"qiniu_secretkey";s:40:"0mHG6krKEjxzrovZkvJJc3W0Be4nzNZxveIZFJuO";s:12:"qiniu_domain";s:30:"7xj4ba.com1.z0.glb.clouddn.com";s:9:"mail_smtp";s:11:"smtp.qq.com";s:13:"mail_username";s:10:"pm@cuci.cc";s:9:"mail_port";s:3:"465";s:13:"mail_password";s:9:"Test12345";s:14:"mail_smtp_auth";s:1:"1";s:9:"mail_from";s:10:"pm@cuci.cc";s:14:"mail_from_name";s:21:"楚才API管理中心";s:11:"mail_secure";s:3:"ssl";s:10:"mail_reply";s:16:"zoujingli@qq.com";s:20:"app_baidu_tongji_key";s:32:"df31b90409cbd7237728ca1a770d72e6";}' ,datacrc='',expire=0 WHERE `cachekey`='sysconfig' [ RunTime:0.0460s ]
INFO: [ view_parse ] --START--
INFO: [ template_filter ] --START--
INFO: Run Behavior\ContentReplaceBehavior [ RunTime:0.000000s ]
INFO: [ template_filter ] --END-- [ RunTime:0.001000s ]
INFO: Run Behavior\ParseTemplateBehavior [ RunTime:0.026001s ]
INFO: [ view_parse ] --END-- [ RunTime:0.026001s ]
INFO: [ view_filter ] --START--
INFO: Run Behavior\WriteHtmlCacheBehavior [ RunTime:0.002001s ]
INFO: Run Library\Behavior\EmptyImageBehavior [ RunTime:0.003000s ]
INFO: [ view_filter ] --END-- [ RunTime:0.005001s ]
INFO: [ app_end ] --START--
INFO: Run Behavior\ShowPageTraceBehavior [ RunTime:0.003000s ]
INFO: [ app_end ] --END-- [ RunTime:0.003000s ]

[ 2015-06-03T11:22:56+08:00 ] 127.0.0.1 /jonza/index.php/plugin/ueditor.js
SQL: SHOW COLUMNS FROM `wx_app` [ RunTime:0.0530s ]
SQL: SELECT * FROM `wx_app` WHERE `status` = 2 AND ( `id` = null OR `host` = 'localhost' ) LIMIT 1   [ RunTime:0.0010s ]
SQL: SELECT `data`,`datacrc` FROM `think_cache` WHERE `cachekey`='sysconfig' AND (`expire` =0 OR `expire`>1433301775) LIMIT 0,1 [ RunTime:0.0000s ]
SQL: SHOW COLUMNS FROM `wx_sys_config` [ RunTime:0.0080s ]
SQL: SELECT * FROM `wx_sys_config`  [ RunTime:0.0010s ]
SQL: select `cachekey` from `think_cache` where `cachekey`='sysconfig' limit 0,1 [ RunTime:0.0000s ]
SQL: UPDATE think_cache SET data='a:25:{s:9:"site_name";s:24:"精典妆家微信管理";s:11:"site_domain";s:22:"yuanpeishop.wx.cuci.cc";s:13:"site_keywords";s:0:"";s:9:"site_desc";s:0:"";s:12:"site_contact";s:0:"";s:9:"site_mail";s:0:"";s:7:"site_qq";s:0:"";s:12:"site_company";s:39:"广州市鑫浪信息科技有限公司";s:8:"app_name";s:24:"精典妆家微信管理";s:11:"app_version";s:8:"1.0 beta";s:8:"app_logo";s:25:"glyphicon glyphicon-apple";s:12:"qiniu_bucket";s:7:"jonzawx";s:15:"qiniu_accesskey";s:40:"fWcSm1smy1_IlRMXfroFo_6Gdee3eNC0f9IGdsjY";s:15:"qiniu_secretkey";s:40:"0mHG6krKEjxzrovZkvJJc3W0Be4nzNZxveIZFJuO";s:12:"qiniu_domain";s:30:"7xj4ba.com1.z0.glb.clouddn.com";s:9:"mail_smtp";s:11:"smtp.qq.com";s:13:"mail_username";s:10:"pm@cuci.cc";s:9:"mail_port";s:3:"465";s:13:"mail_password";s:9:"Test12345";s:14:"mail_smtp_auth";s:1:"1";s:9:"mail_from";s:10:"pm@cuci.cc";s:14:"mail_from_name";s:21:"楚才API管理中心";s:11:"mail_secure";s:3:"ssl";s:10:"mail_reply";s:16:"zoujingli@qq.com";s:20:"app_baidu_tongji_key";s:32:"df31b90409cbd7237728ca1a770d72e6";}' ,datacrc='',expire=0 WHERE `cachekey`='sysconfig' [ RunTime:0.0930s ]
SQL: SELECT `data`,`datacrc` FROM `think_cache` WHERE `cachekey`='sysconfig' AND (`expire` =0 OR `expire`>1433301775) LIMIT 0,1 [ RunTime:0.0010s ]
SQL: SELECT * FROM `wx_sys_config`  [ RunTime:0.0010s ]
SQL: select `cachekey` from `think_cache` where `cachekey`='sysconfig' limit 0,1 [ RunTime:0.0010s ]
SQL: UPDATE think_cache SET data='a:25:{s:9:"site_name";s:24:"精典妆家微信管理";s:11:"site_domain";s:22:"yuanpeishop.wx.cuci.cc";s:13:"site_keywords";s:0:"";s:9:"site_desc";s:0:"";s:12:"site_contact";s:0:"";s:9:"site_mail";s:0:"";s:7:"site_qq";s:0:"";s:12:"site_company";s:39:"广州市鑫浪信息科技有限公司";s:8:"app_name";s:24:"精典妆家微信管理";s:11:"app_version";s:8:"1.0 beta";s:8:"app_logo";s:25:"glyphicon glyphicon-apple";s:12:"qiniu_bucket";s:7:"jonzawx";s:15:"qiniu_accesskey";s:40:"fWcSm1smy1_IlRMXfroFo_6Gdee3eNC0f9IGdsjY";s:15:"qiniu_secretkey";s:40:"0mHG6krKEjxzrovZkvJJc3W0Be4nzNZxveIZFJuO";s:12:"qiniu_domain";s:30:"7xj4ba.com1.z0.glb.clouddn.com";s:9:"mail_smtp";s:11:"smtp.qq.com";s:13:"mail_username";s:10:"pm@cuci.cc";s:9:"mail_port";s:3:"465";s:13:"mail_password";s:9:"Test12345";s:14:"mail_smtp_auth";s:1:"1";s:9:"mail_from";s:10:"pm@cuci.cc";s:14:"mail_from_name";s:21:"楚才API管理中心";s:11:"mail_secure";s:3:"ssl";s:10:"mail_reply";s:16:"zoujingli@qq.com";s:20:"app_baidu_tongji_key";s:32:"df31b90409cbd7237728ca1a770d72e6";}' ,datacrc='',expire=0 WHERE `cachekey`='sysconfig' [ RunTime:0.1420s ]
SQL: SELECT `data`,`datacrc` FROM `think_cache` WHERE `cachekey`='sysconfig' AND (`expire` =0 OR `expire`>1433301775) LIMIT 0,1 [ RunTime:0.0010s ]
SQL: SELECT * FROM `wx_sys_config`  [ RunTime:0.0010s ]
SQL: select `cachekey` from `think_cache` where `cachekey`='sysconfig' limit 0,1 [ RunTime:0.0010s ]
SQL: UPDATE think_cache SET data='a:25:{s:9:"site_name";s:24:"精典妆家微信管理";s:11:"site_domain";s:22:"yuanpeishop.wx.cuci.cc";s:13:"site_keywords";s:0:"";s:9:"site_desc";s:0:"";s:12:"site_contact";s:0:"";s:9:"site_mail";s:0:"";s:7:"site_qq";s:0:"";s:12:"site_company";s:39:"广州市鑫浪信息科技有限公司";s:8:"app_name";s:24:"精典妆家微信管理";s:11:"app_version";s:8:"1.0 beta";s:8:"app_logo";s:25:"glyphicon glyphicon-apple";s:12:"qiniu_bucket";s:7:"jonzawx";s:15:"qiniu_accesskey";s:40:"fWcSm1smy1_IlRMXfroFo_6Gdee3eNC0f9IGdsjY";s:15:"qiniu_secretkey";s:40:"0mHG6krKEjxzrovZkvJJc3W0Be4nzNZxveIZFJuO";s:12:"qiniu_domain";s:30:"7xj4ba.com1.z0.glb.clouddn.com";s:9:"mail_smtp";s:11:"smtp.qq.com";s:13:"mail_username";s:10:"pm@cuci.cc";s:9:"mail_port";s:3:"465";s:13:"mail_password";s:9:"Test12345";s:14:"mail_smtp_auth";s:1:"1";s:9:"mail_from";s:10:"pm@cuci.cc";s:14:"mail_from_name";s:21:"楚才API管理中心";s:11:"mail_secure";s:3:"ssl";s:10:"mail_reply";s:16:"zoujingli@qq.com";s:20:"app_baidu_tongji_key";s:32:"df31b90409cbd7237728ca1a770d72e6";}' ,datacrc='',expire=0 WHERE `cachekey`='sysconfig' [ RunTime:0.1440s ]
SQL: SELECT `data`,`datacrc` FROM `think_cache` WHERE `cachekey`='sysconfig' AND (`expire` =0 OR `expire`>1433301775) LIMIT 0,1 [ RunTime:0.0010s ]
SQL: SELECT * FROM `wx_sys_config`  [ RunTime:0.0010s ]
SQL: select `cachekey` from `think_cache` where `cachekey`='sysconfig' limit 0,1 [ RunTime:0.0010s ]
SQL: UPDATE think_cache SET data='a:25:{s:9:"site_name";s:24:"精典妆家微信管理";s:11:"site_domain";s:22:"yuanpeishop.wx.cuci.cc";s:13:"site_keywords";s:0:"";s:9:"site_desc";s:0:"";s:12:"site_contact";s:0:"";s:9:"site_mail";s:0:"";s:7:"site_qq";s:0:"";s:12:"site_company";s:39:"广州市鑫浪信息科技有限公司";s:8:"app_name";s:24:"精典妆家微信管理";s:11:"app_version";s:8:"1.0 beta";s:8:"app_logo";s:25:"glyphicon glyphicon-apple";s:12:"qiniu_bucket";s:7:"jonzawx";s:15:"qiniu_accesskey";s:40:"fWcSm1smy1_IlRMXfroFo_6Gdee3eNC0f9IGdsjY";s:15:"qiniu_secretkey";s:40:"0mHG6krKEjxzrovZkvJJc3W0Be4nzNZxveIZFJuO";s:12:"qiniu_domain";s:30:"7xj4ba.com1.z0.glb.clouddn.com";s:9:"mail_smtp";s:11:"smtp.qq.com";s:13:"mail_username";s:10:"pm@cuci.cc";s:9:"mail_port";s:3:"465";s:13:"mail_password";s:9:"Test12345";s:14:"mail_smtp_auth";s:1:"1";s:9:"mail_from";s:10:"pm@cuci.cc";s:14:"mail_from_name";s:21:"楚才API管理中心";s:11:"mail_secure";s:3:"ssl";s:10:"mail_reply";s:16:"zoujingli@qq.com";s:20:"app_baidu_tongji_key";s:32:"df31b90409cbd7237728ca1a770d72e6";}' ,datacrc='',expire=0 WHERE `cachekey`='sysconfig' [ RunTime:0.1620s ]
INFO: [ view_parse ] --START--
INFO: [ template_filter ] --START--
INFO: Run Behavior\ContentReplaceBehavior [ RunTime:0.000000s ]
INFO: [ template_filter ] --END-- [ RunTime:0.001000s ]
INFO: Run Behavior\ParseTemplateBehavior [ RunTime:0.021001s ]
INFO: [ view_parse ] --END-- [ RunTime:0.022001s ]
INFO: [ view_filter ] --START--
INFO: Run Behavior\WriteHtmlCacheBehavior [ RunTime:0.001000s ]
INFO: Run Library\Behavior\EmptyImageBehavior [ RunTime:0.002000s ]
INFO: [ view_filter ] --END-- [ RunTime:0.006000s ]
INFO: [ app_end ] --START--
INFO: Run Behavior\ShowPageTraceBehavior [ RunTime:0.002001s ]
INFO: [ app_end ] --END-- [ RunTime:0.002001s ]

[ 2015-06-03T11:23:26+08:00 ] 127.0.0.1 /jonza/index.php/plugin/ueditor.js
SQL: SHOW COLUMNS FROM `wx_app` [ RunTime:0.0070s ]
SQL: SELECT * FROM `wx_app` WHERE `status` = 2 AND ( `id` = null OR `host` = 'localhost' ) LIMIT 1   [ RunTime:0.0010s ]
SQL: SELECT `data`,`datacrc` FROM `think_cache` WHERE `cachekey`='sysconfig' AND (`expire` =0 OR `expire`>1433301806) LIMIT 0,1 [ RunTime:0.0010s ]
SQL: SHOW COLUMNS FROM `wx_sys_config` [ RunTime:0.0080s ]
SQL: SELECT * FROM `wx_sys_config`  [ RunTime:0.0010s ]
SQL: select `cachekey` from `think_cache` where `cachekey`='sysconfig' limit 0,1 [ RunTime:0.0010s ]
SQL: UPDATE think_cache SET data='a:25:{s:9:"site_name";s:24:"精典妆家微信管理";s:11:"site_domain";s:22:"yuanpeishop.wx.cuci.cc";s:13:"site_keywords";s:0:"";s:9:"site_desc";s:0:"";s:12:"site_contact";s:0:"";s:9:"site_mail";s:0:"";s:7:"site_qq";s:0:"";s:12:"site_company";s:39:"广州市鑫浪信息科技有限公司";s:8:"app_name";s:24:"精典妆家微信管理";s:11:"app_version";s:8:"1.0 beta";s:8:"app_logo";s:25:"glyphicon glyphicon-apple";s:12:"qiniu_bucket";s:7:"jonzawx";s:15:"qiniu_accesskey";s:40:"fWcSm1smy1_IlRMXfroFo_6Gdee3eNC0f9IGdsjY";s:15:"qiniu_secretkey";s:40:"0mHG6krKEjxzrovZkvJJc3W0Be4nzNZxveIZFJuO";s:12:"qiniu_domain";s:30:"7xj4ba.com1.z0.glb.clouddn.com";s:9:"mail_smtp";s:11:"smtp.qq.com";s:13:"mail_username";s:10:"pm@cuci.cc";s:9:"mail_port";s:3:"465";s:13:"mail_password";s:9:"Test12345";s:14:"mail_smtp_auth";s:1:"1";s:9:"mail_from";s:10:"pm@cuci.cc";s:14:"mail_from_name";s:21:"楚才API管理中心";s:11:"mail_secure";s:3:"ssl";s:10:"mail_reply";s:16:"zoujingli@qq.com";s:20:"app_baidu_tongji_key";s:32:"df31b90409cbd7237728ca1a770d72e6";}' ,datacrc='',expire=0 WHERE `cachekey`='sysconfig' [ RunTime:0.0680s ]
SQL: SELECT `data`,`datacrc` FROM `think_cache` WHERE `cachekey`='sysconfig' AND (`expire` =0 OR `expire`>1433301806) LIMIT 0,1 [ RunTime:0.0000s ]
SQL: SELECT * FROM `wx_sys_config`  [ RunTime:0.0010s ]
SQL: select `cachekey` from `think_cache` where `cachekey`='sysconfig' limit 0,1 [ RunTime:0.0010s ]
SQL: UPDATE think_cache SET data='a:25:{s:9:"site_name";s:24:"精典妆家微信管理";s:11:"site_domain";s:22:"yuanpeishop.wx.cuci.cc";s:13:"site_keywords";s:0:"";s:9:"site_desc";s:0:"";s:12:"site_contact";s:0:"";s:9:"site_mail";s:0:"";s:7:"site_qq";s:0:"";s:12:"site_company";s:39:"广州市鑫浪信息科技有限公司";s:8:"app_name";s:24:"精典妆家微信管理";s:11:"app_version";s:8:"1.0 beta";s:8:"app_logo";s:25:"glyphicon glyphicon-apple";s:12:"qiniu_bucket";s:7:"jonzawx";s:15:"qiniu_accesskey";s:40:"fWcSm1smy1_IlRMXfroFo_6Gdee3eNC0f9IGdsjY";s:15:"qiniu_secretkey";s:40:"0mHG6krKEjxzrovZkvJJc3W0Be4nzNZxveIZFJuO";s:12:"qiniu_domain";s:30:"7xj4ba.com1.z0.glb.clouddn.com";s:9:"mail_smtp";s:11:"smtp.qq.com";s:13:"mail_username";s:10:"pm@cuci.cc";s:9:"mail_port";s:3:"465";s:13:"mail_password";s:9:"Test12345";s:14:"mail_smtp_auth";s:1:"1";s:9:"mail_from";s:10:"pm@cuci.cc";s:14:"mail_from_name";s:21:"楚才API管理中心";s:11:"mail_secure";s:3:"ssl";s:10:"mail_reply";s:16:"zoujingli@qq.com";s:20:"app_baidu_tongji_key";s:32:"df31b90409cbd7237728ca1a770d72e6";}' ,datacrc='',expire=0 WHERE `cachekey`='sysconfig' [ RunTime:0.1200s ]
SQL: SELECT `data`,`datacrc` FROM `think_cache` WHERE `cachekey`='sysconfig' AND (`expire` =0 OR `expire`>1433301806) LIMIT 0,1 [ RunTime:0.0010s ]
SQL: SELECT * FROM `wx_sys_config`  [ RunTime:0.0010s ]
SQL: select `cachekey` from `think_cache` where `cachekey`='sysconfig' limit 0,1 [ RunTime:0.0010s ]
SQL: UPDATE think_cache SET data='a:25:{s:9:"site_name";s:24:"精典妆家微信管理";s:11:"site_domain";s:22:"yuanpeishop.wx.cuci.cc";s:13:"site_keywords";s:0:"";s:9:"site_desc";s:0:"";s:12:"site_contact";s:0:"";s:9:"site_mail";s:0:"";s:7:"site_qq";s:0:"";s:12:"site_company";s:39:"广州市鑫浪信息科技有限公司";s:8:"app_name";s:24:"精典妆家微信管理";s:11:"app_version";s:8:"1.0 beta";s:8:"app_logo";s:25:"glyphicon glyphicon-apple";s:12:"qiniu_bucket";s:7:"jonzawx";s:15:"qiniu_accesskey";s:40:"fWcSm1smy1_IlRMXfroFo_6Gdee3eNC0f9IGdsjY";s:15:"qiniu_secretkey";s:40:"0mHG6krKEjxzrovZkvJJc3W0Be4nzNZxveIZFJuO";s:12:"qiniu_domain";s:30:"7xj4ba.com1.z0.glb.clouddn.com";s:9:"mail_smtp";s:11:"smtp.qq.com";s:13:"mail_username";s:10:"pm@cuci.cc";s:9:"mail_port";s:3:"465";s:13:"mail_password";s:9:"Test12345";s:14:"mail_smtp_auth";s:1:"1";s:9:"mail_from";s:10:"pm@cuci.cc";s:14:"mail_from_name";s:21:"楚才API管理中心";s:11:"mail_secure";s:3:"ssl";s:10:"mail_reply";s:16:"zoujingli@qq.com";s:20:"app_baidu_tongji_key";s:32:"df31b90409cbd7237728ca1a770d72e6";}' ,datacrc='',expire=0 WHERE `cachekey`='sysconfig' [ RunTime:0.1930s ]
SQL: SELECT `data`,`datacrc` FROM `think_cache` WHERE `cachekey`='sysconfig' AND (`expire` =0 OR `expire`>1433301806) LIMIT 0,1 [ RunTime:0.0000s ]
SQL: SELECT * FROM `wx_sys_config`  [ RunTime:0.0010s ]
SQL: select `cachekey` from `think_cache` where `cachekey`='sysconfig' limit 0,1 [ RunTime:0.0000s ]
SQL: UPDATE think_cache SET data='a:25:{s:9:"site_name";s:24:"精典妆家微信管理";s:11:"site_domain";s:22:"yuanpeishop.wx.cuci.cc";s:13:"site_keywords";s:0:"";s:9:"site_desc";s:0:"";s:12:"site_contact";s:0:"";s:9:"site_mail";s:0:"";s:7:"site_qq";s:0:"";s:12:"site_company";s:39:"广州市鑫浪信息科技有限公司";s:8:"app_name";s:24:"精典妆家微信管理";s:11:"app_version";s:8:"1.0 beta";s:8:"app_logo";s:25:"glyphicon glyphicon-apple";s:12:"qiniu_bucket";s:7:"jonzawx";s:15:"qiniu_accesskey";s:40:"fWcSm1smy1_IlRMXfroFo_6Gdee3eNC0f9IGdsjY";s:15:"qiniu_secretkey";s:40:"0mHG6krKEjxzrovZkvJJc3W0Be4nzNZxveIZFJuO";s:12:"qiniu_domain";s:30:"7xj4ba.com1.z0.glb.clouddn.com";s:9:"mail_smtp";s:11:"smtp.qq.com";s:13:"mail_username";s:10:"pm@cuci.cc";s:9:"mail_port";s:3:"465";s:13:"mail_password";s:9:"Test12345";s:14:"mail_smtp_auth";s:1:"1";s:9:"mail_from";s:10:"pm@cuci.cc";s:14:"mail_from_name";s:21:"楚才API管理中心";s:11:"mail_secure";s:3:"ssl";s:10:"mail_reply";s:16:"zoujingli@qq.com";s:20:"app_baidu_tongji_key";s:32:"df31b90409cbd7237728ca1a770d72e6";}' ,datacrc='',expire=0 WHERE `cachekey`='sysconfig' [ RunTime:0.1900s ]
INFO: [ view_parse ] --START--
INFO: [ template_filter ] --START--
INFO: Run Behavior\ContentReplaceBehavior [ RunTime:0.001000s ]
INFO: [ template_filter ] --END-- [ RunTime:0.001000s ]
INFO: Run Behavior\ParseTemplateBehavior [ RunTime:0.021001s ]
INFO: [ view_parse ] --END-- [ RunTime:0.022001s ]
INFO: [ view_filter ] --START--
INFO: Run Behavior\WriteHtmlCacheBehavior [ RunTime:0.001000s ]
INFO: Run Library\Behavior\EmptyImageBehavior [ RunTime:0.003000s ]
INFO: [ view_filter ] --END-- [ RunTime:0.004000s ]
INFO: [ app_end ] --START--
INFO: Run Behavior\ShowPageTraceBehavior [ RunTime:0.001000s ]
INFO: [ app_end ] --END-- [ RunTime:0.003000s ]

[ 2015-06-03T11:23:29+08:00 ] 127.0.0.1 /jonza/index.php/plugin/ueditor.js
SQL: SHOW COLUMNS FROM `wx_app` [ RunTime:0.0110s ]
SQL: SELECT * FROM `wx_app` WHERE `status` = 2 AND ( `id` = null OR `host` = 'localhost' ) LIMIT 1   [ RunTime:0.0010s ]
SQL: SELECT `data`,`datacrc` FROM `think_cache` WHERE `cachekey`='sysconfig' AND (`expire` =0 OR `expire`>1433301809) LIMIT 0,1 [ RunTime:0.0000s ]
SQL: SHOW COLUMNS FROM `wx_sys_config` [ RunTime:0.0290s ]
SQL: SELECT * FROM `wx_sys_config`  [ RunTime:0.0010s ]
SQL: select `cachekey` from `think_cache` where `cachekey`='sysconfig' limit 0,1 [ RunTime:0.0000s ]
SQL: UPDATE think_cache SET data='a:25:{s:9:"site_name";s:24:"精典妆家微信管理";s:11:"site_domain";s:22:"yuanpeishop.wx.cuci.cc";s:13:"site_keywords";s:0:"";s:9:"site_desc";s:0:"";s:12:"site_contact";s:0:"";s:9:"site_mail";s:0:"";s:7:"site_qq";s:0:"";s:12:"site_company";s:39:"广州市鑫浪信息科技有限公司";s:8:"app_name";s:24:"精典妆家微信管理";s:11:"app_version";s:8:"1.0 beta";s:8:"app_logo";s:25:"glyphicon glyphicon-apple";s:12:"qiniu_bucket";s:7:"jonzawx";s:15:"qiniu_accesskey";s:40:"fWcSm1smy1_IlRMXfroFo_6Gdee3eNC0f9IGdsjY";s:15:"qiniu_secretkey";s:40:"0mHG6krKEjxzrovZkvJJc3W0Be4nzNZxveIZFJuO";s:12:"qiniu_domain";s:30:"7xj4ba.com1.z0.glb.clouddn.com";s:9:"mail_smtp";s:11:"smtp.qq.com";s:13:"mail_username";s:10:"pm@cuci.cc";s:9:"mail_port";s:3:"465";s:13:"mail_password";s:9:"Test12345";s:14:"mail_smtp_auth";s:1:"1";s:9:"mail_from";s:10:"pm@cuci.cc";s:14:"mail_from_name";s:21:"楚才API管理中心";s:11:"mail_secure";s:3:"ssl";s:10:"mail_reply";s:16:"zoujingli@qq.com";s:20:"app_baidu_tongji_key";s:32:"df31b90409cbd7237728ca1a770d72e6";}' ,datacrc='',expire=0 WHERE `cachekey`='sysconfig' [ RunTime:0.0600s ]
SQL: SELECT `data`,`datacrc` FROM `think_cache` WHERE `cachekey`='sysconfig' AND (`expire` =0 OR `expire`>1433301809) LIMIT 0,1 [ RunTime:0.0010s ]
SQL: SELECT * FROM `wx_sys_config`  [ RunTime:0.0010s ]
SQL: select `cachekey` from `think_cache` where `cachekey`='sysconfig' limit 0,1 [ RunTime:0.0010s ]
SQL: UPDATE think_cache SET data='a:25:{s:9:"site_name";s:24:"精典妆家微信管理";s:11:"site_domain";s:22:"yuanpeishop.wx.cuci.cc";s:13:"site_keywords";s:0:"";s:9:"site_desc";s:0:"";s:12:"site_contact";s:0:"";s:9:"site_mail";s:0:"";s:7:"site_qq";s:0:"";s:12:"site_company";s:39:"广州市鑫浪信息科技有限公司";s:8:"app_name";s:24:"精典妆家微信管理";s:11:"app_version";s:8:"1.0 beta";s:8:"app_logo";s:25:"glyphicon glyphicon-apple";s:12:"qiniu_bucket";s:7:"jonzawx";s:15:"qiniu_accesskey";s:40:"fWcSm1smy1_IlRMXfroFo_6Gdee3eNC0f9IGdsjY";s:15:"qiniu_secretkey";s:40:"0mHG6krKEjxzrovZkvJJc3W0Be4nzNZxveIZFJuO";s:12:"qiniu_domain";s:30:"7xj4ba.com1.z0.glb.clouddn.com";s:9:"mail_smtp";s:11:"smtp.qq.com";s:13:"mail_username";s:10:"pm@cuci.cc";s:9:"mail_port";s:3:"465";s:13:"mail_password";s:9:"Test12345";s:14:"mail_smtp_auth";s:1:"1";s:9:"mail_from";s:10:"pm@cuci.cc";s:14:"mail_from_name";s:21:"楚才API管理中心";s:11:"mail_secure";s:3:"ssl";s:10:"mail_reply";s:16:"zoujingli@qq.com";s:20:"app_baidu_tongji_key";s:32:"df31b90409cbd7237728ca1a770d72e6";}' ,datacrc='',expire=0 WHERE `cachekey`='sysconfig' [ RunTime:0.0560s ]
SQL: SELECT `data`,`datacrc` FROM `think_cache` WHERE `cachekey`='sysconfig' AND (`expire` =0 OR `expire`>1433301809) LIMIT 0,1 [ RunTime:0.0010s ]
SQL: SELECT * FROM `wx_sys_config`  [ RunTime:0.0010s ]
SQL: select `cachekey` from `think_cache` where `cachekey`='sysconfig' limit 0,1 [ RunTime:0.0010s ]
SQL: UPDATE think_cache SET data='a:25:{s:9:"site_name";s:24:"精典妆家微信管理";s:11:"site_domain";s:22:"yuanpeishop.wx.cuci.cc";s:13:"site_keywords";s:0:"";s:9:"site_desc";s:0:"";s:12:"site_contact";s:0:"";s:9:"site_mail";s:0:"";s:7:"site_qq";s:0:"";s:12:"site_company";s:39:"广州市鑫浪信息科技有限公司";s:8:"app_name";s:24:"精典妆家微信管理";s:11:"app_version";s:8:"1.0 beta";s:8:"app_logo";s:25:"glyphicon glyphicon-apple";s:12:"qiniu_bucket";s:7:"jonzawx";s:15:"qiniu_accesskey";s:40:"fWcSm1smy1_IlRMXfroFo_6Gdee3eNC0f9IGdsjY";s:15:"qiniu_secretkey";s:40:"0mHG6krKEjxzrovZkvJJc3W0Be4nzNZxveIZFJuO";s:12:"qiniu_domain";s:30:"7xj4ba.com1.z0.glb.clouddn.com";s:9:"mail_smtp";s:11:"smtp.qq.com";s:13:"mail_username";s:10:"pm@cuci.cc";s:9:"mail_port";s:3:"465";s:13:"mail_password";s:9:"Test12345";s:14:"mail_smtp_auth";s:1:"1";s:9:"mail_from";s:10:"pm@cuci.cc";s:14:"mail_from_name";s:21:"楚才API管理中心";s:11:"mail_secure";s:3:"ssl";s:10:"mail_reply";s:16:"zoujingli@qq.com";s:20:"app_baidu_tongji_key";s:32:"df31b90409cbd7237728ca1a770d72e6";}' ,datacrc='',expire=0 WHERE `cachekey`='sysconfig' [ RunTime:0.0920s ]
SQL: SELECT `data`,`datacrc` FROM `think_cache` WHERE `cachekey`='sysconfig' AND (`expire` =0 OR `expire`>1433301809) LIMIT 0,1 [ RunTime:0.0020s ]
SQL: SELECT * FROM `wx_sys_config`  [ RunTime:0.0010s ]
SQL: select `cachekey` from `think_cache` where `cachekey`='sysconfig' limit 0,1 [ RunTime:0.0010s ]
SQL: UPDATE think_cache SET data='a:25:{s:9:"site_name";s:24:"精典妆家微信管理";s:11:"site_domain";s:22:"yuanpeishop.wx.cuci.cc";s:13:"site_keywords";s:0:"";s:9:"site_desc";s:0:"";s:12:"site_contact";s:0:"";s:9:"site_mail";s:0:"";s:7:"site_qq";s:0:"";s:12:"site_company";s:39:"广州市鑫浪信息科技有限公司";s:8:"app_name";s:24:"精典妆家微信管理";s:11:"app_version";s:8:"1.0 beta";s:8:"app_logo";s:25:"glyphicon glyphicon-apple";s:12:"qiniu_bucket";s:7:"jonzawx";s:15:"qiniu_accesskey";s:40:"fWcSm1smy1_IlRMXfroFo_6Gdee3eNC0f9IGdsjY";s:15:"qiniu_secretkey";s:40:"0mHG6krKEjxzrovZkvJJc3W0Be4nzNZxveIZFJuO";s:12:"qiniu_domain";s:30:"7xj4ba.com1.z0.glb.clouddn.com";s:9:"mail_smtp";s:11:"smtp.qq.com";s:13:"mail_username";s:10:"pm@cuci.cc";s:9:"mail_port";s:3:"465";s:13:"mail_password";s:9:"Test12345";s:14:"mail_smtp_auth";s:1:"1";s:9:"mail_from";s:10:"pm@cuci.cc";s:14:"mail_from_name";s:21:"楚才API管理中心";s:11:"mail_secure";s:3:"ssl";s:10:"mail_reply";s:16:"zoujingli@qq.com";s:20:"app_baidu_tongji_key";s:32:"df31b90409cbd7237728ca1a770d72e6";}' ,datacrc='',expire=0 WHERE `cachekey`='sysconfig' [ RunTime:0.0470s ]
INFO: [ view_parse ] --START--
INFO: [ template_filter ] --START--
INFO: Run Behavior\ContentReplaceBehavior [ RunTime:0.000000s ]
INFO: [ template_filter ] --END-- [ RunTime:0.001000s ]
INFO: Run Behavior\ParseTemplateBehavior [ RunTime:0.021001s ]
INFO: [ view_parse ] --END-- [ RunTime:0.021001s ]
INFO: [ view_filter ] --START--
INFO: Run Behavior\WriteHtmlCacheBehavior [ RunTime:0.003000s ]
INFO: Run Library\Behavior\EmptyImageBehavior [ RunTime:0.002000s ]
INFO: [ view_filter ] --END-- [ RunTime:0.005000s ]
INFO: [ app_end ] --START--
INFO: Run Behavior\ShowPageTraceBehavior [ RunTime:0.002000s ]
INFO: [ app_end ] --END-- [ RunTime:0.003000s ]

[ 2015-06-03T11:23:31+08:00 ] 127.0.0.1 /jonza/index.php/plugin/ueditor.js
SQL: SHOW COLUMNS FROM `wx_app` [ RunTime:0.0070s ]
SQL: SELECT * FROM `wx_app` WHERE `status` = 2 AND ( `id` = null OR `host` = 'localhost' ) LIMIT 1   [ RunTime:0.0010s ]
SQL: SELECT `data`,`datacrc` FROM `think_cache` WHERE `cachekey`='sysconfig' AND (`expire` =0 OR `expire`>1433301811) LIMIT 0,1 [ RunTime:0.0010s ]
SQL: SHOW COLUMNS FROM `wx_sys_config` [ RunTime:0.0080s ]
SQL: SELECT * FROM `wx_sys_config`  [ RunTime:0.0010s ]
SQL: select `cachekey` from `think_cache` where `cachekey`='sysconfig' limit 0,1 [ RunTime:0.0010s ]
SQL: UPDATE think_cache SET data='a:25:{s:9:"site_name";s:24:"精典妆家微信管理";s:11:"site_domain";s:22:"yuanpeishop.wx.cuci.cc";s:13:"site_keywords";s:0:"";s:9:"site_desc";s:0:"";s:12:"site_contact";s:0:"";s:9:"site_mail";s:0:"";s:7:"site_qq";s:0:"";s:12:"site_company";s:39:"广州市鑫浪信息科技有限公司";s:8:"app_name";s:24:"精典妆家微信管理";s:11:"app_version";s:8:"1.0 beta";s:8:"app_logo";s:25:"glyphicon glyphicon-apple";s:12:"qiniu_bucket";s:7:"jonzawx";s:15:"qiniu_accesskey";s:40:"fWcSm1smy1_IlRMXfroFo_6Gdee3eNC0f9IGdsjY";s:15:"qiniu_secretkey";s:40:"0mHG6krKEjxzrovZkvJJc3W0Be4nzNZxveIZFJuO";s:12:"qiniu_domain";s:30:"7xj4ba.com1.z0.glb.clouddn.com";s:9:"mail_smtp";s:11:"smtp.qq.com";s:13:"mail_username";s:10:"pm@cuci.cc";s:9:"mail_port";s:3:"465";s:13:"mail_password";s:9:"Test12345";s:14:"mail_smtp_auth";s:1:"1";s:9:"mail_from";s:10:"pm@cuci.cc";s:14:"mail_from_name";s:21:"楚才API管理中心";s:11:"mail_secure";s:3:"ssl";s:10:"mail_reply";s:16:"zoujingli@qq.com";s:20:"app_baidu_tongji_key";s:32:"df31b90409cbd7237728ca1a770d72e6";}' ,datacrc='',expire=0 WHERE `cachekey`='sysconfig' [ RunTime:0.0970s ]
SQL: SELECT `data`,`datacrc` FROM `think_cache` WHERE `cachekey`='sysconfig' AND (`expire` =0 OR `expire`>1433301811) LIMIT 0,1 [ RunTime:0.0010s ]
SQL: SELECT * FROM `wx_sys_config`  [ RunTime:0.0010s ]
SQL: select `cachekey` from `think_cache` where `cachekey`='sysconfig' limit 0,1 [ RunTime:0.0010s ]
SQL: UPDATE think_cache SET data='a:25:{s:9:"site_name";s:24:"精典妆家微信管理";s:11:"site_domain";s:22:"yuanpeishop.wx.cuci.cc";s:13:"site_keywords";s:0:"";s:9:"site_desc";s:0:"";s:12:"site_contact";s:0:"";s:9:"site_mail";s:0:"";s:7:"site_qq";s:0:"";s:12:"site_company";s:39:"广州市鑫浪信息科技有限公司";s:8:"app_name";s:24:"精典妆家微信管理";s:11:"app_version";s:8:"1.0 beta";s:8:"app_logo";s:25:"glyphicon glyphicon-apple";s:12:"qiniu_bucket";s:7:"jonzawx";s:15:"qiniu_accesskey";s:40:"fWcSm1smy1_IlRMXfroFo_6Gdee3eNC0f9IGdsjY";s:15:"qiniu_secretkey";s:40:"0mHG6krKEjxzrovZkvJJc3W0Be4nzNZxveIZFJuO";s:12:"qiniu_domain";s:30:"7xj4ba.com1.z0.glb.clouddn.com";s:9:"mail_smtp";s:11:"smtp.qq.com";s:13:"mail_username";s:10:"pm@cuci.cc";s:9:"mail_port";s:3:"465";s:13:"mail_password";s:9:"Test12345";s:14:"mail_smtp_auth";s:1:"1";s:9:"mail_from";s:10:"pm@cuci.cc";s:14:"mail_from_name";s:21:"楚才API管理中心";s:11:"mail_secure";s:3:"ssl";s:10:"mail_reply";s:16:"zoujingli@qq.com";s:20:"app_baidu_tongji_key";s:32:"df31b90409cbd7237728ca1a770d72e6";}' ,datacrc='',expire=0 WHERE `cachekey`='sysconfig' [ RunTime:0.0480s ]
SQL: SELECT `data`,`datacrc` FROM `think_cache` WHERE `cachekey`='sysconfig' AND (`expire` =0 OR `expire`>1433301811) LIMIT 0,1 [ RunTime:0.0010s ]
SQL: SELECT * FROM `wx_sys_config`  [ RunTime:0.0020s ]
SQL: select `cachekey` from `think_cache` where `cachekey`='sysconfig' limit 0,1 [ RunTime:0.0000s ]
SQL: UPDATE think_cache SET data='a:25:{s:9:"site_name";s:24:"精典妆家微信管理";s:11:"site_domain";s:22:"yuanpeishop.wx.cuci.cc";s:13:"site_keywords";s:0:"";s:9:"site_desc";s:0:"";s:12:"site_contact";s:0:"";s:9:"site_mail";s:0:"";s:7:"site_qq";s:0:"";s:12:"site_company";s:39:"广州市鑫浪信息科技有限公司";s:8:"app_name";s:24:"精典妆家微信管理";s:11:"app_version";s:8:"1.0 beta";s:8:"app_logo";s:25:"glyphicon glyphicon-apple";s:12:"qiniu_bucket";s:7:"jonzawx";s:15:"qiniu_accesskey";s:40:"fWcSm1smy1_IlRMXfroFo_6Gdee3eNC0f9IGdsjY";s:15:"qiniu_secretkey";s:40:"0mHG6krKEjxzrovZkvJJc3W0Be4nzNZxveIZFJuO";s:12:"qiniu_domain";s:30:"7xj4ba.com1.z0.glb.clouddn.com";s:9:"mail_smtp";s:11:"smtp.qq.com";s:13:"mail_username";s:10:"pm@cuci.cc";s:9:"mail_port";s:3:"465";s:13:"mail_password";s:9:"Test12345";s:14:"mail_smtp_auth";s:1:"1";s:9:"mail_from";s:10:"pm@cuci.cc";s:14:"mail_from_name";s:21:"楚才API管理中心";s:11:"mail_secure";s:3:"ssl";s:10:"mail_reply";s:16:"zoujingli@qq.com";s:20:"app_baidu_tongji_key";s:32:"df31b90409cbd7237728ca1a770d72e6";}' ,datacrc='',expire=0 WHERE `cachekey`='sysconfig' [ RunTime:0.0610s ]
SQL: SELECT `data`,`datacrc` FROM `think_cache` WHERE `cachekey`='sysconfig' AND (`expire` =0 OR `expire`>1433301811) LIMIT 0,1 [ RunTime:0.0010s ]
SQL: SELECT * FROM `wx_sys_config`  [ RunTime:0.0010s ]
SQL: select `cachekey` from `think_cache` where `cachekey`='sysconfig' limit 0,1 [ RunTime:0.0000s ]
SQL: UPDATE think_cache SET data='a:25:{s:9:"site_name";s:24:"精典妆家微信管理";s:11:"site_domain";s:22:"yuanpeishop.wx.cuci.cc";s:13:"site_keywords";s:0:"";s:9:"site_desc";s:0:"";s:12:"site_contact";s:0:"";s:9:"site_mail";s:0:"";s:7:"site_qq";s:0:"";s:12:"site_company";s:39:"广州市鑫浪信息科技有限公司";s:8:"app_name";s:24:"精典妆家微信管理";s:11:"app_version";s:8:"1.0 beta";s:8:"app_logo";s:25:"glyphicon glyphicon-apple";s:12:"qiniu_bucket";s:7:"jonzawx";s:15:"qiniu_accesskey";s:40:"fWcSm1smy1_IlRMXfroFo_6Gdee3eNC0f9IGdsjY";s:15:"qiniu_secretkey";s:40:"0mHG6krKEjxzrovZkvJJc3W0Be4nzNZxveIZFJuO";s:12:"qiniu_domain";s:30:"7xj4ba.com1.z0.glb.clouddn.com";s:9:"mail_smtp";s:11:"smtp.qq.com";s:13:"mail_username";s:10:"pm@cuci.cc";s:9:"mail_port";s:3:"465";s:13:"mail_password";s:9:"Test12345";s:14:"mail_smtp_auth";s:1:"1";s:9:"mail_from";s:10:"pm@cuci.cc";s:14:"mail_from_name";s:21:"楚才API管理中心";s:11:"mail_secure";s:3:"ssl";s:10:"mail_reply";s:16:"zoujingli@qq.com";s:20:"app_baidu_tongji_key";s:32:"df31b90409cbd7237728ca1a770d72e6";}' ,datacrc='',expire=0 WHERE `cachekey`='sysconfig' [ RunTime:0.1020s ]
INFO: [ view_parse ] --START--
INFO: [ template_filter ] --START--
INFO: Run Behavior\ContentReplaceBehavior [ RunTime:0.001000s ]
INFO: [ template_filter ] --END-- [ RunTime:0.001000s ]
INFO: Run Behavior\ParseTemplateBehavior [ RunTime:0.021002s ]
INFO: [ view_parse ] --END-- [ RunTime:0.023002s ]
INFO: [ view_filter ] --START--
INFO: Run Behavior\WriteHtmlCacheBehavior [ RunTime:0.002000s ]
INFO: Run Library\Behavior\EmptyImageBehavior [ RunTime:0.003000s ]
INFO: [ view_filter ] --END-- [ RunTime:0.005000s ]
INFO: [ app_end ] --START--
INFO: Run Behavior\ShowPageTraceBehavior [ RunTime:0.004000s ]
INFO: [ app_end ] --END-- [ RunTime:0.004000s ]

[ 2015-06-03T11:34:39+08:00 ] 127.0.0.1 /jonza/index.php/plugin/ueditor.js
SQL: SHOW COLUMNS FROM `wx_app` [ RunTime:0.0090s ]
SQL: SELECT * FROM `wx_app` WHERE `status` = 2 AND ( `id` = null OR `host` = 'localhost' ) LIMIT 1   [ RunTime:0.0010s ]
SQL: SELECT `data`,`datacrc` FROM `think_cache` WHERE `cachekey`='sysconfig' AND (`expire` =0 OR `expire`>1433302478) LIMIT 0,1 [ RunTime:0.0000s ]
SQL: SHOW COLUMNS FROM `wx_sys_config` [ RunTime:0.0650s ]
SQL: SELECT * FROM `wx_sys_config`  [ RunTime:0.0010s ]
SQL: select `cachekey` from `think_cache` where `cachekey`='sysconfig' limit 0,1 [ RunTime:0.0010s ]
SQL: UPDATE think_cache SET data='a:25:{s:9:"site_name";s:24:"精典妆家微信管理";s:11:"site_domain";s:22:"yuanpeishop.wx.cuci.cc";s:13:"site_keywords";s:0:"";s:9:"site_desc";s:0:"";s:12:"site_contact";s:0:"";s:9:"site_mail";s:0:"";s:7:"site_qq";s:0:"";s:12:"site_company";s:39:"广州市鑫浪信息科技有限公司";s:8:"app_name";s:24:"精典妆家微信管理";s:11:"app_version";s:8:"1.0 beta";s:8:"app_logo";s:25:"glyphicon glyphicon-apple";s:12:"qiniu_bucket";s:7:"jonzawx";s:15:"qiniu_accesskey";s:40:"fWcSm1smy1_IlRMXfroFo_6Gdee3eNC0f9IGdsjY";s:15:"qiniu_secretkey";s:40:"0mHG6krKEjxzrovZkvJJc3W0Be4nzNZxveIZFJuO";s:12:"qiniu_domain";s:30:"7xj4ba.com1.z0.glb.clouddn.com";s:9:"mail_smtp";s:11:"smtp.qq.com";s:13:"mail_username";s:10:"pm@cuci.cc";s:9:"mail_port";s:3:"465";s:13:"mail_password";s:9:"Test12345";s:14:"mail_smtp_auth";s:1:"1";s:9:"mail_from";s:10:"pm@cuci.cc";s:14:"mail_from_name";s:21:"楚才API管理中心";s:11:"mail_secure";s:3:"ssl";s:10:"mail_reply";s:16:"zoujingli@qq.com";s:20:"app_baidu_tongji_key";s:32:"df31b90409cbd7237728ca1a770d72e6";}' ,datacrc='',expire=0 WHERE `cachekey`='sysconfig' [ RunTime:0.1020s ]
SQL: SELECT `data`,`datacrc` FROM `think_cache` WHERE `cachekey`='sysconfig' AND (`expire` =0 OR `expire`>1433302479) LIMIT 0,1 [ RunTime:0.0010s ]
SQL: SELECT * FROM `wx_sys_config`  [ RunTime:0.0000s ]
SQL: select `cachekey` from `think_cache` where `cachekey`='sysconfig' limit 0,1 [ RunTime:0.0020s ]
SQL: UPDATE think_cache SET data='a:25:{s:9:"site_name";s:24:"精典妆家微信管理";s:11:"site_domain";s:22:"yuanpeishop.wx.cuci.cc";s:13:"site_keywords";s:0:"";s:9:"site_desc";s:0:"";s:12:"site_contact";s:0:"";s:9:"site_mail";s:0:"";s:7:"site_qq";s:0:"";s:12:"site_company";s:39:"广州市鑫浪信息科技有限公司";s:8:"app_name";s:24:"精典妆家微信管理";s:11:"app_version";s:8:"1.0 beta";s:8:"app_logo";s:25:"glyphicon glyphicon-apple";s:12:"qiniu_bucket";s:7:"jonzawx";s:15:"qiniu_accesskey";s:40:"fWcSm1smy1_IlRMXfroFo_6Gdee3eNC0f9IGdsjY";s:15:"qiniu_secretkey";s:40:"0mHG6krKEjxzrovZkvJJc3W0Be4nzNZxveIZFJuO";s:12:"qiniu_domain";s:30:"7xj4ba.com1.z0.glb.clouddn.com";s:9:"mail_smtp";s:11:"smtp.qq.com";s:13:"mail_username";s:10:"pm@cuci.cc";s:9:"mail_port";s:3:"465";s:13:"mail_password";s:9:"Test12345";s:14:"mail_smtp_auth";s:1:"1";s:9:"mail_from";s:10:"pm@cuci.cc";s:14:"mail_from_name";s:21:"楚才API管理中心";s:11:"mail_secure";s:3:"ssl";s:10:"mail_reply";s:16:"zoujingli@qq.com";s:20:"app_baidu_tongji_key";s:32:"df31b90409cbd7237728ca1a770d72e6";}' ,datacrc='',expire=0 WHERE `cachekey`='sysconfig' [ RunTime:0.0520s ]
SQL: SELECT `data`,`datacrc` FROM `think_cache` WHERE `cachekey`='sysconfig' AND (`expire` =0 OR `expire`>1433302479) LIMIT 0,1 [ RunTime:0.0010s ]
SQL: SELECT * FROM `wx_sys_config`  [ RunTime:0.0020s ]
SQL: select `cachekey` from `think_cache` where `cachekey`='sysconfig' limit 0,1 [ RunTime:0.0010s ]
SQL: UPDATE think_cache SET data='a:25:{s:9:"site_name";s:24:"精典妆家微信管理";s:11:"site_domain";s:22:"yuanpeishop.wx.cuci.cc";s:13:"site_keywords";s:0:"";s:9:"site_desc";s:0:"";s:12:"site_contact";s:0:"";s:9:"site_mail";s:0:"";s:7:"site_qq";s:0:"";s:12:"site_company";s:39:"广州市鑫浪信息科技有限公司";s:8:"app_name";s:24:"精典妆家微信管理";s:11:"app_version";s:8:"1.0 beta";s:8:"app_logo";s:25:"glyphicon glyphicon-apple";s:12:"qiniu_bucket";s:7:"jonzawx";s:15:"qiniu_accesskey";s:40:"fWcSm1smy1_IlRMXfroFo_6Gdee3eNC0f9IGdsjY";s:15:"qiniu_secretkey";s:40:"0mHG6krKEjxzrovZkvJJc3W0Be4nzNZxveIZFJuO";s:12:"qiniu_domain";s:30:"7xj4ba.com1.z0.glb.clouddn.com";s:9:"mail_smtp";s:11:"smtp.qq.com";s:13:"mail_username";s:10:"pm@cuci.cc";s:9:"mail_port";s:3:"465";s:13:"mail_password";s:9:"Test12345";s:14:"mail_smtp_auth";s:1:"1";s:9:"mail_from";s:10:"pm@cuci.cc";s:14:"mail_from_name";s:21:"楚才API管理中心";s:11:"mail_secure";s:3:"ssl";s:10:"mail_reply";s:16:"zoujingli@qq.com";s:20:"app_baidu_tongji_key";s:32:"df31b90409cbd7237728ca1a770d72e6";}' ,datacrc='',expire=0 WHERE `cachekey`='sysconfig' [ RunTime:0.0370s ]
SQL: SELECT `data`,`datacrc` FROM `think_cache` WHERE `cachekey`='sysconfig' AND (`expire` =0 OR `expire`>1433302479) LIMIT 0,1 [ RunTime:0.0010s ]
SQL: SELECT * FROM `wx_sys_config`  [ RunTime:0.0010s ]
SQL: select `cachekey` from `think_cache` where `cachekey`='sysconfig' limit 0,1 [ RunTime:0.0010s ]
SQL: UPDATE think_cache SET data='a:25:{s:9:"site_name";s:24:"精典妆家微信管理";s:11:"site_domain";s:22:"yuanpeishop.wx.cuci.cc";s:13:"site_keywords";s:0:"";s:9:"site_desc";s:0:"";s:12:"site_contact";s:0:"";s:9:"site_mail";s:0:"";s:7:"site_qq";s:0:"";s:12:"site_company";s:39:"广州市鑫浪信息科技有限公司";s:8:"app_name";s:24:"精典妆家微信管理";s:11:"app_version";s:8:"1.0 beta";s:8:"app_logo";s:25:"glyphicon glyphicon-apple";s:12:"qiniu_bucket";s:7:"jonzawx";s:15:"qiniu_accesskey";s:40:"fWcSm1smy1_IlRMXfroFo_6Gdee3eNC0f9IGdsjY";s:15:"qiniu_secretkey";s:40:"0mHG6krKEjxzrovZkvJJc3W0Be4nzNZxveIZFJuO";s:12:"qiniu_domain";s:30:"7xj4ba.com1.z0.glb.clouddn.com";s:9:"mail_smtp";s:11:"smtp.qq.com";s:13:"mail_username";s:10:"pm@cuci.cc";s:9:"mail_port";s:3:"465";s:13:"mail_password";s:9:"Test12345";s:14:"mail_smtp_auth";s:1:"1";s:9:"mail_from";s:10:"pm@cuci.cc";s:14:"mail_from_name";s:21:"楚才API管理中心";s:11:"mail_secure";s:3:"ssl";s:10:"mail_reply";s:16:"zoujingli@qq.com";s:20:"app_baidu_tongji_key";s:32:"df31b90409cbd7237728ca1a770d72e6";}' ,datacrc='',expire=0 WHERE `cachekey`='sysconfig' [ RunTime:0.0800s ]
INFO: [ view_parse ] --START--
INFO: [ template_filter ] --START--
INFO: Run Behavior\ContentReplaceBehavior [ RunTime:0.000000s ]
INFO: [ template_filter ] --END-- [ RunTime:0.001000s ]
INFO: Run Behavior\ParseTemplateBehavior [ RunTime:0.065004s ]
INFO: [ view_parse ] --END-- [ RunTime:0.067004s ]
INFO: [ view_filter ] --START--
INFO: Run Behavior\WriteHtmlCacheBehavior [ RunTime:0.001000s ]
INFO: Run Library\Behavior\EmptyImageBehavior [ RunTime:0.002000s ]
INFO: [ view_filter ] --END-- [ RunTime:0.004000s ]
INFO: [ app_end ] --START--
INFO: Run Behavior\ShowPageTraceBehavior [ RunTime:0.003000s ]
INFO: [ app_end ] --END-- [ RunTime:0.003000s ]

[ 2015-06-03T11:40:07+08:00 ] 127.0.0.1 /jonza/index.php/plugin/ueditor.js
SQL: SHOW COLUMNS FROM `wx_app` [ RunTime:0.0130s ]
SQL: SELECT * FROM `wx_app` WHERE `status` = 2 AND ( `id` = null OR `host` = 'localhost' ) LIMIT 1   [ RunTime:0.0010s ]
SQL: SELECT `data`,`datacrc` FROM `think_cache` WHERE `cachekey`='sysconfig' AND (`expire` =0 OR `expire`>1433302807) LIMIT 0,1 [ RunTime:0.0010s ]
SQL: SHOW COLUMNS FROM `wx_sys_config` [ RunTime:0.0090s ]
SQL: SELECT * FROM `wx_sys_config`  [ RunTime:0.0010s ]
SQL: select `cachekey` from `think_cache` where `cachekey`='sysconfig' limit 0,1 [ RunTime:0.0000s ]
SQL: UPDATE think_cache SET data='a:25:{s:9:"site_name";s:24:"精典妆家微信管理";s:11:"site_domain";s:22:"yuanpeishop.wx.cuci.cc";s:13:"site_keywords";s:0:"";s:9:"site_desc";s:0:"";s:12:"site_contact";s:0:"";s:9:"site_mail";s:0:"";s:7:"site_qq";s:0:"";s:12:"site_company";s:39:"广州市鑫浪信息科技有限公司";s:8:"app_name";s:24:"精典妆家微信管理";s:11:"app_version";s:8:"1.0 beta";s:8:"app_logo";s:25:"glyphicon glyphicon-apple";s:12:"qiniu_bucket";s:7:"jonzawx";s:15:"qiniu_accesskey";s:40:"fWcSm1smy1_IlRMXfroFo_6Gdee3eNC0f9IGdsjY";s:15:"qiniu_secretkey";s:40:"0mHG6krKEjxzrovZkvJJc3W0Be4nzNZxveIZFJuO";s:12:"qiniu_domain";s:30:"7xj4ba.com1.z0.glb.clouddn.com";s:9:"mail_smtp";s:11:"smtp.qq.com";s:13:"mail_username";s:10:"pm@cuci.cc";s:9:"mail_port";s:3:"465";s:13:"mail_password";s:9:"Test12345";s:14:"mail_smtp_auth";s:1:"1";s:9:"mail_from";s:10:"pm@cuci.cc";s:14:"mail_from_name";s:21:"楚才API管理中心";s:11:"mail_secure";s:3:"ssl";s:10:"mail_reply";s:16:"zoujingli@qq.com";s:20:"app_baidu_tongji_key";s:32:"df31b90409cbd7237728ca1a770d72e6";}' ,datacrc='',expire=0 WHERE `cachekey`='sysconfig' [ RunTime:0.0450s ]
SQL: SELECT `data`,`datacrc` FROM `think_cache` WHERE `cachekey`='sysconfig' AND (`expire` =0 OR `expire`>1433302807) LIMIT 0,1 [ RunTime:0.0000s ]
SQL: SELECT * FROM `wx_sys_config`  [ RunTime:0.0000s ]
SQL: select `cachekey` from `think_cache` where `cachekey`='sysconfig' limit 0,1 [ RunTime:0.0000s ]
SQL: UPDATE think_cache SET data='a:25:{s:9:"site_name";s:24:"精典妆家微信管理";s:11:"site_domain";s:22:"yuanpeishop.wx.cuci.cc";s:13:"site_keywords";s:0:"";s:9:"site_desc";s:0:"";s:12:"site_contact";s:0:"";s:9:"site_mail";s:0:"";s:7:"site_qq";s:0:"";s:12:"site_company";s:39:"广州市鑫浪信息科技有限公司";s:8:"app_name";s:24:"精典妆家微信管理";s:11:"app_version";s:8:"1.0 beta";s:8:"app_logo";s:25:"glyphicon glyphicon-apple";s:12:"qiniu_bucket";s:7:"jonzawx";s:15:"qiniu_accesskey";s:40:"fWcSm1smy1_IlRMXfroFo_6Gdee3eNC0f9IGdsjY";s:15:"qiniu_secretkey";s:40:"0mHG6krKEjxzrovZkvJJc3W0Be4nzNZxveIZFJuO";s:12:"qiniu_domain";s:30:"7xj4ba.com1.z0.glb.clouddn.com";s:9:"mail_smtp";s:11:"smtp.qq.com";s:13:"mail_username";s:10:"pm@cuci.cc";s:9:"mail_port";s:3:"465";s:13:"mail_password";s:9:"Test12345";s:14:"mail_smtp_auth";s:1:"1";s:9:"mail_from";s:10:"pm@cuci.cc";s:14:"mail_from_name";s:21:"楚才API管理中心";s:11:"mail_secure";s:3:"ssl";s:10:"mail_reply";s:16:"zoujingli@qq.com";s:20:"app_baidu_tongji_key";s:32:"df31b90409cbd7237728ca1a770d72e6";}' ,datacrc='',expire=0 WHERE `cachekey`='sysconfig' [ RunTime:0.0990s ]
SQL: SELECT `data`,`datacrc` FROM `think_cache` WHERE `cachekey`='sysconfig' AND (`expire` =0 OR `expire`>1433302807) LIMIT 0,1 [ RunTime:0.0010s ]
SQL: SELECT * FROM `wx_sys_config`  [ RunTime:0.0010s ]
SQL: select `cachekey` from `think_cache` where `cachekey`='sysconfig' limit 0,1 [ RunTime:0.0010s ]
SQL: UPDATE think_cache SET data='a:25:{s:9:"site_name";s:24:"精典妆家微信管理";s:11:"site_domain";s:22:"yuanpeishop.wx.cuci.cc";s:13:"site_keywords";s:0:"";s:9:"site_desc";s:0:"";s:12:"site_contact";s:0:"";s:9:"site_mail";s:0:"";s:7:"site_qq";s:0:"";s:12:"site_company";s:39:"广州市鑫浪信息科技有限公司";s:8:"app_name";s:24:"精典妆家微信管理";s:11:"app_version";s:8:"1.0 beta";s:8:"app_logo";s:25:"glyphicon glyphicon-apple";s:12:"qiniu_bucket";s:7:"jonzawx";s:15:"qiniu_accesskey";s:40:"fWcSm1smy1_IlRMXfroFo_6Gdee3eNC0f9IGdsjY";s:15:"qiniu_secretkey";s:40:"0mHG6krKEjxzrovZkvJJc3W0Be4nzNZxveIZFJuO";s:12:"qiniu_domain";s:30:"7xj4ba.com1.z0.glb.clouddn.com";s:9:"mail_smtp";s:11:"smtp.qq.com";s:13:"mail_username";s:10:"pm@cuci.cc";s:9:"mail_port";s:3:"465";s:13:"mail_password";s:9:"Test12345";s:14:"mail_smtp_auth";s:1:"1";s:9:"mail_from";s:10:"pm@cuci.cc";s:14:"mail_from_name";s:21:"楚才API管理中心";s:11:"mail_secure";s:3:"ssl";s:10:"mail_reply";s:16:"zoujingli@qq.com";s:20:"app_baidu_tongji_key";s:32:"df31b90409cbd7237728ca1a770d72e6";}' ,datacrc='',expire=0 WHERE `cachekey`='sysconfig' [ RunTime:0.0820s ]
SQL: SELECT `data`,`datacrc` FROM `think_cache` WHERE `cachekey`='sysconfig' AND (`expire` =0 OR `expire`>1433302807) LIMIT 0,1 [ RunTime:0.0010s ]
SQL: SELECT * FROM `wx_sys_config`  [ RunTime:0.0010s ]
SQL: select `cachekey` from `think_cache` where `cachekey`='sysconfig' limit 0,1 [ RunTime:0.0010s ]
SQL: UPDATE think_cache SET data='a:25:{s:9:"site_name";s:24:"精典妆家微信管理";s:11:"site_domain";s:22:"yuanpeishop.wx.cuci.cc";s:13:"site_keywords";s:0:"";s:9:"site_desc";s:0:"";s:12:"site_contact";s:0:"";s:9:"site_mail";s:0:"";s:7:"site_qq";s:0:"";s:12:"site_company";s:39:"广州市鑫浪信息科技有限公司";s:8:"app_name";s:24:"精典妆家微信管理";s:11:"app_version";s:8:"1.0 beta";s:8:"app_logo";s:25:"glyphicon glyphicon-apple";s:12:"qiniu_bucket";s:7:"jonzawx";s:15:"qiniu_accesskey";s:40:"fWcSm1smy1_IlRMXfroFo_6Gdee3eNC0f9IGdsjY";s:15:"qiniu_secretkey";s:40:"0mHG6krKEjxzrovZkvJJc3W0Be4nzNZxveIZFJuO";s:12:"qiniu_domain";s:30:"7xj4ba.com1.z0.glb.clouddn.com";s:9:"mail_smtp";s:11:"smtp.qq.com";s:13:"mail_username";s:10:"pm@cuci.cc";s:9:"mail_port";s:3:"465";s:13:"mail_password";s:9:"Test12345";s:14:"mail_smtp_auth";s:1:"1";s:9:"mail_from";s:10:"pm@cuci.cc";s:14:"mail_from_name";s:21:"楚才API管理中心";s:11:"mail_secure";s:3:"ssl";s:10:"mail_reply";s:16:"zoujingli@qq.com";s:20:"app_baidu_tongji_key";s:32:"df31b90409cbd7237728ca1a770d72e6";}' ,datacrc='',expire=0 WHERE `cachekey`='sysconfig' [ RunTime:0.0640s ]
INFO: [ view_parse ] --START--
INFO: [ template_filter ] --START--
INFO: Run Behavior\ContentReplaceBehavior [ RunTime:0.001000s ]
INFO: [ template_filter ] --END-- [ RunTime:0.001000s ]
INFO: Run Behavior\ParseTemplateBehavior [ RunTime:0.021002s ]
INFO: [ view_parse ] --END-- [ RunTime:0.021002s ]
INFO: [ view_filter ] --START--
INFO: Run Behavior\WriteHtmlCacheBehavior [ RunTime:0.001000s ]
INFO: Run Library\Behavior\EmptyImageBehavior [ RunTime:0.003000s ]
INFO: [ view_filter ] --END-- [ RunTime:0.005000s ]
INFO: [ app_end ] --START--
INFO: Run Behavior\ShowPageTraceBehavior [ RunTime:0.002000s ]
INFO: [ app_end ] --END-- [ RunTime:0.003000s ]

[ 2015-06-03T11:40:47+08:00 ] 127.0.0.1 /jonza/index.php/plugin/ueditor.js
SQL: SHOW COLUMNS FROM `wx_app` [ RunTime:0.0090s ]
SQL: SELECT * FROM `wx_app` WHERE `status` = 2 AND ( `id` = null OR `host` = 'localhost' ) LIMIT 1   [ RunTime:0.0010s ]
SQL: SELECT `data`,`datacrc` FROM `think_cache` WHERE `cachekey`='sysconfig' AND (`expire` =0 OR `expire`>1433302847) LIMIT 0,1 [ RunTime:0.0010s ]
SQL: SHOW COLUMNS FROM `wx_sys_config` [ RunTime:0.0070s ]
SQL: SELECT * FROM `wx_sys_config`  [ RunTime:0.0010s ]
SQL: select `cachekey` from `think_cache` where `cachekey`='sysconfig' limit 0,1 [ RunTime:0.0010s ]
SQL: UPDATE think_cache SET data='a:25:{s:9:"site_name";s:24:"精典妆家微信管理";s:11:"site_domain";s:22:"yuanpeishop.wx.cuci.cc";s:13:"site_keywords";s:0:"";s:9:"site_desc";s:0:"";s:12:"site_contact";s:0:"";s:9:"site_mail";s:0:"";s:7:"site_qq";s:0:"";s:12:"site_company";s:39:"广州市鑫浪信息科技有限公司";s:8:"app_name";s:24:"精典妆家微信管理";s:11:"app_version";s:8:"1.0 beta";s:8:"app_logo";s:25:"glyphicon glyphicon-apple";s:12:"qiniu_bucket";s:7:"jonzawx";s:15:"qiniu_accesskey";s:40:"fWcSm1smy1_IlRMXfroFo_6Gdee3eNC0f9IGdsjY";s:15:"qiniu_secretkey";s:40:"0mHG6krKEjxzrovZkvJJc3W0Be4nzNZxveIZFJuO";s:12:"qiniu_domain";s:30:"7xj4ba.com1.z0.glb.clouddn.com";s:9:"mail_smtp";s:11:"smtp.qq.com";s:13:"mail_username";s:10:"pm@cuci.cc";s:9:"mail_port";s:3:"465";s:13:"mail_password";s:9:"Test12345";s:14:"mail_smtp_auth";s:1:"1";s:9:"mail_from";s:10:"pm@cuci.cc";s:14:"mail_from_name";s:21:"楚才API管理中心";s:11:"mail_secure";s:3:"ssl";s:10:"mail_reply";s:16:"zoujingli@qq.com";s:20:"app_baidu_tongji_key";s:32:"df31b90409cbd7237728ca1a770d72e6";}' ,datacrc='',expire=0 WHERE `cachekey`='sysconfig' [ RunTime:0.0640s ]
SQL: SELECT `data`,`datacrc` FROM `think_cache` WHERE `cachekey`='sysconfig' AND (`expire` =0 OR `expire`>1433302847) LIMIT 0,1 [ RunTime:0.0010s ]
SQL: SELECT * FROM `wx_sys_config`  [ RunTime:0.0010s ]
SQL: select `cachekey` from `think_cache` where `cachekey`='sysconfig' limit 0,1 [ RunTime:0.0010s ]
SQL: UPDATE think_cache SET data='a:25:{s:9:"site_name";s:24:"精典妆家微信管理";s:11:"site_domain";s:22:"yuanpeishop.wx.cuci.cc";s:13:"site_keywords";s:0:"";s:9:"site_desc";s:0:"";s:12:"site_contact";s:0:"";s:9:"site_mail";s:0:"";s:7:"site_qq";s:0:"";s:12:"site_company";s:39:"广州市鑫浪信息科技有限公司";s:8:"app_name";s:24:"精典妆家微信管理";s:11:"app_version";s:8:"1.0 beta";s:8:"app_logo";s:25:"glyphicon glyphicon-apple";s:12:"qiniu_bucket";s:7:"jonzawx";s:15:"qiniu_accesskey";s:40:"fWcSm1smy1_IlRMXfroFo_6Gdee3eNC0f9IGdsjY";s:15:"qiniu_secretkey";s:40:"0mHG6krKEjxzrovZkvJJc3W0Be4nzNZxveIZFJuO";s:12:"qiniu_domain";s:30:"7xj4ba.com1.z0.glb.clouddn.com";s:9:"mail_smtp";s:11:"smtp.qq.com";s:13:"mail_username";s:10:"pm@cuci.cc";s:9:"mail_port";s:3:"465";s:13:"mail_password";s:9:"Test12345";s:14:"mail_smtp_auth";s:1:"1";s:9:"mail_from";s:10:"pm@cuci.cc";s:14:"mail_from_name";s:21:"楚才API管理中心";s:11:"mail_secure";s:3:"ssl";s:10:"mail_reply";s:16:"zoujingli@qq.com";s:20:"app_baidu_tongji_key";s:32:"df31b90409cbd7237728ca1a770d72e6";}' ,datacrc='',expire=0 WHERE `cachekey`='sysconfig' [ RunTime:0.0430s ]
SQL: SELECT `data`,`datacrc` FROM `think_cache` WHERE `cachekey`='sysconfig' AND (`expire` =0 OR `expire`>1433302847) LIMIT 0,1 [ RunTime:0.0010s ]
SQL: SELECT * FROM `wx_sys_config`  [ RunTime:0.0010s ]
SQL: select `cachekey` from `think_cache` where `cachekey`='sysconfig' limit 0,1 [ RunTime:0.0010s ]
SQL: UPDATE think_cache SET data='a:25:{s:9:"site_name";s:24:"精典妆家微信管理";s:11:"site_domain";s:22:"yuanpeishop.wx.cuci.cc";s:13:"site_keywords";s:0:"";s:9:"site_desc";s:0:"";s:12:"site_contact";s:0:"";s:9:"site_mail";s:0:"";s:7:"site_qq";s:0:"";s:12:"site_company";s:39:"广州市鑫浪信息科技有限公司";s:8:"app_name";s:24:"精典妆家微信管理";s:11:"app_version";s:8:"1.0 beta";s:8:"app_logo";s:25:"glyphicon glyphicon-apple";s:12:"qiniu_bucket";s:7:"jonzawx";s:15:"qiniu_accesskey";s:40:"fWcSm1smy1_IlRMXfroFo_6Gdee3eNC0f9IGdsjY";s:15:"qiniu_secretkey";s:40:"0mHG6krKEjxzrovZkvJJc3W0Be4nzNZxveIZFJuO";s:12:"qiniu_domain";s:30:"7xj4ba.com1.z0.glb.clouddn.com";s:9:"mail_smtp";s:11:"smtp.qq.com";s:13:"mail_username";s:10:"pm@cuci.cc";s:9:"mail_port";s:3:"465";s:13:"mail_password";s:9:"Test12345";s:14:"mail_smtp_auth";s:1:"1";s:9:"mail_from";s:10:"pm@cuci.cc";s:14:"mail_from_name";s:21:"楚才API管理中心";s:11:"mail_secure";s:3:"ssl";s:10:"mail_reply";s:16:"zoujingli@qq.com";s:20:"app_baidu_tongji_key";s:32:"df31b90409cbd7237728ca1a770d72e6";}' ,datacrc='',expire=0 WHERE `cachekey`='sysconfig' [ RunTime:0.0600s ]
SQL: SELECT `data`,`datacrc` FROM `think_cache` WHERE `cachekey`='sysconfig' AND (`expire` =0 OR `expire`>1433302847) LIMIT 0,1 [ RunTime:0.0010s ]
SQL: SELECT * FROM `wx_sys_config`  [ RunTime:0.0010s ]
SQL: select `cachekey` from `think_cache` where `cachekey`='sysconfig' limit 0,1 [ RunTime:0.0000s ]
SQL: UPDATE think_cache SET data='a:25:{s:9:"site_name";s:24:"精典妆家微信管理";s:11:"site_domain";s:22:"yuanpeishop.wx.cuci.cc";s:13:"site_keywords";s:0:"";s:9:"site_desc";s:0:"";s:12:"site_contact";s:0:"";s:9:"site_mail";s:0:"";s:7:"site_qq";s:0:"";s:12:"site_company";s:39:"广州市鑫浪信息科技有限公司";s:8:"app_name";s:24:"精典妆家微信管理";s:11:"app_version";s:8:"1.0 beta";s:8:"app_logo";s:25:"glyphicon glyphicon-apple";s:12:"qiniu_bucket";s:7:"jonzawx";s:15:"qiniu_accesskey";s:40:"fWcSm1smy1_IlRMXfroFo_6Gdee3eNC0f9IGdsjY";s:15:"qiniu_secretkey";s:40:"0mHG6krKEjxzrovZkvJJc3W0Be4nzNZxveIZFJuO";s:12:"qiniu_domain";s:30:"7xj4ba.com1.z0.glb.clouddn.com";s:9:"mail_smtp";s:11:"smtp.qq.com";s:13:"mail_username";s:10:"pm@cuci.cc";s:9:"mail_port";s:3:"465";s:13:"mail_password";s:9:"Test12345";s:14:"mail_smtp_auth";s:1:"1";s:9:"mail_from";s:10:"pm@cuci.cc";s:14:"mail_from_name";s:21:"楚才API管理中心";s:11:"mail_secure";s:3:"ssl";s:10:"mail_reply";s:16:"zoujingli@qq.com";s:20:"app_baidu_tongji_key";s:32:"df31b90409cbd7237728ca1a770d72e6";}' ,datacrc='',expire=0 WHERE `cachekey`='sysconfig' [ RunTime:0.0880s ]
INFO: [ view_parse ] --START--
INFO: [ template_filter ] --START--
INFO: Run Behavior\ContentReplaceBehavior [ RunTime:0.000000s ]
INFO: [ template_filter ] --END-- [ RunTime:0.001000s ]
INFO: Run Behavior\ParseTemplateBehavior [ RunTime:0.022001s ]
INFO: [ view_parse ] --END-- [ RunTime:0.023001s ]
INFO: [ view_filter ] --START--
INFO: Run Behavior\WriteHtmlCacheBehavior [ RunTime:0.001000s ]
INFO: Run Library\Behavior\EmptyImageBehavior [ RunTime:0.007000s ]
INFO: [ view_filter ] --END-- [ RunTime:0.011001s ]
INFO: [ app_end ] --START--
INFO: Run Behavior\ShowPageTraceBehavior [ RunTime:0.002000s ]
INFO: [ app_end ] --END-- [ RunTime:0.003000s ]

[ 2015-06-03T14:19:55+08:00 ] 127.0.0.1 /jonza/index.php/plugin/ueditor.js
SQL: SHOW COLUMNS FROM `wx_app` [ RunTime:0.0080s ]
SQL: SELECT * FROM `wx_app` WHERE `status` = 2 AND ( `id` = null OR `host` = 'localhost' ) LIMIT 1   [ RunTime:0.0010s ]
SQL: SELECT `data`,`datacrc` FROM `think_cache` WHERE `cachekey`='sysconfig' AND (`expire` =0 OR `expire`>1433312394) LIMIT 0,1 [ RunTime:0.0010s ]
SQL: SHOW COLUMNS FROM `wx_sys_config` [ RunTime:0.0080s ]
SQL: SELECT * FROM `wx_sys_config`  [ RunTime:0.0010s ]
SQL: select `cachekey` from `think_cache` where `cachekey`='sysconfig' limit 0,1 [ RunTime:0.0010s ]
SQL: UPDATE think_cache SET data='a:25:{s:9:"site_name";s:24:"精典妆家微信管理";s:11:"site_domain";s:22:"yuanpeishop.wx.cuci.cc";s:13:"site_keywords";s:0:"";s:9:"site_desc";s:0:"";s:12:"site_contact";s:0:"";s:9:"site_mail";s:0:"";s:7:"site_qq";s:0:"";s:12:"site_company";s:39:"广州市鑫浪信息科技有限公司";s:8:"app_name";s:24:"精典妆家微信管理";s:11:"app_version";s:8:"1.0 beta";s:8:"app_logo";s:25:"glyphicon glyphicon-apple";s:12:"qiniu_bucket";s:7:"jonzawx";s:15:"qiniu_accesskey";s:40:"fWcSm1smy1_IlRMXfroFo_6Gdee3eNC0f9IGdsjY";s:15:"qiniu_secretkey";s:40:"0mHG6krKEjxzrovZkvJJc3W0Be4nzNZxveIZFJuO";s:12:"qiniu_domain";s:30:"7xj4ba.com1.z0.glb.clouddn.com";s:9:"mail_smtp";s:11:"smtp.qq.com";s:13:"mail_username";s:10:"pm@cuci.cc";s:9:"mail_port";s:3:"465";s:13:"mail_password";s:9:"Test12345";s:14:"mail_smtp_auth";s:1:"1";s:9:"mail_from";s:10:"pm@cuci.cc";s:14:"mail_from_name";s:21:"楚才API管理中心";s:11:"mail_secure";s:3:"ssl";s:10:"mail_reply";s:16:"zoujingli@qq.com";s:20:"app_baidu_tongji_key";s:32:"df31b90409cbd7237728ca1a770d72e6";}' ,datacrc='',expire=0 WHERE `cachekey`='sysconfig' [ RunTime:0.0530s ]
SQL: SELECT `data`,`datacrc` FROM `think_cache` WHERE `cachekey`='sysconfig' AND (`expire` =0 OR `expire`>1433312395) LIMIT 0,1 [ RunTime:0.0000s ]
SQL: SELECT * FROM `wx_sys_config`  [ RunTime:0.0010s ]
SQL: select `cachekey` from `think_cache` where `cachekey`='sysconfig' limit 0,1 [ RunTime:0.0000s ]
SQL: UPDATE think_cache SET data='a:25:{s:9:"site_name";s:24:"精典妆家微信管理";s:11:"site_domain";s:22:"yuanpeishop.wx.cuci.cc";s:13:"site_keywords";s:0:"";s:9:"site_desc";s:0:"";s:12:"site_contact";s:0:"";s:9:"site_mail";s:0:"";s:7:"site_qq";s:0:"";s:12:"site_company";s:39:"广州市鑫浪信息科技有限公司";s:8:"app_name";s:24:"精典妆家微信管理";s:11:"app_version";s:8:"1.0 beta";s:8:"app_logo";s:25:"glyphicon glyphicon-apple";s:12:"qiniu_bucket";s:7:"jonzawx";s:15:"qiniu_accesskey";s:40:"fWcSm1smy1_IlRMXfroFo_6Gdee3eNC0f9IGdsjY";s:15:"qiniu_secretkey";s:40:"0mHG6krKEjxzrovZkvJJc3W0Be4nzNZxveIZFJuO";s:12:"qiniu_domain";s:30:"7xj4ba.com1.z0.glb.clouddn.com";s:9:"mail_smtp";s:11:"smtp.qq.com";s:13:"mail_username";s:10:"pm@cuci.cc";s:9:"mail_port";s:3:"465";s:13:"mail_password";s:9:"Test12345";s:14:"mail_smtp_auth";s:1:"1";s:9:"mail_from";s:10:"pm@cuci.cc";s:14:"mail_from_name";s:21:"楚才API管理中心";s:11:"mail_secure";s:3:"ssl";s:10:"mail_reply";s:16:"zoujingli@qq.com";s:20:"app_baidu_tongji_key";s:32:"df31b90409cbd7237728ca1a770d72e6";}' ,datacrc='',expire=0 WHERE `cachekey`='sysconfig' [ RunTime:0.0590s ]
SQL: SELECT `data`,`datacrc` FROM `think_cache` WHERE `cachekey`='sysconfig' AND (`expire` =0 OR `expire`>1433312395) LIMIT 0,1 [ RunTime:0.0010s ]
SQL: SELECT * FROM `wx_sys_config`  [ RunTime:0.0010s ]
SQL: select `cachekey` from `think_cache` where `cachekey`='sysconfig' limit 0,1 [ RunTime:0.0010s ]
SQL: UPDATE think_cache SET data='a:25:{s:9:"site_name";s:24:"精典妆家微信管理";s:11:"site_domain";s:22:"yuanpeishop.wx.cuci.cc";s:13:"site_keywords";s:0:"";s:9:"site_desc";s:0:"";s:12:"site_contact";s:0:"";s:9:"site_mail";s:0:"";s:7:"site_qq";s:0:"";s:12:"site_company";s:39:"广州市鑫浪信息科技有限公司";s:8:"app_name";s:24:"精典妆家微信管理";s:11:"app_version";s:8:"1.0 beta";s:8:"app_logo";s:25:"glyphicon glyphicon-apple";s:12:"qiniu_bucket";s:7:"jonzawx";s:15:"qiniu_accesskey";s:40:"fWcSm1smy1_IlRMXfroFo_6Gdee3eNC0f9IGdsjY";s:15:"qiniu_secretkey";s:40:"0mHG6krKEjxzrovZkvJJc3W0Be4nzNZxveIZFJuO";s:12:"qiniu_domain";s:30:"7xj4ba.com1.z0.glb.clouddn.com";s:9:"mail_smtp";s:11:"smtp.qq.com";s:13:"mail_username";s:10:"pm@cuci.cc";s:9:"mail_port";s:3:"465";s:13:"mail_password";s:9:"Test12345";s:14:"mail_smtp_auth";s:1:"1";s:9:"mail_from";s:10:"pm@cuci.cc";s:14:"mail_from_name";s:21:"楚才API管理中心";s:11:"mail_secure";s:3:"ssl";s:10:"mail_reply";s:16:"zoujingli@qq.com";s:20:"app_baidu_tongji_key";s:32:"df31b90409cbd7237728ca1a770d72e6";}' ,datacrc='',expire=0 WHERE `cachekey`='sysconfig' [ RunTime:0.0490s ]
SQL: SELECT `data`,`datacrc` FROM `think_cache` WHERE `cachekey`='sysconfig' AND (`expire` =0 OR `expire`>1433312395) LIMIT 0,1 [ RunTime:0.0000s ]
SQL: SELECT * FROM `wx_sys_config`  [ RunTime:0.0010s ]
SQL: select `cachekey` from `think_cache` where `cachekey`='sysconfig' limit 0,1 [ RunTime:0.0000s ]
SQL: UPDATE think_cache SET data='a:25:{s:9:"site_name";s:24:"精典妆家微信管理";s:11:"site_domain";s:22:"yuanpeishop.wx.cuci.cc";s:13:"site_keywords";s:0:"";s:9:"site_desc";s:0:"";s:12:"site_contact";s:0:"";s:9:"site_mail";s:0:"";s:7:"site_qq";s:0:"";s:12:"site_company";s:39:"广州市鑫浪信息科技有限公司";s:8:"app_name";s:24:"精典妆家微信管理";s:11:"app_version";s:8:"1.0 beta";s:8:"app_logo";s:25:"glyphicon glyphicon-apple";s:12:"qiniu_bucket";s:7:"jonzawx";s:15:"qiniu_accesskey";s:40:"fWcSm1smy1_IlRMXfroFo_6Gdee3eNC0f9IGdsjY";s:15:"qiniu_secretkey";s:40:"0mHG6krKEjxzrovZkvJJc3W0Be4nzNZxveIZFJuO";s:12:"qiniu_domain";s:30:"7xj4ba.com1.z0.glb.clouddn.com";s:9:"mail_smtp";s:11:"smtp.qq.com";s:13:"mail_username";s:10:"pm@cuci.cc";s:9:"mail_port";s:3:"465";s:13:"mail_password";s:9:"Test12345";s:14:"mail_smtp_auth";s:1:"1";s:9:"mail_from";s:10:"pm@cuci.cc";s:14:"mail_from_name";s:21:"楚才API管理中心";s:11:"mail_secure";s:3:"ssl";s:10:"mail_reply";s:16:"zoujingli@qq.com";s:20:"app_baidu_tongji_key";s:32:"df31b90409cbd7237728ca1a770d72e6";}' ,datacrc='',expire=0 WHERE `cachekey`='sysconfig' [ RunTime:0.0760s ]
INFO: [ view_parse ] --START--
INFO: [ template_filter ] --START--
INFO: Run Behavior\ContentReplaceBehavior [ RunTime:0.000000s ]
INFO: [ template_filter ] --END-- [ RunTime:0.002000s ]
INFO: Run Behavior\ParseTemplateBehavior [ RunTime:0.048003s ]
INFO: [ view_parse ] --END-- [ RunTime:0.048003s ]
INFO: [ view_filter ] --START--
INFO: Run Behavior\WriteHtmlCacheBehavior [ RunTime:0.002000s ]
INFO: Run Library\Behavior\EmptyImageBehavior [ RunTime:0.005001s ]
INFO: [ view_filter ] --END-- [ RunTime:0.007001s ]
INFO: [ app_end ] --START--
INFO: Run Behavior\ShowPageTraceBehavior [ RunTime:0.003000s ]
INFO: [ app_end ] --END-- [ RunTime:0.003000s ]

[ 2015-06-03T14:20:02+08:00 ] 127.0.0.1 /jonza/index.php/plugin/ueditor.js
SQL: SHOW COLUMNS FROM `wx_app` [ RunTime:0.0070s ]
SQL: SELECT * FROM `wx_app` WHERE `status` = 2 AND ( `id` = null OR `host` = 'localhost' ) LIMIT 1   [ RunTime:0.0040s ]
SQL: SELECT `data`,`datacrc` FROM `think_cache` WHERE `cachekey`='sysconfig' AND (`expire` =0 OR `expire`>1433312401) LIMIT 0,1 [ RunTime:0.0010s ]
SQL: SHOW COLUMNS FROM `wx_sys_config` [ RunTime:0.0090s ]
SQL: SELECT * FROM `wx_sys_config`  [ RunTime:0.0010s ]
SQL: select `cachekey` from `think_cache` where `cachekey`='sysconfig' limit 0,1 [ RunTime:0.0010s ]
SQL: UPDATE think_cache SET data='a:25:{s:9:"site_name";s:24:"精典妆家微信管理";s:11:"site_domain";s:22:"yuanpeishop.wx.cuci.cc";s:13:"site_keywords";s:0:"";s:9:"site_desc";s:0:"";s:12:"site_contact";s:0:"";s:9:"site_mail";s:0:"";s:7:"site_qq";s:0:"";s:12:"site_company";s:39:"广州市鑫浪信息科技有限公司";s:8:"app_name";s:24:"精典妆家微信管理";s:11:"app_version";s:8:"1.0 beta";s:8:"app_logo";s:25:"glyphicon glyphicon-apple";s:12:"qiniu_bucket";s:7:"jonzawx";s:15:"qiniu_accesskey";s:40:"fWcSm1smy1_IlRMXfroFo_6Gdee3eNC0f9IGdsjY";s:15:"qiniu_secretkey";s:40:"0mHG6krKEjxzrovZkvJJc3W0Be4nzNZxveIZFJuO";s:12:"qiniu_domain";s:30:"7xj4ba.com1.z0.glb.clouddn.com";s:9:"mail_smtp";s:11:"smtp.qq.com";s:13:"mail_username";s:10:"pm@cuci.cc";s:9:"mail_port";s:3:"465";s:13:"mail_password";s:9:"Test12345";s:14:"mail_smtp_auth";s:1:"1";s:9:"mail_from";s:10:"pm@cuci.cc";s:14:"mail_from_name";s:21:"楚才API管理中心";s:11:"mail_secure";s:3:"ssl";s:10:"mail_reply";s:16:"zoujingli@qq.com";s:20:"app_baidu_tongji_key";s:32:"df31b90409cbd7237728ca1a770d72e6";}' ,datacrc='',expire=0 WHERE `cachekey`='sysconfig' [ RunTime:0.0550s ]
SQL: SELECT `data`,`datacrc` FROM `think_cache` WHERE `cachekey`='sysconfig' AND (`expire` =0 OR `expire`>1433312401) LIMIT 0,1 [ RunTime:0.0010s ]
SQL: SELECT * FROM `wx_sys_config`  [ RunTime:0.0020s ]
SQL: select `cachekey` from `think_cache` where `cachekey`='sysconfig' limit 0,1 [ RunTime:0.0000s ]
SQL: UPDATE think_cache SET data='a:25:{s:9:"site_name";s:24:"精典妆家微信管理";s:11:"site_domain";s:22:"yuanpeishop.wx.cuci.cc";s:13:"site_keywords";s:0:"";s:9:"site_desc";s:0:"";s:12:"site_contact";s:0:"";s:9:"site_mail";s:0:"";s:7:"site_qq";s:0:"";s:12:"site_company";s:39:"广州市鑫浪信息科技有限公司";s:8:"app_name";s:24:"精典妆家微信管理";s:11:"app_version";s:8:"1.0 beta";s:8:"app_logo";s:25:"glyphicon glyphicon-apple";s:12:"qiniu_bucket";s:7:"jonzawx";s:15:"qiniu_accesskey";s:40:"fWcSm1smy1_IlRMXfroFo_6Gdee3eNC0f9IGdsjY";s:15:"qiniu_secretkey";s:40:"0mHG6krKEjxzrovZkvJJc3W0Be4nzNZxveIZFJuO";s:12:"qiniu_domain";s:30:"7xj4ba.com1.z0.glb.clouddn.com";s:9:"mail_smtp";s:11:"smtp.qq.com";s:13:"mail_username";s:10:"pm@cuci.cc";s:9:"mail_port";s:3:"465";s:13:"mail_password";s:9:"Test12345";s:14:"mail_smtp_auth";s:1:"1";s:9:"mail_from";s:10:"pm@cuci.cc";s:14:"mail_from_name";s:21:"楚才API管理中心";s:11:"mail_secure";s:3:"ssl";s:10:"mail_reply";s:16:"zoujingli@qq.com";s:20:"app_baidu_tongji_key";s:32:"df31b90409cbd7237728ca1a770d72e6";}' ,datacrc='',expire=0 WHERE `cachekey`='sysconfig' [ RunTime:0.0920s ]
SQL: SELECT `data`,`datacrc` FROM `think_cache` WHERE `cachekey`='sysconfig' AND (`expire` =0 OR `expire`>1433312402) LIMIT 0,1 [ RunTime:0.0010s ]
SQL: SELECT * FROM `wx_sys_config`  [ RunTime:0.0010s ]
SQL: select `cachekey` from `think_cache` where `cachekey`='sysconfig' limit 0,1 [ RunTime:0.0010s ]
SQL: UPDATE think_cache SET data='a:25:{s:9:"site_name";s:24:"精典妆家微信管理";s:11:"site_domain";s:22:"yuanpeishop.wx.cuci.cc";s:13:"site_keywords";s:0:"";s:9:"site_desc";s:0:"";s:12:"site_contact";s:0:"";s:9:"site_mail";s:0:"";s:7:"site_qq";s:0:"";s:12:"site_company";s:39:"广州市鑫浪信息科技有限公司";s:8:"app_name";s:24:"精典妆家微信管理";s:11:"app_version";s:8:"1.0 beta";s:8:"app_logo";s:25:"glyphicon glyphicon-apple";s:12:"qiniu_bucket";s:7:"jonzawx";s:15:"qiniu_accesskey";s:40:"fWcSm1smy1_IlRMXfroFo_6Gdee3eNC0f9IGdsjY";s:15:"qiniu_secretkey";s:40:"0mHG6krKEjxzrovZkvJJc3W0Be4nzNZxveIZFJuO";s:12:"qiniu_domain";s:30:"7xj4ba.com1.z0.glb.clouddn.com";s:9:"mail_smtp";s:11:"smtp.qq.com";s:13:"mail_username";s:10:"pm@cuci.cc";s:9:"mail_port";s:3:"465";s:13:"mail_password";s:9:"Test12345";s:14:"mail_smtp_auth";s:1:"1";s:9:"mail_from";s:10:"pm@cuci.cc";s:14:"mail_from_name";s:21:"楚才API管理中心";s:11:"mail_secure";s:3:"ssl";s:10:"mail_reply";s:16:"zoujingli@qq.com";s:20:"app_baidu_tongji_key";s:32:"df31b90409cbd7237728ca1a770d72e6";}' ,datacrc='',expire=0 WHERE `cachekey`='sysconfig' [ RunTime:0.0260s ]
SQL: SELECT `data`,`datacrc` FROM `think_cache` WHERE `cachekey`='sysconfig' AND (`expire` =0 OR `expire`>1433312402) LIMIT 0,1 [ RunTime:0.0010s ]
SQL: SELECT * FROM `wx_sys_config`  [ RunTime:0.0010s ]
SQL: select `cachekey` from `think_cache` where `cachekey`='sysconfig' limit 0,1 [ RunTime:0.0010s ]
SQL: UPDATE think_cache SET data='a:25:{s:9:"site_name";s:24:"精典妆家微信管理";s:11:"site_domain";s:22:"yuanpeishop.wx.cuci.cc";s:13:"site_keywords";s:0:"";s:9:"site_desc";s:0:"";s:12:"site_contact";s:0:"";s:9:"site_mail";s:0:"";s:7:"site_qq";s:0:"";s:12:"site_company";s:39:"广州市鑫浪信息科技有限公司";s:8:"app_name";s:24:"精典妆家微信管理";s:11:"app_version";s:8:"1.0 beta";s:8:"app_logo";s:25:"glyphicon glyphicon-apple";s:12:"qiniu_bucket";s:7:"jonzawx";s:15:"qiniu_accesskey";s:40:"fWcSm1smy1_IlRMXfroFo_6Gdee3eNC0f9IGdsjY";s:15:"qiniu_secretkey";s:40:"0mHG6krKEjxzrovZkvJJc3W0Be4nzNZxveIZFJuO";s:12:"qiniu_domain";s:30:"7xj4ba.com1.z0.glb.clouddn.com";s:9:"mail_smtp";s:11:"smtp.qq.com";s:13:"mail_username";s:10:"pm@cuci.cc";s:9:"mail_port";s:3:"465";s:13:"mail_password";s:9:"Test12345";s:14:"mail_smtp_auth";s:1:"1";s:9:"mail_from";s:10:"pm@cuci.cc";s:14:"mail_from_name";s:21:"楚才API管理中心";s:11:"mail_secure";s:3:"ssl";s:10:"mail_reply";s:16:"zoujingli@qq.com";s:20:"app_baidu_tongji_key";s:32:"df31b90409cbd7237728ca1a770d72e6";}' ,datacrc='',expire=0 WHERE `cachekey`='sysconfig' [ RunTime:0.0250s ]
INFO: [ view_parse ] --START--
INFO: [ template_filter ] --START--
INFO: Run Behavior\ContentReplaceBehavior [ RunTime:0.001000s ]
INFO: [ template_filter ] --END-- [ RunTime:0.001000s ]
INFO: Run Behavior\ParseTemplateBehavior [ RunTime:0.019001s ]
INFO: [ view_parse ] --END-- [ RunTime:0.020001s ]
INFO: [ view_filter ] --START--
INFO: Run Behavior\WriteHtmlCacheBehavior [ RunTime:0.001000s ]
INFO: Run Library\Behavior\EmptyImageBehavior [ RunTime:0.002000s ]
INFO: [ view_filter ] --END-- [ RunTime:0.004000s ]
INFO: [ app_end ] --START--
INFO: Run Behavior\ShowPageTraceBehavior [ RunTime:0.005000s ]
INFO: [ app_end ] --END-- [ RunTime:0.005000s ]

[ 2015-06-03T17:59:26+08:00 ] 127.0.0.1 /jonza/index.php/plugin/ueditor.js
SQL: SHOW COLUMNS FROM `wx_app` [ RunTime:0.0620s ]
SQL: SELECT * FROM `wx_app` WHERE `status` = 2 AND ( `id` = null OR `host` = 'localhost' ) LIMIT 1   [ RunTime:0.1370s ]
SQL: SELECT `data`,`datacrc` FROM `think_cache` WHERE `cachekey`='sysconfig' AND (`expire` =0 OR `expire`>1433325562) LIMIT 0,1 [ RunTime:0.0010s ]
SQL: SHOW COLUMNS FROM `wx_sys_config` [ RunTime:0.0080s ]
SQL: SELECT * FROM `wx_sys_config`  [ RunTime:0.0010s ]
SQL: select `cachekey` from `think_cache` where `cachekey`='sysconfig' limit 0,1 [ RunTime:0.0010s ]
SQL: UPDATE think_cache SET data='a:25:{s:9:"site_name";s:24:"精典妆家微信管理";s:11:"site_domain";s:22:"yuanpeishop.wx.cuci.cc";s:13:"site_keywords";s:0:"";s:9:"site_desc";s:0:"";s:12:"site_contact";s:0:"";s:9:"site_mail";s:0:"";s:7:"site_qq";s:0:"";s:12:"site_company";s:39:"广州市鑫浪信息科技有限公司";s:8:"app_name";s:24:"精典妆家微信管理";s:11:"app_version";s:8:"1.0 beta";s:8:"app_logo";s:25:"glyphicon glyphicon-apple";s:12:"qiniu_bucket";s:7:"jonzawx";s:15:"qiniu_accesskey";s:40:"fWcSm1smy1_IlRMXfroFo_6Gdee3eNC0f9IGdsjY";s:15:"qiniu_secretkey";s:40:"0mHG6krKEjxzrovZkvJJc3W0Be4nzNZxveIZFJuO";s:12:"qiniu_domain";s:30:"7xj4ba.com1.z0.glb.clouddn.com";s:9:"mail_smtp";s:11:"smtp.qq.com";s:13:"mail_username";s:10:"pm@cuci.cc";s:9:"mail_port";s:3:"465";s:13:"mail_password";s:9:"Test12345";s:14:"mail_smtp_auth";s:1:"1";s:9:"mail_from";s:10:"pm@cuci.cc";s:14:"mail_from_name";s:21:"楚才API管理中心";s:11:"mail_secure";s:3:"ssl";s:10:"mail_reply";s:16:"zoujingli@qq.com";s:20:"app_baidu_tongji_key";s:32:"df31b90409cbd7237728ca1a770d72e6";}' ,datacrc='',expire=0 WHERE `cachekey`='sysconfig' [ RunTime:0.4870s ]
SQL: SELECT `data`,`datacrc` FROM `think_cache` WHERE `cachekey`='sysconfig' AND (`expire` =0 OR `expire`>1433325563) LIMIT 0,1 [ RunTime:0.0010s ]
SQL: SELECT * FROM `wx_sys_config`  [ RunTime:0.0010s ]
SQL: select `cachekey` from `think_cache` where `cachekey`='sysconfig' limit 0,1 [ RunTime:0.0020s ]
SQL: UPDATE think_cache SET data='a:25:{s:9:"site_name";s:24:"精典妆家微信管理";s:11:"site_domain";s:22:"yuanpeishop.wx.cuci.cc";s:13:"site_keywords";s:0:"";s:9:"site_desc";s:0:"";s:12:"site_contact";s:0:"";s:9:"site_mail";s:0:"";s:7:"site_qq";s:0:"";s:12:"site_company";s:39:"广州市鑫浪信息科技有限公司";s:8:"app_name";s:24:"精典妆家微信管理";s:11:"app_version";s:8:"1.0 beta";s:8:"app_logo";s:25:"glyphicon glyphicon-apple";s:12:"qiniu_bucket";s:7:"jonzawx";s:15:"qiniu_accesskey";s:40:"fWcSm1smy1_IlRMXfroFo_6Gdee3eNC0f9IGdsjY";s:15:"qiniu_secretkey";s:40:"0mHG6krKEjxzrovZkvJJc3W0Be4nzNZxveIZFJuO";s:12:"qiniu_domain";s:30:"7xj4ba.com1.z0.glb.clouddn.com";s:9:"mail_smtp";s:11:"smtp.qq.com";s:13:"mail_username";s:10:"pm@cuci.cc";s:9:"mail_port";s:3:"465";s:13:"mail_password";s:9:"Test12345";s:14:"mail_smtp_auth";s:1:"1";s:9:"mail_from";s:10:"pm@cuci.cc";s:14:"mail_from_name";s:21:"楚才API管理中心";s:11:"mail_secure";s:3:"ssl";s:10:"mail_reply";s:16:"zoujingli@qq.com";s:20:"app_baidu_tongji_key";s:32:"df31b90409cbd7237728ca1a770d72e6";}' ,datacrc='',expire=0 WHERE `cachekey`='sysconfig' [ RunTime:0.4170s ]
SQL: SELECT `data`,`datacrc` FROM `think_cache` WHERE `cachekey`='sysconfig' AND (`expire` =0 OR `expire`>1433325564) LIMIT 0,1 [ RunTime:0.0010s ]
SQL: SELECT * FROM `wx_sys_config`  [ RunTime:0.0010s ]
SQL: select `cachekey` from `think_cache` where `cachekey`='sysconfig' limit 0,1 [ RunTime:0.0010s ]
SQL: UPDATE think_cache SET data='a:25:{s:9:"site_name";s:24:"精典妆家微信管理";s:11:"site_domain";s:22:"yuanpeishop.wx.cuci.cc";s:13:"site_keywords";s:0:"";s:9:"site_desc";s:0:"";s:12:"site_contact";s:0:"";s:9:"site_mail";s:0:"";s:7:"site_qq";s:0:"";s:12:"site_company";s:39:"广州市鑫浪信息科技有限公司";s:8:"app_name";s:24:"精典妆家微信管理";s:11:"app_version";s:8:"1.0 beta";s:8:"app_logo";s:25:"glyphicon glyphicon-apple";s:12:"qiniu_bucket";s:7:"jonzawx";s:15:"qiniu_accesskey";s:40:"fWcSm1smy1_IlRMXfroFo_6Gdee3eNC0f9IGdsjY";s:15:"qiniu_secretkey";s:40:"0mHG6krKEjxzrovZkvJJc3W0Be4nzNZxveIZFJuO";s:12:"qiniu_domain";s:30:"7xj4ba.com1.z0.glb.clouddn.com";s:9:"mail_smtp";s:11:"smtp.qq.com";s:13:"mail_username";s:10:"pm@cuci.cc";s:9:"mail_port";s:3:"465";s:13:"mail_password";s:9:"Test12345";s:14:"mail_smtp_auth";s:1:"1";s:9:"mail_from";s:10:"pm@cuci.cc";s:14:"mail_from_name";s:21:"楚才API管理中心";s:11:"mail_secure";s:3:"ssl";s:10:"mail_reply";s:16:"zoujingli@qq.com";s:20:"app_baidu_tongji_key";s:32:"df31b90409cbd7237728ca1a770d72e6";}' ,datacrc='',expire=0 WHERE `cachekey`='sysconfig' [ RunTime:0.5410s ]
SQL: SELECT `data`,`datacrc` FROM `think_cache` WHERE `cachekey`='sysconfig' AND (`expire` =0 OR `expire`>1433325564) LIMIT 0,1 [ RunTime:0.0010s ]
SQL: SELECT * FROM `wx_sys_config`  [ RunTime:0.0010s ]
SQL: select `cachekey` from `think_cache` where `cachekey`='sysconfig' limit 0,1 [ RunTime:0.0010s ]
SQL: UPDATE think_cache SET data='a:25:{s:9:"site_name";s:24:"精典妆家微信管理";s:11:"site_domain";s:22:"yuanpeishop.wx.cuci.cc";s:13:"site_keywords";s:0:"";s:9:"site_desc";s:0:"";s:12:"site_contact";s:0:"";s:9:"site_mail";s:0:"";s:7:"site_qq";s:0:"";s:12:"site_company";s:39:"广州市鑫浪信息科技有限公司";s:8:"app_name";s:24:"精典妆家微信管理";s:11:"app_version";s:8:"1.0 beta";s:8:"app_logo";s:25:"glyphicon glyphicon-apple";s:12:"qiniu_bucket";s:7:"jonzawx";s:15:"qiniu_accesskey";s:40:"fWcSm1smy1_IlRMXfroFo_6Gdee3eNC0f9IGdsjY";s:15:"qiniu_secretkey";s:40:"0mHG6krKEjxzrovZkvJJc3W0Be4nzNZxveIZFJuO";s:12:"qiniu_domain";s:30:"7xj4ba.com1.z0.glb.clouddn.com";s:9:"mail_smtp";s:11:"smtp.qq.com";s:13:"mail_username";s:10:"pm@cuci.cc";s:9:"mail_port";s:3:"465";s:13:"mail_password";s:9:"Test12345";s:14:"mail_smtp_auth";s:1:"1";s:9:"mail_from";s:10:"pm@cuci.cc";s:14:"mail_from_name";s:21:"楚才API管理中心";s:11:"mail_secure";s:3:"ssl";s:10:"mail_reply";s:16:"zoujingli@qq.com";s:20:"app_baidu_tongji_key";s:32:"df31b90409cbd7237728ca1a770d72e6";}' ,datacrc='',expire=0 WHERE `cachekey`='sysconfig' [ RunTime:0.4930s ]
INFO: [ view_parse ] --START--
INFO: [ template_filter ] --START--
INFO: Run Behavior\ContentReplaceBehavior [ RunTime:0.001000s ]
INFO: [ template_filter ] --END-- [ RunTime:0.001000s ]
INFO: Run Behavior\ParseTemplateBehavior [ RunTime:0.257015s ]
INFO: [ view_parse ] --END-- [ RunTime:0.258015s ]
INFO: [ view_filter ] --START--
INFO: Run Behavior\WriteHtmlCacheBehavior [ RunTime:0.001000s ]
INFO: Run Library\Behavior\EmptyImageBehavior [ RunTime:0.003000s ]
INFO: [ view_filter ] --END-- [ RunTime:0.005000s ]
INFO: [ app_end ] --START--
INFO: Run Behavior\ShowPageTraceBehavior [ RunTime:0.002000s ]
INFO: [ app_end ] --END-- [ RunTime:0.002000s ]

