[ 2015-05-21T18:02:53+08:00 ] 127.0.0.1 /jonza/index.php/plugin/ueditor.js
SQL: SHOW COLUMNS FROM `wx_app` [ RunTime:0.0080s ]
SQL: SELECT * FROM `wx_app` WHERE `status` = 2 AND ( `id` = null OR `host` = 'localhost' ) LIMIT 1   [ RunTime:0.0000s ]
SQL: SELECT `data`,`datacrc` FROM `think_cache` WHERE `cachekey`='sysconfig' AND (`expire` =0 OR `expire`>1432202573) LIMIT 0,1 [ RunTime:0.0010s ]
SQL: SHOW COLUMNS FROM `wx_sys_config` [ RunTime:0.0140s ]
SQL: SELECT * FROM `wx_sys_config`  [ RunTime:0.0020s ]
SQL: select `cachekey` from `think_cache` where `cachekey`='sysconfig' limit 0,1 [ RunTime:0.0010s ]
SQL: UPDATE think_cache SET data='a:25:{s:9:"site_name";s:24:"精典妆家微信管理";s:11:"site_domain";s:22:"yuanpeishop.wx.cuci.cc";s:13:"site_keywords";s:0:"";s:9:"site_desc";s:0:"";s:12:"site_contact";s:0:"";s:9:"site_mail";s:0:"";s:7:"site_qq";s:0:"";s:12:"site_company";s:39:"广州市鑫浪信息科技有限公司";s:8:"app_name";s:24:"精典妆家微信管理";s:11:"app_version";s:8:"1.0 beta";s:8:"app_logo";s:25:"glyphicon glyphicon-apple";s:12:"qiniu_bucket";s:7:"jonzawx";s:15:"qiniu_accesskey";s:40:"fWcSm1smy1_IlRMXfroFo_6Gdee3eNC0f9IGdsjY";s:15:"qiniu_secretkey";s:40:"0mHG6krKEjxzrovZkvJJc3W0Be4nzNZxveIZFJuO";s:12:"qiniu_domain";s:30:"7xj4ba.com1.z0.glb.clouddn.com";s:9:"mail_smtp";s:11:"smtp.qq.com";s:13:"mail_username";s:10:"pm@cuci.cc";s:9:"mail_port";s:3:"465";s:13:"mail_password";s:9:"Test12345";s:14:"mail_smtp_auth";s:1:"1";s:9:"mail_from";s:10:"pm@cuci.cc";s:14:"mail_from_name";s:21:"楚才API管理中心";s:11:"mail_secure";s:3:"ssl";s:10:"mail_reply";s:16:"zoujingli@qq.com";s:20:"app_baidu_tongji_key";s:32:"df31b90409cbd7237728ca1a770d72e6";}' ,datacrc='',expire=0 WHERE `cachekey`='sysconfig' [ RunTime:0.0630s ]
SQL: SELECT `data`,`datacrc` FROM `think_cache` WHERE `cachekey`='sysconfig' AND (`expire` =0 OR `expire`>1432202573) LIMIT 0,1 [ RunTime:0.0010s ]
SQL: SELECT * FROM `wx_sys_config`  [ RunTime:0.0010s ]
SQL: select `cachekey` from `think_cache` where `cachekey`='sysconfig' limit 0,1 [ RunTime:0.0000s ]
SQL: UPDATE think_cache SET data='a:25:{s:9:"site_name";s:24:"精典妆家微信管理";s:11:"site_domain";s:22:"yuanpeishop.wx.cuci.cc";s:13:"site_keywords";s:0:"";s:9:"site_desc";s:0:"";s:12:"site_contact";s:0:"";s:9:"site_mail";s:0:"";s:7:"site_qq";s:0:"";s:12:"site_company";s:39:"广州市鑫浪信息科技有限公司";s:8:"app_name";s:24:"精典妆家微信管理";s:11:"app_version";s:8:"1.0 beta";s:8:"app_logo";s:25:"glyphicon glyphicon-apple";s:12:"qiniu_bucket";s:7:"jonzawx";s:15:"qiniu_accesskey";s:40:"fWcSm1smy1_IlRMXfroFo_6Gdee3eNC0f9IGdsjY";s:15:"qiniu_secretkey";s:40:"0mHG6krKEjxzrovZkvJJc3W0Be4nzNZxveIZFJuO";s:12:"qiniu_domain";s:30:"7xj4ba.com1.z0.glb.clouddn.com";s:9:"mail_smtp";s:11:"smtp.qq.com";s:13:"mail_username";s:10:"pm@cuci.cc";s:9:"mail_port";s:3:"465";s:13:"mail_password";s:9:"Test12345";s:14:"mail_smtp_auth";s:1:"1";s:9:"mail_from";s:10:"pm@cuci.cc";s:14:"mail_from_name";s:21:"楚才API管理中心";s:11:"mail_secure";s:3:"ssl";s:10:"mail_reply";s:16:"zoujingli@qq.com";s:20:"app_baidu_tongji_key";s:32:"df31b90409cbd7237728ca1a770d72e6";}' ,datacrc='',expire=0 WHERE `cachekey`='sysconfig' [ RunTime:0.1080s ]
SQL: SELECT `data`,`datacrc` FROM `think_cache` WHERE `cachekey`='sysconfig' AND (`expire` =0 OR `expire`>1432202573) LIMIT 0,1 [ RunTime:0.0010s ]
SQL: SELECT * FROM `wx_sys_config`  [ RunTime:0.0010s ]
SQL: select `cachekey` from `think_cache` where `cachekey`='sysconfig' limit 0,1 [ RunTime:0.0010s ]
SQL: UPDATE think_cache SET data='a:25:{s:9:"site_name";s:24:"精典妆家微信管理";s:11:"site_domain";s:22:"yuanpeishop.wx.cuci.cc";s:13:"site_keywords";s:0:"";s:9:"site_desc";s:0:"";s:12:"site_contact";s:0:"";s:9:"site_mail";s:0:"";s:7:"site_qq";s:0:"";s:12:"site_company";s:39:"广州市鑫浪信息科技有限公司";s:8:"app_name";s:24:"精典妆家微信管理";s:11:"app_version";s:8:"1.0 beta";s:8:"app_logo";s:25:"glyphicon glyphicon-apple";s:12:"qiniu_bucket";s:7:"jonzawx";s:15:"qiniu_accesskey";s:40:"fWcSm1smy1_IlRMXfroFo_6Gdee3eNC0f9IGdsjY";s:15:"qiniu_secretkey";s:40:"0mHG6krKEjxzrovZkvJJc3W0Be4nzNZxveIZFJuO";s:12:"qiniu_domain";s:30:"7xj4ba.com1.z0.glb.clouddn.com";s:9:"mail_smtp";s:11:"smtp.qq.com";s:13:"mail_username";s:10:"pm@cuci.cc";s:9:"mail_port";s:3:"465";s:13:"mail_password";s:9:"Test12345";s:14:"mail_smtp_auth";s:1:"1";s:9:"mail_from";s:10:"pm@cuci.cc";s:14:"mail_from_name";s:21:"楚才API管理中心";s:11:"mail_secure";s:3:"ssl";s:10:"mail_reply";s:16:"zoujingli@qq.com";s:20:"app_baidu_tongji_key";s:32:"df31b90409cbd7237728ca1a770d72e6";}' ,datacrc='',expire=0 WHERE `cachekey`='sysconfig' [ RunTime:0.0890s ]
SQL: SELECT `data`,`datacrc` FROM `think_cache` WHERE `cachekey`='sysconfig' AND (`expire` =0 OR `expire`>1432202573) LIMIT 0,1 [ RunTime:0.0010s ]
SQL: SELECT * FROM `wx_sys_config`  [ RunTime:0.0010s ]
SQL: select `cachekey` from `think_cache` where `cachekey`='sysconfig' limit 0,1 [ RunTime:0.0010s ]
SQL: UPDATE think_cache SET data='a:25:{s:9:"site_name";s:24:"精典妆家微信管理";s:11:"site_domain";s:22:"yuanpeishop.wx.cuci.cc";s:13:"site_keywords";s:0:"";s:9:"site_desc";s:0:"";s:12:"site_contact";s:0:"";s:9:"site_mail";s:0:"";s:7:"site_qq";s:0:"";s:12:"site_company";s:39:"广州市鑫浪信息科技有限公司";s:8:"app_name";s:24:"精典妆家微信管理";s:11:"app_version";s:8:"1.0 beta";s:8:"app_logo";s:25:"glyphicon glyphicon-apple";s:12:"qiniu_bucket";s:7:"jonzawx";s:15:"qiniu_accesskey";s:40:"fWcSm1smy1_IlRMXfroFo_6Gdee3eNC0f9IGdsjY";s:15:"qiniu_secretkey";s:40:"0mHG6krKEjxzrovZkvJJc3W0Be4nzNZxveIZFJuO";s:12:"qiniu_domain";s:30:"7xj4ba.com1.z0.glb.clouddn.com";s:9:"mail_smtp";s:11:"smtp.qq.com";s:13:"mail_username";s:10:"pm@cuci.cc";s:9:"mail_port";s:3:"465";s:13:"mail_password";s:9:"Test12345";s:14:"mail_smtp_auth";s:1:"1";s:9:"mail_from";s:10:"pm@cuci.cc";s:14:"mail_from_name";s:21:"楚才API管理中心";s:11:"mail_secure";s:3:"ssl";s:10:"mail_reply";s:16:"zoujingli@qq.com";s:20:"app_baidu_tongji_key";s:32:"df31b90409cbd7237728ca1a770d72e6";}' ,datacrc='',expire=0 WHERE `cachekey`='sysconfig' [ RunTime:0.0600s ]
INFO: [ view_parse ] --START--
INFO: [ template_filter ] --START--
INFO: Run Behavior\ContentReplaceBehavior [ RunTime:0.001001s ]
INFO: [ template_filter ] --END-- [ RunTime:0.001001s ]
INFO: Run Behavior\ParseTemplateBehavior [ RunTime:0.019001s ]
INFO: [ view_parse ] --END-- [ RunTime:0.021001s ]
INFO: [ view_filter ] --START--
INFO: Run Behavior\WriteHtmlCacheBehavior [ RunTime:0.001000s ]
INFO: Run Library\Behavior\EmptyImageBehavior [ RunTime:0.002000s ]
INFO: [ view_filter ] --END-- [ RunTime:0.004000s ]
INFO: [ app_end ] --START--
INFO: Run Behavior\ShowPageTraceBehavior [ RunTime:0.002000s ]
INFO: [ app_end ] --END-- [ RunTime:0.003000s ]

[ 2015-05-21T18:03:04+08:00 ] 127.0.0.1 /jonza/index.php/plugin/ueditor.js
SQL: SHOW COLUMNS FROM `wx_app` [ RunTime:0.0070s ]
SQL: SELECT * FROM `wx_app` WHERE `status` = 2 AND ( `id` = null OR `host` = 'localhost' ) LIMIT 1   [ RunTime:0.0010s ]
SQL: SELECT `data`,`datacrc` FROM `think_cache` WHERE `cachekey`='sysconfig' AND (`expire` =0 OR `expire`>1432202584) LIMIT 0,1 [ RunTime:0.0000s ]
SQL: SHOW COLUMNS FROM `wx_sys_config` [ RunTime:0.0080s ]
SQL: SELECT * FROM `wx_sys_config`  [ RunTime:0.0010s ]
SQL: select `cachekey` from `think_cache` where `cachekey`='sysconfig' limit 0,1 [ RunTime:0.0000s ]
SQL: UPDATE think_cache SET data='a:25:{s:9:"site_name";s:24:"精典妆家微信管理";s:11:"site_domain";s:22:"yuanpeishop.wx.cuci.cc";s:13:"site_keywords";s:0:"";s:9:"site_desc";s:0:"";s:12:"site_contact";s:0:"";s:9:"site_mail";s:0:"";s:7:"site_qq";s:0:"";s:12:"site_company";s:39:"广州市鑫浪信息科技有限公司";s:8:"app_name";s:24:"精典妆家微信管理";s:11:"app_version";s:8:"1.0 beta";s:8:"app_logo";s:25:"glyphicon glyphicon-apple";s:12:"qiniu_bucket";s:7:"jonzawx";s:15:"qiniu_accesskey";s:40:"fWcSm1smy1_IlRMXfroFo_6Gdee3eNC0f9IGdsjY";s:15:"qiniu_secretkey";s:40:"0mHG6krKEjxzrovZkvJJc3W0Be4nzNZxveIZFJuO";s:12:"qiniu_domain";s:30:"7xj4ba.com1.z0.glb.clouddn.com";s:9:"mail_smtp";s:11:"smtp.qq.com";s:13:"mail_username";s:10:"pm@cuci.cc";s:9:"mail_port";s:3:"465";s:13:"mail_password";s:9:"Test12345";s:14:"mail_smtp_auth";s:1:"1";s:9:"mail_from";s:10:"pm@cuci.cc";s:14:"mail_from_name";s:21:"楚才API管理中心";s:11:"mail_secure";s:3:"ssl";s:10:"mail_reply";s:16:"zoujingli@qq.com";s:20:"app_baidu_tongji_key";s:32:"df31b90409cbd7237728ca1a770d72e6";}' ,datacrc='',expire=0 WHERE `cachekey`='sysconfig' [ RunTime:0.0560s ]
SQL: SELECT `data`,`datacrc` FROM `think_cache` WHERE `cachekey`='sysconfig' AND (`expire` =0 OR `expire`>1432202584) LIMIT 0,1 [ RunTime:0.0010s ]
SQL: SELECT * FROM `wx_sys_config`  [ RunTime:0.0010s ]
SQL: select `cachekey` from `think_cache` where `cachekey`='sysconfig' limit 0,1 [ RunTime:0.0010s ]
SQL: UPDATE think_cache SET data='a:25:{s:9:"site_name";s:24:"精典妆家微信管理";s:11:"site_domain";s:22:"yuanpeishop.wx.cuci.cc";s:13:"site_keywords";s:0:"";s:9:"site_desc";s:0:"";s:12:"site_contact";s:0:"";s:9:"site_mail";s:0:"";s:7:"site_qq";s:0:"";s:12:"site_company";s:39:"广州市鑫浪信息科技有限公司";s:8:"app_name";s:24:"精典妆家微信管理";s:11:"app_version";s:8:"1.0 beta";s:8:"app_logo";s:25:"glyphicon glyphicon-apple";s:12:"qiniu_bucket";s:7:"jonzawx";s:15:"qiniu_accesskey";s:40:"fWcSm1smy1_IlRMXfroFo_6Gdee3eNC0f9IGdsjY";s:15:"qiniu_secretkey";s:40:"0mHG6krKEjxzrovZkvJJc3W0Be4nzNZxveIZFJuO";s:12:"qiniu_domain";s:30:"7xj4ba.com1.z0.glb.clouddn.com";s:9:"mail_smtp";s:11:"smtp.qq.com";s:13:"mail_username";s:10:"pm@cuci.cc";s:9:"mail_port";s:3:"465";s:13:"mail_password";s:9:"Test12345";s:14:"mail_smtp_auth";s:1:"1";s:9:"mail_from";s:10:"pm@cuci.cc";s:14:"mail_from_name";s:21:"楚才API管理中心";s:11:"mail_secure";s:3:"ssl";s:10:"mail_reply";s:16:"zoujingli@qq.com";s:20:"app_baidu_tongji_key";s:32:"df31b90409cbd7237728ca1a770d72e6";}' ,datacrc='',expire=0 WHERE `cachekey`='sysconfig' [ RunTime:0.0480s ]
SQL: SELECT `data`,`datacrc` FROM `think_cache` WHERE `cachekey`='sysconfig' AND (`expire` =0 OR `expire`>1432202584) LIMIT 0,1 [ RunTime:0.0010s ]
SQL: SELECT * FROM `wx_sys_config`  [ RunTime:0.0010s ]
SQL: select `cachekey` from `think_cache` where `cachekey`='sysconfig' limit 0,1 [ RunTime:0.0000s ]
SQL: UPDATE think_cache SET data='a:25:{s:9:"site_name";s:24:"精典妆家微信管理";s:11:"site_domain";s:22:"yuanpeishop.wx.cuci.cc";s:13:"site_keywords";s:0:"";s:9:"site_desc";s:0:"";s:12:"site_contact";s:0:"";s:9:"site_mail";s:0:"";s:7:"site_qq";s:0:"";s:12:"site_company";s:39:"广州市鑫浪信息科技有限公司";s:8:"app_name";s:24:"精典妆家微信管理";s:11:"app_version";s:8:"1.0 beta";s:8:"app_logo";s:25:"glyphicon glyphicon-apple";s:12:"qiniu_bucket";s:7:"jonzawx";s:15:"qiniu_accesskey";s:40:"fWcSm1smy1_IlRMXfroFo_6Gdee3eNC0f9IGdsjY";s:15:"qiniu_secretkey";s:40:"0mHG6krKEjxzrovZkvJJc3W0Be4nzNZxveIZFJuO";s:12:"qiniu_domain";s:30:"7xj4ba.com1.z0.glb.clouddn.com";s:9:"mail_smtp";s:11:"smtp.qq.com";s:13:"mail_username";s:10:"pm@cuci.cc";s:9:"mail_port";s:3:"465";s:13:"mail_password";s:9:"Test12345";s:14:"mail_smtp_auth";s:1:"1";s:9:"mail_from";s:10:"pm@cuci.cc";s:14:"mail_from_name";s:21:"楚才API管理中心";s:11:"mail_secure";s:3:"ssl";s:10:"mail_reply";s:16:"zoujingli@qq.com";s:20:"app_baidu_tongji_key";s:32:"df31b90409cbd7237728ca1a770d72e6";}' ,datacrc='',expire=0 WHERE `cachekey`='sysconfig' [ RunTime:0.0480s ]
SQL: SELECT `data`,`datacrc` FROM `think_cache` WHERE `cachekey`='sysconfig' AND (`expire` =0 OR `expire`>1432202584) LIMIT 0,1 [ RunTime:0.0010s ]
SQL: SELECT * FROM `wx_sys_config`  [ RunTime:0.0010s ]
SQL: select `cachekey` from `think_cache` where `cachekey`='sysconfig' limit 0,1 [ RunTime:0.0010s ]
SQL: UPDATE think_cache SET data='a:25:{s:9:"site_name";s:24:"精典妆家微信管理";s:11:"site_domain";s:22:"yuanpeishop.wx.cuci.cc";s:13:"site_keywords";s:0:"";s:9:"site_desc";s:0:"";s:12:"site_contact";s:0:"";s:9:"site_mail";s:0:"";s:7:"site_qq";s:0:"";s:12:"site_company";s:39:"广州市鑫浪信息科技有限公司";s:8:"app_name";s:24:"精典妆家微信管理";s:11:"app_version";s:8:"1.0 beta";s:8:"app_logo";s:25:"glyphicon glyphicon-apple";s:12:"qiniu_bucket";s:7:"jonzawx";s:15:"qiniu_accesskey";s:40:"fWcSm1smy1_IlRMXfroFo_6Gdee3eNC0f9IGdsjY";s:15:"qiniu_secretkey";s:40:"0mHG6krKEjxzrovZkvJJc3W0Be4nzNZxveIZFJuO";s:12:"qiniu_domain";s:30:"7xj4ba.com1.z0.glb.clouddn.com";s:9:"mail_smtp";s:11:"smtp.qq.com";s:13:"mail_username";s:10:"pm@cuci.cc";s:9:"mail_port";s:3:"465";s:13:"mail_password";s:9:"Test12345";s:14:"mail_smtp_auth";s:1:"1";s:9:"mail_from";s:10:"pm@cuci.cc";s:14:"mail_from_name";s:21:"楚才API管理中心";s:11:"mail_secure";s:3:"ssl";s:10:"mail_reply";s:16:"zoujingli@qq.com";s:20:"app_baidu_tongji_key";s:32:"df31b90409cbd7237728ca1a770d72e6";}' ,datacrc='',expire=0 WHERE `cachekey`='sysconfig' [ RunTime:0.0270s ]
INFO: [ view_parse ] --START--
INFO: [ template_filter ] --START--
INFO: Run Behavior\ContentReplaceBehavior [ RunTime:0.000000s ]
INFO: [ template_filter ] --END-- [ RunTime:0.001000s ]
INFO: Run Behavior\ParseTemplateBehavior [ RunTime:0.021001s ]
INFO: [ view_parse ] --END-- [ RunTime:0.022001s ]
INFO: [ view_filter ] --START--
INFO: Run Behavior\WriteHtmlCacheBehavior [ RunTime:0.001000s ]
INFO: Run Library\Behavior\EmptyImageBehavior [ RunTime:0.014001s ]
INFO: [ view_filter ] --END-- [ RunTime:0.016001s ]
INFO: [ app_end ] --START--
INFO: Run Behavior\ShowPageTraceBehavior [ RunTime:0.002000s ]
INFO: [ app_end ] --END-- [ RunTime:0.004000s ]

[ 2015-05-21T18:03:14+08:00 ] 127.0.0.1 /jonza/index.php/plugin/ueditor.js
SQL: SHOW COLUMNS FROM `wx_app` [ RunTime:0.0080s ]
SQL: SELECT * FROM `wx_app` WHERE `status` = 2 AND ( `id` = null OR `host` = 'localhost' ) LIMIT 1   [ RunTime:0.0010s ]
SQL: SELECT `data`,`datacrc` FROM `think_cache` WHERE `cachekey`='sysconfig' AND (`expire` =0 OR `expire`>1432202594) LIMIT 0,1 [ RunTime:0.0010s ]
SQL: SHOW COLUMNS FROM `wx_sys_config` [ RunTime:0.0090s ]
SQL: SELECT * FROM `wx_sys_config`  [ RunTime:0.0010s ]
SQL: select `cachekey` from `think_cache` where `cachekey`='sysconfig' limit 0,1 [ RunTime:0.0000s ]
SQL: UPDATE think_cache SET data='a:25:{s:9:"site_name";s:24:"精典妆家微信管理";s:11:"site_domain";s:22:"yuanpeishop.wx.cuci.cc";s:13:"site_keywords";s:0:"";s:9:"site_desc";s:0:"";s:12:"site_contact";s:0:"";s:9:"site_mail";s:0:"";s:7:"site_qq";s:0:"";s:12:"site_company";s:39:"广州市鑫浪信息科技有限公司";s:8:"app_name";s:24:"精典妆家微信管理";s:11:"app_version";s:8:"1.0 beta";s:8:"app_logo";s:25:"glyphicon glyphicon-apple";s:12:"qiniu_bucket";s:7:"jonzawx";s:15:"qiniu_accesskey";s:40:"fWcSm1smy1_IlRMXfroFo_6Gdee3eNC0f9IGdsjY";s:15:"qiniu_secretkey";s:40:"0mHG6krKEjxzrovZkvJJc3W0Be4nzNZxveIZFJuO";s:12:"qiniu_domain";s:30:"7xj4ba.com1.z0.glb.clouddn.com";s:9:"mail_smtp";s:11:"smtp.qq.com";s:13:"mail_username";s:10:"pm@cuci.cc";s:9:"mail_port";s:3:"465";s:13:"mail_password";s:9:"Test12345";s:14:"mail_smtp_auth";s:1:"1";s:9:"mail_from";s:10:"pm@cuci.cc";s:14:"mail_from_name";s:21:"楚才API管理中心";s:11:"mail_secure";s:3:"ssl";s:10:"mail_reply";s:16:"zoujingli@qq.com";s:20:"app_baidu_tongji_key";s:32:"df31b90409cbd7237728ca1a770d72e6";}' ,datacrc='',expire=0 WHERE `cachekey`='sysconfig' [ RunTime:0.0820s ]
SQL: SELECT `data`,`datacrc` FROM `think_cache` WHERE `cachekey`='sysconfig' AND (`expire` =0 OR `expire`>1432202594) LIMIT 0,1 [ RunTime:0.0010s ]
SQL: SELECT * FROM `wx_sys_config`  [ RunTime:0.0010s ]
SQL: select `cachekey` from `think_cache` where `cachekey`='sysconfig' limit 0,1 [ RunTime:0.0000s ]
SQL: UPDATE think_cache SET data='a:25:{s:9:"site_name";s:24:"精典妆家微信管理";s:11:"site_domain";s:22:"yuanpeishop.wx.cuci.cc";s:13:"site_keywords";s:0:"";s:9:"site_desc";s:0:"";s:12:"site_contact";s:0:"";s:9:"site_mail";s:0:"";s:7:"site_qq";s:0:"";s:12:"site_company";s:39:"广州市鑫浪信息科技有限公司";s:8:"app_name";s:24:"精典妆家微信管理";s:11:"app_version";s:8:"1.0 beta";s:8:"app_logo";s:25:"glyphicon glyphicon-apple";s:12:"qiniu_bucket";s:7:"jonzawx";s:15:"qiniu_accesskey";s:40:"fWcSm1smy1_IlRMXfroFo_6Gdee3eNC0f9IGdsjY";s:15:"qiniu_secretkey";s:40:"0mHG6krKEjxzrovZkvJJc3W0Be4nzNZxveIZFJuO";s:12:"qiniu_domain";s:30:"7xj4ba.com1.z0.glb.clouddn.com";s:9:"mail_smtp";s:11:"smtp.qq.com";s:13:"mail_username";s:10:"pm@cuci.cc";s:9:"mail_port";s:3:"465";s:13:"mail_password";s:9:"Test12345";s:14:"mail_smtp_auth";s:1:"1";s:9:"mail_from";s:10:"pm@cuci.cc";s:14:"mail_from_name";s:21:"楚才API管理中心";s:11:"mail_secure";s:3:"ssl";s:10:"mail_reply";s:16:"zoujingli@qq.com";s:20:"app_baidu_tongji_key";s:32:"df31b90409cbd7237728ca1a770d72e6";}' ,datacrc='',expire=0 WHERE `cachekey`='sysconfig' [ RunTime:0.0590s ]
SQL: SELECT `data`,`datacrc` FROM `think_cache` WHERE `cachekey`='sysconfig' AND (`expire` =0 OR `expire`>1432202594) LIMIT 0,1 [ RunTime:0.0010s ]
SQL: SELECT * FROM `wx_sys_config`  [ RunTime:0.0010s ]
SQL: select `cachekey` from `think_cache` where `cachekey`='sysconfig' limit 0,1 [ RunTime:0.0010s ]
SQL: UPDATE think_cache SET data='a:25:{s:9:"site_name";s:24:"精典妆家微信管理";s:11:"site_domain";s:22:"yuanpeishop.wx.cuci.cc";s:13:"site_keywords";s:0:"";s:9:"site_desc";s:0:"";s:12:"site_contact";s:0:"";s:9:"site_mail";s:0:"";s:7:"site_qq";s:0:"";s:12:"site_company";s:39:"广州市鑫浪信息科技有限公司";s:8:"app_name";s:24:"精典妆家微信管理";s:11:"app_version";s:8:"1.0 beta";s:8:"app_logo";s:25:"glyphicon glyphicon-apple";s:12:"qiniu_bucket";s:7:"jonzawx";s:15:"qiniu_accesskey";s:40:"fWcSm1smy1_IlRMXfroFo_6Gdee3eNC0f9IGdsjY";s:15:"qiniu_secretkey";s:40:"0mHG6krKEjxzrovZkvJJc3W0Be4nzNZxveIZFJuO";s:12:"qiniu_domain";s:30:"7xj4ba.com1.z0.glb.clouddn.com";s:9:"mail_smtp";s:11:"smtp.qq.com";s:13:"mail_username";s:10:"pm@cuci.cc";s:9:"mail_port";s:3:"465";s:13:"mail_password";s:9:"Test12345";s:14:"mail_smtp_auth";s:1:"1";s:9:"mail_from";s:10:"pm@cuci.cc";s:14:"mail_from_name";s:21:"楚才API管理中心";s:11:"mail_secure";s:3:"ssl";s:10:"mail_reply";s:16:"zoujingli@qq.com";s:20:"app_baidu_tongji_key";s:32:"df31b90409cbd7237728ca1a770d72e6";}' ,datacrc='',expire=0 WHERE `cachekey`='sysconfig' [ RunTime:0.0410s ]
SQL: SELECT `data`,`datacrc` FROM `think_cache` WHERE `cachekey`='sysconfig' AND (`expire` =0 OR `expire`>1432202594) LIMIT 0,1 [ RunTime:0.0010s ]
SQL: SELECT * FROM `wx_sys_config`  [ RunTime:0.0010s ]
SQL: select `cachekey` from `think_cache` where `cachekey`='sysconfig' limit 0,1 [ RunTime:0.0000s ]
SQL: UPDATE think_cache SET data='a:25:{s:9:"site_name";s:24:"精典妆家微信管理";s:11:"site_domain";s:22:"yuanpeishop.wx.cuci.cc";s:13:"site_keywords";s:0:"";s:9:"site_desc";s:0:"";s:12:"site_contact";s:0:"";s:9:"site_mail";s:0:"";s:7:"site_qq";s:0:"";s:12:"site_company";s:39:"广州市鑫浪信息科技有限公司";s:8:"app_name";s:24:"精典妆家微信管理";s:11:"app_version";s:8:"1.0 beta";s:8:"app_logo";s:25:"glyphicon glyphicon-apple";s:12:"qiniu_bucket";s:7:"jonzawx";s:15:"qiniu_accesskey";s:40:"fWcSm1smy1_IlRMXfroFo_6Gdee3eNC0f9IGdsjY";s:15:"qiniu_secretkey";s:40:"0mHG6krKEjxzrovZkvJJc3W0Be4nzNZxveIZFJuO";s:12:"qiniu_domain";s:30:"7xj4ba.com1.z0.glb.clouddn.com";s:9:"mail_smtp";s:11:"smtp.qq.com";s:13:"mail_username";s:10:"pm@cuci.cc";s:9:"mail_port";s:3:"465";s:13:"mail_password";s:9:"Test12345";s:14:"mail_smtp_auth";s:1:"1";s:9:"mail_from";s:10:"pm@cuci.cc";s:14:"mail_from_name";s:21:"楚才API管理中心";s:11:"mail_secure";s:3:"ssl";s:10:"mail_reply";s:16:"zoujingli@qq.com";s:20:"app_baidu_tongji_key";s:32:"df31b90409cbd7237728ca1a770d72e6";}' ,datacrc='',expire=0 WHERE `cachekey`='sysconfig' [ RunTime:0.0240s ]
INFO: [ view_parse ] --START--
INFO: [ template_filter ] --START--
INFO: Run Behavior\ContentReplaceBehavior [ RunTime:0.000000s ]
INFO: [ template_filter ] --END-- [ RunTime:0.002000s ]
INFO: Run Behavior\ParseTemplateBehavior [ RunTime:0.021001s ]
INFO: [ view_parse ] --END-- [ RunTime:0.022001s ]
INFO: [ view_filter ] --START--
INFO: Run Behavior\WriteHtmlCacheBehavior [ RunTime:0.002000s ]
INFO: Run Library\Behavior\EmptyImageBehavior [ RunTime:0.002000s ]
INFO: [ view_filter ] --END-- [ RunTime:0.005000s ]
INFO: [ app_end ] --START--
INFO: Run Behavior\ShowPageTraceBehavior [ RunTime:0.002001s ]
INFO: [ app_end ] --END-- [ RunTime:0.002001s ]

[ 2015-05-21T18:03:32+08:00 ] 127.0.0.1 /jonza/index.php/plugin/ueditor.js
SQL: SHOW COLUMNS FROM `wx_app` [ RunTime:0.0170s ]
SQL: SELECT * FROM `wx_app` WHERE `status` = 2 AND ( `id` = null OR `host` = 'localhost' ) LIMIT 1   [ RunTime:0.0010s ]
SQL: SELECT `data`,`datacrc` FROM `think_cache` WHERE `cachekey`='sysconfig' AND (`expire` =0 OR `expire`>1432202611) LIMIT 0,1 [ RunTime:0.0010s ]
SQL: SHOW COLUMNS FROM `wx_sys_config` [ RunTime:0.0140s ]
SQL: SELECT * FROM `wx_sys_config`  [ RunTime:0.0050s ]
SQL: select `cachekey` from `think_cache` where `cachekey`='sysconfig' limit 0,1 [ RunTime:0.0020s ]
SQL: UPDATE think_cache SET data='a:25:{s:9:"site_name";s:24:"精典妆家微信管理";s:11:"site_domain";s:22:"yuanpeishop.wx.cuci.cc";s:13:"site_keywords";s:0:"";s:9:"site_desc";s:0:"";s:12:"site_contact";s:0:"";s:9:"site_mail";s:0:"";s:7:"site_qq";s:0:"";s:12:"site_company";s:39:"广州市鑫浪信息科技有限公司";s:8:"app_name";s:24:"精典妆家微信管理";s:11:"app_version";s:8:"1.0 beta";s:8:"app_logo";s:25:"glyphicon glyphicon-apple";s:12:"qiniu_bucket";s:7:"jonzawx";s:15:"qiniu_accesskey";s:40:"fWcSm1smy1_IlRMXfroFo_6Gdee3eNC0f9IGdsjY";s:15:"qiniu_secretkey";s:40:"0mHG6krKEjxzrovZkvJJc3W0Be4nzNZxveIZFJuO";s:12:"qiniu_domain";s:30:"7xj4ba.com1.z0.glb.clouddn.com";s:9:"mail_smtp";s:11:"smtp.qq.com";s:13:"mail_username";s:10:"pm@cuci.cc";s:9:"mail_port";s:3:"465";s:13:"mail_password";s:9:"Test12345";s:14:"mail_smtp_auth";s:1:"1";s:9:"mail_from";s:10:"pm@cuci.cc";s:14:"mail_from_name";s:21:"楚才API管理中心";s:11:"mail_secure";s:3:"ssl";s:10:"mail_reply";s:16:"zoujingli@qq.com";s:20:"app_baidu_tongji_key";s:32:"df31b90409cbd7237728ca1a770d72e6";}' ,datacrc='',expire=0 WHERE `cachekey`='sysconfig' [ RunTime:0.0560s ]
SQL: SELECT `data`,`datacrc` FROM `think_cache` WHERE `cachekey`='sysconfig' AND (`expire` =0 OR `expire`>1432202611) LIMIT 0,1 [ RunTime:0.0010s ]
SQL: SELECT * FROM `wx_sys_config`  [ RunTime:0.0010s ]
SQL: select `cachekey` from `think_cache` where `cachekey`='sysconfig' limit 0,1 [ RunTime:0.0010s ]
SQL: UPDATE think_cache SET data='a:25:{s:9:"site_name";s:24:"精典妆家微信管理";s:11:"site_domain";s:22:"yuanpeishop.wx.cuci.cc";s:13:"site_keywords";s:0:"";s:9:"site_desc";s:0:"";s:12:"site_contact";s:0:"";s:9:"site_mail";s:0:"";s:7:"site_qq";s:0:"";s:12:"site_company";s:39:"广州市鑫浪信息科技有限公司";s:8:"app_name";s:24:"精典妆家微信管理";s:11:"app_version";s:8:"1.0 beta";s:8:"app_logo";s:25:"glyphicon glyphicon-apple";s:12:"qiniu_bucket";s:7:"jonzawx";s:15:"qiniu_accesskey";s:40:"fWcSm1smy1_IlRMXfroFo_6Gdee3eNC0f9IGdsjY";s:15:"qiniu_secretkey";s:40:"0mHG6krKEjxzrovZkvJJc3W0Be4nzNZxveIZFJuO";s:12:"qiniu_domain";s:30:"7xj4ba.com1.z0.glb.clouddn.com";s:9:"mail_smtp";s:11:"smtp.qq.com";s:13:"mail_username";s:10:"pm@cuci.cc";s:9:"mail_port";s:3:"465";s:13:"mail_password";s:9:"Test12345";s:14:"mail_smtp_auth";s:1:"1";s:9:"mail_from";s:10:"pm@cuci.cc";s:14:"mail_from_name";s:21:"楚才API管理中心";s:11:"mail_secure";s:3:"ssl";s:10:"mail_reply";s:16:"zoujingli@qq.com";s:20:"app_baidu_tongji_key";s:32:"df31b90409cbd7237728ca1a770d72e6";}' ,datacrc='',expire=0 WHERE `cachekey`='sysconfig' [ RunTime:0.0910s ]
SQL: SELECT `data`,`datacrc` FROM `think_cache` WHERE `cachekey`='sysconfig' AND (`expire` =0 OR `expire`>1432202612) LIMIT 0,1 [ RunTime:0.0020s ]
SQL: SELECT * FROM `wx_sys_config`  [ RunTime:0.0010s ]
SQL: select `cachekey` from `think_cache` where `cachekey`='sysconfig' limit 0,1 [ RunTime:0.0000s ]
SQL: UPDATE think_cache SET data='a:25:{s:9:"site_name";s:24:"精典妆家微信管理";s:11:"site_domain";s:22:"yuanpeishop.wx.cuci.cc";s:13:"site_keywords";s:0:"";s:9:"site_desc";s:0:"";s:12:"site_contact";s:0:"";s:9:"site_mail";s:0:"";s:7:"site_qq";s:0:"";s:12:"site_company";s:39:"广州市鑫浪信息科技有限公司";s:8:"app_name";s:24:"精典妆家微信管理";s:11:"app_version";s:8:"1.0 beta";s:8:"app_logo";s:25:"glyphicon glyphicon-apple";s:12:"qiniu_bucket";s:7:"jonzawx";s:15:"qiniu_accesskey";s:40:"fWcSm1smy1_IlRMXfroFo_6Gdee3eNC0f9IGdsjY";s:15:"qiniu_secretkey";s:40:"0mHG6krKEjxzrovZkvJJc3W0Be4nzNZxveIZFJuO";s:12:"qiniu_domain";s:30:"7xj4ba.com1.z0.glb.clouddn.com";s:9:"mail_smtp";s:11:"smtp.qq.com";s:13:"mail_username";s:10:"pm@cuci.cc";s:9:"mail_port";s:3:"465";s:13:"mail_password";s:9:"Test12345";s:14:"mail_smtp_auth";s:1:"1";s:9:"mail_from";s:10:"pm@cuci.cc";s:14:"mail_from_name";s:21:"楚才API管理中心";s:11:"mail_secure";s:3:"ssl";s:10:"mail_reply";s:16:"zoujingli@qq.com";s:20:"app_baidu_tongji_key";s:32:"df31b90409cbd7237728ca1a770d72e6";}' ,datacrc='',expire=0 WHERE `cachekey`='sysconfig' [ RunTime:0.0590s ]
SQL: SELECT `data`,`datacrc` FROM `think_cache` WHERE `cachekey`='sysconfig' AND (`expire` =0 OR `expire`>1432202612) LIMIT 0,1 [ RunTime:0.0010s ]
SQL: SELECT * FROM `wx_sys_config`  [ RunTime:0.0020s ]
SQL: select `cachekey` from `think_cache` where `cachekey`='sysconfig' limit 0,1 [ RunTime:0.0010s ]
SQL: UPDATE think_cache SET data='a:25:{s:9:"site_name";s:24:"精典妆家微信管理";s:11:"site_domain";s:22:"yuanpeishop.wx.cuci.cc";s:13:"site_keywords";s:0:"";s:9:"site_desc";s:0:"";s:12:"site_contact";s:0:"";s:9:"site_mail";s:0:"";s:7:"site_qq";s:0:"";s:12:"site_company";s:39:"广州市鑫浪信息科技有限公司";s:8:"app_name";s:24:"精典妆家微信管理";s:11:"app_version";s:8:"1.0 beta";s:8:"app_logo";s:25:"glyphicon glyphicon-apple";s:12:"qiniu_bucket";s:7:"jonzawx";s:15:"qiniu_accesskey";s:40:"fWcSm1smy1_IlRMXfroFo_6Gdee3eNC0f9IGdsjY";s:15:"qiniu_secretkey";s:40:"0mHG6krKEjxzrovZkvJJc3W0Be4nzNZxveIZFJuO";s:12:"qiniu_domain";s:30:"7xj4ba.com1.z0.glb.clouddn.com";s:9:"mail_smtp";s:11:"smtp.qq.com";s:13:"mail_username";s:10:"pm@cuci.cc";s:9:"mail_port";s:3:"465";s:13:"mail_password";s:9:"Test12345";s:14:"mail_smtp_auth";s:1:"1";s:9:"mail_from";s:10:"pm@cuci.cc";s:14:"mail_from_name";s:21:"楚才API管理中心";s:11:"mail_secure";s:3:"ssl";s:10:"mail_reply";s:16:"zoujingli@qq.com";s:20:"app_baidu_tongji_key";s:32:"df31b90409cbd7237728ca1a770d72e6";}' ,datacrc='',expire=0 WHERE `cachekey`='sysconfig' [ RunTime:0.0470s ]
INFO: [ view_parse ] --START--
INFO: [ template_filter ] --START--
INFO: Run Behavior\ContentReplaceBehavior [ RunTime:0.001000s ]
INFO: [ template_filter ] --END-- [ RunTime:0.001000s ]
INFO: Run Behavior\ParseTemplateBehavior [ RunTime:0.019001s ]
INFO: [ view_parse ] --END-- [ RunTime:0.019001s ]
INFO: [ view_filter ] --START--
INFO: Run Behavior\WriteHtmlCacheBehavior [ RunTime:0.000000s ]
INFO: Run Library\Behavior\EmptyImageBehavior [ RunTime:0.002000s ]
INFO: [ view_filter ] --END-- [ RunTime:0.004001s ]
INFO: [ app_end ] --START--
INFO: Run Behavior\ShowPageTraceBehavior [ RunTime:0.002000s ]
INFO: [ app_end ] --END-- [ RunTime:0.003000s ]

[ 2015-05-21T18:03:48+08:00 ] 127.0.0.1 /jonza/index.php/plugin/ueditor.js
SQL: SHOW COLUMNS FROM `wx_app` [ RunTime:0.0080s ]
SQL: SELECT * FROM `wx_app` WHERE `status` = 2 AND ( `id` = null OR `host` = 'localhost' ) LIMIT 1   [ RunTime:0.0010s ]
SQL: SELECT `data`,`datacrc` FROM `think_cache` WHERE `cachekey`='sysconfig' AND (`expire` =0 OR `expire`>1432202628) LIMIT 0,1 [ RunTime:0.0010s ]
SQL: SHOW COLUMNS FROM `wx_sys_config` [ RunTime:0.0080s ]
SQL: SELECT * FROM `wx_sys_config`  [ RunTime:0.0020s ]
SQL: select `cachekey` from `think_cache` where `cachekey`='sysconfig' limit 0,1 [ RunTime:0.0010s ]
SQL: UPDATE think_cache SET data='a:25:{s:9:"site_name";s:24:"精典妆家微信管理";s:11:"site_domain";s:22:"yuanpeishop.wx.cuci.cc";s:13:"site_keywords";s:0:"";s:9:"site_desc";s:0:"";s:12:"site_contact";s:0:"";s:9:"site_mail";s:0:"";s:7:"site_qq";s:0:"";s:12:"site_company";s:39:"广州市鑫浪信息科技有限公司";s:8:"app_name";s:24:"精典妆家微信管理";s:11:"app_version";s:8:"1.0 beta";s:8:"app_logo";s:25:"glyphicon glyphicon-apple";s:12:"qiniu_bucket";s:7:"jonzawx";s:15:"qiniu_accesskey";s:40:"fWcSm1smy1_IlRMXfroFo_6Gdee3eNC0f9IGdsjY";s:15:"qiniu_secretkey";s:40:"0mHG6krKEjxzrovZkvJJc3W0Be4nzNZxveIZFJuO";s:12:"qiniu_domain";s:30:"7xj4ba.com1.z0.glb.clouddn.com";s:9:"mail_smtp";s:11:"smtp.qq.com";s:13:"mail_username";s:10:"pm@cuci.cc";s:9:"mail_port";s:3:"465";s:13:"mail_password";s:9:"Test12345";s:14:"mail_smtp_auth";s:1:"1";s:9:"mail_from";s:10:"pm@cuci.cc";s:14:"mail_from_name";s:21:"楚才API管理中心";s:11:"mail_secure";s:3:"ssl";s:10:"mail_reply";s:16:"zoujingli@qq.com";s:20:"app_baidu_tongji_key";s:32:"df31b90409cbd7237728ca1a770d72e6";}' ,datacrc='',expire=0 WHERE `cachekey`='sysconfig' [ RunTime:0.1440s ]
SQL: SELECT `data`,`datacrc` FROM `think_cache` WHERE `cachekey`='sysconfig' AND (`expire` =0 OR `expire`>1432202628) LIMIT 0,1 [ RunTime:0.0010s ]
SQL: SELECT * FROM `wx_sys_config`  [ RunTime:0.0010s ]
SQL: select `cachekey` from `think_cache` where `cachekey`='sysconfig' limit 0,1 [ RunTime:0.0010s ]
SQL: UPDATE think_cache SET data='a:25:{s:9:"site_name";s:24:"精典妆家微信管理";s:11:"site_domain";s:22:"yuanpeishop.wx.cuci.cc";s:13:"site_keywords";s:0:"";s:9:"site_desc";s:0:"";s:12:"site_contact";s:0:"";s:9:"site_mail";s:0:"";s:7:"site_qq";s:0:"";s:12:"site_company";s:39:"广州市鑫浪信息科技有限公司";s:8:"app_name";s:24:"精典妆家微信管理";s:11:"app_version";s:8:"1.0 beta";s:8:"app_logo";s:25:"glyphicon glyphicon-apple";s:12:"qiniu_bucket";s:7:"jonzawx";s:15:"qiniu_accesskey";s:40:"fWcSm1smy1_IlRMXfroFo_6Gdee3eNC0f9IGdsjY";s:15:"qiniu_secretkey";s:40:"0mHG6krKEjxzrovZkvJJc3W0Be4nzNZxveIZFJuO";s:12:"qiniu_domain";s:30:"7xj4ba.com1.z0.glb.clouddn.com";s:9:"mail_smtp";s:11:"smtp.qq.com";s:13:"mail_username";s:10:"pm@cuci.cc";s:9:"mail_port";s:3:"465";s:13:"mail_password";s:9:"Test12345";s:14:"mail_smtp_auth";s:1:"1";s:9:"mail_from";s:10:"pm@cuci.cc";s:14:"mail_from_name";s:21:"楚才API管理中心";s:11:"mail_secure";s:3:"ssl";s:10:"mail_reply";s:16:"zoujingli@qq.com";s:20:"app_baidu_tongji_key";s:32:"df31b90409cbd7237728ca1a770d72e6";}' ,datacrc='',expire=0 WHERE `cachekey`='sysconfig' [ RunTime:0.0970s ]
SQL: SELECT `data`,`datacrc` FROM `think_cache` WHERE `cachekey`='sysconfig' AND (`expire` =0 OR `expire`>1432202628) LIMIT 0,1 [ RunTime:0.0010s ]
SQL: SELECT * FROM `wx_sys_config`  [ RunTime:0.0010s ]
SQL: select `cachekey` from `think_cache` where `cachekey`='sysconfig' limit 0,1 [ RunTime:0.0010s ]
SQL: UPDATE think_cache SET data='a:25:{s:9:"site_name";s:24:"精典妆家微信管理";s:11:"site_domain";s:22:"yuanpeishop.wx.cuci.cc";s:13:"site_keywords";s:0:"";s:9:"site_desc";s:0:"";s:12:"site_contact";s:0:"";s:9:"site_mail";s:0:"";s:7:"site_qq";s:0:"";s:12:"site_company";s:39:"广州市鑫浪信息科技有限公司";s:8:"app_name";s:24:"精典妆家微信管理";s:11:"app_version";s:8:"1.0 beta";s:8:"app_logo";s:25:"glyphicon glyphicon-apple";s:12:"qiniu_bucket";s:7:"jonzawx";s:15:"qiniu_accesskey";s:40:"fWcSm1smy1_IlRMXfroFo_6Gdee3eNC0f9IGdsjY";s:15:"qiniu_secretkey";s:40:"0mHG6krKEjxzrovZkvJJc3W0Be4nzNZxveIZFJuO";s:12:"qiniu_domain";s:30:"7xj4ba.com1.z0.glb.clouddn.com";s:9:"mail_smtp";s:11:"smtp.qq.com";s:13:"mail_username";s:10:"pm@cuci.cc";s:9:"mail_port";s:3:"465";s:13:"mail_password";s:9:"Test12345";s:14:"mail_smtp_auth";s:1:"1";s:9:"mail_from";s:10:"pm@cuci.cc";s:14:"mail_from_name";s:21:"楚才API管理中心";s:11:"mail_secure";s:3:"ssl";s:10:"mail_reply";s:16:"zoujingli@qq.com";s:20:"app_baidu_tongji_key";s:32:"df31b90409cbd7237728ca1a770d72e6";}' ,datacrc='',expire=0 WHERE `cachekey`='sysconfig' [ RunTime:0.0360s ]
SQL: SELECT `data`,`datacrc` FROM `think_cache` WHERE `cachekey`='sysconfig' AND (`expire` =0 OR `expire`>1432202628) LIMIT 0,1 [ RunTime:0.0010s ]
SQL: SELECT * FROM `wx_sys_config`  [ RunTime:0.0010s ]
SQL: select `cachekey` from `think_cache` where `cachekey`='sysconfig' limit 0,1 [ RunTime:0.0000s ]
SQL: UPDATE think_cache SET data='a:25:{s:9:"site_name";s:24:"精典妆家微信管理";s:11:"site_domain";s:22:"yuanpeishop.wx.cuci.cc";s:13:"site_keywords";s:0:"";s:9:"site_desc";s:0:"";s:12:"site_contact";s:0:"";s:9:"site_mail";s:0:"";s:7:"site_qq";s:0:"";s:12:"site_company";s:39:"广州市鑫浪信息科技有限公司";s:8:"app_name";s:24:"精典妆家微信管理";s:11:"app_version";s:8:"1.0 beta";s:8:"app_logo";s:25:"glyphicon glyphicon-apple";s:12:"qiniu_bucket";s:7:"jonzawx";s:15:"qiniu_accesskey";s:40:"fWcSm1smy1_IlRMXfroFo_6Gdee3eNC0f9IGdsjY";s:15:"qiniu_secretkey";s:40:"0mHG6krKEjxzrovZkvJJc3W0Be4nzNZxveIZFJuO";s:12:"qiniu_domain";s:30:"7xj4ba.com1.z0.glb.clouddn.com";s:9:"mail_smtp";s:11:"smtp.qq.com";s:13:"mail_username";s:10:"pm@cuci.cc";s:9:"mail_port";s:3:"465";s:13:"mail_password";s:9:"Test12345";s:14:"mail_smtp_auth";s:1:"1";s:9:"mail_from";s:10:"pm@cuci.cc";s:14:"mail_from_name";s:21:"楚才API管理中心";s:11:"mail_secure";s:3:"ssl";s:10:"mail_reply";s:16:"zoujingli@qq.com";s:20:"app_baidu_tongji_key";s:32:"df31b90409cbd7237728ca1a770d72e6";}' ,datacrc='',expire=0 WHERE `cachekey`='sysconfig' [ RunTime:0.0730s ]
INFO: [ view_parse ] --START--
INFO: [ template_filter ] --START--
INFO: Run Behavior\ContentReplaceBehavior [ RunTime:0.001000s ]
INFO: [ template_filter ] --END-- [ RunTime:0.001000s ]
INFO: Run Behavior\ParseTemplateBehavior [ RunTime:0.019001s ]
INFO: [ view_parse ] --END-- [ RunTime:0.019001s ]
INFO: [ view_filter ] --START--
INFO: Run Behavior\WriteHtmlCacheBehavior [ RunTime:0.001000s ]
INFO: Run Library\Behavior\EmptyImageBehavior [ RunTime:0.002000s ]
INFO: [ view_filter ] --END-- [ RunTime:0.004000s ]
INFO: [ app_end ] --START--
INFO: Run Behavior\ShowPageTraceBehavior [ RunTime:0.002000s ]
INFO: [ app_end ] --END-- [ RunTime:0.002000s ]

[ 2015-05-21T18:04:01+08:00 ] 127.0.0.1 /jonza/index.php/plugin/ueditor.js
SQL: SHOW COLUMNS FROM `wx_app` [ RunTime:0.0080s ]
SQL: SELECT * FROM `wx_app` WHERE `status` = 2 AND ( `id` = null OR `host` = 'localhost' ) LIMIT 1   [ RunTime:0.0010s ]
SQL: SELECT `data`,`datacrc` FROM `think_cache` WHERE `cachekey`='sysconfig' AND (`expire` =0 OR `expire`>1432202640) LIMIT 0,1 [ RunTime:0.0010s ]
SQL: SHOW COLUMNS FROM `wx_sys_config` [ RunTime:0.0090s ]
SQL: SELECT * FROM `wx_sys_config`  [ RunTime:0.0020s ]
SQL: select `cachekey` from `think_cache` where `cachekey`='sysconfig' limit 0,1 [ RunTime:0.0010s ]
SQL: UPDATE think_cache SET data='a:25:{s:9:"site_name";s:24:"精典妆家微信管理";s:11:"site_domain";s:22:"yuanpeishop.wx.cuci.cc";s:13:"site_keywords";s:0:"";s:9:"site_desc";s:0:"";s:12:"site_contact";s:0:"";s:9:"site_mail";s:0:"";s:7:"site_qq";s:0:"";s:12:"site_company";s:39:"广州市鑫浪信息科技有限公司";s:8:"app_name";s:24:"精典妆家微信管理";s:11:"app_version";s:8:"1.0 beta";s:8:"app_logo";s:25:"glyphicon glyphicon-apple";s:12:"qiniu_bucket";s:7:"jonzawx";s:15:"qiniu_accesskey";s:40:"fWcSm1smy1_IlRMXfroFo_6Gdee3eNC0f9IGdsjY";s:15:"qiniu_secretkey";s:40:"0mHG6krKEjxzrovZkvJJc3W0Be4nzNZxveIZFJuO";s:12:"qiniu_domain";s:30:"7xj4ba.com1.z0.glb.clouddn.com";s:9:"mail_smtp";s:11:"smtp.qq.com";s:13:"mail_username";s:10:"pm@cuci.cc";s:9:"mail_port";s:3:"465";s:13:"mail_password";s:9:"Test12345";s:14:"mail_smtp_auth";s:1:"1";s:9:"mail_from";s:10:"pm@cuci.cc";s:14:"mail_from_name";s:21:"楚才API管理中心";s:11:"mail_secure";s:3:"ssl";s:10:"mail_reply";s:16:"zoujingli@qq.com";s:20:"app_baidu_tongji_key";s:32:"df31b90409cbd7237728ca1a770d72e6";}' ,datacrc='',expire=0 WHERE `cachekey`='sysconfig' [ RunTime:0.0480s ]
SQL: SELECT `data`,`datacrc` FROM `think_cache` WHERE `cachekey`='sysconfig' AND (`expire` =0 OR `expire`>1432202640) LIMIT 0,1 [ RunTime:0.0020s ]
SQL: SELECT * FROM `wx_sys_config`  [ RunTime:0.0020s ]
SQL: select `cachekey` from `think_cache` where `cachekey`='sysconfig' limit 0,1 [ RunTime:0.0010s ]
SQL: UPDATE think_cache SET data='a:25:{s:9:"site_name";s:24:"精典妆家微信管理";s:11:"site_domain";s:22:"yuanpeishop.wx.cuci.cc";s:13:"site_keywords";s:0:"";s:9:"site_desc";s:0:"";s:12:"site_contact";s:0:"";s:9:"site_mail";s:0:"";s:7:"site_qq";s:0:"";s:12:"site_company";s:39:"广州市鑫浪信息科技有限公司";s:8:"app_name";s:24:"精典妆家微信管理";s:11:"app_version";s:8:"1.0 beta";s:8:"app_logo";s:25:"glyphicon glyphicon-apple";s:12:"qiniu_bucket";s:7:"jonzawx";s:15:"qiniu_accesskey";s:40:"fWcSm1smy1_IlRMXfroFo_6Gdee3eNC0f9IGdsjY";s:15:"qiniu_secretkey";s:40:"0mHG6krKEjxzrovZkvJJc3W0Be4nzNZxveIZFJuO";s:12:"qiniu_domain";s:30:"7xj4ba.com1.z0.glb.clouddn.com";s:9:"mail_smtp";s:11:"smtp.qq.com";s:13:"mail_username";s:10:"pm@cuci.cc";s:9:"mail_port";s:3:"465";s:13:"mail_password";s:9:"Test12345";s:14:"mail_smtp_auth";s:1:"1";s:9:"mail_from";s:10:"pm@cuci.cc";s:14:"mail_from_name";s:21:"楚才API管理中心";s:11:"mail_secure";s:3:"ssl";s:10:"mail_reply";s:16:"zoujingli@qq.com";s:20:"app_baidu_tongji_key";s:32:"df31b90409cbd7237728ca1a770d72e6";}' ,datacrc='',expire=0 WHERE `cachekey`='sysconfig' [ RunTime:0.0380s ]
SQL: SELECT `data`,`datacrc` FROM `think_cache` WHERE `cachekey`='sysconfig' AND (`expire` =0 OR `expire`>1432202640) LIMIT 0,1 [ RunTime:0.0010s ]
SQL: SELECT * FROM `wx_sys_config`  [ RunTime:0.0010s ]
SQL: select `cachekey` from `think_cache` where `cachekey`='sysconfig' limit 0,1 [ RunTime:0.0030s ]
SQL: UPDATE think_cache SET data='a:25:{s:9:"site_name";s:24:"精典妆家微信管理";s:11:"site_domain";s:22:"yuanpeishop.wx.cuci.cc";s:13:"site_keywords";s:0:"";s:9:"site_desc";s:0:"";s:12:"site_contact";s:0:"";s:9:"site_mail";s:0:"";s:7:"site_qq";s:0:"";s:12:"site_company";s:39:"广州市鑫浪信息科技有限公司";s:8:"app_name";s:24:"精典妆家微信管理";s:11:"app_version";s:8:"1.0 beta";s:8:"app_logo";s:25:"glyphicon glyphicon-apple";s:12:"qiniu_bucket";s:7:"jonzawx";s:15:"qiniu_accesskey";s:40:"fWcSm1smy1_IlRMXfroFo_6Gdee3eNC0f9IGdsjY";s:15:"qiniu_secretkey";s:40:"0mHG6krKEjxzrovZkvJJc3W0Be4nzNZxveIZFJuO";s:12:"qiniu_domain";s:30:"7xj4ba.com1.z0.glb.clouddn.com";s:9:"mail_smtp";s:11:"smtp.qq.com";s:13:"mail_username";s:10:"pm@cuci.cc";s:9:"mail_port";s:3:"465";s:13:"mail_password";s:9:"Test12345";s:14:"mail_smtp_auth";s:1:"1";s:9:"mail_from";s:10:"pm@cuci.cc";s:14:"mail_from_name";s:21:"楚才API管理中心";s:11:"mail_secure";s:3:"ssl";s:10:"mail_reply";s:16:"zoujingli@qq.com";s:20:"app_baidu_tongji_key";s:32:"df31b90409cbd7237728ca1a770d72e6";}' ,datacrc='',expire=0 WHERE `cachekey`='sysconfig' [ RunTime:0.0690s ]
SQL: SELECT `data`,`datacrc` FROM `think_cache` WHERE `cachekey`='sysconfig' AND (`expire` =0 OR `expire`>1432202640) LIMIT 0,1 [ RunTime:0.0010s ]
SQL: SELECT * FROM `wx_sys_config`  [ RunTime:0.0010s ]
SQL: select `cachekey` from `think_cache` where `cachekey`='sysconfig' limit 0,1 [ RunTime:0.0000s ]
SQL: UPDATE think_cache SET data='a:25:{s:9:"site_name";s:24:"精典妆家微信管理";s:11:"site_domain";s:22:"yuanpeishop.wx.cuci.cc";s:13:"site_keywords";s:0:"";s:9:"site_desc";s:0:"";s:12:"site_contact";s:0:"";s:9:"site_mail";s:0:"";s:7:"site_qq";s:0:"";s:12:"site_company";s:39:"广州市鑫浪信息科技有限公司";s:8:"app_name";s:24:"精典妆家微信管理";s:11:"app_version";s:8:"1.0 beta";s:8:"app_logo";s:25:"glyphicon glyphicon-apple";s:12:"qiniu_bucket";s:7:"jonzawx";s:15:"qiniu_accesskey";s:40:"fWcSm1smy1_IlRMXfroFo_6Gdee3eNC0f9IGdsjY";s:15:"qiniu_secretkey";s:40:"0mHG6krKEjxzrovZkvJJc3W0Be4nzNZxveIZFJuO";s:12:"qiniu_domain";s:30:"7xj4ba.com1.z0.glb.clouddn.com";s:9:"mail_smtp";s:11:"smtp.qq.com";s:13:"mail_username";s:10:"pm@cuci.cc";s:9:"mail_port";s:3:"465";s:13:"mail_password";s:9:"Test12345";s:14:"mail_smtp_auth";s:1:"1";s:9:"mail_from";s:10:"pm@cuci.cc";s:14:"mail_from_name";s:21:"楚才API管理中心";s:11:"mail_secure";s:3:"ssl";s:10:"mail_reply";s:16:"zoujingli@qq.com";s:20:"app_baidu_tongji_key";s:32:"df31b90409cbd7237728ca1a770d72e6";}' ,datacrc='',expire=0 WHERE `cachekey`='sysconfig' [ RunTime:0.0420s ]
INFO: [ view_parse ] --START--
INFO: [ template_filter ] --START--
INFO: Run Behavior\ContentReplaceBehavior [ RunTime:0.000000s ]
INFO: [ template_filter ] --END-- [ RunTime:0.001000s ]
INFO: Run Behavior\ParseTemplateBehavior [ RunTime:0.023001s ]
INFO: [ view_parse ] --END-- [ RunTime:0.024001s ]
INFO: [ view_filter ] --START--
INFO: Run Behavior\WriteHtmlCacheBehavior [ RunTime:0.002000s ]
INFO: Run Library\Behavior\EmptyImageBehavior [ RunTime:0.003000s ]
INFO: [ view_filter ] --END-- [ RunTime:0.005000s ]
INFO: [ app_end ] --START--
INFO: Run Behavior\ShowPageTraceBehavior [ RunTime:0.002000s ]
INFO: [ app_end ] --END-- [ RunTime:0.002000s ]

[ 2015-05-21T18:05:13+08:00 ] 127.0.0.1 /jonza/index.php/plugin/ueditor.js
SQL: SHOW COLUMNS FROM `wx_app` [ RunTime:0.0070s ]
SQL: SELECT * FROM `wx_app` WHERE `status` = 2 AND ( `id` = null OR `host` = 'localhost' ) LIMIT 1   [ RunTime:0.0010s ]
SQL: SELECT `data`,`datacrc` FROM `think_cache` WHERE `cachekey`='sysconfig' AND (`expire` =0 OR `expire`>1432202713) LIMIT 0,1 [ RunTime:0.0010s ]
SQL: SHOW COLUMNS FROM `wx_sys_config` [ RunTime:0.0090s ]
SQL: SELECT * FROM `wx_sys_config`  [ RunTime:0.0010s ]
SQL: select `cachekey` from `think_cache` where `cachekey`='sysconfig' limit 0,1 [ RunTime:0.0000s ]
SQL: UPDATE think_cache SET data='a:25:{s:9:"site_name";s:24:"精典妆家微信管理";s:11:"site_domain";s:22:"yuanpeishop.wx.cuci.cc";s:13:"site_keywords";s:0:"";s:9:"site_desc";s:0:"";s:12:"site_contact";s:0:"";s:9:"site_mail";s:0:"";s:7:"site_qq";s:0:"";s:12:"site_company";s:39:"广州市鑫浪信息科技有限公司";s:8:"app_name";s:24:"精典妆家微信管理";s:11:"app_version";s:8:"1.0 beta";s:8:"app_logo";s:25:"glyphicon glyphicon-apple";s:12:"qiniu_bucket";s:7:"jonzawx";s:15:"qiniu_accesskey";s:40:"fWcSm1smy1_IlRMXfroFo_6Gdee3eNC0f9IGdsjY";s:15:"qiniu_secretkey";s:40:"0mHG6krKEjxzrovZkvJJc3W0Be4nzNZxveIZFJuO";s:12:"qiniu_domain";s:30:"7xj4ba.com1.z0.glb.clouddn.com";s:9:"mail_smtp";s:11:"smtp.qq.com";s:13:"mail_username";s:10:"pm@cuci.cc";s:9:"mail_port";s:3:"465";s:13:"mail_password";s:9:"Test12345";s:14:"mail_smtp_auth";s:1:"1";s:9:"mail_from";s:10:"pm@cuci.cc";s:14:"mail_from_name";s:21:"楚才API管理中心";s:11:"mail_secure";s:3:"ssl";s:10:"mail_reply";s:16:"zoujingli@qq.com";s:20:"app_baidu_tongji_key";s:32:"df31b90409cbd7237728ca1a770d72e6";}' ,datacrc='',expire=0 WHERE `cachekey`='sysconfig' [ RunTime:0.2340s ]
SQL: SELECT `data`,`datacrc` FROM `think_cache` WHERE `cachekey`='sysconfig' AND (`expire` =0 OR `expire`>1432202713) LIMIT 0,1 [ RunTime:0.0000s ]
SQL: SELECT * FROM `wx_sys_config`  [ RunTime:0.0010s ]
SQL: select `cachekey` from `think_cache` where `cachekey`='sysconfig' limit 0,1 [ RunTime:0.0000s ]
SQL: UPDATE think_cache SET data='a:25:{s:9:"site_name";s:24:"精典妆家微信管理";s:11:"site_domain";s:22:"yuanpeishop.wx.cuci.cc";s:13:"site_keywords";s:0:"";s:9:"site_desc";s:0:"";s:12:"site_contact";s:0:"";s:9:"site_mail";s:0:"";s:7:"site_qq";s:0:"";s:12:"site_company";s:39:"广州市鑫浪信息科技有限公司";s:8:"app_name";s:24:"精典妆家微信管理";s:11:"app_version";s:8:"1.0 beta";s:8:"app_logo";s:25:"glyphicon glyphicon-apple";s:12:"qiniu_bucket";s:7:"jonzawx";s:15:"qiniu_accesskey";s:40:"fWcSm1smy1_IlRMXfroFo_6Gdee3eNC0f9IGdsjY";s:15:"qiniu_secretkey";s:40:"0mHG6krKEjxzrovZkvJJc3W0Be4nzNZxveIZFJuO";s:12:"qiniu_domain";s:30:"7xj4ba.com1.z0.glb.clouddn.com";s:9:"mail_smtp";s:11:"smtp.qq.com";s:13:"mail_username";s:10:"pm@cuci.cc";s:9:"mail_port";s:3:"465";s:13:"mail_password";s:9:"Test12345";s:14:"mail_smtp_auth";s:1:"1";s:9:"mail_from";s:10:"pm@cuci.cc";s:14:"mail_from_name";s:21:"楚才API管理中心";s:11:"mail_secure";s:3:"ssl";s:10:"mail_reply";s:16:"zoujingli@qq.com";s:20:"app_baidu_tongji_key";s:32:"df31b90409cbd7237728ca1a770d72e6";}' ,datacrc='',expire=0 WHERE `cachekey`='sysconfig' [ RunTime:0.1060s ]
SQL: SELECT `data`,`datacrc` FROM `think_cache` WHERE `cachekey`='sysconfig' AND (`expire` =0 OR `expire`>1432202713) LIMIT 0,1 [ RunTime:0.0000s ]
SQL: SELECT * FROM `wx_sys_config`  [ RunTime:0.0010s ]
SQL: select `cachekey` from `think_cache` where `cachekey`='sysconfig' limit 0,1 [ RunTime:0.0010s ]
SQL: UPDATE think_cache SET data='a:25:{s:9:"site_name";s:24:"精典妆家微信管理";s:11:"site_domain";s:22:"yuanpeishop.wx.cuci.cc";s:13:"site_keywords";s:0:"";s:9:"site_desc";s:0:"";s:12:"site_contact";s:0:"";s:9:"site_mail";s:0:"";s:7:"site_qq";s:0:"";s:12:"site_company";s:39:"广州市鑫浪信息科技有限公司";s:8:"app_name";s:24:"精典妆家微信管理";s:11:"app_version";s:8:"1.0 beta";s:8:"app_logo";s:25:"glyphicon glyphicon-apple";s:12:"qiniu_bucket";s:7:"jonzawx";s:15:"qiniu_accesskey";s:40:"fWcSm1smy1_IlRMXfroFo_6Gdee3eNC0f9IGdsjY";s:15:"qiniu_secretkey";s:40:"0mHG6krKEjxzrovZkvJJc3W0Be4nzNZxveIZFJuO";s:12:"qiniu_domain";s:30:"7xj4ba.com1.z0.glb.clouddn.com";s:9:"mail_smtp";s:11:"smtp.qq.com";s:13:"mail_username";s:10:"pm@cuci.cc";s:9:"mail_port";s:3:"465";s:13:"mail_password";s:9:"Test12345";s:14:"mail_smtp_auth";s:1:"1";s:9:"mail_from";s:10:"pm@cuci.cc";s:14:"mail_from_name";s:21:"楚才API管理中心";s:11:"mail_secure";s:3:"ssl";s:10:"mail_reply";s:16:"zoujingli@qq.com";s:20:"app_baidu_tongji_key";s:32:"df31b90409cbd7237728ca1a770d72e6";}' ,datacrc='',expire=0 WHERE `cachekey`='sysconfig' [ RunTime:0.1080s ]
SQL: SELECT `data`,`datacrc` FROM `think_cache` WHERE `cachekey`='sysconfig' AND (`expire` =0 OR `expire`>1432202713) LIMIT 0,1 [ RunTime:0.0010s ]
SQL: SELECT * FROM `wx_sys_config`  [ RunTime:0.0000s ]
SQL: select `cachekey` from `think_cache` where `cachekey`='sysconfig' limit 0,1 [ RunTime:0.0010s ]
SQL: UPDATE think_cache SET data='a:25:{s:9:"site_name";s:24:"精典妆家微信管理";s:11:"site_domain";s:22:"yuanpeishop.wx.cuci.cc";s:13:"site_keywords";s:0:"";s:9:"site_desc";s:0:"";s:12:"site_contact";s:0:"";s:9:"site_mail";s:0:"";s:7:"site_qq";s:0:"";s:12:"site_company";s:39:"广州市鑫浪信息科技有限公司";s:8:"app_name";s:24:"精典妆家微信管理";s:11:"app_version";s:8:"1.0 beta";s:8:"app_logo";s:25:"glyphicon glyphicon-apple";s:12:"qiniu_bucket";s:7:"jonzawx";s:15:"qiniu_accesskey";s:40:"fWcSm1smy1_IlRMXfroFo_6Gdee3eNC0f9IGdsjY";s:15:"qiniu_secretkey";s:40:"0mHG6krKEjxzrovZkvJJc3W0Be4nzNZxveIZFJuO";s:12:"qiniu_domain";s:30:"7xj4ba.com1.z0.glb.clouddn.com";s:9:"mail_smtp";s:11:"smtp.qq.com";s:13:"mail_username";s:10:"pm@cuci.cc";s:9:"mail_port";s:3:"465";s:13:"mail_password";s:9:"Test12345";s:14:"mail_smtp_auth";s:1:"1";s:9:"mail_from";s:10:"pm@cuci.cc";s:14:"mail_from_name";s:21:"楚才API管理中心";s:11:"mail_secure";s:3:"ssl";s:10:"mail_reply";s:16:"zoujingli@qq.com";s:20:"app_baidu_tongji_key";s:32:"df31b90409cbd7237728ca1a770d72e6";}' ,datacrc='',expire=0 WHERE `cachekey`='sysconfig' [ RunTime:0.1220s ]
INFO: [ view_parse ] --START--
INFO: [ template_filter ] --START--
INFO: Run Behavior\ContentReplaceBehavior [ RunTime:0.000000s ]
INFO: [ template_filter ] --END-- [ RunTime:0.001000s ]
INFO: Run Behavior\ParseTemplateBehavior [ RunTime:0.018001s ]
INFO: [ view_parse ] --END-- [ RunTime:0.018001s ]
INFO: [ view_filter ] --START--
INFO: Run Behavior\WriteHtmlCacheBehavior [ RunTime:0.001000s ]
INFO: Run Library\Behavior\EmptyImageBehavior [ RunTime:0.002000s ]
INFO: [ view_filter ] --END-- [ RunTime:0.004000s ]
INFO: [ app_end ] --START--
INFO: Run Behavior\ShowPageTraceBehavior [ RunTime:0.002000s ]
INFO: [ app_end ] --END-- [ RunTime:0.002000s ]

[ 2015-05-21T18:05:20+08:00 ] 127.0.0.1 /jonza/index.php/plugin/ueditor/server.js?token=fqilrLJ1eaeBdKTYg3hudA&action=config&&noCache=1432202720823
INFO: [ app_end ] --START--
INFO: Run Behavior\ShowPageTraceBehavior [ RunTime:0.002000s ]
INFO: [ app_end ] --END-- [ RunTime:0.004000s ]

[ 2015-05-21T18:06:37+08:00 ] 127.0.0.1 /jonza/index.php/plugin/ueditor.js
SQL: SHOW COLUMNS FROM `wx_app` [ RunTime:0.0080s ]
SQL: SELECT * FROM `wx_app` WHERE `status` = 2 AND ( `id` = null OR `host` = 'localhost' ) LIMIT 1   [ RunTime:0.0010s ]
SQL: SELECT `data`,`datacrc` FROM `think_cache` WHERE `cachekey`='sysconfig' AND (`expire` =0 OR `expire`>1432202796) LIMIT 0,1 [ RunTime:0.0000s ]
SQL: SHOW COLUMNS FROM `wx_sys_config` [ RunTime:0.0080s ]
SQL: SELECT * FROM `wx_sys_config`  [ RunTime:0.0020s ]
SQL: select `cachekey` from `think_cache` where `cachekey`='sysconfig' limit 0,1 [ RunTime:0.0010s ]
SQL: UPDATE think_cache SET data='a:25:{s:9:"site_name";s:24:"精典妆家微信管理";s:11:"site_domain";s:22:"yuanpeishop.wx.cuci.cc";s:13:"site_keywords";s:0:"";s:9:"site_desc";s:0:"";s:12:"site_contact";s:0:"";s:9:"site_mail";s:0:"";s:7:"site_qq";s:0:"";s:12:"site_company";s:39:"广州市鑫浪信息科技有限公司";s:8:"app_name";s:24:"精典妆家微信管理";s:11:"app_version";s:8:"1.0 beta";s:8:"app_logo";s:25:"glyphicon glyphicon-apple";s:12:"qiniu_bucket";s:7:"jonzawx";s:15:"qiniu_accesskey";s:40:"fWcSm1smy1_IlRMXfroFo_6Gdee3eNC0f9IGdsjY";s:15:"qiniu_secretkey";s:40:"0mHG6krKEjxzrovZkvJJc3W0Be4nzNZxveIZFJuO";s:12:"qiniu_domain";s:30:"7xj4ba.com1.z0.glb.clouddn.com";s:9:"mail_smtp";s:11:"smtp.qq.com";s:13:"mail_username";s:10:"pm@cuci.cc";s:9:"mail_port";s:3:"465";s:13:"mail_password";s:9:"Test12345";s:14:"mail_smtp_auth";s:1:"1";s:9:"mail_from";s:10:"pm@cuci.cc";s:14:"mail_from_name";s:21:"楚才API管理中心";s:11:"mail_secure";s:3:"ssl";s:10:"mail_reply";s:16:"zoujingli@qq.com";s:20:"app_baidu_tongji_key";s:32:"df31b90409cbd7237728ca1a770d72e6";}' ,datacrc='',expire=0 WHERE `cachekey`='sysconfig' [ RunTime:0.2930s ]
SQL: SELECT `data`,`datacrc` FROM `think_cache` WHERE `cachekey`='sysconfig' AND (`expire` =0 OR `expire`>1432202797) LIMIT 0,1 [ RunTime:0.0010s ]
SQL: SELECT * FROM `wx_sys_config`  [ RunTime:0.0010s ]
SQL: select `cachekey` from `think_cache` where `cachekey`='sysconfig' limit 0,1 [ RunTime:0.0010s ]
SQL: UPDATE think_cache SET data='a:25:{s:9:"site_name";s:24:"精典妆家微信管理";s:11:"site_domain";s:22:"yuanpeishop.wx.cuci.cc";s:13:"site_keywords";s:0:"";s:9:"site_desc";s:0:"";s:12:"site_contact";s:0:"";s:9:"site_mail";s:0:"";s:7:"site_qq";s:0:"";s:12:"site_company";s:39:"广州市鑫浪信息科技有限公司";s:8:"app_name";s:24:"精典妆家微信管理";s:11:"app_version";s:8:"1.0 beta";s:8:"app_logo";s:25:"glyphicon glyphicon-apple";s:12:"qiniu_bucket";s:7:"jonzawx";s:15:"qiniu_accesskey";s:40:"fWcSm1smy1_IlRMXfroFo_6Gdee3eNC0f9IGdsjY";s:15:"qiniu_secretkey";s:40:"0mHG6krKEjxzrovZkvJJc3W0Be4nzNZxveIZFJuO";s:12:"qiniu_domain";s:30:"7xj4ba.com1.z0.glb.clouddn.com";s:9:"mail_smtp";s:11:"smtp.qq.com";s:13:"mail_username";s:10:"pm@cuci.cc";s:9:"mail_port";s:3:"465";s:13:"mail_password";s:9:"Test12345";s:14:"mail_smtp_auth";s:1:"1";s:9:"mail_from";s:10:"pm@cuci.cc";s:14:"mail_from_name";s:21:"楚才API管理中心";s:11:"mail_secure";s:3:"ssl";s:10:"mail_reply";s:16:"zoujingli@qq.com";s:20:"app_baidu_tongji_key";s:32:"df31b90409cbd7237728ca1a770d72e6";}' ,datacrc='',expire=0 WHERE `cachekey`='sysconfig' [ RunTime:0.2730s ]
SQL: SELECT `data`,`datacrc` FROM `think_cache` WHERE `cachekey`='sysconfig' AND (`expire` =0 OR `expire`>1432202797) LIMIT 0,1 [ RunTime:0.0010s ]
SQL: SELECT * FROM `wx_sys_config`  [ RunTime:0.0010s ]
SQL: select `cachekey` from `think_cache` where `cachekey`='sysconfig' limit 0,1 [ RunTime:0.0000s ]
SQL: UPDATE think_cache SET data='a:25:{s:9:"site_name";s:24:"精典妆家微信管理";s:11:"site_domain";s:22:"yuanpeishop.wx.cuci.cc";s:13:"site_keywords";s:0:"";s:9:"site_desc";s:0:"";s:12:"site_contact";s:0:"";s:9:"site_mail";s:0:"";s:7:"site_qq";s:0:"";s:12:"site_company";s:39:"广州市鑫浪信息科技有限公司";s:8:"app_name";s:24:"精典妆家微信管理";s:11:"app_version";s:8:"1.0 beta";s:8:"app_logo";s:25:"glyphicon glyphicon-apple";s:12:"qiniu_bucket";s:7:"jonzawx";s:15:"qiniu_accesskey";s:40:"fWcSm1smy1_IlRMXfroFo_6Gdee3eNC0f9IGdsjY";s:15:"qiniu_secretkey";s:40:"0mHG6krKEjxzrovZkvJJc3W0Be4nzNZxveIZFJuO";s:12:"qiniu_domain";s:30:"7xj4ba.com1.z0.glb.clouddn.com";s:9:"mail_smtp";s:11:"smtp.qq.com";s:13:"mail_username";s:10:"pm@cuci.cc";s:9:"mail_port";s:3:"465";s:13:"mail_password";s:9:"Test12345";s:14:"mail_smtp_auth";s:1:"1";s:9:"mail_from";s:10:"pm@cuci.cc";s:14:"mail_from_name";s:21:"楚才API管理中心";s:11:"mail_secure";s:3:"ssl";s:10:"mail_reply";s:16:"zoujingli@qq.com";s:20:"app_baidu_tongji_key";s:32:"df31b90409cbd7237728ca1a770d72e6";}' ,datacrc='',expire=0 WHERE `cachekey`='sysconfig' [ RunTime:0.0760s ]
SQL: SELECT `data`,`datacrc` FROM `think_cache` WHERE `cachekey`='sysconfig' AND (`expire` =0 OR `expire`>1432202797) LIMIT 0,1 [ RunTime:0.0010s ]
SQL: SELECT * FROM `wx_sys_config`  [ RunTime:0.0010s ]
SQL: select `cachekey` from `think_cache` where `cachekey`='sysconfig' limit 0,1 [ RunTime:0.0000s ]
SQL: UPDATE think_cache SET data='a:25:{s:9:"site_name";s:24:"精典妆家微信管理";s:11:"site_domain";s:22:"yuanpeishop.wx.cuci.cc";s:13:"site_keywords";s:0:"";s:9:"site_desc";s:0:"";s:12:"site_contact";s:0:"";s:9:"site_mail";s:0:"";s:7:"site_qq";s:0:"";s:12:"site_company";s:39:"广州市鑫浪信息科技有限公司";s:8:"app_name";s:24:"精典妆家微信管理";s:11:"app_version";s:8:"1.0 beta";s:8:"app_logo";s:25:"glyphicon glyphicon-apple";s:12:"qiniu_bucket";s:7:"jonzawx";s:15:"qiniu_accesskey";s:40:"fWcSm1smy1_IlRMXfroFo_6Gdee3eNC0f9IGdsjY";s:15:"qiniu_secretkey";s:40:"0mHG6krKEjxzrovZkvJJc3W0Be4nzNZxveIZFJuO";s:12:"qiniu_domain";s:30:"7xj4ba.com1.z0.glb.clouddn.com";s:9:"mail_smtp";s:11:"smtp.qq.com";s:13:"mail_username";s:10:"pm@cuci.cc";s:9:"mail_port";s:3:"465";s:13:"mail_password";s:9:"Test12345";s:14:"mail_smtp_auth";s:1:"1";s:9:"mail_from";s:10:"pm@cuci.cc";s:14:"mail_from_name";s:21:"楚才API管理中心";s:11:"mail_secure";s:3:"ssl";s:10:"mail_reply";s:16:"zoujingli@qq.com";s:20:"app_baidu_tongji_key";s:32:"df31b90409cbd7237728ca1a770d72e6";}' ,datacrc='',expire=0 WHERE `cachekey`='sysconfig' [ RunTime:0.1100s ]
INFO: [ view_parse ] --START--
INFO: [ template_filter ] --START--
INFO: Run Behavior\ContentReplaceBehavior [ RunTime:0.000000s ]
INFO: [ template_filter ] --END-- [ RunTime:0.001000s ]
INFO: Run Behavior\ParseTemplateBehavior [ RunTime:0.020001s ]
INFO: [ view_parse ] --END-- [ RunTime:0.020001s ]
INFO: [ view_filter ] --START--
INFO: Run Behavior\WriteHtmlCacheBehavior [ RunTime:0.001000s ]
INFO: Run Library\Behavior\EmptyImageBehavior [ RunTime:0.004001s ]
INFO: [ view_filter ] --END-- [ RunTime:0.006001s ]
INFO: [ app_end ] --START--
INFO: Run Behavior\ShowPageTraceBehavior [ RunTime:0.003000s ]
INFO: [ app_end ] --END-- [ RunTime:0.004000s ]

[ 2015-05-21T18:09:03+08:00 ] 127.0.0.1 /jonza/index.php/plugin/ueditor.js
SQL: SHOW COLUMNS FROM `wx_app` [ RunTime:0.0080s ]
SQL: SELECT * FROM `wx_app` WHERE `status` = 2 AND ( `id` = null OR `host` = 'localhost' ) LIMIT 1   [ RunTime:0.0010s ]
SQL: SELECT `data`,`datacrc` FROM `think_cache` WHERE `cachekey`='sysconfig' AND (`expire` =0 OR `expire`>1432202943) LIMIT 0,1 [ RunTime:0.0010s ]
SQL: SHOW COLUMNS FROM `wx_sys_config` [ RunTime:0.0130s ]
SQL: SELECT * FROM `wx_sys_config`  [ RunTime:0.0020s ]
SQL: select `cachekey` from `think_cache` where `cachekey`='sysconfig' limit 0,1 [ RunTime:0.0010s ]
SQL: UPDATE think_cache SET data='a:25:{s:9:"site_name";s:24:"精典妆家微信管理";s:11:"site_domain";s:22:"yuanpeishop.wx.cuci.cc";s:13:"site_keywords";s:0:"";s:9:"site_desc";s:0:"";s:12:"site_contact";s:0:"";s:9:"site_mail";s:0:"";s:7:"site_qq";s:0:"";s:12:"site_company";s:39:"广州市鑫浪信息科技有限公司";s:8:"app_name";s:24:"精典妆家微信管理";s:11:"app_version";s:8:"1.0 beta";s:8:"app_logo";s:25:"glyphicon glyphicon-apple";s:12:"qiniu_bucket";s:7:"jonzawx";s:15:"qiniu_accesskey";s:40:"fWcSm1smy1_IlRMXfroFo_6Gdee3eNC0f9IGdsjY";s:15:"qiniu_secretkey";s:40:"0mHG6krKEjxzrovZkvJJc3W0Be4nzNZxveIZFJuO";s:12:"qiniu_domain";s:30:"7xj4ba.com1.z0.glb.clouddn.com";s:9:"mail_smtp";s:11:"smtp.qq.com";s:13:"mail_username";s:10:"pm@cuci.cc";s:9:"mail_port";s:3:"465";s:13:"mail_password";s:9:"Test12345";s:14:"mail_smtp_auth";s:1:"1";s:9:"mail_from";s:10:"pm@cuci.cc";s:14:"mail_from_name";s:21:"楚才API管理中心";s:11:"mail_secure";s:3:"ssl";s:10:"mail_reply";s:16:"zoujingli@qq.com";s:20:"app_baidu_tongji_key";s:32:"df31b90409cbd7237728ca1a770d72e6";}' ,datacrc='',expire=0 WHERE `cachekey`='sysconfig' [ RunTime:0.2100s ]
SQL: SELECT `data`,`datacrc` FROM `think_cache` WHERE `cachekey`='sysconfig' AND (`expire` =0 OR `expire`>1432202943) LIMIT 0,1 [ RunTime:0.0010s ]
SQL: SELECT * FROM `wx_sys_config`  [ RunTime:0.0010s ]
SQL: select `cachekey` from `think_cache` where `cachekey`='sysconfig' limit 0,1 [ RunTime:0.0020s ]
SQL: UPDATE think_cache SET data='a:25:{s:9:"site_name";s:24:"精典妆家微信管理";s:11:"site_domain";s:22:"yuanpeishop.wx.cuci.cc";s:13:"site_keywords";s:0:"";s:9:"site_desc";s:0:"";s:12:"site_contact";s:0:"";s:9:"site_mail";s:0:"";s:7:"site_qq";s:0:"";s:12:"site_company";s:39:"广州市鑫浪信息科技有限公司";s:8:"app_name";s:24:"精典妆家微信管理";s:11:"app_version";s:8:"1.0 beta";s:8:"app_logo";s:25:"glyphicon glyphicon-apple";s:12:"qiniu_bucket";s:7:"jonzawx";s:15:"qiniu_accesskey";s:40:"fWcSm1smy1_IlRMXfroFo_6Gdee3eNC0f9IGdsjY";s:15:"qiniu_secretkey";s:40:"0mHG6krKEjxzrovZkvJJc3W0Be4nzNZxveIZFJuO";s:12:"qiniu_domain";s:30:"7xj4ba.com1.z0.glb.clouddn.com";s:9:"mail_smtp";s:11:"smtp.qq.com";s:13:"mail_username";s:10:"pm@cuci.cc";s:9:"mail_port";s:3:"465";s:13:"mail_password";s:9:"Test12345";s:14:"mail_smtp_auth";s:1:"1";s:9:"mail_from";s:10:"pm@cuci.cc";s:14:"mail_from_name";s:21:"楚才API管理中心";s:11:"mail_secure";s:3:"ssl";s:10:"mail_reply";s:16:"zoujingli@qq.com";s:20:"app_baidu_tongji_key";s:32:"df31b90409cbd7237728ca1a770d72e6";}' ,datacrc='',expire=0 WHERE `cachekey`='sysconfig' [ RunTime:0.1860s ]
SQL: SELECT `data`,`datacrc` FROM `think_cache` WHERE `cachekey`='sysconfig' AND (`expire` =0 OR `expire`>1432202943) LIMIT 0,1 [ RunTime:0.0010s ]
SQL: SELECT * FROM `wx_sys_config`  [ RunTime:0.0010s ]
SQL: select `cachekey` from `think_cache` where `cachekey`='sysconfig' limit 0,1 [ RunTime:0.0010s ]
SQL: UPDATE think_cache SET data='a:25:{s:9:"site_name";s:24:"精典妆家微信管理";s:11:"site_domain";s:22:"yuanpeishop.wx.cuci.cc";s:13:"site_keywords";s:0:"";s:9:"site_desc";s:0:"";s:12:"site_contact";s:0:"";s:9:"site_mail";s:0:"";s:7:"site_qq";s:0:"";s:12:"site_company";s:39:"广州市鑫浪信息科技有限公司";s:8:"app_name";s:24:"精典妆家微信管理";s:11:"app_version";s:8:"1.0 beta";s:8:"app_logo";s:25:"glyphicon glyphicon-apple";s:12:"qiniu_bucket";s:7:"jonzawx";s:15:"qiniu_accesskey";s:40:"fWcSm1smy1_IlRMXfroFo_6Gdee3eNC0f9IGdsjY";s:15:"qiniu_secretkey";s:40:"0mHG6krKEjxzrovZkvJJc3W0Be4nzNZxveIZFJuO";s:12:"qiniu_domain";s:30:"7xj4ba.com1.z0.glb.clouddn.com";s:9:"mail_smtp";s:11:"smtp.qq.com";s:13:"mail_username";s:10:"pm@cuci.cc";s:9:"mail_port";s:3:"465";s:13:"mail_password";s:9:"Test12345";s:14:"mail_smtp_auth";s:1:"1";s:9:"mail_from";s:10:"pm@cuci.cc";s:14:"mail_from_name";s:21:"楚才API管理中心";s:11:"mail_secure";s:3:"ssl";s:10:"mail_reply";s:16:"zoujingli@qq.com";s:20:"app_baidu_tongji_key";s:32:"df31b90409cbd7237728ca1a770d72e6";}' ,datacrc='',expire=0 WHERE `cachekey`='sysconfig' [ RunTime:0.1620s ]
SQL: SELECT `data`,`datacrc` FROM `think_cache` WHERE `cachekey`='sysconfig' AND (`expire` =0 OR `expire`>1432202943) LIMIT 0,1 [ RunTime:0.0010s ]
SQL: SELECT * FROM `wx_sys_config`  [ RunTime:0.0020s ]
SQL: select `cachekey` from `think_cache` where `cachekey`='sysconfig' limit 0,1 [ RunTime:0.0010s ]
SQL: UPDATE think_cache SET data='a:25:{s:9:"site_name";s:24:"精典妆家微信管理";s:11:"site_domain";s:22:"yuanpeishop.wx.cuci.cc";s:13:"site_keywords";s:0:"";s:9:"site_desc";s:0:"";s:12:"site_contact";s:0:"";s:9:"site_mail";s:0:"";s:7:"site_qq";s:0:"";s:12:"site_company";s:39:"广州市鑫浪信息科技有限公司";s:8:"app_name";s:24:"精典妆家微信管理";s:11:"app_version";s:8:"1.0 beta";s:8:"app_logo";s:25:"glyphicon glyphicon-apple";s:12:"qiniu_bucket";s:7:"jonzawx";s:15:"qiniu_accesskey";s:40:"fWcSm1smy1_IlRMXfroFo_6Gdee3eNC0f9IGdsjY";s:15:"qiniu_secretkey";s:40:"0mHG6krKEjxzrovZkvJJc3W0Be4nzNZxveIZFJuO";s:12:"qiniu_domain";s:30:"7xj4ba.com1.z0.glb.clouddn.com";s:9:"mail_smtp";s:11:"smtp.qq.com";s:13:"mail_username";s:10:"pm@cuci.cc";s:9:"mail_port";s:3:"465";s:13:"mail_password";s:9:"Test12345";s:14:"mail_smtp_auth";s:1:"1";s:9:"mail_from";s:10:"pm@cuci.cc";s:14:"mail_from_name";s:21:"楚才API管理中心";s:11:"mail_secure";s:3:"ssl";s:10:"mail_reply";s:16:"zoujingli@qq.com";s:20:"app_baidu_tongji_key";s:32:"df31b90409cbd7237728ca1a770d72e6";}' ,datacrc='',expire=0 WHERE `cachekey`='sysconfig' [ RunTime:0.1850s ]
INFO: [ view_parse ] --START--
INFO: [ template_filter ] --START--
INFO: Run Behavior\ContentReplaceBehavior [ RunTime:0.000000s ]
INFO: [ template_filter ] --END-- [ RunTime:0.001000s ]
INFO: Run Behavior\ParseTemplateBehavior [ RunTime:0.018001s ]
INFO: [ view_parse ] --END-- [ RunTime:0.018001s ]
INFO: [ view_filter ] --START--
INFO: Run Behavior\WriteHtmlCacheBehavior [ RunTime:0.001000s ]
INFO: Run Library\Behavior\EmptyImageBehavior [ RunTime:0.002000s ]
INFO: [ view_filter ] --END-- [ RunTime:0.003000s ]
INFO: [ app_end ] --START--
INFO: Run Behavior\ShowPageTraceBehavior [ RunTime:0.002000s ]
INFO: [ app_end ] --END-- [ RunTime:0.002000s ]

[ 2015-05-21T18:09:05+08:00 ] 127.0.0.1 /jonza/index.php/plugin/ueditor/server.js?token=fqilrLJ1eaeBdKTYg3hudA&action=config&&noCache=1432202945013
INFO: [ app_end ] --START--
INFO: Run Behavior\ShowPageTraceBehavior [ RunTime:0.002000s ]
INFO: [ app_end ] --END-- [ RunTime:0.003001s ]

[ 2015-05-21T18:09:12+08:00 ] 127.0.0.1 /jonza/index.php/plugin/ueditor.js
SQL: SHOW COLUMNS FROM `wx_app` [ RunTime:0.0090s ]
SQL: SELECT * FROM `wx_app` WHERE `status` = 2 AND ( `id` = null OR `host` = 'localhost' ) LIMIT 1   [ RunTime:0.0010s ]
SQL: SELECT `data`,`datacrc` FROM `think_cache` WHERE `cachekey`='sysconfig' AND (`expire` =0 OR `expire`>1432202952) LIMIT 0,1 [ RunTime:0.0020s ]
SQL: SHOW COLUMNS FROM `wx_sys_config` [ RunTime:0.0080s ]
SQL: SELECT * FROM `wx_sys_config`  [ RunTime:0.0010s ]
SQL: select `cachekey` from `think_cache` where `cachekey`='sysconfig' limit 0,1 [ RunTime:0.0010s ]
SQL: UPDATE think_cache SET data='a:25:{s:9:"site_name";s:24:"精典妆家微信管理";s:11:"site_domain";s:22:"yuanpeishop.wx.cuci.cc";s:13:"site_keywords";s:0:"";s:9:"site_desc";s:0:"";s:12:"site_contact";s:0:"";s:9:"site_mail";s:0:"";s:7:"site_qq";s:0:"";s:12:"site_company";s:39:"广州市鑫浪信息科技有限公司";s:8:"app_name";s:24:"精典妆家微信管理";s:11:"app_version";s:8:"1.0 beta";s:8:"app_logo";s:25:"glyphicon glyphicon-apple";s:12:"qiniu_bucket";s:7:"jonzawx";s:15:"qiniu_accesskey";s:40:"fWcSm1smy1_IlRMXfroFo_6Gdee3eNC0f9IGdsjY";s:15:"qiniu_secretkey";s:40:"0mHG6krKEjxzrovZkvJJc3W0Be4nzNZxveIZFJuO";s:12:"qiniu_domain";s:30:"7xj4ba.com1.z0.glb.clouddn.com";s:9:"mail_smtp";s:11:"smtp.qq.com";s:13:"mail_username";s:10:"pm@cuci.cc";s:9:"mail_port";s:3:"465";s:13:"mail_password";s:9:"Test12345";s:14:"mail_smtp_auth";s:1:"1";s:9:"mail_from";s:10:"pm@cuci.cc";s:14:"mail_from_name";s:21:"楚才API管理中心";s:11:"mail_secure";s:3:"ssl";s:10:"mail_reply";s:16:"zoujingli@qq.com";s:20:"app_baidu_tongji_key";s:32:"df31b90409cbd7237728ca1a770d72e6";}' ,datacrc='',expire=0 WHERE `cachekey`='sysconfig' [ RunTime:0.0280s ]
SQL: SELECT `data`,`datacrc` FROM `think_cache` WHERE `cachekey`='sysconfig' AND (`expire` =0 OR `expire`>1432202952) LIMIT 0,1 [ RunTime:0.0000s ]
SQL: SELECT * FROM `wx_sys_config`  [ RunTime:0.0010s ]
SQL: select `cachekey` from `think_cache` where `cachekey`='sysconfig' limit 0,1 [ RunTime:0.0010s ]
SQL: UPDATE think_cache SET data='a:25:{s:9:"site_name";s:24:"精典妆家微信管理";s:11:"site_domain";s:22:"yuanpeishop.wx.cuci.cc";s:13:"site_keywords";s:0:"";s:9:"site_desc";s:0:"";s:12:"site_contact";s:0:"";s:9:"site_mail";s:0:"";s:7:"site_qq";s:0:"";s:12:"site_company";s:39:"广州市鑫浪信息科技有限公司";s:8:"app_name";s:24:"精典妆家微信管理";s:11:"app_version";s:8:"1.0 beta";s:8:"app_logo";s:25:"glyphicon glyphicon-apple";s:12:"qiniu_bucket";s:7:"jonzawx";s:15:"qiniu_accesskey";s:40:"fWcSm1smy1_IlRMXfroFo_6Gdee3eNC0f9IGdsjY";s:15:"qiniu_secretkey";s:40:"0mHG6krKEjxzrovZkvJJc3W0Be4nzNZxveIZFJuO";s:12:"qiniu_domain";s:30:"7xj4ba.com1.z0.glb.clouddn.com";s:9:"mail_smtp";s:11:"smtp.qq.com";s:13:"mail_username";s:10:"pm@cuci.cc";s:9:"mail_port";s:3:"465";s:13:"mail_password";s:9:"Test12345";s:14:"mail_smtp_auth";s:1:"1";s:9:"mail_from";s:10:"pm@cuci.cc";s:14:"mail_from_name";s:21:"楚才API管理中心";s:11:"mail_secure";s:3:"ssl";s:10:"mail_reply";s:16:"zoujingli@qq.com";s:20:"app_baidu_tongji_key";s:32:"df31b90409cbd7237728ca1a770d72e6";}' ,datacrc='',expire=0 WHERE `cachekey`='sysconfig' [ RunTime:0.0280s ]
SQL: SELECT `data`,`datacrc` FROM `think_cache` WHERE `cachekey`='sysconfig' AND (`expire` =0 OR `expire`>1432202952) LIMIT 0,1 [ RunTime:0.0010s ]
SQL: SELECT * FROM `wx_sys_config`  [ RunTime:0.0010s ]
SQL: select `cachekey` from `think_cache` where `cachekey`='sysconfig' limit 0,1 [ RunTime:0.0010s ]
SQL: UPDATE think_cache SET data='a:25:{s:9:"site_name";s:24:"精典妆家微信管理";s:11:"site_domain";s:22:"yuanpeishop.wx.cuci.cc";s:13:"site_keywords";s:0:"";s:9:"site_desc";s:0:"";s:12:"site_contact";s:0:"";s:9:"site_mail";s:0:"";s:7:"site_qq";s:0:"";s:12:"site_company";s:39:"广州市鑫浪信息科技有限公司";s:8:"app_name";s:24:"精典妆家微信管理";s:11:"app_version";s:8:"1.0 beta";s:8:"app_logo";s:25:"glyphicon glyphicon-apple";s:12:"qiniu_bucket";s:7:"jonzawx";s:15:"qiniu_accesskey";s:40:"fWcSm1smy1_IlRMXfroFo_6Gdee3eNC0f9IGdsjY";s:15:"qiniu_secretkey";s:40:"0mHG6krKEjxzrovZkvJJc3W0Be4nzNZxveIZFJuO";s:12:"qiniu_domain";s:30:"7xj4ba.com1.z0.glb.clouddn.com";s:9:"mail_smtp";s:11:"smtp.qq.com";s:13:"mail_username";s:10:"pm@cuci.cc";s:9:"mail_port";s:3:"465";s:13:"mail_password";s:9:"Test12345";s:14:"mail_smtp_auth";s:1:"1";s:9:"mail_from";s:10:"pm@cuci.cc";s:14:"mail_from_name";s:21:"楚才API管理中心";s:11:"mail_secure";s:3:"ssl";s:10:"mail_reply";s:16:"zoujingli@qq.com";s:20:"app_baidu_tongji_key";s:32:"df31b90409cbd7237728ca1a770d72e6";}' ,datacrc='',expire=0 WHERE `cachekey`='sysconfig' [ RunTime:0.0260s ]
SQL: SELECT `data`,`datacrc` FROM `think_cache` WHERE `cachekey`='sysconfig' AND (`expire` =0 OR `expire`>1432202952) LIMIT 0,1 [ RunTime:0.0010s ]
SQL: SELECT * FROM `wx_sys_config`  [ RunTime:0.0010s ]
SQL: select `cachekey` from `think_cache` where `cachekey`='sysconfig' limit 0,1 [ RunTime:0.0010s ]
SQL: UPDATE think_cache SET data='a:25:{s:9:"site_name";s:24:"精典妆家微信管理";s:11:"site_domain";s:22:"yuanpeishop.wx.cuci.cc";s:13:"site_keywords";s:0:"";s:9:"site_desc";s:0:"";s:12:"site_contact";s:0:"";s:9:"site_mail";s:0:"";s:7:"site_qq";s:0:"";s:12:"site_company";s:39:"广州市鑫浪信息科技有限公司";s:8:"app_name";s:24:"精典妆家微信管理";s:11:"app_version";s:8:"1.0 beta";s:8:"app_logo";s:25:"glyphicon glyphicon-apple";s:12:"qiniu_bucket";s:7:"jonzawx";s:15:"qiniu_accesskey";s:40:"fWcSm1smy1_IlRMXfroFo_6Gdee3eNC0f9IGdsjY";s:15:"qiniu_secretkey";s:40:"0mHG6krKEjxzrovZkvJJc3W0Be4nzNZxveIZFJuO";s:12:"qiniu_domain";s:30:"7xj4ba.com1.z0.glb.clouddn.com";s:9:"mail_smtp";s:11:"smtp.qq.com";s:13:"mail_username";s:10:"pm@cuci.cc";s:9:"mail_port";s:3:"465";s:13:"mail_password";s:9:"Test12345";s:14:"mail_smtp_auth";s:1:"1";s:9:"mail_from";s:10:"pm@cuci.cc";s:14:"mail_from_name";s:21:"楚才API管理中心";s:11:"mail_secure";s:3:"ssl";s:10:"mail_reply";s:16:"zoujingli@qq.com";s:20:"app_baidu_tongji_key";s:32:"df31b90409cbd7237728ca1a770d72e6";}' ,datacrc='',expire=0 WHERE `cachekey`='sysconfig' [ RunTime:0.0430s ]
INFO: [ view_parse ] --START--
INFO: [ template_filter ] --START--
INFO: Run Behavior\ContentReplaceBehavior [ RunTime:0.001000s ]
INFO: [ template_filter ] --END-- [ RunTime:0.001000s ]
INFO: Run Behavior\ParseTemplateBehavior [ RunTime:0.018001s ]
INFO: [ view_parse ] --END-- [ RunTime:0.020001s ]
INFO: [ view_filter ] --START--
INFO: Run Behavior\WriteHtmlCacheBehavior [ RunTime:0.001000s ]
INFO: Run Library\Behavior\EmptyImageBehavior [ RunTime:0.002000s ]
INFO: [ view_filter ] --END-- [ RunTime:0.004000s ]
INFO: [ app_end ] --START--
INFO: Run Behavior\ShowPageTraceBehavior [ RunTime:0.001000s ]
INFO: [ app_end ] --END-- [ RunTime:0.002000s ]

[ 2015-05-21T18:12:15+08:00 ] 127.0.0.1 /jonza/index.php/plugin/ueditor.js
SQL: SHOW COLUMNS FROM `wx_app` [ RunTime:0.0080s ]
SQL: SELECT * FROM `wx_app` WHERE `status` = 2 AND ( `id` = null OR `host` = 'localhost' ) LIMIT 1   [ RunTime:0.0000s ]
SQL: SELECT `data`,`datacrc` FROM `think_cache` WHERE `cachekey`='sysconfig' AND (`expire` =0 OR `expire`>1432203134) LIMIT 0,1 [ RunTime:0.0010s ]
SQL: SHOW COLUMNS FROM `wx_sys_config` [ RunTime:0.0080s ]
SQL: SELECT * FROM `wx_sys_config`  [ RunTime:0.0010s ]
SQL: select `cachekey` from `think_cache` where `cachekey`='sysconfig' limit 0,1 [ RunTime:0.0010s ]
SQL: UPDATE think_cache SET data='a:25:{s:9:"site_name";s:24:"精典妆家微信管理";s:11:"site_domain";s:22:"yuanpeishop.wx.cuci.cc";s:13:"site_keywords";s:0:"";s:9:"site_desc";s:0:"";s:12:"site_contact";s:0:"";s:9:"site_mail";s:0:"";s:7:"site_qq";s:0:"";s:12:"site_company";s:39:"广州市鑫浪信息科技有限公司";s:8:"app_name";s:24:"精典妆家微信管理";s:11:"app_version";s:8:"1.0 beta";s:8:"app_logo";s:25:"glyphicon glyphicon-apple";s:12:"qiniu_bucket";s:7:"jonzawx";s:15:"qiniu_accesskey";s:40:"fWcSm1smy1_IlRMXfroFo_6Gdee3eNC0f9IGdsjY";s:15:"qiniu_secretkey";s:40:"0mHG6krKEjxzrovZkvJJc3W0Be4nzNZxveIZFJuO";s:12:"qiniu_domain";s:30:"7xj4ba.com1.z0.glb.clouddn.com";s:9:"mail_smtp";s:11:"smtp.qq.com";s:13:"mail_username";s:10:"pm@cuci.cc";s:9:"mail_port";s:3:"465";s:13:"mail_password";s:9:"Test12345";s:14:"mail_smtp_auth";s:1:"1";s:9:"mail_from";s:10:"pm@cuci.cc";s:14:"mail_from_name";s:21:"楚才API管理中心";s:11:"mail_secure";s:3:"ssl";s:10:"mail_reply";s:16:"zoujingli@qq.com";s:20:"app_baidu_tongji_key";s:32:"df31b90409cbd7237728ca1a770d72e6";}' ,datacrc='',expire=0 WHERE `cachekey`='sysconfig' [ RunTime:0.0630s ]
SQL: SELECT `data`,`datacrc` FROM `think_cache` WHERE `cachekey`='sysconfig' AND (`expire` =0 OR `expire`>1432203135) LIMIT 0,1 [ RunTime:0.0010s ]
SQL: SELECT * FROM `wx_sys_config`  [ RunTime:0.0020s ]
SQL: select `cachekey` from `think_cache` where `cachekey`='sysconfig' limit 0,1 [ RunTime:0.0000s ]
SQL: UPDATE think_cache SET data='a:25:{s:9:"site_name";s:24:"精典妆家微信管理";s:11:"site_domain";s:22:"yuanpeishop.wx.cuci.cc";s:13:"site_keywords";s:0:"";s:9:"site_desc";s:0:"";s:12:"site_contact";s:0:"";s:9:"site_mail";s:0:"";s:7:"site_qq";s:0:"";s:12:"site_company";s:39:"广州市鑫浪信息科技有限公司";s:8:"app_name";s:24:"精典妆家微信管理";s:11:"app_version";s:8:"1.0 beta";s:8:"app_logo";s:25:"glyphicon glyphicon-apple";s:12:"qiniu_bucket";s:7:"jonzawx";s:15:"qiniu_accesskey";s:40:"fWcSm1smy1_IlRMXfroFo_6Gdee3eNC0f9IGdsjY";s:15:"qiniu_secretkey";s:40:"0mHG6krKEjxzrovZkvJJc3W0Be4nzNZxveIZFJuO";s:12:"qiniu_domain";s:30:"7xj4ba.com1.z0.glb.clouddn.com";s:9:"mail_smtp";s:11:"smtp.qq.com";s:13:"mail_username";s:10:"pm@cuci.cc";s:9:"mail_port";s:3:"465";s:13:"mail_password";s:9:"Test12345";s:14:"mail_smtp_auth";s:1:"1";s:9:"mail_from";s:10:"pm@cuci.cc";s:14:"mail_from_name";s:21:"楚才API管理中心";s:11:"mail_secure";s:3:"ssl";s:10:"mail_reply";s:16:"zoujingli@qq.com";s:20:"app_baidu_tongji_key";s:32:"df31b90409cbd7237728ca1a770d72e6";}' ,datacrc='',expire=0 WHERE `cachekey`='sysconfig' [ RunTime:0.1360s ]
SQL: SELECT `data`,`datacrc` FROM `think_cache` WHERE `cachekey`='sysconfig' AND (`expire` =0 OR `expire`>1432203135) LIMIT 0,1 [ RunTime:0.0010s ]
SQL: SELECT * FROM `wx_sys_config`  [ RunTime:0.0010s ]
SQL: select `cachekey` from `think_cache` where `cachekey`='sysconfig' limit 0,1 [ RunTime:0.0010s ]
SQL: UPDATE think_cache SET data='a:25:{s:9:"site_name";s:24:"精典妆家微信管理";s:11:"site_domain";s:22:"yuanpeishop.wx.cuci.cc";s:13:"site_keywords";s:0:"";s:9:"site_desc";s:0:"";s:12:"site_contact";s:0:"";s:9:"site_mail";s:0:"";s:7:"site_qq";s:0:"";s:12:"site_company";s:39:"广州市鑫浪信息科技有限公司";s:8:"app_name";s:24:"精典妆家微信管理";s:11:"app_version";s:8:"1.0 beta";s:8:"app_logo";s:25:"glyphicon glyphicon-apple";s:12:"qiniu_bucket";s:7:"jonzawx";s:15:"qiniu_accesskey";s:40:"fWcSm1smy1_IlRMXfroFo_6Gdee3eNC0f9IGdsjY";s:15:"qiniu_secretkey";s:40:"0mHG6krKEjxzrovZkvJJc3W0Be4nzNZxveIZFJuO";s:12:"qiniu_domain";s:30:"7xj4ba.com1.z0.glb.clouddn.com";s:9:"mail_smtp";s:11:"smtp.qq.com";s:13:"mail_username";s:10:"pm@cuci.cc";s:9:"mail_port";s:3:"465";s:13:"mail_password";s:9:"Test12345";s:14:"mail_smtp_auth";s:1:"1";s:9:"mail_from";s:10:"pm@cuci.cc";s:14:"mail_from_name";s:21:"楚才API管理中心";s:11:"mail_secure";s:3:"ssl";s:10:"mail_reply";s:16:"zoujingli@qq.com";s:20:"app_baidu_tongji_key";s:32:"df31b90409cbd7237728ca1a770d72e6";}' ,datacrc='',expire=0 WHERE `cachekey`='sysconfig' [ RunTime:0.0370s ]
SQL: SELECT `data`,`datacrc` FROM `think_cache` WHERE `cachekey`='sysconfig' AND (`expire` =0 OR `expire`>1432203135) LIMIT 0,1 [ RunTime:0.0010s ]
SQL: SELECT * FROM `wx_sys_config`  [ RunTime:0.0010s ]
SQL: select `cachekey` from `think_cache` where `cachekey`='sysconfig' limit 0,1 [ RunTime:0.0010s ]
SQL: UPDATE think_cache SET data='a:25:{s:9:"site_name";s:24:"精典妆家微信管理";s:11:"site_domain";s:22:"yuanpeishop.wx.cuci.cc";s:13:"site_keywords";s:0:"";s:9:"site_desc";s:0:"";s:12:"site_contact";s:0:"";s:9:"site_mail";s:0:"";s:7:"site_qq";s:0:"";s:12:"site_company";s:39:"广州市鑫浪信息科技有限公司";s:8:"app_name";s:24:"精典妆家微信管理";s:11:"app_version";s:8:"1.0 beta";s:8:"app_logo";s:25:"glyphicon glyphicon-apple";s:12:"qiniu_bucket";s:7:"jonzawx";s:15:"qiniu_accesskey";s:40:"fWcSm1smy1_IlRMXfroFo_6Gdee3eNC0f9IGdsjY";s:15:"qiniu_secretkey";s:40:"0mHG6krKEjxzrovZkvJJc3W0Be4nzNZxveIZFJuO";s:12:"qiniu_domain";s:30:"7xj4ba.com1.z0.glb.clouddn.com";s:9:"mail_smtp";s:11:"smtp.qq.com";s:13:"mail_username";s:10:"pm@cuci.cc";s:9:"mail_port";s:3:"465";s:13:"mail_password";s:9:"Test12345";s:14:"mail_smtp_auth";s:1:"1";s:9:"mail_from";s:10:"pm@cuci.cc";s:14:"mail_from_name";s:21:"楚才API管理中心";s:11:"mail_secure";s:3:"ssl";s:10:"mail_reply";s:16:"zoujingli@qq.com";s:20:"app_baidu_tongji_key";s:32:"df31b90409cbd7237728ca1a770d72e6";}' ,datacrc='',expire=0 WHERE `cachekey`='sysconfig' [ RunTime:0.0370s ]
INFO: [ view_parse ] --START--
INFO: [ template_filter ] --START--
INFO: Run Behavior\ContentReplaceBehavior [ RunTime:0.001000s ]
INFO: [ template_filter ] --END-- [ RunTime:0.001000s ]
INFO: Run Behavior\ParseTemplateBehavior [ RunTime:0.021001s ]
INFO: [ view_parse ] --END-- [ RunTime:0.021001s ]
INFO: [ view_filter ] --START--
INFO: Run Behavior\WriteHtmlCacheBehavior [ RunTime:0.001001s ]
INFO: Run Library\Behavior\EmptyImageBehavior [ RunTime:0.002000s ]
INFO: [ view_filter ] --END-- [ RunTime:0.004001s ]
INFO: [ app_end ] --START--
INFO: Run Behavior\ShowPageTraceBehavior [ RunTime:0.002000s ]
INFO: [ app_end ] --END-- [ RunTime:0.003000s ]

[ 2015-05-21T18:12:31+08:00 ] 127.0.0.1 /jonza/index.php/plugin/ueditor.js
SQL: SHOW COLUMNS FROM `wx_app` [ RunTime:0.0110s ]
SQL: SELECT * FROM `wx_app` WHERE `status` = 2 AND ( `id` = null OR `host` = 'localhost' ) LIMIT 1   [ RunTime:0.0010s ]
SQL: SELECT `data`,`datacrc` FROM `think_cache` WHERE `cachekey`='sysconfig' AND (`expire` =0 OR `expire`>1432203151) LIMIT 0,1 [ RunTime:0.0010s ]
SQL: SHOW COLUMNS FROM `wx_sys_config` [ RunTime:0.0100s ]
SQL: SELECT * FROM `wx_sys_config`  [ RunTime:0.0020s ]
SQL: select `cachekey` from `think_cache` where `cachekey`='sysconfig' limit 0,1 [ RunTime:0.0010s ]
SQL: UPDATE think_cache SET data='a:25:{s:9:"site_name";s:24:"精典妆家微信管理";s:11:"site_domain";s:22:"yuanpeishop.wx.cuci.cc";s:13:"site_keywords";s:0:"";s:9:"site_desc";s:0:"";s:12:"site_contact";s:0:"";s:9:"site_mail";s:0:"";s:7:"site_qq";s:0:"";s:12:"site_company";s:39:"广州市鑫浪信息科技有限公司";s:8:"app_name";s:24:"精典妆家微信管理";s:11:"app_version";s:8:"1.0 beta";s:8:"app_logo";s:25:"glyphicon glyphicon-apple";s:12:"qiniu_bucket";s:7:"jonzawx";s:15:"qiniu_accesskey";s:40:"fWcSm1smy1_IlRMXfroFo_6Gdee3eNC0f9IGdsjY";s:15:"qiniu_secretkey";s:40:"0mHG6krKEjxzrovZkvJJc3W0Be4nzNZxveIZFJuO";s:12:"qiniu_domain";s:30:"7xj4ba.com1.z0.glb.clouddn.com";s:9:"mail_smtp";s:11:"smtp.qq.com";s:13:"mail_username";s:10:"pm@cuci.cc";s:9:"mail_port";s:3:"465";s:13:"mail_password";s:9:"Test12345";s:14:"mail_smtp_auth";s:1:"1";s:9:"mail_from";s:10:"pm@cuci.cc";s:14:"mail_from_name";s:21:"楚才API管理中心";s:11:"mail_secure";s:3:"ssl";s:10:"mail_reply";s:16:"zoujingli@qq.com";s:20:"app_baidu_tongji_key";s:32:"df31b90409cbd7237728ca1a770d72e6";}' ,datacrc='',expire=0 WHERE `cachekey`='sysconfig' [ RunTime:0.0970s ]
SQL: SELECT `data`,`datacrc` FROM `think_cache` WHERE `cachekey`='sysconfig' AND (`expire` =0 OR `expire`>1432203151) LIMIT 0,1 [ RunTime:0.0010s ]
SQL: SELECT * FROM `wx_sys_config`  [ RunTime:0.0010s ]
SQL: select `cachekey` from `think_cache` where `cachekey`='sysconfig' limit 0,1 [ RunTime:0.0010s ]
SQL: UPDATE think_cache SET data='a:25:{s:9:"site_name";s:24:"精典妆家微信管理";s:11:"site_domain";s:22:"yuanpeishop.wx.cuci.cc";s:13:"site_keywords";s:0:"";s:9:"site_desc";s:0:"";s:12:"site_contact";s:0:"";s:9:"site_mail";s:0:"";s:7:"site_qq";s:0:"";s:12:"site_company";s:39:"广州市鑫浪信息科技有限公司";s:8:"app_name";s:24:"精典妆家微信管理";s:11:"app_version";s:8:"1.0 beta";s:8:"app_logo";s:25:"glyphicon glyphicon-apple";s:12:"qiniu_bucket";s:7:"jonzawx";s:15:"qiniu_accesskey";s:40:"fWcSm1smy1_IlRMXfroFo_6Gdee3eNC0f9IGdsjY";s:15:"qiniu_secretkey";s:40:"0mHG6krKEjxzrovZkvJJc3W0Be4nzNZxveIZFJuO";s:12:"qiniu_domain";s:30:"7xj4ba.com1.z0.glb.clouddn.com";s:9:"mail_smtp";s:11:"smtp.qq.com";s:13:"mail_username";s:10:"pm@cuci.cc";s:9:"mail_port";s:3:"465";s:13:"mail_password";s:9:"Test12345";s:14:"mail_smtp_auth";s:1:"1";s:9:"mail_from";s:10:"pm@cuci.cc";s:14:"mail_from_name";s:21:"楚才API管理中心";s:11:"mail_secure";s:3:"ssl";s:10:"mail_reply";s:16:"zoujingli@qq.com";s:20:"app_baidu_tongji_key";s:32:"df31b90409cbd7237728ca1a770d72e6";}' ,datacrc='',expire=0 WHERE `cachekey`='sysconfig' [ RunTime:0.0770s ]
SQL: SELECT `data`,`datacrc` FROM `think_cache` WHERE `cachekey`='sysconfig' AND (`expire` =0 OR `expire`>1432203151) LIMIT 0,1 [ RunTime:0.0010s ]
SQL: SELECT * FROM `wx_sys_config`  [ RunTime:0.0010s ]
SQL: select `cachekey` from `think_cache` where `cachekey`='sysconfig' limit 0,1 [ RunTime:0.0010s ]
SQL: UPDATE think_cache SET data='a:25:{s:9:"site_name";s:24:"精典妆家微信管理";s:11:"site_domain";s:22:"yuanpeishop.wx.cuci.cc";s:13:"site_keywords";s:0:"";s:9:"site_desc";s:0:"";s:12:"site_contact";s:0:"";s:9:"site_mail";s:0:"";s:7:"site_qq";s:0:"";s:12:"site_company";s:39:"广州市鑫浪信息科技有限公司";s:8:"app_name";s:24:"精典妆家微信管理";s:11:"app_version";s:8:"1.0 beta";s:8:"app_logo";s:25:"glyphicon glyphicon-apple";s:12:"qiniu_bucket";s:7:"jonzawx";s:15:"qiniu_accesskey";s:40:"fWcSm1smy1_IlRMXfroFo_6Gdee3eNC0f9IGdsjY";s:15:"qiniu_secretkey";s:40:"0mHG6krKEjxzrovZkvJJc3W0Be4nzNZxveIZFJuO";s:12:"qiniu_domain";s:30:"7xj4ba.com1.z0.glb.clouddn.com";s:9:"mail_smtp";s:11:"smtp.qq.com";s:13:"mail_username";s:10:"pm@cuci.cc";s:9:"mail_port";s:3:"465";s:13:"mail_password";s:9:"Test12345";s:14:"mail_smtp_auth";s:1:"1";s:9:"mail_from";s:10:"pm@cuci.cc";s:14:"mail_from_name";s:21:"楚才API管理中心";s:11:"mail_secure";s:3:"ssl";s:10:"mail_reply";s:16:"zoujingli@qq.com";s:20:"app_baidu_tongji_key";s:32:"df31b90409cbd7237728ca1a770d72e6";}' ,datacrc='',expire=0 WHERE `cachekey`='sysconfig' [ RunTime:0.0710s ]
SQL: SELECT `data`,`datacrc` FROM `think_cache` WHERE `cachekey`='sysconfig' AND (`expire` =0 OR `expire`>1432203151) LIMIT 0,1 [ RunTime:0.0000s ]
SQL: SELECT * FROM `wx_sys_config`  [ RunTime:0.0010s ]
SQL: select `cachekey` from `think_cache` where `cachekey`='sysconfig' limit 0,1 [ RunTime:0.0010s ]
SQL: UPDATE think_cache SET data='a:25:{s:9:"site_name";s:24:"精典妆家微信管理";s:11:"site_domain";s:22:"yuanpeishop.wx.cuci.cc";s:13:"site_keywords";s:0:"";s:9:"site_desc";s:0:"";s:12:"site_contact";s:0:"";s:9:"site_mail";s:0:"";s:7:"site_qq";s:0:"";s:12:"site_company";s:39:"广州市鑫浪信息科技有限公司";s:8:"app_name";s:24:"精典妆家微信管理";s:11:"app_version";s:8:"1.0 beta";s:8:"app_logo";s:25:"glyphicon glyphicon-apple";s:12:"qiniu_bucket";s:7:"jonzawx";s:15:"qiniu_accesskey";s:40:"fWcSm1smy1_IlRMXfroFo_6Gdee3eNC0f9IGdsjY";s:15:"qiniu_secretkey";s:40:"0mHG6krKEjxzrovZkvJJc3W0Be4nzNZxveIZFJuO";s:12:"qiniu_domain";s:30:"7xj4ba.com1.z0.glb.clouddn.com";s:9:"mail_smtp";s:11:"smtp.qq.com";s:13:"mail_username";s:10:"pm@cuci.cc";s:9:"mail_port";s:3:"465";s:13:"mail_password";s:9:"Test12345";s:14:"mail_smtp_auth";s:1:"1";s:9:"mail_from";s:10:"pm@cuci.cc";s:14:"mail_from_name";s:21:"楚才API管理中心";s:11:"mail_secure";s:3:"ssl";s:10:"mail_reply";s:16:"zoujingli@qq.com";s:20:"app_baidu_tongji_key";s:32:"df31b90409cbd7237728ca1a770d72e6";}' ,datacrc='',expire=0 WHERE `cachekey`='sysconfig' [ RunTime:0.1480s ]
INFO: [ view_parse ] --START--
INFO: [ template_filter ] --START--
INFO: Run Behavior\ContentReplaceBehavior [ RunTime:0.000000s ]
INFO: [ template_filter ] --END-- [ RunTime:0.001000s ]
INFO: Run Behavior\ParseTemplateBehavior [ RunTime:0.018001s ]
INFO: [ view_parse ] --END-- [ RunTime:0.019001s ]
INFO: [ view_filter ] --START--
INFO: Run Behavior\WriteHtmlCacheBehavior [ RunTime:0.001000s ]
INFO: Run Library\Behavior\EmptyImageBehavior [ RunTime:0.002000s ]
INFO: [ view_filter ] --END-- [ RunTime:0.004000s ]
INFO: [ app_end ] --START--
INFO: Run Behavior\ShowPageTraceBehavior [ RunTime:0.002000s ]
INFO: [ app_end ] --END-- [ RunTime:0.002000s ]

[ 2015-05-21T18:12:38+08:00 ] 127.0.0.1 /jonza/index.php/plugin/ueditor.js
SQL: SHOW COLUMNS FROM `wx_app` [ RunTime:0.0120s ]
SQL: SELECT * FROM `wx_app` WHERE `status` = 2 AND ( `id` = null OR `host` = 'localhost' ) LIMIT 1   [ RunTime:0.0010s ]
SQL: SELECT `data`,`datacrc` FROM `think_cache` WHERE `cachekey`='sysconfig' AND (`expire` =0 OR `expire`>1432203158) LIMIT 0,1 [ RunTime:0.0010s ]
SQL: SHOW COLUMNS FROM `wx_sys_config` [ RunTime:0.0100s ]
SQL: SELECT * FROM `wx_sys_config`  [ RunTime:0.0020s ]
SQL: select `cachekey` from `think_cache` where `cachekey`='sysconfig' limit 0,1 [ RunTime:0.0010s ]
SQL: UPDATE think_cache SET data='a:25:{s:9:"site_name";s:24:"精典妆家微信管理";s:11:"site_domain";s:22:"yuanpeishop.wx.cuci.cc";s:13:"site_keywords";s:0:"";s:9:"site_desc";s:0:"";s:12:"site_contact";s:0:"";s:9:"site_mail";s:0:"";s:7:"site_qq";s:0:"";s:12:"site_company";s:39:"广州市鑫浪信息科技有限公司";s:8:"app_name";s:24:"精典妆家微信管理";s:11:"app_version";s:8:"1.0 beta";s:8:"app_logo";s:25:"glyphicon glyphicon-apple";s:12:"qiniu_bucket";s:7:"jonzawx";s:15:"qiniu_accesskey";s:40:"fWcSm1smy1_IlRMXfroFo_6Gdee3eNC0f9IGdsjY";s:15:"qiniu_secretkey";s:40:"0mHG6krKEjxzrovZkvJJc3W0Be4nzNZxveIZFJuO";s:12:"qiniu_domain";s:30:"7xj4ba.com1.z0.glb.clouddn.com";s:9:"mail_smtp";s:11:"smtp.qq.com";s:13:"mail_username";s:10:"pm@cuci.cc";s:9:"mail_port";s:3:"465";s:13:"mail_password";s:9:"Test12345";s:14:"mail_smtp_auth";s:1:"1";s:9:"mail_from";s:10:"pm@cuci.cc";s:14:"mail_from_name";s:21:"楚才API管理中心";s:11:"mail_secure";s:3:"ssl";s:10:"mail_reply";s:16:"zoujingli@qq.com";s:20:"app_baidu_tongji_key";s:32:"df31b90409cbd7237728ca1a770d72e6";}' ,datacrc='',expire=0 WHERE `cachekey`='sysconfig' [ RunTime:0.0580s ]
SQL: SELECT `data`,`datacrc` FROM `think_cache` WHERE `cachekey`='sysconfig' AND (`expire` =0 OR `expire`>1432203158) LIMIT 0,1 [ RunTime:0.0010s ]
SQL: SELECT * FROM `wx_sys_config`  [ RunTime:0.0020s ]
SQL: select `cachekey` from `think_cache` where `cachekey`='sysconfig' limit 0,1 [ RunTime:0.0010s ]
SQL: UPDATE think_cache SET data='a:25:{s:9:"site_name";s:24:"精典妆家微信管理";s:11:"site_domain";s:22:"yuanpeishop.wx.cuci.cc";s:13:"site_keywords";s:0:"";s:9:"site_desc";s:0:"";s:12:"site_contact";s:0:"";s:9:"site_mail";s:0:"";s:7:"site_qq";s:0:"";s:12:"site_company";s:39:"广州市鑫浪信息科技有限公司";s:8:"app_name";s:24:"精典妆家微信管理";s:11:"app_version";s:8:"1.0 beta";s:8:"app_logo";s:25:"glyphicon glyphicon-apple";s:12:"qiniu_bucket";s:7:"jonzawx";s:15:"qiniu_accesskey";s:40:"fWcSm1smy1_IlRMXfroFo_6Gdee3eNC0f9IGdsjY";s:15:"qiniu_secretkey";s:40:"0mHG6krKEjxzrovZkvJJc3W0Be4nzNZxveIZFJuO";s:12:"qiniu_domain";s:30:"7xj4ba.com1.z0.glb.clouddn.com";s:9:"mail_smtp";s:11:"smtp.qq.com";s:13:"mail_username";s:10:"pm@cuci.cc";s:9:"mail_port";s:3:"465";s:13:"mail_password";s:9:"Test12345";s:14:"mail_smtp_auth";s:1:"1";s:9:"mail_from";s:10:"pm@cuci.cc";s:14:"mail_from_name";s:21:"楚才API管理中心";s:11:"mail_secure";s:3:"ssl";s:10:"mail_reply";s:16:"zoujingli@qq.com";s:20:"app_baidu_tongji_key";s:32:"df31b90409cbd7237728ca1a770d72e6";}' ,datacrc='',expire=0 WHERE `cachekey`='sysconfig' [ RunTime:0.0330s ]
SQL: SELECT `data`,`datacrc` FROM `think_cache` WHERE `cachekey`='sysconfig' AND (`expire` =0 OR `expire`>1432203158) LIMIT 0,1 [ RunTime:0.0020s ]
SQL: SELECT * FROM `wx_sys_config`  [ RunTime:0.0010s ]
SQL: select `cachekey` from `think_cache` where `cachekey`='sysconfig' limit 0,1 [ RunTime:0.0010s ]
SQL: UPDATE think_cache SET data='a:25:{s:9:"site_name";s:24:"精典妆家微信管理";s:11:"site_domain";s:22:"yuanpeishop.wx.cuci.cc";s:13:"site_keywords";s:0:"";s:9:"site_desc";s:0:"";s:12:"site_contact";s:0:"";s:9:"site_mail";s:0:"";s:7:"site_qq";s:0:"";s:12:"site_company";s:39:"广州市鑫浪信息科技有限公司";s:8:"app_name";s:24:"精典妆家微信管理";s:11:"app_version";s:8:"1.0 beta";s:8:"app_logo";s:25:"glyphicon glyphicon-apple";s:12:"qiniu_bucket";s:7:"jonzawx";s:15:"qiniu_accesskey";s:40:"fWcSm1smy1_IlRMXfroFo_6Gdee3eNC0f9IGdsjY";s:15:"qiniu_secretkey";s:40:"0mHG6krKEjxzrovZkvJJc3W0Be4nzNZxveIZFJuO";s:12:"qiniu_domain";s:30:"7xj4ba.com1.z0.glb.clouddn.com";s:9:"mail_smtp";s:11:"smtp.qq.com";s:13:"mail_username";s:10:"pm@cuci.cc";s:9:"mail_port";s:3:"465";s:13:"mail_password";s:9:"Test12345";s:14:"mail_smtp_auth";s:1:"1";s:9:"mail_from";s:10:"pm@cuci.cc";s:14:"mail_from_name";s:21:"楚才API管理中心";s:11:"mail_secure";s:3:"ssl";s:10:"mail_reply";s:16:"zoujingli@qq.com";s:20:"app_baidu_tongji_key";s:32:"df31b90409cbd7237728ca1a770d72e6";}' ,datacrc='',expire=0 WHERE `cachekey`='sysconfig' [ RunTime:0.0290s ]
SQL: SELECT `data`,`datacrc` FROM `think_cache` WHERE `cachekey`='sysconfig' AND (`expire` =0 OR `expire`>1432203158) LIMIT 0,1 [ RunTime:0.0010s ]
SQL: SELECT * FROM `wx_sys_config`  [ RunTime:0.0010s ]
SQL: select `cachekey` from `think_cache` where `cachekey`='sysconfig' limit 0,1 [ RunTime:0.0010s ]
SQL: UPDATE think_cache SET data='a:25:{s:9:"site_name";s:24:"精典妆家微信管理";s:11:"site_domain";s:22:"yuanpeishop.wx.cuci.cc";s:13:"site_keywords";s:0:"";s:9:"site_desc";s:0:"";s:12:"site_contact";s:0:"";s:9:"site_mail";s:0:"";s:7:"site_qq";s:0:"";s:12:"site_company";s:39:"广州市鑫浪信息科技有限公司";s:8:"app_name";s:24:"精典妆家微信管理";s:11:"app_version";s:8:"1.0 beta";s:8:"app_logo";s:25:"glyphicon glyphicon-apple";s:12:"qiniu_bucket";s:7:"jonzawx";s:15:"qiniu_accesskey";s:40:"fWcSm1smy1_IlRMXfroFo_6Gdee3eNC0f9IGdsjY";s:15:"qiniu_secretkey";s:40:"0mHG6krKEjxzrovZkvJJc3W0Be4nzNZxveIZFJuO";s:12:"qiniu_domain";s:30:"7xj4ba.com1.z0.glb.clouddn.com";s:9:"mail_smtp";s:11:"smtp.qq.com";s:13:"mail_username";s:10:"pm@cuci.cc";s:9:"mail_port";s:3:"465";s:13:"mail_password";s:9:"Test12345";s:14:"mail_smtp_auth";s:1:"1";s:9:"mail_from";s:10:"pm@cuci.cc";s:14:"mail_from_name";s:21:"楚才API管理中心";s:11:"mail_secure";s:3:"ssl";s:10:"mail_reply";s:16:"zoujingli@qq.com";s:20:"app_baidu_tongji_key";s:32:"df31b90409cbd7237728ca1a770d72e6";}' ,datacrc='',expire=0 WHERE `cachekey`='sysconfig' [ RunTime:0.0900s ]
INFO: [ view_parse ] --START--
INFO: [ template_filter ] --START--
INFO: Run Behavior\ContentReplaceBehavior [ RunTime:0.001000s ]
INFO: [ template_filter ] --END-- [ RunTime:0.001000s ]
INFO: Run Behavior\ParseTemplateBehavior [ RunTime:0.021001s ]
INFO: [ view_parse ] --END-- [ RunTime:0.023001s ]
INFO: [ view_filter ] --START--
INFO: Run Behavior\WriteHtmlCacheBehavior [ RunTime:0.001000s ]
INFO: Run Library\Behavior\EmptyImageBehavior [ RunTime:0.002001s ]
INFO: [ view_filter ] --END-- [ RunTime:0.004001s ]
INFO: [ app_end ] --START--
INFO: Run Behavior\ShowPageTraceBehavior [ RunTime:0.002000s ]
INFO: [ app_end ] --END-- [ RunTime:0.003000s ]

