[ 2015-06-26T16:23:21+08:00 ] 127.0.0.1 /jonza/index.php/plugin/ueditor.js
SQL: SHOW COLUMNS FROM `wx_app` [ RunTime:0.4390s ]
SQL: SELECT * FROM `wx_app` WHERE `status` = 2 AND ( `id` = null OR `host` = 'localhost' ) LIMIT 1   [ RunTime:0.0010s ]
SQL: SELECT `data`,`datacrc` FROM `think_cache` WHERE `cachekey`='sysconfig' AND (`expire` =0 OR `expire`>1435307000) LIMIT 0,1 [ RunTime:0.0010s ]
SQL: SHOW COLUMNS FROM `wx_sys_config` [ RunTime:0.0080s ]
SQL: SELECT * FROM `wx_sys_config`  [ RunTime:0.0010s ]
SQL: select `cachekey` from `think_cache` where `cachekey`='sysconfig' limit 0,1 [ RunTime:0.0010s ]
SQL: UPDATE think_cache SET data='a:25:{s:9:"site_name";s:24:"精典妆家微信管理";s:11:"site_domain";s:22:"yuanpeishop.wx.cuci.cc";s:13:"site_keywords";s:0:"";s:9:"site_desc";s:0:"";s:12:"site_contact";s:0:"";s:9:"site_mail";s:0:"";s:7:"site_qq";s:0:"";s:12:"site_company";s:39:"广州市鑫浪信息科技有限公司";s:8:"app_name";s:24:"精典妆家微信管理";s:11:"app_version";s:8:"1.0 beta";s:8:"app_logo";s:25:"glyphicon glyphicon-apple";s:12:"qiniu_bucket";s:7:"jonzawx";s:15:"qiniu_accesskey";s:40:"fWcSm1smy1_IlRMXfroFo_6Gdee3eNC0f9IGdsjY";s:15:"qiniu_secretkey";s:40:"0mHG6krKEjxzrovZkvJJc3W0Be4nzNZxveIZFJuO";s:12:"qiniu_domain";s:30:"7xj4ba.com1.z0.glb.clouddn.com";s:9:"mail_smtp";s:11:"smtp.qq.com";s:13:"mail_username";s:10:"pm@cuci.cc";s:9:"mail_port";s:3:"465";s:13:"mail_password";s:9:"Test12345";s:14:"mail_smtp_auth";s:1:"1";s:9:"mail_from";s:10:"pm@cuci.cc";s:14:"mail_from_name";s:21:"楚才API管理中心";s:11:"mail_secure";s:3:"ssl";s:10:"mail_reply";s:16:"zoujingli@qq.com";s:20:"app_baidu_tongji_key";s:32:"df31b90409cbd7237728ca1a770d72e6";}' ,datacrc='',expire=0 WHERE `cachekey`='sysconfig' [ RunTime:0.2800s ]
SQL: SELECT `data`,`datacrc` FROM `think_cache` WHERE `cachekey`='sysconfig' AND (`expire` =0 OR `expire`>1435307001) LIMIT 0,1 [ RunTime:0.0010s ]
SQL: SELECT * FROM `wx_sys_config`  [ RunTime:0.0010s ]
SQL: select `cachekey` from `think_cache` where `cachekey`='sysconfig' limit 0,1 [ RunTime:0.0010s ]
SQL: UPDATE think_cache SET data='a:25:{s:9:"site_name";s:24:"精典妆家微信管理";s:11:"site_domain";s:22:"yuanpeishop.wx.cuci.cc";s:13:"site_keywords";s:0:"";s:9:"site_desc";s:0:"";s:12:"site_contact";s:0:"";s:9:"site_mail";s:0:"";s:7:"site_qq";s:0:"";s:12:"site_company";s:39:"广州市鑫浪信息科技有限公司";s:8:"app_name";s:24:"精典妆家微信管理";s:11:"app_version";s:8:"1.0 beta";s:8:"app_logo";s:25:"glyphicon glyphicon-apple";s:12:"qiniu_bucket";s:7:"jonzawx";s:15:"qiniu_accesskey";s:40:"fWcSm1smy1_IlRMXfroFo_6Gdee3eNC0f9IGdsjY";s:15:"qiniu_secretkey";s:40:"0mHG6krKEjxzrovZkvJJc3W0Be4nzNZxveIZFJuO";s:12:"qiniu_domain";s:30:"7xj4ba.com1.z0.glb.clouddn.com";s:9:"mail_smtp";s:11:"smtp.qq.com";s:13:"mail_username";s:10:"pm@cuci.cc";s:9:"mail_port";s:3:"465";s:13:"mail_password";s:9:"Test12345";s:14:"mail_smtp_auth";s:1:"1";s:9:"mail_from";s:10:"pm@cuci.cc";s:14:"mail_from_name";s:21:"楚才API管理中心";s:11:"mail_secure";s:3:"ssl";s:10:"mail_reply";s:16:"zoujingli@qq.com";s:20:"app_baidu_tongji_key";s:32:"df31b90409cbd7237728ca1a770d72e6";}' ,datacrc='',expire=0 WHERE `cachekey`='sysconfig' [ RunTime:0.1830s ]
SQL: SELECT `data`,`datacrc` FROM `think_cache` WHERE `cachekey`='sysconfig' AND (`expire` =0 OR `expire`>1435307001) LIMIT 0,1 [ RunTime:0.0010s ]
SQL: SELECT * FROM `wx_sys_config`  [ RunTime:0.0020s ]
SQL: select `cachekey` from `think_cache` where `cachekey`='sysconfig' limit 0,1 [ RunTime:0.0010s ]
SQL: UPDATE think_cache SET data='a:25:{s:9:"site_name";s:24:"精典妆家微信管理";s:11:"site_domain";s:22:"yuanpeishop.wx.cuci.cc";s:13:"site_keywords";s:0:"";s:9:"site_desc";s:0:"";s:12:"site_contact";s:0:"";s:9:"site_mail";s:0:"";s:7:"site_qq";s:0:"";s:12:"site_company";s:39:"广州市鑫浪信息科技有限公司";s:8:"app_name";s:24:"精典妆家微信管理";s:11:"app_version";s:8:"1.0 beta";s:8:"app_logo";s:25:"glyphicon glyphicon-apple";s:12:"qiniu_bucket";s:7:"jonzawx";s:15:"qiniu_accesskey";s:40:"fWcSm1smy1_IlRMXfroFo_6Gdee3eNC0f9IGdsjY";s:15:"qiniu_secretkey";s:40:"0mHG6krKEjxzrovZkvJJc3W0Be4nzNZxveIZFJuO";s:12:"qiniu_domain";s:30:"7xj4ba.com1.z0.glb.clouddn.com";s:9:"mail_smtp";s:11:"smtp.qq.com";s:13:"mail_username";s:10:"pm@cuci.cc";s:9:"mail_port";s:3:"465";s:13:"mail_password";s:9:"Test12345";s:14:"mail_smtp_auth";s:1:"1";s:9:"mail_from";s:10:"pm@cuci.cc";s:14:"mail_from_name";s:21:"楚才API管理中心";s:11:"mail_secure";s:3:"ssl";s:10:"mail_reply";s:16:"zoujingli@qq.com";s:20:"app_baidu_tongji_key";s:32:"df31b90409cbd7237728ca1a770d72e6";}' ,datacrc='',expire=0 WHERE `cachekey`='sysconfig' [ RunTime:0.0880s ]
SQL: SELECT `data`,`datacrc` FROM `think_cache` WHERE `cachekey`='sysconfig' AND (`expire` =0 OR `expire`>1435307001) LIMIT 0,1 [ RunTime:0.0010s ]
SQL: SELECT * FROM `wx_sys_config`  [ RunTime:0.0010s ]
SQL: select `cachekey` from `think_cache` where `cachekey`='sysconfig' limit 0,1 [ RunTime:0.0000s ]
SQL: UPDATE think_cache SET data='a:25:{s:9:"site_name";s:24:"精典妆家微信管理";s:11:"site_domain";s:22:"yuanpeishop.wx.cuci.cc";s:13:"site_keywords";s:0:"";s:9:"site_desc";s:0:"";s:12:"site_contact";s:0:"";s:9:"site_mail";s:0:"";s:7:"site_qq";s:0:"";s:12:"site_company";s:39:"广州市鑫浪信息科技有限公司";s:8:"app_name";s:24:"精典妆家微信管理";s:11:"app_version";s:8:"1.0 beta";s:8:"app_logo";s:25:"glyphicon glyphicon-apple";s:12:"qiniu_bucket";s:7:"jonzawx";s:15:"qiniu_accesskey";s:40:"fWcSm1smy1_IlRMXfroFo_6Gdee3eNC0f9IGdsjY";s:15:"qiniu_secretkey";s:40:"0mHG6krKEjxzrovZkvJJc3W0Be4nzNZxveIZFJuO";s:12:"qiniu_domain";s:30:"7xj4ba.com1.z0.glb.clouddn.com";s:9:"mail_smtp";s:11:"smtp.qq.com";s:13:"mail_username";s:10:"pm@cuci.cc";s:9:"mail_port";s:3:"465";s:13:"mail_password";s:9:"Test12345";s:14:"mail_smtp_auth";s:1:"1";s:9:"mail_from";s:10:"pm@cuci.cc";s:14:"mail_from_name";s:21:"楚才API管理中心";s:11:"mail_secure";s:3:"ssl";s:10:"mail_reply";s:16:"zoujingli@qq.com";s:20:"app_baidu_tongji_key";s:32:"df31b90409cbd7237728ca1a770d72e6";}' ,datacrc='',expire=0 WHERE `cachekey`='sysconfig' [ RunTime:0.0710s ]
INFO: [ view_parse ] --START--
INFO: [ template_filter ] --START--
INFO: Run Behavior\ContentReplaceBehavior [ RunTime:0.001000s ]
INFO: [ template_filter ] --END-- [ RunTime:0.002000s ]
INFO: Run Behavior\ParseTemplateBehavior [ RunTime:0.047002s ]
INFO: [ view_parse ] --END-- [ RunTime:0.049002s ]
INFO: [ view_filter ] --START--
INFO: Run Behavior\WriteHtmlCacheBehavior [ RunTime:0.003001s ]
INFO: Run Library\Behavior\EmptyImageBehavior [ RunTime:0.002000s ]
INFO: [ view_filter ] --END-- [ RunTime:0.005001s ]
INFO: [ app_end ] --START--
INFO: Run Behavior\ShowPageTraceBehavior [ RunTime:0.002000s ]
INFO: [ app_end ] --END-- [ RunTime:0.003000s ]

[ 2015-06-26T16:23:29+08:00 ] 127.0.0.1 /jonza/index.php/plugin/ueditor.js
SQL: SHOW COLUMNS FROM `wx_app` [ RunTime:0.0080s ]
SQL: SELECT * FROM `wx_app` WHERE `status` = 2 AND ( `id` = null OR `host` = 'localhost' ) LIMIT 1   [ RunTime:0.0010s ]
SQL: SELECT `data`,`datacrc` FROM `think_cache` WHERE `cachekey`='sysconfig' AND (`expire` =0 OR `expire`>1435307008) LIMIT 0,1 [ RunTime:0.0010s ]
SQL: SHOW COLUMNS FROM `wx_sys_config` [ RunTime:0.0080s ]
SQL: SELECT * FROM `wx_sys_config`  [ RunTime:0.0010s ]
SQL: select `cachekey` from `think_cache` where `cachekey`='sysconfig' limit 0,1 [ RunTime:0.0000s ]
SQL: UPDATE think_cache SET data='a:25:{s:9:"site_name";s:24:"精典妆家微信管理";s:11:"site_domain";s:22:"yuanpeishop.wx.cuci.cc";s:13:"site_keywords";s:0:"";s:9:"site_desc";s:0:"";s:12:"site_contact";s:0:"";s:9:"site_mail";s:0:"";s:7:"site_qq";s:0:"";s:12:"site_company";s:39:"广州市鑫浪信息科技有限公司";s:8:"app_name";s:24:"精典妆家微信管理";s:11:"app_version";s:8:"1.0 beta";s:8:"app_logo";s:25:"glyphicon glyphicon-apple";s:12:"qiniu_bucket";s:7:"jonzawx";s:15:"qiniu_accesskey";s:40:"fWcSm1smy1_IlRMXfroFo_6Gdee3eNC0f9IGdsjY";s:15:"qiniu_secretkey";s:40:"0mHG6krKEjxzrovZkvJJc3W0Be4nzNZxveIZFJuO";s:12:"qiniu_domain";s:30:"7xj4ba.com1.z0.glb.clouddn.com";s:9:"mail_smtp";s:11:"smtp.qq.com";s:13:"mail_username";s:10:"pm@cuci.cc";s:9:"mail_port";s:3:"465";s:13:"mail_password";s:9:"Test12345";s:14:"mail_smtp_auth";s:1:"1";s:9:"mail_from";s:10:"pm@cuci.cc";s:14:"mail_from_name";s:21:"楚才API管理中心";s:11:"mail_secure";s:3:"ssl";s:10:"mail_reply";s:16:"zoujingli@qq.com";s:20:"app_baidu_tongji_key";s:32:"df31b90409cbd7237728ca1a770d72e6";}' ,datacrc='',expire=0 WHERE `cachekey`='sysconfig' [ RunTime:0.0740s ]
SQL: SELECT `data`,`datacrc` FROM `think_cache` WHERE `cachekey`='sysconfig' AND (`expire` =0 OR `expire`>1435307008) LIMIT 0,1 [ RunTime:0.0010s ]
SQL: SELECT * FROM `wx_sys_config`  [ RunTime:0.0010s ]
SQL: select `cachekey` from `think_cache` where `cachekey`='sysconfig' limit 0,1 [ RunTime:0.0010s ]
SQL: UPDATE think_cache SET data='a:25:{s:9:"site_name";s:24:"精典妆家微信管理";s:11:"site_domain";s:22:"yuanpeishop.wx.cuci.cc";s:13:"site_keywords";s:0:"";s:9:"site_desc";s:0:"";s:12:"site_contact";s:0:"";s:9:"site_mail";s:0:"";s:7:"site_qq";s:0:"";s:12:"site_company";s:39:"广州市鑫浪信息科技有限公司";s:8:"app_name";s:24:"精典妆家微信管理";s:11:"app_version";s:8:"1.0 beta";s:8:"app_logo";s:25:"glyphicon glyphicon-apple";s:12:"qiniu_bucket";s:7:"jonzawx";s:15:"qiniu_accesskey";s:40:"fWcSm1smy1_IlRMXfroFo_6Gdee3eNC0f9IGdsjY";s:15:"qiniu_secretkey";s:40:"0mHG6krKEjxzrovZkvJJc3W0Be4nzNZxveIZFJuO";s:12:"qiniu_domain";s:30:"7xj4ba.com1.z0.glb.clouddn.com";s:9:"mail_smtp";s:11:"smtp.qq.com";s:13:"mail_username";s:10:"pm@cuci.cc";s:9:"mail_port";s:3:"465";s:13:"mail_password";s:9:"Test12345";s:14:"mail_smtp_auth";s:1:"1";s:9:"mail_from";s:10:"pm@cuci.cc";s:14:"mail_from_name";s:21:"楚才API管理中心";s:11:"mail_secure";s:3:"ssl";s:10:"mail_reply";s:16:"zoujingli@qq.com";s:20:"app_baidu_tongji_key";s:32:"df31b90409cbd7237728ca1a770d72e6";}' ,datacrc='',expire=0 WHERE `cachekey`='sysconfig' [ RunTime:0.1640s ]
SQL: SELECT `data`,`datacrc` FROM `think_cache` WHERE `cachekey`='sysconfig' AND (`expire` =0 OR `expire`>1435307008) LIMIT 0,1 [ RunTime:0.0010s ]
SQL: SELECT * FROM `wx_sys_config`  [ RunTime:0.0010s ]
SQL: select `cachekey` from `think_cache` where `cachekey`='sysconfig' limit 0,1 [ RunTime:0.0010s ]
SQL: UPDATE think_cache SET data='a:25:{s:9:"site_name";s:24:"精典妆家微信管理";s:11:"site_domain";s:22:"yuanpeishop.wx.cuci.cc";s:13:"site_keywords";s:0:"";s:9:"site_desc";s:0:"";s:12:"site_contact";s:0:"";s:9:"site_mail";s:0:"";s:7:"site_qq";s:0:"";s:12:"site_company";s:39:"广州市鑫浪信息科技有限公司";s:8:"app_name";s:24:"精典妆家微信管理";s:11:"app_version";s:8:"1.0 beta";s:8:"app_logo";s:25:"glyphicon glyphicon-apple";s:12:"qiniu_bucket";s:7:"jonzawx";s:15:"qiniu_accesskey";s:40:"fWcSm1smy1_IlRMXfroFo_6Gdee3eNC0f9IGdsjY";s:15:"qiniu_secretkey";s:40:"0mHG6krKEjxzrovZkvJJc3W0Be4nzNZxveIZFJuO";s:12:"qiniu_domain";s:30:"7xj4ba.com1.z0.glb.clouddn.com";s:9:"mail_smtp";s:11:"smtp.qq.com";s:13:"mail_username";s:10:"pm@cuci.cc";s:9:"mail_port";s:3:"465";s:13:"mail_password";s:9:"Test12345";s:14:"mail_smtp_auth";s:1:"1";s:9:"mail_from";s:10:"pm@cuci.cc";s:14:"mail_from_name";s:21:"楚才API管理中心";s:11:"mail_secure";s:3:"ssl";s:10:"mail_reply";s:16:"zoujingli@qq.com";s:20:"app_baidu_tongji_key";s:32:"df31b90409cbd7237728ca1a770d72e6";}' ,datacrc='',expire=0 WHERE `cachekey`='sysconfig' [ RunTime:0.2030s ]
SQL: SELECT `data`,`datacrc` FROM `think_cache` WHERE `cachekey`='sysconfig' AND (`expire` =0 OR `expire`>1435307009) LIMIT 0,1 [ RunTime:0.0010s ]
SQL: SELECT * FROM `wx_sys_config`  [ RunTime:0.0010s ]
SQL: select `cachekey` from `think_cache` where `cachekey`='sysconfig' limit 0,1 [ RunTime:0.0010s ]
SQL: UPDATE think_cache SET data='a:25:{s:9:"site_name";s:24:"精典妆家微信管理";s:11:"site_domain";s:22:"yuanpeishop.wx.cuci.cc";s:13:"site_keywords";s:0:"";s:9:"site_desc";s:0:"";s:12:"site_contact";s:0:"";s:9:"site_mail";s:0:"";s:7:"site_qq";s:0:"";s:12:"site_company";s:39:"广州市鑫浪信息科技有限公司";s:8:"app_name";s:24:"精典妆家微信管理";s:11:"app_version";s:8:"1.0 beta";s:8:"app_logo";s:25:"glyphicon glyphicon-apple";s:12:"qiniu_bucket";s:7:"jonzawx";s:15:"qiniu_accesskey";s:40:"fWcSm1smy1_IlRMXfroFo_6Gdee3eNC0f9IGdsjY";s:15:"qiniu_secretkey";s:40:"0mHG6krKEjxzrovZkvJJc3W0Be4nzNZxveIZFJuO";s:12:"qiniu_domain";s:30:"7xj4ba.com1.z0.glb.clouddn.com";s:9:"mail_smtp";s:11:"smtp.qq.com";s:13:"mail_username";s:10:"pm@cuci.cc";s:9:"mail_port";s:3:"465";s:13:"mail_password";s:9:"Test12345";s:14:"mail_smtp_auth";s:1:"1";s:9:"mail_from";s:10:"pm@cuci.cc";s:14:"mail_from_name";s:21:"楚才API管理中心";s:11:"mail_secure";s:3:"ssl";s:10:"mail_reply";s:16:"zoujingli@qq.com";s:20:"app_baidu_tongji_key";s:32:"df31b90409cbd7237728ca1a770d72e6";}' ,datacrc='',expire=0 WHERE `cachekey`='sysconfig' [ RunTime:0.1370s ]
INFO: [ view_parse ] --START--
INFO: [ template_filter ] --START--
INFO: Run Behavior\ContentReplaceBehavior [ RunTime:0.000000s ]
INFO: [ template_filter ] --END-- [ RunTime:0.001000s ]
INFO: Run Behavior\ParseTemplateBehavior [ RunTime:0.018001s ]
INFO: [ view_parse ] --END-- [ RunTime:0.018001s ]
INFO: [ view_filter ] --START--
INFO: Run Behavior\WriteHtmlCacheBehavior [ RunTime:0.001000s ]
INFO: Run Library\Behavior\EmptyImageBehavior [ RunTime:0.003000s ]
INFO: [ view_filter ] --END-- [ RunTime:0.005000s ]
INFO: [ app_end ] --START--
INFO: Run Behavior\ShowPageTraceBehavior [ RunTime:0.002000s ]
INFO: [ app_end ] --END-- [ RunTime:0.002000s ]

[ 2015-06-26T16:23:38+08:00 ] 127.0.0.1 /jonza/index.php/plugin/ueditor.js
SQL: SHOW COLUMNS FROM `wx_app` [ RunTime:0.0080s ]
SQL: SELECT * FROM `wx_app` WHERE `status` = 2 AND ( `id` = null OR `host` = 'localhost' ) LIMIT 1   [ RunTime:0.0020s ]
SQL: SELECT `data`,`datacrc` FROM `think_cache` WHERE `cachekey`='sysconfig' AND (`expire` =0 OR `expire`>1435307017) LIMIT 0,1 [ RunTime:0.0010s ]
SQL: SHOW COLUMNS FROM `wx_sys_config` [ RunTime:0.0110s ]
SQL: SELECT * FROM `wx_sys_config`  [ RunTime:0.0010s ]
SQL: select `cachekey` from `think_cache` where `cachekey`='sysconfig' limit 0,1 [ RunTime:0.0010s ]
SQL: UPDATE think_cache SET data='a:25:{s:9:"site_name";s:24:"精典妆家微信管理";s:11:"site_domain";s:22:"yuanpeishop.wx.cuci.cc";s:13:"site_keywords";s:0:"";s:9:"site_desc";s:0:"";s:12:"site_contact";s:0:"";s:9:"site_mail";s:0:"";s:7:"site_qq";s:0:"";s:12:"site_company";s:39:"广州市鑫浪信息科技有限公司";s:8:"app_name";s:24:"精典妆家微信管理";s:11:"app_version";s:8:"1.0 beta";s:8:"app_logo";s:25:"glyphicon glyphicon-apple";s:12:"qiniu_bucket";s:7:"jonzawx";s:15:"qiniu_accesskey";s:40:"fWcSm1smy1_IlRMXfroFo_6Gdee3eNC0f9IGdsjY";s:15:"qiniu_secretkey";s:40:"0mHG6krKEjxzrovZkvJJc3W0Be4nzNZxveIZFJuO";s:12:"qiniu_domain";s:30:"7xj4ba.com1.z0.glb.clouddn.com";s:9:"mail_smtp";s:11:"smtp.qq.com";s:13:"mail_username";s:10:"pm@cuci.cc";s:9:"mail_port";s:3:"465";s:13:"mail_password";s:9:"Test12345";s:14:"mail_smtp_auth";s:1:"1";s:9:"mail_from";s:10:"pm@cuci.cc";s:14:"mail_from_name";s:21:"楚才API管理中心";s:11:"mail_secure";s:3:"ssl";s:10:"mail_reply";s:16:"zoujingli@qq.com";s:20:"app_baidu_tongji_key";s:32:"df31b90409cbd7237728ca1a770d72e6";}' ,datacrc='',expire=0 WHERE `cachekey`='sysconfig' [ RunTime:0.2350s ]
SQL: SELECT `data`,`datacrc` FROM `think_cache` WHERE `cachekey`='sysconfig' AND (`expire` =0 OR `expire`>1435307018) LIMIT 0,1 [ RunTime:0.0010s ]
SQL: SELECT * FROM `wx_sys_config`  [ RunTime:0.0020s ]
SQL: select `cachekey` from `think_cache` where `cachekey`='sysconfig' limit 0,1 [ RunTime:0.0010s ]
SQL: UPDATE think_cache SET data='a:25:{s:9:"site_name";s:24:"精典妆家微信管理";s:11:"site_domain";s:22:"yuanpeishop.wx.cuci.cc";s:13:"site_keywords";s:0:"";s:9:"site_desc";s:0:"";s:12:"site_contact";s:0:"";s:9:"site_mail";s:0:"";s:7:"site_qq";s:0:"";s:12:"site_company";s:39:"广州市鑫浪信息科技有限公司";s:8:"app_name";s:24:"精典妆家微信管理";s:11:"app_version";s:8:"1.0 beta";s:8:"app_logo";s:25:"glyphicon glyphicon-apple";s:12:"qiniu_bucket";s:7:"jonzawx";s:15:"qiniu_accesskey";s:40:"fWcSm1smy1_IlRMXfroFo_6Gdee3eNC0f9IGdsjY";s:15:"qiniu_secretkey";s:40:"0mHG6krKEjxzrovZkvJJc3W0Be4nzNZxveIZFJuO";s:12:"qiniu_domain";s:30:"7xj4ba.com1.z0.glb.clouddn.com";s:9:"mail_smtp";s:11:"smtp.qq.com";s:13:"mail_username";s:10:"pm@cuci.cc";s:9:"mail_port";s:3:"465";s:13:"mail_password";s:9:"Test12345";s:14:"mail_smtp_auth";s:1:"1";s:9:"mail_from";s:10:"pm@cuci.cc";s:14:"mail_from_name";s:21:"楚才API管理中心";s:11:"mail_secure";s:3:"ssl";s:10:"mail_reply";s:16:"zoujingli@qq.com";s:20:"app_baidu_tongji_key";s:32:"df31b90409cbd7237728ca1a770d72e6";}' ,datacrc='',expire=0 WHERE `cachekey`='sysconfig' [ RunTime:0.0920s ]
SQL: SELECT `data`,`datacrc` FROM `think_cache` WHERE `cachekey`='sysconfig' AND (`expire` =0 OR `expire`>1435307018) LIMIT 0,1 [ RunTime:0.0000s ]
SQL: SELECT * FROM `wx_sys_config`  [ RunTime:0.0020s ]
SQL: select `cachekey` from `think_cache` where `cachekey`='sysconfig' limit 0,1 [ RunTime:0.0040s ]
SQL: UPDATE think_cache SET data='a:25:{s:9:"site_name";s:24:"精典妆家微信管理";s:11:"site_domain";s:22:"yuanpeishop.wx.cuci.cc";s:13:"site_keywords";s:0:"";s:9:"site_desc";s:0:"";s:12:"site_contact";s:0:"";s:9:"site_mail";s:0:"";s:7:"site_qq";s:0:"";s:12:"site_company";s:39:"广州市鑫浪信息科技有限公司";s:8:"app_name";s:24:"精典妆家微信管理";s:11:"app_version";s:8:"1.0 beta";s:8:"app_logo";s:25:"glyphicon glyphicon-apple";s:12:"qiniu_bucket";s:7:"jonzawx";s:15:"qiniu_accesskey";s:40:"fWcSm1smy1_IlRMXfroFo_6Gdee3eNC0f9IGdsjY";s:15:"qiniu_secretkey";s:40:"0mHG6krKEjxzrovZkvJJc3W0Be4nzNZxveIZFJuO";s:12:"qiniu_domain";s:30:"7xj4ba.com1.z0.glb.clouddn.com";s:9:"mail_smtp";s:11:"smtp.qq.com";s:13:"mail_username";s:10:"pm@cuci.cc";s:9:"mail_port";s:3:"465";s:13:"mail_password";s:9:"Test12345";s:14:"mail_smtp_auth";s:1:"1";s:9:"mail_from";s:10:"pm@cuci.cc";s:14:"mail_from_name";s:21:"楚才API管理中心";s:11:"mail_secure";s:3:"ssl";s:10:"mail_reply";s:16:"zoujingli@qq.com";s:20:"app_baidu_tongji_key";s:32:"df31b90409cbd7237728ca1a770d72e6";}' ,datacrc='',expire=0 WHERE `cachekey`='sysconfig' [ RunTime:0.0860s ]
SQL: SELECT `data`,`datacrc` FROM `think_cache` WHERE `cachekey`='sysconfig' AND (`expire` =0 OR `expire`>1435307018) LIMIT 0,1 [ RunTime:0.0010s ]
SQL: SELECT * FROM `wx_sys_config`  [ RunTime:0.0020s ]
SQL: select `cachekey` from `think_cache` where `cachekey`='sysconfig' limit 0,1 [ RunTime:0.0010s ]
SQL: UPDATE think_cache SET data='a:25:{s:9:"site_name";s:24:"精典妆家微信管理";s:11:"site_domain";s:22:"yuanpeishop.wx.cuci.cc";s:13:"site_keywords";s:0:"";s:9:"site_desc";s:0:"";s:12:"site_contact";s:0:"";s:9:"site_mail";s:0:"";s:7:"site_qq";s:0:"";s:12:"site_company";s:39:"广州市鑫浪信息科技有限公司";s:8:"app_name";s:24:"精典妆家微信管理";s:11:"app_version";s:8:"1.0 beta";s:8:"app_logo";s:25:"glyphicon glyphicon-apple";s:12:"qiniu_bucket";s:7:"jonzawx";s:15:"qiniu_accesskey";s:40:"fWcSm1smy1_IlRMXfroFo_6Gdee3eNC0f9IGdsjY";s:15:"qiniu_secretkey";s:40:"0mHG6krKEjxzrovZkvJJc3W0Be4nzNZxveIZFJuO";s:12:"qiniu_domain";s:30:"7xj4ba.com1.z0.glb.clouddn.com";s:9:"mail_smtp";s:11:"smtp.qq.com";s:13:"mail_username";s:10:"pm@cuci.cc";s:9:"mail_port";s:3:"465";s:13:"mail_password";s:9:"Test12345";s:14:"mail_smtp_auth";s:1:"1";s:9:"mail_from";s:10:"pm@cuci.cc";s:14:"mail_from_name";s:21:"楚才API管理中心";s:11:"mail_secure";s:3:"ssl";s:10:"mail_reply";s:16:"zoujingli@qq.com";s:20:"app_baidu_tongji_key";s:32:"df31b90409cbd7237728ca1a770d72e6";}' ,datacrc='',expire=0 WHERE `cachekey`='sysconfig' [ RunTime:0.1940s ]
INFO: [ view_parse ] --START--
INFO: [ template_filter ] --START--
INFO: Run Behavior\ContentReplaceBehavior [ RunTime:0.000000s ]
INFO: [ template_filter ] --END-- [ RunTime:0.001000s ]
INFO: Run Behavior\ParseTemplateBehavior [ RunTime:0.024001s ]
INFO: [ view_parse ] --END-- [ RunTime:0.024001s ]
INFO: [ view_filter ] --START--
INFO: Run Behavior\WriteHtmlCacheBehavior [ RunTime:0.001000s ]
INFO: Run Library\Behavior\EmptyImageBehavior [ RunTime:0.003000s ]
INFO: [ view_filter ] --END-- [ RunTime:0.005000s ]
INFO: [ app_end ] --START--
INFO: Run Behavior\ShowPageTraceBehavior [ RunTime:0.002000s ]
INFO: [ app_end ] --END-- [ RunTime:0.002000s ]

[ 2015-06-26T16:23:41+08:00 ] 127.0.0.1 /jonza/index.php/plugin/ueditor.js
SQL: SHOW COLUMNS FROM `wx_app` [ RunTime:0.0100s ]
SQL: SELECT * FROM `wx_app` WHERE `status` = 2 AND ( `id` = null OR `host` = 'localhost' ) LIMIT 1   [ RunTime:0.0010s ]
SQL: SELECT `data`,`datacrc` FROM `think_cache` WHERE `cachekey`='sysconfig' AND (`expire` =0 OR `expire`>1435307020) LIMIT 0,1 [ RunTime:0.0010s ]
SQL: SHOW COLUMNS FROM `wx_sys_config` [ RunTime:0.0080s ]
SQL: SELECT * FROM `wx_sys_config`  [ RunTime:0.0010s ]
SQL: select `cachekey` from `think_cache` where `cachekey`='sysconfig' limit 0,1 [ RunTime:0.0010s ]
SQL: UPDATE think_cache SET data='a:25:{s:9:"site_name";s:24:"精典妆家微信管理";s:11:"site_domain";s:22:"yuanpeishop.wx.cuci.cc";s:13:"site_keywords";s:0:"";s:9:"site_desc";s:0:"";s:12:"site_contact";s:0:"";s:9:"site_mail";s:0:"";s:7:"site_qq";s:0:"";s:12:"site_company";s:39:"广州市鑫浪信息科技有限公司";s:8:"app_name";s:24:"精典妆家微信管理";s:11:"app_version";s:8:"1.0 beta";s:8:"app_logo";s:25:"glyphicon glyphicon-apple";s:12:"qiniu_bucket";s:7:"jonzawx";s:15:"qiniu_accesskey";s:40:"fWcSm1smy1_IlRMXfroFo_6Gdee3eNC0f9IGdsjY";s:15:"qiniu_secretkey";s:40:"0mHG6krKEjxzrovZkvJJc3W0Be4nzNZxveIZFJuO";s:12:"qiniu_domain";s:30:"7xj4ba.com1.z0.glb.clouddn.com";s:9:"mail_smtp";s:11:"smtp.qq.com";s:13:"mail_username";s:10:"pm@cuci.cc";s:9:"mail_port";s:3:"465";s:13:"mail_password";s:9:"Test12345";s:14:"mail_smtp_auth";s:1:"1";s:9:"mail_from";s:10:"pm@cuci.cc";s:14:"mail_from_name";s:21:"楚才API管理中心";s:11:"mail_secure";s:3:"ssl";s:10:"mail_reply";s:16:"zoujingli@qq.com";s:20:"app_baidu_tongji_key";s:32:"df31b90409cbd7237728ca1a770d72e6";}' ,datacrc='',expire=0 WHERE `cachekey`='sysconfig' [ RunTime:0.1230s ]
SQL: SELECT `data`,`datacrc` FROM `think_cache` WHERE `cachekey`='sysconfig' AND (`expire` =0 OR `expire`>1435307021) LIMIT 0,1 [ RunTime:0.0010s ]
SQL: SELECT * FROM `wx_sys_config`  [ RunTime:0.0010s ]
SQL: select `cachekey` from `think_cache` where `cachekey`='sysconfig' limit 0,1 [ RunTime:0.0010s ]
SQL: UPDATE think_cache SET data='a:25:{s:9:"site_name";s:24:"精典妆家微信管理";s:11:"site_domain";s:22:"yuanpeishop.wx.cuci.cc";s:13:"site_keywords";s:0:"";s:9:"site_desc";s:0:"";s:12:"site_contact";s:0:"";s:9:"site_mail";s:0:"";s:7:"site_qq";s:0:"";s:12:"site_company";s:39:"广州市鑫浪信息科技有限公司";s:8:"app_name";s:24:"精典妆家微信管理";s:11:"app_version";s:8:"1.0 beta";s:8:"app_logo";s:25:"glyphicon glyphicon-apple";s:12:"qiniu_bucket";s:7:"jonzawx";s:15:"qiniu_accesskey";s:40:"fWcSm1smy1_IlRMXfroFo_6Gdee3eNC0f9IGdsjY";s:15:"qiniu_secretkey";s:40:"0mHG6krKEjxzrovZkvJJc3W0Be4nzNZxveIZFJuO";s:12:"qiniu_domain";s:30:"7xj4ba.com1.z0.glb.clouddn.com";s:9:"mail_smtp";s:11:"smtp.qq.com";s:13:"mail_username";s:10:"pm@cuci.cc";s:9:"mail_port";s:3:"465";s:13:"mail_password";s:9:"Test12345";s:14:"mail_smtp_auth";s:1:"1";s:9:"mail_from";s:10:"pm@cuci.cc";s:14:"mail_from_name";s:21:"楚才API管理中心";s:11:"mail_secure";s:3:"ssl";s:10:"mail_reply";s:16:"zoujingli@qq.com";s:20:"app_baidu_tongji_key";s:32:"df31b90409cbd7237728ca1a770d72e6";}' ,datacrc='',expire=0 WHERE `cachekey`='sysconfig' [ RunTime:0.0410s ]
SQL: SELECT `data`,`datacrc` FROM `think_cache` WHERE `cachekey`='sysconfig' AND (`expire` =0 OR `expire`>1435307021) LIMIT 0,1 [ RunTime:0.0010s ]
SQL: SELECT * FROM `wx_sys_config`  [ RunTime:0.0020s ]
SQL: select `cachekey` from `think_cache` where `cachekey`='sysconfig' limit 0,1 [ RunTime:0.0010s ]
SQL: UPDATE think_cache SET data='a:25:{s:9:"site_name";s:24:"精典妆家微信管理";s:11:"site_domain";s:22:"yuanpeishop.wx.cuci.cc";s:13:"site_keywords";s:0:"";s:9:"site_desc";s:0:"";s:12:"site_contact";s:0:"";s:9:"site_mail";s:0:"";s:7:"site_qq";s:0:"";s:12:"site_company";s:39:"广州市鑫浪信息科技有限公司";s:8:"app_name";s:24:"精典妆家微信管理";s:11:"app_version";s:8:"1.0 beta";s:8:"app_logo";s:25:"glyphicon glyphicon-apple";s:12:"qiniu_bucket";s:7:"jonzawx";s:15:"qiniu_accesskey";s:40:"fWcSm1smy1_IlRMXfroFo_6Gdee3eNC0f9IGdsjY";s:15:"qiniu_secretkey";s:40:"0mHG6krKEjxzrovZkvJJc3W0Be4nzNZxveIZFJuO";s:12:"qiniu_domain";s:30:"7xj4ba.com1.z0.glb.clouddn.com";s:9:"mail_smtp";s:11:"smtp.qq.com";s:13:"mail_username";s:10:"pm@cuci.cc";s:9:"mail_port";s:3:"465";s:13:"mail_password";s:9:"Test12345";s:14:"mail_smtp_auth";s:1:"1";s:9:"mail_from";s:10:"pm@cuci.cc";s:14:"mail_from_name";s:21:"楚才API管理中心";s:11:"mail_secure";s:3:"ssl";s:10:"mail_reply";s:16:"zoujingli@qq.com";s:20:"app_baidu_tongji_key";s:32:"df31b90409cbd7237728ca1a770d72e6";}' ,datacrc='',expire=0 WHERE `cachekey`='sysconfig' [ RunTime:0.0610s ]
SQL: SELECT `data`,`datacrc` FROM `think_cache` WHERE `cachekey`='sysconfig' AND (`expire` =0 OR `expire`>1435307021) LIMIT 0,1 [ RunTime:0.0010s ]
SQL: SELECT * FROM `wx_sys_config`  [ RunTime:0.0010s ]
SQL: select `cachekey` from `think_cache` where `cachekey`='sysconfig' limit 0,1 [ RunTime:0.0010s ]
SQL: UPDATE think_cache SET data='a:25:{s:9:"site_name";s:24:"精典妆家微信管理";s:11:"site_domain";s:22:"yuanpeishop.wx.cuci.cc";s:13:"site_keywords";s:0:"";s:9:"site_desc";s:0:"";s:12:"site_contact";s:0:"";s:9:"site_mail";s:0:"";s:7:"site_qq";s:0:"";s:12:"site_company";s:39:"广州市鑫浪信息科技有限公司";s:8:"app_name";s:24:"精典妆家微信管理";s:11:"app_version";s:8:"1.0 beta";s:8:"app_logo";s:25:"glyphicon glyphicon-apple";s:12:"qiniu_bucket";s:7:"jonzawx";s:15:"qiniu_accesskey";s:40:"fWcSm1smy1_IlRMXfroFo_6Gdee3eNC0f9IGdsjY";s:15:"qiniu_secretkey";s:40:"0mHG6krKEjxzrovZkvJJc3W0Be4nzNZxveIZFJuO";s:12:"qiniu_domain";s:30:"7xj4ba.com1.z0.glb.clouddn.com";s:9:"mail_smtp";s:11:"smtp.qq.com";s:13:"mail_username";s:10:"pm@cuci.cc";s:9:"mail_port";s:3:"465";s:13:"mail_password";s:9:"Test12345";s:14:"mail_smtp_auth";s:1:"1";s:9:"mail_from";s:10:"pm@cuci.cc";s:14:"mail_from_name";s:21:"楚才API管理中心";s:11:"mail_secure";s:3:"ssl";s:10:"mail_reply";s:16:"zoujingli@qq.com";s:20:"app_baidu_tongji_key";s:32:"df31b90409cbd7237728ca1a770d72e6";}' ,datacrc='',expire=0 WHERE `cachekey`='sysconfig' [ RunTime:0.0270s ]
INFO: [ view_parse ] --START--
INFO: [ template_filter ] --START--
INFO: Run Behavior\ContentReplaceBehavior [ RunTime:0.000000s ]
INFO: [ template_filter ] --END-- [ RunTime:0.001000s ]
INFO: Run Behavior\ParseTemplateBehavior [ RunTime:0.024001s ]
INFO: [ view_parse ] --END-- [ RunTime:0.025002s ]
INFO: [ view_filter ] --START--
INFO: Run Behavior\WriteHtmlCacheBehavior [ RunTime:0.001000s ]
INFO: Run Library\Behavior\EmptyImageBehavior [ RunTime:0.003000s ]
INFO: [ view_filter ] --END-- [ RunTime:0.005000s ]
INFO: [ app_end ] --START--
INFO: Run Behavior\ShowPageTraceBehavior [ RunTime:0.003000s ]
INFO: [ app_end ] --END-- [ RunTime:0.003000s ]

[ 2015-06-26T16:23:48+08:00 ] 127.0.0.1 /jonza/index.php/plugin/ueditor.js
SQL: SHOW COLUMNS FROM `wx_app` [ RunTime:0.0090s ]
SQL: SELECT * FROM `wx_app` WHERE `status` = 2 AND ( `id` = null OR `host` = 'localhost' ) LIMIT 1   [ RunTime:0.0040s ]
SQL: SELECT `data`,`datacrc` FROM `think_cache` WHERE `cachekey`='sysconfig' AND (`expire` =0 OR `expire`>1435307028) LIMIT 0,1 [ RunTime:0.0010s ]
SQL: SHOW COLUMNS FROM `wx_sys_config` [ RunTime:0.0080s ]
SQL: SELECT * FROM `wx_sys_config`  [ RunTime:0.0010s ]
SQL: select `cachekey` from `think_cache` where `cachekey`='sysconfig' limit 0,1 [ RunTime:0.0010s ]
SQL: UPDATE think_cache SET data='a:25:{s:9:"site_name";s:24:"精典妆家微信管理";s:11:"site_domain";s:22:"yuanpeishop.wx.cuci.cc";s:13:"site_keywords";s:0:"";s:9:"site_desc";s:0:"";s:12:"site_contact";s:0:"";s:9:"site_mail";s:0:"";s:7:"site_qq";s:0:"";s:12:"site_company";s:39:"广州市鑫浪信息科技有限公司";s:8:"app_name";s:24:"精典妆家微信管理";s:11:"app_version";s:8:"1.0 beta";s:8:"app_logo";s:25:"glyphicon glyphicon-apple";s:12:"qiniu_bucket";s:7:"jonzawx";s:15:"qiniu_accesskey";s:40:"fWcSm1smy1_IlRMXfroFo_6Gdee3eNC0f9IGdsjY";s:15:"qiniu_secretkey";s:40:"0mHG6krKEjxzrovZkvJJc3W0Be4nzNZxveIZFJuO";s:12:"qiniu_domain";s:30:"7xj4ba.com1.z0.glb.clouddn.com";s:9:"mail_smtp";s:11:"smtp.qq.com";s:13:"mail_username";s:10:"pm@cuci.cc";s:9:"mail_port";s:3:"465";s:13:"mail_password";s:9:"Test12345";s:14:"mail_smtp_auth";s:1:"1";s:9:"mail_from";s:10:"pm@cuci.cc";s:14:"mail_from_name";s:21:"楚才API管理中心";s:11:"mail_secure";s:3:"ssl";s:10:"mail_reply";s:16:"zoujingli@qq.com";s:20:"app_baidu_tongji_key";s:32:"df31b90409cbd7237728ca1a770d72e6";}' ,datacrc='',expire=0 WHERE `cachekey`='sysconfig' [ RunTime:0.1460s ]
SQL: SELECT `data`,`datacrc` FROM `think_cache` WHERE `cachekey`='sysconfig' AND (`expire` =0 OR `expire`>1435307028) LIMIT 0,1 [ RunTime:0.0010s ]
SQL: SELECT * FROM `wx_sys_config`  [ RunTime:0.0020s ]
SQL: select `cachekey` from `think_cache` where `cachekey`='sysconfig' limit 0,1 [ RunTime:0.0000s ]
SQL: UPDATE think_cache SET data='a:25:{s:9:"site_name";s:24:"精典妆家微信管理";s:11:"site_domain";s:22:"yuanpeishop.wx.cuci.cc";s:13:"site_keywords";s:0:"";s:9:"site_desc";s:0:"";s:12:"site_contact";s:0:"";s:9:"site_mail";s:0:"";s:7:"site_qq";s:0:"";s:12:"site_company";s:39:"广州市鑫浪信息科技有限公司";s:8:"app_name";s:24:"精典妆家微信管理";s:11:"app_version";s:8:"1.0 beta";s:8:"app_logo";s:25:"glyphicon glyphicon-apple";s:12:"qiniu_bucket";s:7:"jonzawx";s:15:"qiniu_accesskey";s:40:"fWcSm1smy1_IlRMXfroFo_6Gdee3eNC0f9IGdsjY";s:15:"qiniu_secretkey";s:40:"0mHG6krKEjxzrovZkvJJc3W0Be4nzNZxveIZFJuO";s:12:"qiniu_domain";s:30:"7xj4ba.com1.z0.glb.clouddn.com";s:9:"mail_smtp";s:11:"smtp.qq.com";s:13:"mail_username";s:10:"pm@cuci.cc";s:9:"mail_port";s:3:"465";s:13:"mail_password";s:9:"Test12345";s:14:"mail_smtp_auth";s:1:"1";s:9:"mail_from";s:10:"pm@cuci.cc";s:14:"mail_from_name";s:21:"楚才API管理中心";s:11:"mail_secure";s:3:"ssl";s:10:"mail_reply";s:16:"zoujingli@qq.com";s:20:"app_baidu_tongji_key";s:32:"df31b90409cbd7237728ca1a770d72e6";}' ,datacrc='',expire=0 WHERE `cachekey`='sysconfig' [ RunTime:0.0310s ]
SQL: SELECT `data`,`datacrc` FROM `think_cache` WHERE `cachekey`='sysconfig' AND (`expire` =0 OR `expire`>1435307028) LIMIT 0,1 [ RunTime:0.0000s ]
SQL: SELECT * FROM `wx_sys_config`  [ RunTime:0.0010s ]
SQL: select `cachekey` from `think_cache` where `cachekey`='sysconfig' limit 0,1 [ RunTime:0.0000s ]
SQL: UPDATE think_cache SET data='a:25:{s:9:"site_name";s:24:"精典妆家微信管理";s:11:"site_domain";s:22:"yuanpeishop.wx.cuci.cc";s:13:"site_keywords";s:0:"";s:9:"site_desc";s:0:"";s:12:"site_contact";s:0:"";s:9:"site_mail";s:0:"";s:7:"site_qq";s:0:"";s:12:"site_company";s:39:"广州市鑫浪信息科技有限公司";s:8:"app_name";s:24:"精典妆家微信管理";s:11:"app_version";s:8:"1.0 beta";s:8:"app_logo";s:25:"glyphicon glyphicon-apple";s:12:"qiniu_bucket";s:7:"jonzawx";s:15:"qiniu_accesskey";s:40:"fWcSm1smy1_IlRMXfroFo_6Gdee3eNC0f9IGdsjY";s:15:"qiniu_secretkey";s:40:"0mHG6krKEjxzrovZkvJJc3W0Be4nzNZxveIZFJuO";s:12:"qiniu_domain";s:30:"7xj4ba.com1.z0.glb.clouddn.com";s:9:"mail_smtp";s:11:"smtp.qq.com";s:13:"mail_username";s:10:"pm@cuci.cc";s:9:"mail_port";s:3:"465";s:13:"mail_password";s:9:"Test12345";s:14:"mail_smtp_auth";s:1:"1";s:9:"mail_from";s:10:"pm@cuci.cc";s:14:"mail_from_name";s:21:"楚才API管理中心";s:11:"mail_secure";s:3:"ssl";s:10:"mail_reply";s:16:"zoujingli@qq.com";s:20:"app_baidu_tongji_key";s:32:"df31b90409cbd7237728ca1a770d72e6";}' ,datacrc='',expire=0 WHERE `cachekey`='sysconfig' [ RunTime:0.0270s ]
SQL: SELECT `data`,`datacrc` FROM `think_cache` WHERE `cachekey`='sysconfig' AND (`expire` =0 OR `expire`>1435307028) LIMIT 0,1 [ RunTime:0.0020s ]
SQL: SELECT * FROM `wx_sys_config`  [ RunTime:0.0020s ]
SQL: select `cachekey` from `think_cache` where `cachekey`='sysconfig' limit 0,1 [ RunTime:0.0000s ]
SQL: UPDATE think_cache SET data='a:25:{s:9:"site_name";s:24:"精典妆家微信管理";s:11:"site_domain";s:22:"yuanpeishop.wx.cuci.cc";s:13:"site_keywords";s:0:"";s:9:"site_desc";s:0:"";s:12:"site_contact";s:0:"";s:9:"site_mail";s:0:"";s:7:"site_qq";s:0:"";s:12:"site_company";s:39:"广州市鑫浪信息科技有限公司";s:8:"app_name";s:24:"精典妆家微信管理";s:11:"app_version";s:8:"1.0 beta";s:8:"app_logo";s:25:"glyphicon glyphicon-apple";s:12:"qiniu_bucket";s:7:"jonzawx";s:15:"qiniu_accesskey";s:40:"fWcSm1smy1_IlRMXfroFo_6Gdee3eNC0f9IGdsjY";s:15:"qiniu_secretkey";s:40:"0mHG6krKEjxzrovZkvJJc3W0Be4nzNZxveIZFJuO";s:12:"qiniu_domain";s:30:"7xj4ba.com1.z0.glb.clouddn.com";s:9:"mail_smtp";s:11:"smtp.qq.com";s:13:"mail_username";s:10:"pm@cuci.cc";s:9:"mail_port";s:3:"465";s:13:"mail_password";s:9:"Test12345";s:14:"mail_smtp_auth";s:1:"1";s:9:"mail_from";s:10:"pm@cuci.cc";s:14:"mail_from_name";s:21:"楚才API管理中心";s:11:"mail_secure";s:3:"ssl";s:10:"mail_reply";s:16:"zoujingli@qq.com";s:20:"app_baidu_tongji_key";s:32:"df31b90409cbd7237728ca1a770d72e6";}' ,datacrc='',expire=0 WHERE `cachekey`='sysconfig' [ RunTime:0.0320s ]
INFO: [ view_parse ] --START--
INFO: [ template_filter ] --START--
INFO: Run Behavior\ContentReplaceBehavior [ RunTime:0.001000s ]
INFO: [ template_filter ] --END-- [ RunTime:0.001000s ]
INFO: Run Behavior\ParseTemplateBehavior [ RunTime:0.038003s ]
INFO: [ view_parse ] --END-- [ RunTime:0.039003s ]
INFO: [ view_filter ] --START--
INFO: Run Behavior\WriteHtmlCacheBehavior [ RunTime:0.003000s ]
INFO: Run Library\Behavior\EmptyImageBehavior [ RunTime:0.005000s ]
INFO: [ view_filter ] --END-- [ RunTime:0.009000s ]
INFO: [ app_end ] --START--
INFO: Run Behavior\ShowPageTraceBehavior [ RunTime:0.002000s ]
INFO: [ app_end ] --END-- [ RunTime:0.003000s ]

[ 2015-06-26T16:25:25+08:00 ] 127.0.0.1 /jonza/index.php/plugin/ueditor.js
SQL: SHOW COLUMNS FROM `wx_app` [ RunTime:0.0090s ]
SQL: SELECT * FROM `wx_app` WHERE `status` = 2 AND ( `id` = null OR `host` = 'localhost' ) LIMIT 1   [ RunTime:0.0010s ]
SQL: SELECT `data`,`datacrc` FROM `think_cache` WHERE `cachekey`='sysconfig' AND (`expire` =0 OR `expire`>1435307125) LIMIT 0,1 [ RunTime:0.0000s ]
SQL: SHOW COLUMNS FROM `wx_sys_config` [ RunTime:0.0080s ]
SQL: SELECT * FROM `wx_sys_config`  [ RunTime:0.0010s ]
SQL: select `cachekey` from `think_cache` where `cachekey`='sysconfig' limit 0,1 [ RunTime:0.0000s ]
SQL: UPDATE think_cache SET data='a:25:{s:9:"site_name";s:24:"精典妆家微信管理";s:11:"site_domain";s:22:"yuanpeishop.wx.cuci.cc";s:13:"site_keywords";s:0:"";s:9:"site_desc";s:0:"";s:12:"site_contact";s:0:"";s:9:"site_mail";s:0:"";s:7:"site_qq";s:0:"";s:12:"site_company";s:39:"广州市鑫浪信息科技有限公司";s:8:"app_name";s:24:"精典妆家微信管理";s:11:"app_version";s:8:"1.0 beta";s:8:"app_logo";s:25:"glyphicon glyphicon-apple";s:12:"qiniu_bucket";s:7:"jonzawx";s:15:"qiniu_accesskey";s:40:"fWcSm1smy1_IlRMXfroFo_6Gdee3eNC0f9IGdsjY";s:15:"qiniu_secretkey";s:40:"0mHG6krKEjxzrovZkvJJc3W0Be4nzNZxveIZFJuO";s:12:"qiniu_domain";s:30:"7xj4ba.com1.z0.glb.clouddn.com";s:9:"mail_smtp";s:11:"smtp.qq.com";s:13:"mail_username";s:10:"pm@cuci.cc";s:9:"mail_port";s:3:"465";s:13:"mail_password";s:9:"Test12345";s:14:"mail_smtp_auth";s:1:"1";s:9:"mail_from";s:10:"pm@cuci.cc";s:14:"mail_from_name";s:21:"楚才API管理中心";s:11:"mail_secure";s:3:"ssl";s:10:"mail_reply";s:16:"zoujingli@qq.com";s:20:"app_baidu_tongji_key";s:32:"df31b90409cbd7237728ca1a770d72e6";}' ,datacrc='',expire=0 WHERE `cachekey`='sysconfig' [ RunTime:0.0540s ]
SQL: SELECT `data`,`datacrc` FROM `think_cache` WHERE `cachekey`='sysconfig' AND (`expire` =0 OR `expire`>1435307125) LIMIT 0,1 [ RunTime:0.0000s ]
SQL: SELECT * FROM `wx_sys_config`  [ RunTime:0.0010s ]
SQL: select `cachekey` from `think_cache` where `cachekey`='sysconfig' limit 0,1 [ RunTime:0.0000s ]
SQL: UPDATE think_cache SET data='a:25:{s:9:"site_name";s:24:"精典妆家微信管理";s:11:"site_domain";s:22:"yuanpeishop.wx.cuci.cc";s:13:"site_keywords";s:0:"";s:9:"site_desc";s:0:"";s:12:"site_contact";s:0:"";s:9:"site_mail";s:0:"";s:7:"site_qq";s:0:"";s:12:"site_company";s:39:"广州市鑫浪信息科技有限公司";s:8:"app_name";s:24:"精典妆家微信管理";s:11:"app_version";s:8:"1.0 beta";s:8:"app_logo";s:25:"glyphicon glyphicon-apple";s:12:"qiniu_bucket";s:7:"jonzawx";s:15:"qiniu_accesskey";s:40:"fWcSm1smy1_IlRMXfroFo_6Gdee3eNC0f9IGdsjY";s:15:"qiniu_secretkey";s:40:"0mHG6krKEjxzrovZkvJJc3W0Be4nzNZxveIZFJuO";s:12:"qiniu_domain";s:30:"7xj4ba.com1.z0.glb.clouddn.com";s:9:"mail_smtp";s:11:"smtp.qq.com";s:13:"mail_username";s:10:"pm@cuci.cc";s:9:"mail_port";s:3:"465";s:13:"mail_password";s:9:"Test12345";s:14:"mail_smtp_auth";s:1:"1";s:9:"mail_from";s:10:"pm@cuci.cc";s:14:"mail_from_name";s:21:"楚才API管理中心";s:11:"mail_secure";s:3:"ssl";s:10:"mail_reply";s:16:"zoujingli@qq.com";s:20:"app_baidu_tongji_key";s:32:"df31b90409cbd7237728ca1a770d72e6";}' ,datacrc='',expire=0 WHERE `cachekey`='sysconfig' [ RunTime:0.0500s ]
SQL: SELECT `data`,`datacrc` FROM `think_cache` WHERE `cachekey`='sysconfig' AND (`expire` =0 OR `expire`>1435307125) LIMIT 0,1 [ RunTime:0.0010s ]
SQL: SELECT * FROM `wx_sys_config`  [ RunTime:0.0000s ]
SQL: select `cachekey` from `think_cache` where `cachekey`='sysconfig' limit 0,1 [ RunTime:0.0010s ]
SQL: UPDATE think_cache SET data='a:25:{s:9:"site_name";s:24:"精典妆家微信管理";s:11:"site_domain";s:22:"yuanpeishop.wx.cuci.cc";s:13:"site_keywords";s:0:"";s:9:"site_desc";s:0:"";s:12:"site_contact";s:0:"";s:9:"site_mail";s:0:"";s:7:"site_qq";s:0:"";s:12:"site_company";s:39:"广州市鑫浪信息科技有限公司";s:8:"app_name";s:24:"精典妆家微信管理";s:11:"app_version";s:8:"1.0 beta";s:8:"app_logo";s:25:"glyphicon glyphicon-apple";s:12:"qiniu_bucket";s:7:"jonzawx";s:15:"qiniu_accesskey";s:40:"fWcSm1smy1_IlRMXfroFo_6Gdee3eNC0f9IGdsjY";s:15:"qiniu_secretkey";s:40:"0mHG6krKEjxzrovZkvJJc3W0Be4nzNZxveIZFJuO";s:12:"qiniu_domain";s:30:"7xj4ba.com1.z0.glb.clouddn.com";s:9:"mail_smtp";s:11:"smtp.qq.com";s:13:"mail_username";s:10:"pm@cuci.cc";s:9:"mail_port";s:3:"465";s:13:"mail_password";s:9:"Test12345";s:14:"mail_smtp_auth";s:1:"1";s:9:"mail_from";s:10:"pm@cuci.cc";s:14:"mail_from_name";s:21:"楚才API管理中心";s:11:"mail_secure";s:3:"ssl";s:10:"mail_reply";s:16:"zoujingli@qq.com";s:20:"app_baidu_tongji_key";s:32:"df31b90409cbd7237728ca1a770d72e6";}' ,datacrc='',expire=0 WHERE `cachekey`='sysconfig' [ RunTime:0.0300s ]
SQL: SELECT `data`,`datacrc` FROM `think_cache` WHERE `cachekey`='sysconfig' AND (`expire` =0 OR `expire`>1435307125) LIMIT 0,1 [ RunTime:0.0010s ]
SQL: SELECT * FROM `wx_sys_config`  [ RunTime:0.0010s ]
SQL: select `cachekey` from `think_cache` where `cachekey`='sysconfig' limit 0,1 [ RunTime:0.0010s ]
SQL: UPDATE think_cache SET data='a:25:{s:9:"site_name";s:24:"精典妆家微信管理";s:11:"site_domain";s:22:"yuanpeishop.wx.cuci.cc";s:13:"site_keywords";s:0:"";s:9:"site_desc";s:0:"";s:12:"site_contact";s:0:"";s:9:"site_mail";s:0:"";s:7:"site_qq";s:0:"";s:12:"site_company";s:39:"广州市鑫浪信息科技有限公司";s:8:"app_name";s:24:"精典妆家微信管理";s:11:"app_version";s:8:"1.0 beta";s:8:"app_logo";s:25:"glyphicon glyphicon-apple";s:12:"qiniu_bucket";s:7:"jonzawx";s:15:"qiniu_accesskey";s:40:"fWcSm1smy1_IlRMXfroFo_6Gdee3eNC0f9IGdsjY";s:15:"qiniu_secretkey";s:40:"0mHG6krKEjxzrovZkvJJc3W0Be4nzNZxveIZFJuO";s:12:"qiniu_domain";s:30:"7xj4ba.com1.z0.glb.clouddn.com";s:9:"mail_smtp";s:11:"smtp.qq.com";s:13:"mail_username";s:10:"pm@cuci.cc";s:9:"mail_port";s:3:"465";s:13:"mail_password";s:9:"Test12345";s:14:"mail_smtp_auth";s:1:"1";s:9:"mail_from";s:10:"pm@cuci.cc";s:14:"mail_from_name";s:21:"楚才API管理中心";s:11:"mail_secure";s:3:"ssl";s:10:"mail_reply";s:16:"zoujingli@qq.com";s:20:"app_baidu_tongji_key";s:32:"df31b90409cbd7237728ca1a770d72e6";}' ,datacrc='',expire=0 WHERE `cachekey`='sysconfig' [ RunTime:0.0480s ]
INFO: [ view_parse ] --START--
INFO: [ template_filter ] --START--
INFO: Run Behavior\ContentReplaceBehavior [ RunTime:0.000000s ]
INFO: [ template_filter ] --END-- [ RunTime:0.001000s ]
INFO: Run Behavior\ParseTemplateBehavior [ RunTime:0.019001s ]
INFO: [ view_parse ] --END-- [ RunTime:0.020001s ]
INFO: [ view_filter ] --START--
INFO: Run Behavior\WriteHtmlCacheBehavior [ RunTime:0.001000s ]
INFO: Run Library\Behavior\EmptyImageBehavior [ RunTime:0.002000s ]
INFO: [ view_filter ] --END-- [ RunTime:0.004000s ]
INFO: [ app_end ] --START--
INFO: Run Behavior\ShowPageTraceBehavior [ RunTime:0.002000s ]
INFO: [ app_end ] --END-- [ RunTime:0.002000s ]

[ 2015-06-26T16:25:45+08:00 ] 127.0.0.1 /jonza/index.php/plugin/ueditor.js
SQL: SHOW COLUMNS FROM `wx_app` [ RunTime:0.0080s ]
SQL: SELECT * FROM `wx_app` WHERE `status` = 2 AND ( `id` = null OR `host` = 'localhost' ) LIMIT 1   [ RunTime:0.0010s ]
SQL: SELECT `data`,`datacrc` FROM `think_cache` WHERE `cachekey`='sysconfig' AND (`expire` =0 OR `expire`>1435307145) LIMIT 0,1 [ RunTime:0.0010s ]
SQL: SHOW COLUMNS FROM `wx_sys_config` [ RunTime:0.0090s ]
SQL: SELECT * FROM `wx_sys_config`  [ RunTime:0.0020s ]
SQL: select `cachekey` from `think_cache` where `cachekey`='sysconfig' limit 0,1 [ RunTime:0.0000s ]
SQL: UPDATE think_cache SET data='a:25:{s:9:"site_name";s:24:"精典妆家微信管理";s:11:"site_domain";s:22:"yuanpeishop.wx.cuci.cc";s:13:"site_keywords";s:0:"";s:9:"site_desc";s:0:"";s:12:"site_contact";s:0:"";s:9:"site_mail";s:0:"";s:7:"site_qq";s:0:"";s:12:"site_company";s:39:"广州市鑫浪信息科技有限公司";s:8:"app_name";s:24:"精典妆家微信管理";s:11:"app_version";s:8:"1.0 beta";s:8:"app_logo";s:25:"glyphicon glyphicon-apple";s:12:"qiniu_bucket";s:7:"jonzawx";s:15:"qiniu_accesskey";s:40:"fWcSm1smy1_IlRMXfroFo_6Gdee3eNC0f9IGdsjY";s:15:"qiniu_secretkey";s:40:"0mHG6krKEjxzrovZkvJJc3W0Be4nzNZxveIZFJuO";s:12:"qiniu_domain";s:30:"7xj4ba.com1.z0.glb.clouddn.com";s:9:"mail_smtp";s:11:"smtp.qq.com";s:13:"mail_username";s:10:"pm@cuci.cc";s:9:"mail_port";s:3:"465";s:13:"mail_password";s:9:"Test12345";s:14:"mail_smtp_auth";s:1:"1";s:9:"mail_from";s:10:"pm@cuci.cc";s:14:"mail_from_name";s:21:"楚才API管理中心";s:11:"mail_secure";s:3:"ssl";s:10:"mail_reply";s:16:"zoujingli@qq.com";s:20:"app_baidu_tongji_key";s:32:"df31b90409cbd7237728ca1a770d72e6";}' ,datacrc='',expire=0 WHERE `cachekey`='sysconfig' [ RunTime:0.0270s ]
SQL: SELECT `data`,`datacrc` FROM `think_cache` WHERE `cachekey`='sysconfig' AND (`expire` =0 OR `expire`>1435307145) LIMIT 0,1 [ RunTime:0.0000s ]
SQL: SELECT * FROM `wx_sys_config`  [ RunTime:0.0010s ]
SQL: select `cachekey` from `think_cache` where `cachekey`='sysconfig' limit 0,1 [ RunTime:0.0010s ]
SQL: UPDATE think_cache SET data='a:25:{s:9:"site_name";s:24:"精典妆家微信管理";s:11:"site_domain";s:22:"yuanpeishop.wx.cuci.cc";s:13:"site_keywords";s:0:"";s:9:"site_desc";s:0:"";s:12:"site_contact";s:0:"";s:9:"site_mail";s:0:"";s:7:"site_qq";s:0:"";s:12:"site_company";s:39:"广州市鑫浪信息科技有限公司";s:8:"app_name";s:24:"精典妆家微信管理";s:11:"app_version";s:8:"1.0 beta";s:8:"app_logo";s:25:"glyphicon glyphicon-apple";s:12:"qiniu_bucket";s:7:"jonzawx";s:15:"qiniu_accesskey";s:40:"fWcSm1smy1_IlRMXfroFo_6Gdee3eNC0f9IGdsjY";s:15:"qiniu_secretkey";s:40:"0mHG6krKEjxzrovZkvJJc3W0Be4nzNZxveIZFJuO";s:12:"qiniu_domain";s:30:"7xj4ba.com1.z0.glb.clouddn.com";s:9:"mail_smtp";s:11:"smtp.qq.com";s:13:"mail_username";s:10:"pm@cuci.cc";s:9:"mail_port";s:3:"465";s:13:"mail_password";s:9:"Test12345";s:14:"mail_smtp_auth";s:1:"1";s:9:"mail_from";s:10:"pm@cuci.cc";s:14:"mail_from_name";s:21:"楚才API管理中心";s:11:"mail_secure";s:3:"ssl";s:10:"mail_reply";s:16:"zoujingli@qq.com";s:20:"app_baidu_tongji_key";s:32:"df31b90409cbd7237728ca1a770d72e6";}' ,datacrc='',expire=0 WHERE `cachekey`='sysconfig' [ RunTime:0.0330s ]
SQL: SELECT `data`,`datacrc` FROM `think_cache` WHERE `cachekey`='sysconfig' AND (`expire` =0 OR `expire`>1435307145) LIMIT 0,1 [ RunTime:0.0010s ]
SQL: SELECT * FROM `wx_sys_config`  [ RunTime:0.0020s ]
SQL: select `cachekey` from `think_cache` where `cachekey`='sysconfig' limit 0,1 [ RunTime:0.0010s ]
SQL: UPDATE think_cache SET data='a:25:{s:9:"site_name";s:24:"精典妆家微信管理";s:11:"site_domain";s:22:"yuanpeishop.wx.cuci.cc";s:13:"site_keywords";s:0:"";s:9:"site_desc";s:0:"";s:12:"site_contact";s:0:"";s:9:"site_mail";s:0:"";s:7:"site_qq";s:0:"";s:12:"site_company";s:39:"广州市鑫浪信息科技有限公司";s:8:"app_name";s:24:"精典妆家微信管理";s:11:"app_version";s:8:"1.0 beta";s:8:"app_logo";s:25:"glyphicon glyphicon-apple";s:12:"qiniu_bucket";s:7:"jonzawx";s:15:"qiniu_accesskey";s:40:"fWcSm1smy1_IlRMXfroFo_6Gdee3eNC0f9IGdsjY";s:15:"qiniu_secretkey";s:40:"0mHG6krKEjxzrovZkvJJc3W0Be4nzNZxveIZFJuO";s:12:"qiniu_domain";s:30:"7xj4ba.com1.z0.glb.clouddn.com";s:9:"mail_smtp";s:11:"smtp.qq.com";s:13:"mail_username";s:10:"pm@cuci.cc";s:9:"mail_port";s:3:"465";s:13:"mail_password";s:9:"Test12345";s:14:"mail_smtp_auth";s:1:"1";s:9:"mail_from";s:10:"pm@cuci.cc";s:14:"mail_from_name";s:21:"楚才API管理中心";s:11:"mail_secure";s:3:"ssl";s:10:"mail_reply";s:16:"zoujingli@qq.com";s:20:"app_baidu_tongji_key";s:32:"df31b90409cbd7237728ca1a770d72e6";}' ,datacrc='',expire=0 WHERE `cachekey`='sysconfig' [ RunTime:0.0270s ]
SQL: SELECT `data`,`datacrc` FROM `think_cache` WHERE `cachekey`='sysconfig' AND (`expire` =0 OR `expire`>1435307145) LIMIT 0,1 [ RunTime:0.0010s ]
SQL: SELECT * FROM `wx_sys_config`  [ RunTime:0.0010s ]
SQL: select `cachekey` from `think_cache` where `cachekey`='sysconfig' limit 0,1 [ RunTime:0.0000s ]
SQL: UPDATE think_cache SET data='a:25:{s:9:"site_name";s:24:"精典妆家微信管理";s:11:"site_domain";s:22:"yuanpeishop.wx.cuci.cc";s:13:"site_keywords";s:0:"";s:9:"site_desc";s:0:"";s:12:"site_contact";s:0:"";s:9:"site_mail";s:0:"";s:7:"site_qq";s:0:"";s:12:"site_company";s:39:"广州市鑫浪信息科技有限公司";s:8:"app_name";s:24:"精典妆家微信管理";s:11:"app_version";s:8:"1.0 beta";s:8:"app_logo";s:25:"glyphicon glyphicon-apple";s:12:"qiniu_bucket";s:7:"jonzawx";s:15:"qiniu_accesskey";s:40:"fWcSm1smy1_IlRMXfroFo_6Gdee3eNC0f9IGdsjY";s:15:"qiniu_secretkey";s:40:"0mHG6krKEjxzrovZkvJJc3W0Be4nzNZxveIZFJuO";s:12:"qiniu_domain";s:30:"7xj4ba.com1.z0.glb.clouddn.com";s:9:"mail_smtp";s:11:"smtp.qq.com";s:13:"mail_username";s:10:"pm@cuci.cc";s:9:"mail_port";s:3:"465";s:13:"mail_password";s:9:"Test12345";s:14:"mail_smtp_auth";s:1:"1";s:9:"mail_from";s:10:"pm@cuci.cc";s:14:"mail_from_name";s:21:"楚才API管理中心";s:11:"mail_secure";s:3:"ssl";s:10:"mail_reply";s:16:"zoujingli@qq.com";s:20:"app_baidu_tongji_key";s:32:"df31b90409cbd7237728ca1a770d72e6";}' ,datacrc='',expire=0 WHERE `cachekey`='sysconfig' [ RunTime:0.0810s ]
INFO: [ view_parse ] --START--
INFO: [ template_filter ] --START--
INFO: Run Behavior\ContentReplaceBehavior [ RunTime:0.000000s ]
INFO: [ template_filter ] --END-- [ RunTime:0.001000s ]
INFO: Run Behavior\ParseTemplateBehavior [ RunTime:0.021001s ]
INFO: [ view_parse ] --END-- [ RunTime:0.022001s ]
INFO: [ view_filter ] --START--
INFO: Run Behavior\WriteHtmlCacheBehavior [ RunTime:0.001000s ]
INFO: Run Library\Behavior\EmptyImageBehavior [ RunTime:0.002000s ]
INFO: [ view_filter ] --END-- [ RunTime:0.004000s ]
INFO: [ app_end ] --START--
INFO: Run Behavior\ShowPageTraceBehavior [ RunTime:0.002000s ]
INFO: [ app_end ] --END-- [ RunTime:0.003000s ]

[ 2015-06-26T16:26:40+08:00 ] 127.0.0.1 /jonza/index.php/plugin/ueditor.js
SQL: SHOW COLUMNS FROM `wx_app` [ RunTime:0.0080s ]
SQL: SELECT * FROM `wx_app` WHERE `status` = 2 AND ( `id` = null OR `host` = 'localhost' ) LIMIT 1   [ RunTime:0.0010s ]
SQL: SELECT `data`,`datacrc` FROM `think_cache` WHERE `cachekey`='sysconfig' AND (`expire` =0 OR `expire`>1435307200) LIMIT 0,1 [ RunTime:0.0010s ]
SQL: SHOW COLUMNS FROM `wx_sys_config` [ RunTime:0.0070s ]
SQL: SELECT * FROM `wx_sys_config`  [ RunTime:0.0020s ]
SQL: select `cachekey` from `think_cache` where `cachekey`='sysconfig' limit 0,1 [ RunTime:0.0020s ]
SQL: UPDATE think_cache SET data='a:25:{s:9:"site_name";s:24:"精典妆家微信管理";s:11:"site_domain";s:22:"yuanpeishop.wx.cuci.cc";s:13:"site_keywords";s:0:"";s:9:"site_desc";s:0:"";s:12:"site_contact";s:0:"";s:9:"site_mail";s:0:"";s:7:"site_qq";s:0:"";s:12:"site_company";s:39:"广州市鑫浪信息科技有限公司";s:8:"app_name";s:24:"精典妆家微信管理";s:11:"app_version";s:8:"1.0 beta";s:8:"app_logo";s:25:"glyphicon glyphicon-apple";s:12:"qiniu_bucket";s:7:"jonzawx";s:15:"qiniu_accesskey";s:40:"fWcSm1smy1_IlRMXfroFo_6Gdee3eNC0f9IGdsjY";s:15:"qiniu_secretkey";s:40:"0mHG6krKEjxzrovZkvJJc3W0Be4nzNZxveIZFJuO";s:12:"qiniu_domain";s:30:"7xj4ba.com1.z0.glb.clouddn.com";s:9:"mail_smtp";s:11:"smtp.qq.com";s:13:"mail_username";s:10:"pm@cuci.cc";s:9:"mail_port";s:3:"465";s:13:"mail_password";s:9:"Test12345";s:14:"mail_smtp_auth";s:1:"1";s:9:"mail_from";s:10:"pm@cuci.cc";s:14:"mail_from_name";s:21:"楚才API管理中心";s:11:"mail_secure";s:3:"ssl";s:10:"mail_reply";s:16:"zoujingli@qq.com";s:20:"app_baidu_tongji_key";s:32:"df31b90409cbd7237728ca1a770d72e6";}' ,datacrc='',expire=0 WHERE `cachekey`='sysconfig' [ RunTime:0.0370s ]
SQL: SELECT `data`,`datacrc` FROM `think_cache` WHERE `cachekey`='sysconfig' AND (`expire` =0 OR `expire`>1435307200) LIMIT 0,1 [ RunTime:0.0010s ]
SQL: SELECT * FROM `wx_sys_config`  [ RunTime:0.0010s ]
SQL: select `cachekey` from `think_cache` where `cachekey`='sysconfig' limit 0,1 [ RunTime:0.0010s ]
SQL: UPDATE think_cache SET data='a:25:{s:9:"site_name";s:24:"精典妆家微信管理";s:11:"site_domain";s:22:"yuanpeishop.wx.cuci.cc";s:13:"site_keywords";s:0:"";s:9:"site_desc";s:0:"";s:12:"site_contact";s:0:"";s:9:"site_mail";s:0:"";s:7:"site_qq";s:0:"";s:12:"site_company";s:39:"广州市鑫浪信息科技有限公司";s:8:"app_name";s:24:"精典妆家微信管理";s:11:"app_version";s:8:"1.0 beta";s:8:"app_logo";s:25:"glyphicon glyphicon-apple";s:12:"qiniu_bucket";s:7:"jonzawx";s:15:"qiniu_accesskey";s:40:"fWcSm1smy1_IlRMXfroFo_6Gdee3eNC0f9IGdsjY";s:15:"qiniu_secretkey";s:40:"0mHG6krKEjxzrovZkvJJc3W0Be4nzNZxveIZFJuO";s:12:"qiniu_domain";s:30:"7xj4ba.com1.z0.glb.clouddn.com";s:9:"mail_smtp";s:11:"smtp.qq.com";s:13:"mail_username";s:10:"pm@cuci.cc";s:9:"mail_port";s:3:"465";s:13:"mail_password";s:9:"Test12345";s:14:"mail_smtp_auth";s:1:"1";s:9:"mail_from";s:10:"pm@cuci.cc";s:14:"mail_from_name";s:21:"楚才API管理中心";s:11:"mail_secure";s:3:"ssl";s:10:"mail_reply";s:16:"zoujingli@qq.com";s:20:"app_baidu_tongji_key";s:32:"df31b90409cbd7237728ca1a770d72e6";}' ,datacrc='',expire=0 WHERE `cachekey`='sysconfig' [ RunTime:0.0570s ]
SQL: SELECT `data`,`datacrc` FROM `think_cache` WHERE `cachekey`='sysconfig' AND (`expire` =0 OR `expire`>1435307200) LIMIT 0,1 [ RunTime:0.0010s ]
SQL: SELECT * FROM `wx_sys_config`  [ RunTime:0.0020s ]
SQL: select `cachekey` from `think_cache` where `cachekey`='sysconfig' limit 0,1 [ RunTime:0.0020s ]
SQL: UPDATE think_cache SET data='a:25:{s:9:"site_name";s:24:"精典妆家微信管理";s:11:"site_domain";s:22:"yuanpeishop.wx.cuci.cc";s:13:"site_keywords";s:0:"";s:9:"site_desc";s:0:"";s:12:"site_contact";s:0:"";s:9:"site_mail";s:0:"";s:7:"site_qq";s:0:"";s:12:"site_company";s:39:"广州市鑫浪信息科技有限公司";s:8:"app_name";s:24:"精典妆家微信管理";s:11:"app_version";s:8:"1.0 beta";s:8:"app_logo";s:25:"glyphicon glyphicon-apple";s:12:"qiniu_bucket";s:7:"jonzawx";s:15:"qiniu_accesskey";s:40:"fWcSm1smy1_IlRMXfroFo_6Gdee3eNC0f9IGdsjY";s:15:"qiniu_secretkey";s:40:"0mHG6krKEjxzrovZkvJJc3W0Be4nzNZxveIZFJuO";s:12:"qiniu_domain";s:30:"7xj4ba.com1.z0.glb.clouddn.com";s:9:"mail_smtp";s:11:"smtp.qq.com";s:13:"mail_username";s:10:"pm@cuci.cc";s:9:"mail_port";s:3:"465";s:13:"mail_password";s:9:"Test12345";s:14:"mail_smtp_auth";s:1:"1";s:9:"mail_from";s:10:"pm@cuci.cc";s:14:"mail_from_name";s:21:"楚才API管理中心";s:11:"mail_secure";s:3:"ssl";s:10:"mail_reply";s:16:"zoujingli@qq.com";s:20:"app_baidu_tongji_key";s:32:"df31b90409cbd7237728ca1a770d72e6";}' ,datacrc='',expire=0 WHERE `cachekey`='sysconfig' [ RunTime:0.0380s ]
SQL: SELECT `data`,`datacrc` FROM `think_cache` WHERE `cachekey`='sysconfig' AND (`expire` =0 OR `expire`>1435307200) LIMIT 0,1 [ RunTime:0.0010s ]
SQL: SELECT * FROM `wx_sys_config`  [ RunTime:0.0010s ]
SQL: select `cachekey` from `think_cache` where `cachekey`='sysconfig' limit 0,1 [ RunTime:0.0000s ]
SQL: UPDATE think_cache SET data='a:25:{s:9:"site_name";s:24:"精典妆家微信管理";s:11:"site_domain";s:22:"yuanpeishop.wx.cuci.cc";s:13:"site_keywords";s:0:"";s:9:"site_desc";s:0:"";s:12:"site_contact";s:0:"";s:9:"site_mail";s:0:"";s:7:"site_qq";s:0:"";s:12:"site_company";s:39:"广州市鑫浪信息科技有限公司";s:8:"app_name";s:24:"精典妆家微信管理";s:11:"app_version";s:8:"1.0 beta";s:8:"app_logo";s:25:"glyphicon glyphicon-apple";s:12:"qiniu_bucket";s:7:"jonzawx";s:15:"qiniu_accesskey";s:40:"fWcSm1smy1_IlRMXfroFo_6Gdee3eNC0f9IGdsjY";s:15:"qiniu_secretkey";s:40:"0mHG6krKEjxzrovZkvJJc3W0Be4nzNZxveIZFJuO";s:12:"qiniu_domain";s:30:"7xj4ba.com1.z0.glb.clouddn.com";s:9:"mail_smtp";s:11:"smtp.qq.com";s:13:"mail_username";s:10:"pm@cuci.cc";s:9:"mail_port";s:3:"465";s:13:"mail_password";s:9:"Test12345";s:14:"mail_smtp_auth";s:1:"1";s:9:"mail_from";s:10:"pm@cuci.cc";s:14:"mail_from_name";s:21:"楚才API管理中心";s:11:"mail_secure";s:3:"ssl";s:10:"mail_reply";s:16:"zoujingli@qq.com";s:20:"app_baidu_tongji_key";s:32:"df31b90409cbd7237728ca1a770d72e6";}' ,datacrc='',expire=0 WHERE `cachekey`='sysconfig' [ RunTime:0.0270s ]
INFO: [ view_parse ] --START--
INFO: [ template_filter ] --START--
INFO: Run Behavior\ContentReplaceBehavior [ RunTime:0.001000s ]
INFO: [ template_filter ] --END-- [ RunTime:0.001000s ]
INFO: Run Behavior\ParseTemplateBehavior [ RunTime:0.019001s ]
INFO: [ view_parse ] --END-- [ RunTime:0.020002s ]
INFO: [ view_filter ] --START--
INFO: Run Behavior\WriteHtmlCacheBehavior [ RunTime:0.001000s ]
INFO: Run Library\Behavior\EmptyImageBehavior [ RunTime:0.002000s ]
INFO: [ view_filter ] --END-- [ RunTime:0.003000s ]
INFO: [ app_end ] --START--
INFO: Run Behavior\ShowPageTraceBehavior [ RunTime:0.001000s ]
INFO: [ app_end ] --END-- [ RunTime:0.003000s ]

[ 2015-06-26T16:28:16+08:00 ] 127.0.0.1 /jonza/index.php/plugin/ueditor.js
SQL: SHOW COLUMNS FROM `wx_app` [ RunTime:0.0090s ]
SQL: SELECT * FROM `wx_app` WHERE `status` = 2 AND ( `id` = null OR `host` = 'localhost' ) LIMIT 1   [ RunTime:0.0010s ]
SQL: SELECT `data`,`datacrc` FROM `think_cache` WHERE `cachekey`='sysconfig' AND (`expire` =0 OR `expire`>1435307296) LIMIT 0,1 [ RunTime:0.0010s ]
SQL: SHOW COLUMNS FROM `wx_sys_config` [ RunTime:0.0080s ]
SQL: SELECT * FROM `wx_sys_config`  [ RunTime:0.0010s ]
SQL: select `cachekey` from `think_cache` where `cachekey`='sysconfig' limit 0,1 [ RunTime:0.0030s ]
SQL: UPDATE think_cache SET data='a:25:{s:9:"site_name";s:24:"精典妆家微信管理";s:11:"site_domain";s:22:"yuanpeishop.wx.cuci.cc";s:13:"site_keywords";s:0:"";s:9:"site_desc";s:0:"";s:12:"site_contact";s:0:"";s:9:"site_mail";s:0:"";s:7:"site_qq";s:0:"";s:12:"site_company";s:39:"广州市鑫浪信息科技有限公司";s:8:"app_name";s:24:"精典妆家微信管理";s:11:"app_version";s:8:"1.0 beta";s:8:"app_logo";s:25:"glyphicon glyphicon-apple";s:12:"qiniu_bucket";s:7:"jonzawx";s:15:"qiniu_accesskey";s:40:"fWcSm1smy1_IlRMXfroFo_6Gdee3eNC0f9IGdsjY";s:15:"qiniu_secretkey";s:40:"0mHG6krKEjxzrovZkvJJc3W0Be4nzNZxveIZFJuO";s:12:"qiniu_domain";s:30:"7xj4ba.com1.z0.glb.clouddn.com";s:9:"mail_smtp";s:11:"smtp.qq.com";s:13:"mail_username";s:10:"pm@cuci.cc";s:9:"mail_port";s:3:"465";s:13:"mail_password";s:9:"Test12345";s:14:"mail_smtp_auth";s:1:"1";s:9:"mail_from";s:10:"pm@cuci.cc";s:14:"mail_from_name";s:21:"楚才API管理中心";s:11:"mail_secure";s:3:"ssl";s:10:"mail_reply";s:16:"zoujingli@qq.com";s:20:"app_baidu_tongji_key";s:32:"df31b90409cbd7237728ca1a770d72e6";}' ,datacrc='',expire=0 WHERE `cachekey`='sysconfig' [ RunTime:0.0560s ]
SQL: SELECT `data`,`datacrc` FROM `think_cache` WHERE `cachekey`='sysconfig' AND (`expire` =0 OR `expire`>1435307296) LIMIT 0,1 [ RunTime:0.0010s ]
SQL: SELECT * FROM `wx_sys_config`  [ RunTime:0.0020s ]
SQL: select `cachekey` from `think_cache` where `cachekey`='sysconfig' limit 0,1 [ RunTime:0.0010s ]
SQL: UPDATE think_cache SET data='a:25:{s:9:"site_name";s:24:"精典妆家微信管理";s:11:"site_domain";s:22:"yuanpeishop.wx.cuci.cc";s:13:"site_keywords";s:0:"";s:9:"site_desc";s:0:"";s:12:"site_contact";s:0:"";s:9:"site_mail";s:0:"";s:7:"site_qq";s:0:"";s:12:"site_company";s:39:"广州市鑫浪信息科技有限公司";s:8:"app_name";s:24:"精典妆家微信管理";s:11:"app_version";s:8:"1.0 beta";s:8:"app_logo";s:25:"glyphicon glyphicon-apple";s:12:"qiniu_bucket";s:7:"jonzawx";s:15:"qiniu_accesskey";s:40:"fWcSm1smy1_IlRMXfroFo_6Gdee3eNC0f9IGdsjY";s:15:"qiniu_secretkey";s:40:"0mHG6krKEjxzrovZkvJJc3W0Be4nzNZxveIZFJuO";s:12:"qiniu_domain";s:30:"7xj4ba.com1.z0.glb.clouddn.com";s:9:"mail_smtp";s:11:"smtp.qq.com";s:13:"mail_username";s:10:"pm@cuci.cc";s:9:"mail_port";s:3:"465";s:13:"mail_password";s:9:"Test12345";s:14:"mail_smtp_auth";s:1:"1";s:9:"mail_from";s:10:"pm@cuci.cc";s:14:"mail_from_name";s:21:"楚才API管理中心";s:11:"mail_secure";s:3:"ssl";s:10:"mail_reply";s:16:"zoujingli@qq.com";s:20:"app_baidu_tongji_key";s:32:"df31b90409cbd7237728ca1a770d72e6";}' ,datacrc='',expire=0 WHERE `cachekey`='sysconfig' [ RunTime:0.0420s ]
SQL: SELECT `data`,`datacrc` FROM `think_cache` WHERE `cachekey`='sysconfig' AND (`expire` =0 OR `expire`>1435307296) LIMIT 0,1 [ RunTime:0.0010s ]
SQL: SELECT * FROM `wx_sys_config`  [ RunTime:0.0010s ]
SQL: select `cachekey` from `think_cache` where `cachekey`='sysconfig' limit 0,1 [ RunTime:0.0010s ]
SQL: UPDATE think_cache SET data='a:25:{s:9:"site_name";s:24:"精典妆家微信管理";s:11:"site_domain";s:22:"yuanpeishop.wx.cuci.cc";s:13:"site_keywords";s:0:"";s:9:"site_desc";s:0:"";s:12:"site_contact";s:0:"";s:9:"site_mail";s:0:"";s:7:"site_qq";s:0:"";s:12:"site_company";s:39:"广州市鑫浪信息科技有限公司";s:8:"app_name";s:24:"精典妆家微信管理";s:11:"app_version";s:8:"1.0 beta";s:8:"app_logo";s:25:"glyphicon glyphicon-apple";s:12:"qiniu_bucket";s:7:"jonzawx";s:15:"qiniu_accesskey";s:40:"fWcSm1smy1_IlRMXfroFo_6Gdee3eNC0f9IGdsjY";s:15:"qiniu_secretkey";s:40:"0mHG6krKEjxzrovZkvJJc3W0Be4nzNZxveIZFJuO";s:12:"qiniu_domain";s:30:"7xj4ba.com1.z0.glb.clouddn.com";s:9:"mail_smtp";s:11:"smtp.qq.com";s:13:"mail_username";s:10:"pm@cuci.cc";s:9:"mail_port";s:3:"465";s:13:"mail_password";s:9:"Test12345";s:14:"mail_smtp_auth";s:1:"1";s:9:"mail_from";s:10:"pm@cuci.cc";s:14:"mail_from_name";s:21:"楚才API管理中心";s:11:"mail_secure";s:3:"ssl";s:10:"mail_reply";s:16:"zoujingli@qq.com";s:20:"app_baidu_tongji_key";s:32:"df31b90409cbd7237728ca1a770d72e6";}' ,datacrc='',expire=0 WHERE `cachekey`='sysconfig' [ RunTime:0.0530s ]
SQL: SELECT `data`,`datacrc` FROM `think_cache` WHERE `cachekey`='sysconfig' AND (`expire` =0 OR `expire`>1435307296) LIMIT 0,1 [ RunTime:0.0010s ]
SQL: SELECT * FROM `wx_sys_config`  [ RunTime:0.0010s ]
SQL: select `cachekey` from `think_cache` where `cachekey`='sysconfig' limit 0,1 [ RunTime:0.0010s ]
SQL: UPDATE think_cache SET data='a:25:{s:9:"site_name";s:24:"精典妆家微信管理";s:11:"site_domain";s:22:"yuanpeishop.wx.cuci.cc";s:13:"site_keywords";s:0:"";s:9:"site_desc";s:0:"";s:12:"site_contact";s:0:"";s:9:"site_mail";s:0:"";s:7:"site_qq";s:0:"";s:12:"site_company";s:39:"广州市鑫浪信息科技有限公司";s:8:"app_name";s:24:"精典妆家微信管理";s:11:"app_version";s:8:"1.0 beta";s:8:"app_logo";s:25:"glyphicon glyphicon-apple";s:12:"qiniu_bucket";s:7:"jonzawx";s:15:"qiniu_accesskey";s:40:"fWcSm1smy1_IlRMXfroFo_6Gdee3eNC0f9IGdsjY";s:15:"qiniu_secretkey";s:40:"0mHG6krKEjxzrovZkvJJc3W0Be4nzNZxveIZFJuO";s:12:"qiniu_domain";s:30:"7xj4ba.com1.z0.glb.clouddn.com";s:9:"mail_smtp";s:11:"smtp.qq.com";s:13:"mail_username";s:10:"pm@cuci.cc";s:9:"mail_port";s:3:"465";s:13:"mail_password";s:9:"Test12345";s:14:"mail_smtp_auth";s:1:"1";s:9:"mail_from";s:10:"pm@cuci.cc";s:14:"mail_from_name";s:21:"楚才API管理中心";s:11:"mail_secure";s:3:"ssl";s:10:"mail_reply";s:16:"zoujingli@qq.com";s:20:"app_baidu_tongji_key";s:32:"df31b90409cbd7237728ca1a770d72e6";}' ,datacrc='',expire=0 WHERE `cachekey`='sysconfig' [ RunTime:0.0270s ]
INFO: [ view_parse ] --START--
INFO: [ template_filter ] --START--
INFO: Run Behavior\ContentReplaceBehavior [ RunTime:0.001000s ]
INFO: [ template_filter ] --END-- [ RunTime:0.001000s ]
INFO: Run Behavior\ParseTemplateBehavior [ RunTime:0.022002s ]
INFO: [ view_parse ] --END-- [ RunTime:0.022002s ]
INFO: [ view_filter ] --START--
INFO: Run Behavior\WriteHtmlCacheBehavior [ RunTime:0.002000s ]
INFO: Run Library\Behavior\EmptyImageBehavior [ RunTime:0.003000s ]
INFO: [ view_filter ] --END-- [ RunTime:0.005000s ]
INFO: [ app_end ] --START--
INFO: Run Behavior\ShowPageTraceBehavior [ RunTime:0.003000s ]
INFO: [ app_end ] --END-- [ RunTime:0.003000s ]

[ 2015-06-26T16:29:20+08:00 ] 127.0.0.1 /jonza/index.php/plugin/ueditor.js
SQL: SHOW COLUMNS FROM `wx_app` [ RunTime:0.0080s ]
SQL: SELECT * FROM `wx_app` WHERE `status` = 2 AND ( `id` = null OR `host` = 'localhost' ) LIMIT 1   [ RunTime:0.0010s ]
SQL: SELECT `data`,`datacrc` FROM `think_cache` WHERE `cachekey`='sysconfig' AND (`expire` =0 OR `expire`>1435307359) LIMIT 0,1 [ RunTime:0.0010s ]
SQL: SHOW COLUMNS FROM `wx_sys_config` [ RunTime:0.0080s ]
SQL: SELECT * FROM `wx_sys_config`  [ RunTime:0.0010s ]
SQL: select `cachekey` from `think_cache` where `cachekey`='sysconfig' limit 0,1 [ RunTime:0.0000s ]
SQL: UPDATE think_cache SET data='a:25:{s:9:"site_name";s:24:"精典妆家微信管理";s:11:"site_domain";s:22:"yuanpeishop.wx.cuci.cc";s:13:"site_keywords";s:0:"";s:9:"site_desc";s:0:"";s:12:"site_contact";s:0:"";s:9:"site_mail";s:0:"";s:7:"site_qq";s:0:"";s:12:"site_company";s:39:"广州市鑫浪信息科技有限公司";s:8:"app_name";s:24:"精典妆家微信管理";s:11:"app_version";s:8:"1.0 beta";s:8:"app_logo";s:25:"glyphicon glyphicon-apple";s:12:"qiniu_bucket";s:7:"jonzawx";s:15:"qiniu_accesskey";s:40:"fWcSm1smy1_IlRMXfroFo_6Gdee3eNC0f9IGdsjY";s:15:"qiniu_secretkey";s:40:"0mHG6krKEjxzrovZkvJJc3W0Be4nzNZxveIZFJuO";s:12:"qiniu_domain";s:30:"7xj4ba.com1.z0.glb.clouddn.com";s:9:"mail_smtp";s:11:"smtp.qq.com";s:13:"mail_username";s:10:"pm@cuci.cc";s:9:"mail_port";s:3:"465";s:13:"mail_password";s:9:"Test12345";s:14:"mail_smtp_auth";s:1:"1";s:9:"mail_from";s:10:"pm@cuci.cc";s:14:"mail_from_name";s:21:"楚才API管理中心";s:11:"mail_secure";s:3:"ssl";s:10:"mail_reply";s:16:"zoujingli@qq.com";s:20:"app_baidu_tongji_key";s:32:"df31b90409cbd7237728ca1a770d72e6";}' ,datacrc='',expire=0 WHERE `cachekey`='sysconfig' [ RunTime:0.0310s ]
SQL: SELECT `data`,`datacrc` FROM `think_cache` WHERE `cachekey`='sysconfig' AND (`expire` =0 OR `expire`>1435307359) LIMIT 0,1 [ RunTime:0.0010s ]
SQL: SELECT * FROM `wx_sys_config`  [ RunTime:0.0010s ]
SQL: select `cachekey` from `think_cache` where `cachekey`='sysconfig' limit 0,1 [ RunTime:0.0010s ]
SQL: UPDATE think_cache SET data='a:25:{s:9:"site_name";s:24:"精典妆家微信管理";s:11:"site_domain";s:22:"yuanpeishop.wx.cuci.cc";s:13:"site_keywords";s:0:"";s:9:"site_desc";s:0:"";s:12:"site_contact";s:0:"";s:9:"site_mail";s:0:"";s:7:"site_qq";s:0:"";s:12:"site_company";s:39:"广州市鑫浪信息科技有限公司";s:8:"app_name";s:24:"精典妆家微信管理";s:11:"app_version";s:8:"1.0 beta";s:8:"app_logo";s:25:"glyphicon glyphicon-apple";s:12:"qiniu_bucket";s:7:"jonzawx";s:15:"qiniu_accesskey";s:40:"fWcSm1smy1_IlRMXfroFo_6Gdee3eNC0f9IGdsjY";s:15:"qiniu_secretkey";s:40:"0mHG6krKEjxzrovZkvJJc3W0Be4nzNZxveIZFJuO";s:12:"qiniu_domain";s:30:"7xj4ba.com1.z0.glb.clouddn.com";s:9:"mail_smtp";s:11:"smtp.qq.com";s:13:"mail_username";s:10:"pm@cuci.cc";s:9:"mail_port";s:3:"465";s:13:"mail_password";s:9:"Test12345";s:14:"mail_smtp_auth";s:1:"1";s:9:"mail_from";s:10:"pm@cuci.cc";s:14:"mail_from_name";s:21:"楚才API管理中心";s:11:"mail_secure";s:3:"ssl";s:10:"mail_reply";s:16:"zoujingli@qq.com";s:20:"app_baidu_tongji_key";s:32:"df31b90409cbd7237728ca1a770d72e6";}' ,datacrc='',expire=0 WHERE `cachekey`='sysconfig' [ RunTime:0.0290s ]
SQL: SELECT `data`,`datacrc` FROM `think_cache` WHERE `cachekey`='sysconfig' AND (`expire` =0 OR `expire`>1435307359) LIMIT 0,1 [ RunTime:0.0020s ]
SQL: SELECT * FROM `wx_sys_config`  [ RunTime:0.0010s ]
SQL: select `cachekey` from `think_cache` where `cachekey`='sysconfig' limit 0,1 [ RunTime:0.0010s ]
SQL: UPDATE think_cache SET data='a:25:{s:9:"site_name";s:24:"精典妆家微信管理";s:11:"site_domain";s:22:"yuanpeishop.wx.cuci.cc";s:13:"site_keywords";s:0:"";s:9:"site_desc";s:0:"";s:12:"site_contact";s:0:"";s:9:"site_mail";s:0:"";s:7:"site_qq";s:0:"";s:12:"site_company";s:39:"广州市鑫浪信息科技有限公司";s:8:"app_name";s:24:"精典妆家微信管理";s:11:"app_version";s:8:"1.0 beta";s:8:"app_logo";s:25:"glyphicon glyphicon-apple";s:12:"qiniu_bucket";s:7:"jonzawx";s:15:"qiniu_accesskey";s:40:"fWcSm1smy1_IlRMXfroFo_6Gdee3eNC0f9IGdsjY";s:15:"qiniu_secretkey";s:40:"0mHG6krKEjxzrovZkvJJc3W0Be4nzNZxveIZFJuO";s:12:"qiniu_domain";s:30:"7xj4ba.com1.z0.glb.clouddn.com";s:9:"mail_smtp";s:11:"smtp.qq.com";s:13:"mail_username";s:10:"pm@cuci.cc";s:9:"mail_port";s:3:"465";s:13:"mail_password";s:9:"Test12345";s:14:"mail_smtp_auth";s:1:"1";s:9:"mail_from";s:10:"pm@cuci.cc";s:14:"mail_from_name";s:21:"楚才API管理中心";s:11:"mail_secure";s:3:"ssl";s:10:"mail_reply";s:16:"zoujingli@qq.com";s:20:"app_baidu_tongji_key";s:32:"df31b90409cbd7237728ca1a770d72e6";}' ,datacrc='',expire=0 WHERE `cachekey`='sysconfig' [ RunTime:0.0540s ]
SQL: SELECT `data`,`datacrc` FROM `think_cache` WHERE `cachekey`='sysconfig' AND (`expire` =0 OR `expire`>1435307359) LIMIT 0,1 [ RunTime:0.0010s ]
SQL: SELECT * FROM `wx_sys_config`  [ RunTime:0.0020s ]
SQL: select `cachekey` from `think_cache` where `cachekey`='sysconfig' limit 0,1 [ RunTime:0.0010s ]
SQL: UPDATE think_cache SET data='a:25:{s:9:"site_name";s:24:"精典妆家微信管理";s:11:"site_domain";s:22:"yuanpeishop.wx.cuci.cc";s:13:"site_keywords";s:0:"";s:9:"site_desc";s:0:"";s:12:"site_contact";s:0:"";s:9:"site_mail";s:0:"";s:7:"site_qq";s:0:"";s:12:"site_company";s:39:"广州市鑫浪信息科技有限公司";s:8:"app_name";s:24:"精典妆家微信管理";s:11:"app_version";s:8:"1.0 beta";s:8:"app_logo";s:25:"glyphicon glyphicon-apple";s:12:"qiniu_bucket";s:7:"jonzawx";s:15:"qiniu_accesskey";s:40:"fWcSm1smy1_IlRMXfroFo_6Gdee3eNC0f9IGdsjY";s:15:"qiniu_secretkey";s:40:"0mHG6krKEjxzrovZkvJJc3W0Be4nzNZxveIZFJuO";s:12:"qiniu_domain";s:30:"7xj4ba.com1.z0.glb.clouddn.com";s:9:"mail_smtp";s:11:"smtp.qq.com";s:13:"mail_username";s:10:"pm@cuci.cc";s:9:"mail_port";s:3:"465";s:13:"mail_password";s:9:"Test12345";s:14:"mail_smtp_auth";s:1:"1";s:9:"mail_from";s:10:"pm@cuci.cc";s:14:"mail_from_name";s:21:"楚才API管理中心";s:11:"mail_secure";s:3:"ssl";s:10:"mail_reply";s:16:"zoujingli@qq.com";s:20:"app_baidu_tongji_key";s:32:"df31b90409cbd7237728ca1a770d72e6";}' ,datacrc='',expire=0 WHERE `cachekey`='sysconfig' [ RunTime:0.0690s ]
INFO: [ view_parse ] --START--
INFO: [ template_filter ] --START--
INFO: Run Behavior\ContentReplaceBehavior [ RunTime:0.000000s ]
INFO: [ template_filter ] --END-- [ RunTime:0.001000s ]
INFO: Run Behavior\ParseTemplateBehavior [ RunTime:0.024001s ]
INFO: [ view_parse ] --END-- [ RunTime:0.025001s ]
INFO: [ view_filter ] --START--
INFO: Run Behavior\WriteHtmlCacheBehavior [ RunTime:0.003001s ]
INFO: Run Library\Behavior\EmptyImageBehavior [ RunTime:0.003000s ]
INFO: [ view_filter ] --END-- [ RunTime:0.006001s ]
INFO: [ app_end ] --START--
INFO: Run Behavior\ShowPageTraceBehavior [ RunTime:0.002000s ]
INFO: [ app_end ] --END-- [ RunTime:0.003000s ]

