[ 2018-12-28T09:50:21+08:00 ] 219.137.50.237 /jonza/index.php/plugin/ueditor.js
SQL: SHOW COLUMNS FROM `wx_app` [ RunTime:0.0022s ]
SQL: SELECT * FROM `wx_app` WHERE `status` = 2 AND ( `id` = null OR `host` = '112.74.177.108' ) LIMIT 1   [ RunTime:0.0018s ]
SQL: SELECT `data`,`datacrc` FROM `think_cache` WHERE `cachekey`='sysconfig' AND (`expire` =0 OR `expire`>1545961821) LIMIT 0,1 [ RunTime:0.0019s ]
SQL: SHOW COLUMNS FROM `wx_sys_config` [ RunTime:0.0021s ]
SQL: SELECT * FROM `wx_sys_config`  [ RunTime:0.0019s ]
SQL: select `cachekey` from `think_cache` where `cachekey`='sysconfig' limit 0,1 [ RunTime:0.0018s ]
SQL: UPDATE think_cache SET data='a:25:{s:9:"site_name";s:16:"乐V微信管理";s:11:"site_domain";s:11:"c-r-bin.top";s:13:"site_keywords";s:0:"";s:9:"site_desc";s:0:"";s:12:"site_contact";s:0:"";s:9:"site_mail";s:0:"";s:7:"site_qq";s:0:"";s:12:"site_company";s:22:"广州乐V有限公司";s:8:"app_name";s:16:"乐V微信管理";s:11:"app_version";s:8:"1.0 beta";s:8:"app_logo";s:25:"glyphicon glyphicon-apple";s:12:"qiniu_bucket";s:6:"weixin";s:15:"qiniu_accesskey";s:40:"WjyRG6dWapiMbnUxkzw0zFpD3yWdpYss0QOD0pX0";s:15:"qiniu_secretkey";s:40:"D0bGgDeJC0O7y4LvLf6mCQwEn5C_dV0OlPNMTjAf";s:12:"qiniu_domain";s:11:"c-r-bon.top";s:9:"mail_smtp";s:11:"smtp.qq.com";s:13:"mail_username";s:10:"pm@cuci.cc";s:9:"mail_port";s:3:"465";s:13:"mail_password";s:9:"Test12345";s:14:"mail_smtp_auth";s:1:"1";s:9:"mail_from";s:10:"pm@cuci.cc";s:14:"mail_from_name";s:21:"楚才API管理中心";s:11:"mail_secure";s:3:"ssl";s:10:"mail_reply";s:16:"zoujingli@qq.com";s:20:"app_baidu_tongji_key";s:10:"7b6503de0e";}' ,datacrc='',expire=0 WHERE `cachekey`='sysconfig' [ RunTime:0.0039s ]
SQL: SELECT `data`,`datacrc` FROM `think_cache` WHERE `cachekey`='sysconfig' AND (`expire` =0 OR `expire`>1545961821) LIMIT 0,1 [ RunTime:0.0019s ]
SQL: SELECT * FROM `wx_sys_config`  [ RunTime:0.0019s ]
SQL: select `cachekey` from `think_cache` where `cachekey`='sysconfig' limit 0,1 [ RunTime:0.0018s ]
SQL: UPDATE think_cache SET data='a:25:{s:9:"site_name";s:16:"乐V微信管理";s:11:"site_domain";s:11:"c-r-bin.top";s:13:"site_keywords";s:0:"";s:9:"site_desc";s:0:"";s:12:"site_contact";s:0:"";s:9:"site_mail";s:0:"";s:7:"site_qq";s:0:"";s:12:"site_company";s:22:"广州乐V有限公司";s:8:"app_name";s:16:"乐V微信管理";s:11:"app_version";s:8:"1.0 beta";s:8:"app_logo";s:25:"glyphicon glyphicon-apple";s:12:"qiniu_bucket";s:6:"weixin";s:15:"qiniu_accesskey";s:40:"WjyRG6dWapiMbnUxkzw0zFpD3yWdpYss0QOD0pX0";s:15:"qiniu_secretkey";s:40:"D0bGgDeJC0O7y4LvLf6mCQwEn5C_dV0OlPNMTjAf";s:12:"qiniu_domain";s:11:"c-r-bon.top";s:9:"mail_smtp";s:11:"smtp.qq.com";s:13:"mail_username";s:10:"pm@cuci.cc";s:9:"mail_port";s:3:"465";s:13:"mail_password";s:9:"Test12345";s:14:"mail_smtp_auth";s:1:"1";s:9:"mail_from";s:10:"pm@cuci.cc";s:14:"mail_from_name";s:21:"楚才API管理中心";s:11:"mail_secure";s:3:"ssl";s:10:"mail_reply";s:16:"zoujingli@qq.com";s:20:"app_baidu_tongji_key";s:10:"7b6503de0e";}' ,datacrc='',expire=0 WHERE `cachekey`='sysconfig' [ RunTime:0.0040s ]
SQL: SELECT `data`,`datacrc` FROM `think_cache` WHERE `cachekey`='sysconfig' AND (`expire` =0 OR `expire`>1545961821) LIMIT 0,1 [ RunTime:0.0018s ]
SQL: SELECT * FROM `wx_sys_config`  [ RunTime:0.0019s ]
SQL: select `cachekey` from `think_cache` where `cachekey`='sysconfig' limit 0,1 [ RunTime:0.0018s ]
SQL: UPDATE think_cache SET data='a:25:{s:9:"site_name";s:16:"乐V微信管理";s:11:"site_domain";s:11:"c-r-bin.top";s:13:"site_keywords";s:0:"";s:9:"site_desc";s:0:"";s:12:"site_contact";s:0:"";s:9:"site_mail";s:0:"";s:7:"site_qq";s:0:"";s:12:"site_company";s:22:"广州乐V有限公司";s:8:"app_name";s:16:"乐V微信管理";s:11:"app_version";s:8:"1.0 beta";s:8:"app_logo";s:25:"glyphicon glyphicon-apple";s:12:"qiniu_bucket";s:6:"weixin";s:15:"qiniu_accesskey";s:40:"WjyRG6dWapiMbnUxkzw0zFpD3yWdpYss0QOD0pX0";s:15:"qiniu_secretkey";s:40:"D0bGgDeJC0O7y4LvLf6mCQwEn5C_dV0OlPNMTjAf";s:12:"qiniu_domain";s:11:"c-r-bon.top";s:9:"mail_smtp";s:11:"smtp.qq.com";s:13:"mail_username";s:10:"pm@cuci.cc";s:9:"mail_port";s:3:"465";s:13:"mail_password";s:9:"Test12345";s:14:"mail_smtp_auth";s:1:"1";s:9:"mail_from";s:10:"pm@cuci.cc";s:14:"mail_from_name";s:21:"楚才API管理中心";s:11:"mail_secure";s:3:"ssl";s:10:"mail_reply";s:16:"zoujingli@qq.com";s:20:"app_baidu_tongji_key";s:10:"7b6503de0e";}' ,datacrc='',expire=0 WHERE `cachekey`='sysconfig' [ RunTime:0.0038s ]
SQL: SELECT `data`,`datacrc` FROM `think_cache` WHERE `cachekey`='sysconfig' AND (`expire` =0 OR `expire`>1545961821) LIMIT 0,1 [ RunTime:0.0018s ]
SQL: SELECT * FROM `wx_sys_config`  [ RunTime:0.0019s ]
SQL: select `cachekey` from `think_cache` where `cachekey`='sysconfig' limit 0,1 [ RunTime:0.0018s ]
SQL: UPDATE think_cache SET data='a:25:{s:9:"site_name";s:16:"乐V微信管理";s:11:"site_domain";s:11:"c-r-bin.top";s:13:"site_keywords";s:0:"";s:9:"site_desc";s:0:"";s:12:"site_contact";s:0:"";s:9:"site_mail";s:0:"";s:7:"site_qq";s:0:"";s:12:"site_company";s:22:"广州乐V有限公司";s:8:"app_name";s:16:"乐V微信管理";s:11:"app_version";s:8:"1.0 beta";s:8:"app_logo";s:25:"glyphicon glyphicon-apple";s:12:"qiniu_bucket";s:6:"weixin";s:15:"qiniu_accesskey";s:40:"WjyRG6dWapiMbnUxkzw0zFpD3yWdpYss0QOD0pX0";s:15:"qiniu_secretkey";s:40:"D0bGgDeJC0O7y4LvLf6mCQwEn5C_dV0OlPNMTjAf";s:12:"qiniu_domain";s:11:"c-r-bon.top";s:9:"mail_smtp";s:11:"smtp.qq.com";s:13:"mail_username";s:10:"pm@cuci.cc";s:9:"mail_port";s:3:"465";s:13:"mail_password";s:9:"Test12345";s:14:"mail_smtp_auth";s:1:"1";s:9:"mail_from";s:10:"pm@cuci.cc";s:14:"mail_from_name";s:21:"楚才API管理中心";s:11:"mail_secure";s:3:"ssl";s:10:"mail_reply";s:16:"zoujingli@qq.com";s:20:"app_baidu_tongji_key";s:10:"7b6503de0e";}' ,datacrc='',expire=0 WHERE `cachekey`='sysconfig' [ RunTime:0.0042s ]
INFO: [ view_parse ] --START--
INFO: [ template_filter ] --START--
INFO: Run Behavior\ContentReplaceBehavior [ RunTime:0.000054s ]
INFO: [ template_filter ] --END-- [ RunTime:0.000085s ]
INFO: Run Behavior\ParseTemplateBehavior [ RunTime:0.001986s ]
INFO: [ view_parse ] --END-- [ RunTime:0.002019s ]
INFO: [ view_filter ] --START--
INFO: Run Behavior\WriteHtmlCacheBehavior [ RunTime:0.000120s ]
INFO: Run Library\Behavior\EmptyImageBehavior [ RunTime:0.000228s ]
INFO: [ view_filter ] --END-- [ RunTime:0.000391s ]
INFO: [ app_end ] --START--
INFO: Run Behavior\ShowPageTraceBehavior [ RunTime:0.000094s ]
INFO: [ app_end ] --END-- [ RunTime:0.000117s ]

[ 2018-12-28T09:50:25+08:00 ] 219.137.50.237 /jonza/index.php/plugin/ueditor.js
SQL: SHOW COLUMNS FROM `wx_app` [ RunTime:0.0026s ]
SQL: SELECT * FROM `wx_app` WHERE `status` = 2 AND ( `id` = null OR `host` = '112.74.177.108' ) LIMIT 1   [ RunTime:0.0023s ]
SQL: SELECT `data`,`datacrc` FROM `think_cache` WHERE `cachekey`='sysconfig' AND (`expire` =0 OR `expire`>1545961825) LIMIT 0,1 [ RunTime:0.0025s ]
SQL: SHOW COLUMNS FROM `wx_sys_config` [ RunTime:0.0026s ]
SQL: SELECT * FROM `wx_sys_config`  [ RunTime:0.0024s ]
SQL: select `cachekey` from `think_cache` where `cachekey`='sysconfig' limit 0,1 [ RunTime:0.0025s ]
SQL: UPDATE think_cache SET data='a:25:{s:9:"site_name";s:16:"乐V微信管理";s:11:"site_domain";s:11:"c-r-bin.top";s:13:"site_keywords";s:0:"";s:9:"site_desc";s:0:"";s:12:"site_contact";s:0:"";s:9:"site_mail";s:0:"";s:7:"site_qq";s:0:"";s:12:"site_company";s:22:"广州乐V有限公司";s:8:"app_name";s:16:"乐V微信管理";s:11:"app_version";s:8:"1.0 beta";s:8:"app_logo";s:25:"glyphicon glyphicon-apple";s:12:"qiniu_bucket";s:6:"weixin";s:15:"qiniu_accesskey";s:40:"WjyRG6dWapiMbnUxkzw0zFpD3yWdpYss0QOD0pX0";s:15:"qiniu_secretkey";s:40:"D0bGgDeJC0O7y4LvLf6mCQwEn5C_dV0OlPNMTjAf";s:12:"qiniu_domain";s:11:"c-r-bon.top";s:9:"mail_smtp";s:11:"smtp.qq.com";s:13:"mail_username";s:10:"pm@cuci.cc";s:9:"mail_port";s:3:"465";s:13:"mail_password";s:9:"Test12345";s:14:"mail_smtp_auth";s:1:"1";s:9:"mail_from";s:10:"pm@cuci.cc";s:14:"mail_from_name";s:21:"楚才API管理中心";s:11:"mail_secure";s:3:"ssl";s:10:"mail_reply";s:16:"zoujingli@qq.com";s:20:"app_baidu_tongji_key";s:10:"7b6503de0e";}' ,datacrc='',expire=0 WHERE `cachekey`='sysconfig' [ RunTime:0.0044s ]
SQL: SELECT `data`,`datacrc` FROM `think_cache` WHERE `cachekey`='sysconfig' AND (`expire` =0 OR `expire`>1545961825) LIMIT 0,1 [ RunTime:0.0024s ]
SQL: SELECT * FROM `wx_sys_config`  [ RunTime:0.0023s ]
SQL: select `cachekey` from `think_cache` where `cachekey`='sysconfig' limit 0,1 [ RunTime:0.0024s ]
SQL: UPDATE think_cache SET data='a:25:{s:9:"site_name";s:16:"乐V微信管理";s:11:"site_domain";s:11:"c-r-bin.top";s:13:"site_keywords";s:0:"";s:9:"site_desc";s:0:"";s:12:"site_contact";s:0:"";s:9:"site_mail";s:0:"";s:7:"site_qq";s:0:"";s:12:"site_company";s:22:"广州乐V有限公司";s:8:"app_name";s:16:"乐V微信管理";s:11:"app_version";s:8:"1.0 beta";s:8:"app_logo";s:25:"glyphicon glyphicon-apple";s:12:"qiniu_bucket";s:6:"weixin";s:15:"qiniu_accesskey";s:40:"WjyRG6dWapiMbnUxkzw0zFpD3yWdpYss0QOD0pX0";s:15:"qiniu_secretkey";s:40:"D0bGgDeJC0O7y4LvLf6mCQwEn5C_dV0OlPNMTjAf";s:12:"qiniu_domain";s:11:"c-r-bon.top";s:9:"mail_smtp";s:11:"smtp.qq.com";s:13:"mail_username";s:10:"pm@cuci.cc";s:9:"mail_port";s:3:"465";s:13:"mail_password";s:9:"Test12345";s:14:"mail_smtp_auth";s:1:"1";s:9:"mail_from";s:10:"pm@cuci.cc";s:14:"mail_from_name";s:21:"楚才API管理中心";s:11:"mail_secure";s:3:"ssl";s:10:"mail_reply";s:16:"zoujingli@qq.com";s:20:"app_baidu_tongji_key";s:10:"7b6503de0e";}' ,datacrc='',expire=0 WHERE `cachekey`='sysconfig' [ RunTime:0.0044s ]
SQL: SELECT `data`,`datacrc` FROM `think_cache` WHERE `cachekey`='sysconfig' AND (`expire` =0 OR `expire`>1545961825) LIMIT 0,1 [ RunTime:0.0024s ]
SQL: SELECT * FROM `wx_sys_config`  [ RunTime:0.0023s ]
SQL: select `cachekey` from `think_cache` where `cachekey`='sysconfig' limit 0,1 [ RunTime:0.0024s ]
SQL: UPDATE think_cache SET data='a:25:{s:9:"site_name";s:16:"乐V微信管理";s:11:"site_domain";s:11:"c-r-bin.top";s:13:"site_keywords";s:0:"";s:9:"site_desc";s:0:"";s:12:"site_contact";s:0:"";s:9:"site_mail";s:0:"";s:7:"site_qq";s:0:"";s:12:"site_company";s:22:"广州乐V有限公司";s:8:"app_name";s:16:"乐V微信管理";s:11:"app_version";s:8:"1.0 beta";s:8:"app_logo";s:25:"glyphicon glyphicon-apple";s:12:"qiniu_bucket";s:6:"weixin";s:15:"qiniu_accesskey";s:40:"WjyRG6dWapiMbnUxkzw0zFpD3yWdpYss0QOD0pX0";s:15:"qiniu_secretkey";s:40:"D0bGgDeJC0O7y4LvLf6mCQwEn5C_dV0OlPNMTjAf";s:12:"qiniu_domain";s:11:"c-r-bon.top";s:9:"mail_smtp";s:11:"smtp.qq.com";s:13:"mail_username";s:10:"pm@cuci.cc";s:9:"mail_port";s:3:"465";s:13:"mail_password";s:9:"Test12345";s:14:"mail_smtp_auth";s:1:"1";s:9:"mail_from";s:10:"pm@cuci.cc";s:14:"mail_from_name";s:21:"楚才API管理中心";s:11:"mail_secure";s:3:"ssl";s:10:"mail_reply";s:16:"zoujingli@qq.com";s:20:"app_baidu_tongji_key";s:10:"7b6503de0e";}' ,datacrc='',expire=0 WHERE `cachekey`='sysconfig' [ RunTime:0.0042s ]
SQL: SELECT `data`,`datacrc` FROM `think_cache` WHERE `cachekey`='sysconfig' AND (`expire` =0 OR `expire`>1545961825) LIMIT 0,1 [ RunTime:0.0024s ]
SQL: SELECT * FROM `wx_sys_config`  [ RunTime:0.0023s ]
SQL: select `cachekey` from `think_cache` where `cachekey`='sysconfig' limit 0,1 [ RunTime:0.0024s ]
SQL: UPDATE think_cache SET data='a:25:{s:9:"site_name";s:16:"乐V微信管理";s:11:"site_domain";s:11:"c-r-bin.top";s:13:"site_keywords";s:0:"";s:9:"site_desc";s:0:"";s:12:"site_contact";s:0:"";s:9:"site_mail";s:0:"";s:7:"site_qq";s:0:"";s:12:"site_company";s:22:"广州乐V有限公司";s:8:"app_name";s:16:"乐V微信管理";s:11:"app_version";s:8:"1.0 beta";s:8:"app_logo";s:25:"glyphicon glyphicon-apple";s:12:"qiniu_bucket";s:6:"weixin";s:15:"qiniu_accesskey";s:40:"WjyRG6dWapiMbnUxkzw0zFpD3yWdpYss0QOD0pX0";s:15:"qiniu_secretkey";s:40:"D0bGgDeJC0O7y4LvLf6mCQwEn5C_dV0OlPNMTjAf";s:12:"qiniu_domain";s:11:"c-r-bon.top";s:9:"mail_smtp";s:11:"smtp.qq.com";s:13:"mail_username";s:10:"pm@cuci.cc";s:9:"mail_port";s:3:"465";s:13:"mail_password";s:9:"Test12345";s:14:"mail_smtp_auth";s:1:"1";s:9:"mail_from";s:10:"pm@cuci.cc";s:14:"mail_from_name";s:21:"楚才API管理中心";s:11:"mail_secure";s:3:"ssl";s:10:"mail_reply";s:16:"zoujingli@qq.com";s:20:"app_baidu_tongji_key";s:10:"7b6503de0e";}' ,datacrc='',expire=0 WHERE `cachekey`='sysconfig' [ RunTime:0.0045s ]
INFO: [ view_parse ] --START--
INFO: [ template_filter ] --START--
INFO: Run Behavior\ContentReplaceBehavior [ RunTime:0.000053s ]
INFO: [ template_filter ] --END-- [ RunTime:0.000082s ]
INFO: Run Behavior\ParseTemplateBehavior [ RunTime:0.001918s ]
INFO: [ view_parse ] --END-- [ RunTime:0.001952s ]
INFO: [ view_filter ] --START--
INFO: Run Behavior\WriteHtmlCacheBehavior [ RunTime:0.000082s ]
INFO: Run Library\Behavior\EmptyImageBehavior [ RunTime:0.000218s ]
INFO: [ view_filter ] --END-- [ RunTime:0.000336s ]
INFO: [ app_end ] --START--
INFO: Run Behavior\ShowPageTraceBehavior [ RunTime:0.000099s ]
INFO: [ app_end ] --END-- [ RunTime:0.000122s ]

[ 2018-12-28T09:50:33+08:00 ] 219.137.50.237 /jonza/index.php/plugin/ueditor.js
SQL: SHOW COLUMNS FROM `wx_app` [ RunTime:0.0029s ]
SQL: SELECT * FROM `wx_app` WHERE `status` = 2 AND ( `id` = null OR `host` = '112.74.177.108' ) LIMIT 1   [ RunTime:0.0028s ]
SQL: SELECT `data`,`datacrc` FROM `think_cache` WHERE `cachekey`='sysconfig' AND (`expire` =0 OR `expire`>1545961833) LIMIT 0,1 [ RunTime:0.0017s ]
SQL: SHOW COLUMNS FROM `wx_sys_config` [ RunTime:0.0028s ]
SQL: SELECT * FROM `wx_sys_config`  [ RunTime:0.0026s ]
SQL: select `cachekey` from `think_cache` where `cachekey`='sysconfig' limit 0,1 [ RunTime:0.0015s ]
SQL: UPDATE think_cache SET data='a:25:{s:9:"site_name";s:16:"乐V微信管理";s:11:"site_domain";s:11:"c-r-bin.top";s:13:"site_keywords";s:0:"";s:9:"site_desc";s:0:"";s:12:"site_contact";s:0:"";s:9:"site_mail";s:0:"";s:7:"site_qq";s:0:"";s:12:"site_company";s:22:"广州乐V有限公司";s:8:"app_name";s:16:"乐V微信管理";s:11:"app_version";s:8:"1.0 beta";s:8:"app_logo";s:25:"glyphicon glyphicon-apple";s:12:"qiniu_bucket";s:6:"weixin";s:15:"qiniu_accesskey";s:40:"WjyRG6dWapiMbnUxkzw0zFpD3yWdpYss0QOD0pX0";s:15:"qiniu_secretkey";s:40:"D0bGgDeJC0O7y4LvLf6mCQwEn5C_dV0OlPNMTjAf";s:12:"qiniu_domain";s:11:"c-r-bon.top";s:9:"mail_smtp";s:11:"smtp.qq.com";s:13:"mail_username";s:10:"pm@cuci.cc";s:9:"mail_port";s:3:"465";s:13:"mail_password";s:9:"Test12345";s:14:"mail_smtp_auth";s:1:"1";s:9:"mail_from";s:10:"pm@cuci.cc";s:14:"mail_from_name";s:21:"楚才API管理中心";s:11:"mail_secure";s:3:"ssl";s:10:"mail_reply";s:16:"zoujingli@qq.com";s:20:"app_baidu_tongji_key";s:10:"7b6503de0e";}' ,datacrc='',expire=0 WHERE `cachekey`='sysconfig' [ RunTime:0.0037s ]
SQL: SELECT `data`,`datacrc` FROM `think_cache` WHERE `cachekey`='sysconfig' AND (`expire` =0 OR `expire`>1545961833) LIMIT 0,1 [ RunTime:0.0016s ]
SQL: SELECT * FROM `wx_sys_config`  [ RunTime:0.0026s ]
SQL: select `cachekey` from `think_cache` where `cachekey`='sysconfig' limit 0,1 [ RunTime:0.0016s ]
SQL: UPDATE think_cache SET data='a:25:{s:9:"site_name";s:16:"乐V微信管理";s:11:"site_domain";s:11:"c-r-bin.top";s:13:"site_keywords";s:0:"";s:9:"site_desc";s:0:"";s:12:"site_contact";s:0:"";s:9:"site_mail";s:0:"";s:7:"site_qq";s:0:"";s:12:"site_company";s:22:"广州乐V有限公司";s:8:"app_name";s:16:"乐V微信管理";s:11:"app_version";s:8:"1.0 beta";s:8:"app_logo";s:25:"glyphicon glyphicon-apple";s:12:"qiniu_bucket";s:6:"weixin";s:15:"qiniu_accesskey";s:40:"WjyRG6dWapiMbnUxkzw0zFpD3yWdpYss0QOD0pX0";s:15:"qiniu_secretkey";s:40:"D0bGgDeJC0O7y4LvLf6mCQwEn5C_dV0OlPNMTjAf";s:12:"qiniu_domain";s:11:"c-r-bon.top";s:9:"mail_smtp";s:11:"smtp.qq.com";s:13:"mail_username";s:10:"pm@cuci.cc";s:9:"mail_port";s:3:"465";s:13:"mail_password";s:9:"Test12345";s:14:"mail_smtp_auth";s:1:"1";s:9:"mail_from";s:10:"pm@cuci.cc";s:14:"mail_from_name";s:21:"楚才API管理中心";s:11:"mail_secure";s:3:"ssl";s:10:"mail_reply";s:16:"zoujingli@qq.com";s:20:"app_baidu_tongji_key";s:10:"7b6503de0e";}' ,datacrc='',expire=0 WHERE `cachekey`='sysconfig' [ RunTime:0.0035s ]
SQL: SELECT `data`,`datacrc` FROM `think_cache` WHERE `cachekey`='sysconfig' AND (`expire` =0 OR `expire`>1545961833) LIMIT 0,1 [ RunTime:0.0016s ]
SQL: SELECT * FROM `wx_sys_config`  [ RunTime:0.0026s ]
SQL: select `cachekey` from `think_cache` where `cachekey`='sysconfig' limit 0,1 [ RunTime:0.0016s ]
SQL: UPDATE think_cache SET data='a:25:{s:9:"site_name";s:16:"乐V微信管理";s:11:"site_domain";s:11:"c-r-bin.top";s:13:"site_keywords";s:0:"";s:9:"site_desc";s:0:"";s:12:"site_contact";s:0:"";s:9:"site_mail";s:0:"";s:7:"site_qq";s:0:"";s:12:"site_company";s:22:"广州乐V有限公司";s:8:"app_name";s:16:"乐V微信管理";s:11:"app_version";s:8:"1.0 beta";s:8:"app_logo";s:25:"glyphicon glyphicon-apple";s:12:"qiniu_bucket";s:6:"weixin";s:15:"qiniu_accesskey";s:40:"WjyRG6dWapiMbnUxkzw0zFpD3yWdpYss0QOD0pX0";s:15:"qiniu_secretkey";s:40:"D0bGgDeJC0O7y4LvLf6mCQwEn5C_dV0OlPNMTjAf";s:12:"qiniu_domain";s:11:"c-r-bon.top";s:9:"mail_smtp";s:11:"smtp.qq.com";s:13:"mail_username";s:10:"pm@cuci.cc";s:9:"mail_port";s:3:"465";s:13:"mail_password";s:9:"Test12345";s:14:"mail_smtp_auth";s:1:"1";s:9:"mail_from";s:10:"pm@cuci.cc";s:14:"mail_from_name";s:21:"楚才API管理中心";s:11:"mail_secure";s:3:"ssl";s:10:"mail_reply";s:16:"zoujingli@qq.com";s:20:"app_baidu_tongji_key";s:10:"7b6503de0e";}' ,datacrc='',expire=0 WHERE `cachekey`='sysconfig' [ RunTime:0.0035s ]
SQL: SELECT `data`,`datacrc` FROM `think_cache` WHERE `cachekey`='sysconfig' AND (`expire` =0 OR `expire`>1545961833) LIMIT 0,1 [ RunTime:0.0016s ]
SQL: SELECT * FROM `wx_sys_config`  [ RunTime:0.0025s ]
SQL: select `cachekey` from `think_cache` where `cachekey`='sysconfig' limit 0,1 [ RunTime:0.0016s ]
SQL: UPDATE think_cache SET data='a:25:{s:9:"site_name";s:16:"乐V微信管理";s:11:"site_domain";s:11:"c-r-bin.top";s:13:"site_keywords";s:0:"";s:9:"site_desc";s:0:"";s:12:"site_contact";s:0:"";s:9:"site_mail";s:0:"";s:7:"site_qq";s:0:"";s:12:"site_company";s:22:"广州乐V有限公司";s:8:"app_name";s:16:"乐V微信管理";s:11:"app_version";s:8:"1.0 beta";s:8:"app_logo";s:25:"glyphicon glyphicon-apple";s:12:"qiniu_bucket";s:6:"weixin";s:15:"qiniu_accesskey";s:40:"WjyRG6dWapiMbnUxkzw0zFpD3yWdpYss0QOD0pX0";s:15:"qiniu_secretkey";s:40:"D0bGgDeJC0O7y4LvLf6mCQwEn5C_dV0OlPNMTjAf";s:12:"qiniu_domain";s:11:"c-r-bon.top";s:9:"mail_smtp";s:11:"smtp.qq.com";s:13:"mail_username";s:10:"pm@cuci.cc";s:9:"mail_port";s:3:"465";s:13:"mail_password";s:9:"Test12345";s:14:"mail_smtp_auth";s:1:"1";s:9:"mail_from";s:10:"pm@cuci.cc";s:14:"mail_from_name";s:21:"楚才API管理中心";s:11:"mail_secure";s:3:"ssl";s:10:"mail_reply";s:16:"zoujingli@qq.com";s:20:"app_baidu_tongji_key";s:10:"7b6503de0e";}' ,datacrc='',expire=0 WHERE `cachekey`='sysconfig' [ RunTime:0.0034s ]
INFO: [ view_parse ] --START--
INFO: [ template_filter ] --START--
INFO: Run Behavior\ContentReplaceBehavior [ RunTime:0.000052s ]
INFO: [ template_filter ] --END-- [ RunTime:0.000081s ]
INFO: Run Behavior\ParseTemplateBehavior [ RunTime:0.001939s ]
INFO: [ view_parse ] --END-- [ RunTime:0.001973s ]
INFO: [ view_filter ] --START--
INFO: Run Behavior\WriteHtmlCacheBehavior [ RunTime:0.000085s ]
INFO: Run Library\Behavior\EmptyImageBehavior [ RunTime:0.000229s ]
INFO: [ view_filter ] --END-- [ RunTime:0.000349s ]
INFO: [ app_end ] --START--
INFO: Run Behavior\ShowPageTraceBehavior [ RunTime:0.000090s ]
INFO: [ app_end ] --END-- [ RunTime:0.000113s ]

[ 2018-12-28T09:50:34+08:00 ] 219.137.50.237 /jonza/index.php/plugin/ueditor/server.js?token=fqilrLJ1eaeBdKTYg3hudA&action=config&&noCache=1545961835510
INFO: [ app_end ] --START--
INFO: Run Behavior\ShowPageTraceBehavior [ RunTime:0.000096s ]
INFO: [ app_end ] --END-- [ RunTime:0.000144s ]

[ 2018-12-28T09:51:47+08:00 ] 210.209.72.19 http://112.74.177.108/jonza/index.php/plugin/ueditor.js
SQL: SHOW COLUMNS FROM `wx_app` [ RunTime:0.0029s ]
SQL: SELECT * FROM `wx_app` WHERE `status` = 2 AND ( `id` = null OR `host` = '112.74.177.108' ) LIMIT 1   [ RunTime:0.0025s ]
SQL: SELECT `data`,`datacrc` FROM `think_cache` WHERE `cachekey`='sysconfig' AND (`expire` =0 OR `expire`>1545961907) LIMIT 0,1 [ RunTime:0.0023s ]
SQL: SHOW COLUMNS FROM `wx_sys_config` [ RunTime:0.0027s ]
SQL: SELECT * FROM `wx_sys_config`  [ RunTime:0.0025s ]
SQL: select `cachekey` from `think_cache` where `cachekey`='sysconfig' limit 0,1 [ RunTime:0.0022s ]
SQL: UPDATE think_cache SET data='a:25:{s:9:"site_name";s:16:"乐V微信管理";s:11:"site_domain";s:11:"c-r-bin.top";s:13:"site_keywords";s:0:"";s:9:"site_desc";s:0:"";s:12:"site_contact";s:0:"";s:9:"site_mail";s:0:"";s:7:"site_qq";s:0:"";s:12:"site_company";s:22:"广州乐V有限公司";s:8:"app_name";s:16:"乐V微信管理";s:11:"app_version";s:8:"1.0 beta";s:8:"app_logo";s:25:"glyphicon glyphicon-apple";s:12:"qiniu_bucket";s:6:"weixin";s:15:"qiniu_accesskey";s:40:"WjyRG6dWapiMbnUxkzw0zFpD3yWdpYss0QOD0pX0";s:15:"qiniu_secretkey";s:40:"D0bGgDeJC0O7y4LvLf6mCQwEn5C_dV0OlPNMTjAf";s:12:"qiniu_domain";s:11:"c-r-bon.top";s:9:"mail_smtp";s:11:"smtp.qq.com";s:13:"mail_username";s:10:"pm@cuci.cc";s:9:"mail_port";s:3:"465";s:13:"mail_password";s:9:"Test12345";s:14:"mail_smtp_auth";s:1:"1";s:9:"mail_from";s:10:"pm@cuci.cc";s:14:"mail_from_name";s:21:"楚才API管理中心";s:11:"mail_secure";s:3:"ssl";s:10:"mail_reply";s:16:"zoujingli@qq.com";s:20:"app_baidu_tongji_key";s:10:"7b6503de0e";}' ,datacrc='',expire=0 WHERE `cachekey`='sysconfig' [ RunTime:0.0045s ]
SQL: SELECT `data`,`datacrc` FROM `think_cache` WHERE `cachekey`='sysconfig' AND (`expire` =0 OR `expire`>1545961907) LIMIT 0,1 [ RunTime:0.0023s ]
SQL: SELECT * FROM `wx_sys_config`  [ RunTime:0.0025s ]
SQL: select `cachekey` from `think_cache` where `cachekey`='sysconfig' limit 0,1 [ RunTime:0.0022s ]
SQL: UPDATE think_cache SET data='a:25:{s:9:"site_name";s:16:"乐V微信管理";s:11:"site_domain";s:11:"c-r-bin.top";s:13:"site_keywords";s:0:"";s:9:"site_desc";s:0:"";s:12:"site_contact";s:0:"";s:9:"site_mail";s:0:"";s:7:"site_qq";s:0:"";s:12:"site_company";s:22:"广州乐V有限公司";s:8:"app_name";s:16:"乐V微信管理";s:11:"app_version";s:8:"1.0 beta";s:8:"app_logo";s:25:"glyphicon glyphicon-apple";s:12:"qiniu_bucket";s:6:"weixin";s:15:"qiniu_accesskey";s:40:"WjyRG6dWapiMbnUxkzw0zFpD3yWdpYss0QOD0pX0";s:15:"qiniu_secretkey";s:40:"D0bGgDeJC0O7y4LvLf6mCQwEn5C_dV0OlPNMTjAf";s:12:"qiniu_domain";s:11:"c-r-bon.top";s:9:"mail_smtp";s:11:"smtp.qq.com";s:13:"mail_username";s:10:"pm@cuci.cc";s:9:"mail_port";s:3:"465";s:13:"mail_password";s:9:"Test12345";s:14:"mail_smtp_auth";s:1:"1";s:9:"mail_from";s:10:"pm@cuci.cc";s:14:"mail_from_name";s:21:"楚才API管理中心";s:11:"mail_secure";s:3:"ssl";s:10:"mail_reply";s:16:"zoujingli@qq.com";s:20:"app_baidu_tongji_key";s:10:"7b6503de0e";}' ,datacrc='',expire=0 WHERE `cachekey`='sysconfig' [ RunTime:0.0042s ]
SQL: SELECT `data`,`datacrc` FROM `think_cache` WHERE `cachekey`='sysconfig' AND (`expire` =0 OR `expire`>1545961907) LIMIT 0,1 [ RunTime:0.0023s ]
SQL: SELECT * FROM `wx_sys_config`  [ RunTime:0.0025s ]
SQL: select `cachekey` from `think_cache` where `cachekey`='sysconfig' limit 0,1 [ RunTime:0.0022s ]
SQL: UPDATE think_cache SET data='a:25:{s:9:"site_name";s:16:"乐V微信管理";s:11:"site_domain";s:11:"c-r-bin.top";s:13:"site_keywords";s:0:"";s:9:"site_desc";s:0:"";s:12:"site_contact";s:0:"";s:9:"site_mail";s:0:"";s:7:"site_qq";s:0:"";s:12:"site_company";s:22:"广州乐V有限公司";s:8:"app_name";s:16:"乐V微信管理";s:11:"app_version";s:8:"1.0 beta";s:8:"app_logo";s:25:"glyphicon glyphicon-apple";s:12:"qiniu_bucket";s:6:"weixin";s:15:"qiniu_accesskey";s:40:"WjyRG6dWapiMbnUxkzw0zFpD3yWdpYss0QOD0pX0";s:15:"qiniu_secretkey";s:40:"D0bGgDeJC0O7y4LvLf6mCQwEn5C_dV0OlPNMTjAf";s:12:"qiniu_domain";s:11:"c-r-bon.top";s:9:"mail_smtp";s:11:"smtp.qq.com";s:13:"mail_username";s:10:"pm@cuci.cc";s:9:"mail_port";s:3:"465";s:13:"mail_password";s:9:"Test12345";s:14:"mail_smtp_auth";s:1:"1";s:9:"mail_from";s:10:"pm@cuci.cc";s:14:"mail_from_name";s:21:"楚才API管理中心";s:11:"mail_secure";s:3:"ssl";s:10:"mail_reply";s:16:"zoujingli@qq.com";s:20:"app_baidu_tongji_key";s:10:"7b6503de0e";}' ,datacrc='',expire=0 WHERE `cachekey`='sysconfig' [ RunTime:0.0044s ]
SQL: SELECT `data`,`datacrc` FROM `think_cache` WHERE `cachekey`='sysconfig' AND (`expire` =0 OR `expire`>1545961907) LIMIT 0,1 [ RunTime:0.0022s ]
SQL: SELECT * FROM `wx_sys_config`  [ RunTime:0.0025s ]
SQL: select `cachekey` from `think_cache` where `cachekey`='sysconfig' limit 0,1 [ RunTime:0.0022s ]
SQL: UPDATE think_cache SET data='a:25:{s:9:"site_name";s:16:"乐V微信管理";s:11:"site_domain";s:11:"c-r-bin.top";s:13:"site_keywords";s:0:"";s:9:"site_desc";s:0:"";s:12:"site_contact";s:0:"";s:9:"site_mail";s:0:"";s:7:"site_qq";s:0:"";s:12:"site_company";s:22:"广州乐V有限公司";s:8:"app_name";s:16:"乐V微信管理";s:11:"app_version";s:8:"1.0 beta";s:8:"app_logo";s:25:"glyphicon glyphicon-apple";s:12:"qiniu_bucket";s:6:"weixin";s:15:"qiniu_accesskey";s:40:"WjyRG6dWapiMbnUxkzw0zFpD3yWdpYss0QOD0pX0";s:15:"qiniu_secretkey";s:40:"D0bGgDeJC0O7y4LvLf6mCQwEn5C_dV0OlPNMTjAf";s:12:"qiniu_domain";s:11:"c-r-bon.top";s:9:"mail_smtp";s:11:"smtp.qq.com";s:13:"mail_username";s:10:"pm@cuci.cc";s:9:"mail_port";s:3:"465";s:13:"mail_password";s:9:"Test12345";s:14:"mail_smtp_auth";s:1:"1";s:9:"mail_from";s:10:"pm@cuci.cc";s:14:"mail_from_name";s:21:"楚才API管理中心";s:11:"mail_secure";s:3:"ssl";s:10:"mail_reply";s:16:"zoujingli@qq.com";s:20:"app_baidu_tongji_key";s:10:"7b6503de0e";}' ,datacrc='',expire=0 WHERE `cachekey`='sysconfig' [ RunTime:0.0041s ]
INFO: [ view_parse ] --START--
INFO: [ template_filter ] --START--
INFO: Run Behavior\ContentReplaceBehavior [ RunTime:0.000055s ]
INFO: [ template_filter ] --END-- [ RunTime:0.000085s ]
INFO: Run Behavior\ParseTemplateBehavior [ RunTime:0.001984s ]
INFO: [ view_parse ] --END-- [ RunTime:0.002021s ]
INFO: [ view_filter ] --START--
INFO: Run Behavior\WriteHtmlCacheBehavior [ RunTime:0.000084s ]
INFO: Run Library\Behavior\EmptyImageBehavior [ RunTime:0.000210s ]
INFO: [ view_filter ] --END-- [ RunTime:0.000330s ]
INFO: [ app_end ] --START--
INFO: Run Behavior\ShowPageTraceBehavior [ RunTime:0.000084s ]
INFO: [ app_end ] --END-- [ RunTime:0.000109s ]

[ 2018-12-28T09:51:53+08:00 ] 180.163.220.5 http://112.74.177.108/jonza/index.php/plugin/ueditor.js
SQL: SHOW COLUMNS FROM `wx_app` [ RunTime:0.0023s ]
SQL: SELECT * FROM `wx_app` WHERE `status` = 2 AND ( `id` = null OR `host` = '112.74.177.108' ) LIMIT 1   [ RunTime:0.0020s ]
SQL: SELECT `data`,`datacrc` FROM `think_cache` WHERE `cachekey`='sysconfig' AND (`expire` =0 OR `expire`>1545961913) LIMIT 0,1 [ RunTime:0.0026s ]
SQL: SHOW COLUMNS FROM `wx_sys_config` [ RunTime:0.0022s ]
SQL: SELECT * FROM `wx_sys_config`  [ RunTime:0.0020s ]
SQL: select `cachekey` from `think_cache` where `cachekey`='sysconfig' limit 0,1 [ RunTime:0.0025s ]
SQL: UPDATE think_cache SET data='a:25:{s:9:"site_name";s:16:"乐V微信管理";s:11:"site_domain";s:11:"c-r-bin.top";s:13:"site_keywords";s:0:"";s:9:"site_desc";s:0:"";s:12:"site_contact";s:0:"";s:9:"site_mail";s:0:"";s:7:"site_qq";s:0:"";s:12:"site_company";s:22:"广州乐V有限公司";s:8:"app_name";s:16:"乐V微信管理";s:11:"app_version";s:8:"1.0 beta";s:8:"app_logo";s:25:"glyphicon glyphicon-apple";s:12:"qiniu_bucket";s:6:"weixin";s:15:"qiniu_accesskey";s:40:"WjyRG6dWapiMbnUxkzw0zFpD3yWdpYss0QOD0pX0";s:15:"qiniu_secretkey";s:40:"D0bGgDeJC0O7y4LvLf6mCQwEn5C_dV0OlPNMTjAf";s:12:"qiniu_domain";s:11:"c-r-bon.top";s:9:"mail_smtp";s:11:"smtp.qq.com";s:13:"mail_username";s:10:"pm@cuci.cc";s:9:"mail_port";s:3:"465";s:13:"mail_password";s:9:"Test12345";s:14:"mail_smtp_auth";s:1:"1";s:9:"mail_from";s:10:"pm@cuci.cc";s:14:"mail_from_name";s:21:"楚才API管理中心";s:11:"mail_secure";s:3:"ssl";s:10:"mail_reply";s:16:"zoujingli@qq.com";s:20:"app_baidu_tongji_key";s:10:"7b6503de0e";}' ,datacrc='',expire=0 WHERE `cachekey`='sysconfig' [ RunTime:0.0049s ]
SQL: SELECT `data`,`datacrc` FROM `think_cache` WHERE `cachekey`='sysconfig' AND (`expire` =0 OR `expire`>1545961913) LIMIT 0,1 [ RunTime:0.0025s ]
SQL: SELECT * FROM `wx_sys_config`  [ RunTime:0.0020s ]
SQL: select `cachekey` from `think_cache` where `cachekey`='sysconfig' limit 0,1 [ RunTime:0.0025s ]
SQL: UPDATE think_cache SET data='a:25:{s:9:"site_name";s:16:"乐V微信管理";s:11:"site_domain";s:11:"c-r-bin.top";s:13:"site_keywords";s:0:"";s:9:"site_desc";s:0:"";s:12:"site_contact";s:0:"";s:9:"site_mail";s:0:"";s:7:"site_qq";s:0:"";s:12:"site_company";s:22:"广州乐V有限公司";s:8:"app_name";s:16:"乐V微信管理";s:11:"app_version";s:8:"1.0 beta";s:8:"app_logo";s:25:"glyphicon glyphicon-apple";s:12:"qiniu_bucket";s:6:"weixin";s:15:"qiniu_accesskey";s:40:"WjyRG6dWapiMbnUxkzw0zFpD3yWdpYss0QOD0pX0";s:15:"qiniu_secretkey";s:40:"D0bGgDeJC0O7y4LvLf6mCQwEn5C_dV0OlPNMTjAf";s:12:"qiniu_domain";s:11:"c-r-bon.top";s:9:"mail_smtp";s:11:"smtp.qq.com";s:13:"mail_username";s:10:"pm@cuci.cc";s:9:"mail_port";s:3:"465";s:13:"mail_password";s:9:"Test12345";s:14:"mail_smtp_auth";s:1:"1";s:9:"mail_from";s:10:"pm@cuci.cc";s:14:"mail_from_name";s:21:"楚才API管理中心";s:11:"mail_secure";s:3:"ssl";s:10:"mail_reply";s:16:"zoujingli@qq.com";s:20:"app_baidu_tongji_key";s:10:"7b6503de0e";}' ,datacrc='',expire=0 WHERE `cachekey`='sysconfig' [ RunTime:0.0046s ]
SQL: SELECT `data`,`datacrc` FROM `think_cache` WHERE `cachekey`='sysconfig' AND (`expire` =0 OR `expire`>1545961913) LIMIT 0,1 [ RunTime:0.0026s ]
SQL: SELECT * FROM `wx_sys_config`  [ RunTime:0.0020s ]
SQL: select `cachekey` from `think_cache` where `cachekey`='sysconfig' limit 0,1 [ RunTime:0.0025s ]
SQL: UPDATE think_cache SET data='a:25:{s:9:"site_name";s:16:"乐V微信管理";s:11:"site_domain";s:11:"c-r-bin.top";s:13:"site_keywords";s:0:"";s:9:"site_desc";s:0:"";s:12:"site_contact";s:0:"";s:9:"site_mail";s:0:"";s:7:"site_qq";s:0:"";s:12:"site_company";s:22:"广州乐V有限公司";s:8:"app_name";s:16:"乐V微信管理";s:11:"app_version";s:8:"1.0 beta";s:8:"app_logo";s:25:"glyphicon glyphicon-apple";s:12:"qiniu_bucket";s:6:"weixin";s:15:"qiniu_accesskey";s:40:"WjyRG6dWapiMbnUxkzw0zFpD3yWdpYss0QOD0pX0";s:15:"qiniu_secretkey";s:40:"D0bGgDeJC0O7y4LvLf6mCQwEn5C_dV0OlPNMTjAf";s:12:"qiniu_domain";s:11:"c-r-bon.top";s:9:"mail_smtp";s:11:"smtp.qq.com";s:13:"mail_username";s:10:"pm@cuci.cc";s:9:"mail_port";s:3:"465";s:13:"mail_password";s:9:"Test12345";s:14:"mail_smtp_auth";s:1:"1";s:9:"mail_from";s:10:"pm@cuci.cc";s:14:"mail_from_name";s:21:"楚才API管理中心";s:11:"mail_secure";s:3:"ssl";s:10:"mail_reply";s:16:"zoujingli@qq.com";s:20:"app_baidu_tongji_key";s:10:"7b6503de0e";}' ,datacrc='',expire=0 WHERE `cachekey`='sysconfig' [ RunTime:0.0046s ]
SQL: SELECT `data`,`datacrc` FROM `think_cache` WHERE `cachekey`='sysconfig' AND (`expire` =0 OR `expire`>1545961913) LIMIT 0,1 [ RunTime:0.0026s ]
SQL: SELECT * FROM `wx_sys_config`  [ RunTime:0.0020s ]
SQL: select `cachekey` from `think_cache` where `cachekey`='sysconfig' limit 0,1 [ RunTime:0.0025s ]
SQL: UPDATE think_cache SET data='a:25:{s:9:"site_name";s:16:"乐V微信管理";s:11:"site_domain";s:11:"c-r-bin.top";s:13:"site_keywords";s:0:"";s:9:"site_desc";s:0:"";s:12:"site_contact";s:0:"";s:9:"site_mail";s:0:"";s:7:"site_qq";s:0:"";s:12:"site_company";s:22:"广州乐V有限公司";s:8:"app_name";s:16:"乐V微信管理";s:11:"app_version";s:8:"1.0 beta";s:8:"app_logo";s:25:"glyphicon glyphicon-apple";s:12:"qiniu_bucket";s:6:"weixin";s:15:"qiniu_accesskey";s:40:"WjyRG6dWapiMbnUxkzw0zFpD3yWdpYss0QOD0pX0";s:15:"qiniu_secretkey";s:40:"D0bGgDeJC0O7y4LvLf6mCQwEn5C_dV0OlPNMTjAf";s:12:"qiniu_domain";s:11:"c-r-bon.top";s:9:"mail_smtp";s:11:"smtp.qq.com";s:13:"mail_username";s:10:"pm@cuci.cc";s:9:"mail_port";s:3:"465";s:13:"mail_password";s:9:"Test12345";s:14:"mail_smtp_auth";s:1:"1";s:9:"mail_from";s:10:"pm@cuci.cc";s:14:"mail_from_name";s:21:"楚才API管理中心";s:11:"mail_secure";s:3:"ssl";s:10:"mail_reply";s:16:"zoujingli@qq.com";s:20:"app_baidu_tongji_key";s:10:"7b6503de0e";}' ,datacrc='',expire=0 WHERE `cachekey`='sysconfig' [ RunTime:0.0046s ]
INFO: [ view_parse ] --START--
INFO: [ template_filter ] --START--
INFO: Run Behavior\ContentReplaceBehavior [ RunTime:0.000061s ]
INFO: [ template_filter ] --END-- [ RunTime:0.000090s ]
INFO: Run Behavior\ParseTemplateBehavior [ RunTime:0.001937s ]
INFO: [ view_parse ] --END-- [ RunTime:0.001971s ]
INFO: [ view_filter ] --START--
INFO: Run Behavior\WriteHtmlCacheBehavior [ RunTime:0.000100s ]
INFO: Run Library\Behavior\EmptyImageBehavior [ RunTime:0.000222s ]
INFO: [ view_filter ] --END-- [ RunTime:0.000360s ]
INFO: [ app_end ] --START--
INFO: Run Behavior\ShowPageTraceBehavior [ RunTime:0.000083s ]
INFO: [ app_end ] --END-- [ RunTime:0.000105s ]

[ 2018-12-28T14:20:32+08:00 ] 219.137.50.237 /jonza/index.php/plugin/ueditor.js
SQL: SHOW COLUMNS FROM `wx_app` [ RunTime:0.0023s ]
SQL: SELECT * FROM `wx_app` WHERE `status` = 2 AND ( `id` = null OR `host` = '112.74.177.108' ) LIMIT 1   [ RunTime:0.0019s ]
SQL: SELECT `data`,`datacrc` FROM `think_cache` WHERE `cachekey`='sysconfig' AND (`expire` =0 OR `expire`>1545978032) LIMIT 0,1 [ RunTime:0.0023s ]
SQL: SHOW COLUMNS FROM `wx_sys_config` [ RunTime:0.0022s ]
SQL: SELECT * FROM `wx_sys_config`  [ RunTime:0.0020s ]
SQL: select `cachekey` from `think_cache` where `cachekey`='sysconfig' limit 0,1 [ RunTime:0.0022s ]
SQL: UPDATE think_cache SET data='a:25:{s:9:"site_name";s:16:"乐V微信管理";s:11:"site_domain";s:11:"c-r-bin.top";s:13:"site_keywords";s:0:"";s:9:"site_desc";s:0:"";s:12:"site_contact";s:0:"";s:9:"site_mail";s:0:"";s:7:"site_qq";s:0:"";s:12:"site_company";s:22:"广州乐V有限公司";s:8:"app_name";s:16:"乐V微信管理";s:11:"app_version";s:8:"1.0 beta";s:8:"app_logo";s:25:"glyphicon glyphicon-apple";s:12:"qiniu_bucket";s:6:"weixin";s:15:"qiniu_accesskey";s:40:"WjyRG6dWapiMbnUxkzw0zFpD3yWdpYss0QOD0pX0";s:15:"qiniu_secretkey";s:40:"D0bGgDeJC0O7y4LvLf6mCQwEn5C_dV0OlPNMTjAf";s:12:"qiniu_domain";s:11:"c-r-bon.top";s:9:"mail_smtp";s:11:"smtp.qq.com";s:13:"mail_username";s:10:"pm@cuci.cc";s:9:"mail_port";s:3:"465";s:13:"mail_password";s:9:"Test12345";s:14:"mail_smtp_auth";s:1:"1";s:9:"mail_from";s:10:"pm@cuci.cc";s:14:"mail_from_name";s:21:"楚才API管理中心";s:11:"mail_secure";s:3:"ssl";s:10:"mail_reply";s:16:"zoujingli@qq.com";s:20:"app_baidu_tongji_key";s:10:"7b6503de0e";}' ,datacrc='',expire=0 WHERE `cachekey`='sysconfig' [ RunTime:0.0047s ]
SQL: SELECT `data`,`datacrc` FROM `think_cache` WHERE `cachekey`='sysconfig' AND (`expire` =0 OR `expire`>1545978032) LIMIT 0,1 [ RunTime:0.0022s ]
SQL: SELECT * FROM `wx_sys_config`  [ RunTime:0.0020s ]
SQL: select `cachekey` from `think_cache` where `cachekey`='sysconfig' limit 0,1 [ RunTime:0.0021s ]
SQL: UPDATE think_cache SET data='a:25:{s:9:"site_name";s:16:"乐V微信管理";s:11:"site_domain";s:11:"c-r-bin.top";s:13:"site_keywords";s:0:"";s:9:"site_desc";s:0:"";s:12:"site_contact";s:0:"";s:9:"site_mail";s:0:"";s:7:"site_qq";s:0:"";s:12:"site_company";s:22:"广州乐V有限公司";s:8:"app_name";s:16:"乐V微信管理";s:11:"app_version";s:8:"1.0 beta";s:8:"app_logo";s:25:"glyphicon glyphicon-apple";s:12:"qiniu_bucket";s:6:"weixin";s:15:"qiniu_accesskey";s:40:"WjyRG6dWapiMbnUxkzw0zFpD3yWdpYss0QOD0pX0";s:15:"qiniu_secretkey";s:40:"D0bGgDeJC0O7y4LvLf6mCQwEn5C_dV0OlPNMTjAf";s:12:"qiniu_domain";s:11:"c-r-bon.top";s:9:"mail_smtp";s:11:"smtp.qq.com";s:13:"mail_username";s:10:"pm@cuci.cc";s:9:"mail_port";s:3:"465";s:13:"mail_password";s:9:"Test12345";s:14:"mail_smtp_auth";s:1:"1";s:9:"mail_from";s:10:"pm@cuci.cc";s:14:"mail_from_name";s:21:"楚才API管理中心";s:11:"mail_secure";s:3:"ssl";s:10:"mail_reply";s:16:"zoujingli@qq.com";s:20:"app_baidu_tongji_key";s:10:"7b6503de0e";}' ,datacrc='',expire=0 WHERE `cachekey`='sysconfig' [ RunTime:0.0044s ]
SQL: SELECT `data`,`datacrc` FROM `think_cache` WHERE `cachekey`='sysconfig' AND (`expire` =0 OR `expire`>1545978032) LIMIT 0,1 [ RunTime:0.0022s ]
SQL: SELECT * FROM `wx_sys_config`  [ RunTime:0.0019s ]
SQL: select `cachekey` from `think_cache` where `cachekey`='sysconfig' limit 0,1 [ RunTime:0.0021s ]
SQL: UPDATE think_cache SET data='a:25:{s:9:"site_name";s:16:"乐V微信管理";s:11:"site_domain";s:11:"c-r-bin.top";s:13:"site_keywords";s:0:"";s:9:"site_desc";s:0:"";s:12:"site_contact";s:0:"";s:9:"site_mail";s:0:"";s:7:"site_qq";s:0:"";s:12:"site_company";s:22:"广州乐V有限公司";s:8:"app_name";s:16:"乐V微信管理";s:11:"app_version";s:8:"1.0 beta";s:8:"app_logo";s:25:"glyphicon glyphicon-apple";s:12:"qiniu_bucket";s:6:"weixin";s:15:"qiniu_accesskey";s:40:"WjyRG6dWapiMbnUxkzw0zFpD3yWdpYss0QOD0pX0";s:15:"qiniu_secretkey";s:40:"D0bGgDeJC0O7y4LvLf6mCQwEn5C_dV0OlPNMTjAf";s:12:"qiniu_domain";s:11:"c-r-bon.top";s:9:"mail_smtp";s:11:"smtp.qq.com";s:13:"mail_username";s:10:"pm@cuci.cc";s:9:"mail_port";s:3:"465";s:13:"mail_password";s:9:"Test12345";s:14:"mail_smtp_auth";s:1:"1";s:9:"mail_from";s:10:"pm@cuci.cc";s:14:"mail_from_name";s:21:"楚才API管理中心";s:11:"mail_secure";s:3:"ssl";s:10:"mail_reply";s:16:"zoujingli@qq.com";s:20:"app_baidu_tongji_key";s:10:"7b6503de0e";}' ,datacrc='',expire=0 WHERE `cachekey`='sysconfig' [ RunTime:0.0043s ]
SQL: SELECT `data`,`datacrc` FROM `think_cache` WHERE `cachekey`='sysconfig' AND (`expire` =0 OR `expire`>1545978032) LIMIT 0,1 [ RunTime:0.0022s ]
SQL: SELECT * FROM `wx_sys_config`  [ RunTime:0.0019s ]
SQL: select `cachekey` from `think_cache` where `cachekey`='sysconfig' limit 0,1 [ RunTime:0.0021s ]
SQL: UPDATE think_cache SET data='a:25:{s:9:"site_name";s:16:"乐V微信管理";s:11:"site_domain";s:11:"c-r-bin.top";s:13:"site_keywords";s:0:"";s:9:"site_desc";s:0:"";s:12:"site_contact";s:0:"";s:9:"site_mail";s:0:"";s:7:"site_qq";s:0:"";s:12:"site_company";s:22:"广州乐V有限公司";s:8:"app_name";s:16:"乐V微信管理";s:11:"app_version";s:8:"1.0 beta";s:8:"app_logo";s:25:"glyphicon glyphicon-apple";s:12:"qiniu_bucket";s:6:"weixin";s:15:"qiniu_accesskey";s:40:"WjyRG6dWapiMbnUxkzw0zFpD3yWdpYss0QOD0pX0";s:15:"qiniu_secretkey";s:40:"D0bGgDeJC0O7y4LvLf6mCQwEn5C_dV0OlPNMTjAf";s:12:"qiniu_domain";s:11:"c-r-bon.top";s:9:"mail_smtp";s:11:"smtp.qq.com";s:13:"mail_username";s:10:"pm@cuci.cc";s:9:"mail_port";s:3:"465";s:13:"mail_password";s:9:"Test12345";s:14:"mail_smtp_auth";s:1:"1";s:9:"mail_from";s:10:"pm@cuci.cc";s:14:"mail_from_name";s:21:"楚才API管理中心";s:11:"mail_secure";s:3:"ssl";s:10:"mail_reply";s:16:"zoujingli@qq.com";s:20:"app_baidu_tongji_key";s:10:"7b6503de0e";}' ,datacrc='',expire=0 WHERE `cachekey`='sysconfig' [ RunTime:0.0043s ]
INFO: [ view_parse ] --START--
INFO: [ template_filter ] --START--
INFO: Run Behavior\ContentReplaceBehavior [ RunTime:0.000052s ]
INFO: [ template_filter ] --END-- [ RunTime:0.000083s ]
INFO: Run Behavior\ParseTemplateBehavior [ RunTime:0.001997s ]
INFO: [ view_parse ] --END-- [ RunTime:0.002031s ]
INFO: [ view_filter ] --START--
INFO: Run Behavior\WriteHtmlCacheBehavior [ RunTime:0.000085s ]
INFO: Run Library\Behavior\EmptyImageBehavior [ RunTime:0.000210s ]
INFO: [ view_filter ] --END-- [ RunTime:0.000341s ]
INFO: [ app_end ] --START--
INFO: Run Behavior\ShowPageTraceBehavior [ RunTime:0.000094s ]
INFO: [ app_end ] --END-- [ RunTime:0.000124s ]

[ 2018-12-28T14:20:35+08:00 ] 219.137.50.237 /jonza/index.php/plugin/ueditor.js
SQL: SHOW COLUMNS FROM `wx_app` [ RunTime:0.0027s ]
SQL: SELECT * FROM `wx_app` WHERE `status` = 2 AND ( `id` = null OR `host` = '112.74.177.108' ) LIMIT 1   [ RunTime:0.0023s ]
SQL: SELECT `data`,`datacrc` FROM `think_cache` WHERE `cachekey`='sysconfig' AND (`expire` =0 OR `expire`>1545978035) LIMIT 0,1 [ RunTime:0.0030s ]
SQL: SHOW COLUMNS FROM `wx_sys_config` [ RunTime:0.0026s ]
SQL: SELECT * FROM `wx_sys_config`  [ RunTime:0.0025s ]
SQL: select `cachekey` from `think_cache` where `cachekey`='sysconfig' limit 0,1 [ RunTime:0.0029s ]
SQL: UPDATE think_cache SET data='a:25:{s:9:"site_name";s:16:"乐V微信管理";s:11:"site_domain";s:11:"c-r-bin.top";s:13:"site_keywords";s:0:"";s:9:"site_desc";s:0:"";s:12:"site_contact";s:0:"";s:9:"site_mail";s:0:"";s:7:"site_qq";s:0:"";s:12:"site_company";s:22:"广州乐V有限公司";s:8:"app_name";s:16:"乐V微信管理";s:11:"app_version";s:8:"1.0 beta";s:8:"app_logo";s:25:"glyphicon glyphicon-apple";s:12:"qiniu_bucket";s:6:"weixin";s:15:"qiniu_accesskey";s:40:"WjyRG6dWapiMbnUxkzw0zFpD3yWdpYss0QOD0pX0";s:15:"qiniu_secretkey";s:40:"D0bGgDeJC0O7y4LvLf6mCQwEn5C_dV0OlPNMTjAf";s:12:"qiniu_domain";s:11:"c-r-bon.top";s:9:"mail_smtp";s:11:"smtp.qq.com";s:13:"mail_username";s:10:"pm@cuci.cc";s:9:"mail_port";s:3:"465";s:13:"mail_password";s:9:"Test12345";s:14:"mail_smtp_auth";s:1:"1";s:9:"mail_from";s:10:"pm@cuci.cc";s:14:"mail_from_name";s:21:"楚才API管理中心";s:11:"mail_secure";s:3:"ssl";s:10:"mail_reply";s:16:"zoujingli@qq.com";s:20:"app_baidu_tongji_key";s:10:"7b6503de0e";}' ,datacrc='',expire=0 WHERE `cachekey`='sysconfig' [ RunTime:0.0078s ]
SQL: SELECT `data`,`datacrc` FROM `think_cache` WHERE `cachekey`='sysconfig' AND (`expire` =0 OR `expire`>1545978035) LIMIT 0,1 [ RunTime:0.0029s ]
SQL: SELECT * FROM `wx_sys_config`  [ RunTime:0.0023s ]
SQL: select `cachekey` from `think_cache` where `cachekey`='sysconfig' limit 0,1 [ RunTime:0.0030s ]
SQL: UPDATE think_cache SET data='a:25:{s:9:"site_name";s:16:"乐V微信管理";s:11:"site_domain";s:11:"c-r-bin.top";s:13:"site_keywords";s:0:"";s:9:"site_desc";s:0:"";s:12:"site_contact";s:0:"";s:9:"site_mail";s:0:"";s:7:"site_qq";s:0:"";s:12:"site_company";s:22:"广州乐V有限公司";s:8:"app_name";s:16:"乐V微信管理";s:11:"app_version";s:8:"1.0 beta";s:8:"app_logo";s:25:"glyphicon glyphicon-apple";s:12:"qiniu_bucket";s:6:"weixin";s:15:"qiniu_accesskey";s:40:"WjyRG6dWapiMbnUxkzw0zFpD3yWdpYss0QOD0pX0";s:15:"qiniu_secretkey";s:40:"D0bGgDeJC0O7y4LvLf6mCQwEn5C_dV0OlPNMTjAf";s:12:"qiniu_domain";s:11:"c-r-bon.top";s:9:"mail_smtp";s:11:"smtp.qq.com";s:13:"mail_username";s:10:"pm@cuci.cc";s:9:"mail_port";s:3:"465";s:13:"mail_password";s:9:"Test12345";s:14:"mail_smtp_auth";s:1:"1";s:9:"mail_from";s:10:"pm@cuci.cc";s:14:"mail_from_name";s:21:"楚才API管理中心";s:11:"mail_secure";s:3:"ssl";s:10:"mail_reply";s:16:"zoujingli@qq.com";s:20:"app_baidu_tongji_key";s:10:"7b6503de0e";}' ,datacrc='',expire=0 WHERE `cachekey`='sysconfig' [ RunTime:0.0052s ]
SQL: SELECT `data`,`datacrc` FROM `think_cache` WHERE `cachekey`='sysconfig' AND (`expire` =0 OR `expire`>1545978035) LIMIT 0,1 [ RunTime:0.0029s ]
SQL: SELECT * FROM `wx_sys_config`  [ RunTime:0.0024s ]
SQL: select `cachekey` from `think_cache` where `cachekey`='sysconfig' limit 0,1 [ RunTime:0.0029s ]
SQL: UPDATE think_cache SET data='a:25:{s:9:"site_name";s:16:"乐V微信管理";s:11:"site_domain";s:11:"c-r-bin.top";s:13:"site_keywords";s:0:"";s:9:"site_desc";s:0:"";s:12:"site_contact";s:0:"";s:9:"site_mail";s:0:"";s:7:"site_qq";s:0:"";s:12:"site_company";s:22:"广州乐V有限公司";s:8:"app_name";s:16:"乐V微信管理";s:11:"app_version";s:8:"1.0 beta";s:8:"app_logo";s:25:"glyphicon glyphicon-apple";s:12:"qiniu_bucket";s:6:"weixin";s:15:"qiniu_accesskey";s:40:"WjyRG6dWapiMbnUxkzw0zFpD3yWdpYss0QOD0pX0";s:15:"qiniu_secretkey";s:40:"D0bGgDeJC0O7y4LvLf6mCQwEn5C_dV0OlPNMTjAf";s:12:"qiniu_domain";s:11:"c-r-bon.top";s:9:"mail_smtp";s:11:"smtp.qq.com";s:13:"mail_username";s:10:"pm@cuci.cc";s:9:"mail_port";s:3:"465";s:13:"mail_password";s:9:"Test12345";s:14:"mail_smtp_auth";s:1:"1";s:9:"mail_from";s:10:"pm@cuci.cc";s:14:"mail_from_name";s:21:"楚才API管理中心";s:11:"mail_secure";s:3:"ssl";s:10:"mail_reply";s:16:"zoujingli@qq.com";s:20:"app_baidu_tongji_key";s:10:"7b6503de0e";}' ,datacrc='',expire=0 WHERE `cachekey`='sysconfig' [ RunTime:0.0067s ]
SQL: SELECT `data`,`datacrc` FROM `think_cache` WHERE `cachekey`='sysconfig' AND (`expire` =0 OR `expire`>1545978035) LIMIT 0,1 [ RunTime:0.0029s ]
SQL: SELECT * FROM `wx_sys_config`  [ RunTime:0.0024s ]
SQL: select `cachekey` from `think_cache` where `cachekey`='sysconfig' limit 0,1 [ RunTime:0.0029s ]
SQL: UPDATE think_cache SET data='a:25:{s:9:"site_name";s:16:"乐V微信管理";s:11:"site_domain";s:11:"c-r-bin.top";s:13:"site_keywords";s:0:"";s:9:"site_desc";s:0:"";s:12:"site_contact";s:0:"";s:9:"site_mail";s:0:"";s:7:"site_qq";s:0:"";s:12:"site_company";s:22:"广州乐V有限公司";s:8:"app_name";s:16:"乐V微信管理";s:11:"app_version";s:8:"1.0 beta";s:8:"app_logo";s:25:"glyphicon glyphicon-apple";s:12:"qiniu_bucket";s:6:"weixin";s:15:"qiniu_accesskey";s:40:"WjyRG6dWapiMbnUxkzw0zFpD3yWdpYss0QOD0pX0";s:15:"qiniu_secretkey";s:40:"D0bGgDeJC0O7y4LvLf6mCQwEn5C_dV0OlPNMTjAf";s:12:"qiniu_domain";s:11:"c-r-bon.top";s:9:"mail_smtp";s:11:"smtp.qq.com";s:13:"mail_username";s:10:"pm@cuci.cc";s:9:"mail_port";s:3:"465";s:13:"mail_password";s:9:"Test12345";s:14:"mail_smtp_auth";s:1:"1";s:9:"mail_from";s:10:"pm@cuci.cc";s:14:"mail_from_name";s:21:"楚才API管理中心";s:11:"mail_secure";s:3:"ssl";s:10:"mail_reply";s:16:"zoujingli@qq.com";s:20:"app_baidu_tongji_key";s:10:"7b6503de0e";}' ,datacrc='',expire=0 WHERE `cachekey`='sysconfig' [ RunTime:0.0054s ]
INFO: [ view_parse ] --START--
INFO: [ template_filter ] --START--
INFO: Run Behavior\ContentReplaceBehavior [ RunTime:0.000053s ]
INFO: [ template_filter ] --END-- [ RunTime:0.000083s ]
INFO: Run Behavior\ParseTemplateBehavior [ RunTime:0.002067s ]
INFO: [ view_parse ] --END-- [ RunTime:0.002109s ]
INFO: [ view_filter ] --START--
INFO: Run Behavior\WriteHtmlCacheBehavior [ RunTime:0.000086s ]
INFO: Run Library\Behavior\EmptyImageBehavior [ RunTime:0.000225s ]
INFO: [ view_filter ] --END-- [ RunTime:0.000363s ]
INFO: [ app_end ] --START--
INFO: Run Behavior\ShowPageTraceBehavior [ RunTime:0.000090s ]
INFO: [ app_end ] --END-- [ RunTime:0.000114s ]

[ 2018-12-28T14:20:35+08:00 ] 219.137.50.237 /jonza/index.php/plugin/ueditor/server.js?token=fqilrLJ1eaeBdKTYg3hudA&action=config&&noCache=1545978037091
INFO: [ app_end ] --START--
INFO: Run Behavior\ShowPageTraceBehavior [ RunTime:0.000083s ]
INFO: [ app_end ] --END-- [ RunTime:0.000133s ]

[ 2018-12-28T14:20:36+08:00 ] 219.137.50.237 /jonza/index.php/plugin/ueditor.js
SQL: SHOW COLUMNS FROM `wx_app` [ RunTime:0.0020s ]
SQL: SELECT * FROM `wx_app` WHERE `status` = 2 AND ( `id` = null OR `host` = '112.74.177.108' ) LIMIT 1   [ RunTime:0.0016s ]
SQL: SELECT `data`,`datacrc` FROM `think_cache` WHERE `cachekey`='sysconfig' AND (`expire` =0 OR `expire`>1545978036) LIMIT 0,1 [ RunTime:0.0022s ]
SQL: SHOW COLUMNS FROM `wx_sys_config` [ RunTime:0.0029s ]
SQL: SELECT * FROM `wx_sys_config`  [ RunTime:0.0017s ]
SQL: select `cachekey` from `think_cache` where `cachekey`='sysconfig' limit 0,1 [ RunTime:0.0021s ]
SQL: UPDATE think_cache SET data='a:25:{s:9:"site_name";s:16:"乐V微信管理";s:11:"site_domain";s:11:"c-r-bin.top";s:13:"site_keywords";s:0:"";s:9:"site_desc";s:0:"";s:12:"site_contact";s:0:"";s:9:"site_mail";s:0:"";s:7:"site_qq";s:0:"";s:12:"site_company";s:22:"广州乐V有限公司";s:8:"app_name";s:16:"乐V微信管理";s:11:"app_version";s:8:"1.0 beta";s:8:"app_logo";s:25:"glyphicon glyphicon-apple";s:12:"qiniu_bucket";s:6:"weixin";s:15:"qiniu_accesskey";s:40:"WjyRG6dWapiMbnUxkzw0zFpD3yWdpYss0QOD0pX0";s:15:"qiniu_secretkey";s:40:"D0bGgDeJC0O7y4LvLf6mCQwEn5C_dV0OlPNMTjAf";s:12:"qiniu_domain";s:11:"c-r-bon.top";s:9:"mail_smtp";s:11:"smtp.qq.com";s:13:"mail_username";s:10:"pm@cuci.cc";s:9:"mail_port";s:3:"465";s:13:"mail_password";s:9:"Test12345";s:14:"mail_smtp_auth";s:1:"1";s:9:"mail_from";s:10:"pm@cuci.cc";s:14:"mail_from_name";s:21:"楚才API管理中心";s:11:"mail_secure";s:3:"ssl";s:10:"mail_reply";s:16:"zoujingli@qq.com";s:20:"app_baidu_tongji_key";s:10:"7b6503de0e";}' ,datacrc='',expire=0 WHERE `cachekey`='sysconfig' [ RunTime:0.0229s ]
SQL: SELECT `data`,`datacrc` FROM `think_cache` WHERE `cachekey`='sysconfig' AND (`expire` =0 OR `expire`>1545978036) LIMIT 0,1 [ RunTime:0.0022s ]
SQL: SELECT * FROM `wx_sys_config`  [ RunTime:0.0017s ]
SQL: select `cachekey` from `think_cache` where `cachekey`='sysconfig' limit 0,1 [ RunTime:0.0021s ]
SQL: UPDATE think_cache SET data='a:25:{s:9:"site_name";s:16:"乐V微信管理";s:11:"site_domain";s:11:"c-r-bin.top";s:13:"site_keywords";s:0:"";s:9:"site_desc";s:0:"";s:12:"site_contact";s:0:"";s:9:"site_mail";s:0:"";s:7:"site_qq";s:0:"";s:12:"site_company";s:22:"广州乐V有限公司";s:8:"app_name";s:16:"乐V微信管理";s:11:"app_version";s:8:"1.0 beta";s:8:"app_logo";s:25:"glyphicon glyphicon-apple";s:12:"qiniu_bucket";s:6:"weixin";s:15:"qiniu_accesskey";s:40:"WjyRG6dWapiMbnUxkzw0zFpD3yWdpYss0QOD0pX0";s:15:"qiniu_secretkey";s:40:"D0bGgDeJC0O7y4LvLf6mCQwEn5C_dV0OlPNMTjAf";s:12:"qiniu_domain";s:11:"c-r-bon.top";s:9:"mail_smtp";s:11:"smtp.qq.com";s:13:"mail_username";s:10:"pm@cuci.cc";s:9:"mail_port";s:3:"465";s:13:"mail_password";s:9:"Test12345";s:14:"mail_smtp_auth";s:1:"1";s:9:"mail_from";s:10:"pm@cuci.cc";s:14:"mail_from_name";s:21:"楚才API管理中心";s:11:"mail_secure";s:3:"ssl";s:10:"mail_reply";s:16:"zoujingli@qq.com";s:20:"app_baidu_tongji_key";s:10:"7b6503de0e";}' ,datacrc='',expire=0 WHERE `cachekey`='sysconfig' [ RunTime:0.0053s ]
SQL: SELECT `data`,`datacrc` FROM `think_cache` WHERE `cachekey`='sysconfig' AND (`expire` =0 OR `expire`>1545978036) LIMIT 0,1 [ RunTime:0.0021s ]
SQL: SELECT * FROM `wx_sys_config`  [ RunTime:0.0017s ]
SQL: select `cachekey` from `think_cache` where `cachekey`='sysconfig' limit 0,1 [ RunTime:0.0020s ]
SQL: UPDATE think_cache SET data='a:25:{s:9:"site_name";s:16:"乐V微信管理";s:11:"site_domain";s:11:"c-r-bin.top";s:13:"site_keywords";s:0:"";s:9:"site_desc";s:0:"";s:12:"site_contact";s:0:"";s:9:"site_mail";s:0:"";s:7:"site_qq";s:0:"";s:12:"site_company";s:22:"广州乐V有限公司";s:8:"app_name";s:16:"乐V微信管理";s:11:"app_version";s:8:"1.0 beta";s:8:"app_logo";s:25:"glyphicon glyphicon-apple";s:12:"qiniu_bucket";s:6:"weixin";s:15:"qiniu_accesskey";s:40:"WjyRG6dWapiMbnUxkzw0zFpD3yWdpYss0QOD0pX0";s:15:"qiniu_secretkey";s:40:"D0bGgDeJC0O7y4LvLf6mCQwEn5C_dV0OlPNMTjAf";s:12:"qiniu_domain";s:11:"c-r-bon.top";s:9:"mail_smtp";s:11:"smtp.qq.com";s:13:"mail_username";s:10:"pm@cuci.cc";s:9:"mail_port";s:3:"465";s:13:"mail_password";s:9:"Test12345";s:14:"mail_smtp_auth";s:1:"1";s:9:"mail_from";s:10:"pm@cuci.cc";s:14:"mail_from_name";s:21:"楚才API管理中心";s:11:"mail_secure";s:3:"ssl";s:10:"mail_reply";s:16:"zoujingli@qq.com";s:20:"app_baidu_tongji_key";s:10:"7b6503de0e";}' ,datacrc='',expire=0 WHERE `cachekey`='sysconfig' [ RunTime:0.0046s ]
SQL: SELECT `data`,`datacrc` FROM `think_cache` WHERE `cachekey`='sysconfig' AND (`expire` =0 OR `expire`>1545978036) LIMIT 0,1 [ RunTime:0.0022s ]
SQL: SELECT * FROM `wx_sys_config`  [ RunTime:0.0017s ]
SQL: select `cachekey` from `think_cache` where `cachekey`='sysconfig' limit 0,1 [ RunTime:0.0021s ]
SQL: UPDATE think_cache SET data='a:25:{s:9:"site_name";s:16:"乐V微信管理";s:11:"site_domain";s:11:"c-r-bin.top";s:13:"site_keywords";s:0:"";s:9:"site_desc";s:0:"";s:12:"site_contact";s:0:"";s:9:"site_mail";s:0:"";s:7:"site_qq";s:0:"";s:12:"site_company";s:22:"广州乐V有限公司";s:8:"app_name";s:16:"乐V微信管理";s:11:"app_version";s:8:"1.0 beta";s:8:"app_logo";s:25:"glyphicon glyphicon-apple";s:12:"qiniu_bucket";s:6:"weixin";s:15:"qiniu_accesskey";s:40:"WjyRG6dWapiMbnUxkzw0zFpD3yWdpYss0QOD0pX0";s:15:"qiniu_secretkey";s:40:"D0bGgDeJC0O7y4LvLf6mCQwEn5C_dV0OlPNMTjAf";s:12:"qiniu_domain";s:11:"c-r-bon.top";s:9:"mail_smtp";s:11:"smtp.qq.com";s:13:"mail_username";s:10:"pm@cuci.cc";s:9:"mail_port";s:3:"465";s:13:"mail_password";s:9:"Test12345";s:14:"mail_smtp_auth";s:1:"1";s:9:"mail_from";s:10:"pm@cuci.cc";s:14:"mail_from_name";s:21:"楚才API管理中心";s:11:"mail_secure";s:3:"ssl";s:10:"mail_reply";s:16:"zoujingli@qq.com";s:20:"app_baidu_tongji_key";s:10:"7b6503de0e";}' ,datacrc='',expire=0 WHERE `cachekey`='sysconfig' [ RunTime:0.0143s ]
INFO: [ view_parse ] --START--
INFO: [ template_filter ] --START--
INFO: Run Behavior\ContentReplaceBehavior [ RunTime:0.000058s ]
INFO: [ template_filter ] --END-- [ RunTime:0.000083s ]
INFO: Run Behavior\ParseTemplateBehavior [ RunTime:0.001815s ]
INFO: [ view_parse ] --END-- [ RunTime:0.001846s ]
INFO: [ view_filter ] --START--
INFO: Run Behavior\WriteHtmlCacheBehavior [ RunTime:0.000089s ]
INFO: Run Library\Behavior\EmptyImageBehavior [ RunTime:0.000212s ]
INFO: [ view_filter ] --END-- [ RunTime:0.000330s ]
INFO: [ app_end ] --START--
INFO: Run Behavior\ShowPageTraceBehavior [ RunTime:0.000079s ]
INFO: [ app_end ] --END-- [ RunTime:0.000096s ]

[ 2018-12-28T14:20:38+08:00 ] 219.137.50.237 /jonza/index.php/plugin/ueditor.js
SQL: SHOW COLUMNS FROM `wx_app` [ RunTime:0.0030s ]
SQL: SELECT * FROM `wx_app` WHERE `status` = 2 AND ( `id` = null OR `host` = '112.74.177.108' ) LIMIT 1   [ RunTime:0.0026s ]
SQL: SELECT `data`,`datacrc` FROM `think_cache` WHERE `cachekey`='sysconfig' AND (`expire` =0 OR `expire`>1545978038) LIMIT 0,1 [ RunTime:0.0023s ]
SQL: SHOW COLUMNS FROM `wx_sys_config` [ RunTime:0.0029s ]
SQL: SELECT * FROM `wx_sys_config`  [ RunTime:0.0027s ]
SQL: select `cachekey` from `think_cache` where `cachekey`='sysconfig' limit 0,1 [ RunTime:0.0022s ]
SQL: UPDATE think_cache SET data='a:25:{s:9:"site_name";s:16:"乐V微信管理";s:11:"site_domain";s:11:"c-r-bin.top";s:13:"site_keywords";s:0:"";s:9:"site_desc";s:0:"";s:12:"site_contact";s:0:"";s:9:"site_mail";s:0:"";s:7:"site_qq";s:0:"";s:12:"site_company";s:22:"广州乐V有限公司";s:8:"app_name";s:16:"乐V微信管理";s:11:"app_version";s:8:"1.0 beta";s:8:"app_logo";s:25:"glyphicon glyphicon-apple";s:12:"qiniu_bucket";s:6:"weixin";s:15:"qiniu_accesskey";s:40:"WjyRG6dWapiMbnUxkzw0zFpD3yWdpYss0QOD0pX0";s:15:"qiniu_secretkey";s:40:"D0bGgDeJC0O7y4LvLf6mCQwEn5C_dV0OlPNMTjAf";s:12:"qiniu_domain";s:11:"c-r-bon.top";s:9:"mail_smtp";s:11:"smtp.qq.com";s:13:"mail_username";s:10:"pm@cuci.cc";s:9:"mail_port";s:3:"465";s:13:"mail_password";s:9:"Test12345";s:14:"mail_smtp_auth";s:1:"1";s:9:"mail_from";s:10:"pm@cuci.cc";s:14:"mail_from_name";s:21:"楚才API管理中心";s:11:"mail_secure";s:3:"ssl";s:10:"mail_reply";s:16:"zoujingli@qq.com";s:20:"app_baidu_tongji_key";s:10:"7b6503de0e";}' ,datacrc='',expire=0 WHERE `cachekey`='sysconfig' [ RunTime:0.0045s ]
SQL: SELECT `data`,`datacrc` FROM `think_cache` WHERE `cachekey`='sysconfig' AND (`expire` =0 OR `expire`>1545978038) LIMIT 0,1 [ RunTime:0.0022s ]
SQL: SELECT * FROM `wx_sys_config`  [ RunTime:0.0026s ]
SQL: select `cachekey` from `think_cache` where `cachekey`='sysconfig' limit 0,1 [ RunTime:0.0021s ]
SQL: UPDATE think_cache SET data='a:25:{s:9:"site_name";s:16:"乐V微信管理";s:11:"site_domain";s:11:"c-r-bin.top";s:13:"site_keywords";s:0:"";s:9:"site_desc";s:0:"";s:12:"site_contact";s:0:"";s:9:"site_mail";s:0:"";s:7:"site_qq";s:0:"";s:12:"site_company";s:22:"广州乐V有限公司";s:8:"app_name";s:16:"乐V微信管理";s:11:"app_version";s:8:"1.0 beta";s:8:"app_logo";s:25:"glyphicon glyphicon-apple";s:12:"qiniu_bucket";s:6:"weixin";s:15:"qiniu_accesskey";s:40:"WjyRG6dWapiMbnUxkzw0zFpD3yWdpYss0QOD0pX0";s:15:"qiniu_secretkey";s:40:"D0bGgDeJC0O7y4LvLf6mCQwEn5C_dV0OlPNMTjAf";s:12:"qiniu_domain";s:11:"c-r-bon.top";s:9:"mail_smtp";s:11:"smtp.qq.com";s:13:"mail_username";s:10:"pm@cuci.cc";s:9:"mail_port";s:3:"465";s:13:"mail_password";s:9:"Test12345";s:14:"mail_smtp_auth";s:1:"1";s:9:"mail_from";s:10:"pm@cuci.cc";s:14:"mail_from_name";s:21:"楚才API管理中心";s:11:"mail_secure";s:3:"ssl";s:10:"mail_reply";s:16:"zoujingli@qq.com";s:20:"app_baidu_tongji_key";s:10:"7b6503de0e";}' ,datacrc='',expire=0 WHERE `cachekey`='sysconfig' [ RunTime:0.0041s ]
SQL: SELECT `data`,`datacrc` FROM `think_cache` WHERE `cachekey`='sysconfig' AND (`expire` =0 OR `expire`>1545978038) LIMIT 0,1 [ RunTime:0.0022s ]
SQL: SELECT * FROM `wx_sys_config`  [ RunTime:0.0026s ]
SQL: select `cachekey` from `think_cache` where `cachekey`='sysconfig' limit 0,1 [ RunTime:0.0022s ]
SQL: UPDATE think_cache SET data='a:25:{s:9:"site_name";s:16:"乐V微信管理";s:11:"site_domain";s:11:"c-r-bin.top";s:13:"site_keywords";s:0:"";s:9:"site_desc";s:0:"";s:12:"site_contact";s:0:"";s:9:"site_mail";s:0:"";s:7:"site_qq";s:0:"";s:12:"site_company";s:22:"广州乐V有限公司";s:8:"app_name";s:16:"乐V微信管理";s:11:"app_version";s:8:"1.0 beta";s:8:"app_logo";s:25:"glyphicon glyphicon-apple";s:12:"qiniu_bucket";s:6:"weixin";s:15:"qiniu_accesskey";s:40:"WjyRG6dWapiMbnUxkzw0zFpD3yWdpYss0QOD0pX0";s:15:"qiniu_secretkey";s:40:"D0bGgDeJC0O7y4LvLf6mCQwEn5C_dV0OlPNMTjAf";s:12:"qiniu_domain";s:11:"c-r-bon.top";s:9:"mail_smtp";s:11:"smtp.qq.com";s:13:"mail_username";s:10:"pm@cuci.cc";s:9:"mail_port";s:3:"465";s:13:"mail_password";s:9:"Test12345";s:14:"mail_smtp_auth";s:1:"1";s:9:"mail_from";s:10:"pm@cuci.cc";s:14:"mail_from_name";s:21:"楚才API管理中心";s:11:"mail_secure";s:3:"ssl";s:10:"mail_reply";s:16:"zoujingli@qq.com";s:20:"app_baidu_tongji_key";s:10:"7b6503de0e";}' ,datacrc='',expire=0 WHERE `cachekey`='sysconfig' [ RunTime:0.0041s ]
SQL: SELECT `data`,`datacrc` FROM `think_cache` WHERE `cachekey`='sysconfig' AND (`expire` =0 OR `expire`>1545978038) LIMIT 0,1 [ RunTime:0.0022s ]
SQL: SELECT * FROM `wx_sys_config`  [ RunTime:0.0026s ]
SQL: select `cachekey` from `think_cache` where `cachekey`='sysconfig' limit 0,1 [ RunTime:0.0021s ]
SQL: UPDATE think_cache SET data='a:25:{s:9:"site_name";s:16:"乐V微信管理";s:11:"site_domain";s:11:"c-r-bin.top";s:13:"site_keywords";s:0:"";s:9:"site_desc";s:0:"";s:12:"site_contact";s:0:"";s:9:"site_mail";s:0:"";s:7:"site_qq";s:0:"";s:12:"site_company";s:22:"广州乐V有限公司";s:8:"app_name";s:16:"乐V微信管理";s:11:"app_version";s:8:"1.0 beta";s:8:"app_logo";s:25:"glyphicon glyphicon-apple";s:12:"qiniu_bucket";s:6:"weixin";s:15:"qiniu_accesskey";s:40:"WjyRG6dWapiMbnUxkzw0zFpD3yWdpYss0QOD0pX0";s:15:"qiniu_secretkey";s:40:"D0bGgDeJC0O7y4LvLf6mCQwEn5C_dV0OlPNMTjAf";s:12:"qiniu_domain";s:11:"c-r-bon.top";s:9:"mail_smtp";s:11:"smtp.qq.com";s:13:"mail_username";s:10:"pm@cuci.cc";s:9:"mail_port";s:3:"465";s:13:"mail_password";s:9:"Test12345";s:14:"mail_smtp_auth";s:1:"1";s:9:"mail_from";s:10:"pm@cuci.cc";s:14:"mail_from_name";s:21:"楚才API管理中心";s:11:"mail_secure";s:3:"ssl";s:10:"mail_reply";s:16:"zoujingli@qq.com";s:20:"app_baidu_tongji_key";s:10:"7b6503de0e";}' ,datacrc='',expire=0 WHERE `cachekey`='sysconfig' [ RunTime:0.0066s ]
INFO: [ view_parse ] --START--
INFO: [ template_filter ] --START--
INFO: Run Behavior\ContentReplaceBehavior [ RunTime:0.000052s ]
INFO: [ template_filter ] --END-- [ RunTime:0.000081s ]
INFO: Run Behavior\ParseTemplateBehavior [ RunTime:0.001912s ]
INFO: [ view_parse ] --END-- [ RunTime:0.001946s ]
INFO: [ view_filter ] --START--
INFO: Run Behavior\WriteHtmlCacheBehavior [ RunTime:0.000084s ]
INFO: Run Library\Behavior\EmptyImageBehavior [ RunTime:0.000241s ]
INFO: [ view_filter ] --END-- [ RunTime:0.000362s ]
INFO: [ app_end ] --START--
INFO: Run Behavior\ShowPageTraceBehavior [ RunTime:0.000084s ]
INFO: [ app_end ] --END-- [ RunTime:0.000105s ]

[ 2018-12-28T14:20:39+08:00 ] 219.137.50.237 /jonza/index.php/plugin/ueditor/server.js?token=fqilrLJ1eaeBdKTYg3hudA&action=config&&noCache=1545978040669
INFO: [ app_end ] --START--
INFO: Run Behavior\ShowPageTraceBehavior [ RunTime:0.000104s ]
INFO: [ app_end ] --END-- [ RunTime:0.000196s ]

[ 2018-12-28T14:20:44+08:00 ] 219.137.50.237 /jonza/index.php/plugin/ueditor.js
SQL: SHOW COLUMNS FROM `wx_app` [ RunTime:0.0030s ]
SQL: SELECT * FROM `wx_app` WHERE `status` = 2 AND ( `id` = null OR `host` = '112.74.177.108' ) LIMIT 1   [ RunTime:0.0026s ]
SQL: SELECT `data`,`datacrc` FROM `think_cache` WHERE `cachekey`='sysconfig' AND (`expire` =0 OR `expire`>1545978044) LIMIT 0,1 [ RunTime:0.0027s ]
SQL: SHOW COLUMNS FROM `wx_sys_config` [ RunTime:0.0028s ]
SQL: SELECT * FROM `wx_sys_config`  [ RunTime:0.0027s ]
SQL: select `cachekey` from `think_cache` where `cachekey`='sysconfig' limit 0,1 [ RunTime:0.0026s ]
SQL: UPDATE think_cache SET data='a:25:{s:9:"site_name";s:16:"乐V微信管理";s:11:"site_domain";s:11:"c-r-bin.top";s:13:"site_keywords";s:0:"";s:9:"site_desc";s:0:"";s:12:"site_contact";s:0:"";s:9:"site_mail";s:0:"";s:7:"site_qq";s:0:"";s:12:"site_company";s:22:"广州乐V有限公司";s:8:"app_name";s:16:"乐V微信管理";s:11:"app_version";s:8:"1.0 beta";s:8:"app_logo";s:25:"glyphicon glyphicon-apple";s:12:"qiniu_bucket";s:6:"weixin";s:15:"qiniu_accesskey";s:40:"WjyRG6dWapiMbnUxkzw0zFpD3yWdpYss0QOD0pX0";s:15:"qiniu_secretkey";s:40:"D0bGgDeJC0O7y4LvLf6mCQwEn5C_dV0OlPNMTjAf";s:12:"qiniu_domain";s:11:"c-r-bon.top";s:9:"mail_smtp";s:11:"smtp.qq.com";s:13:"mail_username";s:10:"pm@cuci.cc";s:9:"mail_port";s:3:"465";s:13:"mail_password";s:9:"Test12345";s:14:"mail_smtp_auth";s:1:"1";s:9:"mail_from";s:10:"pm@cuci.cc";s:14:"mail_from_name";s:21:"楚才API管理中心";s:11:"mail_secure";s:3:"ssl";s:10:"mail_reply";s:16:"zoujingli@qq.com";s:20:"app_baidu_tongji_key";s:10:"7b6503de0e";}' ,datacrc='',expire=0 WHERE `cachekey`='sysconfig' [ RunTime:0.0051s ]
SQL: SELECT `data`,`datacrc` FROM `think_cache` WHERE `cachekey`='sysconfig' AND (`expire` =0 OR `expire`>1545978044) LIMIT 0,1 [ RunTime:0.0026s ]
SQL: SELECT * FROM `wx_sys_config`  [ RunTime:0.0026s ]
SQL: select `cachekey` from `think_cache` where `cachekey`='sysconfig' limit 0,1 [ RunTime:0.0025s ]
SQL: UPDATE think_cache SET data='a:25:{s:9:"site_name";s:16:"乐V微信管理";s:11:"site_domain";s:11:"c-r-bin.top";s:13:"site_keywords";s:0:"";s:9:"site_desc";s:0:"";s:12:"site_contact";s:0:"";s:9:"site_mail";s:0:"";s:7:"site_qq";s:0:"";s:12:"site_company";s:22:"广州乐V有限公司";s:8:"app_name";s:16:"乐V微信管理";s:11:"app_version";s:8:"1.0 beta";s:8:"app_logo";s:25:"glyphicon glyphicon-apple";s:12:"qiniu_bucket";s:6:"weixin";s:15:"qiniu_accesskey";s:40:"WjyRG6dWapiMbnUxkzw0zFpD3yWdpYss0QOD0pX0";s:15:"qiniu_secretkey";s:40:"D0bGgDeJC0O7y4LvLf6mCQwEn5C_dV0OlPNMTjAf";s:12:"qiniu_domain";s:11:"c-r-bon.top";s:9:"mail_smtp";s:11:"smtp.qq.com";s:13:"mail_username";s:10:"pm@cuci.cc";s:9:"mail_port";s:3:"465";s:13:"mail_password";s:9:"Test12345";s:14:"mail_smtp_auth";s:1:"1";s:9:"mail_from";s:10:"pm@cuci.cc";s:14:"mail_from_name";s:21:"楚才API管理中心";s:11:"mail_secure";s:3:"ssl";s:10:"mail_reply";s:16:"zoujingli@qq.com";s:20:"app_baidu_tongji_key";s:10:"7b6503de0e";}' ,datacrc='',expire=0 WHERE `cachekey`='sysconfig' [ RunTime:0.0046s ]
SQL: SELECT `data`,`datacrc` FROM `think_cache` WHERE `cachekey`='sysconfig' AND (`expire` =0 OR `expire`>1545978044) LIMIT 0,1 [ RunTime:0.0026s ]
SQL: SELECT * FROM `wx_sys_config`  [ RunTime:0.0026s ]
SQL: select `cachekey` from `think_cache` where `cachekey`='sysconfig' limit 0,1 [ RunTime:0.0025s ]
SQL: UPDATE think_cache SET data='a:25:{s:9:"site_name";s:16:"乐V微信管理";s:11:"site_domain";s:11:"c-r-bin.top";s:13:"site_keywords";s:0:"";s:9:"site_desc";s:0:"";s:12:"site_contact";s:0:"";s:9:"site_mail";s:0:"";s:7:"site_qq";s:0:"";s:12:"site_company";s:22:"广州乐V有限公司";s:8:"app_name";s:16:"乐V微信管理";s:11:"app_version";s:8:"1.0 beta";s:8:"app_logo";s:25:"glyphicon glyphicon-apple";s:12:"qiniu_bucket";s:6:"weixin";s:15:"qiniu_accesskey";s:40:"WjyRG6dWapiMbnUxkzw0zFpD3yWdpYss0QOD0pX0";s:15:"qiniu_secretkey";s:40:"D0bGgDeJC0O7y4LvLf6mCQwEn5C_dV0OlPNMTjAf";s:12:"qiniu_domain";s:11:"c-r-bon.top";s:9:"mail_smtp";s:11:"smtp.qq.com";s:13:"mail_username";s:10:"pm@cuci.cc";s:9:"mail_port";s:3:"465";s:13:"mail_password";s:9:"Test12345";s:14:"mail_smtp_auth";s:1:"1";s:9:"mail_from";s:10:"pm@cuci.cc";s:14:"mail_from_name";s:21:"楚才API管理中心";s:11:"mail_secure";s:3:"ssl";s:10:"mail_reply";s:16:"zoujingli@qq.com";s:20:"app_baidu_tongji_key";s:10:"7b6503de0e";}' ,datacrc='',expire=0 WHERE `cachekey`='sysconfig' [ RunTime:0.0045s ]
SQL: SELECT `data`,`datacrc` FROM `think_cache` WHERE `cachekey`='sysconfig' AND (`expire` =0 OR `expire`>1545978044) LIMIT 0,1 [ RunTime:0.0026s ]
SQL: SELECT * FROM `wx_sys_config`  [ RunTime:0.0026s ]
SQL: select `cachekey` from `think_cache` where `cachekey`='sysconfig' limit 0,1 [ RunTime:0.0026s ]
SQL: UPDATE think_cache SET data='a:25:{s:9:"site_name";s:16:"乐V微信管理";s:11:"site_domain";s:11:"c-r-bin.top";s:13:"site_keywords";s:0:"";s:9:"site_desc";s:0:"";s:12:"site_contact";s:0:"";s:9:"site_mail";s:0:"";s:7:"site_qq";s:0:"";s:12:"site_company";s:22:"广州乐V有限公司";s:8:"app_name";s:16:"乐V微信管理";s:11:"app_version";s:8:"1.0 beta";s:8:"app_logo";s:25:"glyphicon glyphicon-apple";s:12:"qiniu_bucket";s:6:"weixin";s:15:"qiniu_accesskey";s:40:"WjyRG6dWapiMbnUxkzw0zFpD3yWdpYss0QOD0pX0";s:15:"qiniu_secretkey";s:40:"D0bGgDeJC0O7y4LvLf6mCQwEn5C_dV0OlPNMTjAf";s:12:"qiniu_domain";s:11:"c-r-bon.top";s:9:"mail_smtp";s:11:"smtp.qq.com";s:13:"mail_username";s:10:"pm@cuci.cc";s:9:"mail_port";s:3:"465";s:13:"mail_password";s:9:"Test12345";s:14:"mail_smtp_auth";s:1:"1";s:9:"mail_from";s:10:"pm@cuci.cc";s:14:"mail_from_name";s:21:"楚才API管理中心";s:11:"mail_secure";s:3:"ssl";s:10:"mail_reply";s:16:"zoujingli@qq.com";s:20:"app_baidu_tongji_key";s:10:"7b6503de0e";}' ,datacrc='',expire=0 WHERE `cachekey`='sysconfig' [ RunTime:0.0046s ]
INFO: [ view_parse ] --START--
INFO: [ template_filter ] --START--
INFO: Run Behavior\ContentReplaceBehavior [ RunTime:0.000061s ]
INFO: [ template_filter ] --END-- [ RunTime:0.000091s ]
INFO: Run Behavior\ParseTemplateBehavior [ RunTime:0.002822s ]
INFO: [ view_parse ] --END-- [ RunTime:0.002860s ]
INFO: [ view_filter ] --START--
INFO: Run Behavior\WriteHtmlCacheBehavior [ RunTime:0.000087s ]
INFO: Run Library\Behavior\EmptyImageBehavior [ RunTime:0.000232s ]
INFO: [ view_filter ] --END-- [ RunTime:0.000356s ]
INFO: [ app_end ] --START--
INFO: Run Behavior\ShowPageTraceBehavior [ RunTime:0.000115s ]
INFO: [ app_end ] --END-- [ RunTime:0.000141s ]

[ 2018-12-28T14:20:44+08:00 ] 219.137.50.237 /jonza/index.php/plugin/ueditor/server.js?token=fqilrLJ1eaeBdKTYg3hudA&action=config&&noCache=1545978046027
INFO: [ app_end ] --START--
INFO: Run Behavior\ShowPageTraceBehavior [ RunTime:0.000087s ]
INFO: [ app_end ] --END-- [ RunTime:0.000133s ]

[ 2018-12-28T14:21:19+08:00 ] 180.163.220.5 /jonza/index.php/plugin/ueditor.js
SQL: SHOW COLUMNS FROM `wx_app` [ RunTime:0.0031s ]
SQL: SELECT * FROM `wx_app` WHERE `status` = 2 AND ( `id` = null OR `host` = '112.74.177.108' ) LIMIT 1   [ RunTime:0.0027s ]
SQL: SELECT `data`,`datacrc` FROM `think_cache` WHERE `cachekey`='sysconfig' AND (`expire` =0 OR `expire`>1545978078) LIMIT 0,1 [ RunTime:0.0031s ]
SQL: SHOW COLUMNS FROM `wx_sys_config` [ RunTime:0.0031s ]
SQL: SELECT * FROM `wx_sys_config`  [ RunTime:0.0028s ]
SQL: select `cachekey` from `think_cache` where `cachekey`='sysconfig' limit 0,1 [ RunTime:0.0030s ]
SQL: UPDATE think_cache SET data='a:25:{s:9:"site_name";s:16:"乐V微信管理";s:11:"site_domain";s:11:"c-r-bin.top";s:13:"site_keywords";s:0:"";s:9:"site_desc";s:0:"";s:12:"site_contact";s:0:"";s:9:"site_mail";s:0:"";s:7:"site_qq";s:0:"";s:12:"site_company";s:22:"广州乐V有限公司";s:8:"app_name";s:16:"乐V微信管理";s:11:"app_version";s:8:"1.0 beta";s:8:"app_logo";s:25:"glyphicon glyphicon-apple";s:12:"qiniu_bucket";s:6:"weixin";s:15:"qiniu_accesskey";s:40:"WjyRG6dWapiMbnUxkzw0zFpD3yWdpYss0QOD0pX0";s:15:"qiniu_secretkey";s:40:"D0bGgDeJC0O7y4LvLf6mCQwEn5C_dV0OlPNMTjAf";s:12:"qiniu_domain";s:11:"c-r-bon.top";s:9:"mail_smtp";s:11:"smtp.qq.com";s:13:"mail_username";s:10:"pm@cuci.cc";s:9:"mail_port";s:3:"465";s:13:"mail_password";s:9:"Test12345";s:14:"mail_smtp_auth";s:1:"1";s:9:"mail_from";s:10:"pm@cuci.cc";s:14:"mail_from_name";s:21:"楚才API管理中心";s:11:"mail_secure";s:3:"ssl";s:10:"mail_reply";s:16:"zoujingli@qq.com";s:20:"app_baidu_tongji_key";s:10:"7b6503de0e";}' ,datacrc='',expire=0 WHERE `cachekey`='sysconfig' [ RunTime:0.0055s ]
SQL: SELECT `data`,`datacrc` FROM `think_cache` WHERE `cachekey`='sysconfig' AND (`expire` =0 OR `expire`>1545978078) LIMIT 0,1 [ RunTime:0.0030s ]
SQL: SELECT * FROM `wx_sys_config`  [ RunTime:0.0029s ]
SQL: select `cachekey` from `think_cache` where `cachekey`='sysconfig' limit 0,1 [ RunTime:0.0030s ]
SQL: UPDATE think_cache SET data='a:25:{s:9:"site_name";s:16:"乐V微信管理";s:11:"site_domain";s:11:"c-r-bin.top";s:13:"site_keywords";s:0:"";s:9:"site_desc";s:0:"";s:12:"site_contact";s:0:"";s:9:"site_mail";s:0:"";s:7:"site_qq";s:0:"";s:12:"site_company";s:22:"广州乐V有限公司";s:8:"app_name";s:16:"乐V微信管理";s:11:"app_version";s:8:"1.0 beta";s:8:"app_logo";s:25:"glyphicon glyphicon-apple";s:12:"qiniu_bucket";s:6:"weixin";s:15:"qiniu_accesskey";s:40:"WjyRG6dWapiMbnUxkzw0zFpD3yWdpYss0QOD0pX0";s:15:"qiniu_secretkey";s:40:"D0bGgDeJC0O7y4LvLf6mCQwEn5C_dV0OlPNMTjAf";s:12:"qiniu_domain";s:11:"c-r-bon.top";s:9:"mail_smtp";s:11:"smtp.qq.com";s:13:"mail_username";s:10:"pm@cuci.cc";s:9:"mail_port";s:3:"465";s:13:"mail_password";s:9:"Test12345";s:14:"mail_smtp_auth";s:1:"1";s:9:"mail_from";s:10:"pm@cuci.cc";s:14:"mail_from_name";s:21:"楚才API管理中心";s:11:"mail_secure";s:3:"ssl";s:10:"mail_reply";s:16:"zoujingli@qq.com";s:20:"app_baidu_tongji_key";s:10:"7b6503de0e";}' ,datacrc='',expire=0 WHERE `cachekey`='sysconfig' [ RunTime:0.0052s ]
SQL: SELECT `data`,`datacrc` FROM `think_cache` WHERE `cachekey`='sysconfig' AND (`expire` =0 OR `expire`>1545978078) LIMIT 0,1 [ RunTime:0.0029s ]
SQL: SELECT * FROM `wx_sys_config`  [ RunTime:0.0028s ]
SQL: select `cachekey` from `think_cache` where `cachekey`='sysconfig' limit 0,1 [ RunTime:0.0029s ]
SQL: UPDATE think_cache SET data='a:25:{s:9:"site_name";s:16:"乐V微信管理";s:11:"site_domain";s:11:"c-r-bin.top";s:13:"site_keywords";s:0:"";s:9:"site_desc";s:0:"";s:12:"site_contact";s:0:"";s:9:"site_mail";s:0:"";s:7:"site_qq";s:0:"";s:12:"site_company";s:22:"广州乐V有限公司";s:8:"app_name";s:16:"乐V微信管理";s:11:"app_version";s:8:"1.0 beta";s:8:"app_logo";s:25:"glyphicon glyphicon-apple";s:12:"qiniu_bucket";s:6:"weixin";s:15:"qiniu_accesskey";s:40:"WjyRG6dWapiMbnUxkzw0zFpD3yWdpYss0QOD0pX0";s:15:"qiniu_secretkey";s:40:"D0bGgDeJC0O7y4LvLf6mCQwEn5C_dV0OlPNMTjAf";s:12:"qiniu_domain";s:11:"c-r-bon.top";s:9:"mail_smtp";s:11:"smtp.qq.com";s:13:"mail_username";s:10:"pm@cuci.cc";s:9:"mail_port";s:3:"465";s:13:"mail_password";s:9:"Test12345";s:14:"mail_smtp_auth";s:1:"1";s:9:"mail_from";s:10:"pm@cuci.cc";s:14:"mail_from_name";s:21:"楚才API管理中心";s:11:"mail_secure";s:3:"ssl";s:10:"mail_reply";s:16:"zoujingli@qq.com";s:20:"app_baidu_tongji_key";s:10:"7b6503de0e";}' ,datacrc='',expire=0 WHERE `cachekey`='sysconfig' [ RunTime:0.0053s ]
SQL: SELECT `data`,`datacrc` FROM `think_cache` WHERE `cachekey`='sysconfig' AND (`expire` =0 OR `expire`>1545978079) LIMIT 0,1 [ RunTime:0.0030s ]
SQL: SELECT * FROM `wx_sys_config`  [ RunTime:0.0027s ]
SQL: select `cachekey` from `think_cache` where `cachekey`='sysconfig' limit 0,1 [ RunTime:0.0029s ]
SQL: UPDATE think_cache SET data='a:25:{s:9:"site_name";s:16:"乐V微信管理";s:11:"site_domain";s:11:"c-r-bin.top";s:13:"site_keywords";s:0:"";s:9:"site_desc";s:0:"";s:12:"site_contact";s:0:"";s:9:"site_mail";s:0:"";s:7:"site_qq";s:0:"";s:12:"site_company";s:22:"广州乐V有限公司";s:8:"app_name";s:16:"乐V微信管理";s:11:"app_version";s:8:"1.0 beta";s:8:"app_logo";s:25:"glyphicon glyphicon-apple";s:12:"qiniu_bucket";s:6:"weixin";s:15:"qiniu_accesskey";s:40:"WjyRG6dWapiMbnUxkzw0zFpD3yWdpYss0QOD0pX0";s:15:"qiniu_secretkey";s:40:"D0bGgDeJC0O7y4LvLf6mCQwEn5C_dV0OlPNMTjAf";s:12:"qiniu_domain";s:11:"c-r-bon.top";s:9:"mail_smtp";s:11:"smtp.qq.com";s:13:"mail_username";s:10:"pm@cuci.cc";s:9:"mail_port";s:3:"465";s:13:"mail_password";s:9:"Test12345";s:14:"mail_smtp_auth";s:1:"1";s:9:"mail_from";s:10:"pm@cuci.cc";s:14:"mail_from_name";s:21:"楚才API管理中心";s:11:"mail_secure";s:3:"ssl";s:10:"mail_reply";s:16:"zoujingli@qq.com";s:20:"app_baidu_tongji_key";s:10:"7b6503de0e";}' ,datacrc='',expire=0 WHERE `cachekey`='sysconfig' [ RunTime:0.0054s ]
INFO: [ view_parse ] --START--
INFO: [ template_filter ] --START--
INFO: Run Behavior\ContentReplaceBehavior [ RunTime:0.000094s ]
INFO: [ template_filter ] --END-- [ RunTime:0.000151s ]
INFO: Run Behavior\ParseTemplateBehavior [ RunTime:0.003356s ]
INFO: [ view_parse ] --END-- [ RunTime:0.003409s ]
INFO: [ view_filter ] --START--
INFO: Run Behavior\WriteHtmlCacheBehavior [ RunTime:0.000127s ]
INFO: Run Library\Behavior\EmptyImageBehavior [ RunTime:0.000419s ]
INFO: [ view_filter ] --END-- [ RunTime:0.000645s ]
INFO: [ app_end ] --START--
INFO: Run Behavior\ShowPageTraceBehavior [ RunTime:0.000149s ]
INFO: [ app_end ] --END-- [ RunTime:0.000189s ]

[ 2018-12-28T14:21:26+08:00 ] 42.236.10.106 http://112.74.177.108/jonza/index.php/plugin/ueditor.js
SQL: SHOW COLUMNS FROM `wx_app` [ RunTime:0.0027s ]
SQL: SELECT * FROM `wx_app` WHERE `status` = 2 AND ( `id` = null OR `host` = '112.74.177.108' ) LIMIT 1   [ RunTime:0.0023s ]
SQL: SELECT `data`,`datacrc` FROM `think_cache` WHERE `cachekey`='sysconfig' AND (`expire` =0 OR `expire`>1545978086) LIMIT 0,1 [ RunTime:0.0020s ]
SQL: SHOW COLUMNS FROM `wx_sys_config` [ RunTime:0.0026s ]
SQL: SELECT * FROM `wx_sys_config`  [ RunTime:0.0023s ]
SQL: select `cachekey` from `think_cache` where `cachekey`='sysconfig' limit 0,1 [ RunTime:0.0019s ]
SQL: UPDATE think_cache SET data='a:25:{s:9:"site_name";s:16:"乐V微信管理";s:11:"site_domain";s:11:"c-r-bin.top";s:13:"site_keywords";s:0:"";s:9:"site_desc";s:0:"";s:12:"site_contact";s:0:"";s:9:"site_mail";s:0:"";s:7:"site_qq";s:0:"";s:12:"site_company";s:22:"广州乐V有限公司";s:8:"app_name";s:16:"乐V微信管理";s:11:"app_version";s:8:"1.0 beta";s:8:"app_logo";s:25:"glyphicon glyphicon-apple";s:12:"qiniu_bucket";s:6:"weixin";s:15:"qiniu_accesskey";s:40:"WjyRG6dWapiMbnUxkzw0zFpD3yWdpYss0QOD0pX0";s:15:"qiniu_secretkey";s:40:"D0bGgDeJC0O7y4LvLf6mCQwEn5C_dV0OlPNMTjAf";s:12:"qiniu_domain";s:11:"c-r-bon.top";s:9:"mail_smtp";s:11:"smtp.qq.com";s:13:"mail_username";s:10:"pm@cuci.cc";s:9:"mail_port";s:3:"465";s:13:"mail_password";s:9:"Test12345";s:14:"mail_smtp_auth";s:1:"1";s:9:"mail_from";s:10:"pm@cuci.cc";s:14:"mail_from_name";s:21:"楚才API管理中心";s:11:"mail_secure";s:3:"ssl";s:10:"mail_reply";s:16:"zoujingli@qq.com";s:20:"app_baidu_tongji_key";s:10:"7b6503de0e";}' ,datacrc='',expire=0 WHERE `cachekey`='sysconfig' [ RunTime:0.0232s ]
SQL: SELECT `data`,`datacrc` FROM `think_cache` WHERE `cachekey`='sysconfig' AND (`expire` =0 OR `expire`>1545978086) LIMIT 0,1 [ RunTime:0.0021s ]
SQL: SELECT * FROM `wx_sys_config`  [ RunTime:0.0023s ]
SQL: select `cachekey` from `think_cache` where `cachekey`='sysconfig' limit 0,1 [ RunTime:0.0019s ]
SQL: UPDATE think_cache SET data='a:25:{s:9:"site_name";s:16:"乐V微信管理";s:11:"site_domain";s:11:"c-r-bin.top";s:13:"site_keywords";s:0:"";s:9:"site_desc";s:0:"";s:12:"site_contact";s:0:"";s:9:"site_mail";s:0:"";s:7:"site_qq";s:0:"";s:12:"site_company";s:22:"广州乐V有限公司";s:8:"app_name";s:16:"乐V微信管理";s:11:"app_version";s:8:"1.0 beta";s:8:"app_logo";s:25:"glyphicon glyphicon-apple";s:12:"qiniu_bucket";s:6:"weixin";s:15:"qiniu_accesskey";s:40:"WjyRG6dWapiMbnUxkzw0zFpD3yWdpYss0QOD0pX0";s:15:"qiniu_secretkey";s:40:"D0bGgDeJC0O7y4LvLf6mCQwEn5C_dV0OlPNMTjAf";s:12:"qiniu_domain";s:11:"c-r-bon.top";s:9:"mail_smtp";s:11:"smtp.qq.com";s:13:"mail_username";s:10:"pm@cuci.cc";s:9:"mail_port";s:3:"465";s:13:"mail_password";s:9:"Test12345";s:14:"mail_smtp_auth";s:1:"1";s:9:"mail_from";s:10:"pm@cuci.cc";s:14:"mail_from_name";s:21:"楚才API管理中心";s:11:"mail_secure";s:3:"ssl";s:10:"mail_reply";s:16:"zoujingli@qq.com";s:20:"app_baidu_tongji_key";s:10:"7b6503de0e";}' ,datacrc='',expire=0 WHERE `cachekey`='sysconfig' [ RunTime:0.0055s ]
SQL: SELECT `data`,`datacrc` FROM `think_cache` WHERE `cachekey`='sysconfig' AND (`expire` =0 OR `expire`>1545978086) LIMIT 0,1 [ RunTime:0.0020s ]
SQL: SELECT * FROM `wx_sys_config`  [ RunTime:0.0023s ]
SQL: select `cachekey` from `think_cache` where `cachekey`='sysconfig' limit 0,1 [ RunTime:0.0019s ]
SQL: UPDATE think_cache SET data='a:25:{s:9:"site_name";s:16:"乐V微信管理";s:11:"site_domain";s:11:"c-r-bin.top";s:13:"site_keywords";s:0:"";s:9:"site_desc";s:0:"";s:12:"site_contact";s:0:"";s:9:"site_mail";s:0:"";s:7:"site_qq";s:0:"";s:12:"site_company";s:22:"广州乐V有限公司";s:8:"app_name";s:16:"乐V微信管理";s:11:"app_version";s:8:"1.0 beta";s:8:"app_logo";s:25:"glyphicon glyphicon-apple";s:12:"qiniu_bucket";s:6:"weixin";s:15:"qiniu_accesskey";s:40:"WjyRG6dWapiMbnUxkzw0zFpD3yWdpYss0QOD0pX0";s:15:"qiniu_secretkey";s:40:"D0bGgDeJC0O7y4LvLf6mCQwEn5C_dV0OlPNMTjAf";s:12:"qiniu_domain";s:11:"c-r-bon.top";s:9:"mail_smtp";s:11:"smtp.qq.com";s:13:"mail_username";s:10:"pm@cuci.cc";s:9:"mail_port";s:3:"465";s:13:"mail_password";s:9:"Test12345";s:14:"mail_smtp_auth";s:1:"1";s:9:"mail_from";s:10:"pm@cuci.cc";s:14:"mail_from_name";s:21:"楚才API管理中心";s:11:"mail_secure";s:3:"ssl";s:10:"mail_reply";s:16:"zoujingli@qq.com";s:20:"app_baidu_tongji_key";s:10:"7b6503de0e";}' ,datacrc='',expire=0 WHERE `cachekey`='sysconfig' [ RunTime:0.0068s ]
SQL: SELECT `data`,`datacrc` FROM `think_cache` WHERE `cachekey`='sysconfig' AND (`expire` =0 OR `expire`>1545978086) LIMIT 0,1 [ RunTime:0.0020s ]
SQL: SELECT * FROM `wx_sys_config`  [ RunTime:0.0023s ]
SQL: select `cachekey` from `think_cache` where `cachekey`='sysconfig' limit 0,1 [ RunTime:0.0019s ]
SQL: UPDATE think_cache SET data='a:25:{s:9:"site_name";s:16:"乐V微信管理";s:11:"site_domain";s:11:"c-r-bin.top";s:13:"site_keywords";s:0:"";s:9:"site_desc";s:0:"";s:12:"site_contact";s:0:"";s:9:"site_mail";s:0:"";s:7:"site_qq";s:0:"";s:12:"site_company";s:22:"广州乐V有限公司";s:8:"app_name";s:16:"乐V微信管理";s:11:"app_version";s:8:"1.0 beta";s:8:"app_logo";s:25:"glyphicon glyphicon-apple";s:12:"qiniu_bucket";s:6:"weixin";s:15:"qiniu_accesskey";s:40:"WjyRG6dWapiMbnUxkzw0zFpD3yWdpYss0QOD0pX0";s:15:"qiniu_secretkey";s:40:"D0bGgDeJC0O7y4LvLf6mCQwEn5C_dV0OlPNMTjAf";s:12:"qiniu_domain";s:11:"c-r-bon.top";s:9:"mail_smtp";s:11:"smtp.qq.com";s:13:"mail_username";s:10:"pm@cuci.cc";s:9:"mail_port";s:3:"465";s:13:"mail_password";s:9:"Test12345";s:14:"mail_smtp_auth";s:1:"1";s:9:"mail_from";s:10:"pm@cuci.cc";s:14:"mail_from_name";s:21:"楚才API管理中心";s:11:"mail_secure";s:3:"ssl";s:10:"mail_reply";s:16:"zoujingli@qq.com";s:20:"app_baidu_tongji_key";s:10:"7b6503de0e";}' ,datacrc='',expire=0 WHERE `cachekey`='sysconfig' [ RunTime:0.0046s ]
INFO: [ view_parse ] --START--
INFO: [ template_filter ] --START--
INFO: Run Behavior\ContentReplaceBehavior [ RunTime:0.000054s ]
INFO: [ template_filter ] --END-- [ RunTime:0.000086s ]
INFO: Run Behavior\ParseTemplateBehavior [ RunTime:0.001998s ]
INFO: [ view_parse ] --END-- [ RunTime:0.002032s ]
INFO: [ view_filter ] --START--
INFO: Run Behavior\WriteHtmlCacheBehavior [ RunTime:0.000102s ]
INFO: Run Library\Behavior\EmptyImageBehavior [ RunTime:0.000213s ]
INFO: [ view_filter ] --END-- [ RunTime:0.000353s ]
INFO: [ app_end ] --START--
INFO: Run Behavior\ShowPageTraceBehavior [ RunTime:0.000095s ]
INFO: [ app_end ] --END-- [ RunTime:0.000119s ]

[ 2018-12-28T14:21:31+08:00 ] 42.236.10.106 http://112.74.177.108/jonza/index.php/plugin/ueditor.js
SQL: SHOW COLUMNS FROM `wx_app` [ RunTime:0.0027s ]
SQL: SELECT * FROM `wx_app` WHERE `status` = 2 AND ( `id` = null OR `host` = '112.74.177.108' ) LIMIT 1   [ RunTime:0.0023s ]
SQL: SELECT `data`,`datacrc` FROM `think_cache` WHERE `cachekey`='sysconfig' AND (`expire` =0 OR `expire`>1545978091) LIMIT 0,1 [ RunTime:0.0019s ]
SQL: SHOW COLUMNS FROM `wx_sys_config` [ RunTime:0.0026s ]
SQL: SELECT * FROM `wx_sys_config`  [ RunTime:0.0024s ]
SQL: select `cachekey` from `think_cache` where `cachekey`='sysconfig' limit 0,1 [ RunTime:0.0018s ]
SQL: UPDATE think_cache SET data='a:25:{s:9:"site_name";s:16:"乐V微信管理";s:11:"site_domain";s:11:"c-r-bin.top";s:13:"site_keywords";s:0:"";s:9:"site_desc";s:0:"";s:12:"site_contact";s:0:"";s:9:"site_mail";s:0:"";s:7:"site_qq";s:0:"";s:12:"site_company";s:22:"广州乐V有限公司";s:8:"app_name";s:16:"乐V微信管理";s:11:"app_version";s:8:"1.0 beta";s:8:"app_logo";s:25:"glyphicon glyphicon-apple";s:12:"qiniu_bucket";s:6:"weixin";s:15:"qiniu_accesskey";s:40:"WjyRG6dWapiMbnUxkzw0zFpD3yWdpYss0QOD0pX0";s:15:"qiniu_secretkey";s:40:"D0bGgDeJC0O7y4LvLf6mCQwEn5C_dV0OlPNMTjAf";s:12:"qiniu_domain";s:11:"c-r-bon.top";s:9:"mail_smtp";s:11:"smtp.qq.com";s:13:"mail_username";s:10:"pm@cuci.cc";s:9:"mail_port";s:3:"465";s:13:"mail_password";s:9:"Test12345";s:14:"mail_smtp_auth";s:1:"1";s:9:"mail_from";s:10:"pm@cuci.cc";s:14:"mail_from_name";s:21:"楚才API管理中心";s:11:"mail_secure";s:3:"ssl";s:10:"mail_reply";s:16:"zoujingli@qq.com";s:20:"app_baidu_tongji_key";s:10:"7b6503de0e";}' ,datacrc='',expire=0 WHERE `cachekey`='sysconfig' [ RunTime:0.0043s ]
SQL: SELECT `data`,`datacrc` FROM `think_cache` WHERE `cachekey`='sysconfig' AND (`expire` =0 OR `expire`>1545978091) LIMIT 0,1 [ RunTime:0.0018s ]
SQL: SELECT * FROM `wx_sys_config`  [ RunTime:0.0023s ]
SQL: select `cachekey` from `think_cache` where `cachekey`='sysconfig' limit 0,1 [ RunTime:0.0018s ]
SQL: UPDATE think_cache SET data='a:25:{s:9:"site_name";s:16:"乐V微信管理";s:11:"site_domain";s:11:"c-r-bin.top";s:13:"site_keywords";s:0:"";s:9:"site_desc";s:0:"";s:12:"site_contact";s:0:"";s:9:"site_mail";s:0:"";s:7:"site_qq";s:0:"";s:12:"site_company";s:22:"广州乐V有限公司";s:8:"app_name";s:16:"乐V微信管理";s:11:"app_version";s:8:"1.0 beta";s:8:"app_logo";s:25:"glyphicon glyphicon-apple";s:12:"qiniu_bucket";s:6:"weixin";s:15:"qiniu_accesskey";s:40:"WjyRG6dWapiMbnUxkzw0zFpD3yWdpYss0QOD0pX0";s:15:"qiniu_secretkey";s:40:"D0bGgDeJC0O7y4LvLf6mCQwEn5C_dV0OlPNMTjAf";s:12:"qiniu_domain";s:11:"c-r-bon.top";s:9:"mail_smtp";s:11:"smtp.qq.com";s:13:"mail_username";s:10:"pm@cuci.cc";s:9:"mail_port";s:3:"465";s:13:"mail_password";s:9:"Test12345";s:14:"mail_smtp_auth";s:1:"1";s:9:"mail_from";s:10:"pm@cuci.cc";s:14:"mail_from_name";s:21:"楚才API管理中心";s:11:"mail_secure";s:3:"ssl";s:10:"mail_reply";s:16:"zoujingli@qq.com";s:20:"app_baidu_tongji_key";s:10:"7b6503de0e";}' ,datacrc='',expire=0 WHERE `cachekey`='sysconfig' [ RunTime:0.0039s ]
SQL: SELECT `data`,`datacrc` FROM `think_cache` WHERE `cachekey`='sysconfig' AND (`expire` =0 OR `expire`>1545978091) LIMIT 0,1 [ RunTime:0.0020s ]
SQL: SELECT * FROM `wx_sys_config`  [ RunTime:0.0025s ]
SQL: select `cachekey` from `think_cache` where `cachekey`='sysconfig' limit 0,1 [ RunTime:0.0019s ]
SQL: UPDATE think_cache SET data='a:25:{s:9:"site_name";s:16:"乐V微信管理";s:11:"site_domain";s:11:"c-r-bin.top";s:13:"site_keywords";s:0:"";s:9:"site_desc";s:0:"";s:12:"site_contact";s:0:"";s:9:"site_mail";s:0:"";s:7:"site_qq";s:0:"";s:12:"site_company";s:22:"广州乐V有限公司";s:8:"app_name";s:16:"乐V微信管理";s:11:"app_version";s:8:"1.0 beta";s:8:"app_logo";s:25:"glyphicon glyphicon-apple";s:12:"qiniu_bucket";s:6:"weixin";s:15:"qiniu_accesskey";s:40:"WjyRG6dWapiMbnUxkzw0zFpD3yWdpYss0QOD0pX0";s:15:"qiniu_secretkey";s:40:"D0bGgDeJC0O7y4LvLf6mCQwEn5C_dV0OlPNMTjAf";s:12:"qiniu_domain";s:11:"c-r-bon.top";s:9:"mail_smtp";s:11:"smtp.qq.com";s:13:"mail_username";s:10:"pm@cuci.cc";s:9:"mail_port";s:3:"465";s:13:"mail_password";s:9:"Test12345";s:14:"mail_smtp_auth";s:1:"1";s:9:"mail_from";s:10:"pm@cuci.cc";s:14:"mail_from_name";s:21:"楚才API管理中心";s:11:"mail_secure";s:3:"ssl";s:10:"mail_reply";s:16:"zoujingli@qq.com";s:20:"app_baidu_tongji_key";s:10:"7b6503de0e";}' ,datacrc='',expire=0 WHERE `cachekey`='sysconfig' [ RunTime:0.0041s ]
SQL: SELECT `data`,`datacrc` FROM `think_cache` WHERE `cachekey`='sysconfig' AND (`expire` =0 OR `expire`>1545978091) LIMIT 0,1 [ RunTime:0.0019s ]
SQL: SELECT * FROM `wx_sys_config`  [ RunTime:0.0024s ]
SQL: select `cachekey` from `think_cache` where `cachekey`='sysconfig' limit 0,1 [ RunTime:0.0020s ]
SQL: UPDATE think_cache SET data='a:25:{s:9:"site_name";s:16:"乐V微信管理";s:11:"site_domain";s:11:"c-r-bin.top";s:13:"site_keywords";s:0:"";s:9:"site_desc";s:0:"";s:12:"site_contact";s:0:"";s:9:"site_mail";s:0:"";s:7:"site_qq";s:0:"";s:12:"site_company";s:22:"广州乐V有限公司";s:8:"app_name";s:16:"乐V微信管理";s:11:"app_version";s:8:"1.0 beta";s:8:"app_logo";s:25:"glyphicon glyphicon-apple";s:12:"qiniu_bucket";s:6:"weixin";s:15:"qiniu_accesskey";s:40:"WjyRG6dWapiMbnUxkzw0zFpD3yWdpYss0QOD0pX0";s:15:"qiniu_secretkey";s:40:"D0bGgDeJC0O7y4LvLf6mCQwEn5C_dV0OlPNMTjAf";s:12:"qiniu_domain";s:11:"c-r-bon.top";s:9:"mail_smtp";s:11:"smtp.qq.com";s:13:"mail_username";s:10:"pm@cuci.cc";s:9:"mail_port";s:3:"465";s:13:"mail_password";s:9:"Test12345";s:14:"mail_smtp_auth";s:1:"1";s:9:"mail_from";s:10:"pm@cuci.cc";s:14:"mail_from_name";s:21:"楚才API管理中心";s:11:"mail_secure";s:3:"ssl";s:10:"mail_reply";s:16:"zoujingli@qq.com";s:20:"app_baidu_tongji_key";s:10:"7b6503de0e";}' ,datacrc='',expire=0 WHERE `cachekey`='sysconfig' [ RunTime:0.0041s ]
INFO: [ view_parse ] --START--
INFO: [ template_filter ] --START--
INFO: Run Behavior\ContentReplaceBehavior [ RunTime:0.000053s ]
INFO: [ template_filter ] --END-- [ RunTime:0.000082s ]
INFO: Run Behavior\ParseTemplateBehavior [ RunTime:0.001946s ]
INFO: [ view_parse ] --END-- [ RunTime:0.001978s ]
INFO: [ view_filter ] --START--
INFO: Run Behavior\WriteHtmlCacheBehavior [ RunTime:0.000085s ]
INFO: Run Library\Behavior\EmptyImageBehavior [ RunTime:0.000221s ]
INFO: [ view_filter ] --END-- [ RunTime:0.000355s ]
INFO: [ app_end ] --START--
INFO: Run Behavior\ShowPageTraceBehavior [ RunTime:0.000093s ]
INFO: [ app_end ] --END-- [ RunTime:0.000115s ]

