[ 2018-10-30T15:52:44+08:00 ] ::1 /jonza/index.php/plugin/ueditor.js
SQL: SHOW COLUMNS FROM `wx_app` [ RunTime:0.0085s ]
SQL: SELECT * FROM `wx_app` WHERE `status` = 2 AND ( `id` = null OR `host` = 'localhost' ) LIMIT 1   [ RunTime:0.0080s ]
SQL: SELECT `data`,`datacrc` FROM `think_cache` WHERE `cachekey`='sysconfig' AND (`expire` =0 OR `expire`>1540885964) LIMIT 0,1 [ RunTime:0.0093s ]
SQL: SHOW COLUMNS FROM `wx_sys_config` [ RunTime:0.0083s ]
SQL: SELECT * FROM `wx_sys_config`  [ RunTime:0.0076s ]
SQL: select `cachekey` from `think_cache` where `cachekey`='sysconfig' limit 0,1 [ RunTime:0.0083s ]
SQL: UPDATE think_cache SET data='a:25:{s:9:"site_name";s:18:"元培微信管理";s:11:"site_domain";s:22:"yuanpeishop.wx.cuci.cc";s:13:"site_keywords";s:0:"";s:9:"site_desc";s:0:"";s:12:"site_contact";s:0:"";s:9:"site_mail";s:0:"";s:7:"site_qq";s:0:"";s:12:"site_company";s:36:"广州楚才信息科技有限公司";s:8:"app_name";s:18:"元培微信管理";s:11:"app_version";s:8:"1.0 beta";s:8:"app_logo";s:25:"glyphicon glyphicon-apple";s:12:"qiniu_bucket";s:7:"ueditor";s:15:"qiniu_accesskey";s:40:"kptWm2wG3vcc5vdG-_H5PTeafNojw8uPV86FHuH5";s:15:"qiniu_secretkey";s:40:"LmCAwO_xBzfz0rlEujPZn3eI8v3f9_UNFeroj3wG";s:12:"qiniu_domain";s:19:"ueditor.cdn.cuci.cc";s:9:"mail_smtp";s:11:"smtp.qq.com";s:13:"mail_username";s:10:"pm@cuci.cc";s:9:"mail_port";s:3:"465";s:13:"mail_password";s:9:"Test12345";s:14:"mail_smtp_auth";s:1:"1";s:9:"mail_from";s:10:"pm@cuci.cc";s:14:"mail_from_name";s:21:"楚才API管理中心";s:11:"mail_secure";s:3:"ssl";s:10:"mail_reply";s:16:"zoujingli@qq.com";s:20:"app_baidu_tongji_key";s:32:"df31b90409cbd7237728ca1a770d72e6";}' ,datacrc='',expire=0 WHERE `cachekey`='sysconfig' [ RunTime:0.0144s ]
SQL: SELECT `data`,`datacrc` FROM `think_cache` WHERE `cachekey`='sysconfig' AND (`expire` =0 OR `expire`>1540885964) LIMIT 0,1 [ RunTime:0.0087s ]
SQL: SELECT * FROM `wx_sys_config`  [ RunTime:0.0081s ]
SQL: select `cachekey` from `think_cache` where `cachekey`='sysconfig' limit 0,1 [ RunTime:0.0083s ]
SQL: UPDATE think_cache SET data='a:25:{s:9:"site_name";s:18:"元培微信管理";s:11:"site_domain";s:22:"yuanpeishop.wx.cuci.cc";s:13:"site_keywords";s:0:"";s:9:"site_desc";s:0:"";s:12:"site_contact";s:0:"";s:9:"site_mail";s:0:"";s:7:"site_qq";s:0:"";s:12:"site_company";s:36:"广州楚才信息科技有限公司";s:8:"app_name";s:18:"元培微信管理";s:11:"app_version";s:8:"1.0 beta";s:8:"app_logo";s:25:"glyphicon glyphicon-apple";s:12:"qiniu_bucket";s:7:"ueditor";s:15:"qiniu_accesskey";s:40:"kptWm2wG3vcc5vdG-_H5PTeafNojw8uPV86FHuH5";s:15:"qiniu_secretkey";s:40:"LmCAwO_xBzfz0rlEujPZn3eI8v3f9_UNFeroj3wG";s:12:"qiniu_domain";s:19:"ueditor.cdn.cuci.cc";s:9:"mail_smtp";s:11:"smtp.qq.com";s:13:"mail_username";s:10:"pm@cuci.cc";s:9:"mail_port";s:3:"465";s:13:"mail_password";s:9:"Test12345";s:14:"mail_smtp_auth";s:1:"1";s:9:"mail_from";s:10:"pm@cuci.cc";s:14:"mail_from_name";s:21:"楚才API管理中心";s:11:"mail_secure";s:3:"ssl";s:10:"mail_reply";s:16:"zoujingli@qq.com";s:20:"app_baidu_tongji_key";s:32:"df31b90409cbd7237728ca1a770d72e6";}' ,datacrc='',expire=0 WHERE `cachekey`='sysconfig' [ RunTime:0.0195s ]
SQL: SELECT `data`,`datacrc` FROM `think_cache` WHERE `cachekey`='sysconfig' AND (`expire` =0 OR `expire`>1540885964) LIMIT 0,1 [ RunTime:0.0085s ]
SQL: SELECT * FROM `wx_sys_config`  [ RunTime:0.0084s ]
SQL: select `cachekey` from `think_cache` where `cachekey`='sysconfig' limit 0,1 [ RunTime:0.0083s ]
SQL: UPDATE think_cache SET data='a:25:{s:9:"site_name";s:18:"元培微信管理";s:11:"site_domain";s:22:"yuanpeishop.wx.cuci.cc";s:13:"site_keywords";s:0:"";s:9:"site_desc";s:0:"";s:12:"site_contact";s:0:"";s:9:"site_mail";s:0:"";s:7:"site_qq";s:0:"";s:12:"site_company";s:36:"广州楚才信息科技有限公司";s:8:"app_name";s:18:"元培微信管理";s:11:"app_version";s:8:"1.0 beta";s:8:"app_logo";s:25:"glyphicon glyphicon-apple";s:12:"qiniu_bucket";s:7:"ueditor";s:15:"qiniu_accesskey";s:40:"kptWm2wG3vcc5vdG-_H5PTeafNojw8uPV86FHuH5";s:15:"qiniu_secretkey";s:40:"LmCAwO_xBzfz0rlEujPZn3eI8v3f9_UNFeroj3wG";s:12:"qiniu_domain";s:19:"ueditor.cdn.cuci.cc";s:9:"mail_smtp";s:11:"smtp.qq.com";s:13:"mail_username";s:10:"pm@cuci.cc";s:9:"mail_port";s:3:"465";s:13:"mail_password";s:9:"Test12345";s:14:"mail_smtp_auth";s:1:"1";s:9:"mail_from";s:10:"pm@cuci.cc";s:14:"mail_from_name";s:21:"楚才API管理中心";s:11:"mail_secure";s:3:"ssl";s:10:"mail_reply";s:16:"zoujingli@qq.com";s:20:"app_baidu_tongji_key";s:32:"df31b90409cbd7237728ca1a770d72e6";}' ,datacrc='',expire=0 WHERE `cachekey`='sysconfig' [ RunTime:0.0110s ]
SQL: SELECT `data`,`datacrc` FROM `think_cache` WHERE `cachekey`='sysconfig' AND (`expire` =0 OR `expire`>1540885964) LIMIT 0,1 [ RunTime:0.0088s ]
SQL: SELECT * FROM `wx_sys_config`  [ RunTime:0.0083s ]
SQL: select `cachekey` from `think_cache` where `cachekey`='sysconfig' limit 0,1 [ RunTime:0.0082s ]
SQL: UPDATE think_cache SET data='a:25:{s:9:"site_name";s:18:"元培微信管理";s:11:"site_domain";s:22:"yuanpeishop.wx.cuci.cc";s:13:"site_keywords";s:0:"";s:9:"site_desc";s:0:"";s:12:"site_contact";s:0:"";s:9:"site_mail";s:0:"";s:7:"site_qq";s:0:"";s:12:"site_company";s:36:"广州楚才信息科技有限公司";s:8:"app_name";s:18:"元培微信管理";s:11:"app_version";s:8:"1.0 beta";s:8:"app_logo";s:25:"glyphicon glyphicon-apple";s:12:"qiniu_bucket";s:7:"ueditor";s:15:"qiniu_accesskey";s:40:"kptWm2wG3vcc5vdG-_H5PTeafNojw8uPV86FHuH5";s:15:"qiniu_secretkey";s:40:"LmCAwO_xBzfz0rlEujPZn3eI8v3f9_UNFeroj3wG";s:12:"qiniu_domain";s:19:"ueditor.cdn.cuci.cc";s:9:"mail_smtp";s:11:"smtp.qq.com";s:13:"mail_username";s:10:"pm@cuci.cc";s:9:"mail_port";s:3:"465";s:13:"mail_password";s:9:"Test12345";s:14:"mail_smtp_auth";s:1:"1";s:9:"mail_from";s:10:"pm@cuci.cc";s:14:"mail_from_name";s:21:"楚才API管理中心";s:11:"mail_secure";s:3:"ssl";s:10:"mail_reply";s:16:"zoujingli@qq.com";s:20:"app_baidu_tongji_key";s:32:"df31b90409cbd7237728ca1a770d72e6";}' ,datacrc='',expire=0 WHERE `cachekey`='sysconfig' [ RunTime:0.0112s ]
INFO: [ view_parse ] --START--
INFO: [ template_filter ] --START--
INFO: Run Behavior\ContentReplaceBehavior [ RunTime:0.000128s ]
INFO: [ template_filter ] --END-- [ RunTime:0.000197s ]
INFO: Run Behavior\ParseTemplateBehavior [ RunTime:0.009781s ]
INFO: [ view_parse ] --END-- [ RunTime:0.009854s ]
INFO: [ view_filter ] --START--
INFO: Run Behavior\WriteHtmlCacheBehavior [ RunTime:0.000609s ]
INFO: Run Library\Behavior\EmptyImageBehavior [ RunTime:0.001334s ]
INFO: [ view_filter ] --END-- [ RunTime:0.002033s ]
INFO: [ app_end ] --START--
INFO: Run Behavior\ShowPageTraceBehavior [ RunTime:0.000901s ]
INFO: [ app_end ] --END-- [ RunTime:0.000958s ]

[ 2018-10-30T15:52:52+08:00 ] ::1 /jonza/index.php/plugin/ueditor.js
SQL: SHOW COLUMNS FROM `wx_app` [ RunTime:0.0086s ]
SQL: SELECT * FROM `wx_app` WHERE `status` = 2 AND ( `id` = null OR `host` = 'localhost' ) LIMIT 1   [ RunTime:0.0082s ]
SQL: SELECT `data`,`datacrc` FROM `think_cache` WHERE `cachekey`='sysconfig' AND (`expire` =0 OR `expire`>1540885971) LIMIT 0,1 [ RunTime:0.0093s ]
SQL: SHOW COLUMNS FROM `wx_sys_config` [ RunTime:0.0085s ]
SQL: SELECT * FROM `wx_sys_config`  [ RunTime:0.0087s ]
SQL: select `cachekey` from `think_cache` where `cachekey`='sysconfig' limit 0,1 [ RunTime:0.0080s ]
SQL: UPDATE think_cache SET data='a:25:{s:9:"site_name";s:18:"元培微信管理";s:11:"site_domain";s:22:"yuanpeishop.wx.cuci.cc";s:13:"site_keywords";s:0:"";s:9:"site_desc";s:0:"";s:12:"site_contact";s:0:"";s:9:"site_mail";s:0:"";s:7:"site_qq";s:0:"";s:12:"site_company";s:36:"广州楚才信息科技有限公司";s:8:"app_name";s:18:"元培微信管理";s:11:"app_version";s:8:"1.0 beta";s:8:"app_logo";s:25:"glyphicon glyphicon-apple";s:12:"qiniu_bucket";s:7:"ueditor";s:15:"qiniu_accesskey";s:40:"kptWm2wG3vcc5vdG-_H5PTeafNojw8uPV86FHuH5";s:15:"qiniu_secretkey";s:40:"LmCAwO_xBzfz0rlEujPZn3eI8v3f9_UNFeroj3wG";s:12:"qiniu_domain";s:19:"ueditor.cdn.cuci.cc";s:9:"mail_smtp";s:11:"smtp.qq.com";s:13:"mail_username";s:10:"pm@cuci.cc";s:9:"mail_port";s:3:"465";s:13:"mail_password";s:9:"Test12345";s:14:"mail_smtp_auth";s:1:"1";s:9:"mail_from";s:10:"pm@cuci.cc";s:14:"mail_from_name";s:21:"楚才API管理中心";s:11:"mail_secure";s:3:"ssl";s:10:"mail_reply";s:16:"zoujingli@qq.com";s:20:"app_baidu_tongji_key";s:32:"df31b90409cbd7237728ca1a770d72e6";}' ,datacrc='',expire=0 WHERE `cachekey`='sysconfig' [ RunTime:0.0107s ]
SQL: SELECT `data`,`datacrc` FROM `think_cache` WHERE `cachekey`='sysconfig' AND (`expire` =0 OR `expire`>1540885972) LIMIT 0,1 [ RunTime:0.0083s ]
SQL: SELECT * FROM `wx_sys_config`  [ RunTime:0.0084s ]
SQL: select `cachekey` from `think_cache` where `cachekey`='sysconfig' limit 0,1 [ RunTime:0.0081s ]
SQL: UPDATE think_cache SET data='a:25:{s:9:"site_name";s:18:"元培微信管理";s:11:"site_domain";s:22:"yuanpeishop.wx.cuci.cc";s:13:"site_keywords";s:0:"";s:9:"site_desc";s:0:"";s:12:"site_contact";s:0:"";s:9:"site_mail";s:0:"";s:7:"site_qq";s:0:"";s:12:"site_company";s:36:"广州楚才信息科技有限公司";s:8:"app_name";s:18:"元培微信管理";s:11:"app_version";s:8:"1.0 beta";s:8:"app_logo";s:25:"glyphicon glyphicon-apple";s:12:"qiniu_bucket";s:7:"ueditor";s:15:"qiniu_accesskey";s:40:"kptWm2wG3vcc5vdG-_H5PTeafNojw8uPV86FHuH5";s:15:"qiniu_secretkey";s:40:"LmCAwO_xBzfz0rlEujPZn3eI8v3f9_UNFeroj3wG";s:12:"qiniu_domain";s:19:"ueditor.cdn.cuci.cc";s:9:"mail_smtp";s:11:"smtp.qq.com";s:13:"mail_username";s:10:"pm@cuci.cc";s:9:"mail_port";s:3:"465";s:13:"mail_password";s:9:"Test12345";s:14:"mail_smtp_auth";s:1:"1";s:9:"mail_from";s:10:"pm@cuci.cc";s:14:"mail_from_name";s:21:"楚才API管理中心";s:11:"mail_secure";s:3:"ssl";s:10:"mail_reply";s:16:"zoujingli@qq.com";s:20:"app_baidu_tongji_key";s:32:"df31b90409cbd7237728ca1a770d72e6";}' ,datacrc='',expire=0 WHERE `cachekey`='sysconfig' [ RunTime:0.0111s ]
SQL: SELECT `data`,`datacrc` FROM `think_cache` WHERE `cachekey`='sysconfig' AND (`expire` =0 OR `expire`>1540885972) LIMIT 0,1 [ RunTime:0.0088s ]
SQL: SELECT * FROM `wx_sys_config`  [ RunTime:0.0084s ]
SQL: select `cachekey` from `think_cache` where `cachekey`='sysconfig' limit 0,1 [ RunTime:0.0081s ]
SQL: UPDATE think_cache SET data='a:25:{s:9:"site_name";s:18:"元培微信管理";s:11:"site_domain";s:22:"yuanpeishop.wx.cuci.cc";s:13:"site_keywords";s:0:"";s:9:"site_desc";s:0:"";s:12:"site_contact";s:0:"";s:9:"site_mail";s:0:"";s:7:"site_qq";s:0:"";s:12:"site_company";s:36:"广州楚才信息科技有限公司";s:8:"app_name";s:18:"元培微信管理";s:11:"app_version";s:8:"1.0 beta";s:8:"app_logo";s:25:"glyphicon glyphicon-apple";s:12:"qiniu_bucket";s:7:"ueditor";s:15:"qiniu_accesskey";s:40:"kptWm2wG3vcc5vdG-_H5PTeafNojw8uPV86FHuH5";s:15:"qiniu_secretkey";s:40:"LmCAwO_xBzfz0rlEujPZn3eI8v3f9_UNFeroj3wG";s:12:"qiniu_domain";s:19:"ueditor.cdn.cuci.cc";s:9:"mail_smtp";s:11:"smtp.qq.com";s:13:"mail_username";s:10:"pm@cuci.cc";s:9:"mail_port";s:3:"465";s:13:"mail_password";s:9:"Test12345";s:14:"mail_smtp_auth";s:1:"1";s:9:"mail_from";s:10:"pm@cuci.cc";s:14:"mail_from_name";s:21:"楚才API管理中心";s:11:"mail_secure";s:3:"ssl";s:10:"mail_reply";s:16:"zoujingli@qq.com";s:20:"app_baidu_tongji_key";s:32:"df31b90409cbd7237728ca1a770d72e6";}' ,datacrc='',expire=0 WHERE `cachekey`='sysconfig' [ RunTime:0.0115s ]
SQL: SELECT `data`,`datacrc` FROM `think_cache` WHERE `cachekey`='sysconfig' AND (`expire` =0 OR `expire`>1540885972) LIMIT 0,1 [ RunTime:0.0084s ]
SQL: SELECT * FROM `wx_sys_config`  [ RunTime:0.0085s ]
SQL: select `cachekey` from `think_cache` where `cachekey`='sysconfig' limit 0,1 [ RunTime:0.0080s ]
SQL: UPDATE think_cache SET data='a:25:{s:9:"site_name";s:18:"元培微信管理";s:11:"site_domain";s:22:"yuanpeishop.wx.cuci.cc";s:13:"site_keywords";s:0:"";s:9:"site_desc";s:0:"";s:12:"site_contact";s:0:"";s:9:"site_mail";s:0:"";s:7:"site_qq";s:0:"";s:12:"site_company";s:36:"广州楚才信息科技有限公司";s:8:"app_name";s:18:"元培微信管理";s:11:"app_version";s:8:"1.0 beta";s:8:"app_logo";s:25:"glyphicon glyphicon-apple";s:12:"qiniu_bucket";s:7:"ueditor";s:15:"qiniu_accesskey";s:40:"kptWm2wG3vcc5vdG-_H5PTeafNojw8uPV86FHuH5";s:15:"qiniu_secretkey";s:40:"LmCAwO_xBzfz0rlEujPZn3eI8v3f9_UNFeroj3wG";s:12:"qiniu_domain";s:19:"ueditor.cdn.cuci.cc";s:9:"mail_smtp";s:11:"smtp.qq.com";s:13:"mail_username";s:10:"pm@cuci.cc";s:9:"mail_port";s:3:"465";s:13:"mail_password";s:9:"Test12345";s:14:"mail_smtp_auth";s:1:"1";s:9:"mail_from";s:10:"pm@cuci.cc";s:14:"mail_from_name";s:21:"楚才API管理中心";s:11:"mail_secure";s:3:"ssl";s:10:"mail_reply";s:16:"zoujingli@qq.com";s:20:"app_baidu_tongji_key";s:32:"df31b90409cbd7237728ca1a770d72e6";}' ,datacrc='',expire=0 WHERE `cachekey`='sysconfig' [ RunTime:0.0120s ]
INFO: [ view_parse ] --START--
INFO: [ template_filter ] --START--
INFO: Run Behavior\ContentReplaceBehavior [ RunTime:0.000087s ]
INFO: [ template_filter ] --END-- [ RunTime:0.000145s ]
INFO: Run Behavior\ParseTemplateBehavior [ RunTime:0.007456s ]
INFO: [ view_parse ] --END-- [ RunTime:0.007518s ]
INFO: [ view_filter ] --START--
INFO: Run Behavior\WriteHtmlCacheBehavior [ RunTime:0.000470s ]
INFO: Run Library\Behavior\EmptyImageBehavior [ RunTime:0.000963s ]
INFO: [ view_filter ] --END-- [ RunTime:0.001491s ]
INFO: [ app_end ] --START--
INFO: Run Behavior\ShowPageTraceBehavior [ RunTime:0.000765s ]
INFO: [ app_end ] --END-- [ RunTime:0.000817s ]

[ 2018-10-30T15:52:54+08:00 ] ::1 /jonza/index.php/plugin/ueditor.js
SQL: SHOW COLUMNS FROM `wx_app` [ RunTime:0.0095s ]
SQL: SELECT * FROM `wx_app` WHERE `status` = 2 AND ( `id` = null OR `host` = 'localhost' ) LIMIT 1   [ RunTime:0.0090s ]
SQL: SELECT `data`,`datacrc` FROM `think_cache` WHERE `cachekey`='sysconfig' AND (`expire` =0 OR `expire`>1540885974) LIMIT 0,1 [ RunTime:0.0082s ]
SQL: SHOW COLUMNS FROM `wx_sys_config` [ RunTime:0.0090s ]
SQL: SELECT * FROM `wx_sys_config`  [ RunTime:0.0087s ]
SQL: select `cachekey` from `think_cache` where `cachekey`='sysconfig' limit 0,1 [ RunTime:0.0075s ]
SQL: UPDATE think_cache SET data='a:25:{s:9:"site_name";s:18:"元培微信管理";s:11:"site_domain";s:22:"yuanpeishop.wx.cuci.cc";s:13:"site_keywords";s:0:"";s:9:"site_desc";s:0:"";s:12:"site_contact";s:0:"";s:9:"site_mail";s:0:"";s:7:"site_qq";s:0:"";s:12:"site_company";s:36:"广州楚才信息科技有限公司";s:8:"app_name";s:18:"元培微信管理";s:11:"app_version";s:8:"1.0 beta";s:8:"app_logo";s:25:"glyphicon glyphicon-apple";s:12:"qiniu_bucket";s:7:"ueditor";s:15:"qiniu_accesskey";s:40:"kptWm2wG3vcc5vdG-_H5PTeafNojw8uPV86FHuH5";s:15:"qiniu_secretkey";s:40:"LmCAwO_xBzfz0rlEujPZn3eI8v3f9_UNFeroj3wG";s:12:"qiniu_domain";s:19:"ueditor.cdn.cuci.cc";s:9:"mail_smtp";s:11:"smtp.qq.com";s:13:"mail_username";s:10:"pm@cuci.cc";s:9:"mail_port";s:3:"465";s:13:"mail_password";s:9:"Test12345";s:14:"mail_smtp_auth";s:1:"1";s:9:"mail_from";s:10:"pm@cuci.cc";s:14:"mail_from_name";s:21:"楚才API管理中心";s:11:"mail_secure";s:3:"ssl";s:10:"mail_reply";s:16:"zoujingli@qq.com";s:20:"app_baidu_tongji_key";s:32:"df31b90409cbd7237728ca1a770d72e6";}' ,datacrc='',expire=0 WHERE `cachekey`='sysconfig' [ RunTime:0.0110s ]
SQL: SELECT `data`,`datacrc` FROM `think_cache` WHERE `cachekey`='sysconfig' AND (`expire` =0 OR `expire`>1540885974) LIMIT 0,1 [ RunTime:0.0080s ]
SQL: SELECT * FROM `wx_sys_config`  [ RunTime:0.0089s ]
SQL: select `cachekey` from `think_cache` where `cachekey`='sysconfig' limit 0,1 [ RunTime:0.0082s ]
SQL: UPDATE think_cache SET data='a:25:{s:9:"site_name";s:18:"元培微信管理";s:11:"site_domain";s:22:"yuanpeishop.wx.cuci.cc";s:13:"site_keywords";s:0:"";s:9:"site_desc";s:0:"";s:12:"site_contact";s:0:"";s:9:"site_mail";s:0:"";s:7:"site_qq";s:0:"";s:12:"site_company";s:36:"广州楚才信息科技有限公司";s:8:"app_name";s:18:"元培微信管理";s:11:"app_version";s:8:"1.0 beta";s:8:"app_logo";s:25:"glyphicon glyphicon-apple";s:12:"qiniu_bucket";s:7:"ueditor";s:15:"qiniu_accesskey";s:40:"kptWm2wG3vcc5vdG-_H5PTeafNojw8uPV86FHuH5";s:15:"qiniu_secretkey";s:40:"LmCAwO_xBzfz0rlEujPZn3eI8v3f9_UNFeroj3wG";s:12:"qiniu_domain";s:19:"ueditor.cdn.cuci.cc";s:9:"mail_smtp";s:11:"smtp.qq.com";s:13:"mail_username";s:10:"pm@cuci.cc";s:9:"mail_port";s:3:"465";s:13:"mail_password";s:9:"Test12345";s:14:"mail_smtp_auth";s:1:"1";s:9:"mail_from";s:10:"pm@cuci.cc";s:14:"mail_from_name";s:21:"楚才API管理中心";s:11:"mail_secure";s:3:"ssl";s:10:"mail_reply";s:16:"zoujingli@qq.com";s:20:"app_baidu_tongji_key";s:32:"df31b90409cbd7237728ca1a770d72e6";}' ,datacrc='',expire=0 WHERE `cachekey`='sysconfig' [ RunTime:0.0105s ]
SQL: SELECT `data`,`datacrc` FROM `think_cache` WHERE `cachekey`='sysconfig' AND (`expire` =0 OR `expire`>1540885974) LIMIT 0,1 [ RunTime:0.0081s ]
SQL: SELECT * FROM `wx_sys_config`  [ RunTime:0.0090s ]
SQL: select `cachekey` from `think_cache` where `cachekey`='sysconfig' limit 0,1 [ RunTime:0.0082s ]
SQL: UPDATE think_cache SET data='a:25:{s:9:"site_name";s:18:"元培微信管理";s:11:"site_domain";s:22:"yuanpeishop.wx.cuci.cc";s:13:"site_keywords";s:0:"";s:9:"site_desc";s:0:"";s:12:"site_contact";s:0:"";s:9:"site_mail";s:0:"";s:7:"site_qq";s:0:"";s:12:"site_company";s:36:"广州楚才信息科技有限公司";s:8:"app_name";s:18:"元培微信管理";s:11:"app_version";s:8:"1.0 beta";s:8:"app_logo";s:25:"glyphicon glyphicon-apple";s:12:"qiniu_bucket";s:7:"ueditor";s:15:"qiniu_accesskey";s:40:"kptWm2wG3vcc5vdG-_H5PTeafNojw8uPV86FHuH5";s:15:"qiniu_secretkey";s:40:"LmCAwO_xBzfz0rlEujPZn3eI8v3f9_UNFeroj3wG";s:12:"qiniu_domain";s:19:"ueditor.cdn.cuci.cc";s:9:"mail_smtp";s:11:"smtp.qq.com";s:13:"mail_username";s:10:"pm@cuci.cc";s:9:"mail_port";s:3:"465";s:13:"mail_password";s:9:"Test12345";s:14:"mail_smtp_auth";s:1:"1";s:9:"mail_from";s:10:"pm@cuci.cc";s:14:"mail_from_name";s:21:"楚才API管理中心";s:11:"mail_secure";s:3:"ssl";s:10:"mail_reply";s:16:"zoujingli@qq.com";s:20:"app_baidu_tongji_key";s:32:"df31b90409cbd7237728ca1a770d72e6";}' ,datacrc='',expire=0 WHERE `cachekey`='sysconfig' [ RunTime:0.0101s ]
SQL: SELECT `data`,`datacrc` FROM `think_cache` WHERE `cachekey`='sysconfig' AND (`expire` =0 OR `expire`>1540885974) LIMIT 0,1 [ RunTime:0.0077s ]
SQL: SELECT * FROM `wx_sys_config`  [ RunTime:0.0098s ]
SQL: select `cachekey` from `think_cache` where `cachekey`='sysconfig' limit 0,1 [ RunTime:0.0084s ]
SQL: UPDATE think_cache SET data='a:25:{s:9:"site_name";s:18:"元培微信管理";s:11:"site_domain";s:22:"yuanpeishop.wx.cuci.cc";s:13:"site_keywords";s:0:"";s:9:"site_desc";s:0:"";s:12:"site_contact";s:0:"";s:9:"site_mail";s:0:"";s:7:"site_qq";s:0:"";s:12:"site_company";s:36:"广州楚才信息科技有限公司";s:8:"app_name";s:18:"元培微信管理";s:11:"app_version";s:8:"1.0 beta";s:8:"app_logo";s:25:"glyphicon glyphicon-apple";s:12:"qiniu_bucket";s:7:"ueditor";s:15:"qiniu_accesskey";s:40:"kptWm2wG3vcc5vdG-_H5PTeafNojw8uPV86FHuH5";s:15:"qiniu_secretkey";s:40:"LmCAwO_xBzfz0rlEujPZn3eI8v3f9_UNFeroj3wG";s:12:"qiniu_domain";s:19:"ueditor.cdn.cuci.cc";s:9:"mail_smtp";s:11:"smtp.qq.com";s:13:"mail_username";s:10:"pm@cuci.cc";s:9:"mail_port";s:3:"465";s:13:"mail_password";s:9:"Test12345";s:14:"mail_smtp_auth";s:1:"1";s:9:"mail_from";s:10:"pm@cuci.cc";s:14:"mail_from_name";s:21:"楚才API管理中心";s:11:"mail_secure";s:3:"ssl";s:10:"mail_reply";s:16:"zoujingli@qq.com";s:20:"app_baidu_tongji_key";s:32:"df31b90409cbd7237728ca1a770d72e6";}' ,datacrc='',expire=0 WHERE `cachekey`='sysconfig' [ RunTime:0.0110s ]
INFO: [ view_parse ] --START--
INFO: [ template_filter ] --START--
INFO: Run Behavior\ContentReplaceBehavior [ RunTime:0.000206s ]
INFO: [ template_filter ] --END-- [ RunTime:0.000305s ]
INFO: Run Behavior\ParseTemplateBehavior [ RunTime:0.015965s ]
INFO: [ view_parse ] --END-- [ RunTime:0.016094s ]
INFO: [ view_filter ] --START--
INFO: Run Behavior\WriteHtmlCacheBehavior [ RunTime:0.001220s ]
INFO: Run Library\Behavior\EmptyImageBehavior [ RunTime:0.002911s ]
INFO: [ view_filter ] --END-- [ RunTime:0.004326s ]
INFO: [ app_end ] --START--
INFO: Run Behavior\ShowPageTraceBehavior [ RunTime:0.001585s ]
INFO: [ app_end ] --END-- [ RunTime:0.001696s ]

[ 2018-10-30T15:52:56+08:00 ] ::1 /jonza/index.php/plugin/ueditor.js
SQL: SHOW COLUMNS FROM `wx_app` [ RunTime:0.0072s ]
SQL: SELECT * FROM `wx_app` WHERE `status` = 2 AND ( `id` = null OR `host` = 'localhost' ) LIMIT 1   [ RunTime:0.0069s ]
SQL: SELECT `data`,`datacrc` FROM `think_cache` WHERE `cachekey`='sysconfig' AND (`expire` =0 OR `expire`>1540885976) LIMIT 0,1 [ RunTime:0.0111s ]
SQL: SHOW COLUMNS FROM `wx_sys_config` [ RunTime:0.0211s ]
SQL: SELECT * FROM `wx_sys_config`  [ RunTime:0.0071s ]
SQL: select `cachekey` from `think_cache` where `cachekey`='sysconfig' limit 0,1 [ RunTime:0.0089s ]
SQL: UPDATE think_cache SET data='a:25:{s:9:"site_name";s:18:"元培微信管理";s:11:"site_domain";s:22:"yuanpeishop.wx.cuci.cc";s:13:"site_keywords";s:0:"";s:9:"site_desc";s:0:"";s:12:"site_contact";s:0:"";s:9:"site_mail";s:0:"";s:7:"site_qq";s:0:"";s:12:"site_company";s:36:"广州楚才信息科技有限公司";s:8:"app_name";s:18:"元培微信管理";s:11:"app_version";s:8:"1.0 beta";s:8:"app_logo";s:25:"glyphicon glyphicon-apple";s:12:"qiniu_bucket";s:7:"ueditor";s:15:"qiniu_accesskey";s:40:"kptWm2wG3vcc5vdG-_H5PTeafNojw8uPV86FHuH5";s:15:"qiniu_secretkey";s:40:"LmCAwO_xBzfz0rlEujPZn3eI8v3f9_UNFeroj3wG";s:12:"qiniu_domain";s:19:"ueditor.cdn.cuci.cc";s:9:"mail_smtp";s:11:"smtp.qq.com";s:13:"mail_username";s:10:"pm@cuci.cc";s:9:"mail_port";s:3:"465";s:13:"mail_password";s:9:"Test12345";s:14:"mail_smtp_auth";s:1:"1";s:9:"mail_from";s:10:"pm@cuci.cc";s:14:"mail_from_name";s:21:"楚才API管理中心";s:11:"mail_secure";s:3:"ssl";s:10:"mail_reply";s:16:"zoujingli@qq.com";s:20:"app_baidu_tongji_key";s:32:"df31b90409cbd7237728ca1a770d72e6";}' ,datacrc='',expire=0 WHERE `cachekey`='sysconfig' [ RunTime:0.0112s ]
SQL: SELECT `data`,`datacrc` FROM `think_cache` WHERE `cachekey`='sysconfig' AND (`expire` =0 OR `expire`>1540885976) LIMIT 0,1 [ RunTime:0.0084s ]
SQL: SELECT * FROM `wx_sys_config`  [ RunTime:0.0074s ]
SQL: select `cachekey` from `think_cache` where `cachekey`='sysconfig' limit 0,1 [ RunTime:0.0154s ]
SQL: UPDATE think_cache SET data='a:25:{s:9:"site_name";s:18:"元培微信管理";s:11:"site_domain";s:22:"yuanpeishop.wx.cuci.cc";s:13:"site_keywords";s:0:"";s:9:"site_desc";s:0:"";s:12:"site_contact";s:0:"";s:9:"site_mail";s:0:"";s:7:"site_qq";s:0:"";s:12:"site_company";s:36:"广州楚才信息科技有限公司";s:8:"app_name";s:18:"元培微信管理";s:11:"app_version";s:8:"1.0 beta";s:8:"app_logo";s:25:"glyphicon glyphicon-apple";s:12:"qiniu_bucket";s:7:"ueditor";s:15:"qiniu_accesskey";s:40:"kptWm2wG3vcc5vdG-_H5PTeafNojw8uPV86FHuH5";s:15:"qiniu_secretkey";s:40:"LmCAwO_xBzfz0rlEujPZn3eI8v3f9_UNFeroj3wG";s:12:"qiniu_domain";s:19:"ueditor.cdn.cuci.cc";s:9:"mail_smtp";s:11:"smtp.qq.com";s:13:"mail_username";s:10:"pm@cuci.cc";s:9:"mail_port";s:3:"465";s:13:"mail_password";s:9:"Test12345";s:14:"mail_smtp_auth";s:1:"1";s:9:"mail_from";s:10:"pm@cuci.cc";s:14:"mail_from_name";s:21:"楚才API管理中心";s:11:"mail_secure";s:3:"ssl";s:10:"mail_reply";s:16:"zoujingli@qq.com";s:20:"app_baidu_tongji_key";s:32:"df31b90409cbd7237728ca1a770d72e6";}' ,datacrc='',expire=0 WHERE `cachekey`='sysconfig' [ RunTime:0.0107s ]
SQL: SELECT `data`,`datacrc` FROM `think_cache` WHERE `cachekey`='sysconfig' AND (`expire` =0 OR `expire`>1540885976) LIMIT 0,1 [ RunTime:0.0089s ]
SQL: SELECT * FROM `wx_sys_config`  [ RunTime:0.0075s ]
SQL: select `cachekey` from `think_cache` where `cachekey`='sysconfig' limit 0,1 [ RunTime:0.0080s ]
SQL: UPDATE think_cache SET data='a:25:{s:9:"site_name";s:18:"元培微信管理";s:11:"site_domain";s:22:"yuanpeishop.wx.cuci.cc";s:13:"site_keywords";s:0:"";s:9:"site_desc";s:0:"";s:12:"site_contact";s:0:"";s:9:"site_mail";s:0:"";s:7:"site_qq";s:0:"";s:12:"site_company";s:36:"广州楚才信息科技有限公司";s:8:"app_name";s:18:"元培微信管理";s:11:"app_version";s:8:"1.0 beta";s:8:"app_logo";s:25:"glyphicon glyphicon-apple";s:12:"qiniu_bucket";s:7:"ueditor";s:15:"qiniu_accesskey";s:40:"kptWm2wG3vcc5vdG-_H5PTeafNojw8uPV86FHuH5";s:15:"qiniu_secretkey";s:40:"LmCAwO_xBzfz0rlEujPZn3eI8v3f9_UNFeroj3wG";s:12:"qiniu_domain";s:19:"ueditor.cdn.cuci.cc";s:9:"mail_smtp";s:11:"smtp.qq.com";s:13:"mail_username";s:10:"pm@cuci.cc";s:9:"mail_port";s:3:"465";s:13:"mail_password";s:9:"Test12345";s:14:"mail_smtp_auth";s:1:"1";s:9:"mail_from";s:10:"pm@cuci.cc";s:14:"mail_from_name";s:21:"楚才API管理中心";s:11:"mail_secure";s:3:"ssl";s:10:"mail_reply";s:16:"zoujingli@qq.com";s:20:"app_baidu_tongji_key";s:32:"df31b90409cbd7237728ca1a770d72e6";}' ,datacrc='',expire=0 WHERE `cachekey`='sysconfig' [ RunTime:0.0106s ]
SQL: SELECT `data`,`datacrc` FROM `think_cache` WHERE `cachekey`='sysconfig' AND (`expire` =0 OR `expire`>1540885976) LIMIT 0,1 [ RunTime:0.0085s ]
SQL: SELECT * FROM `wx_sys_config`  [ RunTime:0.0074s ]
SQL: select `cachekey` from `think_cache` where `cachekey`='sysconfig' limit 0,1 [ RunTime:0.0082s ]
SQL: UPDATE think_cache SET data='a:25:{s:9:"site_name";s:18:"元培微信管理";s:11:"site_domain";s:22:"yuanpeishop.wx.cuci.cc";s:13:"site_keywords";s:0:"";s:9:"site_desc";s:0:"";s:12:"site_contact";s:0:"";s:9:"site_mail";s:0:"";s:7:"site_qq";s:0:"";s:12:"site_company";s:36:"广州楚才信息科技有限公司";s:8:"app_name";s:18:"元培微信管理";s:11:"app_version";s:8:"1.0 beta";s:8:"app_logo";s:25:"glyphicon glyphicon-apple";s:12:"qiniu_bucket";s:7:"ueditor";s:15:"qiniu_accesskey";s:40:"kptWm2wG3vcc5vdG-_H5PTeafNojw8uPV86FHuH5";s:15:"qiniu_secretkey";s:40:"LmCAwO_xBzfz0rlEujPZn3eI8v3f9_UNFeroj3wG";s:12:"qiniu_domain";s:19:"ueditor.cdn.cuci.cc";s:9:"mail_smtp";s:11:"smtp.qq.com";s:13:"mail_username";s:10:"pm@cuci.cc";s:9:"mail_port";s:3:"465";s:13:"mail_password";s:9:"Test12345";s:14:"mail_smtp_auth";s:1:"1";s:9:"mail_from";s:10:"pm@cuci.cc";s:14:"mail_from_name";s:21:"楚才API管理中心";s:11:"mail_secure";s:3:"ssl";s:10:"mail_reply";s:16:"zoujingli@qq.com";s:20:"app_baidu_tongji_key";s:32:"df31b90409cbd7237728ca1a770d72e6";}' ,datacrc='',expire=0 WHERE `cachekey`='sysconfig' [ RunTime:0.0155s ]
INFO: [ view_parse ] --START--
INFO: [ template_filter ] --START--
INFO: Run Behavior\ContentReplaceBehavior [ RunTime:0.000060s ]
INFO: [ template_filter ] --END-- [ RunTime:0.000094s ]
INFO: Run Behavior\ParseTemplateBehavior [ RunTime:0.010255s ]
INFO: [ view_parse ] --END-- [ RunTime:0.010301s ]
INFO: [ view_filter ] --START--
INFO: Run Behavior\WriteHtmlCacheBehavior [ RunTime:0.000380s ]
INFO: Run Library\Behavior\EmptyImageBehavior [ RunTime:0.000901s ]
INFO: [ view_filter ] --END-- [ RunTime:0.001321s ]
INFO: [ app_end ] --START--
INFO: Run Behavior\ShowPageTraceBehavior [ RunTime:0.000510s ]
INFO: [ app_end ] --END-- [ RunTime:0.000537s ]

[ 2018-10-30T15:52:58+08:00 ] ::1 /jonza/index.php/plugin/ueditor.js
SQL: SHOW COLUMNS FROM `wx_app` [ RunTime:0.0075s ]
SQL: SELECT * FROM `wx_app` WHERE `status` = 2 AND ( `id` = null OR `host` = 'localhost' ) LIMIT 1   [ RunTime:0.0076s ]
SQL: SELECT `data`,`datacrc` FROM `think_cache` WHERE `cachekey`='sysconfig' AND (`expire` =0 OR `expire`>1540885977) LIMIT 0,1 [ RunTime:0.0072s ]
SQL: SHOW COLUMNS FROM `wx_sys_config` [ RunTime:0.0082s ]
SQL: SELECT * FROM `wx_sys_config`  [ RunTime:0.0075s ]
SQL: select `cachekey` from `think_cache` where `cachekey`='sysconfig' limit 0,1 [ RunTime:0.0066s ]
SQL: UPDATE think_cache SET data='a:25:{s:9:"site_name";s:18:"元培微信管理";s:11:"site_domain";s:22:"yuanpeishop.wx.cuci.cc";s:13:"site_keywords";s:0:"";s:9:"site_desc";s:0:"";s:12:"site_contact";s:0:"";s:9:"site_mail";s:0:"";s:7:"site_qq";s:0:"";s:12:"site_company";s:36:"广州楚才信息科技有限公司";s:8:"app_name";s:18:"元培微信管理";s:11:"app_version";s:8:"1.0 beta";s:8:"app_logo";s:25:"glyphicon glyphicon-apple";s:12:"qiniu_bucket";s:7:"ueditor";s:15:"qiniu_accesskey";s:40:"kptWm2wG3vcc5vdG-_H5PTeafNojw8uPV86FHuH5";s:15:"qiniu_secretkey";s:40:"LmCAwO_xBzfz0rlEujPZn3eI8v3f9_UNFeroj3wG";s:12:"qiniu_domain";s:19:"ueditor.cdn.cuci.cc";s:9:"mail_smtp";s:11:"smtp.qq.com";s:13:"mail_username";s:10:"pm@cuci.cc";s:9:"mail_port";s:3:"465";s:13:"mail_password";s:9:"Test12345";s:14:"mail_smtp_auth";s:1:"1";s:9:"mail_from";s:10:"pm@cuci.cc";s:14:"mail_from_name";s:21:"楚才API管理中心";s:11:"mail_secure";s:3:"ssl";s:10:"mail_reply";s:16:"zoujingli@qq.com";s:20:"app_baidu_tongji_key";s:32:"df31b90409cbd7237728ca1a770d72e6";}' ,datacrc='',expire=0 WHERE `cachekey`='sysconfig' [ RunTime:0.0094s ]
SQL: SELECT `data`,`datacrc` FROM `think_cache` WHERE `cachekey`='sysconfig' AND (`expire` =0 OR `expire`>1540885977) LIMIT 0,1 [ RunTime:0.0074s ]
SQL: SELECT * FROM `wx_sys_config`  [ RunTime:0.0070s ]
SQL: select `cachekey` from `think_cache` where `cachekey`='sysconfig' limit 0,1 [ RunTime:0.0065s ]
SQL: UPDATE think_cache SET data='a:25:{s:9:"site_name";s:18:"元培微信管理";s:11:"site_domain";s:22:"yuanpeishop.wx.cuci.cc";s:13:"site_keywords";s:0:"";s:9:"site_desc";s:0:"";s:12:"site_contact";s:0:"";s:9:"site_mail";s:0:"";s:7:"site_qq";s:0:"";s:12:"site_company";s:36:"广州楚才信息科技有限公司";s:8:"app_name";s:18:"元培微信管理";s:11:"app_version";s:8:"1.0 beta";s:8:"app_logo";s:25:"glyphicon glyphicon-apple";s:12:"qiniu_bucket";s:7:"ueditor";s:15:"qiniu_accesskey";s:40:"kptWm2wG3vcc5vdG-_H5PTeafNojw8uPV86FHuH5";s:15:"qiniu_secretkey";s:40:"LmCAwO_xBzfz0rlEujPZn3eI8v3f9_UNFeroj3wG";s:12:"qiniu_domain";s:19:"ueditor.cdn.cuci.cc";s:9:"mail_smtp";s:11:"smtp.qq.com";s:13:"mail_username";s:10:"pm@cuci.cc";s:9:"mail_port";s:3:"465";s:13:"mail_password";s:9:"Test12345";s:14:"mail_smtp_auth";s:1:"1";s:9:"mail_from";s:10:"pm@cuci.cc";s:14:"mail_from_name";s:21:"楚才API管理中心";s:11:"mail_secure";s:3:"ssl";s:10:"mail_reply";s:16:"zoujingli@qq.com";s:20:"app_baidu_tongji_key";s:32:"df31b90409cbd7237728ca1a770d72e6";}' ,datacrc='',expire=0 WHERE `cachekey`='sysconfig' [ RunTime:0.0089s ]
SQL: SELECT `data`,`datacrc` FROM `think_cache` WHERE `cachekey`='sysconfig' AND (`expire` =0 OR `expire`>1540885978) LIMIT 0,1 [ RunTime:0.0070s ]
SQL: SELECT * FROM `wx_sys_config`  [ RunTime:0.0071s ]
SQL: select `cachekey` from `think_cache` where `cachekey`='sysconfig' limit 0,1 [ RunTime:0.0065s ]
SQL: UPDATE think_cache SET data='a:25:{s:9:"site_name";s:18:"元培微信管理";s:11:"site_domain";s:22:"yuanpeishop.wx.cuci.cc";s:13:"site_keywords";s:0:"";s:9:"site_desc";s:0:"";s:12:"site_contact";s:0:"";s:9:"site_mail";s:0:"";s:7:"site_qq";s:0:"";s:12:"site_company";s:36:"广州楚才信息科技有限公司";s:8:"app_name";s:18:"元培微信管理";s:11:"app_version";s:8:"1.0 beta";s:8:"app_logo";s:25:"glyphicon glyphicon-apple";s:12:"qiniu_bucket";s:7:"ueditor";s:15:"qiniu_accesskey";s:40:"kptWm2wG3vcc5vdG-_H5PTeafNojw8uPV86FHuH5";s:15:"qiniu_secretkey";s:40:"LmCAwO_xBzfz0rlEujPZn3eI8v3f9_UNFeroj3wG";s:12:"qiniu_domain";s:19:"ueditor.cdn.cuci.cc";s:9:"mail_smtp";s:11:"smtp.qq.com";s:13:"mail_username";s:10:"pm@cuci.cc";s:9:"mail_port";s:3:"465";s:13:"mail_password";s:9:"Test12345";s:14:"mail_smtp_auth";s:1:"1";s:9:"mail_from";s:10:"pm@cuci.cc";s:14:"mail_from_name";s:21:"楚才API管理中心";s:11:"mail_secure";s:3:"ssl";s:10:"mail_reply";s:16:"zoujingli@qq.com";s:20:"app_baidu_tongji_key";s:32:"df31b90409cbd7237728ca1a770d72e6";}' ,datacrc='',expire=0 WHERE `cachekey`='sysconfig' [ RunTime:0.0117s ]
SQL: SELECT `data`,`datacrc` FROM `think_cache` WHERE `cachekey`='sysconfig' AND (`expire` =0 OR `expire`>1540885978) LIMIT 0,1 [ RunTime:0.0073s ]
SQL: SELECT * FROM `wx_sys_config`  [ RunTime:0.0072s ]
SQL: select `cachekey` from `think_cache` where `cachekey`='sysconfig' limit 0,1 [ RunTime:0.0073s ]
SQL: UPDATE think_cache SET data='a:25:{s:9:"site_name";s:18:"元培微信管理";s:11:"site_domain";s:22:"yuanpeishop.wx.cuci.cc";s:13:"site_keywords";s:0:"";s:9:"site_desc";s:0:"";s:12:"site_contact";s:0:"";s:9:"site_mail";s:0:"";s:7:"site_qq";s:0:"";s:12:"site_company";s:36:"广州楚才信息科技有限公司";s:8:"app_name";s:18:"元培微信管理";s:11:"app_version";s:8:"1.0 beta";s:8:"app_logo";s:25:"glyphicon glyphicon-apple";s:12:"qiniu_bucket";s:7:"ueditor";s:15:"qiniu_accesskey";s:40:"kptWm2wG3vcc5vdG-_H5PTeafNojw8uPV86FHuH5";s:15:"qiniu_secretkey";s:40:"LmCAwO_xBzfz0rlEujPZn3eI8v3f9_UNFeroj3wG";s:12:"qiniu_domain";s:19:"ueditor.cdn.cuci.cc";s:9:"mail_smtp";s:11:"smtp.qq.com";s:13:"mail_username";s:10:"pm@cuci.cc";s:9:"mail_port";s:3:"465";s:13:"mail_password";s:9:"Test12345";s:14:"mail_smtp_auth";s:1:"1";s:9:"mail_from";s:10:"pm@cuci.cc";s:14:"mail_from_name";s:21:"楚才API管理中心";s:11:"mail_secure";s:3:"ssl";s:10:"mail_reply";s:16:"zoujingli@qq.com";s:20:"app_baidu_tongji_key";s:32:"df31b90409cbd7237728ca1a770d72e6";}' ,datacrc='',expire=0 WHERE `cachekey`='sysconfig' [ RunTime:0.0091s ]
INFO: [ view_parse ] --START--
INFO: [ template_filter ] --START--
INFO: Run Behavior\ContentReplaceBehavior [ RunTime:0.000058s ]
INFO: [ template_filter ] --END-- [ RunTime:0.000086s ]
INFO: Run Behavior\ParseTemplateBehavior [ RunTime:0.004487s ]
INFO: [ view_parse ] --END-- [ RunTime:0.004529s ]
INFO: [ view_filter ] --START--
INFO: Run Behavior\WriteHtmlCacheBehavior [ RunTime:0.000349s ]
INFO: Run Library\Behavior\EmptyImageBehavior [ RunTime:0.000706s ]
INFO: [ view_filter ] --END-- [ RunTime:0.001097s ]
INFO: [ app_end ] --START--
INFO: Run Behavior\ShowPageTraceBehavior [ RunTime:0.000479s ]
INFO: [ app_end ] --END-- [ RunTime:0.000515s ]

[ 2018-10-30T15:53:00+08:00 ] ::1 /jonza/index.php/plugin/ueditor.js
SQL: SHOW COLUMNS FROM `wx_app` [ RunTime:0.0075s ]
SQL: SELECT * FROM `wx_app` WHERE `status` = 2 AND ( `id` = null OR `host` = 'localhost' ) LIMIT 1   [ RunTime:0.0069s ]
SQL: SELECT `data`,`datacrc` FROM `think_cache` WHERE `cachekey`='sysconfig' AND (`expire` =0 OR `expire`>1540885980) LIMIT 0,1 [ RunTime:0.0080s ]
SQL: SHOW COLUMNS FROM `wx_sys_config` [ RunTime:0.0077s ]
SQL: SELECT * FROM `wx_sys_config`  [ RunTime:0.0066s ]
SQL: select `cachekey` from `think_cache` where `cachekey`='sysconfig' limit 0,1 [ RunTime:0.0071s ]
SQL: UPDATE think_cache SET data='a:25:{s:9:"site_name";s:18:"元培微信管理";s:11:"site_domain";s:22:"yuanpeishop.wx.cuci.cc";s:13:"site_keywords";s:0:"";s:9:"site_desc";s:0:"";s:12:"site_contact";s:0:"";s:9:"site_mail";s:0:"";s:7:"site_qq";s:0:"";s:12:"site_company";s:36:"广州楚才信息科技有限公司";s:8:"app_name";s:18:"元培微信管理";s:11:"app_version";s:8:"1.0 beta";s:8:"app_logo";s:25:"glyphicon glyphicon-apple";s:12:"qiniu_bucket";s:7:"ueditor";s:15:"qiniu_accesskey";s:40:"kptWm2wG3vcc5vdG-_H5PTeafNojw8uPV86FHuH5";s:15:"qiniu_secretkey";s:40:"LmCAwO_xBzfz0rlEujPZn3eI8v3f9_UNFeroj3wG";s:12:"qiniu_domain";s:19:"ueditor.cdn.cuci.cc";s:9:"mail_smtp";s:11:"smtp.qq.com";s:13:"mail_username";s:10:"pm@cuci.cc";s:9:"mail_port";s:3:"465";s:13:"mail_password";s:9:"Test12345";s:14:"mail_smtp_auth";s:1:"1";s:9:"mail_from";s:10:"pm@cuci.cc";s:14:"mail_from_name";s:21:"楚才API管理中心";s:11:"mail_secure";s:3:"ssl";s:10:"mail_reply";s:16:"zoujingli@qq.com";s:20:"app_baidu_tongji_key";s:32:"df31b90409cbd7237728ca1a770d72e6";}' ,datacrc='',expire=0 WHERE `cachekey`='sysconfig' [ RunTime:0.0104s ]
SQL: SELECT `data`,`datacrc` FROM `think_cache` WHERE `cachekey`='sysconfig' AND (`expire` =0 OR `expire`>1540885980) LIMIT 0,1 [ RunTime:0.0076s ]
SQL: SELECT * FROM `wx_sys_config`  [ RunTime:0.0068s ]
SQL: select `cachekey` from `think_cache` where `cachekey`='sysconfig' limit 0,1 [ RunTime:0.0077s ]
SQL: UPDATE think_cache SET data='a:25:{s:9:"site_name";s:18:"元培微信管理";s:11:"site_domain";s:22:"yuanpeishop.wx.cuci.cc";s:13:"site_keywords";s:0:"";s:9:"site_desc";s:0:"";s:12:"site_contact";s:0:"";s:9:"site_mail";s:0:"";s:7:"site_qq";s:0:"";s:12:"site_company";s:36:"广州楚才信息科技有限公司";s:8:"app_name";s:18:"元培微信管理";s:11:"app_version";s:8:"1.0 beta";s:8:"app_logo";s:25:"glyphicon glyphicon-apple";s:12:"qiniu_bucket";s:7:"ueditor";s:15:"qiniu_accesskey";s:40:"kptWm2wG3vcc5vdG-_H5PTeafNojw8uPV86FHuH5";s:15:"qiniu_secretkey";s:40:"LmCAwO_xBzfz0rlEujPZn3eI8v3f9_UNFeroj3wG";s:12:"qiniu_domain";s:19:"ueditor.cdn.cuci.cc";s:9:"mail_smtp";s:11:"smtp.qq.com";s:13:"mail_username";s:10:"pm@cuci.cc";s:9:"mail_port";s:3:"465";s:13:"mail_password";s:9:"Test12345";s:14:"mail_smtp_auth";s:1:"1";s:9:"mail_from";s:10:"pm@cuci.cc";s:14:"mail_from_name";s:21:"楚才API管理中心";s:11:"mail_secure";s:3:"ssl";s:10:"mail_reply";s:16:"zoujingli@qq.com";s:20:"app_baidu_tongji_key";s:32:"df31b90409cbd7237728ca1a770d72e6";}' ,datacrc='',expire=0 WHERE `cachekey`='sysconfig' [ RunTime:0.0146s ]
SQL: SELECT `data`,`datacrc` FROM `think_cache` WHERE `cachekey`='sysconfig' AND (`expire` =0 OR `expire`>1540885980) LIMIT 0,1 [ RunTime:0.0074s ]
SQL: SELECT * FROM `wx_sys_config`  [ RunTime:0.0065s ]
SQL: select `cachekey` from `think_cache` where `cachekey`='sysconfig' limit 0,1 [ RunTime:0.0071s ]
SQL: UPDATE think_cache SET data='a:25:{s:9:"site_name";s:18:"元培微信管理";s:11:"site_domain";s:22:"yuanpeishop.wx.cuci.cc";s:13:"site_keywords";s:0:"";s:9:"site_desc";s:0:"";s:12:"site_contact";s:0:"";s:9:"site_mail";s:0:"";s:7:"site_qq";s:0:"";s:12:"site_company";s:36:"广州楚才信息科技有限公司";s:8:"app_name";s:18:"元培微信管理";s:11:"app_version";s:8:"1.0 beta";s:8:"app_logo";s:25:"glyphicon glyphicon-apple";s:12:"qiniu_bucket";s:7:"ueditor";s:15:"qiniu_accesskey";s:40:"kptWm2wG3vcc5vdG-_H5PTeafNojw8uPV86FHuH5";s:15:"qiniu_secretkey";s:40:"LmCAwO_xBzfz0rlEujPZn3eI8v3f9_UNFeroj3wG";s:12:"qiniu_domain";s:19:"ueditor.cdn.cuci.cc";s:9:"mail_smtp";s:11:"smtp.qq.com";s:13:"mail_username";s:10:"pm@cuci.cc";s:9:"mail_port";s:3:"465";s:13:"mail_password";s:9:"Test12345";s:14:"mail_smtp_auth";s:1:"1";s:9:"mail_from";s:10:"pm@cuci.cc";s:14:"mail_from_name";s:21:"楚才API管理中心";s:11:"mail_secure";s:3:"ssl";s:10:"mail_reply";s:16:"zoujingli@qq.com";s:20:"app_baidu_tongji_key";s:32:"df31b90409cbd7237728ca1a770d72e6";}' ,datacrc='',expire=0 WHERE `cachekey`='sysconfig' [ RunTime:0.0096s ]
SQL: SELECT `data`,`datacrc` FROM `think_cache` WHERE `cachekey`='sysconfig' AND (`expire` =0 OR `expire`>1540885980) LIMIT 0,1 [ RunTime:0.0074s ]
SQL: SELECT * FROM `wx_sys_config`  [ RunTime:0.0075s ]
SQL: select `cachekey` from `think_cache` where `cachekey`='sysconfig' limit 0,1 [ RunTime:0.0070s ]
SQL: UPDATE think_cache SET data='a:25:{s:9:"site_name";s:18:"元培微信管理";s:11:"site_domain";s:22:"yuanpeishop.wx.cuci.cc";s:13:"site_keywords";s:0:"";s:9:"site_desc";s:0:"";s:12:"site_contact";s:0:"";s:9:"site_mail";s:0:"";s:7:"site_qq";s:0:"";s:12:"site_company";s:36:"广州楚才信息科技有限公司";s:8:"app_name";s:18:"元培微信管理";s:11:"app_version";s:8:"1.0 beta";s:8:"app_logo";s:25:"glyphicon glyphicon-apple";s:12:"qiniu_bucket";s:7:"ueditor";s:15:"qiniu_accesskey";s:40:"kptWm2wG3vcc5vdG-_H5PTeafNojw8uPV86FHuH5";s:15:"qiniu_secretkey";s:40:"LmCAwO_xBzfz0rlEujPZn3eI8v3f9_UNFeroj3wG";s:12:"qiniu_domain";s:19:"ueditor.cdn.cuci.cc";s:9:"mail_smtp";s:11:"smtp.qq.com";s:13:"mail_username";s:10:"pm@cuci.cc";s:9:"mail_port";s:3:"465";s:13:"mail_password";s:9:"Test12345";s:14:"mail_smtp_auth";s:1:"1";s:9:"mail_from";s:10:"pm@cuci.cc";s:14:"mail_from_name";s:21:"楚才API管理中心";s:11:"mail_secure";s:3:"ssl";s:10:"mail_reply";s:16:"zoujingli@qq.com";s:20:"app_baidu_tongji_key";s:32:"df31b90409cbd7237728ca1a770d72e6";}' ,datacrc='',expire=0 WHERE `cachekey`='sysconfig' [ RunTime:0.0094s ]
INFO: [ view_parse ] --START--
INFO: [ template_filter ] --START--
INFO: Run Behavior\ContentReplaceBehavior [ RunTime:0.000061s ]
INFO: [ template_filter ] --END-- [ RunTime:0.000094s ]
INFO: Run Behavior\ParseTemplateBehavior [ RunTime:0.004809s ]
INFO: [ view_parse ] --END-- [ RunTime:0.004850s ]
INFO: [ view_filter ] --START--
INFO: Run Behavior\WriteHtmlCacheBehavior [ RunTime:0.000340s ]
INFO: Run Library\Behavior\EmptyImageBehavior [ RunTime:0.000696s ]
INFO: [ view_filter ] --END-- [ RunTime:0.001076s ]
INFO: [ app_end ] --START--
INFO: Run Behavior\ShowPageTraceBehavior [ RunTime:0.000436s ]
INFO: [ app_end ] --END-- [ RunTime:0.000474s ]

[ 2018-10-30T15:53:30+08:00 ] ::1 /jonza/index.php/plugin/ueditor.js
SQL: SHOW COLUMNS FROM `wx_app` [ RunTime:0.0076s ]
SQL: SELECT * FROM `wx_app` WHERE `status` = 2 AND ( `id` = null OR `host` = 'localhost' ) LIMIT 1   [ RunTime:0.0078s ]
SQL: SELECT `data`,`datacrc` FROM `think_cache` WHERE `cachekey`='sysconfig' AND (`expire` =0 OR `expire`>1540886010) LIMIT 0,1 [ RunTime:0.0082s ]
SQL: SHOW COLUMNS FROM `wx_sys_config` [ RunTime:0.0071s ]
SQL: SELECT * FROM `wx_sys_config`  [ RunTime:0.0076s ]
SQL: select `cachekey` from `think_cache` where `cachekey`='sysconfig' limit 0,1 [ RunTime:0.0079s ]
SQL: UPDATE think_cache SET data='a:25:{s:9:"site_name";s:18:"元培微信管理";s:11:"site_domain";s:22:"yuanpeishop.wx.cuci.cc";s:13:"site_keywords";s:0:"";s:9:"site_desc";s:0:"";s:12:"site_contact";s:0:"";s:9:"site_mail";s:0:"";s:7:"site_qq";s:0:"";s:12:"site_company";s:36:"广州楚才信息科技有限公司";s:8:"app_name";s:18:"元培微信管理";s:11:"app_version";s:8:"1.0 beta";s:8:"app_logo";s:25:"glyphicon glyphicon-apple";s:12:"qiniu_bucket";s:7:"ueditor";s:15:"qiniu_accesskey";s:40:"kptWm2wG3vcc5vdG-_H5PTeafNojw8uPV86FHuH5";s:15:"qiniu_secretkey";s:40:"LmCAwO_xBzfz0rlEujPZn3eI8v3f9_UNFeroj3wG";s:12:"qiniu_domain";s:19:"ueditor.cdn.cuci.cc";s:9:"mail_smtp";s:11:"smtp.qq.com";s:13:"mail_username";s:10:"pm@cuci.cc";s:9:"mail_port";s:3:"465";s:13:"mail_password";s:9:"Test12345";s:14:"mail_smtp_auth";s:1:"1";s:9:"mail_from";s:10:"pm@cuci.cc";s:14:"mail_from_name";s:21:"楚才API管理中心";s:11:"mail_secure";s:3:"ssl";s:10:"mail_reply";s:16:"zoujingli@qq.com";s:20:"app_baidu_tongji_key";s:32:"df31b90409cbd7237728ca1a770d72e6";}' ,datacrc='',expire=0 WHERE `cachekey`='sysconfig' [ RunTime:0.0103s ]
SQL: SELECT `data`,`datacrc` FROM `think_cache` WHERE `cachekey`='sysconfig' AND (`expire` =0 OR `expire`>1540886010) LIMIT 0,1 [ RunTime:0.0073s ]
SQL: SELECT * FROM `wx_sys_config`  [ RunTime:0.0070s ]
SQL: select `cachekey` from `think_cache` where `cachekey`='sysconfig' limit 0,1 [ RunTime:0.0076s ]
SQL: UPDATE think_cache SET data='a:25:{s:9:"site_name";s:18:"元培微信管理";s:11:"site_domain";s:22:"yuanpeishop.wx.cuci.cc";s:13:"site_keywords";s:0:"";s:9:"site_desc";s:0:"";s:12:"site_contact";s:0:"";s:9:"site_mail";s:0:"";s:7:"site_qq";s:0:"";s:12:"site_company";s:36:"广州楚才信息科技有限公司";s:8:"app_name";s:18:"元培微信管理";s:11:"app_version";s:8:"1.0 beta";s:8:"app_logo";s:25:"glyphicon glyphicon-apple";s:12:"qiniu_bucket";s:7:"ueditor";s:15:"qiniu_accesskey";s:40:"kptWm2wG3vcc5vdG-_H5PTeafNojw8uPV86FHuH5";s:15:"qiniu_secretkey";s:40:"LmCAwO_xBzfz0rlEujPZn3eI8v3f9_UNFeroj3wG";s:12:"qiniu_domain";s:19:"ueditor.cdn.cuci.cc";s:9:"mail_smtp";s:11:"smtp.qq.com";s:13:"mail_username";s:10:"pm@cuci.cc";s:9:"mail_port";s:3:"465";s:13:"mail_password";s:9:"Test12345";s:14:"mail_smtp_auth";s:1:"1";s:9:"mail_from";s:10:"pm@cuci.cc";s:14:"mail_from_name";s:21:"楚才API管理中心";s:11:"mail_secure";s:3:"ssl";s:10:"mail_reply";s:16:"zoujingli@qq.com";s:20:"app_baidu_tongji_key";s:32:"df31b90409cbd7237728ca1a770d72e6";}' ,datacrc='',expire=0 WHERE `cachekey`='sysconfig' [ RunTime:0.0092s ]
SQL: SELECT `data`,`datacrc` FROM `think_cache` WHERE `cachekey`='sysconfig' AND (`expire` =0 OR `expire`>1540886010) LIMIT 0,1 [ RunTime:0.0077s ]
SQL: SELECT * FROM `wx_sys_config`  [ RunTime:0.0070s ]
SQL: select `cachekey` from `think_cache` where `cachekey`='sysconfig' limit 0,1 [ RunTime:0.0075s ]
SQL: UPDATE think_cache SET data='a:25:{s:9:"site_name";s:18:"元培微信管理";s:11:"site_domain";s:22:"yuanpeishop.wx.cuci.cc";s:13:"site_keywords";s:0:"";s:9:"site_desc";s:0:"";s:12:"site_contact";s:0:"";s:9:"site_mail";s:0:"";s:7:"site_qq";s:0:"";s:12:"site_company";s:36:"广州楚才信息科技有限公司";s:8:"app_name";s:18:"元培微信管理";s:11:"app_version";s:8:"1.0 beta";s:8:"app_logo";s:25:"glyphicon glyphicon-apple";s:12:"qiniu_bucket";s:7:"ueditor";s:15:"qiniu_accesskey";s:40:"kptWm2wG3vcc5vdG-_H5PTeafNojw8uPV86FHuH5";s:15:"qiniu_secretkey";s:40:"LmCAwO_xBzfz0rlEujPZn3eI8v3f9_UNFeroj3wG";s:12:"qiniu_domain";s:19:"ueditor.cdn.cuci.cc";s:9:"mail_smtp";s:11:"smtp.qq.com";s:13:"mail_username";s:10:"pm@cuci.cc";s:9:"mail_port";s:3:"465";s:13:"mail_password";s:9:"Test12345";s:14:"mail_smtp_auth";s:1:"1";s:9:"mail_from";s:10:"pm@cuci.cc";s:14:"mail_from_name";s:21:"楚才API管理中心";s:11:"mail_secure";s:3:"ssl";s:10:"mail_reply";s:16:"zoujingli@qq.com";s:20:"app_baidu_tongji_key";s:32:"df31b90409cbd7237728ca1a770d72e6";}' ,datacrc='',expire=0 WHERE `cachekey`='sysconfig' [ RunTime:0.0091s ]
SQL: SELECT `data`,`datacrc` FROM `think_cache` WHERE `cachekey`='sysconfig' AND (`expire` =0 OR `expire`>1540886010) LIMIT 0,1 [ RunTime:0.0069s ]
SQL: SELECT * FROM `wx_sys_config`  [ RunTime:0.0069s ]
SQL: select `cachekey` from `think_cache` where `cachekey`='sysconfig' limit 0,1 [ RunTime:0.0068s ]
SQL: UPDATE think_cache SET data='a:25:{s:9:"site_name";s:18:"元培微信管理";s:11:"site_domain";s:22:"yuanpeishop.wx.cuci.cc";s:13:"site_keywords";s:0:"";s:9:"site_desc";s:0:"";s:12:"site_contact";s:0:"";s:9:"site_mail";s:0:"";s:7:"site_qq";s:0:"";s:12:"site_company";s:36:"广州楚才信息科技有限公司";s:8:"app_name";s:18:"元培微信管理";s:11:"app_version";s:8:"1.0 beta";s:8:"app_logo";s:25:"glyphicon glyphicon-apple";s:12:"qiniu_bucket";s:7:"ueditor";s:15:"qiniu_accesskey";s:40:"kptWm2wG3vcc5vdG-_H5PTeafNojw8uPV86FHuH5";s:15:"qiniu_secretkey";s:40:"LmCAwO_xBzfz0rlEujPZn3eI8v3f9_UNFeroj3wG";s:12:"qiniu_domain";s:19:"ueditor.cdn.cuci.cc";s:9:"mail_smtp";s:11:"smtp.qq.com";s:13:"mail_username";s:10:"pm@cuci.cc";s:9:"mail_port";s:3:"465";s:13:"mail_password";s:9:"Test12345";s:14:"mail_smtp_auth";s:1:"1";s:9:"mail_from";s:10:"pm@cuci.cc";s:14:"mail_from_name";s:21:"楚才API管理中心";s:11:"mail_secure";s:3:"ssl";s:10:"mail_reply";s:16:"zoujingli@qq.com";s:20:"app_baidu_tongji_key";s:32:"df31b90409cbd7237728ca1a770d72e6";}' ,datacrc='',expire=0 WHERE `cachekey`='sysconfig' [ RunTime:0.0095s ]
INFO: [ view_parse ] --START--
INFO: [ template_filter ] --START--
INFO: Run Behavior\ContentReplaceBehavior [ RunTime:0.000061s ]
INFO: [ template_filter ] --END-- [ RunTime:0.000090s ]
INFO: Run Behavior\ParseTemplateBehavior [ RunTime:0.004548s ]
INFO: [ view_parse ] --END-- [ RunTime:0.004590s ]
INFO: [ view_filter ] --START--
INFO: Run Behavior\WriteHtmlCacheBehavior [ RunTime:0.000355s ]
INFO: Run Library\Behavior\EmptyImageBehavior [ RunTime:0.000673s ]
INFO: [ view_filter ] --END-- [ RunTime:0.001069s ]
INFO: [ app_end ] --START--
INFO: Run Behavior\ShowPageTraceBehavior [ RunTime:0.000445s ]
INFO: [ app_end ] --END-- [ RunTime:0.000475s ]

