[ 2018-12-25T14:49:54+08:00 ] 219.137.49.55 /jonza/index.php/plugin/ueditor.js
SQL: SHOW COLUMNS FROM `wx_app` [ RunTime:0.0020s ]
SQL: SELECT * FROM `wx_app` WHERE `status` = 2 AND ( `id` = null OR `host` = '112.74.177.108' ) LIMIT 1   [ RunTime:0.0017s ]
SQL: SELECT `data`,`datacrc` FROM `think_cache` WHERE `cachekey`='sysconfig' AND (`expire` =0 OR `expire`>1545720594) LIMIT 0,1 [ RunTime:0.0021s ]
SQL: SHOW COLUMNS FROM `wx_sys_config` [ RunTime:0.0020s ]
SQL: SELECT * FROM `wx_sys_config`  [ RunTime:0.0017s ]
SQL: select `cachekey` from `think_cache` where `cachekey`='sysconfig' limit 0,1 [ RunTime:0.0021s ]
SQL: UPDATE think_cache SET data='a:25:{s:9:"site_name";s:16:"乐V微信管理";s:11:"site_domain";s:11:"c-r-bin.top";s:13:"site_keywords";s:0:"";s:9:"site_desc";s:0:"";s:12:"site_contact";s:0:"";s:9:"site_mail";s:0:"";s:7:"site_qq";s:0:"";s:12:"site_company";s:22:"广州乐V有限公司";s:8:"app_name";s:16:"乐V微信管理";s:11:"app_version";s:8:"1.0 beta";s:8:"app_logo";s:25:"glyphicon glyphicon-apple";s:12:"qiniu_bucket";s:6:"weixin";s:15:"qiniu_accesskey";s:40:"WjyRG6dWapiMbnUxkzw0zFpD3yWdpYss0QOD0pX0";s:15:"qiniu_secretkey";s:40:"D0bGgDeJC0O7y4LvLf6mCQwEn5C_dV0OlPNMTjAf";s:12:"qiniu_domain";s:11:"c-r-bon.top";s:9:"mail_smtp";s:11:"smtp.qq.com";s:13:"mail_username";s:10:"pm@cuci.cc";s:9:"mail_port";s:3:"465";s:13:"mail_password";s:9:"Test12345";s:14:"mail_smtp_auth";s:1:"1";s:9:"mail_from";s:10:"pm@cuci.cc";s:14:"mail_from_name";s:21:"楚才API管理中心";s:11:"mail_secure";s:3:"ssl";s:10:"mail_reply";s:16:"zoujingli@qq.com";s:20:"app_baidu_tongji_key";s:10:"7b6503de0e";}' ,datacrc='',expire=0 WHERE `cachekey`='sysconfig' [ RunTime:0.0043s ]
SQL: SELECT `data`,`datacrc` FROM `think_cache` WHERE `cachekey`='sysconfig' AND (`expire` =0 OR `expire`>1545720594) LIMIT 0,1 [ RunTime:0.0020s ]
SQL: SELECT * FROM `wx_sys_config`  [ RunTime:0.0017s ]
SQL: select `cachekey` from `think_cache` where `cachekey`='sysconfig' limit 0,1 [ RunTime:0.0019s ]
SQL: UPDATE think_cache SET data='a:25:{s:9:"site_name";s:16:"乐V微信管理";s:11:"site_domain";s:11:"c-r-bin.top";s:13:"site_keywords";s:0:"";s:9:"site_desc";s:0:"";s:12:"site_contact";s:0:"";s:9:"site_mail";s:0:"";s:7:"site_qq";s:0:"";s:12:"site_company";s:22:"广州乐V有限公司";s:8:"app_name";s:16:"乐V微信管理";s:11:"app_version";s:8:"1.0 beta";s:8:"app_logo";s:25:"glyphicon glyphicon-apple";s:12:"qiniu_bucket";s:6:"weixin";s:15:"qiniu_accesskey";s:40:"WjyRG6dWapiMbnUxkzw0zFpD3yWdpYss0QOD0pX0";s:15:"qiniu_secretkey";s:40:"D0bGgDeJC0O7y4LvLf6mCQwEn5C_dV0OlPNMTjAf";s:12:"qiniu_domain";s:11:"c-r-bon.top";s:9:"mail_smtp";s:11:"smtp.qq.com";s:13:"mail_username";s:10:"pm@cuci.cc";s:9:"mail_port";s:3:"465";s:13:"mail_password";s:9:"Test12345";s:14:"mail_smtp_auth";s:1:"1";s:9:"mail_from";s:10:"pm@cuci.cc";s:14:"mail_from_name";s:21:"楚才API管理中心";s:11:"mail_secure";s:3:"ssl";s:10:"mail_reply";s:16:"zoujingli@qq.com";s:20:"app_baidu_tongji_key";s:10:"7b6503de0e";}' ,datacrc='',expire=0 WHERE `cachekey`='sysconfig' [ RunTime:0.0047s ]
SQL: SELECT `data`,`datacrc` FROM `think_cache` WHERE `cachekey`='sysconfig' AND (`expire` =0 OR `expire`>1545720594) LIMIT 0,1 [ RunTime:0.0021s ]
SQL: SELECT * FROM `wx_sys_config`  [ RunTime:0.0017s ]
SQL: select `cachekey` from `think_cache` where `cachekey`='sysconfig' limit 0,1 [ RunTime:0.0019s ]
SQL: UPDATE think_cache SET data='a:25:{s:9:"site_name";s:16:"乐V微信管理";s:11:"site_domain";s:11:"c-r-bin.top";s:13:"site_keywords";s:0:"";s:9:"site_desc";s:0:"";s:12:"site_contact";s:0:"";s:9:"site_mail";s:0:"";s:7:"site_qq";s:0:"";s:12:"site_company";s:22:"广州乐V有限公司";s:8:"app_name";s:16:"乐V微信管理";s:11:"app_version";s:8:"1.0 beta";s:8:"app_logo";s:25:"glyphicon glyphicon-apple";s:12:"qiniu_bucket";s:6:"weixin";s:15:"qiniu_accesskey";s:40:"WjyRG6dWapiMbnUxkzw0zFpD3yWdpYss0QOD0pX0";s:15:"qiniu_secretkey";s:40:"D0bGgDeJC0O7y4LvLf6mCQwEn5C_dV0OlPNMTjAf";s:12:"qiniu_domain";s:11:"c-r-bon.top";s:9:"mail_smtp";s:11:"smtp.qq.com";s:13:"mail_username";s:10:"pm@cuci.cc";s:9:"mail_port";s:3:"465";s:13:"mail_password";s:9:"Test12345";s:14:"mail_smtp_auth";s:1:"1";s:9:"mail_from";s:10:"pm@cuci.cc";s:14:"mail_from_name";s:21:"楚才API管理中心";s:11:"mail_secure";s:3:"ssl";s:10:"mail_reply";s:16:"zoujingli@qq.com";s:20:"app_baidu_tongji_key";s:10:"7b6503de0e";}' ,datacrc='',expire=0 WHERE `cachekey`='sysconfig' [ RunTime:0.0041s ]
SQL: SELECT `data`,`datacrc` FROM `think_cache` WHERE `cachekey`='sysconfig' AND (`expire` =0 OR `expire`>1545720594) LIMIT 0,1 [ RunTime:0.0020s ]
SQL: SELECT * FROM `wx_sys_config`  [ RunTime:0.0017s ]
SQL: select `cachekey` from `think_cache` where `cachekey`='sysconfig' limit 0,1 [ RunTime:0.0019s ]
SQL: UPDATE think_cache SET data='a:25:{s:9:"site_name";s:16:"乐V微信管理";s:11:"site_domain";s:11:"c-r-bin.top";s:13:"site_keywords";s:0:"";s:9:"site_desc";s:0:"";s:12:"site_contact";s:0:"";s:9:"site_mail";s:0:"";s:7:"site_qq";s:0:"";s:12:"site_company";s:22:"广州乐V有限公司";s:8:"app_name";s:16:"乐V微信管理";s:11:"app_version";s:8:"1.0 beta";s:8:"app_logo";s:25:"glyphicon glyphicon-apple";s:12:"qiniu_bucket";s:6:"weixin";s:15:"qiniu_accesskey";s:40:"WjyRG6dWapiMbnUxkzw0zFpD3yWdpYss0QOD0pX0";s:15:"qiniu_secretkey";s:40:"D0bGgDeJC0O7y4LvLf6mCQwEn5C_dV0OlPNMTjAf";s:12:"qiniu_domain";s:11:"c-r-bon.top";s:9:"mail_smtp";s:11:"smtp.qq.com";s:13:"mail_username";s:10:"pm@cuci.cc";s:9:"mail_port";s:3:"465";s:13:"mail_password";s:9:"Test12345";s:14:"mail_smtp_auth";s:1:"1";s:9:"mail_from";s:10:"pm@cuci.cc";s:14:"mail_from_name";s:21:"楚才API管理中心";s:11:"mail_secure";s:3:"ssl";s:10:"mail_reply";s:16:"zoujingli@qq.com";s:20:"app_baidu_tongji_key";s:10:"7b6503de0e";}' ,datacrc='',expire=0 WHERE `cachekey`='sysconfig' [ RunTime:0.0046s ]
INFO: [ view_parse ] --START--
INFO: [ template_filter ] --START--
INFO: Run Behavior\ContentReplaceBehavior [ RunTime:0.000066s ]
INFO: [ template_filter ] --END-- [ RunTime:0.000104s ]
INFO: Run Behavior\ParseTemplateBehavior [ RunTime:0.002656s ]
INFO: [ view_parse ] --END-- [ RunTime:0.002693s ]
INFO: [ view_filter ] --START--
INFO: Run Behavior\WriteHtmlCacheBehavior [ RunTime:0.000088s ]
INFO: Run Library\Behavior\EmptyImageBehavior [ RunTime:0.000231s ]
INFO: [ view_filter ] --END-- [ RunTime:0.000356s ]
INFO: [ app_end ] --START--
INFO: Run Behavior\ShowPageTraceBehavior [ RunTime:0.000109s ]
INFO: [ app_end ] --END-- [ RunTime:0.000133s ]

[ 2018-12-25T14:50:02+08:00 ] 219.137.49.55 /jonza/index.php/plugin/ueditor.js
SQL: SHOW COLUMNS FROM `wx_app` [ RunTime:0.0028s ]
SQL: SELECT * FROM `wx_app` WHERE `status` = 2 AND ( `id` = null OR `host` = '112.74.177.108' ) LIMIT 1   [ RunTime:0.0023s ]
SQL: SELECT `data`,`datacrc` FROM `think_cache` WHERE `cachekey`='sysconfig' AND (`expire` =0 OR `expire`>1545720602) LIMIT 0,1 [ RunTime:0.0022s ]
SQL: SHOW COLUMNS FROM `wx_sys_config` [ RunTime:0.0026s ]
SQL: SELECT * FROM `wx_sys_config`  [ RunTime:0.0023s ]
SQL: select `cachekey` from `think_cache` where `cachekey`='sysconfig' limit 0,1 [ RunTime:0.0020s ]
SQL: UPDATE think_cache SET data='a:25:{s:9:"site_name";s:16:"乐V微信管理";s:11:"site_domain";s:11:"c-r-bin.top";s:13:"site_keywords";s:0:"";s:9:"site_desc";s:0:"";s:12:"site_contact";s:0:"";s:9:"site_mail";s:0:"";s:7:"site_qq";s:0:"";s:12:"site_company";s:22:"广州乐V有限公司";s:8:"app_name";s:16:"乐V微信管理";s:11:"app_version";s:8:"1.0 beta";s:8:"app_logo";s:25:"glyphicon glyphicon-apple";s:12:"qiniu_bucket";s:6:"weixin";s:15:"qiniu_accesskey";s:40:"WjyRG6dWapiMbnUxkzw0zFpD3yWdpYss0QOD0pX0";s:15:"qiniu_secretkey";s:40:"D0bGgDeJC0O7y4LvLf6mCQwEn5C_dV0OlPNMTjAf";s:12:"qiniu_domain";s:11:"c-r-bon.top";s:9:"mail_smtp";s:11:"smtp.qq.com";s:13:"mail_username";s:10:"pm@cuci.cc";s:9:"mail_port";s:3:"465";s:13:"mail_password";s:9:"Test12345";s:14:"mail_smtp_auth";s:1:"1";s:9:"mail_from";s:10:"pm@cuci.cc";s:14:"mail_from_name";s:21:"楚才API管理中心";s:11:"mail_secure";s:3:"ssl";s:10:"mail_reply";s:16:"zoujingli@qq.com";s:20:"app_baidu_tongji_key";s:10:"7b6503de0e";}' ,datacrc='',expire=0 WHERE `cachekey`='sysconfig' [ RunTime:0.0056s ]
SQL: SELECT `data`,`datacrc` FROM `think_cache` WHERE `cachekey`='sysconfig' AND (`expire` =0 OR `expire`>1545720602) LIMIT 0,1 [ RunTime:0.0021s ]
SQL: SELECT * FROM `wx_sys_config`  [ RunTime:0.0023s ]
SQL: select `cachekey` from `think_cache` where `cachekey`='sysconfig' limit 0,1 [ RunTime:0.0020s ]
SQL: UPDATE think_cache SET data='a:25:{s:9:"site_name";s:16:"乐V微信管理";s:11:"site_domain";s:11:"c-r-bin.top";s:13:"site_keywords";s:0:"";s:9:"site_desc";s:0:"";s:12:"site_contact";s:0:"";s:9:"site_mail";s:0:"";s:7:"site_qq";s:0:"";s:12:"site_company";s:22:"广州乐V有限公司";s:8:"app_name";s:16:"乐V微信管理";s:11:"app_version";s:8:"1.0 beta";s:8:"app_logo";s:25:"glyphicon glyphicon-apple";s:12:"qiniu_bucket";s:6:"weixin";s:15:"qiniu_accesskey";s:40:"WjyRG6dWapiMbnUxkzw0zFpD3yWdpYss0QOD0pX0";s:15:"qiniu_secretkey";s:40:"D0bGgDeJC0O7y4LvLf6mCQwEn5C_dV0OlPNMTjAf";s:12:"qiniu_domain";s:11:"c-r-bon.top";s:9:"mail_smtp";s:11:"smtp.qq.com";s:13:"mail_username";s:10:"pm@cuci.cc";s:9:"mail_port";s:3:"465";s:13:"mail_password";s:9:"Test12345";s:14:"mail_smtp_auth";s:1:"1";s:9:"mail_from";s:10:"pm@cuci.cc";s:14:"mail_from_name";s:21:"楚才API管理中心";s:11:"mail_secure";s:3:"ssl";s:10:"mail_reply";s:16:"zoujingli@qq.com";s:20:"app_baidu_tongji_key";s:10:"7b6503de0e";}' ,datacrc='',expire=0 WHERE `cachekey`='sysconfig' [ RunTime:0.0043s ]
SQL: SELECT `data`,`datacrc` FROM `think_cache` WHERE `cachekey`='sysconfig' AND (`expire` =0 OR `expire`>1545720602) LIMIT 0,1 [ RunTime:0.0020s ]
SQL: SELECT * FROM `wx_sys_config`  [ RunTime:0.0023s ]
SQL: select `cachekey` from `think_cache` where `cachekey`='sysconfig' limit 0,1 [ RunTime:0.0020s ]
SQL: UPDATE think_cache SET data='a:25:{s:9:"site_name";s:16:"乐V微信管理";s:11:"site_domain";s:11:"c-r-bin.top";s:13:"site_keywords";s:0:"";s:9:"site_desc";s:0:"";s:12:"site_contact";s:0:"";s:9:"site_mail";s:0:"";s:7:"site_qq";s:0:"";s:12:"site_company";s:22:"广州乐V有限公司";s:8:"app_name";s:16:"乐V微信管理";s:11:"app_version";s:8:"1.0 beta";s:8:"app_logo";s:25:"glyphicon glyphicon-apple";s:12:"qiniu_bucket";s:6:"weixin";s:15:"qiniu_accesskey";s:40:"WjyRG6dWapiMbnUxkzw0zFpD3yWdpYss0QOD0pX0";s:15:"qiniu_secretkey";s:40:"D0bGgDeJC0O7y4LvLf6mCQwEn5C_dV0OlPNMTjAf";s:12:"qiniu_domain";s:11:"c-r-bon.top";s:9:"mail_smtp";s:11:"smtp.qq.com";s:13:"mail_username";s:10:"pm@cuci.cc";s:9:"mail_port";s:3:"465";s:13:"mail_password";s:9:"Test12345";s:14:"mail_smtp_auth";s:1:"1";s:9:"mail_from";s:10:"pm@cuci.cc";s:14:"mail_from_name";s:21:"楚才API管理中心";s:11:"mail_secure";s:3:"ssl";s:10:"mail_reply";s:16:"zoujingli@qq.com";s:20:"app_baidu_tongji_key";s:10:"7b6503de0e";}' ,datacrc='',expire=0 WHERE `cachekey`='sysconfig' [ RunTime:0.0041s ]
SQL: SELECT `data`,`datacrc` FROM `think_cache` WHERE `cachekey`='sysconfig' AND (`expire` =0 OR `expire`>1545720602) LIMIT 0,1 [ RunTime:0.0020s ]
SQL: SELECT * FROM `wx_sys_config`  [ RunTime:0.0023s ]
SQL: select `cachekey` from `think_cache` where `cachekey`='sysconfig' limit 0,1 [ RunTime:0.0020s ]
SQL: UPDATE think_cache SET data='a:25:{s:9:"site_name";s:16:"乐V微信管理";s:11:"site_domain";s:11:"c-r-bin.top";s:13:"site_keywords";s:0:"";s:9:"site_desc";s:0:"";s:12:"site_contact";s:0:"";s:9:"site_mail";s:0:"";s:7:"site_qq";s:0:"";s:12:"site_company";s:22:"广州乐V有限公司";s:8:"app_name";s:16:"乐V微信管理";s:11:"app_version";s:8:"1.0 beta";s:8:"app_logo";s:25:"glyphicon glyphicon-apple";s:12:"qiniu_bucket";s:6:"weixin";s:15:"qiniu_accesskey";s:40:"WjyRG6dWapiMbnUxkzw0zFpD3yWdpYss0QOD0pX0";s:15:"qiniu_secretkey";s:40:"D0bGgDeJC0O7y4LvLf6mCQwEn5C_dV0OlPNMTjAf";s:12:"qiniu_domain";s:11:"c-r-bon.top";s:9:"mail_smtp";s:11:"smtp.qq.com";s:13:"mail_username";s:10:"pm@cuci.cc";s:9:"mail_port";s:3:"465";s:13:"mail_password";s:9:"Test12345";s:14:"mail_smtp_auth";s:1:"1";s:9:"mail_from";s:10:"pm@cuci.cc";s:14:"mail_from_name";s:21:"楚才API管理中心";s:11:"mail_secure";s:3:"ssl";s:10:"mail_reply";s:16:"zoujingli@qq.com";s:20:"app_baidu_tongji_key";s:10:"7b6503de0e";}' ,datacrc='',expire=0 WHERE `cachekey`='sysconfig' [ RunTime:0.0043s ]
INFO: [ view_parse ] --START--
INFO: [ template_filter ] --START--
INFO: Run Behavior\ContentReplaceBehavior [ RunTime:0.000079s ]
INFO: [ template_filter ] --END-- [ RunTime:0.000124s ]
INFO: Run Behavior\ParseTemplateBehavior [ RunTime:0.003094s ]
INFO: [ view_parse ] --END-- [ RunTime:0.003141s ]
INFO: [ view_filter ] --START--
INFO: Run Behavior\WriteHtmlCacheBehavior [ RunTime:0.000125s ]
INFO: Run Library\Behavior\EmptyImageBehavior [ RunTime:0.000327s ]
INFO: [ view_filter ] --END-- [ RunTime:0.000516s ]
INFO: [ app_end ] --START--
INFO: Run Behavior\ShowPageTraceBehavior [ RunTime:0.000145s ]
INFO: [ app_end ] --END-- [ RunTime:0.000180s ]

[ 2018-12-25T14:50:06+08:00 ] 219.137.49.55 /jonza/index.php/plugin/ueditor.js
SQL: SHOW COLUMNS FROM `wx_app` [ RunTime:0.0028s ]
SQL: SELECT * FROM `wx_app` WHERE `status` = 2 AND ( `id` = null OR `host` = '112.74.177.108' ) LIMIT 1   [ RunTime:0.0024s ]
SQL: SELECT `data`,`datacrc` FROM `think_cache` WHERE `cachekey`='sysconfig' AND (`expire` =0 OR `expire`>1545720606) LIMIT 0,1 [ RunTime:0.0020s ]
SQL: SHOW COLUMNS FROM `wx_sys_config` [ RunTime:0.0026s ]
SQL: SELECT * FROM `wx_sys_config`  [ RunTime:0.0024s ]
SQL: select `cachekey` from `think_cache` where `cachekey`='sysconfig' limit 0,1 [ RunTime:0.0019s ]
SQL: UPDATE think_cache SET data='a:25:{s:9:"site_name";s:16:"乐V微信管理";s:11:"site_domain";s:11:"c-r-bin.top";s:13:"site_keywords";s:0:"";s:9:"site_desc";s:0:"";s:12:"site_contact";s:0:"";s:9:"site_mail";s:0:"";s:7:"site_qq";s:0:"";s:12:"site_company";s:22:"广州乐V有限公司";s:8:"app_name";s:16:"乐V微信管理";s:11:"app_version";s:8:"1.0 beta";s:8:"app_logo";s:25:"glyphicon glyphicon-apple";s:12:"qiniu_bucket";s:6:"weixin";s:15:"qiniu_accesskey";s:40:"WjyRG6dWapiMbnUxkzw0zFpD3yWdpYss0QOD0pX0";s:15:"qiniu_secretkey";s:40:"D0bGgDeJC0O7y4LvLf6mCQwEn5C_dV0OlPNMTjAf";s:12:"qiniu_domain";s:11:"c-r-bon.top";s:9:"mail_smtp";s:11:"smtp.qq.com";s:13:"mail_username";s:10:"pm@cuci.cc";s:9:"mail_port";s:3:"465";s:13:"mail_password";s:9:"Test12345";s:14:"mail_smtp_auth";s:1:"1";s:9:"mail_from";s:10:"pm@cuci.cc";s:14:"mail_from_name";s:21:"楚才API管理中心";s:11:"mail_secure";s:3:"ssl";s:10:"mail_reply";s:16:"zoujingli@qq.com";s:20:"app_baidu_tongji_key";s:10:"7b6503de0e";}' ,datacrc='',expire=0 WHERE `cachekey`='sysconfig' [ RunTime:0.0044s ]
SQL: SELECT `data`,`datacrc` FROM `think_cache` WHERE `cachekey`='sysconfig' AND (`expire` =0 OR `expire`>1545720606) LIMIT 0,1 [ RunTime:0.0019s ]
SQL: SELECT * FROM `wx_sys_config`  [ RunTime:0.0024s ]
SQL: select `cachekey` from `think_cache` where `cachekey`='sysconfig' limit 0,1 [ RunTime:0.0019s ]
SQL: UPDATE think_cache SET data='a:25:{s:9:"site_name";s:16:"乐V微信管理";s:11:"site_domain";s:11:"c-r-bin.top";s:13:"site_keywords";s:0:"";s:9:"site_desc";s:0:"";s:12:"site_contact";s:0:"";s:9:"site_mail";s:0:"";s:7:"site_qq";s:0:"";s:12:"site_company";s:22:"广州乐V有限公司";s:8:"app_name";s:16:"乐V微信管理";s:11:"app_version";s:8:"1.0 beta";s:8:"app_logo";s:25:"glyphicon glyphicon-apple";s:12:"qiniu_bucket";s:6:"weixin";s:15:"qiniu_accesskey";s:40:"WjyRG6dWapiMbnUxkzw0zFpD3yWdpYss0QOD0pX0";s:15:"qiniu_secretkey";s:40:"D0bGgDeJC0O7y4LvLf6mCQwEn5C_dV0OlPNMTjAf";s:12:"qiniu_domain";s:11:"c-r-bon.top";s:9:"mail_smtp";s:11:"smtp.qq.com";s:13:"mail_username";s:10:"pm@cuci.cc";s:9:"mail_port";s:3:"465";s:13:"mail_password";s:9:"Test12345";s:14:"mail_smtp_auth";s:1:"1";s:9:"mail_from";s:10:"pm@cuci.cc";s:14:"mail_from_name";s:21:"楚才API管理中心";s:11:"mail_secure";s:3:"ssl";s:10:"mail_reply";s:16:"zoujingli@qq.com";s:20:"app_baidu_tongji_key";s:10:"7b6503de0e";}' ,datacrc='',expire=0 WHERE `cachekey`='sysconfig' [ RunTime:0.0041s ]
SQL: SELECT `data`,`datacrc` FROM `think_cache` WHERE `cachekey`='sysconfig' AND (`expire` =0 OR `expire`>1545720606) LIMIT 0,1 [ RunTime:0.0019s ]
SQL: SELECT * FROM `wx_sys_config`  [ RunTime:0.0024s ]
SQL: select `cachekey` from `think_cache` where `cachekey`='sysconfig' limit 0,1 [ RunTime:0.0019s ]
SQL: UPDATE think_cache SET data='a:25:{s:9:"site_name";s:16:"乐V微信管理";s:11:"site_domain";s:11:"c-r-bin.top";s:13:"site_keywords";s:0:"";s:9:"site_desc";s:0:"";s:12:"site_contact";s:0:"";s:9:"site_mail";s:0:"";s:7:"site_qq";s:0:"";s:12:"site_company";s:22:"广州乐V有限公司";s:8:"app_name";s:16:"乐V微信管理";s:11:"app_version";s:8:"1.0 beta";s:8:"app_logo";s:25:"glyphicon glyphicon-apple";s:12:"qiniu_bucket";s:6:"weixin";s:15:"qiniu_accesskey";s:40:"WjyRG6dWapiMbnUxkzw0zFpD3yWdpYss0QOD0pX0";s:15:"qiniu_secretkey";s:40:"D0bGgDeJC0O7y4LvLf6mCQwEn5C_dV0OlPNMTjAf";s:12:"qiniu_domain";s:11:"c-r-bon.top";s:9:"mail_smtp";s:11:"smtp.qq.com";s:13:"mail_username";s:10:"pm@cuci.cc";s:9:"mail_port";s:3:"465";s:13:"mail_password";s:9:"Test12345";s:14:"mail_smtp_auth";s:1:"1";s:9:"mail_from";s:10:"pm@cuci.cc";s:14:"mail_from_name";s:21:"楚才API管理中心";s:11:"mail_secure";s:3:"ssl";s:10:"mail_reply";s:16:"zoujingli@qq.com";s:20:"app_baidu_tongji_key";s:10:"7b6503de0e";}' ,datacrc='',expire=0 WHERE `cachekey`='sysconfig' [ RunTime:0.0038s ]
SQL: SELECT `data`,`datacrc` FROM `think_cache` WHERE `cachekey`='sysconfig' AND (`expire` =0 OR `expire`>1545720606) LIMIT 0,1 [ RunTime:0.0019s ]
SQL: SELECT * FROM `wx_sys_config`  [ RunTime:0.0024s ]
SQL: select `cachekey` from `think_cache` where `cachekey`='sysconfig' limit 0,1 [ RunTime:0.0019s ]
SQL: UPDATE think_cache SET data='a:25:{s:9:"site_name";s:16:"乐V微信管理";s:11:"site_domain";s:11:"c-r-bin.top";s:13:"site_keywords";s:0:"";s:9:"site_desc";s:0:"";s:12:"site_contact";s:0:"";s:9:"site_mail";s:0:"";s:7:"site_qq";s:0:"";s:12:"site_company";s:22:"广州乐V有限公司";s:8:"app_name";s:16:"乐V微信管理";s:11:"app_version";s:8:"1.0 beta";s:8:"app_logo";s:25:"glyphicon glyphicon-apple";s:12:"qiniu_bucket";s:6:"weixin";s:15:"qiniu_accesskey";s:40:"WjyRG6dWapiMbnUxkzw0zFpD3yWdpYss0QOD0pX0";s:15:"qiniu_secretkey";s:40:"D0bGgDeJC0O7y4LvLf6mCQwEn5C_dV0OlPNMTjAf";s:12:"qiniu_domain";s:11:"c-r-bon.top";s:9:"mail_smtp";s:11:"smtp.qq.com";s:13:"mail_username";s:10:"pm@cuci.cc";s:9:"mail_port";s:3:"465";s:13:"mail_password";s:9:"Test12345";s:14:"mail_smtp_auth";s:1:"1";s:9:"mail_from";s:10:"pm@cuci.cc";s:14:"mail_from_name";s:21:"楚才API管理中心";s:11:"mail_secure";s:3:"ssl";s:10:"mail_reply";s:16:"zoujingli@qq.com";s:20:"app_baidu_tongji_key";s:10:"7b6503de0e";}' ,datacrc='',expire=0 WHERE `cachekey`='sysconfig' [ RunTime:0.0047s ]
INFO: [ view_parse ] --START--
INFO: [ template_filter ] --START--
INFO: Run Behavior\ContentReplaceBehavior [ RunTime:0.000052s ]
INFO: [ template_filter ] --END-- [ RunTime:0.000088s ]
INFO: Run Behavior\ParseTemplateBehavior [ RunTime:0.001911s ]
INFO: [ view_parse ] --END-- [ RunTime:0.001945s ]
INFO: [ view_filter ] --START--
INFO: Run Behavior\WriteHtmlCacheBehavior [ RunTime:0.000083s ]
INFO: Run Library\Behavior\EmptyImageBehavior [ RunTime:0.000207s ]
INFO: [ view_filter ] --END-- [ RunTime:0.000324s ]
INFO: [ app_end ] --START--
INFO: Run Behavior\ShowPageTraceBehavior [ RunTime:0.000091s ]
INFO: [ app_end ] --END-- [ RunTime:0.000115s ]

[ 2018-12-25T15:17:09+08:00 ] 180.163.220.66 http://112.74.177.108/jonza/index.php/plugin/ueditor.js
SQL: SHOW COLUMNS FROM `wx_app` [ RunTime:0.0029s ]
SQL: SELECT * FROM `wx_app` WHERE `status` = 2 AND ( `id` = null OR `host` = '112.74.177.108' ) LIMIT 1   [ RunTime:0.0025s ]
SQL: SELECT `data`,`datacrc` FROM `think_cache` WHERE `cachekey`='sysconfig' AND (`expire` =0 OR `expire`>1545722229) LIMIT 0,1 [ RunTime:0.0021s ]
SQL: SHOW COLUMNS FROM `wx_sys_config` [ RunTime:0.0029s ]
SQL: SELECT * FROM `wx_sys_config`  [ RunTime:0.0025s ]
SQL: select `cachekey` from `think_cache` where `cachekey`='sysconfig' limit 0,1 [ RunTime:0.0019s ]
SQL: UPDATE think_cache SET data='a:25:{s:9:"site_name";s:16:"乐V微信管理";s:11:"site_domain";s:11:"c-r-bin.top";s:13:"site_keywords";s:0:"";s:9:"site_desc";s:0:"";s:12:"site_contact";s:0:"";s:9:"site_mail";s:0:"";s:7:"site_qq";s:0:"";s:12:"site_company";s:22:"广州乐V有限公司";s:8:"app_name";s:16:"乐V微信管理";s:11:"app_version";s:8:"1.0 beta";s:8:"app_logo";s:25:"glyphicon glyphicon-apple";s:12:"qiniu_bucket";s:6:"weixin";s:15:"qiniu_accesskey";s:40:"WjyRG6dWapiMbnUxkzw0zFpD3yWdpYss0QOD0pX0";s:15:"qiniu_secretkey";s:40:"D0bGgDeJC0O7y4LvLf6mCQwEn5C_dV0OlPNMTjAf";s:12:"qiniu_domain";s:11:"c-r-bon.top";s:9:"mail_smtp";s:11:"smtp.qq.com";s:13:"mail_username";s:10:"pm@cuci.cc";s:9:"mail_port";s:3:"465";s:13:"mail_password";s:9:"Test12345";s:14:"mail_smtp_auth";s:1:"1";s:9:"mail_from";s:10:"pm@cuci.cc";s:14:"mail_from_name";s:21:"楚才API管理中心";s:11:"mail_secure";s:3:"ssl";s:10:"mail_reply";s:16:"zoujingli@qq.com";s:20:"app_baidu_tongji_key";s:10:"7b6503de0e";}' ,datacrc='',expire=0 WHERE `cachekey`='sysconfig' [ RunTime:0.0050s ]
SQL: SELECT `data`,`datacrc` FROM `think_cache` WHERE `cachekey`='sysconfig' AND (`expire` =0 OR `expire`>1545722229) LIMIT 0,1 [ RunTime:0.0021s ]
SQL: SELECT * FROM `wx_sys_config`  [ RunTime:0.0025s ]
SQL: select `cachekey` from `think_cache` where `cachekey`='sysconfig' limit 0,1 [ RunTime:0.0019s ]
SQL: UPDATE think_cache SET data='a:25:{s:9:"site_name";s:16:"乐V微信管理";s:11:"site_domain";s:11:"c-r-bin.top";s:13:"site_keywords";s:0:"";s:9:"site_desc";s:0:"";s:12:"site_contact";s:0:"";s:9:"site_mail";s:0:"";s:7:"site_qq";s:0:"";s:12:"site_company";s:22:"广州乐V有限公司";s:8:"app_name";s:16:"乐V微信管理";s:11:"app_version";s:8:"1.0 beta";s:8:"app_logo";s:25:"glyphicon glyphicon-apple";s:12:"qiniu_bucket";s:6:"weixin";s:15:"qiniu_accesskey";s:40:"WjyRG6dWapiMbnUxkzw0zFpD3yWdpYss0QOD0pX0";s:15:"qiniu_secretkey";s:40:"D0bGgDeJC0O7y4LvLf6mCQwEn5C_dV0OlPNMTjAf";s:12:"qiniu_domain";s:11:"c-r-bon.top";s:9:"mail_smtp";s:11:"smtp.qq.com";s:13:"mail_username";s:10:"pm@cuci.cc";s:9:"mail_port";s:3:"465";s:13:"mail_password";s:9:"Test12345";s:14:"mail_smtp_auth";s:1:"1";s:9:"mail_from";s:10:"pm@cuci.cc";s:14:"mail_from_name";s:21:"楚才API管理中心";s:11:"mail_secure";s:3:"ssl";s:10:"mail_reply";s:16:"zoujingli@qq.com";s:20:"app_baidu_tongji_key";s:10:"7b6503de0e";}' ,datacrc='',expire=0 WHERE `cachekey`='sysconfig' [ RunTime:0.0046s ]
SQL: SELECT `data`,`datacrc` FROM `think_cache` WHERE `cachekey`='sysconfig' AND (`expire` =0 OR `expire`>1545722229) LIMIT 0,1 [ RunTime:0.0020s ]
SQL: SELECT * FROM `wx_sys_config`  [ RunTime:0.0025s ]
SQL: select `cachekey` from `think_cache` where `cachekey`='sysconfig' limit 0,1 [ RunTime:0.0019s ]
SQL: UPDATE think_cache SET data='a:25:{s:9:"site_name";s:16:"乐V微信管理";s:11:"site_domain";s:11:"c-r-bin.top";s:13:"site_keywords";s:0:"";s:9:"site_desc";s:0:"";s:12:"site_contact";s:0:"";s:9:"site_mail";s:0:"";s:7:"site_qq";s:0:"";s:12:"site_company";s:22:"广州乐V有限公司";s:8:"app_name";s:16:"乐V微信管理";s:11:"app_version";s:8:"1.0 beta";s:8:"app_logo";s:25:"glyphicon glyphicon-apple";s:12:"qiniu_bucket";s:6:"weixin";s:15:"qiniu_accesskey";s:40:"WjyRG6dWapiMbnUxkzw0zFpD3yWdpYss0QOD0pX0";s:15:"qiniu_secretkey";s:40:"D0bGgDeJC0O7y4LvLf6mCQwEn5C_dV0OlPNMTjAf";s:12:"qiniu_domain";s:11:"c-r-bon.top";s:9:"mail_smtp";s:11:"smtp.qq.com";s:13:"mail_username";s:10:"pm@cuci.cc";s:9:"mail_port";s:3:"465";s:13:"mail_password";s:9:"Test12345";s:14:"mail_smtp_auth";s:1:"1";s:9:"mail_from";s:10:"pm@cuci.cc";s:14:"mail_from_name";s:21:"楚才API管理中心";s:11:"mail_secure";s:3:"ssl";s:10:"mail_reply";s:16:"zoujingli@qq.com";s:20:"app_baidu_tongji_key";s:10:"7b6503de0e";}' ,datacrc='',expire=0 WHERE `cachekey`='sysconfig' [ RunTime:0.0050s ]
SQL: SELECT `data`,`datacrc` FROM `think_cache` WHERE `cachekey`='sysconfig' AND (`expire` =0 OR `expire`>1545722229) LIMIT 0,1 [ RunTime:0.0020s ]
SQL: SELECT * FROM `wx_sys_config`  [ RunTime:0.0025s ]
SQL: select `cachekey` from `think_cache` where `cachekey`='sysconfig' limit 0,1 [ RunTime:0.0019s ]
SQL: UPDATE think_cache SET data='a:25:{s:9:"site_name";s:16:"乐V微信管理";s:11:"site_domain";s:11:"c-r-bin.top";s:13:"site_keywords";s:0:"";s:9:"site_desc";s:0:"";s:12:"site_contact";s:0:"";s:9:"site_mail";s:0:"";s:7:"site_qq";s:0:"";s:12:"site_company";s:22:"广州乐V有限公司";s:8:"app_name";s:16:"乐V微信管理";s:11:"app_version";s:8:"1.0 beta";s:8:"app_logo";s:25:"glyphicon glyphicon-apple";s:12:"qiniu_bucket";s:6:"weixin";s:15:"qiniu_accesskey";s:40:"WjyRG6dWapiMbnUxkzw0zFpD3yWdpYss0QOD0pX0";s:15:"qiniu_secretkey";s:40:"D0bGgDeJC0O7y4LvLf6mCQwEn5C_dV0OlPNMTjAf";s:12:"qiniu_domain";s:11:"c-r-bon.top";s:9:"mail_smtp";s:11:"smtp.qq.com";s:13:"mail_username";s:10:"pm@cuci.cc";s:9:"mail_port";s:3:"465";s:13:"mail_password";s:9:"Test12345";s:14:"mail_smtp_auth";s:1:"1";s:9:"mail_from";s:10:"pm@cuci.cc";s:14:"mail_from_name";s:21:"楚才API管理中心";s:11:"mail_secure";s:3:"ssl";s:10:"mail_reply";s:16:"zoujingli@qq.com";s:20:"app_baidu_tongji_key";s:10:"7b6503de0e";}' ,datacrc='',expire=0 WHERE `cachekey`='sysconfig' [ RunTime:0.0048s ]
INFO: [ view_parse ] --START--
INFO: [ template_filter ] --START--
INFO: Run Behavior\ContentReplaceBehavior [ RunTime:0.000054s ]
INFO: [ template_filter ] --END-- [ RunTime:0.000092s ]
INFO: Run Behavior\ParseTemplateBehavior [ RunTime:0.001973s ]
INFO: [ view_parse ] --END-- [ RunTime:0.002011s ]
INFO: [ view_filter ] --START--
INFO: Run Behavior\WriteHtmlCacheBehavior [ RunTime:0.000084s ]
INFO: Run Library\Behavior\EmptyImageBehavior [ RunTime:0.000222s ]
INFO: [ view_filter ] --END-- [ RunTime:0.000343s ]
INFO: [ app_end ] --START--
INFO: Run Behavior\ShowPageTraceBehavior [ RunTime:0.000090s ]
INFO: [ app_end ] --END-- [ RunTime:0.000114s ]

[ 2018-12-25T15:17:35+08:00 ] 180.163.220.66 http://112.74.177.108/jonza/index.php/plugin/ueditor.js
SQL: SHOW COLUMNS FROM `wx_app` [ RunTime:0.0025s ]
SQL: SELECT * FROM `wx_app` WHERE `status` = 2 AND ( `id` = null OR `host` = '112.74.177.108' ) LIMIT 1   [ RunTime:0.0021s ]
SQL: SELECT `data`,`datacrc` FROM `think_cache` WHERE `cachekey`='sysconfig' AND (`expire` =0 OR `expire`>1545722255) LIMIT 0,1 [ RunTime:0.0030s ]
SQL: SHOW COLUMNS FROM `wx_sys_config` [ RunTime:0.0024s ]
SQL: SELECT * FROM `wx_sys_config`  [ RunTime:0.0021s ]
SQL: select `cachekey` from `think_cache` where `cachekey`='sysconfig' limit 0,1 [ RunTime:0.0029s ]
SQL: UPDATE think_cache SET data='a:25:{s:9:"site_name";s:16:"乐V微信管理";s:11:"site_domain";s:11:"c-r-bin.top";s:13:"site_keywords";s:0:"";s:9:"site_desc";s:0:"";s:12:"site_contact";s:0:"";s:9:"site_mail";s:0:"";s:7:"site_qq";s:0:"";s:12:"site_company";s:22:"广州乐V有限公司";s:8:"app_name";s:16:"乐V微信管理";s:11:"app_version";s:8:"1.0 beta";s:8:"app_logo";s:25:"glyphicon glyphicon-apple";s:12:"qiniu_bucket";s:6:"weixin";s:15:"qiniu_accesskey";s:40:"WjyRG6dWapiMbnUxkzw0zFpD3yWdpYss0QOD0pX0";s:15:"qiniu_secretkey";s:40:"D0bGgDeJC0O7y4LvLf6mCQwEn5C_dV0OlPNMTjAf";s:12:"qiniu_domain";s:11:"c-r-bon.top";s:9:"mail_smtp";s:11:"smtp.qq.com";s:13:"mail_username";s:10:"pm@cuci.cc";s:9:"mail_port";s:3:"465";s:13:"mail_password";s:9:"Test12345";s:14:"mail_smtp_auth";s:1:"1";s:9:"mail_from";s:10:"pm@cuci.cc";s:14:"mail_from_name";s:21:"楚才API管理中心";s:11:"mail_secure";s:3:"ssl";s:10:"mail_reply";s:16:"zoujingli@qq.com";s:20:"app_baidu_tongji_key";s:10:"7b6503de0e";}' ,datacrc='',expire=0 WHERE `cachekey`='sysconfig' [ RunTime:0.0066s ]
SQL: SELECT `data`,`datacrc` FROM `think_cache` WHERE `cachekey`='sysconfig' AND (`expire` =0 OR `expire`>1545722255) LIMIT 0,1 [ RunTime:0.0030s ]
SQL: SELECT * FROM `wx_sys_config`  [ RunTime:0.0027s ]
SQL: select `cachekey` from `think_cache` where `cachekey`='sysconfig' limit 0,1 [ RunTime:0.0029s ]
SQL: UPDATE think_cache SET data='a:25:{s:9:"site_name";s:16:"乐V微信管理";s:11:"site_domain";s:11:"c-r-bin.top";s:13:"site_keywords";s:0:"";s:9:"site_desc";s:0:"";s:12:"site_contact";s:0:"";s:9:"site_mail";s:0:"";s:7:"site_qq";s:0:"";s:12:"site_company";s:22:"广州乐V有限公司";s:8:"app_name";s:16:"乐V微信管理";s:11:"app_version";s:8:"1.0 beta";s:8:"app_logo";s:25:"glyphicon glyphicon-apple";s:12:"qiniu_bucket";s:6:"weixin";s:15:"qiniu_accesskey";s:40:"WjyRG6dWapiMbnUxkzw0zFpD3yWdpYss0QOD0pX0";s:15:"qiniu_secretkey";s:40:"D0bGgDeJC0O7y4LvLf6mCQwEn5C_dV0OlPNMTjAf";s:12:"qiniu_domain";s:11:"c-r-bon.top";s:9:"mail_smtp";s:11:"smtp.qq.com";s:13:"mail_username";s:10:"pm@cuci.cc";s:9:"mail_port";s:3:"465";s:13:"mail_password";s:9:"Test12345";s:14:"mail_smtp_auth";s:1:"1";s:9:"mail_from";s:10:"pm@cuci.cc";s:14:"mail_from_name";s:21:"楚才API管理中心";s:11:"mail_secure";s:3:"ssl";s:10:"mail_reply";s:16:"zoujingli@qq.com";s:20:"app_baidu_tongji_key";s:10:"7b6503de0e";}' ,datacrc='',expire=0 WHERE `cachekey`='sysconfig' [ RunTime:0.0063s ]
SQL: SELECT `data`,`datacrc` FROM `think_cache` WHERE `cachekey`='sysconfig' AND (`expire` =0 OR `expire`>1545722255) LIMIT 0,1 [ RunTime:0.0029s ]
SQL: SELECT * FROM `wx_sys_config`  [ RunTime:0.0021s ]
SQL: select `cachekey` from `think_cache` where `cachekey`='sysconfig' limit 0,1 [ RunTime:0.0029s ]
SQL: UPDATE think_cache SET data='a:25:{s:9:"site_name";s:16:"乐V微信管理";s:11:"site_domain";s:11:"c-r-bin.top";s:13:"site_keywords";s:0:"";s:9:"site_desc";s:0:"";s:12:"site_contact";s:0:"";s:9:"site_mail";s:0:"";s:7:"site_qq";s:0:"";s:12:"site_company";s:22:"广州乐V有限公司";s:8:"app_name";s:16:"乐V微信管理";s:11:"app_version";s:8:"1.0 beta";s:8:"app_logo";s:25:"glyphicon glyphicon-apple";s:12:"qiniu_bucket";s:6:"weixin";s:15:"qiniu_accesskey";s:40:"WjyRG6dWapiMbnUxkzw0zFpD3yWdpYss0QOD0pX0";s:15:"qiniu_secretkey";s:40:"D0bGgDeJC0O7y4LvLf6mCQwEn5C_dV0OlPNMTjAf";s:12:"qiniu_domain";s:11:"c-r-bon.top";s:9:"mail_smtp";s:11:"smtp.qq.com";s:13:"mail_username";s:10:"pm@cuci.cc";s:9:"mail_port";s:3:"465";s:13:"mail_password";s:9:"Test12345";s:14:"mail_smtp_auth";s:1:"1";s:9:"mail_from";s:10:"pm@cuci.cc";s:14:"mail_from_name";s:21:"楚才API管理中心";s:11:"mail_secure";s:3:"ssl";s:10:"mail_reply";s:16:"zoujingli@qq.com";s:20:"app_baidu_tongji_key";s:10:"7b6503de0e";}' ,datacrc='',expire=0 WHERE `cachekey`='sysconfig' [ RunTime:0.0054s ]
SQL: SELECT `data`,`datacrc` FROM `think_cache` WHERE `cachekey`='sysconfig' AND (`expire` =0 OR `expire`>1545722255) LIMIT 0,1 [ RunTime:0.0029s ]
SQL: SELECT * FROM `wx_sys_config`  [ RunTime:0.0021s ]
SQL: select `cachekey` from `think_cache` where `cachekey`='sysconfig' limit 0,1 [ RunTime:0.0028s ]
SQL: UPDATE think_cache SET data='a:25:{s:9:"site_name";s:16:"乐V微信管理";s:11:"site_domain";s:11:"c-r-bin.top";s:13:"site_keywords";s:0:"";s:9:"site_desc";s:0:"";s:12:"site_contact";s:0:"";s:9:"site_mail";s:0:"";s:7:"site_qq";s:0:"";s:12:"site_company";s:22:"广州乐V有限公司";s:8:"app_name";s:16:"乐V微信管理";s:11:"app_version";s:8:"1.0 beta";s:8:"app_logo";s:25:"glyphicon glyphicon-apple";s:12:"qiniu_bucket";s:6:"weixin";s:15:"qiniu_accesskey";s:40:"WjyRG6dWapiMbnUxkzw0zFpD3yWdpYss0QOD0pX0";s:15:"qiniu_secretkey";s:40:"D0bGgDeJC0O7y4LvLf6mCQwEn5C_dV0OlPNMTjAf";s:12:"qiniu_domain";s:11:"c-r-bon.top";s:9:"mail_smtp";s:11:"smtp.qq.com";s:13:"mail_username";s:10:"pm@cuci.cc";s:9:"mail_port";s:3:"465";s:13:"mail_password";s:9:"Test12345";s:14:"mail_smtp_auth";s:1:"1";s:9:"mail_from";s:10:"pm@cuci.cc";s:14:"mail_from_name";s:21:"楚才API管理中心";s:11:"mail_secure";s:3:"ssl";s:10:"mail_reply";s:16:"zoujingli@qq.com";s:20:"app_baidu_tongji_key";s:10:"7b6503de0e";}' ,datacrc='',expire=0 WHERE `cachekey`='sysconfig' [ RunTime:0.0053s ]
INFO: [ view_parse ] --START--
INFO: [ template_filter ] --START--
INFO: Run Behavior\ContentReplaceBehavior [ RunTime:0.000055s ]
INFO: [ template_filter ] --END-- [ RunTime:0.000083s ]
INFO: Run Behavior\ParseTemplateBehavior [ RunTime:0.001976s ]
INFO: [ view_parse ] --END-- [ RunTime:0.002019s ]
INFO: [ view_filter ] --START--
INFO: Run Behavior\WriteHtmlCacheBehavior [ RunTime:0.000084s ]
INFO: Run Library\Behavior\EmptyImageBehavior [ RunTime:0.000209s ]
INFO: [ view_filter ] --END-- [ RunTime:0.000327s ]
INFO: [ app_end ] --START--
INFO: Run Behavior\ShowPageTraceBehavior [ RunTime:0.000083s ]
INFO: [ app_end ] --END-- [ RunTime:0.000105s ]

[ 2018-12-25T16:37:59+08:00 ] 219.137.49.55 /jonza/index.php/plugin/ueditor.js
SQL: SHOW COLUMNS FROM `wx_app` [ RunTime:0.0022s ]
SQL: SELECT * FROM `wx_app` WHERE `status` = 2 AND ( `id` = null OR `host` = '112.74.177.108' ) LIMIT 1   [ RunTime:0.0019s ]
SQL: SELECT `data`,`datacrc` FROM `think_cache` WHERE `cachekey`='sysconfig' AND (`expire` =0 OR `expire`>1545727079) LIMIT 0,1 [ RunTime:0.0019s ]
SQL: SHOW COLUMNS FROM `wx_sys_config` [ RunTime:0.0023s ]
SQL: SELECT * FROM `wx_sys_config`  [ RunTime:0.0019s ]
SQL: select `cachekey` from `think_cache` where `cachekey`='sysconfig' limit 0,1 [ RunTime:0.0018s ]
SQL: UPDATE think_cache SET data='a:25:{s:9:"site_name";s:16:"乐V微信管理";s:11:"site_domain";s:11:"c-r-bin.top";s:13:"site_keywords";s:0:"";s:9:"site_desc";s:0:"";s:12:"site_contact";s:0:"";s:9:"site_mail";s:0:"";s:7:"site_qq";s:0:"";s:12:"site_company";s:22:"广州乐V有限公司";s:8:"app_name";s:16:"乐V微信管理";s:11:"app_version";s:8:"1.0 beta";s:8:"app_logo";s:25:"glyphicon glyphicon-apple";s:12:"qiniu_bucket";s:6:"weixin";s:15:"qiniu_accesskey";s:40:"WjyRG6dWapiMbnUxkzw0zFpD3yWdpYss0QOD0pX0";s:15:"qiniu_secretkey";s:40:"D0bGgDeJC0O7y4LvLf6mCQwEn5C_dV0OlPNMTjAf";s:12:"qiniu_domain";s:11:"c-r-bon.top";s:9:"mail_smtp";s:11:"smtp.qq.com";s:13:"mail_username";s:10:"pm@cuci.cc";s:9:"mail_port";s:3:"465";s:13:"mail_password";s:9:"Test12345";s:14:"mail_smtp_auth";s:1:"1";s:9:"mail_from";s:10:"pm@cuci.cc";s:14:"mail_from_name";s:21:"楚才API管理中心";s:11:"mail_secure";s:3:"ssl";s:10:"mail_reply";s:16:"zoujingli@qq.com";s:20:"app_baidu_tongji_key";s:10:"7b6503de0e";}' ,datacrc='',expire=0 WHERE `cachekey`='sysconfig' [ RunTime:0.0044s ]
SQL: SELECT `data`,`datacrc` FROM `think_cache` WHERE `cachekey`='sysconfig' AND (`expire` =0 OR `expire`>1545727079) LIMIT 0,1 [ RunTime:0.0019s ]
SQL: SELECT * FROM `wx_sys_config`  [ RunTime:0.0019s ]
SQL: select `cachekey` from `think_cache` where `cachekey`='sysconfig' limit 0,1 [ RunTime:0.0018s ]
SQL: UPDATE think_cache SET data='a:25:{s:9:"site_name";s:16:"乐V微信管理";s:11:"site_domain";s:11:"c-r-bin.top";s:13:"site_keywords";s:0:"";s:9:"site_desc";s:0:"";s:12:"site_contact";s:0:"";s:9:"site_mail";s:0:"";s:7:"site_qq";s:0:"";s:12:"site_company";s:22:"广州乐V有限公司";s:8:"app_name";s:16:"乐V微信管理";s:11:"app_version";s:8:"1.0 beta";s:8:"app_logo";s:25:"glyphicon glyphicon-apple";s:12:"qiniu_bucket";s:6:"weixin";s:15:"qiniu_accesskey";s:40:"WjyRG6dWapiMbnUxkzw0zFpD3yWdpYss0QOD0pX0";s:15:"qiniu_secretkey";s:40:"D0bGgDeJC0O7y4LvLf6mCQwEn5C_dV0OlPNMTjAf";s:12:"qiniu_domain";s:11:"c-r-bon.top";s:9:"mail_smtp";s:11:"smtp.qq.com";s:13:"mail_username";s:10:"pm@cuci.cc";s:9:"mail_port";s:3:"465";s:13:"mail_password";s:9:"Test12345";s:14:"mail_smtp_auth";s:1:"1";s:9:"mail_from";s:10:"pm@cuci.cc";s:14:"mail_from_name";s:21:"楚才API管理中心";s:11:"mail_secure";s:3:"ssl";s:10:"mail_reply";s:16:"zoujingli@qq.com";s:20:"app_baidu_tongji_key";s:10:"7b6503de0e";}' ,datacrc='',expire=0 WHERE `cachekey`='sysconfig' [ RunTime:0.0045s ]
SQL: SELECT `data`,`datacrc` FROM `think_cache` WHERE `cachekey`='sysconfig' AND (`expire` =0 OR `expire`>1545727079) LIMIT 0,1 [ RunTime:0.0019s ]
SQL: SELECT * FROM `wx_sys_config`  [ RunTime:0.0019s ]
SQL: select `cachekey` from `think_cache` where `cachekey`='sysconfig' limit 0,1 [ RunTime:0.0019s ]
SQL: UPDATE think_cache SET data='a:25:{s:9:"site_name";s:16:"乐V微信管理";s:11:"site_domain";s:11:"c-r-bin.top";s:13:"site_keywords";s:0:"";s:9:"site_desc";s:0:"";s:12:"site_contact";s:0:"";s:9:"site_mail";s:0:"";s:7:"site_qq";s:0:"";s:12:"site_company";s:22:"广州乐V有限公司";s:8:"app_name";s:16:"乐V微信管理";s:11:"app_version";s:8:"1.0 beta";s:8:"app_logo";s:25:"glyphicon glyphicon-apple";s:12:"qiniu_bucket";s:6:"weixin";s:15:"qiniu_accesskey";s:40:"WjyRG6dWapiMbnUxkzw0zFpD3yWdpYss0QOD0pX0";s:15:"qiniu_secretkey";s:40:"D0bGgDeJC0O7y4LvLf6mCQwEn5C_dV0OlPNMTjAf";s:12:"qiniu_domain";s:11:"c-r-bon.top";s:9:"mail_smtp";s:11:"smtp.qq.com";s:13:"mail_username";s:10:"pm@cuci.cc";s:9:"mail_port";s:3:"465";s:13:"mail_password";s:9:"Test12345";s:14:"mail_smtp_auth";s:1:"1";s:9:"mail_from";s:10:"pm@cuci.cc";s:14:"mail_from_name";s:21:"楚才API管理中心";s:11:"mail_secure";s:3:"ssl";s:10:"mail_reply";s:16:"zoujingli@qq.com";s:20:"app_baidu_tongji_key";s:10:"7b6503de0e";}' ,datacrc='',expire=0 WHERE `cachekey`='sysconfig' [ RunTime:0.0049s ]
SQL: SELECT `data`,`datacrc` FROM `think_cache` WHERE `cachekey`='sysconfig' AND (`expire` =0 OR `expire`>1545727079) LIMIT 0,1 [ RunTime:0.0019s ]
SQL: SELECT * FROM `wx_sys_config`  [ RunTime:0.0018s ]
SQL: select `cachekey` from `think_cache` where `cachekey`='sysconfig' limit 0,1 [ RunTime:0.0018s ]
SQL: UPDATE think_cache SET data='a:25:{s:9:"site_name";s:16:"乐V微信管理";s:11:"site_domain";s:11:"c-r-bin.top";s:13:"site_keywords";s:0:"";s:9:"site_desc";s:0:"";s:12:"site_contact";s:0:"";s:9:"site_mail";s:0:"";s:7:"site_qq";s:0:"";s:12:"site_company";s:22:"广州乐V有限公司";s:8:"app_name";s:16:"乐V微信管理";s:11:"app_version";s:8:"1.0 beta";s:8:"app_logo";s:25:"glyphicon glyphicon-apple";s:12:"qiniu_bucket";s:6:"weixin";s:15:"qiniu_accesskey";s:40:"WjyRG6dWapiMbnUxkzw0zFpD3yWdpYss0QOD0pX0";s:15:"qiniu_secretkey";s:40:"D0bGgDeJC0O7y4LvLf6mCQwEn5C_dV0OlPNMTjAf";s:12:"qiniu_domain";s:11:"c-r-bon.top";s:9:"mail_smtp";s:11:"smtp.qq.com";s:13:"mail_username";s:10:"pm@cuci.cc";s:9:"mail_port";s:3:"465";s:13:"mail_password";s:9:"Test12345";s:14:"mail_smtp_auth";s:1:"1";s:9:"mail_from";s:10:"pm@cuci.cc";s:14:"mail_from_name";s:21:"楚才API管理中心";s:11:"mail_secure";s:3:"ssl";s:10:"mail_reply";s:16:"zoujingli@qq.com";s:20:"app_baidu_tongji_key";s:10:"7b6503de0e";}' ,datacrc='',expire=0 WHERE `cachekey`='sysconfig' [ RunTime:0.0040s ]
INFO: [ view_parse ] --START--
INFO: [ template_filter ] --START--
INFO: Run Behavior\ContentReplaceBehavior [ RunTime:0.000053s ]
INFO: [ template_filter ] --END-- [ RunTime:0.000083s ]
INFO: Run Behavior\ParseTemplateBehavior [ RunTime:0.001936s ]
INFO: [ view_parse ] --END-- [ RunTime:0.001971s ]
INFO: [ view_filter ] --START--
INFO: Run Behavior\WriteHtmlCacheBehavior [ RunTime:0.000084s ]
INFO: Run Library\Behavior\EmptyImageBehavior [ RunTime:0.000208s ]
INFO: [ view_filter ] --END-- [ RunTime:0.000335s ]
INFO: [ app_end ] --START--
INFO: Run Behavior\ShowPageTraceBehavior [ RunTime:0.000091s ]
INFO: [ app_end ] --END-- [ RunTime:0.000116s ]

[ 2018-12-25T17:51:12+08:00 ] 42.236.10.117 http://112.74.177.108/jonza/index.php/plugin/ueditor.js
SQL: SHOW COLUMNS FROM `wx_app` [ RunTime:0.0023s ]
SQL: SELECT * FROM `wx_app` WHERE `status` = 2 AND ( `id` = null OR `host` = '112.74.177.108' ) LIMIT 1   [ RunTime:0.0020s ]
SQL: SELECT `data`,`datacrc` FROM `think_cache` WHERE `cachekey`='sysconfig' AND (`expire` =0 OR `expire`>1545731472) LIMIT 0,1 [ RunTime:0.0024s ]
SQL: SHOW COLUMNS FROM `wx_sys_config` [ RunTime:0.0022s ]
SQL: SELECT * FROM `wx_sys_config`  [ RunTime:0.0020s ]
SQL: select `cachekey` from `think_cache` where `cachekey`='sysconfig' limit 0,1 [ RunTime:0.0020s ]
SQL: UPDATE think_cache SET data='a:25:{s:9:"site_name";s:16:"乐V微信管理";s:11:"site_domain";s:11:"c-r-bin.top";s:13:"site_keywords";s:0:"";s:9:"site_desc";s:0:"";s:12:"site_contact";s:0:"";s:9:"site_mail";s:0:"";s:7:"site_qq";s:0:"";s:12:"site_company";s:22:"广州乐V有限公司";s:8:"app_name";s:16:"乐V微信管理";s:11:"app_version";s:8:"1.0 beta";s:8:"app_logo";s:25:"glyphicon glyphicon-apple";s:12:"qiniu_bucket";s:6:"weixin";s:15:"qiniu_accesskey";s:40:"WjyRG6dWapiMbnUxkzw0zFpD3yWdpYss0QOD0pX0";s:15:"qiniu_secretkey";s:40:"D0bGgDeJC0O7y4LvLf6mCQwEn5C_dV0OlPNMTjAf";s:12:"qiniu_domain";s:11:"c-r-bon.top";s:9:"mail_smtp";s:11:"smtp.qq.com";s:13:"mail_username";s:10:"pm@cuci.cc";s:9:"mail_port";s:3:"465";s:13:"mail_password";s:9:"Test12345";s:14:"mail_smtp_auth";s:1:"1";s:9:"mail_from";s:10:"pm@cuci.cc";s:14:"mail_from_name";s:21:"楚才API管理中心";s:11:"mail_secure";s:3:"ssl";s:10:"mail_reply";s:16:"zoujingli@qq.com";s:20:"app_baidu_tongji_key";s:10:"7b6503de0e";}' ,datacrc='',expire=0 WHERE `cachekey`='sysconfig' [ RunTime:0.0052s ]
SQL: SELECT `data`,`datacrc` FROM `think_cache` WHERE `cachekey`='sysconfig' AND (`expire` =0 OR `expire`>1545731472) LIMIT 0,1 [ RunTime:0.0019s ]
SQL: SELECT * FROM `wx_sys_config`  [ RunTime:0.0019s ]
SQL: select `cachekey` from `think_cache` where `cachekey`='sysconfig' limit 0,1 [ RunTime:0.0019s ]
SQL: UPDATE think_cache SET data='a:25:{s:9:"site_name";s:16:"乐V微信管理";s:11:"site_domain";s:11:"c-r-bin.top";s:13:"site_keywords";s:0:"";s:9:"site_desc";s:0:"";s:12:"site_contact";s:0:"";s:9:"site_mail";s:0:"";s:7:"site_qq";s:0:"";s:12:"site_company";s:22:"广州乐V有限公司";s:8:"app_name";s:16:"乐V微信管理";s:11:"app_version";s:8:"1.0 beta";s:8:"app_logo";s:25:"glyphicon glyphicon-apple";s:12:"qiniu_bucket";s:6:"weixin";s:15:"qiniu_accesskey";s:40:"WjyRG6dWapiMbnUxkzw0zFpD3yWdpYss0QOD0pX0";s:15:"qiniu_secretkey";s:40:"D0bGgDeJC0O7y4LvLf6mCQwEn5C_dV0OlPNMTjAf";s:12:"qiniu_domain";s:11:"c-r-bon.top";s:9:"mail_smtp";s:11:"smtp.qq.com";s:13:"mail_username";s:10:"pm@cuci.cc";s:9:"mail_port";s:3:"465";s:13:"mail_password";s:9:"Test12345";s:14:"mail_smtp_auth";s:1:"1";s:9:"mail_from";s:10:"pm@cuci.cc";s:14:"mail_from_name";s:21:"楚才API管理中心";s:11:"mail_secure";s:3:"ssl";s:10:"mail_reply";s:16:"zoujingli@qq.com";s:20:"app_baidu_tongji_key";s:10:"7b6503de0e";}' ,datacrc='',expire=0 WHERE `cachekey`='sysconfig' [ RunTime:0.0039s ]
SQL: SELECT `data`,`datacrc` FROM `think_cache` WHERE `cachekey`='sysconfig' AND (`expire` =0 OR `expire`>1545731472) LIMIT 0,1 [ RunTime:0.0020s ]
SQL: SELECT * FROM `wx_sys_config`  [ RunTime:0.0019s ]
SQL: select `cachekey` from `think_cache` where `cachekey`='sysconfig' limit 0,1 [ RunTime:0.0019s ]
SQL: UPDATE think_cache SET data='a:25:{s:9:"site_name";s:16:"乐V微信管理";s:11:"site_domain";s:11:"c-r-bin.top";s:13:"site_keywords";s:0:"";s:9:"site_desc";s:0:"";s:12:"site_contact";s:0:"";s:9:"site_mail";s:0:"";s:7:"site_qq";s:0:"";s:12:"site_company";s:22:"广州乐V有限公司";s:8:"app_name";s:16:"乐V微信管理";s:11:"app_version";s:8:"1.0 beta";s:8:"app_logo";s:25:"glyphicon glyphicon-apple";s:12:"qiniu_bucket";s:6:"weixin";s:15:"qiniu_accesskey";s:40:"WjyRG6dWapiMbnUxkzw0zFpD3yWdpYss0QOD0pX0";s:15:"qiniu_secretkey";s:40:"D0bGgDeJC0O7y4LvLf6mCQwEn5C_dV0OlPNMTjAf";s:12:"qiniu_domain";s:11:"c-r-bon.top";s:9:"mail_smtp";s:11:"smtp.qq.com";s:13:"mail_username";s:10:"pm@cuci.cc";s:9:"mail_port";s:3:"465";s:13:"mail_password";s:9:"Test12345";s:14:"mail_smtp_auth";s:1:"1";s:9:"mail_from";s:10:"pm@cuci.cc";s:14:"mail_from_name";s:21:"楚才API管理中心";s:11:"mail_secure";s:3:"ssl";s:10:"mail_reply";s:16:"zoujingli@qq.com";s:20:"app_baidu_tongji_key";s:10:"7b6503de0e";}' ,datacrc='',expire=0 WHERE `cachekey`='sysconfig' [ RunTime:0.0050s ]
SQL: SELECT `data`,`datacrc` FROM `think_cache` WHERE `cachekey`='sysconfig' AND (`expire` =0 OR `expire`>1545731472) LIMIT 0,1 [ RunTime:0.0019s ]
SQL: SELECT * FROM `wx_sys_config`  [ RunTime:0.0019s ]
SQL: select `cachekey` from `think_cache` where `cachekey`='sysconfig' limit 0,1 [ RunTime:0.0019s ]
SQL: UPDATE think_cache SET data='a:25:{s:9:"site_name";s:16:"乐V微信管理";s:11:"site_domain";s:11:"c-r-bin.top";s:13:"site_keywords";s:0:"";s:9:"site_desc";s:0:"";s:12:"site_contact";s:0:"";s:9:"site_mail";s:0:"";s:7:"site_qq";s:0:"";s:12:"site_company";s:22:"广州乐V有限公司";s:8:"app_name";s:16:"乐V微信管理";s:11:"app_version";s:8:"1.0 beta";s:8:"app_logo";s:25:"glyphicon glyphicon-apple";s:12:"qiniu_bucket";s:6:"weixin";s:15:"qiniu_accesskey";s:40:"WjyRG6dWapiMbnUxkzw0zFpD3yWdpYss0QOD0pX0";s:15:"qiniu_secretkey";s:40:"D0bGgDeJC0O7y4LvLf6mCQwEn5C_dV0OlPNMTjAf";s:12:"qiniu_domain";s:11:"c-r-bon.top";s:9:"mail_smtp";s:11:"smtp.qq.com";s:13:"mail_username";s:10:"pm@cuci.cc";s:9:"mail_port";s:3:"465";s:13:"mail_password";s:9:"Test12345";s:14:"mail_smtp_auth";s:1:"1";s:9:"mail_from";s:10:"pm@cuci.cc";s:14:"mail_from_name";s:21:"楚才API管理中心";s:11:"mail_secure";s:3:"ssl";s:10:"mail_reply";s:16:"zoujingli@qq.com";s:20:"app_baidu_tongji_key";s:10:"7b6503de0e";}' ,datacrc='',expire=0 WHERE `cachekey`='sysconfig' [ RunTime:0.0047s ]
INFO: [ view_parse ] --START--
INFO: [ template_filter ] --START--
INFO: Run Behavior\ContentReplaceBehavior [ RunTime:0.000063s ]
INFO: [ template_filter ] --END-- [ RunTime:0.000102s ]
INFO: Run Behavior\ParseTemplateBehavior [ RunTime:0.002013s ]
INFO: [ view_parse ] --END-- [ RunTime:0.002047s ]
INFO: [ view_filter ] --START--
INFO: Run Behavior\WriteHtmlCacheBehavior [ RunTime:0.000086s ]
INFO: Run Library\Behavior\EmptyImageBehavior [ RunTime:0.000224s ]
INFO: [ view_filter ] --END-- [ RunTime:0.000347s ]
INFO: [ app_end ] --START--
INFO: Run Behavior\ShowPageTraceBehavior [ RunTime:0.000103s ]
INFO: [ app_end ] --END-- [ RunTime:0.000133s ]

