[ 2019-01-10T09:44:34+08:00 ] 116.21.15.201 /jonza/index.php/plugin/ueditor.js
SQL: SHOW COLUMNS FROM `wx_app` [ RunTime:0.0026s ]
SQL: SELECT * FROM `wx_app` WHERE `status` = 2 AND ( `id` = null OR `host` = '112.74.177.108' ) LIMIT 1   [ RunTime:0.0023s ]
SQL: SELECT `data`,`datacrc` FROM `think_cache` WHERE `cachekey`='sysconfig' AND (`expire` =0 OR `expire`>1547084674) LIMIT 0,1 [ RunTime:0.0023s ]
SQL: SHOW COLUMNS FROM `wx_sys_config` [ RunTime:0.0025s ]
SQL: SELECT * FROM `wx_sys_config`  [ RunTime:0.0023s ]
SQL: select `cachekey` from `think_cache` where `cachekey`='sysconfig' limit 0,1 [ RunTime:0.0021s ]
SQL: UPDATE think_cache SET data='a:25:{s:9:"site_name";s:16:"乐V微信管理";s:11:"site_domain";s:11:"c-r-bin.top";s:13:"site_keywords";s:0:"";s:9:"site_desc";s:0:"";s:12:"site_contact";s:0:"";s:9:"site_mail";s:0:"";s:7:"site_qq";s:0:"";s:12:"site_company";s:22:"广州乐V有限公司";s:8:"app_name";s:16:"乐V微信管理";s:11:"app_version";s:8:"1.0 beta";s:8:"app_logo";s:25:"glyphicon glyphicon-apple";s:12:"qiniu_bucket";s:6:"weixin";s:15:"qiniu_accesskey";s:40:"WjyRG6dWapiMbnUxkzw0zFpD3yWdpYss0QOD0pX0";s:15:"qiniu_secretkey";s:40:"D0bGgDeJC0O7y4LvLf6mCQwEn5C_dV0OlPNMTjAf";s:12:"qiniu_domain";s:11:"c-r-bon.top";s:9:"mail_smtp";s:11:"smtp.qq.com";s:13:"mail_username";s:10:"pm@cuci.cc";s:9:"mail_port";s:3:"465";s:13:"mail_password";s:9:"Test12345";s:14:"mail_smtp_auth";s:1:"1";s:9:"mail_from";s:10:"pm@cuci.cc";s:14:"mail_from_name";s:21:"楚才API管理中心";s:11:"mail_secure";s:3:"ssl";s:10:"mail_reply";s:16:"zoujingli@qq.com";s:20:"app_baidu_tongji_key";s:10:"7b6503de0e";}' ,datacrc='',expire=0 WHERE `cachekey`='sysconfig' [ RunTime:0.0044s ]
SQL: SELECT `data`,`datacrc` FROM `think_cache` WHERE `cachekey`='sysconfig' AND (`expire` =0 OR `expire`>1547084674) LIMIT 0,1 [ RunTime:0.0022s ]
SQL: SELECT * FROM `wx_sys_config`  [ RunTime:0.0023s ]
SQL: select `cachekey` from `think_cache` where `cachekey`='sysconfig' limit 0,1 [ RunTime:0.0021s ]
SQL: UPDATE think_cache SET data='a:25:{s:9:"site_name";s:16:"乐V微信管理";s:11:"site_domain";s:11:"c-r-bin.top";s:13:"site_keywords";s:0:"";s:9:"site_desc";s:0:"";s:12:"site_contact";s:0:"";s:9:"site_mail";s:0:"";s:7:"site_qq";s:0:"";s:12:"site_company";s:22:"广州乐V有限公司";s:8:"app_name";s:16:"乐V微信管理";s:11:"app_version";s:8:"1.0 beta";s:8:"app_logo";s:25:"glyphicon glyphicon-apple";s:12:"qiniu_bucket";s:6:"weixin";s:15:"qiniu_accesskey";s:40:"WjyRG6dWapiMbnUxkzw0zFpD3yWdpYss0QOD0pX0";s:15:"qiniu_secretkey";s:40:"D0bGgDeJC0O7y4LvLf6mCQwEn5C_dV0OlPNMTjAf";s:12:"qiniu_domain";s:11:"c-r-bon.top";s:9:"mail_smtp";s:11:"smtp.qq.com";s:13:"mail_username";s:10:"pm@cuci.cc";s:9:"mail_port";s:3:"465";s:13:"mail_password";s:9:"Test12345";s:14:"mail_smtp_auth";s:1:"1";s:9:"mail_from";s:10:"pm@cuci.cc";s:14:"mail_from_name";s:21:"楚才API管理中心";s:11:"mail_secure";s:3:"ssl";s:10:"mail_reply";s:16:"zoujingli@qq.com";s:20:"app_baidu_tongji_key";s:10:"7b6503de0e";}' ,datacrc='',expire=0 WHERE `cachekey`='sysconfig' [ RunTime:0.0042s ]
SQL: SELECT `data`,`datacrc` FROM `think_cache` WHERE `cachekey`='sysconfig' AND (`expire` =0 OR `expire`>1547084674) LIMIT 0,1 [ RunTime:0.0021s ]
SQL: SELECT * FROM `wx_sys_config`  [ RunTime:0.0023s ]
SQL: select `cachekey` from `think_cache` where `cachekey`='sysconfig' limit 0,1 [ RunTime:0.0021s ]
SQL: UPDATE think_cache SET data='a:25:{s:9:"site_name";s:16:"乐V微信管理";s:11:"site_domain";s:11:"c-r-bin.top";s:13:"site_keywords";s:0:"";s:9:"site_desc";s:0:"";s:12:"site_contact";s:0:"";s:9:"site_mail";s:0:"";s:7:"site_qq";s:0:"";s:12:"site_company";s:22:"广州乐V有限公司";s:8:"app_name";s:16:"乐V微信管理";s:11:"app_version";s:8:"1.0 beta";s:8:"app_logo";s:25:"glyphicon glyphicon-apple";s:12:"qiniu_bucket";s:6:"weixin";s:15:"qiniu_accesskey";s:40:"WjyRG6dWapiMbnUxkzw0zFpD3yWdpYss0QOD0pX0";s:15:"qiniu_secretkey";s:40:"D0bGgDeJC0O7y4LvLf6mCQwEn5C_dV0OlPNMTjAf";s:12:"qiniu_domain";s:11:"c-r-bon.top";s:9:"mail_smtp";s:11:"smtp.qq.com";s:13:"mail_username";s:10:"pm@cuci.cc";s:9:"mail_port";s:3:"465";s:13:"mail_password";s:9:"Test12345";s:14:"mail_smtp_auth";s:1:"1";s:9:"mail_from";s:10:"pm@cuci.cc";s:14:"mail_from_name";s:21:"楚才API管理中心";s:11:"mail_secure";s:3:"ssl";s:10:"mail_reply";s:16:"zoujingli@qq.com";s:20:"app_baidu_tongji_key";s:10:"7b6503de0e";}' ,datacrc='',expire=0 WHERE `cachekey`='sysconfig' [ RunTime:0.0040s ]
SQL: SELECT `data`,`datacrc` FROM `think_cache` WHERE `cachekey`='sysconfig' AND (`expire` =0 OR `expire`>1547084674) LIMIT 0,1 [ RunTime:0.0021s ]
SQL: SELECT * FROM `wx_sys_config`  [ RunTime:0.0023s ]
SQL: select `cachekey` from `think_cache` where `cachekey`='sysconfig' limit 0,1 [ RunTime:0.0021s ]
SQL: UPDATE think_cache SET data='a:25:{s:9:"site_name";s:16:"乐V微信管理";s:11:"site_domain";s:11:"c-r-bin.top";s:13:"site_keywords";s:0:"";s:9:"site_desc";s:0:"";s:12:"site_contact";s:0:"";s:9:"site_mail";s:0:"";s:7:"site_qq";s:0:"";s:12:"site_company";s:22:"广州乐V有限公司";s:8:"app_name";s:16:"乐V微信管理";s:11:"app_version";s:8:"1.0 beta";s:8:"app_logo";s:25:"glyphicon glyphicon-apple";s:12:"qiniu_bucket";s:6:"weixin";s:15:"qiniu_accesskey";s:40:"WjyRG6dWapiMbnUxkzw0zFpD3yWdpYss0QOD0pX0";s:15:"qiniu_secretkey";s:40:"D0bGgDeJC0O7y4LvLf6mCQwEn5C_dV0OlPNMTjAf";s:12:"qiniu_domain";s:11:"c-r-bon.top";s:9:"mail_smtp";s:11:"smtp.qq.com";s:13:"mail_username";s:10:"pm@cuci.cc";s:9:"mail_port";s:3:"465";s:13:"mail_password";s:9:"Test12345";s:14:"mail_smtp_auth";s:1:"1";s:9:"mail_from";s:10:"pm@cuci.cc";s:14:"mail_from_name";s:21:"楚才API管理中心";s:11:"mail_secure";s:3:"ssl";s:10:"mail_reply";s:16:"zoujingli@qq.com";s:20:"app_baidu_tongji_key";s:10:"7b6503de0e";}' ,datacrc='',expire=0 WHERE `cachekey`='sysconfig' [ RunTime:0.0219s ]
INFO: [ view_parse ] --START--
INFO: [ template_filter ] --START--
INFO: Run Behavior\ContentReplaceBehavior [ RunTime:0.000065s ]
INFO: [ template_filter ] --END-- [ RunTime:0.000097s ]
INFO: Run Behavior\ParseTemplateBehavior [ RunTime:0.001917s ]
INFO: [ view_parse ] --END-- [ RunTime:0.001952s ]
INFO: [ view_filter ] --START--
INFO: Run Behavior\WriteHtmlCacheBehavior [ RunTime:0.000075s ]
INFO: Run Library\Behavior\EmptyImageBehavior [ RunTime:0.000180s ]
INFO: [ view_filter ] --END-- [ RunTime:0.000292s ]
INFO: [ app_end ] --START--
INFO: Run Behavior\ShowPageTraceBehavior [ RunTime:0.000073s ]
INFO: [ app_end ] --END-- [ RunTime:0.000097s ]

[ 2019-01-10T09:45:41+08:00 ] 101.91.60.109 /jonza/index.php/plugin/ueditor.js
SQL: SHOW COLUMNS FROM `wx_app` [ RunTime:0.0031s ]
SQL: SELECT * FROM `wx_app` WHERE `status` = 2 AND ( `id` = null OR `host` = '112.74.177.108' ) LIMIT 1   [ RunTime:0.0026s ]
SQL: SELECT `data`,`datacrc` FROM `think_cache` WHERE `cachekey`='sysconfig' AND (`expire` =0 OR `expire`>1547084741) LIMIT 0,1 [ RunTime:0.0022s ]
SQL: SHOW COLUMNS FROM `wx_sys_config` [ RunTime:0.0029s ]
SQL: SELECT * FROM `wx_sys_config`  [ RunTime:0.0027s ]
SQL: select `cachekey` from `think_cache` where `cachekey`='sysconfig' limit 0,1 [ RunTime:0.0021s ]
SQL: UPDATE think_cache SET data='a:25:{s:9:"site_name";s:16:"乐V微信管理";s:11:"site_domain";s:11:"c-r-bin.top";s:13:"site_keywords";s:0:"";s:9:"site_desc";s:0:"";s:12:"site_contact";s:0:"";s:9:"site_mail";s:0:"";s:7:"site_qq";s:0:"";s:12:"site_company";s:22:"广州乐V有限公司";s:8:"app_name";s:16:"乐V微信管理";s:11:"app_version";s:8:"1.0 beta";s:8:"app_logo";s:25:"glyphicon glyphicon-apple";s:12:"qiniu_bucket";s:6:"weixin";s:15:"qiniu_accesskey";s:40:"WjyRG6dWapiMbnUxkzw0zFpD3yWdpYss0QOD0pX0";s:15:"qiniu_secretkey";s:40:"D0bGgDeJC0O7y4LvLf6mCQwEn5C_dV0OlPNMTjAf";s:12:"qiniu_domain";s:11:"c-r-bon.top";s:9:"mail_smtp";s:11:"smtp.qq.com";s:13:"mail_username";s:10:"pm@cuci.cc";s:9:"mail_port";s:3:"465";s:13:"mail_password";s:9:"Test12345";s:14:"mail_smtp_auth";s:1:"1";s:9:"mail_from";s:10:"pm@cuci.cc";s:14:"mail_from_name";s:21:"楚才API管理中心";s:11:"mail_secure";s:3:"ssl";s:10:"mail_reply";s:16:"zoujingli@qq.com";s:20:"app_baidu_tongji_key";s:10:"7b6503de0e";}' ,datacrc='',expire=0 WHERE `cachekey`='sysconfig' [ RunTime:0.0048s ]
SQL: SELECT `data`,`datacrc` FROM `think_cache` WHERE `cachekey`='sysconfig' AND (`expire` =0 OR `expire`>1547084741) LIMIT 0,1 [ RunTime:0.0020s ]
SQL: SELECT * FROM `wx_sys_config`  [ RunTime:0.0034s ]
SQL: select `cachekey` from `think_cache` where `cachekey`='sysconfig' limit 0,1 [ RunTime:0.0020s ]
SQL: UPDATE think_cache SET data='a:25:{s:9:"site_name";s:16:"乐V微信管理";s:11:"site_domain";s:11:"c-r-bin.top";s:13:"site_keywords";s:0:"";s:9:"site_desc";s:0:"";s:12:"site_contact";s:0:"";s:9:"site_mail";s:0:"";s:7:"site_qq";s:0:"";s:12:"site_company";s:22:"广州乐V有限公司";s:8:"app_name";s:16:"乐V微信管理";s:11:"app_version";s:8:"1.0 beta";s:8:"app_logo";s:25:"glyphicon glyphicon-apple";s:12:"qiniu_bucket";s:6:"weixin";s:15:"qiniu_accesskey";s:40:"WjyRG6dWapiMbnUxkzw0zFpD3yWdpYss0QOD0pX0";s:15:"qiniu_secretkey";s:40:"D0bGgDeJC0O7y4LvLf6mCQwEn5C_dV0OlPNMTjAf";s:12:"qiniu_domain";s:11:"c-r-bon.top";s:9:"mail_smtp";s:11:"smtp.qq.com";s:13:"mail_username";s:10:"pm@cuci.cc";s:9:"mail_port";s:3:"465";s:13:"mail_password";s:9:"Test12345";s:14:"mail_smtp_auth";s:1:"1";s:9:"mail_from";s:10:"pm@cuci.cc";s:14:"mail_from_name";s:21:"楚才API管理中心";s:11:"mail_secure";s:3:"ssl";s:10:"mail_reply";s:16:"zoujingli@qq.com";s:20:"app_baidu_tongji_key";s:10:"7b6503de0e";}' ,datacrc='',expire=0 WHERE `cachekey`='sysconfig' [ RunTime:0.0041s ]
SQL: SELECT `data`,`datacrc` FROM `think_cache` WHERE `cachekey`='sysconfig' AND (`expire` =0 OR `expire`>1547084741) LIMIT 0,1 [ RunTime:0.0021s ]
SQL: SELECT * FROM `wx_sys_config`  [ RunTime:0.0026s ]
SQL: select `cachekey` from `think_cache` where `cachekey`='sysconfig' limit 0,1 [ RunTime:0.0020s ]
SQL: UPDATE think_cache SET data='a:25:{s:9:"site_name";s:16:"乐V微信管理";s:11:"site_domain";s:11:"c-r-bin.top";s:13:"site_keywords";s:0:"";s:9:"site_desc";s:0:"";s:12:"site_contact";s:0:"";s:9:"site_mail";s:0:"";s:7:"site_qq";s:0:"";s:12:"site_company";s:22:"广州乐V有限公司";s:8:"app_name";s:16:"乐V微信管理";s:11:"app_version";s:8:"1.0 beta";s:8:"app_logo";s:25:"glyphicon glyphicon-apple";s:12:"qiniu_bucket";s:6:"weixin";s:15:"qiniu_accesskey";s:40:"WjyRG6dWapiMbnUxkzw0zFpD3yWdpYss0QOD0pX0";s:15:"qiniu_secretkey";s:40:"D0bGgDeJC0O7y4LvLf6mCQwEn5C_dV0OlPNMTjAf";s:12:"qiniu_domain";s:11:"c-r-bon.top";s:9:"mail_smtp";s:11:"smtp.qq.com";s:13:"mail_username";s:10:"pm@cuci.cc";s:9:"mail_port";s:3:"465";s:13:"mail_password";s:9:"Test12345";s:14:"mail_smtp_auth";s:1:"1";s:9:"mail_from";s:10:"pm@cuci.cc";s:14:"mail_from_name";s:21:"楚才API管理中心";s:11:"mail_secure";s:3:"ssl";s:10:"mail_reply";s:16:"zoujingli@qq.com";s:20:"app_baidu_tongji_key";s:10:"7b6503de0e";}' ,datacrc='',expire=0 WHERE `cachekey`='sysconfig' [ RunTime:0.0040s ]
SQL: SELECT `data`,`datacrc` FROM `think_cache` WHERE `cachekey`='sysconfig' AND (`expire` =0 OR `expire`>1547084741) LIMIT 0,1 [ RunTime:0.0021s ]
SQL: SELECT * FROM `wx_sys_config`  [ RunTime:0.0027s ]
SQL: select `cachekey` from `think_cache` where `cachekey`='sysconfig' limit 0,1 [ RunTime:0.0021s ]
SQL: UPDATE think_cache SET data='a:25:{s:9:"site_name";s:16:"乐V微信管理";s:11:"site_domain";s:11:"c-r-bin.top";s:13:"site_keywords";s:0:"";s:9:"site_desc";s:0:"";s:12:"site_contact";s:0:"";s:9:"site_mail";s:0:"";s:7:"site_qq";s:0:"";s:12:"site_company";s:22:"广州乐V有限公司";s:8:"app_name";s:16:"乐V微信管理";s:11:"app_version";s:8:"1.0 beta";s:8:"app_logo";s:25:"glyphicon glyphicon-apple";s:12:"qiniu_bucket";s:6:"weixin";s:15:"qiniu_accesskey";s:40:"WjyRG6dWapiMbnUxkzw0zFpD3yWdpYss0QOD0pX0";s:15:"qiniu_secretkey";s:40:"D0bGgDeJC0O7y4LvLf6mCQwEn5C_dV0OlPNMTjAf";s:12:"qiniu_domain";s:11:"c-r-bon.top";s:9:"mail_smtp";s:11:"smtp.qq.com";s:13:"mail_username";s:10:"pm@cuci.cc";s:9:"mail_port";s:3:"465";s:13:"mail_password";s:9:"Test12345";s:14:"mail_smtp_auth";s:1:"1";s:9:"mail_from";s:10:"pm@cuci.cc";s:14:"mail_from_name";s:21:"楚才API管理中心";s:11:"mail_secure";s:3:"ssl";s:10:"mail_reply";s:16:"zoujingli@qq.com";s:20:"app_baidu_tongji_key";s:10:"7b6503de0e";}' ,datacrc='',expire=0 WHERE `cachekey`='sysconfig' [ RunTime:0.0040s ]
INFO: [ view_parse ] --START--
INFO: [ template_filter ] --START--
INFO: Run Behavior\ContentReplaceBehavior [ RunTime:0.000054s ]
INFO: [ template_filter ] --END-- [ RunTime:0.000084s ]
INFO: Run Behavior\ParseTemplateBehavior [ RunTime:0.001935s ]
INFO: [ view_parse ] --END-- [ RunTime:0.001968s ]
INFO: [ view_filter ] --START--
INFO: Run Behavior\WriteHtmlCacheBehavior [ RunTime:0.000082s ]
INFO: Run Library\Behavior\EmptyImageBehavior [ RunTime:0.000192s ]
INFO: [ view_filter ] --END-- [ RunTime:0.000309s ]
INFO: [ app_end ] --START--
INFO: Run Behavior\ShowPageTraceBehavior [ RunTime:0.000089s ]
INFO: [ app_end ] --END-- [ RunTime:0.000128s ]

[ 2019-01-10T09:45:46+08:00 ] 42.236.10.114 http://112.74.177.108/jonza/index.php/plugin/ueditor.js
SQL: SHOW COLUMNS FROM `wx_app` [ RunTime:0.0031s ]
SQL: SELECT * FROM `wx_app` WHERE `status` = 2 AND ( `id` = null OR `host` = '112.74.177.108' ) LIMIT 1   [ RunTime:0.0027s ]
SQL: SELECT `data`,`datacrc` FROM `think_cache` WHERE `cachekey`='sysconfig' AND (`expire` =0 OR `expire`>1547084746) LIMIT 0,1 [ RunTime:0.0018s ]
SQL: SHOW COLUMNS FROM `wx_sys_config` [ RunTime:0.0029s ]
SQL: SELECT * FROM `wx_sys_config`  [ RunTime:0.0027s ]
SQL: select `cachekey` from `think_cache` where `cachekey`='sysconfig' limit 0,1 [ RunTime:0.0016s ]
SQL: UPDATE think_cache SET data='a:25:{s:9:"site_name";s:16:"乐V微信管理";s:11:"site_domain";s:11:"c-r-bin.top";s:13:"site_keywords";s:0:"";s:9:"site_desc";s:0:"";s:12:"site_contact";s:0:"";s:9:"site_mail";s:0:"";s:7:"site_qq";s:0:"";s:12:"site_company";s:22:"广州乐V有限公司";s:8:"app_name";s:16:"乐V微信管理";s:11:"app_version";s:8:"1.0 beta";s:8:"app_logo";s:25:"glyphicon glyphicon-apple";s:12:"qiniu_bucket";s:6:"weixin";s:15:"qiniu_accesskey";s:40:"WjyRG6dWapiMbnUxkzw0zFpD3yWdpYss0QOD0pX0";s:15:"qiniu_secretkey";s:40:"D0bGgDeJC0O7y4LvLf6mCQwEn5C_dV0OlPNMTjAf";s:12:"qiniu_domain";s:11:"c-r-bon.top";s:9:"mail_smtp";s:11:"smtp.qq.com";s:13:"mail_username";s:10:"pm@cuci.cc";s:9:"mail_port";s:3:"465";s:13:"mail_password";s:9:"Test12345";s:14:"mail_smtp_auth";s:1:"1";s:9:"mail_from";s:10:"pm@cuci.cc";s:14:"mail_from_name";s:21:"楚才API管理中心";s:11:"mail_secure";s:3:"ssl";s:10:"mail_reply";s:16:"zoujingli@qq.com";s:20:"app_baidu_tongji_key";s:10:"7b6503de0e";}' ,datacrc='',expire=0 WHERE `cachekey`='sysconfig' [ RunTime:0.0037s ]
SQL: SELECT `data`,`datacrc` FROM `think_cache` WHERE `cachekey`='sysconfig' AND (`expire` =0 OR `expire`>1547084746) LIMIT 0,1 [ RunTime:0.0017s ]
SQL: SELECT * FROM `wx_sys_config`  [ RunTime:0.0027s ]
SQL: select `cachekey` from `think_cache` where `cachekey`='sysconfig' limit 0,1 [ RunTime:0.0016s ]
SQL: UPDATE think_cache SET data='a:25:{s:9:"site_name";s:16:"乐V微信管理";s:11:"site_domain";s:11:"c-r-bin.top";s:13:"site_keywords";s:0:"";s:9:"site_desc";s:0:"";s:12:"site_contact";s:0:"";s:9:"site_mail";s:0:"";s:7:"site_qq";s:0:"";s:12:"site_company";s:22:"广州乐V有限公司";s:8:"app_name";s:16:"乐V微信管理";s:11:"app_version";s:8:"1.0 beta";s:8:"app_logo";s:25:"glyphicon glyphicon-apple";s:12:"qiniu_bucket";s:6:"weixin";s:15:"qiniu_accesskey";s:40:"WjyRG6dWapiMbnUxkzw0zFpD3yWdpYss0QOD0pX0";s:15:"qiniu_secretkey";s:40:"D0bGgDeJC0O7y4LvLf6mCQwEn5C_dV0OlPNMTjAf";s:12:"qiniu_domain";s:11:"c-r-bon.top";s:9:"mail_smtp";s:11:"smtp.qq.com";s:13:"mail_username";s:10:"pm@cuci.cc";s:9:"mail_port";s:3:"465";s:13:"mail_password";s:9:"Test12345";s:14:"mail_smtp_auth";s:1:"1";s:9:"mail_from";s:10:"pm@cuci.cc";s:14:"mail_from_name";s:21:"楚才API管理中心";s:11:"mail_secure";s:3:"ssl";s:10:"mail_reply";s:16:"zoujingli@qq.com";s:20:"app_baidu_tongji_key";s:10:"7b6503de0e";}' ,datacrc='',expire=0 WHERE `cachekey`='sysconfig' [ RunTime:0.0038s ]
SQL: SELECT `data`,`datacrc` FROM `think_cache` WHERE `cachekey`='sysconfig' AND (`expire` =0 OR `expire`>1547084746) LIMIT 0,1 [ RunTime:0.0017s ]
SQL: SELECT * FROM `wx_sys_config`  [ RunTime:0.0026s ]
SQL: select `cachekey` from `think_cache` where `cachekey`='sysconfig' limit 0,1 [ RunTime:0.0015s ]
SQL: UPDATE think_cache SET data='a:25:{s:9:"site_name";s:16:"乐V微信管理";s:11:"site_domain";s:11:"c-r-bin.top";s:13:"site_keywords";s:0:"";s:9:"site_desc";s:0:"";s:12:"site_contact";s:0:"";s:9:"site_mail";s:0:"";s:7:"site_qq";s:0:"";s:12:"site_company";s:22:"广州乐V有限公司";s:8:"app_name";s:16:"乐V微信管理";s:11:"app_version";s:8:"1.0 beta";s:8:"app_logo";s:25:"glyphicon glyphicon-apple";s:12:"qiniu_bucket";s:6:"weixin";s:15:"qiniu_accesskey";s:40:"WjyRG6dWapiMbnUxkzw0zFpD3yWdpYss0QOD0pX0";s:15:"qiniu_secretkey";s:40:"D0bGgDeJC0O7y4LvLf6mCQwEn5C_dV0OlPNMTjAf";s:12:"qiniu_domain";s:11:"c-r-bon.top";s:9:"mail_smtp";s:11:"smtp.qq.com";s:13:"mail_username";s:10:"pm@cuci.cc";s:9:"mail_port";s:3:"465";s:13:"mail_password";s:9:"Test12345";s:14:"mail_smtp_auth";s:1:"1";s:9:"mail_from";s:10:"pm@cuci.cc";s:14:"mail_from_name";s:21:"楚才API管理中心";s:11:"mail_secure";s:3:"ssl";s:10:"mail_reply";s:16:"zoujingli@qq.com";s:20:"app_baidu_tongji_key";s:10:"7b6503de0e";}' ,datacrc='',expire=0 WHERE `cachekey`='sysconfig' [ RunTime:0.0036s ]
SQL: SELECT `data`,`datacrc` FROM `think_cache` WHERE `cachekey`='sysconfig' AND (`expire` =0 OR `expire`>1547084746) LIMIT 0,1 [ RunTime:0.0016s ]
SQL: SELECT * FROM `wx_sys_config`  [ RunTime:0.0027s ]
SQL: select `cachekey` from `think_cache` where `cachekey`='sysconfig' limit 0,1 [ RunTime:0.0016s ]
SQL: UPDATE think_cache SET data='a:25:{s:9:"site_name";s:16:"乐V微信管理";s:11:"site_domain";s:11:"c-r-bin.top";s:13:"site_keywords";s:0:"";s:9:"site_desc";s:0:"";s:12:"site_contact";s:0:"";s:9:"site_mail";s:0:"";s:7:"site_qq";s:0:"";s:12:"site_company";s:22:"广州乐V有限公司";s:8:"app_name";s:16:"乐V微信管理";s:11:"app_version";s:8:"1.0 beta";s:8:"app_logo";s:25:"glyphicon glyphicon-apple";s:12:"qiniu_bucket";s:6:"weixin";s:15:"qiniu_accesskey";s:40:"WjyRG6dWapiMbnUxkzw0zFpD3yWdpYss0QOD0pX0";s:15:"qiniu_secretkey";s:40:"D0bGgDeJC0O7y4LvLf6mCQwEn5C_dV0OlPNMTjAf";s:12:"qiniu_domain";s:11:"c-r-bon.top";s:9:"mail_smtp";s:11:"smtp.qq.com";s:13:"mail_username";s:10:"pm@cuci.cc";s:9:"mail_port";s:3:"465";s:13:"mail_password";s:9:"Test12345";s:14:"mail_smtp_auth";s:1:"1";s:9:"mail_from";s:10:"pm@cuci.cc";s:14:"mail_from_name";s:21:"楚才API管理中心";s:11:"mail_secure";s:3:"ssl";s:10:"mail_reply";s:16:"zoujingli@qq.com";s:20:"app_baidu_tongji_key";s:10:"7b6503de0e";}' ,datacrc='',expire=0 WHERE `cachekey`='sysconfig' [ RunTime:0.0036s ]
INFO: [ view_parse ] --START--
INFO: [ template_filter ] --START--
INFO: Run Behavior\ContentReplaceBehavior [ RunTime:0.000053s ]
INFO: [ template_filter ] --END-- [ RunTime:0.000082s ]
INFO: Run Behavior\ParseTemplateBehavior [ RunTime:0.001861s ]
INFO: [ view_parse ] --END-- [ RunTime:0.001894s ]
INFO: [ view_filter ] --START--
INFO: Run Behavior\WriteHtmlCacheBehavior [ RunTime:0.000073s ]
INFO: Run Library\Behavior\EmptyImageBehavior [ RunTime:0.000177s ]
INFO: [ view_filter ] --END-- [ RunTime:0.000285s ]
INFO: [ app_end ] --START--
INFO: Run Behavior\ShowPageTraceBehavior [ RunTime:0.000071s ]
INFO: [ app_end ] --END-- [ RunTime:0.000093s ]

