[ 2015-05-20T14:54:57+08:00 ] 127.0.0.1 /jonza/index.php/Site/Page/add.shtml
INFO: [ app_begin ] --START--
INFO: Run Behavior\ReadHtmlCacheBehavior [ RunTime:0.001000s ]
INFO: [ app_begin ] --END-- [ RunTime:0.002000s ]
NOTIC: [8192] mysql_connect(): The mysql extension is deprecated and will be removed in the future: use mysqli or PDO instead E:\cucisvn\01-code\jonza\Library\Think\Library\Think\Session\Driver\Db.class.php 第 95 行.
SQL: SHOW COLUMNS FROM `wx_site_config` [ RunTime:0.0190s ]
SQL: SELECT * FROM `wx_site_config` LIMIT 1   [ RunTime:0.0010s ]
SQL: SHOW COLUMNS FROM `wx_site_page` [ RunTime:0.0110s ]
SQL: SHOW COLUMNS FROM `wx_site_page_module` [ RunTime:0.1350s ]
SQL: SELECT * FROM `wx_site_page_module` ORDER BY sort asc,id desc  [ RunTime:0.0030s ]
INFO: [ view_parse ] --START--
INFO: [ template_filter ] --START--
INFO: Run Behavior\ContentReplaceBehavior [ RunTime:0.001000s ]
INFO: [ template_filter ] --END-- [ RunTime:0.001000s ]
NOTIC: [8] Undefined index: code E:\cucisvn\01-code\jonza\Static\Runtime\Cache\Site\daa1d4bd7c1f6e1a1bd56191696af635.php 第 18 行.
NOTIC: [8] Undefined index: is_show_title E:\cucisvn\01-code\jonza\Static\Runtime\Cache\Site\daa1d4bd7c1f6e1a1bd56191696af635.php 第 26 行.
NOTIC: [8] Undefined index: title E:\cucisvn\01-code\jonza\Static\Runtime\Cache\Site\daa1d4bd7c1f6e1a1bd56191696af635.php 第 27 行.
NOTIC: [8] Undefined index: is_wechat_auth E:\cucisvn\01-code\jonza\Static\Runtime\Cache\Site\daa1d4bd7c1f6e1a1bd56191696af635.php 第 35 行.
NOTIC: [8] Undefined index: is_wechat_auth E:\cucisvn\01-code\jonza\Static\Runtime\Cache\Site\daa1d4bd7c1f6e1a1bd56191696af635.php 第 36 行.
NOTIC: [8] Undefined index: integral E:\cucisvn\01-code\jonza\Static\Runtime\Cache\Site\daa1d4bd7c1f6e1a1bd56191696af635.php 第 43 行.
NOTIC: [8] Undefined index: is_show_link E:\cucisvn\01-code\jonza\Static\Runtime\Cache\Site\daa1d4bd7c1f6e1a1bd56191696af635.php 第 51 行.
NOTIC: [8] Undefined index: link E:\cucisvn\01-code\jonza\Static\Runtime\Cache\Site\daa1d4bd7c1f6e1a1bd56191696af635.php 第 52 行.
NOTIC: [8] Undefined index: link E:\cucisvn\01-code\jonza\Static\Runtime\Cache\Site\daa1d4bd7c1f6e1a1bd56191696af635.php 第 53 行.
NOTIC: [8] Undefined index: keys E:\cucisvn\01-code\jonza\Static\Runtime\Cache\Site\daa1d4bd7c1f6e1a1bd56191696af635.php 第 69 行.
NOTIC: [8] Undefined index: url E:\cucisvn\01-code\jonza\Static\Runtime\Cache\Site\daa1d4bd7c1f6e1a1bd56191696af635.php 第 76 行.
NOTIC: [8] Undefined index: content E:\cucisvn\01-code\jonza\Static\Runtime\Cache\Site\daa1d4bd7c1f6e1a1bd56191696af635.php 第 83 行.
INFO: Run Behavior\ParseTemplateBehavior [ RunTime:0.083005s ]
INFO: [ view_parse ] --END-- [ RunTime:0.084005s ]
INFO: [ view_filter ] --START--
INFO: Run Behavior\WriteHtmlCacheBehavior [ RunTime:0.001000s ]
INFO: Run Library\Behavior\EmptyImageBehavior [ RunTime:0.003000s ]
INFO: [ view_filter ] --END-- [ RunTime:0.005000s ]
INFO: [ app_end ] --START--
INFO: Run Behavior\ShowPageTraceBehavior [ RunTime:0.002000s ]
INFO: [ app_end ] --END-- [ RunTime:0.002000s ]

[ 2015-05-20T14:55:05+08:00 ] 127.0.0.1 /jonza/index.php/Site/Module/add.shtml
INFO: [ app_begin ] --START--
INFO: Run Behavior\ReadHtmlCacheBehavior [ RunTime:0.001000s ]
INFO: [ app_begin ] --END-- [ RunTime:0.003001s ]
NOTIC: [8192] mysql_connect(): The mysql extension is deprecated and will be removed in the future: use mysqli or PDO instead E:\cucisvn\01-code\jonza\Library\Think\Library\Think\Session\Driver\Db.class.php 第 95 行.
SQL: SHOW COLUMNS FROM `wx_site_config` [ RunTime:0.0090s ]
SQL: SELECT * FROM `wx_site_config` LIMIT 1   [ RunTime:0.0010s ]
SQL: SHOW COLUMNS FROM `wx_site_page_module` [ RunTime:0.0080s ]
NOTIC: [8] Undefined index: type E:\cucisvn\01-code\jonza\Module\Site\Controller\ModuleController.class.php 第 92 行.
NOTIC: [8] Undefined index: type E:\cucisvn\01-code\jonza\Module\Site\Controller\ModuleController.class.php 第 98 行.
INFO: [ view_parse ] --START--
INFO: [ template_filter ] --START--
INFO: Run Behavior\ContentReplaceBehavior [ RunTime:0.001000s ]
INFO: [ template_filter ] --END-- [ RunTime:0.001000s ]
INFO: Run Behavior\ParseTemplateBehavior [ RunTime:0.029001s ]
INFO: [ view_parse ] --END-- [ RunTime:0.030001s ]
INFO: [ view_filter ] --START--
INFO: Run Behavior\WriteHtmlCacheBehavior [ RunTime:0.002001s ]
INFO: Run Library\Behavior\EmptyImageBehavior [ RunTime:0.003000s ]
INFO: [ view_filter ] --END-- [ RunTime:0.005001s ]
INFO: [ app_end ] --START--
INFO: Run Behavior\ShowPageTraceBehavior [ RunTime:0.002000s ]
INFO: [ app_end ] --END-- [ RunTime:0.002000s ]

[ 2015-05-20T14:55:27+08:00 ] 127.0.0.1 /jonza/index.php/Site/Content/add.shtml
INFO: [ app_begin ] --START--
INFO: Run Behavior\ReadHtmlCacheBehavior [ RunTime:0.001000s ]
INFO: [ app_begin ] --END-- [ RunTime:0.002000s ]
NOTIC: [8192] mysql_connect(): The mysql extension is deprecated and will be removed in the future: use mysqli or PDO instead E:\cucisvn\01-code\jonza\Library\Think\Library\Think\Session\Driver\Db.class.php 第 95 行.
SQL: SHOW COLUMNS FROM `wx_site_config` [ RunTime:0.0110s ]
SQL: SELECT * FROM `wx_site_config` LIMIT 1   [ RunTime:0.0010s ]
SQL: SHOW COLUMNS FROM `wx_site_content` [ RunTime:0.0090s ]
SQL: SHOW COLUMNS FROM `wx_site_content_cat` [ RunTime:0.0100s ]
SQL: SELECT * FROM `wx_site_content_cat` WHERE `status` = 2  [ RunTime:0.0020s ]
INFO: [ view_parse ] --START--
INFO: [ template_filter ] --START--
INFO: Run Behavior\ContentReplaceBehavior [ RunTime:0.000000s ]
INFO: [ template_filter ] --END-- [ RunTime:0.001000s ]
NOTIC: [8] Undefined index: is_show_title E:\cucisvn\01-code\jonza\Static\Runtime\Cache\Site\7971be231fb995b570464074baee1616.php 第 16 行.
NOTIC: [8] Undefined index: title E:\cucisvn\01-code\jonza\Static\Runtime\Cache\Site\7971be231fb995b570464074baee1616.php 第 17 行.
NOTIC: [8] Undefined index: is_show_link E:\cucisvn\01-code\jonza\Static\Runtime\Cache\Site\7971be231fb995b570464074baee1616.php 第 33 行.
NOTIC: [8] Undefined index: link E:\cucisvn\01-code\jonza\Static\Runtime\Cache\Site\7971be231fb995b570464074baee1616.php 第 34 行.
NOTIC: [8] Undefined index: link E:\cucisvn\01-code\jonza\Static\Runtime\Cache\Site\7971be231fb995b570464074baee1616.php 第 35 行.
NOTIC: [8] Undefined index: keys E:\cucisvn\01-code\jonza\Static\Runtime\Cache\Site\7971be231fb995b570464074baee1616.php 第 41 行.
NOTIC: [8] Undefined index: is_wechat_auth E:\cucisvn\01-code\jonza\Static\Runtime\Cache\Site\7971be231fb995b570464074baee1616.php 第 49 行.
NOTIC: [8] Undefined index: is_wechat_auth E:\cucisvn\01-code\jonza\Static\Runtime\Cache\Site\7971be231fb995b570464074baee1616.php 第 50 行.
NOTIC: [8] Undefined index: integral E:\cucisvn\01-code\jonza\Static\Runtime\Cache\Site\7971be231fb995b570464074baee1616.php 第 57 行.
NOTIC: [8] Undefined index: is_show E:\cucisvn\01-code\jonza\Static\Runtime\Cache\Site\7971be231fb995b570464074baee1616.php 第 66 行.
NOTIC: [8] Undefined index: is_show E:\cucisvn\01-code\jonza\Static\Runtime\Cache\Site\7971be231fb995b570464074baee1616.php 第 67 行.
NOTIC: [8] Undefined index: url E:\cucisvn\01-code\jonza\Static\Runtime\Cache\Site\7971be231fb995b570464074baee1616.php 第 74 行.
NOTIC: [8] Undefined index: content E:\cucisvn\01-code\jonza\Static\Runtime\Cache\Site\7971be231fb995b570464074baee1616.php 第 81 行.
INFO: Run Behavior\ParseTemplateBehavior [ RunTime:0.136008s ]
INFO: [ view_parse ] --END-- [ RunTime:0.136008s ]
INFO: [ view_filter ] --START--
INFO: Run Behavior\WriteHtmlCacheBehavior [ RunTime:0.002000s ]
INFO: Run Library\Behavior\EmptyImageBehavior [ RunTime:0.002000s ]
INFO: [ view_filter ] --END-- [ RunTime:0.005000s ]
INFO: [ app_end ] --START--
INFO: Run Behavior\ShowPageTraceBehavior [ RunTime:0.001000s ]
INFO: [ app_end ] --END-- [ RunTime:0.003000s ]

