[ 2018-11-24T14:10:25+08:00 ] ::1 /jonza/index.php/Site/Page/add.shtml
INFO: [ app_begin ] --START--
INFO: Run Behavior\ReadHtmlCacheBehavior [ RunTime:0.001103s ]
INFO: [ app_begin ] --END-- [ RunTime:0.001996s ]
NOTIC: [8192] mysql_connect(): The mysql extension is deprecated and will be removed in the future: use mysqli or PDO instead E:\kejin\jonza\Library\Think\Library\Think\Session\Driver\Db.class.php 第 95 行.
SQL: SHOW COLUMNS FROM `wx_site_config` [ RunTime:0.0074s ]
SQL: SELECT * FROM `wx_site_config` LIMIT 1   [ RunTime:0.0065s ]
SQL: SHOW COLUMNS FROM `wx_site_page` [ RunTime:0.0074s ]
SQL: SHOW COLUMNS FROM `wx_site_page_module` [ RunTime:0.0066s ]
SQL: SELECT * FROM `wx_site_page_module` ORDER BY sort asc,id desc  [ RunTime:0.0065s ]
INFO: [ view_parse ] --START--
INFO: [ template_filter ] --START--
INFO: Run Behavior\ContentReplaceBehavior [ RunTime:0.000048s ]
INFO: [ template_filter ] --END-- [ RunTime:0.000083s ]
NOTIC: [8] Undefined index: code E:\kejin\jonza\Static\Runtime\Cache\Site\bcfe57b8963ac0047728603aca5d9fca.php 第 18 行.
NOTIC: [8] Undefined index: is_show_title E:\kejin\jonza\Static\Runtime\Cache\Site\bcfe57b8963ac0047728603aca5d9fca.php 第 26 行.
NOTIC: [8] Undefined index: title E:\kejin\jonza\Static\Runtime\Cache\Site\bcfe57b8963ac0047728603aca5d9fca.php 第 27 行.
NOTIC: [8] Undefined index: is_wechat_auth E:\kejin\jonza\Static\Runtime\Cache\Site\bcfe57b8963ac0047728603aca5d9fca.php 第 35 行.
NOTIC: [8] Undefined index: is_wechat_auth E:\kejin\jonza\Static\Runtime\Cache\Site\bcfe57b8963ac0047728603aca5d9fca.php 第 36 行.
NOTIC: [8] Undefined index: is_show_link E:\kejin\jonza\Static\Runtime\Cache\Site\bcfe57b8963ac0047728603aca5d9fca.php 第 51 行.
NOTIC: [8] Undefined index: link E:\kejin\jonza\Static\Runtime\Cache\Site\bcfe57b8963ac0047728603aca5d9fca.php 第 52 行.
NOTIC: [8] Undefined index: link E:\kejin\jonza\Static\Runtime\Cache\Site\bcfe57b8963ac0047728603aca5d9fca.php 第 53 行.
NOTIC: [8] Undefined index: keys E:\kejin\jonza\Static\Runtime\Cache\Site\bcfe57b8963ac0047728603aca5d9fca.php 第 69 行.
NOTIC: [8] Undefined index: url E:\kejin\jonza\Static\Runtime\Cache\Site\bcfe57b8963ac0047728603aca5d9fca.php 第 76 行.
NOTIC: [8] Undefined index: content E:\kejin\jonza\Static\Runtime\Cache\Site\bcfe57b8963ac0047728603aca5d9fca.php 第 83 行.
INFO: Run Behavior\ParseTemplateBehavior [ RunTime:0.011100s ]
INFO: [ view_parse ] --END-- [ RunTime:0.011129s ]
INFO: [ view_filter ] --START--
INFO: Run Behavior\WriteHtmlCacheBehavior [ RunTime:0.000427s ]
INFO: Run Library\Behavior\EmptyImageBehavior [ RunTime:0.000967s ]
INFO: [ view_filter ] --END-- [ RunTime:0.001446s ]
INFO: [ app_end ] --START--
INFO: Run Behavior\ShowPageTraceBehavior [ RunTime:0.000660s ]
INFO: [ app_end ] --END-- [ RunTime:0.000693s ]

[ 2018-11-24T14:10:36+08:00 ] ::1 /jonza/index.php/Site/Content/add.shtml
INFO: [ app_begin ] --START--
INFO: Run Behavior\ReadHtmlCacheBehavior [ RunTime:0.000628s ]
INFO: [ app_begin ] --END-- [ RunTime:0.001328s ]
NOTIC: [8192] mysql_connect(): The mysql extension is deprecated and will be removed in the future: use mysqli or PDO instead E:\kejin\jonza\Library\Think\Library\Think\Session\Driver\Db.class.php 第 95 行.
SQL: SHOW COLUMNS FROM `wx_site_config` [ RunTime:0.0086s ]
SQL: SELECT * FROM `wx_site_config` LIMIT 1   [ RunTime:0.0082s ]
SQL: SHOW COLUMNS FROM `wx_site_content` [ RunTime:0.0083s ]
SQL: SHOW COLUMNS FROM `wx_site_content_cat` [ RunTime:0.0082s ]
SQL: SELECT * FROM `wx_site_content_cat` WHERE `status` = 2  [ RunTime:0.0081s ]
INFO: [ view_parse ] --START--
INFO: [ template_filter ] --START--
INFO: Run Behavior\ContentReplaceBehavior [ RunTime:0.000074s ]
INFO: [ template_filter ] --END-- [ RunTime:0.000122s ]
NOTIC: [8] Undefined index: is_show_title E:\kejin\jonza\Static\Runtime\Cache\Site\8f743199d4b9a71fb0aaf4eaa09a9cce.php 第 16 行.
NOTIC: [8] Undefined index: title E:\kejin\jonza\Static\Runtime\Cache\Site\8f743199d4b9a71fb0aaf4eaa09a9cce.php 第 17 行.
NOTIC: [8] Undefined index: is_show_link E:\kejin\jonza\Static\Runtime\Cache\Site\8f743199d4b9a71fb0aaf4eaa09a9cce.php 第 33 行.
NOTIC: [8] Undefined index: link E:\kejin\jonza\Static\Runtime\Cache\Site\8f743199d4b9a71fb0aaf4eaa09a9cce.php 第 34 行.
NOTIC: [8] Undefined index: link E:\kejin\jonza\Static\Runtime\Cache\Site\8f743199d4b9a71fb0aaf4eaa09a9cce.php 第 35 行.
NOTIC: [8] Undefined index: keys E:\kejin\jonza\Static\Runtime\Cache\Site\8f743199d4b9a71fb0aaf4eaa09a9cce.php 第 41 行.
NOTIC: [8] Undefined index: is_wechat_auth E:\kejin\jonza\Static\Runtime\Cache\Site\8f743199d4b9a71fb0aaf4eaa09a9cce.php 第 49 行.
NOTIC: [8] Undefined index: is_wechat_auth E:\kejin\jonza\Static\Runtime\Cache\Site\8f743199d4b9a71fb0aaf4eaa09a9cce.php 第 50 行.
NOTIC: [8] Undefined index: is_show E:\kejin\jonza\Static\Runtime\Cache\Site\8f743199d4b9a71fb0aaf4eaa09a9cce.php 第 66 行.
NOTIC: [8] Undefined index: is_show E:\kejin\jonza\Static\Runtime\Cache\Site\8f743199d4b9a71fb0aaf4eaa09a9cce.php 第 67 行.
NOTIC: [8] Undefined index: url E:\kejin\jonza\Static\Runtime\Cache\Site\8f743199d4b9a71fb0aaf4eaa09a9cce.php 第 74 行.
NOTIC: [8] Undefined index: content E:\kejin\jonza\Static\Runtime\Cache\Site\8f743199d4b9a71fb0aaf4eaa09a9cce.php 第 81 行.
INFO: Run Behavior\ParseTemplateBehavior [ RunTime:0.025073s ]
INFO: [ view_parse ] --END-- [ RunTime:0.025171s ]
INFO: [ view_filter ] --START--
INFO: Run Behavior\WriteHtmlCacheBehavior [ RunTime:0.000684s ]
INFO: Run Library\Behavior\EmptyImageBehavior [ RunTime:0.002231s ]
INFO: [ view_filter ] --END-- [ RunTime:0.003016s ]
INFO: [ app_end ] --START--
INFO: Run Behavior\ShowPageTraceBehavior [ RunTime:0.001426s ]
INFO: [ app_end ] --END-- [ RunTime:0.001509s ]

[ 2018-11-24T14:10:43+08:00 ] ::1 /jonza/index.php/Site/Cat/add.shtml
INFO: [ app_begin ] --START--
INFO: Run Behavior\ReadHtmlCacheBehavior [ RunTime:0.000736s ]
INFO: [ app_begin ] --END-- [ RunTime:0.001333s ]
NOTIC: [8192] mysql_connect(): The mysql extension is deprecated and will be removed in the future: use mysqli or PDO instead E:\kejin\jonza\Library\Think\Library\Think\Session\Driver\Db.class.php 第 95 行.
SQL: SHOW COLUMNS FROM `wx_site_config` [ RunTime:0.0086s ]
SQL: SELECT * FROM `wx_site_config` LIMIT 1   [ RunTime:0.0101s ]
SQL: SHOW COLUMNS FROM `wx_site_content_cat` [ RunTime:0.0092s ]
SQL: SELECT * FROM `wx_site_content_cat` WHERE `status` = 2  [ RunTime:0.0213s ]
INFO: [ view_parse ] --START--
INFO: [ template_filter ] --START--
INFO: Run Behavior\ContentReplaceBehavior [ RunTime:0.000040s ]
INFO: [ template_filter ] --END-- [ RunTime:0.000069s ]
NOTIC: [8] Undefined index: pid E:\kejin\jonza\Static\Runtime\Cache\Site\442ec36d60b86de1bb4e8f4b3134a4ed.php 第 16 行.
NOTIC: [8] Undefined index: title E:\kejin\jonza\Static\Runtime\Cache\Site\442ec36d60b86de1bb4e8f4b3134a4ed.php 第 24 行.
NOTIC: [8] Undefined index: link E:\kejin\jonza\Static\Runtime\Cache\Site\442ec36d60b86de1bb4e8f4b3134a4ed.php 第 30 行.
NOTIC: [8] Undefined index: link E:\kejin\jonza\Static\Runtime\Cache\Site\442ec36d60b86de1bb4e8f4b3134a4ed.php 第 31 行.
NOTIC: [8] Undefined index: is_show E:\kejin\jonza\Static\Runtime\Cache\Site\442ec36d60b86de1bb4e8f4b3134a4ed.php 第 39 行.
NOTIC: [8] Undefined index: is_show E:\kejin\jonza\Static\Runtime\Cache\Site\442ec36d60b86de1bb4e8f4b3134a4ed.php 第 40 行.
NOTIC: [8] Undefined index: status E:\kejin\jonza\Static\Runtime\Cache\Site\442ec36d60b86de1bb4e8f4b3134a4ed.php 第 49 行.
NOTIC: [8] Undefined index: status E:\kejin\jonza\Static\Runtime\Cache\Site\442ec36d60b86de1bb4e8f4b3134a4ed.php 第 50 行.
NOTIC: [8] Undefined index: desc E:\kejin\jonza\Static\Runtime\Cache\Site\442ec36d60b86de1bb4e8f4b3134a4ed.php 第 57 行.
INFO: Run Behavior\ParseTemplateBehavior [ RunTime:0.007793s ]
INFO: [ view_parse ] --END-- [ RunTime:0.007844s ]
INFO: [ view_filter ] --START--
INFO: Run Behavior\WriteHtmlCacheBehavior [ RunTime:0.000478s ]
INFO: Run Library\Behavior\EmptyImageBehavior [ RunTime:0.001074s ]
INFO: [ view_filter ] --END-- [ RunTime:0.001605s ]
INFO: [ app_end ] --START--
INFO: Run Behavior\ShowPageTraceBehavior [ RunTime:0.000551s ]
INFO: [ app_end ] --END-- [ RunTime:0.000576s ]

