[ 2018-11-12T14:51:31+08:00 ] ::1 /jonza/index.php/Site/Config/index.shtml
INFO: [ app_begin ] --START--
INFO: Run Behavior\ReadHtmlCacheBehavior [ RunTime:0.000543s ]
INFO: [ app_begin ] --END-- [ RunTime:0.001030s ]
NOTIC: [8192] mysql_connect(): The mysql extension is deprecated and will be removed in the future: use mysqli or PDO instead E:\kejin\jonza\Library\Think\Library\Think\Session\Driver\Db.class.php 第 95 行.
NOTIC: [2048] Declaration of Site\Controller\ConfigController::index() should be compatible with Library\Controller\Controller::index($model = NULL, $map = Array, $tpl = NULL) E:\kejin\jonza\Module\Site\Controller\ConfigController.class.php 第 5 行.
SQL: SHOW COLUMNS FROM `wx_site_config` [ RunTime:0.0094s ]
SQL: SELECT * FROM `wx_site_config` LIMIT 1   [ RunTime:0.0081s ]
SQL: SHOW COLUMNS FROM `wx_site_config` [ RunTime:0.0089s ]
SQL: SELECT COUNT(*) AS tp_count FROM `wx_site_config` WHERE `id` = 1 LIMIT 1   [ RunTime:0.0090s ]
SQL: INSERT INTO `wx_site_config` (`title`,`is_wechat_auth`,`page_share_integral`,`content_share_integral`,`baidu_tongji_key`,`is_disable`,`disabled_msg`,`id`) VALUES ('乐维','1','1','1','','2','','1') [ RunTime:0.0099s ]

[ 2018-11-12T14:54:18+08:00 ] ::1 /jonza/index.php/Site/Config/index.shtml
INFO: [ app_begin ] --START--
INFO: Run Behavior\ReadHtmlCacheBehavior [ RunTime:0.000816s ]
INFO: [ app_begin ] --END-- [ RunTime:0.001850s ]
NOTIC: [8192] mysql_connect(): The mysql extension is deprecated and will be removed in the future: use mysqli or PDO instead E:\kejin\jonza\Library\Think\Library\Think\Session\Driver\Db.class.php 第 95 行.
NOTIC: [2048] Declaration of Site\Controller\ConfigController::index() should be compatible with Library\Controller\Controller::index($model = NULL, $map = Array, $tpl = NULL) E:\kejin\jonza\Module\Site\Controller\ConfigController.class.php 第 5 行.
SQL: SHOW COLUMNS FROM `wx_site_config` [ RunTime:0.0076s ]
SQL: SELECT * FROM `wx_site_config` LIMIT 1   [ RunTime:0.0063s ]
SQL: SHOW COLUMNS FROM `wx_site_config` [ RunTime:0.0066s ]
SQL: SELECT COUNT(*) AS tp_count FROM `wx_site_config` WHERE `id` = 1 LIMIT 1   [ RunTime:0.0066s ]
SQL: UPDATE `wx_site_config` SET `title`='乐维',`link`='http://c-r-bin.top',`is_wechat_auth`='1',`page_share_integral`='1',`content_share_integral`='1',`baidu_tongji_key`='',`is_disable`='2',`disabled_msg`='',`id`='1' WHERE `id` = 1 [ RunTime:0.0067s ]

